#
# There is insufficient memory for the Java Runtime Environment to continue.
# Native memory allocation (malloc) failed to allocate 1582416 bytes. Error detail: Chunk::new
# Possible reasons:
#   The system is out of physical RAM or swap space
#   This process is running with CompressedOops enabled, and the Java Heap may be blocking the growth of the native heap
# Possible solutions:
#   Reduce memory load on the system
#   Increase physical memory or swap space
#   Check if swap backing store is full
#   Decrease Java heap size (-Xmx/-Xms)
#   Decrease number of Java threads
#   Decrease Java thread stack sizes (-Xss)
#   Set larger code cache with -XX:ReservedCodeCacheSize=
#   JVM is running with Unscaled Compressed Oops mode in which the Java heap is
#     placed in the first 4GB address space. The Java Heap base address is the
#     maximum limit for the native heap growth. Please use -XX:HeapBaseMinAddress
#     to set the Java Heap base and to place the Java Heap above 4GB virtual address.
# This output file may be truncated or incomplete.
#
#  Out of Memory Error (arena.cpp:168), pid=6376, tid=22540
#
# JRE version: OpenJDK Runtime Environment Temurin-21.0.6+7 (21.0.6+7) (build 21.0.6+7-LTS)
# Java VM: OpenJDK 64-Bit Server VM Temurin-21.0.6+7 (21.0.6+7-LTS, mixed mode, sharing, tiered, compressed oops, compressed class ptrs, parallel gc, windows-amd64)
# No core dump will be written. Minidumps are not enabled by default on client versions of Windows
#

---------------  S U M M A R Y ------------

Command Line: --add-modules=ALL-SYSTEM --add-opens=java.base/java.util=ALL-UNNAMED --add-opens=java.base/java.lang=ALL-UNNAMED --add-opens=java.base/sun.nio.fs=ALL-UNNAMED -Declipse.application=org.eclipse.jdt.ls.core.id1 -Dosgi.bundles.defaultStartLevel=4 -Declipse.product=org.eclipse.jdt.ls.core.product -Djava.import.generatesMetadataFilesAtProjectRoot=false -DDetectVMInstallationsJob.disabled=true -Dfile.encoding=utf8 -XX:+UseParallelGC -XX:GCTimeRatio=4 -XX:AdaptiveSizePolicyWeight=90 -Dsun.zip.disableMemoryMapping=true -Xmx1G -Xms100m -Xlog:disable -javaagent:c:\Users\MSI\.vscode\extensions\redhat.java-1.41.1-win32-x64\lombok\lombok-1.18.36.jar -XX:+HeapDumpOnOutOfMemoryError -XX:HeapDumpPath=c:\Users\MSI\AppData\Roaming\Code\User\workspaceStorage\3815725e1ac4c6c69b70af32f7c49045\redhat.java -Daether.dependencyCollector.impl=bf c:\Users\MSI\.vscode\extensions\redhat.java-1.41.1-win32-x64\server\plugins\org.eclipse.equinox.launcher_1.7.0.v20250331-1702.jar -configuration c:\Users\MSI\AppData\Roaming\Code\User\globalStorage\redhat.java\1.41.1\config_win -data c:\Users\MSI\AppData\Roaming\Code\User\workspaceStorage\3815725e1ac4c6c69b70af32f7c49045\redhat.java\jdt_ws --pipe=\\.\pipe\lsp-d74459de3dbaf5f293df94e5605c9f88-sock

Host: AMD Ryzen 7 5800H with Radeon Graphics         , 16 cores, 15G,  Windows 11 , 64 bit Build 26100 (10.0.26100.3775)
Time: Mon Apr 14 20:02:03 2025 SE Asia Standard Time elapsed time: 21.136364 seconds (0d 0h 0m 21s)

---------------  T H R E A D  ---------------

Current thread (0x000001d6081d9f80):  JavaThread "C2 CompilerThread1" daemon [_thread_in_native, id=22540, stack(0x000000540b900000,0x000000540ba00000) (1024K)]


Current CompileTask:
C2:21136 8712 %     4       org.eclipse.jdt.internal.core.search.indexing.BinaryIndexer::extractReferenceFromConstantPool @ 155 (358 bytes)

Stack: [0x000000540b900000,0x000000540ba00000]
Native frames: (J=compiled Java code, j=interpreted, Vv=VM code, C=native code)
V  [jvm.dll+0x6cdee9]
V  [jvm.dll+0x8a83d1]
V  [jvm.dll+0x8aa8fe]
V  [jvm.dll+0x8aafe3]
V  [jvm.dll+0x27f706]
V  [jvm.dll+0xc500d]
V  [jvm.dll+0xc5543]
V  [jvm.dll+0x3b6752]
V  [jvm.dll+0x382935]
V  [jvm.dll+0x381d9a]
V  [jvm.dll+0x2479f0]
V  [jvm.dll+0x246fcf]
V  [jvm.dll+0x1c75ee]
V  [jvm.dll+0x25685a]
V  [jvm.dll+0x254dfa]
V  [jvm.dll+0x3f0256]
V  [jvm.dll+0x851f8b]
V  [jvm.dll+0x6cc5ed]
C  [ucrtbase.dll+0x37b0]
C  [KERNEL32.DLL+0x2e8d7]
C  [ntdll.dll+0xb14fc]


---------------  P R O C E S S  ---------------

Threads class SMR info:
_java_thread_list=0x000001d609af5600, length=51, elements={
0x000001d5ab4baca0, 0x000001d5bf8a6420, 0x000001d5bf8a4830, 0x000001d60206ae30,
0x000001d5bf8a9370, 0x000001d60206c8d0, 0x000001d602098630, 0x000001d60209a180,
0x000001d60209b9e0, 0x000001d602191c30, 0x000001d602192fe0, 0x000001d6021922c0,
0x000001d6021915a0, 0x000001d602190f10, 0x000001d602192950, 0x000001d602193670,
0x000001d602193d00, 0x000001d60384ad80, 0x000001d603c61c90, 0x000001d603c60f70,
0x000001d603c62320, 0x000001d603c61600, 0x000001d603c636d0, 0x000001d603c63040,
0x000001d603c60250, 0x000001d603c63d60, 0x000001d603c608e0, 0x000001d603c643f0,
0x000001d603c67870, 0x000001d603c671e0, 0x000001d603c65110, 0x000001d603c64a80,
0x000001d603c657a0, 0x000001d603c65e30, 0x000001d603c664c0, 0x000001d603c66b50,
0x000001d60ab69ca0, 0x000001d60ab6a330, 0x000001d60ab6b050, 0x000001d60ab6b6e0,
0x000001d60ab68f80, 0x000001d60ab68260, 0x000001d60ab69610, 0x000001d60ab6a9c0,
0x000001d60ab6bd70, 0x000001d60ab688f0, 0x000001d60ab6f1f0, 0x000001d6081d9f80,
0x000001d608735810, 0x000001d609ebbb40, 0x000001d619873080
}

Java Threads: ( => current thread )
  0x000001d5ab4baca0 JavaThread "main"                              [_thread_blocked, id=20408, stack(0x0000005409c00000,0x0000005409d00000) (1024K)]
  0x000001d5bf8a6420 JavaThread "Reference Handler"          daemon [_thread_blocked, id=19560, stack(0x000000540a000000,0x000000540a100000) (1024K)]
  0x000001d5bf8a4830 JavaThread "Finalizer"                  daemon [_thread_blocked, id=8580, stack(0x000000540a100000,0x000000540a200000) (1024K)]
  0x000001d60206ae30 JavaThread "Signal Dispatcher"          daemon [_thread_blocked, id=18916, stack(0x000000540a200000,0x000000540a300000) (1024K)]
  0x000001d5bf8a9370 JavaThread "Attach Listener"            daemon [_thread_blocked, id=5436, stack(0x000000540a300000,0x000000540a400000) (1024K)]
  0x000001d60206c8d0 JavaThread "Service Thread"             daemon [_thread_blocked, id=12044, stack(0x000000540a400000,0x000000540a500000) (1024K)]
  0x000001d602098630 JavaThread "Monitor Deflation Thread"   daemon [_thread_blocked, id=19628, stack(0x000000540a500000,0x000000540a600000) (1024K)]
  0x000001d60209a180 JavaThread "C2 CompilerThread0"         daemon [_thread_in_native, id=17992, stack(0x000000540a600000,0x000000540a700000) (1024K)]
  0x000001d60209b9e0 JavaThread "C1 CompilerThread0"         daemon [_thread_blocked, id=13476, stack(0x000000540a700000,0x000000540a800000) (1024K)]
  0x000001d602191c30 JavaThread "Common-Cleaner"             daemon [_thread_blocked, id=10696, stack(0x000000540a800000,0x000000540a900000) (1024K)]
  0x000001d602192fe0 JavaThread "Notification Thread"        daemon [_thread_blocked, id=16292, stack(0x000000540ad00000,0x000000540ae00000) (1024K)]
  0x000001d6021922c0 JavaThread "Active Thread: Equinox Container: 0877a988-1d2c-4431-b266-450ee4546e8f"        [_thread_blocked, id=5848, stack(0x000000540b600000,0x000000540b700000) (1024K)]
  0x000001d6021915a0 JavaThread "Refresh Thread: Equinox Container: 0877a988-1d2c-4431-b266-450ee4546e8f" daemon [_thread_blocked, id=21580, stack(0x000000540aa00000,0x000000540ab00000) (1024K)]
  0x000001d602190f10 JavaThread "Framework Event Dispatcher: Equinox Container: 0877a988-1d2c-4431-b266-450ee4546e8f" daemon [_thread_blocked, id=21588, stack(0x000000540ac00000,0x000000540ad00000) (1024K)]
  0x000001d602192950 JavaThread "Start Level: Equinox Container: 0877a988-1d2c-4431-b266-450ee4546e8f" daemon [_thread_blocked, id=21592, stack(0x000000540ae00000,0x000000540af00000) (1024K)]
  0x000001d602193670 JavaThread "Bundle File Closer"         daemon [_thread_blocked, id=22200, stack(0x000000540b500000,0x000000540b600000) (1024K)]
  0x000001d602193d00 JavaThread "SCR Component Actor"        daemon [_thread_blocked, id=22440, stack(0x000000540b800000,0x000000540b900000) (1024K)]
  0x000001d60384ad80 JavaThread "C1 CompilerThread1"         daemon [_thread_blocked, id=22448, stack(0x000000540ba00000,0x000000540bb00000) (1024K)]
  0x000001d603c61c90 JavaThread "Worker-JM"                         [_thread_blocked, id=22476, stack(0x000000540c100000,0x000000540c200000) (1024K)]
  0x000001d603c60f70 JavaThread "JNA Cleaner"                daemon [_thread_blocked, id=22492, stack(0x000000540c300000,0x000000540c400000) (1024K)]
  0x000001d603c62320 JavaThread "Worker-0: Java indexing... "        [_thread_blocked, id=22496, stack(0x000000540c400000,0x000000540c500000) (1024K)]
  0x000001d603c61600 JavaThread "Worker-1"                          [_thread_blocked, id=22500, stack(0x000000540c500000,0x000000540c600000) (1024K)]
  0x000001d603c636d0 JavaThread "Worker-2"                          [_thread_blocked, id=22512, stack(0x000000540c600000,0x000000540c700000) (1024K)]
  0x000001d603c63040 JavaThread "Java indexing"              daemon [_thread_in_Java, id=22516, stack(0x000000540c700000,0x000000540c800000) (1024K)]
  0x000001d603c60250 JavaThread "Worker-3"                          [_thread_blocked, id=21520, stack(0x000000540c900000,0x000000540ca00000) (1024K)]
  0x000001d603c63d60 JavaThread "Thread-2"                   daemon [_thread_in_native, id=21524, stack(0x000000540cc00000,0x000000540cd00000) (1024K)]
  0x000001d603c608e0 JavaThread "Thread-3"                   daemon [_thread_in_native, id=21528, stack(0x000000540cd00000,0x000000540ce00000) (1024K)]
  0x000001d603c643f0 JavaThread "Thread-4"                   daemon [_thread_in_native, id=21532, stack(0x000000540ce00000,0x000000540cf00000) (1024K)]
  0x000001d603c67870 JavaThread "Thread-5"                   daemon [_thread_in_native, id=21536, stack(0x000000540cf00000,0x000000540d000000) (1024K)]
  0x000001d603c671e0 JavaThread "Thread-6"                   daemon [_thread_in_native, id=21540, stack(0x000000540d000000,0x000000540d100000) (1024K)]
  0x000001d603c65110 JavaThread "Thread-7"                   daemon [_thread_in_native, id=21544, stack(0x000000540d100000,0x000000540d200000) (1024K)]
  0x000001d603c64a80 JavaThread "Thread-8"                   daemon [_thread_in_native, id=21548, stack(0x000000540d200000,0x000000540d300000) (1024K)]
  0x000001d603c657a0 JavaThread "Thread-9"                   daemon [_thread_in_native, id=21552, stack(0x000000540d300000,0x000000540d400000) (1024K)]
  0x000001d603c65e30 JavaThread "Thread-10"                  daemon [_thread_in_native, id=21556, stack(0x000000540d400000,0x000000540d500000) (1024K)]
  0x000001d603c664c0 JavaThread "Thread-11"                  daemon [_thread_in_native, id=21508, stack(0x000000540d500000,0x000000540d600000) (1024K)]
  0x000001d603c66b50 JavaThread "Thread-12"                  daemon [_thread_in_native, id=19812, stack(0x000000540d600000,0x000000540d700000) (1024K)]
  0x000001d60ab69ca0 JavaThread "Thread-13"                  daemon [_thread_in_native, id=13360, stack(0x000000540d700000,0x000000540d800000) (1024K)]
  0x000001d60ab6a330 JavaThread "Thread-14"                  daemon [_thread_in_native, id=19796, stack(0x000000540d800000,0x000000540d900000) (1024K)]
  0x000001d60ab6b050 JavaThread "Thread-15"                  daemon [_thread_in_native, id=6464, stack(0x000000540d900000,0x000000540da00000) (1024K)]
  0x000001d60ab6b6e0 JavaThread "Thread-16"                  daemon [_thread_in_native, id=20312, stack(0x000000540da00000,0x000000540db00000) (1024K)]
  0x000001d60ab68f80 JavaThread "Thread-17"                  daemon [_thread_in_native, id=5300, stack(0x000000540db00000,0x000000540dc00000) (1024K)]
  0x000001d60ab68260 JavaThread "Thread-18"                  daemon [_thread_in_native, id=15088, stack(0x000000540dc00000,0x000000540dd00000) (1024K)]
  0x000001d60ab69610 JavaThread "pool-2-thread-1"                   [_thread_blocked, id=19648, stack(0x000000540dd00000,0x000000540de00000) (1024K)]
  0x000001d60ab6a9c0 JavaThread "WorkspaceEventsHandler"            [_thread_blocked, id=1704, stack(0x000000540e200000,0x000000540e300000) (1024K)]
  0x000001d60ab6bd70 JavaThread "pool-1-thread-1"                   [_thread_blocked, id=20308, stack(0x000000540e300000,0x000000540e400000) (1024K)]
  0x000001d60ab688f0 JavaThread "Worker-4"                          [_thread_blocked, id=19564, stack(0x000000540e400000,0x000000540e500000) (1024K)]
  0x000001d60ab6f1f0 JavaThread "Worker-5: Building"                [_thread_in_native, id=6692, stack(0x000000540e500000,0x000000540e600000) (1024K)]
=>0x000001d6081d9f80 JavaThread "C2 CompilerThread1"         daemon [_thread_in_native, id=22540, stack(0x000000540b900000,0x000000540ba00000) (1024K)]
  0x000001d608735810 JavaThread "C2 CompilerThread2"         daemon [_thread_blocked, id=22544, stack(0x000000540bc00000,0x000000540bd00000) (1024K)]
  0x000001d609ebbb40 JavaThread "C2 CompilerThread3"         daemon [_thread_blocked, id=22572, stack(0x000000540bd00000,0x000000540be00000) (1024K)]
  0x000001d619873080 JavaThread "C2 CompilerThread4"         daemon [_thread_blocked, id=22576, stack(0x000000540c200000,0x000000540c300000) (1024K)]
Total: 51

Other Threads:
  0x000001d6020632d0 VMThread "VM Thread"                           [id=20756, stack(0x0000005409f00000,0x000000540a000000) (1024K)]
  0x000001d5bf78ca00 WatcherThread "VM Periodic Task Thread"        [id=20376, stack(0x0000005409e00000,0x0000005409f00000) (1024K)]
  0x000001d5ab4d9330 WorkerThread "GC Thread#0"                     [id=8564, stack(0x0000005409d00000,0x0000005409e00000) (1024K)]
  0x000001d603cedf90 WorkerThread "GC Thread#1"                     [id=20952, stack(0x000000540af00000,0x000000540b000000) (1024K)]
  0x000001d6080fae00 WorkerThread "GC Thread#2"                     [id=14568, stack(0x000000540b000000,0x000000540b100000) (1024K)]
  0x000001d603d71be0 WorkerThread "GC Thread#3"                     [id=4144, stack(0x000000540b100000,0x000000540b200000) (1024K)]
  0x000001d603d71f80 WorkerThread "GC Thread#4"                     [id=20444, stack(0x000000540b200000,0x000000540b300000) (1024K)]
  0x000001d603d72320 WorkerThread "GC Thread#5"                     [id=7424, stack(0x000000540b300000,0x000000540b400000) (1024K)]
  0x000001d603cd0dc0 WorkerThread "GC Thread#6"                     [id=5652, stack(0x000000540b400000,0x000000540b500000) (1024K)]
  0x000001d6082f4af0 WorkerThread "GC Thread#7"                     [id=20104, stack(0x000000540ab00000,0x000000540ac00000) (1024K)]
  0x000001d60837d970 WorkerThread "GC Thread#8"                     [id=22312, stack(0x000000540a900000,0x000000540aa00000) (1024K)]
  0x000001d60837dd10 WorkerThread "GC Thread#9"                     [id=22316, stack(0x000000540b700000,0x000000540b800000) (1024K)]
  0x000001d60837d5d0 WorkerThread "GC Thread#10"                    [id=22464, stack(0x000000540be00000,0x000000540bf00000) (1024K)]
  0x000001d60837e0b0 WorkerThread "GC Thread#11"                    [id=22468, stack(0x000000540bf00000,0x000000540c000000) (1024K)]
  0x000001d60837e450 WorkerThread "GC Thread#12"                    [id=22472, stack(0x000000540c000000,0x000000540c100000) (1024K)]
Total: 15

Threads with active compile tasks:
C2 CompilerThread0  21193 8727 % !   4       org.eclipse.jdt.internal.core.search.indexing.BinaryIndexer::indexDocument @ 595 (1204 bytes)
C2 CompilerThread1  21193 8712 %     4       org.eclipse.jdt.internal.core.search.indexing.BinaryIndexer::extractReferenceFromConstantPool @ 155 (358 bytes)
Total: 2

VM state: at safepoint (normal execution)

VM Mutex/Monitor currently owned by a thread:  ([mutex/lock_event])
[0x00007ffc098ce380] Threads_lock - owner thread: 0x000001d6020632d0
[0x00007ffc098ce480] Heap_lock - owner thread: 0x000001d603c63040

Heap address: 0x00000000c0000000, size: 1024 MB, Compressed Oops mode: 32-bit

CDS archive(s) mapped at: [0x000001d5c0000000-0x000001d5c0ba0000-0x000001d5c0ba0000), size 12189696, SharedBaseAddress: 0x000001d5c0000000, ArchiveRelocationMode: 1.
Compressed class space mapped at: 0x000001d5c1000000-0x000001d601000000, reserved size: 1073741824
Narrow klass base: 0x000001d5c0000000, Narrow klass shift: 0, Narrow klass range: 0x100000000

GC Precious Log:
 CardTable entry size: 512
 CPUs: 16 total, 16 available
 Memory: 15752M
 Large Page Support: Disabled
 NUMA Support: Disabled
 Compressed Oops: Enabled (32-bit)
 Alignments: Space 512K, Generation 512K, Heap 2M
 Heap Min Capacity: 100M
 Heap Initial Capacity: 100M
 Heap Max Capacity: 1G
 Pre-touch: Disabled
 Parallel Workers: 13

Heap:
 PSYoungGen      total 3072K, used 2976K [0x00000000eab00000, 0x00000000eaf00000, 0x0000000100000000)
  eden space 2560K, 100% used [0x00000000eab00000,0x00000000ead80000,0x00000000ead80000)
  from space 512K, 81% used [0x00000000eae80000,0x00000000eaee8000,0x00000000eaf00000)
  to   space 512K, 94% used [0x00000000eae00000,0x00000000eae78d28,0x00000000eae80000)
 ParOldGen       total 413184K, used 412840K [0x00000000c0000000, 0x00000000d9380000, 0x00000000eab00000)
  object space 413184K, 99% used [0x00000000c0000000,0x00000000d932a140,0x00000000d9380000)
 Metaspace       used 49588K, committed 50880K, reserved 1114112K
  class space    used 5153K, committed 5696K, reserved 1048576K

Card table byte_map: [0x000001d5aae60000,0x000001d5ab070000] _byte_map_base: 0x000001d5aa860000

Marking Bits: (ParMarkBitMap*) 0x00007ffc098d3260
 Begin Bits: [0x000001d5bd6b0000, 0x000001d5be6b0000)
 End Bits:   [0x000001d5be6b0000, 0x000001d5bf6b0000)

Polling page: 0x000001d5a9160000

Metaspace:

Usage:
  Non-class:     43.39 MB used.
      Class:      5.03 MB used.
       Both:     48.43 MB used.

Virtual space:
  Non-class space:       64.00 MB reserved,      44.12 MB ( 69%) committed,  1 nodes.
      Class space:        1.00 GB reserved,       5.56 MB ( <1%) committed,  1 nodes.
             Both:        1.06 GB reserved,      49.69 MB (  5%) committed. 

Chunk freelists:
   Non-Class:  3.86 MB
       Class:  10.39 MB
        Both:  14.25 MB

MaxMetaspaceSize: unlimited
CompressedClassSpaceSize: 1.00 GB
Initial GC threshold: 21.00 MB
Current GC threshold: 58.38 MB
CDS: on
 - commit_granule_bytes: 65536.
 - commit_granule_words: 8192.
 - virtual_space_node_default_size: 8388608.
 - enlarge_chunks_in_place: 1.
 - use_allocation_guard: 0.


Internal statistics:

num_allocs_failed_limit: 6.
num_arena_births: 992.
num_arena_deaths: 14.
num_vsnodes_births: 2.
num_vsnodes_deaths: 0.
num_space_committed: 794.
num_space_uncommitted: 0.
num_chunks_returned_to_freelist: 20.
num_chunks_taken_from_freelist: 3251.
num_chunk_merges: 10.
num_chunk_splits: 2026.
num_chunks_enlarged: 1130.
num_inconsistent_stats: 0.

CodeHeap 'non-profiled nmethods': size=119168Kb used=5937Kb max_used=5937Kb free=113231Kb
 bounds [0x000001d5b6250000, 0x000001d5b6820000, 0x000001d5bd6b0000]
CodeHeap 'profiled nmethods': size=119104Kb used=17122Kb max_used=17122Kb free=101982Kb
 bounds [0x000001d5ae6b0000, 0x000001d5af770000, 0x000001d5b5b00000]
CodeHeap 'non-nmethods': size=7488Kb used=1954Kb max_used=3198Kb free=5533Kb
 bounds [0x000001d5b5b00000, 0x000001d5b5e30000, 0x000001d5b6250000]
 total_blobs=8820 nmethods=8124 adapters=601
 compilation: enabled
              stopped_count=0, restarted_count=0
 full_count=0

Compilation events (20 events):
Event: 20.104 Thread 0x000001d603c879d0 nmethod 8743 0x000001d5af74e910 code [0x000001d5af74eb60, 0x000001d5af74f530]
Event: 20.104 Thread 0x000001d619873080 nmethod 8741 0x000001d5b681ad90 code [0x000001d5b681af40, 0x000001d5b681b0e0]
Event: 20.118 Thread 0x000001d603c879d0 8747       3       org.eclipse.jdt.internal.compiler.classfmt.ClassFileStruct::utf8At (171 bytes)
Event: 20.119 Thread 0x000001d603c879d0 nmethod 8747 0x000001d5af74f910 code [0x000001d5af74fae0, 0x000001d5af750038]
Event: 20.119 Thread 0x000001d60209b9e0 8748   !   3       org.eclipse.jdt.internal.compiler.classfmt.ClassFileReader::<init> (2135 bytes)
Event: 20.122 Thread 0x000001d603c879d0 8749       3       java.util.stream.Collectors::toSet (26 bytes)
Event: 20.122 Thread 0x000001d60384ad80 8750       3       java.util.stream.Collectors$$Lambda/0x800000045::get (8 bytes)
Event: 20.122 Thread 0x000001d60384ad80 nmethod 8750 0x000001d5af750290 code [0x000001d5af750460, 0x000001d5af7508e8]
Event: 20.122 Thread 0x000001d60384ad80 8752       3       org.eclipse.jdt.internal.compiler.classfmt.MethodInfo::createMethod (710 bytes)
Event: 20.122 Thread 0x000001d603c879d0 nmethod 8749 0x000001d5af750a90 code [0x000001d5af750ca0, 0x000001d5af7512f8]
Event: 20.122 Thread 0x000001d603c879d0 8751       3       org.eclipse.core.internal.jobs.InternalJob::wakeUp (9 bytes)
Event: 20.122 Thread 0x000001d603c879d0 nmethod 8751 0x000001d5af751490 code [0x000001d5af751640, 0x000001d5af7517a8]
Event: 20.132 Thread 0x000001d60384ad80 nmethod 8752 0x000001d5af751890 code [0x000001d5af751d60, 0x000001d5af7549b8]
Event: 20.132 Thread 0x000001d619873080 8753       4       org.eclipse.jdt.internal.compiler.classfmt.ClassFileStruct::utf8At (171 bytes)
Event: 20.133 Thread 0x000001d60384ad80 8754       3       org.eclipse.jdt.ls.core.internal.handlers.InitHandler$1::belongsTo (75 bytes)
Event: 20.133 Thread 0x000001d603c879d0 8755       3       org.eclipse.core.runtime.jobs.Job::wakeUp (6 bytes)
Event: 20.133 Thread 0x000001d603c879d0 nmethod 8755 0x000001d5af755a90 code [0x000001d5af755c40, 0x000001d5af755e00]
Event: 20.134 Thread 0x000001d60384ad80 nmethod 8754 0x000001d5af755f10 code [0x000001d5af756180, 0x000001d5af756ba8]
Event: 20.141 Thread 0x000001d60384ad80 8756       3       org.eclipse.jdt.internal.compiler.classfmt.AnnotationInfo::readTargetValue (322 bytes)
Event: 20.142 Thread 0x000001d60384ad80 nmethod 8756 0x000001d5af756e10 code [0x000001d5af7570a0, 0x000001d5af7580d8]

GC Heap History (20 events):
Event: 20.076 GC heap after
{Heap after GC invocations=534 (full 2):
 PSYoungGen      total 1536K, used 471K [0x00000000eab00000, 0x00000000ead80000, 0x0000000100000000)
  eden space 1024K, 0% used [0x00000000eab00000,0x00000000eab00000,0x00000000eac00000)
  from space 512K, 92% used [0x00000000ead00000,0x00000000ead75e90,0x00000000ead80000)
  to   space 512K, 0% used [0x00000000eac80000,0x00000000eac80000,0x00000000ead00000)
 ParOldGen       total 409088K, used 408828K [0x00000000c0000000, 0x00000000d8f80000, 0x00000000eab00000)
  object space 409088K, 99% used [0x00000000c0000000,0x00000000d8f3f3f8,0x00000000d8f80000)
 Metaspace       used 49575K, committed 50816K, reserved 1114112K
  class space    used 5153K, committed 5696K, reserved 1048576K
}
Event: 20.078 GC heap before
{Heap before GC invocations=535 (full 2):
 PSYoungGen      total 1536K, used 1495K [0x00000000eab00000, 0x00000000ead80000, 0x0000000100000000)
  eden space 1024K, 100% used [0x00000000eab00000,0x00000000eac00000,0x00000000eac00000)
  from space 512K, 92% used [0x00000000ead00000,0x00000000ead75e90,0x00000000ead80000)
  to   space 512K, 0% used [0x00000000eac80000,0x00000000eac80000,0x00000000ead00000)
 ParOldGen       total 409088K, used 408828K [0x00000000c0000000, 0x00000000d8f80000, 0x00000000eab00000)
  object space 409088K, 99% used [0x00000000c0000000,0x00000000d8f3f3f8,0x00000000d8f80000)
 Metaspace       used 49575K, committed 50816K, reserved 1114112K
  class space    used 5153K, committed 5696K, reserved 1048576K
}
Event: 20.079 GC heap after
{Heap after GC invocations=535 (full 2):
 PSYoungGen      total 1536K, used 390K [0x00000000eab00000, 0x00000000ead80000, 0x0000000100000000)
  eden space 1024K, 0% used [0x00000000eab00000,0x00000000eab00000,0x00000000eac00000)
  from space 512K, 76% used [0x00000000eac80000,0x00000000eace1a38,0x00000000ead00000)
  to   space 512K, 0% used [0x00000000ead00000,0x00000000ead00000,0x00000000ead80000)
 ParOldGen       total 409088K, used 409085K [0x00000000c0000000, 0x00000000d8f80000, 0x00000000eab00000)
  object space 409088K, 99% used [0x00000000c0000000,0x00000000d8f7f720,0x00000000d8f80000)
 Metaspace       used 49575K, committed 50816K, reserved 1114112K
  class space    used 5153K, committed 5696K, reserved 1048576K
}
Event: 20.083 GC heap before
{Heap before GC invocations=536 (full 2):
 PSYoungGen      total 1536K, used 1414K [0x00000000eab00000, 0x00000000ead80000, 0x0000000100000000)
  eden space 1024K, 100% used [0x00000000eab00000,0x00000000eac00000,0x00000000eac00000)
  from space 512K, 76% used [0x00000000eac80000,0x00000000eace1a38,0x00000000ead00000)
  to   space 512K, 0% used [0x00000000ead00000,0x00000000ead00000,0x00000000ead80000)
 ParOldGen       total 409088K, used 409085K [0x00000000c0000000, 0x00000000d8f80000, 0x00000000eab00000)
  object space 409088K, 99% used [0x00000000c0000000,0x00000000d8f7f720,0x00000000d8f80000)
 Metaspace       used 49575K, committed 50816K, reserved 1114112K
  class space    used 5153K, committed 5696K, reserved 1048576K
}
Event: 20.083 GC heap after
{Heap after GC invocations=536 (full 2):
 PSYoungGen      total 1536K, used 352K [0x00000000eab00000, 0x00000000ead80000, 0x0000000100000000)
  eden space 1024K, 0% used [0x00000000eab00000,0x00000000eab00000,0x00000000eac00000)
  from space 512K, 68% used [0x00000000ead00000,0x00000000ead58000,0x00000000ead80000)
  to   space 512K, 0% used [0x00000000eac80000,0x00000000eac80000,0x00000000ead00000)
 ParOldGen       total 409600K, used 409299K [0x00000000c0000000, 0x00000000d9000000, 0x00000000eab00000)
  object space 409600K, 99% used [0x00000000c0000000,0x00000000d8fb4d28,0x00000000d9000000)
 Metaspace       used 49575K, committed 50816K, reserved 1114112K
  class space    used 5153K, committed 5696K, reserved 1048576K
}
Event: 20.087 GC heap before
{Heap before GC invocations=537 (full 2):
 PSYoungGen      total 1536K, used 1376K [0x00000000eab00000, 0x00000000ead80000, 0x0000000100000000)
  eden space 1024K, 100% used [0x00000000eab00000,0x00000000eac00000,0x00000000eac00000)
  from space 512K, 68% used [0x00000000ead00000,0x00000000ead58000,0x00000000ead80000)
  to   space 512K, 0% used [0x00000000eac80000,0x00000000eac80000,0x00000000ead00000)
 ParOldGen       total 409600K, used 409299K [0x00000000c0000000, 0x00000000d9000000, 0x00000000eab00000)
  object space 409600K, 99% used [0x00000000c0000000,0x00000000d8fb4d28,0x00000000d9000000)
 Metaspace       used 49576K, committed 50816K, reserved 1114112K
  class space    used 5153K, committed 5696K, reserved 1048576K
}
Event: 20.088 GC heap after
{Heap after GC invocations=537 (full 2):
 PSYoungGen      total 1536K, used 411K [0x00000000eab00000, 0x00000000ead80000, 0x0000000100000000)
  eden space 1024K, 0% used [0x00000000eab00000,0x00000000eab00000,0x00000000eac00000)
  from space 512K, 80% used [0x00000000eac80000,0x00000000eace6c08,0x00000000ead00000)
  to   space 512K, 0% used [0x00000000ead00000,0x00000000ead00000,0x00000000ead80000)
 ParOldGen       total 409600K, used 409491K [0x00000000c0000000, 0x00000000d9000000, 0x00000000eab00000)
  object space 409600K, 99% used [0x00000000c0000000,0x00000000d8fe4d28,0x00000000d9000000)
 Metaspace       used 49576K, committed 50816K, reserved 1114112K
  class space    used 5153K, committed 5696K, reserved 1048576K
}
Event: 20.091 GC heap before
{Heap before GC invocations=538 (full 2):
 PSYoungGen      total 1536K, used 1435K [0x00000000eab00000, 0x00000000ead80000, 0x0000000100000000)
  eden space 1024K, 100% used [0x00000000eab00000,0x00000000eac00000,0x00000000eac00000)
  from space 512K, 80% used [0x00000000eac80000,0x00000000eace6c08,0x00000000ead00000)
  to   space 512K, 0% used [0x00000000ead00000,0x00000000ead00000,0x00000000ead80000)
 ParOldGen       total 409600K, used 409491K [0x00000000c0000000, 0x00000000d9000000, 0x00000000eab00000)
  object space 409600K, 99% used [0x00000000c0000000,0x00000000d8fe4d28,0x00000000d9000000)
 Metaspace       used 49579K, committed 50880K, reserved 1114112K
  class space    used 5153K, committed 5696K, reserved 1048576K
}
Event: 20.092 GC heap after
{Heap after GC invocations=538 (full 2):
 PSYoungGen      total 2048K, used 448K [0x00000000eab00000, 0x00000000ead80000, 0x0000000100000000)
  eden space 1536K, 0% used [0x00000000eab00000,0x00000000eab00000,0x00000000eac80000)
  from space 512K, 87% used [0x00000000ead00000,0x00000000ead70000,0x00000000ead80000)
  to   space 512K, 0% used [0x00000000eac80000,0x00000000eac80000,0x00000000ead00000)
 ParOldGen       total 410112K, used 409718K [0x00000000c0000000, 0x00000000d9080000, 0x00000000eab00000)
  object space 410112K, 99% used [0x00000000c0000000,0x00000000d901d930,0x00000000d9080000)
 Metaspace       used 49579K, committed 50880K, reserved 1114112K
  class space    used 5153K, committed 5696K, reserved 1048576K
}
Event: 20.096 GC heap before
{Heap before GC invocations=539 (full 2):
 PSYoungGen      total 2048K, used 1984K [0x00000000eab00000, 0x00000000ead80000, 0x0000000100000000)
  eden space 1536K, 100% used [0x00000000eab00000,0x00000000eac80000,0x00000000eac80000)
  from space 512K, 87% used [0x00000000ead00000,0x00000000ead70000,0x00000000ead80000)
  to   space 512K, 0% used [0x00000000eac80000,0x00000000eac80000,0x00000000ead00000)
 ParOldGen       total 410112K, used 409718K [0x00000000c0000000, 0x00000000d9080000, 0x00000000eab00000)
  object space 410112K, 99% used [0x00000000c0000000,0x00000000d901d930,0x00000000d9080000)
 Metaspace       used 49579K, committed 50880K, reserved 1114112K
  class space    used 5153K, committed 5696K, reserved 1048576K
}
Event: 20.097 GC heap after
{Heap after GC invocations=539 (full 2):
 PSYoungGen      total 2048K, used 448K [0x00000000eab00000, 0x00000000eae00000, 0x0000000100000000)
  eden space 1536K, 0% used [0x00000000eab00000,0x00000000eab00000,0x00000000eac80000)
  from space 512K, 87% used [0x00000000eac80000,0x00000000eacf0000,0x00000000ead00000)
  to   space 512K, 0% used [0x00000000ead80000,0x00000000ead80000,0x00000000eae00000)
 ParOldGen       total 410112K, used 409894K [0x00000000c0000000, 0x00000000d9080000, 0x00000000eab00000)
  object space 410112K, 99% used [0x00000000c0000000,0x00000000d9049930,0x00000000d9080000)
 Metaspace       used 49579K, committed 50880K, reserved 1114112K
  class space    used 5153K, committed 5696K, reserved 1048576K
}
Event: 20.102 GC heap before
{Heap before GC invocations=540 (full 2):
 PSYoungGen      total 2048K, used 1981K [0x00000000eab00000, 0x00000000eae00000, 0x0000000100000000)
  eden space 1536K, 99% used [0x00000000eab00000,0x00000000eac7f4b8,0x00000000eac80000)
  from space 512K, 87% used [0x00000000eac80000,0x00000000eacf0000,0x00000000ead00000)
  to   space 512K, 0% used [0x00000000ead80000,0x00000000ead80000,0x00000000eae00000)
 ParOldGen       total 410112K, used 409894K [0x00000000c0000000, 0x00000000d9080000, 0x00000000eab00000)
  object space 410112K, 99% used [0x00000000c0000000,0x00000000d9049930,0x00000000d9080000)
 Metaspace       used 49579K, committed 50880K, reserved 1114112K
  class space    used 5153K, committed 5696K, reserved 1048576K
}
Event: 20.103 GC heap after
{Heap after GC invocations=540 (full 2):
 PSYoungGen      total 2560K, used 502K [0x00000000eab00000, 0x00000000eae00000, 0x0000000100000000)
  eden space 2048K, 0% used [0x00000000eab00000,0x00000000eab00000,0x00000000ead00000)
  from space 512K, 98% used [0x00000000ead80000,0x00000000eadfd808,0x00000000eae00000)
  to   space 512K, 0% used [0x00000000ead00000,0x00000000ead00000,0x00000000ead80000)
 ParOldGen       total 410624K, used 410174K [0x00000000c0000000, 0x00000000d9100000, 0x00000000eab00000)
  object space 410624K, 99% used [0x00000000c0000000,0x00000000d908f930,0x00000000d9100000)
 Metaspace       used 49579K, committed 50880K, reserved 1114112K
  class space    used 5153K, committed 5696K, reserved 1048576K
}
Event: 20.109 GC heap before
{Heap before GC invocations=541 (full 2):
 PSYoungGen      total 2560K, used 2550K [0x00000000eab00000, 0x00000000eae00000, 0x0000000100000000)
  eden space 2048K, 100% used [0x00000000eab00000,0x00000000ead00000,0x00000000ead00000)
  from space 512K, 98% used [0x00000000ead80000,0x00000000eadfd808,0x00000000eae00000)
  to   space 512K, 0% used [0x00000000ead00000,0x00000000ead00000,0x00000000ead80000)
 ParOldGen       total 410624K, used 410174K [0x00000000c0000000, 0x00000000d9100000, 0x00000000eab00000)
  object space 410624K, 99% used [0x00000000c0000000,0x00000000d908f930,0x00000000d9100000)
 Metaspace       used 49582K, committed 50880K, reserved 1114112K
  class space    used 5153K, committed 5696K, reserved 1048576K
}
Event: 20.110 GC heap after
{Heap after GC invocations=541 (full 2):
 PSYoungGen      total 2560K, used 480K [0x00000000eab00000, 0x00000000eae00000, 0x0000000100000000)
  eden space 2048K, 0% used [0x00000000eab00000,0x00000000eab00000,0x00000000ead00000)
  from space 512K, 93% used [0x00000000ead00000,0x00000000ead78000,0x00000000ead80000)
  to   space 512K, 0% used [0x00000000ead80000,0x00000000ead80000,0x00000000eae00000)
 ParOldGen       total 410624K, used 410452K [0x00000000c0000000, 0x00000000d9100000, 0x00000000eab00000)
  object space 410624K, 99% used [0x00000000c0000000,0x00000000d90d5138,0x00000000d9100000)
 Metaspace       used 49582K, committed 50880K, reserved 1114112K
  class space    used 5153K, committed 5696K, reserved 1048576K
}
Event: 20.115 GC heap before
{Heap before GC invocations=542 (full 2):
 PSYoungGen      total 2560K, used 2528K [0x00000000eab00000, 0x00000000eae00000, 0x0000000100000000)
  eden space 2048K, 100% used [0x00000000eab00000,0x00000000ead00000,0x00000000ead00000)
  from space 512K, 93% used [0x00000000ead00000,0x00000000ead78000,0x00000000ead80000)
  to   space 512K, 0% used [0x00000000ead80000,0x00000000ead80000,0x00000000eae00000)
 ParOldGen       total 410624K, used 410452K [0x00000000c0000000, 0x00000000d9100000, 0x00000000eab00000)
  object space 410624K, 99% used [0x00000000c0000000,0x00000000d90d5138,0x00000000d9100000)
 Metaspace       used 49582K, committed 50880K, reserved 1114112K
  class space    used 5153K, committed 5696K, reserved 1048576K
}
Event: 20.117 GC heap after
{Heap after GC invocations=542 (full 2):
 PSYoungGen      total 2048K, used 512K [0x00000000eab00000, 0x00000000eaf00000, 0x0000000100000000)
  eden space 1536K, 0% used [0x00000000eab00000,0x00000000eab00000,0x00000000eac80000)
  from space 512K, 100% used [0x00000000ead80000,0x00000000eae00000,0x00000000eae00000)
  to   space 1024K, 0% used [0x00000000eac80000,0x00000000eac80000,0x00000000ead80000)
 ParOldGen       total 411136K, used 410788K [0x00000000c0000000, 0x00000000d9180000, 0x00000000eab00000)
  object space 411136K, 99% used [0x00000000c0000000,0x00000000d9129138,0x00000000d9180000)
 Metaspace       used 49582K, committed 50880K, reserved 1114112K
  class space    used 5153K, committed 5696K, reserved 1048576K
}
Event: 20.122 GC heap before
{Heap before GC invocations=543 (full 2):
 PSYoungGen      total 2048K, used 2048K [0x00000000eab00000, 0x00000000eaf00000, 0x0000000100000000)
  eden space 1536K, 100% used [0x00000000eab00000,0x00000000eac80000,0x00000000eac80000)
  from space 512K, 100% used [0x00000000ead80000,0x00000000eae00000,0x00000000eae00000)
  to   space 1024K, 0% used [0x00000000eac80000,0x00000000eac80000,0x00000000ead80000)
 ParOldGen       total 411136K, used 410788K [0x00000000c0000000, 0x00000000d9180000, 0x00000000eab00000)
  object space 411136K, 99% used [0x00000000c0000000,0x00000000d9129138,0x00000000d9180000)
 Metaspace       used 49586K, committed 50880K, reserved 1114112K
  class space    used 5153K, committed 5696K, reserved 1048576K
}
Event: 20.130 GC heap after
{Heap after GC invocations=543 (full 2):
 PSYoungGen      total 2560K, used 352K [0x00000000eab00000, 0x00000000eaf00000, 0x0000000100000000)
  eden space 1536K, 0% used [0x00000000eab00000,0x00000000eab00000,0x00000000eac80000)
  from space 1024K, 34% used [0x00000000eac80000,0x00000000eacd8000,0x00000000ead80000)
  to   space 1024K, 0% used [0x00000000eae00000,0x00000000eae00000,0x00000000eaf00000)
 ParOldGen       total 411136K, used 411076K [0x00000000c0000000, 0x00000000d9180000, 0x00000000eab00000)
  object space 411136K, 99% used [0x00000000c0000000,0x00000000d9171138,0x00000000d9180000)
 Metaspace       used 49586K, committed 50880K, reserved 1114112K
  class space    used 5153K, committed 5696K, reserved 1048576K
}
Event: 20.150 GC heap before
{Heap before GC invocations=544 (full 2):
 PSYoungGen      total 2560K, used 1873K [0x00000000eab00000, 0x00000000eaf00000, 0x0000000100000000)
  eden space 1536K, 99% used [0x00000000eab00000,0x00000000eac7c628,0x00000000eac80000)
  from space 1024K, 34% used [0x00000000eac80000,0x00000000eacd8000,0x00000000ead80000)
  to   space 1024K, 0% used [0x00000000eae00000,0x00000000eae00000,0x00000000eaf00000)
 ParOldGen       total 411136K, used 411076K [0x00000000c0000000, 0x00000000d9180000, 0x00000000eab00000)
  object space 411136K, 99% used [0x00000000c0000000,0x00000000d9171138,0x00000000d9180000)
 Metaspace       used 49588K, committed 50880K, reserved 1114112K
  class space    used 5153K, committed 5696K, reserved 1048576K
}

Dll operation events (10 events):
Event: 0.009 Loaded shared library c:\Users\MSI\.vscode\extensions\redhat.java-1.41.1-win32-x64\jre\21.0.6-win32-x86_64\bin\java.dll
Event: 0.035 Loaded shared library c:\Users\MSI\.vscode\extensions\redhat.java-1.41.1-win32-x64\jre\21.0.6-win32-x86_64\bin\zip.dll
Event: 0.095 Loaded shared library C:\Users\MSI\.vscode\extensions\redhat.java-1.41.1-win32-x64\jre\21.0.6-win32-x86_64\bin\instrument.dll
Event: 0.099 Loaded shared library C:\Users\MSI\.vscode\extensions\redhat.java-1.41.1-win32-x64\jre\21.0.6-win32-x86_64\bin\net.dll
Event: 0.100 Loaded shared library C:\Users\MSI\.vscode\extensions\redhat.java-1.41.1-win32-x64\jre\21.0.6-win32-x86_64\bin\nio.dll
Event: 0.103 Loaded shared library C:\Users\MSI\.vscode\extensions\redhat.java-1.41.1-win32-x64\jre\21.0.6-win32-x86_64\bin\zip.dll
Event: 0.118 Loaded shared library C:\Users\MSI\.vscode\extensions\redhat.java-1.41.1-win32-x64\jre\21.0.6-win32-x86_64\bin\jimage.dll
Event: 0.194 Loaded shared library c:\Users\MSI\.vscode\extensions\redhat.java-1.41.1-win32-x64\jre\21.0.6-win32-x86_64\bin\verify.dll
Event: 4.252 Loaded shared library C:\Users\MSI\AppData\Roaming\Code\User\globalStorage\redhat.java\1.41.1\config_win\org.eclipse.equinox.launcher\org.eclipse.equinox.launcher.win32.win32.x86_64_1.2.1300.v20250331-1702\eclipse_11911.dll
Event: 12.307 Loaded shared library C:\Users\MSI\AppData\Local\Temp\jna-76643\jna9141470769390895617.dll

Deoptimization events (20 events):
Event: 20.076 Thread 0x000001d603c63040 Uncommon trap: trap_request=0xffffff45 fr.pc=0x000001d5b67f8218 relative=0x00000000000029f8
Event: 20.076 Thread 0x000001d603c63040 Uncommon trap: reason=unstable_if action=reinterpret pc=0x000001d5b67f8218 method=org.eclipse.jdt.internal.compiler.parser.Scanner.internalScanIdentifierOrKeyword(II[C)Lorg/eclipse/jdt/internal/compiler/parser/TerminalToken; @ 4091 c2
Event: 20.076 Thread 0x000001d603c63040 DEOPT PACKING pc=0x000001d5b67f8218 sp=0x000000540c7ff050
Event: 20.076 Thread 0x000001d603c63040 DEOPT UNPACKING pc=0x000001d5b5b53aa2 sp=0x000000540c7feff8 mode 2
Event: 20.118 Thread 0x000001d603c63040 Uncommon trap: trap_request=0xffffff45 fr.pc=0x000001d5b67eedc0 relative=0x00000000000012e0
Event: 20.118 Thread 0x000001d603c63040 Uncommon trap: reason=unstable_if action=reinterpret pc=0x000001d5b67eedc0 method=org.eclipse.jdt.internal.compiler.classfmt.MethodInfo.createMethod([B[IIJ)Lorg/eclipse/jdt/internal/compiler/classfmt/MethodInfo; @ 265 c2
Event: 20.118 Thread 0x000001d603c63040 DEOPT PACKING pc=0x000001d5b67eedc0 sp=0x000000540c7fed10
Event: 20.118 Thread 0x000001d603c63040 DEOPT UNPACKING pc=0x000001d5b5b53aa2 sp=0x000000540c7fec50 mode 2
Event: 20.118 Thread 0x000001d603c63040 Uncommon trap: trap_request=0xffffff45 fr.pc=0x000001d5b6758688 relative=0x0000000000007388
Event: 20.118 Thread 0x000001d603c63040 Uncommon trap: reason=unstable_if action=reinterpret pc=0x000001d5b6758688 method=org.eclipse.jdt.internal.compiler.classfmt.ClassFileReader.<init>([B[CZ)V @ 1364 c2
Event: 20.118 Thread 0x000001d603c63040 DEOPT PACKING pc=0x000001d5b6758688 sp=0x000000540c7fed90
Event: 20.118 Thread 0x000001d603c63040 DEOPT UNPACKING pc=0x000001d5b5b53aa2 sp=0x000000540c7fed60 mode 2
Event: 20.118 Thread 0x000001d603c63040 Uncommon trap: trap_request=0xffffff45 fr.pc=0x000001d5b650a7bc relative=0x000000000000027c
Event: 20.118 Thread 0x000001d603c63040 Uncommon trap: reason=unstable_if action=reinterpret pc=0x000001d5b650a7bc method=org.eclipse.jdt.internal.compiler.classfmt.ClassFileStruct.utf8At(II)[C @ 46 c2
Event: 20.118 Thread 0x000001d603c63040 DEOPT PACKING pc=0x000001d5b650a7bc sp=0x000000540c7feac0
Event: 20.118 Thread 0x000001d603c63040 DEOPT UNPACKING pc=0x000001d5b5b53aa2 sp=0x000000540c7fea40 mode 2
Event: 20.121 Thread 0x000001d603c63040 DEOPT PACKING pc=0x000001d5af74ff42 sp=0x000000540c7fee30
Event: 20.121 Thread 0x000001d603c63040 DEOPT UNPACKING pc=0x000001d5b5b54242 sp=0x000000540c7fe2a0 mode 0
Event: 20.132 Thread 0x000001d603c63040 DEOPT PACKING pc=0x000001d5af74ff42 sp=0x000000540c7fee30
Event: 20.132 Thread 0x000001d603c63040 DEOPT UNPACKING pc=0x000001d5b5b54242 sp=0x000000540c7fe2a0 mode 0

Classes loaded (20 events):
Event: 15.745 Loading class java/lang/ProcessEnvironment$CheckedKeySet
Event: 15.745 Loading class java/lang/ProcessEnvironment$CheckedKeySet done
Event: 16.080 Loading class java/util/regex/Pattern$Pos
Event: 16.080 Loading class java/util/regex/Pattern$Pos done
Event: 16.130 Loading class sun/security/provider/MD5
Event: 16.130 Loading class sun/security/provider/MD5 done
Event: 16.130 Loading class sun/security/provider/ByteArrayAccess$LE
Event: 16.131 Loading class sun/security/provider/ByteArrayAccess$LE done
Event: 16.139 Loading class java/util/stream/MatchOps$MatchKind
Event: 16.140 Loading class java/util/stream/MatchOps$MatchKind done
Event: 16.140 Loading class java/util/stream/MatchOps
Event: 16.140 Loading class java/util/stream/MatchOps done
Event: 16.140 Loading class java/util/stream/MatchOps$MatchOp
Event: 16.140 Loading class java/util/stream/MatchOps$MatchOp done
Event: 16.141 Loading class java/util/stream/MatchOps$BooleanTerminalSink
Event: 16.141 Loading class java/util/stream/MatchOps$BooleanTerminalSink done
Event: 16.141 Loading class java/util/stream/MatchOps$1MatchSink
Event: 16.141 Loading class java/util/stream/MatchOps$1MatchSink done
Event: 19.644 Loading class sun/nio/fs/WindowsFileCopy
Event: 19.644 Loading class sun/nio/fs/WindowsFileCopy done

Classes unloaded (7 events):
Event: 12.630 Thread 0x000001d6020632d0 Unloading class 0x000001d5c1198800 'java/lang/invoke/LambdaForm$MH+0x000001d5c1198800'
Event: 12.630 Thread 0x000001d6020632d0 Unloading class 0x000001d5c1198400 'java/lang/invoke/LambdaForm$MH+0x000001d5c1198400'
Event: 12.630 Thread 0x000001d6020632d0 Unloading class 0x000001d5c1198000 'java/lang/invoke/LambdaForm$MH+0x000001d5c1198000'
Event: 12.630 Thread 0x000001d6020632d0 Unloading class 0x000001d5c1197c00 'java/lang/invoke/LambdaForm$MH+0x000001d5c1197c00'
Event: 12.630 Thread 0x000001d6020632d0 Unloading class 0x000001d5c1197800 'java/lang/invoke/LambdaForm$BMH+0x000001d5c1197800'
Event: 12.630 Thread 0x000001d6020632d0 Unloading class 0x000001d5c1197400 'java/lang/invoke/LambdaForm$DMH+0x000001d5c1197400'
Event: 12.630 Thread 0x000001d6020632d0 Unloading class 0x000001d5c1196400 'java/lang/invoke/LambdaForm$DMH+0x000001d5c1196400'

Classes redefined (0 events):
No events

Internal exceptions (20 events):
Event: 14.812 Thread 0x000001d60ab6bd70 Exception <a 'java/io/FileNotFoundException'{0x00000000eaee4f88}> (0x00000000eaee4f88) 
thrown [s\src\hotspot\share\prims\jni.cpp, line 520]
Event: 14.856 Thread 0x000001d60ab6bd70 Exception <a 'java/lang/NoSuchMethodError'{0x00000000eae08b28}: 'java.lang.Object java.lang.invoke.DirectMethodHandle$Holder.invokeStatic(java.lang.Object, int, java.lang.Object, java.lang.Object)'> (0x00000000eae08b28) 
thrown [s\src\hotspot\share\interpreter\linkResolver.cpp, line 773]
Event: 14.856 Thread 0x000001d60ab6bd70 Exception <a 'java/lang/NoSuchMethodError'{0x00000000eae3cee8}: 'java.lang.Object java.lang.invoke.DelegatingMethodHandle$Holder.delegate(java.lang.Object, int, java.lang.Object, java.lang.Object)'> (0x00000000eae3cee8) 
thrown [s\src\hotspot\share\interpreter\linkResolver.cpp, line 773]
Event: 14.858 Thread 0x000001d60ab6bd70 Implicit null exception at 0x000001d5b62d4af6 to 0x000001d5b62d4e2c
Event: 14.860 Thread 0x000001d60ab6bd70 Exception <a 'java/lang/NoSuchMethodError'{0x00000000eaf23868}: 'int java.lang.invoke.Invokers$Holder.linkToTargetMethod(java.lang.Object, java.lang.Object, java.lang.Object)'> (0x00000000eaf23868) 
thrown [s\src\hotspot\share\interpreter\linkResolver.cpp, line 773]
Event: 14.954 Thread 0x000001d60ab6f1f0 Exception <a 'java/lang/NoSuchMethodError'{0x00000000ead9be00}: 'int java.lang.invoke.DirectMethodHandle$Holder.invokeSpecialIFC(java.lang.Object, java.lang.Object, java.lang.Object, java.lang.Object)'> (0x00000000ead9be00) 
thrown [s\src\hotspot\share\interpreter\linkResolver.cpp, line 773]
Event: 14.961 Thread 0x000001d60ab6f1f0 Exception <a 'sun/nio/fs/WindowsException'{0x00000000eafd91b0}> (0x00000000eafd91b0) 
thrown [s\src\hotspot\share\prims\jni.cpp, line 520]
Event: 14.961 Thread 0x000001d60ab6f1f0 Exception <a 'sun/nio/fs/WindowsException'{0x00000000eb0066f8}> (0x00000000eb0066f8) 
thrown [s\src\hotspot\share\prims\jni.cpp, line 520]
Event: 15.306 Thread 0x000001d603c61600 Exception <a 'java/lang/ExceptionInInitializerError'{0x00000000eb05a6c8}> (0x00000000eb05a6c8) 
thrown [s\src\hotspot\share\oops\instanceKlass.cpp, line 1220]
Event: 15.334 Thread 0x000001d603c61600 Implicit null exception at 0x000001d5b639ae7e to 0x000001d5b639b0f0
Event: 15.334 Thread 0x000001d603c61600 Implicit null exception at 0x000001d5b62fef1c to 0x000001d5b62ffde0
Event: 15.336 Thread 0x000001d603c61600 Exception <a 'java/lang/NoSuchMethodError'{0x00000000eb038910}: 'java.lang.Object java.lang.invoke.Invokers$Holder.invokeExact_MT(java.lang.Object, int, java.lang.Object)'> (0x00000000eb038910) 
thrown [s\src\hotspot\share\interpreter\linkResolver.cpp, line 773]
Event: 15.713 Thread 0x000001d603c61600 Exception <a 'java/lang/NoClassDefFoundError'{0x00000000eac5ce38}: com/google/inject/servlet/ServletModuleTargetVisitor> (0x00000000eac5ce38) 
thrown [s\src\hotspot\share\classfile\systemDictionary.cpp, line 301]
Event: 16.023 Thread 0x000001d603c63040 Implicit null exception at 0x000001d5b66bd8e3 to 0x000001d5b66c31d4
Event: 16.035 Thread 0x000001d60ab6bd70 Exception <a 'java/lang/IncompatibleClassChangeError'{0x00000000eab8f1a8}: Found class java.lang.Object, but interface was expected> (0x00000000eab8f1a8) 
thrown [s\src\hotspot\share\interpreter\linkResolver.cpp, line 840]
Event: 19.645 Thread 0x000001d603c63040 Exception <a 'sun/nio/fs/WindowsException'{0x00000000eab4c010}> (0x00000000eab4c010) 
thrown [s\src\hotspot\share\prims\jni.cpp, line 520]
Event: 19.872 Thread 0x000001d603c63040 Exception <a 'sun/nio/fs/WindowsException'{0x00000000eabd58b0}> (0x00000000eabd58b0) 
thrown [s\src\hotspot\share\prims\jni.cpp, line 520]
Event: 19.958 Thread 0x000001d603c63040 Exception <a 'sun/nio/fs/WindowsException'{0x00000000eabceb08}> (0x00000000eabceb08) 
thrown [s\src\hotspot\share\prims\jni.cpp, line 520]
Event: 19.998 Thread 0x000001d603c63040 Exception <a 'sun/nio/fs/WindowsException'{0x00000000eabe5c40}> (0x00000000eabe5c40) 
thrown [s\src\hotspot\share\prims\jni.cpp, line 520]
Event: 20.040 Thread 0x000001d603c63040 Exception <a 'sun/nio/fs/WindowsException'{0x00000000eabfcf10}> (0x00000000eabfcf10) 
thrown [s\src\hotspot\share\prims\jni.cpp, line 520]

ZGC Phase Switch (0 events):
No events

VM Operations (20 events):
Event: 20.076 Executing VM operation: ParallelGCFailedAllocation (Allocation Failure) done
Event: 20.078 Executing VM operation: ParallelGCFailedAllocation (Allocation Failure)
Event: 20.079 Executing VM operation: ParallelGCFailedAllocation (Allocation Failure) done
Event: 20.083 Executing VM operation: ParallelGCFailedAllocation (Allocation Failure)
Event: 20.083 Executing VM operation: ParallelGCFailedAllocation (Allocation Failure) done
Event: 20.087 Executing VM operation: ParallelGCFailedAllocation (Allocation Failure)
Event: 20.088 Executing VM operation: ParallelGCFailedAllocation (Allocation Failure) done
Event: 20.091 Executing VM operation: ParallelGCFailedAllocation (Allocation Failure)
Event: 20.092 Executing VM operation: ParallelGCFailedAllocation (Allocation Failure) done
Event: 20.096 Executing VM operation: ParallelGCFailedAllocation (Allocation Failure)
Event: 20.097 Executing VM operation: ParallelGCFailedAllocation (Allocation Failure) done
Event: 20.102 Executing VM operation: ParallelGCFailedAllocation (Allocation Failure)
Event: 20.103 Executing VM operation: ParallelGCFailedAllocation (Allocation Failure) done
Event: 20.109 Executing VM operation: ParallelGCFailedAllocation (Allocation Failure)
Event: 20.110 Executing VM operation: ParallelGCFailedAllocation (Allocation Failure) done
Event: 20.115 Executing VM operation: ParallelGCFailedAllocation (Allocation Failure)
Event: 20.117 Executing VM operation: ParallelGCFailedAllocation (Allocation Failure) done
Event: 20.122 Executing VM operation: ParallelGCFailedAllocation (Allocation Failure)
Event: 20.130 Executing VM operation: ParallelGCFailedAllocation (Allocation Failure) done
Event: 20.150 Executing VM operation: ParallelGCFailedAllocation (Allocation Failure)

Memory protections (0 events):
No events

Nmethod flushes (20 events):
Event: 13.619 Thread 0x000001d6020632d0 flushing  nmethod 0x000001d5aededc10
Event: 13.619 Thread 0x000001d6020632d0 flushing  nmethod 0x000001d5aedef090
Event: 13.619 Thread 0x000001d6020632d0 flushing  nmethod 0x000001d5aedef990
Event: 13.619 Thread 0x000001d6020632d0 flushing  nmethod 0x000001d5aedf1390
Event: 13.619 Thread 0x000001d6020632d0 flushing  nmethod 0x000001d5aedf1b10
Event: 13.619 Thread 0x000001d6020632d0 flushing  nmethod 0x000001d5aedf3090
Event: 13.619 Thread 0x000001d6020632d0 flushing  nmethod 0x000001d5aedf3590
Event: 13.619 Thread 0x000001d6020632d0 flushing  nmethod 0x000001d5aedf3a90
Event: 13.619 Thread 0x000001d6020632d0 flushing  nmethod 0x000001d5aedf3e90
Event: 13.619 Thread 0x000001d6020632d0 flushing  nmethod 0x000001d5aedf5290
Event: 13.619 Thread 0x000001d6020632d0 flushing  nmethod 0x000001d5aedf6d10
Event: 13.619 Thread 0x000001d6020632d0 flushing  nmethod 0x000001d5aedf8790
Event: 13.619 Thread 0x000001d6020632d0 flushing  nmethod 0x000001d5aee39010
Event: 13.619 Thread 0x000001d6020632d0 flushing  nmethod 0x000001d5aee39b10
Event: 13.619 Thread 0x000001d6020632d0 flushing  nmethod 0x000001d5aee3f790
Event: 13.619 Thread 0x000001d6020632d0 flushing  nmethod 0x000001d5aee49890
Event: 13.619 Thread 0x000001d6020632d0 flushing  nmethod 0x000001d5aeef6590
Event: 13.619 Thread 0x000001d6020632d0 flushing  nmethod 0x000001d5aef14110
Event: 13.619 Thread 0x000001d6020632d0 flushing  nmethod 0x000001d5aef14590
Event: 13.619 Thread 0x000001d6020632d0 flushing  nmethod 0x000001d5aef41010

Events (20 events):
Event: 16.717 Thread 0x000001d60a5a9930 Thread exited: 0x000001d60a5a9930
Event: 16.913 Thread 0x000001d609ebbb40 Thread exited: 0x000001d609ebbb40
Event: 16.932 Thread 0x000001d6081d1ff0 Thread exited: 0x000001d6081d1ff0
Event: 16.932 Thread 0x000001d6081d9f80 Thread exited: 0x000001d6081d9f80
Event: 17.620 Thread 0x000001d60209a180 Thread added: 0x000001d6081d9f80
Event: 17.620 Thread 0x000001d60209a180 Thread added: 0x000001d609ebbb40
Event: 17.620 Thread 0x000001d60209a180 Thread added: 0x000001d619873080
Event: 17.697 Thread 0x000001d602194390 Thread exited: 0x000001d602194390
Event: 18.054 Thread 0x000001d608735810 Thread exited: 0x000001d608735810
Event: 18.054 Thread 0x000001d619873080 Thread exited: 0x000001d619873080
Event: 18.054 Thread 0x000001d609ebbb40 Thread exited: 0x000001d609ebbb40
Event: 18.587 Thread 0x000001d6081d9f80 Thread exited: 0x000001d6081d9f80
Event: 19.334 Thread 0x000001d60209a180 Thread added: 0x000001d6081d9f80
Event: 19.344 Thread 0x000001d6081d9f80 Thread added: 0x000001d608735810
Event: 19.650 Thread 0x000001d608735810 Thread exited: 0x000001d608735810
Event: 19.650 Thread 0x000001d6081d9f80 Thread exited: 0x000001d6081d9f80
Event: 19.752 Thread 0x000001d603c879d0 Thread added: 0x000001d6081d9f80
Event: 19.752 Thread 0x000001d603c879d0 Thread added: 0x000001d608735810
Event: 19.897 Thread 0x000001d608735810 Thread added: 0x000001d609ebbb40
Event: 19.897 Thread 0x000001d608735810 Thread added: 0x000001d619873080


Dynamic libraries:
0x00007ff6a6360000 - 0x00007ff6a636e000 	c:\Users\MSI\.vscode\extensions\redhat.java-1.41.1-win32-x64\jre\21.0.6-win32-x86_64\bin\java.exe
0x00007ffcb0980000 - 0x00007ffcb0be0000 	C:\WINDOWS\SYSTEM32\ntdll.dll
0x00007ffcafa70000 - 0x00007ffcafb37000 	C:\WINDOWS\System32\KERNEL32.DLL
0x00007ffcae2d0000 - 0x00007ffcae69a000 	C:\WINDOWS\System32\KERNELBASE.dll
0x00007ffcadeb0000 - 0x00007ffcadffb000 	C:\WINDOWS\System32\ucrtbase.dll
0x00007ffca8970000 - 0x00007ffca8988000 	c:\Users\MSI\.vscode\extensions\redhat.java-1.41.1-win32-x64\jre\21.0.6-win32-x86_64\bin\jli.dll
0x00007ffca31e0000 - 0x00007ffca31fe000 	c:\Users\MSI\.vscode\extensions\redhat.java-1.41.1-win32-x64\jre\21.0.6-win32-x86_64\bin\VCRUNTIME140.dll
0x00007ffcaf0c0000 - 0x00007ffcaf28c000 	C:\WINDOWS\System32\USER32.dll
0x00007ffc990d0000 - 0x00007ffc99367000 	C:\WINDOWS\WinSxS\amd64_microsoft.windows.common-controls_6595b64144ccf1df_6.0.26100.3624_none_3e086962e3345f24\COMCTL32.dll
0x00007ffcae6a0000 - 0x00007ffcae6c7000 	C:\WINDOWS\System32\win32u.dll
0x00007ffcaf850000 - 0x00007ffcaf8f9000 	C:\WINDOWS\System32\msvcrt.dll
0x00007ffcaee40000 - 0x00007ffcaee6a000 	C:\WINDOWS\System32\GDI32.dll
0x00007ffcadb60000 - 0x00007ffcadc91000 	C:\WINDOWS\System32\gdi32full.dll
0x00007ffcae6d0000 - 0x00007ffcae773000 	C:\WINDOWS\System32\msvcp_win.dll
0x00007ffcafc20000 - 0x00007ffcafc4f000 	C:\WINDOWS\System32\IMM32.DLL
0x00007ffca31d0000 - 0x00007ffca31dc000 	c:\Users\MSI\.vscode\extensions\redhat.java-1.41.1-win32-x64\jre\21.0.6-win32-x86_64\bin\vcruntime140_1.dll
0x00007ffc59b80000 - 0x00007ffc59c0d000 	c:\Users\MSI\.vscode\extensions\redhat.java-1.41.1-win32-x64\jre\21.0.6-win32-x86_64\bin\msvcp140.dll
0x00007ffc08c20000 - 0x00007ffc099b0000 	c:\Users\MSI\.vscode\extensions\redhat.java-1.41.1-win32-x64\jre\21.0.6-win32-x86_64\bin\server\jvm.dll
0x00007ffcaee70000 - 0x00007ffcaef22000 	C:\WINDOWS\System32\ADVAPI32.dll
0x00007ffcaf010000 - 0x00007ffcaf0b6000 	C:\WINDOWS\System32\sechost.dll
0x00007ffcaec90000 - 0x00007ffcaeda6000 	C:\WINDOWS\System32\RPCRT4.dll
0x00007ffcaf290000 - 0x00007ffcaf304000 	C:\WINDOWS\System32\WS2_32.dll
0x00007ffcad9b0000 - 0x00007ffcada0e000 	C:\WINDOWS\SYSTEM32\POWRPROF.dll
0x00007ffca7cc0000 - 0x00007ffca7cf6000 	C:\WINDOWS\SYSTEM32\WINMM.dll
0x00007ffca7d00000 - 0x00007ffca7d0b000 	C:\WINDOWS\SYSTEM32\VERSION.dll
0x00007ffcad990000 - 0x00007ffcad9a4000 	C:\WINDOWS\SYSTEM32\UMPDC.dll
0x00007ffcac970000 - 0x00007ffcac98a000 	C:\WINDOWS\SYSTEM32\kernel.appcore.dll
0x00007ffc9fd80000 - 0x00007ffc9fd8a000 	c:\Users\MSI\.vscode\extensions\redhat.java-1.41.1-win32-x64\jre\21.0.6-win32-x86_64\bin\jimage.dll
0x00007ffca19f0000 - 0x00007ffca1c31000 	C:\WINDOWS\SYSTEM32\DBGHELP.DLL
0x00007ffcafc70000 - 0x00007ffcafff2000 	C:\WINDOWS\System32\combase.dll
0x00007ffcafb40000 - 0x00007ffcafc16000 	C:\WINDOWS\System32\OLEAUT32.dll
0x00007ffc989a0000 - 0x00007ffc989d9000 	C:\WINDOWS\SYSTEM32\dbgcore.DLL
0x00007ffcadca0000 - 0x00007ffcadd39000 	C:\WINDOWS\System32\bcryptPrimitives.dll
0x00007ffc9bd30000 - 0x00007ffc9bd3f000 	c:\Users\MSI\.vscode\extensions\redhat.java-1.41.1-win32-x64\jre\21.0.6-win32-x86_64\bin\instrument.dll
0x00007ffc800c0000 - 0x00007ffc800df000 	c:\Users\MSI\.vscode\extensions\redhat.java-1.41.1-win32-x64\jre\21.0.6-win32-x86_64\bin\java.dll
0x00007ffcb0160000 - 0x00007ffcb0889000 	C:\WINDOWS\System32\SHELL32.dll
0x00007ffcadd40000 - 0x00007ffcadea8000 	C:\WINDOWS\System32\wintypes.dll
0x00007ffcab7e0000 - 0x00007ffcac032000 	C:\WINDOWS\SYSTEM32\windows.storage.dll
0x00007ffcb0050000 - 0x00007ffcb013d000 	C:\WINDOWS\System32\SHCORE.dll
0x00007ffcb0890000 - 0x00007ffcb08f4000 	C:\WINDOWS\System32\shlwapi.dll
0x00007ffcada70000 - 0x00007ffcada9f000 	C:\WINDOWS\SYSTEM32\profapi.dll
0x00007ffc7ec20000 - 0x00007ffc7ec38000 	c:\Users\MSI\.vscode\extensions\redhat.java-1.41.1-win32-x64\jre\21.0.6-win32-x86_64\bin\zip.dll
0x00007ffc93820000 - 0x00007ffc93830000 	C:\Users\MSI\.vscode\extensions\redhat.java-1.41.1-win32-x64\jre\21.0.6-win32-x86_64\bin\net.dll
0x00007ffca79e0000 - 0x00007ffca7afd000 	C:\WINDOWS\SYSTEM32\WINHTTP.dll
0x00007ffcace90000 - 0x00007ffcacefa000 	C:\WINDOWS\system32\mswsock.dll
0x00007ffc7bd10000 - 0x00007ffc7bd26000 	C:\Users\MSI\.vscode\extensions\redhat.java-1.41.1-win32-x64\jre\21.0.6-win32-x86_64\bin\nio.dll
0x00007ffc89910000 - 0x00007ffc89920000 	c:\Users\MSI\.vscode\extensions\redhat.java-1.41.1-win32-x64\jre\21.0.6-win32-x86_64\bin\verify.dll
0x00007ffc84ca0000 - 0x00007ffc84ce5000 	C:\Users\MSI\AppData\Roaming\Code\User\globalStorage\redhat.java\1.41.1\config_win\org.eclipse.equinox.launcher\org.eclipse.equinox.launcher.win32.win32.x86_64_1.2.1300.v20250331-1702\eclipse_11911.dll
0x00007ffcaeaf0000 - 0x00007ffcaec86000 	C:\WINDOWS\System32\ole32.dll
0x00007ffcad130000 - 0x00007ffcad14c000 	C:\WINDOWS\SYSTEM32\CRYPTSP.dll
0x00007ffcac8d0000 - 0x00007ffcac90a000 	C:\WINDOWS\system32\rsaenh.dll
0x00007ffcacf30000 - 0x00007ffcacf5b000 	C:\WINDOWS\SYSTEM32\USERENV.dll
0x00007ffcada40000 - 0x00007ffcada66000 	C:\WINDOWS\SYSTEM32\bcrypt.dll
0x00007ffcad150000 - 0x00007ffcad15c000 	C:\WINDOWS\SYSTEM32\CRYPTBASE.dll
0x00007ffcac3b0000 - 0x00007ffcac3e3000 	C:\WINDOWS\SYSTEM32\IPHLPAPI.DLL
0x00007ffcb0900000 - 0x00007ffcb090a000 	C:\WINDOWS\System32\NSI.dll
0x00007ffc5aca0000 - 0x00007ffc5ace9000 	C:\Users\MSI\AppData\Local\Temp\jna-76643\jna9141470769390895617.dll
0x00007ffcafa60000 - 0x00007ffcafa68000 	C:\WINDOWS\System32\PSAPI.DLL
0x00007ffca7c30000 - 0x00007ffca7c4f000 	C:\WINDOWS\SYSTEM32\dhcpcsvc6.DLL
0x00007ffca7b60000 - 0x00007ffca7b85000 	C:\WINDOWS\SYSTEM32\dhcpcsvc.DLL

dbghelp: loaded successfully - version: 4.0.5 - missing functions: none
symbol engine: initialized successfully - sym options: 0x614 - pdb path: .;c:\Users\MSI\.vscode\extensions\redhat.java-1.41.1-win32-x64\jre\21.0.6-win32-x86_64\bin;C:\WINDOWS\SYSTEM32;C:\WINDOWS\WinSxS\amd64_microsoft.windows.common-controls_6595b64144ccf1df_6.0.26100.3624_none_3e086962e3345f24;c:\Users\MSI\.vscode\extensions\redhat.java-1.41.1-win32-x64\jre\21.0.6-win32-x86_64\bin\server;C:\Users\MSI\AppData\Roaming\Code\User\globalStorage\redhat.java\1.41.1\config_win\org.eclipse.equinox.launcher\org.eclipse.equinox.launcher.win32.win32.x86_64_1.2.1300.v20250331-1702;C:\Users\MSI\AppData\Local\Temp\jna-76643

VM Arguments:
jvm_args: --add-modules=ALL-SYSTEM --add-opens=java.base/java.util=ALL-UNNAMED --add-opens=java.base/java.lang=ALL-UNNAMED --add-opens=java.base/sun.nio.fs=ALL-UNNAMED -Declipse.application=org.eclipse.jdt.ls.core.id1 -Dosgi.bundles.defaultStartLevel=4 -Declipse.product=org.eclipse.jdt.ls.core.product -Djava.import.generatesMetadataFilesAtProjectRoot=false -DDetectVMInstallationsJob.disabled=true -Dfile.encoding=utf8 -XX:+UseParallelGC -XX:GCTimeRatio=4 -XX:AdaptiveSizePolicyWeight=90 -Dsun.zip.disableMemoryMapping=true -Xmx1G -Xms100m -Xlog:disable -javaagent:c:\Users\MSI\.vscode\extensions\redhat.java-1.41.1-win32-x64\lombok\lombok-1.18.36.jar -XX:+HeapDumpOnOutOfMemoryError -XX:HeapDumpPath=c:\Users\MSI\AppData\Roaming\Code\User\workspaceStorage\3815725e1ac4c6c69b70af32f7c49045\redhat.java -Daether.dependencyCollector.impl=bf 
java_command: c:\Users\MSI\.vscode\extensions\redhat.java-1.41.1-win32-x64\server\plugins\org.eclipse.equinox.launcher_1.7.0.v20250331-1702.jar -configuration c:\Users\MSI\AppData\Roaming\Code\User\globalStorage\redhat.java\1.41.1\config_win -data c:\Users\MSI\AppData\Roaming\Code\User\workspaceStorage\3815725e1ac4c6c69b70af32f7c49045\redhat.java\jdt_ws --pipe=\\.\pipe\lsp-d74459de3dbaf5f293df94e5605c9f88-sock
java_class_path (initial): c:\Users\MSI\.vscode\extensions\redhat.java-1.41.1-win32-x64\server\plugins\org.eclipse.equinox.launcher_1.7.0.v20250331-1702.jar
Launcher Type: SUN_STANDARD

[Global flags]
    uintx AdaptiveSizePolicyWeight                 = 90                                        {product} {command line}
     intx CICompilerCount                          = 12                                        {product} {ergonomic}
    uintx GCTimeRatio                              = 4                                         {product} {command line}
     bool HeapDumpOnOutOfMemoryError               = true                                   {manageable} {command line}
    ccstr HeapDumpPath                             = c:\Users\MSI\AppData\Roaming\Code\User\workspaceStorage\3815725e1ac4c6c69b70af32f7c49045\redhat.java         {manageable} {command line}
   size_t InitialHeapSize                          = 104857600                                 {product} {command line}
   size_t MaxHeapSize                              = 1073741824                                {product} {command line}
   size_t MaxNewSize                               = 357564416                                 {product} {ergonomic}
   size_t MinHeapDeltaBytes                        = 524288                                    {product} {ergonomic}
   size_t MinHeapSize                              = 104857600                                 {product} {command line}
   size_t NewSize                                  = 34603008                                  {product} {ergonomic}
    uintx NonNMethodCodeHeapSize                   = 7602480                                {pd product} {ergonomic}
    uintx NonProfiledCodeHeapSize                  = 122027880                              {pd product} {ergonomic}
   size_t OldSize                                  = 70254592                                  {product} {ergonomic}
    uintx ProfiledCodeHeapSize                     = 122027880                              {pd product} {ergonomic}
    uintx ReservedCodeCacheSize                    = 251658240                              {pd product} {ergonomic}
     bool SegmentedCodeCache                       = true                                      {product} {ergonomic}
   size_t SoftMaxHeapSize                          = 1073741824                             {manageable} {ergonomic}
     bool UseCompressedOops                        = true                           {product lp64_product} {ergonomic}
     bool UseLargePagesIndividualAllocation        = false                                  {pd product} {ergonomic}
     bool UseParallelGC                            = true                                      {product} {command line}

Logging:
Log output configuration:
 #0: stdout all=off uptime,level,tags foldmultilines=false
 #1: stderr all=off uptime,level,tags foldmultilines=false

Environment Variables:
JAVA_HOME=C:\Program Files\Java\jdk-17
PATH=C:\Program Files\Common Files\Oracle\Java\javapath;C:\Program Files (x86)\VMware\VMware Workstation\bin\;C:\Program Files\Microsoft MPI\Bin\;C:\WINDOWS\system32;C:\WINDOWS;C:\WINDOWS\System32\Wbem;C:\WINDOWS\System32\WindowsPowerShell\v1.0\;C:\WINDOWS\System32\OpenSSH\;C:\Program Files\nodejs\;C:\Program Files (x86)\Microsoft SQL Server\160\Tools\Binn\;C:\Program Files\Microsoft SQL Server\160\Tools\Binn\;C:\Program Files\Microsoft SQL Server\Client SDK\ODBC\170\Tools\Binn\;C:\Program Files\Microsoft SQL Server\160\DTS\Binn\;C:\Program Files (x86)\Microsoft SQL Server\160\DTS\Binn\;C:\Program Files\Git LFS;C:\Program Files\Git\cmd;C:\Program Files\PowerShell\7\;C:\Program Files\Java\jdk-17\bin;C:\Program Files\MySQL\MySQL Shell 8.0\bin\;C:\Users\MSI\AppData\Local\Programs\Python\Python313;C:\Users\MSI\AppData\Local\Microsoft\WindowsApps;C:\Users\MSI\AppData\Local\Programs\Microsoft VS Code\bin;C:\Users\MSI\AppData\Roaming\npm;C:\Program Files\JetBrains\IntelliJ IDEA 2024.3.1.1\bin;;
USERNAME=MSI
OS=Windows_NT
PROCESSOR_IDENTIFIER=AMD64 Family 25 Model 80 Stepping 0, AuthenticAMD
TMP=C:\Users\MSI\AppData\Local\Temp
TEMP=C:\Users\MSI\AppData\Local\Temp




Periodic native trim disabled

---------------  S Y S T E M  ---------------

OS:
 Windows 11 , 64 bit Build 26100 (10.0.26100.3775)
OS uptime: 0 days 0:07 hours
Hyper-V role detected

CPU: total 16 (initial active 16) (16 cores per cpu, 2 threads per core) family 25 model 80 stepping 0 microcode 0xa50000c, cx8, cmov, fxsr, ht, mmx, 3dnowpref, sse, sse2, sse3, ssse3, sse4a, sse4.1, sse4.2, popcnt, lzcnt, tsc, tscinvbit, avx, avx2, aes, erms, clmul, bmi1, bmi2, adx, sha, fma, vzeroupper, clflush, clflushopt, hv, rdtscp, rdpid, fsrm, f16c, cet_ss
Processor Information for processor 0
  Max Mhz: 3201, Current Mhz: 2555, Mhz Limit: 3201
Processor Information for processor 1
  Max Mhz: 3201, Current Mhz: 2555, Mhz Limit: 3201
Processor Information for processor 2
  Max Mhz: 3201, Current Mhz: 2555, Mhz Limit: 3201
Processor Information for processor 3
  Max Mhz: 3201, Current Mhz: 2555, Mhz Limit: 3201
Processor Information for processor 4
  Max Mhz: 3201, Current Mhz: 2555, Mhz Limit: 3201
Processor Information for processor 5
  Max Mhz: 3201, Current Mhz: 2555, Mhz Limit: 3201
Processor Information for processor 6
  Max Mhz: 3201, Current Mhz: 3201, Mhz Limit: 3201
Processor Information for processor 7
  Max Mhz: 3201, Current Mhz: 3201, Mhz Limit: 3201
Processor Information for processor 8
  Max Mhz: 3201, Current Mhz: 2555, Mhz Limit: 3201
Processor Information for processor 9
  Max Mhz: 3201, Current Mhz: 2555, Mhz Limit: 3201
Processor Information for processor 10
  Max Mhz: 3201, Current Mhz: 2555, Mhz Limit: 3201
Processor Information for processor 11
  Max Mhz: 3201, Current Mhz: 2555, Mhz Limit: 3201
Processor Information for processor 12
  Max Mhz: 3201, Current Mhz: 2555, Mhz Limit: 3201
Processor Information for processor 13
  Max Mhz: 3201, Current Mhz: 3201, Mhz Limit: 3201
Processor Information for processor 14
  Max Mhz: 3201, Current Mhz: 3201, Mhz Limit: 3201
Processor Information for processor 15
  Max Mhz: 3201, Current Mhz: 3201, Mhz Limit: 3201

Memory: 4k page, system-wide physical 15752M (4604M free)
TotalPageFile size 15752M (AvailPageFile size 100M)
current process WorkingSet (physical memory assigned to process): 724M, peak: 811M
current process commit charge ("private bytes"): 682M, peak: 755M

vm_info: OpenJDK 64-Bit Server VM (21.0.6+7-LTS) for windows-amd64 JRE (21.0.6+7-LTS), built on 2025-01-21T00:00:00Z by "admin" with MS VC++ 17.7 (VS2022)

END.
