#
# There is insufficient memory for the Java Runtime Environment to continue.
# Native memory allocation (malloc) failed to allocate 1053776 bytes. Error detail: Chunk::new
# Possible reasons:
#   The system is out of physical RAM or swap space
#   This process is running with CompressedOops enabled, and the Java Heap may be blocking the growth of the native heap
# Possible solutions:
#   Reduce memory load on the system
#   Increase physical memory or swap space
#   Check if swap backing store is full
#   Decrease Java heap size (-Xmx/-Xms)
#   Decrease number of Java threads
#   Decrease Java thread stack sizes (-Xss)
#   Set larger code cache with -XX:ReservedCodeCacheSize=
#   JVM is running with Unscaled Compressed Oops mode in which the Java heap is
#     placed in the first 4GB address space. The Java Heap base address is the
#     maximum limit for the native heap growth. Please use -XX:HeapBaseMinAddress
#     to set the Java Heap base and to place the Java Heap above 4GB virtual address.
# This output file may be truncated or incomplete.
#
#  Out of Memory Error (arena.cpp:168), pid=23332, tid=22636
#
# JRE version: OpenJDK Runtime Environment Temurin-21.0.6+7 (21.0.6+7) (build 21.0.6+7-LTS)
# Java VM: OpenJDK 64-Bit Server VM Temurin-21.0.6+7 (21.0.6+7-LTS, mixed mode, sharing, tiered, compressed oops, compressed class ptrs, parallel gc, windows-amd64)
# No core dump will be written. Minidumps are not enabled by default on client versions of Windows
#

---------------  S U M M A R Y ------------

Command Line: --add-modules=ALL-SYSTEM --add-opens=java.base/java.util=ALL-UNNAMED --add-opens=java.base/java.lang=ALL-UNNAMED --add-opens=java.base/sun.nio.fs=ALL-UNNAMED -Declipse.application=org.eclipse.jdt.ls.core.id1 -Dosgi.bundles.defaultStartLevel=4 -Declipse.product=org.eclipse.jdt.ls.core.product -Djava.import.generatesMetadataFilesAtProjectRoot=false -DDetectVMInstallationsJob.disabled=true -Dfile.encoding=utf8 -XX:+UseParallelGC -XX:GCTimeRatio=4 -XX:AdaptiveSizePolicyWeight=90 -Dsun.zip.disableMemoryMapping=true -Xmx1G -Xms100m -Xlog:disable -javaagent:c:\Users\MSI\.vscode\extensions\redhat.java-1.41.1-win32-x64\lombok\lombok-1.18.36.jar -XX:+HeapDumpOnOutOfMemoryError -XX:HeapDumpPath=c:\Users\MSI\AppData\Roaming\Code\User\workspaceStorage\3815725e1ac4c6c69b70af32f7c49045\redhat.java -Daether.dependencyCollector.impl=bf c:\Users\MSI\.vscode\extensions\redhat.java-1.41.1-win32-x64\server\plugins\org.eclipse.equinox.launcher_1.7.0.v20250331-1702.jar -configuration c:\Users\MSI\AppData\Roaming\Code\User\globalStorage\redhat.java\1.41.1\config_win -data c:\Users\MSI\AppData\Roaming\Code\User\workspaceStorage\3815725e1ac4c6c69b70af32f7c49045\redhat.java\jdt_ws --pipe=\\.\pipe\lsp-024993ed8bd29298d8cfd4f3b6792555-sock

Host: AMD Ryzen 7 5800H with Radeon Graphics         , 16 cores, 15G,  Windows 11 , 64 bit Build 26100 (10.0.26100.3775)
Time: Mon Apr 14 20:03:05 2025 SE Asia Standard Time elapsed time: 28.441233 seconds (0d 0h 0m 28s)

---------------  T H R E A D  ---------------

Current thread (0x000001d1fdc25300):  JavaThread "C2 CompilerThread0" daemon [_thread_in_native, id=22636, stack(0x0000004fccb00000,0x0000004fccc00000) (1024K)]


Current CompileTask:
C2:28441 15388   !   4       org.eclipse.jdt.internal.core.search.indexing.BinaryIndexer::indexDocument (1204 bytes)

Stack: [0x0000004fccb00000,0x0000004fccc00000]
Native frames: (J=compiled Java code, j=interpreted, Vv=VM code, C=native code)
V  [jvm.dll+0x6cdee9]
V  [jvm.dll+0x8a83d1]
V  [jvm.dll+0x8aa8fe]
V  [jvm.dll+0x8aafe3]
V  [jvm.dll+0x27f706]
V  [jvm.dll+0xc500d]
V  [jvm.dll+0xc5543]
V  [jvm.dll+0x3b6752]
V  [jvm.dll+0x382935]
V  [jvm.dll+0x381d9a]
V  [jvm.dll+0x2479f0]
V  [jvm.dll+0x246fcf]
V  [jvm.dll+0x1c75ee]
V  [jvm.dll+0x25685a]
V  [jvm.dll+0x254dfa]
V  [jvm.dll+0x3f0256]
V  [jvm.dll+0x851f8b]
V  [jvm.dll+0x6cc5ed]
C  [ucrtbase.dll+0x37b0]
C  [KERNEL32.DLL+0x2e8d7]
C  [ntdll.dll+0xb14fc]


---------------  P R O C E S S  ---------------

Threads class SMR info:
_java_thread_list=0x000001d194b5ee80, length=97, elements={
0x000001d1a715bdc0, 0x000001d1bb5459a0, 0x000001d1bb546590, 0x000001d1fdc1bd50,
0x000001d1bb546fa0, 0x000001d1bb548eb0, 0x000001d1bb54e4c0, 0x000001d1fdc25300,
0x000001d1fdc31820, 0x000001d1a71c94f0, 0x000001d1ff331a80, 0x000001d184335360,
0x000001d1845869d0, 0x000001d1840bc6a0, 0x000001d1ffab5360, 0x000001d184a64600,
0x000001d1847b90b0, 0x000001d1845464c0, 0x000001d184543040, 0x000001d184545e30,
0x000001d1845436d0, 0x000001d184543d60, 0x000001d184544a80, 0x000001d184545110,
0x000001d1845457a0, 0x000001d18700df00, 0x000001d18700e590, 0x000001d18700d870,
0x000001d18700c4c0, 0x000001d18700cb50, 0x000001d18700f2b0, 0x000001d18700ec20,
0x000001d18700d1e0, 0x000001d18700be30, 0x000001d187011a10, 0x000001d18700f940,
0x000001d187010cf0, 0x000001d187010660, 0x000001d187011380, 0x000001d187013450,
0x000001d1870120a0, 0x000001d187012730, 0x000001d187012dc0, 0x000001d18700ffd0,
0x000001d186241460, 0x000001d186244f70, 0x000001d186243bc0, 0x000001d186242810,
0x000001d186244250, 0x000001d186242ea0, 0x000001d186243530, 0x000001d1862448e0,
0x000001d186245600, 0x000001d186242180, 0x000001d186247040, 0x000001d186246320,
0x000001d1862476d0, 0x000001d1862483f0, 0x000001d1862469b0, 0x000001d186248a80,
0x000001d186247d60, 0x000001d186245c90, 0x000001d18769e930, 0x000001d18769efc0,
0x000001d18769e2a0, 0x000001d18769cef0, 0x000001d18769dc10, 0x000001d1876a0370,
0x000001d18769f650, 0x000001d18769fce0, 0x000001d1876a0a00, 0x000001d18769d580,
0x000001d1876a2440, 0x000001d1876a3e80, 0x000001d1876a1db0, 0x000001d1876a4510,
0x000001d1876a3160, 0x000001d1876a1720, 0x000001d196e67960, 0x000001d196e672d0,
0x000001d196e66c40, 0x000001d196e693a0, 0x000001d196e68d10, 0x000001d196e68680,
0x000001d196e69a30, 0x000001d196e665b0, 0x000001d196e6a0c0, 0x000001d196e6a750,
0x000001d196e6d540, 0x000001d196e6dbd0, 0x000001d196e6ade0, 0x000001d196e6b470,
0x000001d196e6bb00, 0x000001d191a12e60, 0x000001d191a16970, 0x000001d191a134f0,
0x000001d191a162e0
}

Java Threads: ( => current thread )
  0x000001d1a715bdc0 JavaThread "main"                              [_thread_blocked, id=22612, stack(0x0000004fcc100000,0x0000004fcc200000) (1024K)]
  0x000001d1bb5459a0 JavaThread "Reference Handler"          daemon [_thread_blocked, id=22664, stack(0x0000004fcc500000,0x0000004fcc600000) (1024K)]
  0x000001d1bb546590 JavaThread "Finalizer"                  daemon [_thread_blocked, id=22660, stack(0x0000004fcc600000,0x0000004fcc700000) (1024K)]
  0x000001d1fdc1bd50 JavaThread "Signal Dispatcher"          daemon [_thread_blocked, id=22624, stack(0x0000004fcc700000,0x0000004fcc800000) (1024K)]
  0x000001d1bb546fa0 JavaThread "Attach Listener"            daemon [_thread_blocked, id=22620, stack(0x0000004fcc800000,0x0000004fcc900000) (1024K)]
  0x000001d1bb548eb0 JavaThread "Service Thread"             daemon [_thread_blocked, id=23036, stack(0x0000004fcc900000,0x0000004fcca00000) (1024K)]
  0x000001d1bb54e4c0 JavaThread "Monitor Deflation Thread"   daemon [_thread_blocked, id=22656, stack(0x0000004fcca00000,0x0000004fccb00000) (1024K)]
=>0x000001d1fdc25300 JavaThread "C2 CompilerThread0"         daemon [_thread_in_native, id=22636, stack(0x0000004fccb00000,0x0000004fccc00000) (1024K)]
  0x000001d1fdc31820 JavaThread "C1 CompilerThread0"         daemon [_thread_blocked, id=22916, stack(0x0000004fccc00000,0x0000004fccd00000) (1024K)]
  0x000001d1a71c94f0 JavaThread "Common-Cleaner"             daemon [_thread_blocked, id=22604, stack(0x0000004fccd00000,0x0000004fcce00000) (1024K)]
  0x000001d1ff331a80 JavaThread "Notification Thread"        daemon [_thread_blocked, id=21860, stack(0x0000004fcd300000,0x0000004fcd400000) (1024K)]
  0x000001d184335360 JavaThread "Active Thread: Equinox Container: d969f0be-4079-45fb-944c-ed7f306bd541"        [_thread_blocked, id=21632, stack(0x0000004fcdb00000,0x0000004fcdc00000) (1024K)]
  0x000001d1845869d0 JavaThread "Refresh Thread: Equinox Container: d969f0be-4079-45fb-944c-ed7f306bd541" daemon [_thread_blocked, id=23028, stack(0x0000004fcde00000,0x0000004fcdf00000) (1024K)]
  0x000001d1840bc6a0 JavaThread "Framework Event Dispatcher: Equinox Container: d969f0be-4079-45fb-944c-ed7f306bd541" daemon [_thread_blocked, id=22876, stack(0x0000004fcdf00000,0x0000004fce000000) (1024K)]
  0x000001d1ffab5360 JavaThread "Start Level: Equinox Container: d969f0be-4079-45fb-944c-ed7f306bd541" daemon [_thread_blocked, id=19424, stack(0x0000004fce000000,0x0000004fce100000) (1024K)]
  0x000001d184a64600 JavaThread "Bundle File Closer"         daemon [_thread_blocked, id=23248, stack(0x0000004fce100000,0x0000004fce200000) (1024K)]
  0x000001d1847b90b0 JavaThread "SCR Component Actor"        daemon [_thread_blocked, id=19484, stack(0x0000004fce400000,0x0000004fce500000) (1024K)]
  0x000001d1845464c0 JavaThread "Worker-JM"                         [_thread_blocked, id=12224, stack(0x0000004fce900000,0x0000004fcea00000) (1024K)]
  0x000001d184543040 JavaThread "JNA Cleaner"                daemon [_thread_blocked, id=22968, stack(0x0000004fcea00000,0x0000004fceb00000) (1024K)]
  0x000001d184545e30 JavaThread "Worker-0: Java indexing... "        [_thread_blocked, id=23388, stack(0x0000004fcd500000,0x0000004fcd600000) (1024K)]
  0x000001d1845436d0 JavaThread "Worker-1"                          [_thread_blocked, id=23136, stack(0x0000004fceb00000,0x0000004fcec00000) (1024K)]
  0x000001d184543d60 JavaThread "Worker-2"                          [_thread_blocked, id=23464, stack(0x0000004fcec00000,0x0000004fced00000) (1024K)]
  0x000001d184544a80 JavaThread "Java indexing"              daemon [_thread_blocked, id=22236, stack(0x0000004fcef00000,0x0000004fcf000000) (1024K)]
  0x000001d184545110 JavaThread "Worker-3"                          [_thread_blocked, id=5300, stack(0x0000004fcf000000,0x0000004fcf100000) (1024K)]
  0x000001d1845457a0 JavaThread "Worker-4: Initialize workspace"        [_thread_blocked, id=23120, stack(0x0000004fcf300000,0x0000004fcf400000) (1024K)]
  0x000001d18700df00 JavaThread "Worker-5"                          [_thread_blocked, id=22596, stack(0x0000004fcf400000,0x0000004fcf500000) (1024K)]
  0x000001d18700e590 JavaThread "Thread-2"                   daemon [_thread_in_native, id=20312, stack(0x0000004fcf500000,0x0000004fcf600000) (1024K)]
  0x000001d18700d870 JavaThread "Thread-3"                   daemon [_thread_in_native, id=23484, stack(0x0000004fcf600000,0x0000004fcf700000) (1024K)]
  0x000001d18700c4c0 JavaThread "Thread-4"                   daemon [_thread_in_native, id=23140, stack(0x0000004fcf700000,0x0000004fcf800000) (1024K)]
  0x000001d18700cb50 JavaThread "Thread-5"                   daemon [_thread_in_native, id=7368, stack(0x0000004fcf800000,0x0000004fcf900000) (1024K)]
  0x000001d18700f2b0 JavaThread "Thread-6"                   daemon [_thread_in_native, id=21916, stack(0x0000004fcf900000,0x0000004fcfa00000) (1024K)]
  0x000001d18700ec20 JavaThread "Thread-7"                   daemon [_thread_in_native, id=1628, stack(0x0000004fcfa00000,0x0000004fcfb00000) (1024K)]
  0x000001d18700d1e0 JavaThread "Thread-8"                   daemon [_thread_in_native, id=22512, stack(0x0000004fcfb00000,0x0000004fcfc00000) (1024K)]
  0x000001d18700be30 JavaThread "Thread-9"                   daemon [_thread_in_native, id=17920, stack(0x0000004fcfc00000,0x0000004fcfd00000) (1024K)]
  0x000001d187011a10 JavaThread "Thread-10"                  daemon [_thread_in_native, id=5500, stack(0x0000004fcfd00000,0x0000004fcfe00000) (1024K)]
  0x000001d18700f940 JavaThread "Thread-11"                  daemon [_thread_in_native, id=6624, stack(0x0000004fcfe00000,0x0000004fcff00000) (1024K)]
  0x000001d187010cf0 JavaThread "Thread-12"                  daemon [_thread_in_native, id=22928, stack(0x0000004fcff00000,0x0000004fd0000000) (1024K)]
  0x000001d187010660 JavaThread "Thread-13"                  daemon [_thread_in_native, id=22904, stack(0x0000004fd0000000,0x0000004fd0100000) (1024K)]
  0x000001d187011380 JavaThread "Thread-14"                  daemon [_thread_in_native, id=22924, stack(0x0000004fd0100000,0x0000004fd0200000) (1024K)]
  0x000001d187013450 JavaThread "Thread-15"                  daemon [_thread_in_native, id=6616, stack(0x0000004fd0200000,0x0000004fd0300000) (1024K)]
  0x000001d1870120a0 JavaThread "Thread-16"                  daemon [_thread_in_native, id=22448, stack(0x0000004fd0300000,0x0000004fd0400000) (1024K)]
  0x000001d187012730 JavaThread "Thread-17"                  daemon [_thread_in_native, id=1132, stack(0x0000004fd0400000,0x0000004fd0500000) (1024K)]
  0x000001d187012dc0 JavaThread "Thread-18"                  daemon [_thread_in_native, id=9848, stack(0x0000004fd0500000,0x0000004fd0600000) (1024K)]
  0x000001d18700ffd0 JavaThread "pool-2-thread-1"                   [_thread_blocked, id=19564, stack(0x0000004fd0700000,0x0000004fd0800000) (1024K)]
  0x000001d186241460 JavaThread "WorkspaceEventsHandler"            [_thread_blocked, id=22564, stack(0x0000004fd0a00000,0x0000004fd0b00000) (1024K)]
  0x000001d186244f70 JavaThread "pool-1-thread-1"                   [_thread_blocked, id=22496, stack(0x0000004fd0b00000,0x0000004fd0c00000) (1024K)]
  0x000001d186243bc0 JavaThread "Worker-6"                          [_thread_blocked, id=21536, stack(0x0000004fd0c00000,0x0000004fd0d00000) (1024K)]
  0x000001d186242810 JavaThread "Worker-7"                          [_thread_blocked, id=21524, stack(0x0000004fd0d00000,0x0000004fd0e00000) (1024K)]
  0x000001d186244250 JavaThread "LocalFile Deleter"          daemon [_thread_blocked, id=9132, stack(0x0000004fd0e00000,0x0000004fd0f00000) (1024K)]
  0x000001d186242ea0 JavaThread "LocalFile Deleter"          daemon [_thread_blocked, id=10600, stack(0x0000004fd0f00000,0x0000004fd1000000) (1024K)]
  0x000001d186243530 JavaThread "LocalFile Deleter"          daemon [_thread_blocked, id=6436, stack(0x0000004fd1000000,0x0000004fd1100000) (1024K)]
  0x000001d1862448e0 JavaThread "LocalFile Deleter"          daemon [_thread_blocked, id=4820, stack(0x0000004fd1100000,0x0000004fd1200000) (1024K)]
  0x000001d186245600 JavaThread "LocalFile Deleter"          daemon [_thread_blocked, id=19812, stack(0x0000004fd1200000,0x0000004fd1300000) (1024K)]
  0x000001d186242180 JavaThread "LocalFile Deleter"          daemon [_thread_blocked, id=15240, stack(0x0000004fd1300000,0x0000004fd1400000) (1024K)]
  0x000001d186247040 JavaThread "LocalFile Deleter"          daemon [_thread_blocked, id=19648, stack(0x0000004fd1400000,0x0000004fd1500000) (1024K)]
  0x000001d186246320 JavaThread "LocalFile Deleter"          daemon [_thread_blocked, id=22304, stack(0x0000004fd1500000,0x0000004fd1600000) (1024K)]
  0x000001d1862476d0 JavaThread "LocalFile Deleter"          daemon [_thread_blocked, id=20296, stack(0x0000004fd1600000,0x0000004fd1700000) (1024K)]
  0x000001d1862483f0 JavaThread "LocalFile Deleter"          daemon [_thread_blocked, id=22340, stack(0x0000004fd1700000,0x0000004fd1800000) (1024K)]
  0x000001d1862469b0 JavaThread "LocalFile Deleter"          daemon [_thread_blocked, id=22336, stack(0x0000004fd1800000,0x0000004fd1900000) (1024K)]
  0x000001d186248a80 JavaThread "LocalFile Deleter"          daemon [_thread_blocked, id=18568, stack(0x0000004fd1900000,0x0000004fd1a00000) (1024K)]
  0x000001d186247d60 JavaThread "LocalFile Deleter"          daemon [_thread_blocked, id=20840, stack(0x0000004fd1a00000,0x0000004fd1b00000) (1024K)]
  0x000001d186245c90 JavaThread "LocalFile Deleter"          daemon [_thread_blocked, id=2856, stack(0x0000004fd1b00000,0x0000004fd1c00000) (1024K)]
  0x000001d18769e930 JavaThread "LocalFile Deleter"          daemon [_thread_blocked, id=4900, stack(0x0000004fd1c00000,0x0000004fd1d00000) (1024K)]
  0x000001d18769efc0 JavaThread "LocalFile Deleter"          daemon [_thread_blocked, id=8232, stack(0x0000004fd1d00000,0x0000004fd1e00000) (1024K)]
  0x000001d18769e2a0 JavaThread "Compiler Source File Reader" daemon [_thread_blocked, id=4372, stack(0x0000004fd1e00000,0x0000004fd1f00000) (1024K)]
  0x000001d18769cef0 JavaThread "Compiler Source File Reader" daemon [_thread_blocked, id=20528, stack(0x0000004fd1f00000,0x0000004fd2000000) (1024K)]
  0x000001d18769dc10 JavaThread "Compiler Source File Reader" daemon [_thread_blocked, id=1928, stack(0x0000004fd2000000,0x0000004fd2100000) (1024K)]
  0x000001d1876a0370 JavaThread "Compiler Source File Reader" daemon [_thread_blocked, id=22260, stack(0x0000004fd2100000,0x0000004fd2200000) (1024K)]
  0x000001d18769f650 JavaThread "Compiler Source File Reader" daemon [_thread_blocked, id=6692, stack(0x0000004fd2200000,0x0000004fd2300000) (1024K)]
  0x000001d18769fce0 JavaThread "Compiler Source File Reader" daemon [_thread_blocked, id=9440, stack(0x0000004fd2300000,0x0000004fd2400000) (1024K)]
  0x000001d1876a0a00 JavaThread "Compiler Source File Reader" daemon [_thread_blocked, id=23392, stack(0x0000004fd2400000,0x0000004fd2500000) (1024K)]
  0x000001d18769d580 JavaThread "Compiler Source File Reader" daemon [_thread_blocked, id=23452, stack(0x0000004fd2500000,0x0000004fd2600000) (1024K)]
  0x000001d1876a2440 JavaThread "Compiler Source File Reader" daemon [_thread_blocked, id=23448, stack(0x0000004fd2600000,0x0000004fd2700000) (1024K)]
  0x000001d1876a3e80 JavaThread "Compiler Source File Reader" daemon [_thread_blocked, id=9248, stack(0x0000004fd2700000,0x0000004fd2800000) (1024K)]
  0x000001d1876a1db0 JavaThread "Compiler Source File Reader" daemon [_thread_blocked, id=21460, stack(0x0000004fd2800000,0x0000004fd2900000) (1024K)]
  0x000001d1876a4510 JavaThread "Compiler Source File Reader" daemon [_thread_blocked, id=7560, stack(0x0000004fd2900000,0x0000004fd2a00000) (1024K)]
  0x000001d1876a3160 JavaThread "Compiler Source File Reader" daemon [_thread_blocked, id=21976, stack(0x0000004fd2a00000,0x0000004fd2b00000) (1024K)]
  0x000001d1876a1720 JavaThread "Compiler Source File Reader" daemon [_thread_blocked, id=12588, stack(0x0000004fd2b00000,0x0000004fd2c00000) (1024K)]
  0x000001d196e67960 JavaThread "Compiler Processing Task"   daemon [_thread_blocked, id=23304, stack(0x0000004fce500000,0x0000004fce600000) (1024K)]
  0x000001d196e672d0 JavaThread "Compiler Class File Writer" daemon [_thread_blocked, id=23308, stack(0x0000004fd2c00000,0x0000004fd2d00000) (1024K)]
  0x000001d196e66c40 JavaThread "Compiler Class File Writer" daemon [_thread_blocked, id=23204, stack(0x0000004fd2d00000,0x0000004fd2e00000) (1024K)]
  0x000001d196e693a0 JavaThread "Compiler Class File Writer" daemon [_thread_blocked, id=23192, stack(0x0000004fd2e00000,0x0000004fd2f00000) (1024K)]
  0x000001d196e68d10 JavaThread "Compiler Class File Writer" daemon [_thread_blocked, id=23124, stack(0x0000004fd2f00000,0x0000004fd3000000) (1024K)]
  0x000001d196e68680 JavaThread "Compiler Class File Writer" daemon [_thread_blocked, id=8536, stack(0x0000004fd3000000,0x0000004fd3100000) (1024K)]
  0x000001d196e69a30 JavaThread "Compiler Class File Writer" daemon [_thread_blocked, id=23016, stack(0x0000004fd3100000,0x0000004fd3200000) (1024K)]
  0x000001d196e665b0 JavaThread "Compiler Class File Writer" daemon [_thread_blocked, id=22588, stack(0x0000004fd3200000,0x0000004fd3300000) (1024K)]
  0x000001d196e6a0c0 JavaThread "Compiler Class File Writer" daemon [_thread_blocked, id=23364, stack(0x0000004fd3300000,0x0000004fd3400000) (1024K)]
  0x000001d196e6a750 JavaThread "Compiler Class File Writer" daemon [_thread_blocked, id=23372, stack(0x0000004fd3400000,0x0000004fd3500000) (1024K)]
  0x000001d196e6d540 JavaThread "Compiler Class File Writer" daemon [_thread_blocked, id=11888, stack(0x0000004fd3500000,0x0000004fd3600000) (1024K)]
  0x000001d196e6dbd0 JavaThread "Compiler Class File Writer" daemon [_thread_blocked, id=22784, stack(0x0000004fd3600000,0x0000004fd3700000) (1024K)]
  0x000001d196e6ade0 JavaThread "Compiler Class File Writer" daemon [_thread_blocked, id=22584, stack(0x0000004fd3700000,0x0000004fd3800000) (1024K)]
  0x000001d196e6b470 JavaThread "Compiler Class File Writer" daemon [_thread_blocked, id=19900, stack(0x0000004fd3800000,0x0000004fd3900000) (1024K)]
  0x000001d196e6bb00 JavaThread "Compiler Class File Writer" daemon [_thread_blocked, id=23080, stack(0x0000004fd3900000,0x0000004fd3a00000) (1024K)]
  0x000001d191a12e60 JavaThread "ForkJoinPool.commonPool-worker-1" daemon [_thread_blocked, id=19716, stack(0x0000004fd0600000,0x0000004fd0700000) (1024K)]
  0x000001d191a16970 JavaThread "ForkJoinPool.commonPool-worker-2" daemon [_thread_blocked, id=3400, stack(0x0000004fd0800000,0x0000004fd0900000) (1024K)]
  0x000001d191a134f0 JavaThread "Worker-8"                          [_thread_blocked, id=12184, stack(0x0000004fcee00000,0x0000004fcef00000) (1024K)]
  0x000001d191a162e0 JavaThread "ForkJoinPool.commonPool-worker-3" daemon [_thread_blocked, id=22868, stack(0x0000004fccf00000,0x0000004fcd000000) (1024K)]
Total: 97

Other Threads:
  0x000001d1a721eb70 VMThread "VM Thread"                           [id=22668, stack(0x0000004fcc400000,0x0000004fcc500000) (1024K)]
  0x000001d1bb42ca00 WatcherThread "VM Periodic Task Thread"        [id=22648, stack(0x0000004fcc300000,0x0000004fcc400000) (1024K)]
  0x000001d1a717a030 WorkerThread "GC Thread#0"                     [id=21652, stack(0x0000004fcc200000,0x0000004fcc300000) (1024K)]
  0x000001d1841f0aa0 WorkerThread "GC Thread#1"                     [id=3904, stack(0x0000004fcd600000,0x0000004fcd700000) (1024K)]
  0x000001d1ff79be00 WorkerThread "GC Thread#2"                     [id=14180, stack(0x0000004fcd700000,0x0000004fcd800000) (1024K)]
  0x000001d18416f1e0 WorkerThread "GC Thread#3"                     [id=22888, stack(0x0000004fcd800000,0x0000004fcd900000) (1024K)]
  0x000001d1ff8c9460 WorkerThread "GC Thread#4"                     [id=22772, stack(0x0000004fcd900000,0x0000004fcda00000) (1024K)]
  0x000001d184336350 WorkerThread "GC Thread#5"                     [id=21628, stack(0x0000004fcda00000,0x0000004fcdb00000) (1024K)]
  0x000001d1840ffa50 WorkerThread "GC Thread#6"                     [id=21640, stack(0x0000004fcdc00000,0x0000004fcdd00000) (1024K)]
  0x000001d1840ffdf0 WorkerThread "GC Thread#7"                     [id=22980, stack(0x0000004fcdd00000,0x0000004fcde00000) (1024K)]
  0x000001d184580180 WorkerThread "GC Thread#8"                     [id=23328, stack(0x0000004fce200000,0x0000004fce300000) (1024K)]
  0x000001d1845808c0 WorkerThread "GC Thread#9"                     [id=22860, stack(0x0000004fce300000,0x0000004fce400000) (1024K)]
  0x000001d1845813a0 WorkerThread "GC Thread#10"                    [id=22464, stack(0x0000004fce600000,0x0000004fce700000) (1024K)]
  0x000001d184581740 WorkerThread "GC Thread#11"                    [id=6464, stack(0x0000004fce700000,0x0000004fce800000) (1024K)]
  0x000001d18457fde0 WorkerThread "GC Thread#12"                    [id=21696, stack(0x0000004fce800000,0x0000004fce900000) (1024K)]
Total: 15

Threads with active compile tasks:
C2 CompilerThread0  28459 15388   !   4       org.eclipse.jdt.internal.core.search.indexing.BinaryIndexer::indexDocument (1204 bytes)
Total: 1

VM state: at safepoint (normal execution)

VM Mutex/Monitor currently owned by a thread:  ([mutex/lock_event])
[0x00007ffc098ce380] Threads_lock - owner thread: 0x000001d1a721eb70
[0x00007ffc098ce480] Heap_lock - owner thread: 0x000001d184544a80

Heap address: 0x00000000c0000000, size: 1024 MB, Compressed Oops mode: 32-bit

CDS archive(s) mapped at: [0x000001d1bc000000-0x000001d1bcba0000-0x000001d1bcba0000), size 12189696, SharedBaseAddress: 0x000001d1bc000000, ArchiveRelocationMode: 1.
Compressed class space mapped at: 0x000001d1bd000000-0x000001d1fd000000, reserved size: 1073741824
Narrow klass base: 0x000001d1bc000000, Narrow klass shift: 0, Narrow klass range: 0x100000000

GC Precious Log:
 CardTable entry size: 512
 CPUs: 16 total, 16 available
 Memory: 15752M
 Large Page Support: Disabled
 NUMA Support: Disabled
 Compressed Oops: Enabled (32-bit)
 Alignments: Space 512K, Generation 512K, Heap 2M
 Heap Min Capacity: 100M
 Heap Initial Capacity: 100M
 Heap Max Capacity: 1G
 Pre-touch: Disabled
 Parallel Workers: 13

Heap:
 PSYoungGen      total 2048K, used 512K [0x00000000eab00000, 0x00000000eae80000, 0x0000000100000000)
  eden space 1536K, 0% used [0x00000000eab00000,0x00000000eab00000,0x00000000eac80000)
  from space 512K, 100% used [0x00000000eae00000,0x00000000eae80000,0x00000000eae80000)
  to   space 1024K, 0% used [0x00000000eac80000,0x00000000eac80000,0x00000000ead80000)
 ParOldGen       total 519168K, used 518692K [0x00000000c0000000, 0x00000000dfb00000, 0x00000000eab00000)
  object space 519168K, 99% used [0x00000000c0000000,0x00000000dfa89048,0x00000000dfb00000)
 Metaspace       used 68901K, committed 70464K, reserved 1114112K
  class space    used 6823K, committed 7488K, reserved 1048576K

Card table byte_map: [0x000001d1a6b00000,0x000001d1a6d10000] _byte_map_base: 0x000001d1a6500000

Marking Bits: (ParMarkBitMap*) 0x00007ffc098d3260
 Begin Bits: [0x000001d1b9350000, 0x000001d1ba350000)
 End Bits:   [0x000001d1ba350000, 0x000001d1bb350000)

Polling page: 0x000001d1a50a0000

Metaspace:

Usage:
  Non-class:     60.62 MB used.
      Class:      6.66 MB used.
       Both:     67.29 MB used.

Virtual space:
  Non-class space:       64.00 MB reserved,      61.50 MB ( 96%) committed,  1 nodes.
      Class space:        1.00 GB reserved,       7.31 MB ( <1%) committed,  1 nodes.
             Both:        1.06 GB reserved,      68.81 MB (  6%) committed. 

Chunk freelists:
   Non-Class:  1.72 MB
       Class:  8.70 MB
        Both:  10.42 MB

MaxMetaspaceSize: unlimited
CompressedClassSpaceSize: 1.00 GB
Initial GC threshold: 21.00 MB
Current GC threshold: 112.75 MB
CDS: on
 - commit_granule_bytes: 65536.
 - commit_granule_words: 8192.
 - virtual_space_node_default_size: 8388608.
 - enlarge_chunks_in_place: 1.
 - use_allocation_guard: 0.


Internal statistics:

num_allocs_failed_limit: 17.
num_arena_births: 1384.
num_arena_deaths: 22.
num_vsnodes_births: 2.
num_vsnodes_deaths: 0.
num_space_committed: 1100.
num_space_uncommitted: 0.
num_chunks_returned_to_freelist: 43.
num_chunks_taken_from_freelist: 4716.
num_chunk_merges: 21.
num_chunk_splits: 2890.
num_chunks_enlarged: 1590.
num_inconsistent_stats: 0.

CodeHeap 'non-profiled nmethods': size=119168Kb used=12202Kb max_used=12202Kb free=106965Kb
 bounds [0x000001d1b1ef0000, 0x000001d1b2b10000, 0x000001d1b9350000]
CodeHeap 'profiled nmethods': size=119104Kb used=29969Kb max_used=33733Kb free=89135Kb
 bounds [0x000001d1aa350000, 0x000001d1ac450000, 0x000001d1b17a0000]
CodeHeap 'non-nmethods': size=7488Kb used=1462Kb max_used=3276Kb free=6025Kb
 bounds [0x000001d1b17a0000, 0x000001d1b1af0000, 0x000001d1b1ef0000]
 total_blobs=13874 nmethods=13096 adapters=681
 compilation: enabled
              stopped_count=0, restarted_count=0
 full_count=0

Compilation events (20 events):
Event: 23.753 Thread 0x000001d1fdc31820 nmethod 15378 0x000001d1aa627910 code [0x000001d1aa627ac0, 0x000001d1aa627ca8]
Event: 23.922 Thread 0x000001d1fdc31820 15379       3       org.eclipse.jdt.internal.core.search.indexing.AbstractIndexer::addModuleDeclaration (12 bytes)
Event: 23.923 Thread 0x000001d1fdc31820 nmethod 15379 0x000001d1aa6eeb90 code [0x000001d1aa6eed80, 0x000001d1aa6ef2e8]
Event: 24.088 Thread 0x000001d1fdc31820 15381       3       org.eclipse.jdt.internal.core.search.indexing.BinaryIndexer::indexPackageVisibilityDirective (115 bytes)
Event: 24.089 Thread 0x000001d1fdc31820 nmethod 15381 0x000001d1ab727b10 code [0x000001d1ab727d40, 0x000001d1ab728778]
Event: 24.089 Thread 0x000001d1fdc31820 15380       1       org.eclipse.jdt.internal.compiler.classfmt.ModuleInfo::opens (5 bytes)
Event: 24.089 Thread 0x000001d1fdc31820 nmethod 15380 0x000001d1b24c2290 code [0x000001d1b24c2420, 0x000001d1b24c24e8]
Event: 24.089 Thread 0x000001d1fdc31820 15382       1       org.eclipse.jdt.internal.compiler.classfmt.ModuleInfo::uses (5 bytes)
Event: 24.089 Thread 0x000001d1fdc31820 nmethod 15382 0x000001d1b247bc10 code [0x000001d1b247bda0, 0x000001d1b247be68]
Event: 24.089 Thread 0x000001d1fdc31820 15383       1       org.eclipse.jdt.internal.compiler.classfmt.ModuleInfo::provides (5 bytes)
Event: 24.089 Thread 0x000001d1fdc31820 nmethod 15383 0x000001d1b2331c90 code [0x000001d1b2331e20, 0x000001d1b2331ee8]
Event: 24.139 Thread 0x000001d1fdc25300 15384       4       org.eclipse.jdt.internal.compiler.classfmt.AnnotationInfo::scanAnnotation (330 bytes)
Event: 24.158 Thread 0x000001d1fdc25300 nmethod 15384 0x000001d1b2110710 code [0x000001d1b21109c0, 0x000001d1b2112440]
Event: 24.251 Thread 0x000001d1fdc31820 15385   !   3       org.eclipse.jdt.internal.core.search.indexing.BinaryIndexer::indexDocument (1204 bytes)
Event: 24.255 Thread 0x000001d1fdc31820 nmethod 15385 0x000001d1ab069c10 code [0x000001d1ab06a600, 0x000001d1ab0701f0]
Event: 24.298 Thread 0x000001d1fdc31820 15386       1       org.eclipse.jdt.internal.compiler.classfmt.ModuleInfo$ServiceInfo::name (5 bytes)
Event: 24.298 Thread 0x000001d1fdc31820 nmethod 15386 0x000001d1b2331990 code [0x000001d1b2331b20, 0x000001d1b2331be8]
Event: 24.298 Thread 0x000001d1fdc31820 15387       1       org.eclipse.jdt.internal.compiler.classfmt.ModuleInfo$ServiceInfo::with (5 bytes)
Event: 24.298 Thread 0x000001d1fdc31820 nmethod 15387 0x000001d1b2331610 code [0x000001d1b23317a0, 0x000001d1b2331868]
Event: 24.323 Thread 0x000001d1fdc25300 15388   !   4       org.eclipse.jdt.internal.core.search.indexing.BinaryIndexer::indexDocument (1204 bytes)

GC Heap History (20 events):
Event: 24.344 GC heap after
{Heap after GC invocations=1742 (full 4):
 PSYoungGen      total 3072K, used 480K [0x00000000eab00000, 0x00000000eae80000, 0x0000000100000000)
  eden space 2560K, 0% used [0x00000000eab00000,0x00000000eab00000,0x00000000ead80000)
  from space 512K, 93% used [0x00000000eae00000,0x00000000eae78000,0x00000000eae80000)
  to   space 512K, 0% used [0x00000000ead80000,0x00000000ead80000,0x00000000eae00000)
 ParOldGen       total 513024K, used 512821K [0x00000000c0000000, 0x00000000df500000, 0x00000000eab00000)
  object space 513024K, 99% used [0x00000000c0000000,0x00000000df4cd738,0x00000000df500000)
 Metaspace       used 68901K, committed 70464K, reserved 1114112K
  class space    used 6823K, committed 7488K, reserved 1048576K
}
Event: 24.347 GC heap before
{Heap before GC invocations=1743 (full 4):
 PSYoungGen      total 3072K, used 3040K [0x00000000eab00000, 0x00000000eae80000, 0x0000000100000000)
  eden space 2560K, 100% used [0x00000000eab00000,0x00000000ead80000,0x00000000ead80000)
  from space 512K, 93% used [0x00000000eae00000,0x00000000eae78000,0x00000000eae80000)
  to   space 512K, 0% used [0x00000000ead80000,0x00000000ead80000,0x00000000eae00000)
 ParOldGen       total 513024K, used 512821K [0x00000000c0000000, 0x00000000df500000, 0x00000000eab00000)
  object space 513024K, 99% used [0x00000000c0000000,0x00000000df4cd738,0x00000000df500000)
 Metaspace       used 68901K, committed 70464K, reserved 1114112K
  class space    used 6823K, committed 7488K, reserved 1048576K
}
Event: 24.348 GC heap after
{Heap after GC invocations=1743 (full 4):
 PSYoungGen      total 3072K, used 448K [0x00000000eab00000, 0x00000000eae80000, 0x0000000100000000)
  eden space 2560K, 0% used [0x00000000eab00000,0x00000000eab00000,0x00000000ead80000)
  from space 512K, 87% used [0x00000000ead80000,0x00000000eadf0000,0x00000000eae00000)
  to   space 512K, 0% used [0x00000000eae00000,0x00000000eae00000,0x00000000eae80000)
 ParOldGen       total 513536K, used 513205K [0x00000000c0000000, 0x00000000df580000, 0x00000000eab00000)
  object space 513536K, 99% used [0x00000000c0000000,0x00000000df52d738,0x00000000df580000)
 Metaspace       used 68901K, committed 70464K, reserved 1114112K
  class space    used 6823K, committed 7488K, reserved 1048576K
}
Event: 24.350 GC heap before
{Heap before GC invocations=1744 (full 4):
 PSYoungGen      total 3072K, used 3008K [0x00000000eab00000, 0x00000000eae80000, 0x0000000100000000)
  eden space 2560K, 100% used [0x00000000eab00000,0x00000000ead80000,0x00000000ead80000)
  from space 512K, 87% used [0x00000000ead80000,0x00000000eadf0000,0x00000000eae00000)
  to   space 512K, 0% used [0x00000000eae00000,0x00000000eae00000,0x00000000eae80000)
 ParOldGen       total 513536K, used 513205K [0x00000000c0000000, 0x00000000df580000, 0x00000000eab00000)
  object space 513536K, 99% used [0x00000000c0000000,0x00000000df52d738,0x00000000df580000)
 Metaspace       used 68901K, committed 70464K, reserved 1114112K
  class space    used 6823K, committed 7488K, reserved 1048576K
}
Event: 24.351 GC heap after
{Heap after GC invocations=1744 (full 4):
 PSYoungGen      total 3072K, used 480K [0x00000000eab00000, 0x00000000eae80000, 0x0000000100000000)
  eden space 2560K, 0% used [0x00000000eab00000,0x00000000eab00000,0x00000000ead80000)
  from space 512K, 93% used [0x00000000eae00000,0x00000000eae78000,0x00000000eae80000)
  to   space 512K, 0% used [0x00000000ead80000,0x00000000ead80000,0x00000000eae00000)
 ParOldGen       total 514048K, used 513573K [0x00000000c0000000, 0x00000000df600000, 0x00000000eab00000)
  object space 514048K, 99% used [0x00000000c0000000,0x00000000df589738,0x00000000df600000)
 Metaspace       used 68901K, committed 70464K, reserved 1114112K
  class space    used 6823K, committed 7488K, reserved 1048576K
}
Event: 24.354 GC heap before
{Heap before GC invocations=1745 (full 4):
 PSYoungGen      total 3072K, used 3040K [0x00000000eab00000, 0x00000000eae80000, 0x0000000100000000)
  eden space 2560K, 100% used [0x00000000eab00000,0x00000000ead80000,0x00000000ead80000)
  from space 512K, 93% used [0x00000000eae00000,0x00000000eae78000,0x00000000eae80000)
  to   space 512K, 0% used [0x00000000ead80000,0x00000000ead80000,0x00000000eae00000)
 ParOldGen       total 514048K, used 513573K [0x00000000c0000000, 0x00000000df600000, 0x00000000eab00000)
  object space 514048K, 99% used [0x00000000c0000000,0x00000000df589738,0x00000000df600000)
 Metaspace       used 68901K, committed 70464K, reserved 1114112K
  class space    used 6823K, committed 7488K, reserved 1048576K
}
Event: 24.355 GC heap after
{Heap after GC invocations=1745 (full 4):
 PSYoungGen      total 3072K, used 480K [0x00000000eab00000, 0x00000000eae80000, 0x0000000100000000)
  eden space 2560K, 0% used [0x00000000eab00000,0x00000000eab00000,0x00000000ead80000)
  from space 512K, 93% used [0x00000000ead80000,0x00000000eadf8000,0x00000000eae00000)
  to   space 512K, 0% used [0x00000000eae00000,0x00000000eae00000,0x00000000eae80000)
 ParOldGen       total 514048K, used 513917K [0x00000000c0000000, 0x00000000df600000, 0x00000000eab00000)
  object space 514048K, 99% used [0x00000000c0000000,0x00000000df5df738,0x00000000df600000)
 Metaspace       used 68901K, committed 70464K, reserved 1114112K
  class space    used 6823K, committed 7488K, reserved 1048576K
}
Event: 24.358 GC heap before
{Heap before GC invocations=1746 (full 4):
 PSYoungGen      total 3072K, used 3040K [0x00000000eab00000, 0x00000000eae80000, 0x0000000100000000)
  eden space 2560K, 100% used [0x00000000eab00000,0x00000000ead80000,0x00000000ead80000)
  from space 512K, 93% used [0x00000000ead80000,0x00000000eadf8000,0x00000000eae00000)
  to   space 512K, 0% used [0x00000000eae00000,0x00000000eae00000,0x00000000eae80000)
 ParOldGen       total 514048K, used 513917K [0x00000000c0000000, 0x00000000df600000, 0x00000000eab00000)
  object space 514048K, 99% used [0x00000000c0000000,0x00000000df5df738,0x00000000df600000)
 Metaspace       used 68901K, committed 70464K, reserved 1114112K
  class space    used 6823K, committed 7488K, reserved 1048576K
}
Event: 24.358 GC heap after
{Heap after GC invocations=1746 (full 4):
 PSYoungGen      total 3072K, used 480K [0x00000000eab00000, 0x00000000eae80000, 0x0000000100000000)
  eden space 2560K, 0% used [0x00000000eab00000,0x00000000eab00000,0x00000000ead80000)
  from space 512K, 93% used [0x00000000eae00000,0x00000000eae78000,0x00000000eae80000)
  to   space 512K, 0% used [0x00000000ead80000,0x00000000ead80000,0x00000000eae00000)
 ParOldGen       total 514560K, used 514261K [0x00000000c0000000, 0x00000000df680000, 0x00000000eab00000)
  object space 514560K, 99% used [0x00000000c0000000,0x00000000df635738,0x00000000df680000)
 Metaspace       used 68901K, committed 70464K, reserved 1114112K
  class space    used 6823K, committed 7488K, reserved 1048576K
}
Event: 24.363 GC heap before
{Heap before GC invocations=1747 (full 4):
 PSYoungGen      total 3072K, used 3012K [0x00000000eab00000, 0x00000000eae80000, 0x0000000100000000)
  eden space 2560K, 98% used [0x00000000eab00000,0x00000000ead79318,0x00000000ead80000)
  from space 512K, 93% used [0x00000000eae00000,0x00000000eae78000,0x00000000eae80000)
  to   space 512K, 0% used [0x00000000ead80000,0x00000000ead80000,0x00000000eae00000)
 ParOldGen       total 514560K, used 514261K [0x00000000c0000000, 0x00000000df680000, 0x00000000eab00000)
  object space 514560K, 99% used [0x00000000c0000000,0x00000000df635738,0x00000000df680000)
 Metaspace       used 68901K, committed 70464K, reserved 1114112K
  class space    used 6823K, committed 7488K, reserved 1048576K
}
Event: 24.363 GC heap after
{Heap after GC invocations=1747 (full 4):
 PSYoungGen      total 3072K, used 448K [0x00000000eab00000, 0x00000000eae80000, 0x0000000100000000)
  eden space 2560K, 0% used [0x00000000eab00000,0x00000000eab00000,0x00000000ead80000)
  from space 512K, 87% used [0x00000000ead80000,0x00000000eadf0000,0x00000000eae00000)
  to   space 512K, 0% used [0x00000000eae00000,0x00000000eae00000,0x00000000eae80000)
 ParOldGen       total 515584K, used 515149K [0x00000000c0000000, 0x00000000df780000, 0x00000000eab00000)
  object space 515584K, 99% used [0x00000000c0000000,0x00000000df713750,0x00000000df780000)
 Metaspace       used 68901K, committed 70464K, reserved 1114112K
  class space    used 6823K, committed 7488K, reserved 1048576K
}
Event: 24.376 GC heap before
{Heap before GC invocations=1748 (full 4):
 PSYoungGen      total 3072K, used 3008K [0x00000000eab00000, 0x00000000eae80000, 0x0000000100000000)
  eden space 2560K, 100% used [0x00000000eab00000,0x00000000ead80000,0x00000000ead80000)
  from space 512K, 87% used [0x00000000ead80000,0x00000000eadf0000,0x00000000eae00000)
  to   space 512K, 0% used [0x00000000eae00000,0x00000000eae00000,0x00000000eae80000)
 ParOldGen       total 515584K, used 515149K [0x00000000c0000000, 0x00000000df780000, 0x00000000eab00000)
  object space 515584K, 99% used [0x00000000c0000000,0x00000000df713750,0x00000000df780000)
 Metaspace       used 68901K, committed 70464K, reserved 1114112K
  class space    used 6823K, committed 7488K, reserved 1048576K
}
Event: 24.377 GC heap after
{Heap after GC invocations=1748 (full 4):
 PSYoungGen      total 2048K, used 503K [0x00000000eab00000, 0x00000000eb080000, 0x0000000100000000)
  eden space 1536K, 0% used [0x00000000eab00000,0x00000000eab00000,0x00000000eac80000)
  from space 512K, 98% used [0x00000000eae00000,0x00000000eae7dce8,0x00000000eae80000)
  to   space 1536K, 0% used [0x00000000eac80000,0x00000000eac80000,0x00000000eae00000)
 ParOldGen       total 516096K, used 515765K [0x00000000c0000000, 0x00000000df800000, 0x00000000eab00000)
  object space 516096K, 99% used [0x00000000c0000000,0x00000000df7ad750,0x00000000df800000)
 Metaspace       used 68901K, committed 70464K, reserved 1114112K
  class space    used 6823K, committed 7488K, reserved 1048576K
}
Event: 24.380 GC heap before
{Heap before GC invocations=1749 (full 4):
 PSYoungGen      total 2048K, used 2039K [0x00000000eab00000, 0x00000000eb080000, 0x0000000100000000)
  eden space 1536K, 100% used [0x00000000eab00000,0x00000000eac80000,0x00000000eac80000)
  from space 512K, 98% used [0x00000000eae00000,0x00000000eae7dce8,0x00000000eae80000)
  to   space 1536K, 0% used [0x00000000eac80000,0x00000000eac80000,0x00000000eae00000)
 ParOldGen       total 516096K, used 515765K [0x00000000c0000000, 0x00000000df800000, 0x00000000eab00000)
  object space 516096K, 99% used [0x00000000c0000000,0x00000000df7ad750,0x00000000df800000)
 Metaspace       used 68901K, committed 70464K, reserved 1114112K
  class space    used 6823K, committed 7488K, reserved 1048576K
}
Event: 24.381 GC heap after
{Heap after GC invocations=1749 (full 4):
 PSYoungGen      total 3072K, used 0K [0x00000000eab00000, 0x00000000eae80000, 0x0000000100000000)
  eden space 1536K, 0% used [0x00000000eab00000,0x00000000eab00000,0x00000000eac80000)
  from space 1536K, 0% used [0x00000000eac80000,0x00000000eac80000,0x00000000eae00000)
  to   space 512K, 0% used [0x00000000eae00000,0x00000000eae00000,0x00000000eae80000)
 ParOldGen       total 516608K, used 516301K [0x00000000c0000000, 0x00000000df880000, 0x00000000eab00000)
  object space 516608K, 99% used [0x00000000c0000000,0x00000000df833448,0x00000000df880000)
 Metaspace       used 68901K, committed 70464K, reserved 1114112K
  class space    used 6823K, committed 7488K, reserved 1048576K
}
Event: 24.385 GC heap before
{Heap before GC invocations=1750 (full 4):
 PSYoungGen      total 3072K, used 1536K [0x00000000eab00000, 0x00000000eae80000, 0x0000000100000000)
  eden space 1536K, 100% used [0x00000000eab00000,0x00000000eac80000,0x00000000eac80000)
  from space 1536K, 0% used [0x00000000eac80000,0x00000000eac80000,0x00000000eae00000)
  to   space 512K, 0% used [0x00000000eae00000,0x00000000eae00000,0x00000000eae80000)
 ParOldGen       total 516608K, used 516301K [0x00000000c0000000, 0x00000000df880000, 0x00000000eab00000)
  object space 516608K, 99% used [0x00000000c0000000,0x00000000df833448,0x00000000df880000)
 Metaspace       used 68901K, committed 70464K, reserved 1114112K
  class space    used 6823K, committed 7488K, reserved 1048576K
}
Event: 24.386 GC heap after
{Heap after GC invocations=1750 (full 4):
 PSYoungGen      total 2048K, used 486K [0x00000000eab00000, 0x00000000eae80000, 0x0000000100000000)
  eden space 1536K, 0% used [0x00000000eab00000,0x00000000eab00000,0x00000000eac80000)
  from space 512K, 95% used [0x00000000eae00000,0x00000000eae79a00,0x00000000eae80000)
  to   space 1024K, 0% used [0x00000000eac80000,0x00000000eac80000,0x00000000ead80000)
 ParOldGen       total 516608K, used 516429K [0x00000000c0000000, 0x00000000df880000, 0x00000000eab00000)
  object space 516608K, 99% used [0x00000000c0000000,0x00000000df853448,0x00000000df880000)
 Metaspace       used 68901K, committed 70464K, reserved 1114112K
  class space    used 6823K, committed 7488K, reserved 1048576K
}
Event: 24.392 GC heap before
{Heap before GC invocations=1751 (full 4):
 PSYoungGen      total 2048K, used 2001K [0x00000000eab00000, 0x00000000eae80000, 0x0000000100000000)
  eden space 1536K, 98% used [0x00000000eab00000,0x00000000eac7ad50,0x00000000eac80000)
  from space 512K, 95% used [0x00000000eae00000,0x00000000eae79a00,0x00000000eae80000)
  to   space 1024K, 0% used [0x00000000eac80000,0x00000000eac80000,0x00000000ead80000)
 ParOldGen       total 516608K, used 516429K [0x00000000c0000000, 0x00000000df880000, 0x00000000eab00000)
  object space 516608K, 99% used [0x00000000c0000000,0x00000000df853448,0x00000000df880000)
 Metaspace       used 68901K, committed 70464K, reserved 1114112K
  class space    used 6823K, committed 7488K, reserved 1048576K
}
Event: 27.413 GC heap after
{Heap after GC invocations=1751 (full 4):
 PSYoungGen      total 2560K, used 1013K [0x00000000eab00000, 0x00000000eae80000, 0x0000000100000000)
  eden space 1536K, 0% used [0x00000000eab00000,0x00000000eab00000,0x00000000eac80000)
  from space 1024K, 98% used [0x00000000eac80000,0x00000000ead7d600,0x00000000ead80000)
  to   space 512K, 0% used [0x00000000eae00000,0x00000000eae00000,0x00000000eae80000)
 ParOldGen       total 517120K, used 516949K [0x00000000c0000000, 0x00000000df900000, 0x00000000eab00000)
  object space 517120K, 99% used [0x00000000c0000000,0x00000000df8d5448,0x00000000df900000)
 Metaspace       used 68901K, committed 70464K, reserved 1114112K
  class space    used 6823K, committed 7488K, reserved 1048576K
}
Event: 27.424 GC heap before
{Heap before GC invocations=1752 (full 4):
 PSYoungGen      total 2560K, used 2549K [0x00000000eab00000, 0x00000000eae80000, 0x0000000100000000)
  eden space 1536K, 100% used [0x00000000eab00000,0x00000000eac80000,0x00000000eac80000)
  from space 1024K, 98% used [0x00000000eac80000,0x00000000ead7d600,0x00000000ead80000)
  to   space 512K, 0% used [0x00000000eae00000,0x00000000eae00000,0x00000000eae80000)
 ParOldGen       total 517120K, used 516949K [0x00000000c0000000, 0x00000000df900000, 0x00000000eab00000)
  object space 517120K, 99% used [0x00000000c0000000,0x00000000df8d5448,0x00000000df900000)
 Metaspace       used 68901K, committed 70464K, reserved 1114112K
  class space    used 6823K, committed 7488K, reserved 1048576K
}

Dll operation events (10 events):
Event: 0.053 Loaded shared library c:\Users\MSI\.vscode\extensions\redhat.java-1.41.1-win32-x64\jre\21.0.6-win32-x86_64\bin\java.dll
Event: 0.090 Loaded shared library c:\Users\MSI\.vscode\extensions\redhat.java-1.41.1-win32-x64\jre\21.0.6-win32-x86_64\bin\zip.dll
Event: 0.129 Loaded shared library C:\Users\MSI\.vscode\extensions\redhat.java-1.41.1-win32-x64\jre\21.0.6-win32-x86_64\bin\instrument.dll
Event: 0.131 Loaded shared library C:\Users\MSI\.vscode\extensions\redhat.java-1.41.1-win32-x64\jre\21.0.6-win32-x86_64\bin\net.dll
Event: 0.133 Loaded shared library C:\Users\MSI\.vscode\extensions\redhat.java-1.41.1-win32-x64\jre\21.0.6-win32-x86_64\bin\nio.dll
Event: 0.135 Loaded shared library C:\Users\MSI\.vscode\extensions\redhat.java-1.41.1-win32-x64\jre\21.0.6-win32-x86_64\bin\zip.dll
Event: 0.146 Loaded shared library C:\Users\MSI\.vscode\extensions\redhat.java-1.41.1-win32-x64\jre\21.0.6-win32-x86_64\bin\jimage.dll
Event: 0.192 Loaded shared library c:\Users\MSI\.vscode\extensions\redhat.java-1.41.1-win32-x64\jre\21.0.6-win32-x86_64\bin\verify.dll
Event: 0.878 Loaded shared library C:\Users\MSI\AppData\Roaming\Code\User\globalStorage\redhat.java\1.41.1\config_win\org.eclipse.equinox.launcher\org.eclipse.equinox.launcher.win32.win32.x86_64_1.2.1300.v20250331-1702\eclipse_11911.dll
Event: 1.916 Loaded shared library C:\Users\MSI\AppData\Local\Temp\jna-76643\jna11907974706400119959.dll

Deoptimization events (20 events):
Event: 22.947 Thread 0x000001d184544a80 DEOPT PACKING pc=0x000001d1b2325b90 sp=0x0000004fceffe610
Event: 22.947 Thread 0x000001d184544a80 DEOPT UNPACKING pc=0x000001d1b17f3aa2 sp=0x0000004fceffe5c0 mode 2
Event: 22.969 Thread 0x000001d184544a80 Uncommon trap: trap_request=0xffffff45 fr.pc=0x000001d1b26988f8 relative=0x00000000000008b8
Event: 22.969 Thread 0x000001d184544a80 Uncommon trap: reason=unstable_if action=reinterpret pc=0x000001d1b26988f8 method=org.eclipse.jdt.internal.compiler.classfmt.AnnotationInfo.scanAnnotation(IZZ)I @ 282 c2
Event: 22.969 Thread 0x000001d184544a80 DEOPT PACKING pc=0x000001d1b26988f8 sp=0x0000004fceffe540
Event: 22.969 Thread 0x000001d184544a80 DEOPT UNPACKING pc=0x000001d1b17f3aa2 sp=0x0000004fceffe4f8 mode 2
Event: 23.630 Thread 0x000001d184544a80 Uncommon trap: trap_request=0xffffff45 fr.pc=0x000001d1b29a147c relative=0x00000000000006bc
Event: 23.630 Thread 0x000001d184544a80 Uncommon trap: reason=unstable_if action=reinterpret pc=0x000001d1b29a147c method=org.eclipse.jdt.internal.compiler.util.Util.scanTypeSignature([CI)I @ 17 c2
Event: 23.630 Thread 0x000001d184544a80 DEOPT PACKING pc=0x000001d1b29a147c sp=0x0000004fceffe9e0
Event: 23.630 Thread 0x000001d184544a80 DEOPT UNPACKING pc=0x000001d1b17f3aa2 sp=0x0000004fceffe928 mode 2
Event: 24.249 Thread 0x000001d184544a80 Uncommon trap: trap_request=0xffffff45 fr.pc=0x000001d1b22c4aa0 relative=0x0000000000002620
Event: 24.249 Thread 0x000001d184544a80 Uncommon trap: reason=unstable_if action=reinterpret pc=0x000001d1b22c4aa0 method=org.eclipse.jdt.internal.core.search.indexing.BinaryIndexer.indexDocument()V @ 315 c2
Event: 24.249 Thread 0x000001d184544a80 DEOPT PACKING pc=0x000001d1b22c4aa0 sp=0x0000004fceffea50
Event: 24.249 Thread 0x000001d184544a80 DEOPT UNPACKING pc=0x000001d1b17f3aa2 sp=0x0000004fceffe9c0 mode 2
Event: 24.301 Thread 0x000001d184544a80 DEOPT PACKING pc=0x000001d1ab06f6e0 sp=0x0000004fceffe8a0
Event: 24.301 Thread 0x000001d184544a80 DEOPT UNPACKING pc=0x000001d1b17f4242 sp=0x0000004fceffdea8 mode 0
Event: 24.338 Thread 0x000001d184544a80 DEOPT PACKING pc=0x000001d1ab06f6e0 sp=0x0000004fceffe8a0
Event: 24.338 Thread 0x000001d184544a80 DEOPT UNPACKING pc=0x000001d1b17f4242 sp=0x0000004fceffdea8 mode 0
Event: 27.418 Thread 0x000001d184544a80 DEOPT PACKING pc=0x000001d1ac3cba48 sp=0x0000004fceffec50
Event: 27.418 Thread 0x000001d184544a80 DEOPT UNPACKING pc=0x000001d1b17f4242 sp=0x0000004fceffe268 mode 0

Classes loaded (20 events):
Event: 13.438 Loading class sun/nio/fs/WindowsFileSystem$2
Event: 13.438 Loading class java/nio/file/PathMatcher
Event: 13.438 Loading class java/nio/file/PathMatcher done
Event: 13.438 Loading class sun/nio/fs/WindowsFileSystem$2 done
Event: 13.482 Loading class java/util/Collections$SynchronizedRandomAccessList
Event: 13.482 Loading class java/util/Collections$SynchronizedList
Event: 13.482 Loading class java/util/Collections$SynchronizedList done
Event: 13.482 Loading class java/util/Collections$SynchronizedRandomAccessList done
Event: 13.487 Loading class java/util/concurrent/CompletableFuture$Signaller
Event: 13.487 Loading class java/util/concurrent/CompletableFuture$Signaller done
Event: 13.615 Loading class java/nio/charset/CharacterCodingException
Event: 13.615 Loading class java/nio/charset/CharacterCodingException done
Event: 13.615 Loading class java/io/SequenceInputStream
Event: 13.615 Loading class java/io/SequenceInputStream done
Event: 13.644 Loading class java/util/concurrent/CompletableFuture$UniApply
Event: 13.644 Loading class java/util/concurrent/CompletableFuture$UniApply done
Event: 13.645 Loading class java/util/concurrent/CompletableFuture$UniExceptionally
Event: 13.645 Loading class java/util/concurrent/CompletableFuture$UniExceptionally done
Event: 14.073 Loading class java/lang/UnsupportedClassVersionError
Event: 14.073 Loading class java/lang/UnsupportedClassVersionError done

Classes unloaded (11 events):
Event: 2.224 Thread 0x000001d1a721eb70 Unloading class 0x000001d1bd199000 'java/lang/invoke/LambdaForm$MH+0x000001d1bd199000'
Event: 2.224 Thread 0x000001d1a721eb70 Unloading class 0x000001d1bd198c00 'java/lang/invoke/LambdaForm$MH+0x000001d1bd198c00'
Event: 2.224 Thread 0x000001d1a721eb70 Unloading class 0x000001d1bd198800 'java/lang/invoke/LambdaForm$MH+0x000001d1bd198800'
Event: 2.224 Thread 0x000001d1a721eb70 Unloading class 0x000001d1bd198400 'java/lang/invoke/LambdaForm$MH+0x000001d1bd198400'
Event: 2.224 Thread 0x000001d1a721eb70 Unloading class 0x000001d1bd198000 'java/lang/invoke/LambdaForm$BMH+0x000001d1bd198000'
Event: 2.224 Thread 0x000001d1a721eb70 Unloading class 0x000001d1bd197c00 'java/lang/invoke/LambdaForm$DMH+0x000001d1bd197c00'
Event: 2.224 Thread 0x000001d1a721eb70 Unloading class 0x000001d1bd196c00 'java/lang/invoke/LambdaForm$DMH+0x000001d1bd196c00'
Event: 19.377 Thread 0x000001d1a721eb70 Unloading class 0x000001d1bd6a8c00 'java/lang/invoke/LambdaForm$DMH+0x000001d1bd6a8c00'
Event: 19.377 Thread 0x000001d1a721eb70 Unloading class 0x000001d1bd6a8800 'java/lang/invoke/LambdaForm$DMH+0x000001d1bd6a8800'
Event: 19.377 Thread 0x000001d1a721eb70 Unloading class 0x000001d1bd6a8000 'java/lang/invoke/LambdaForm$DMH+0x000001d1bd6a8000'
Event: 19.377 Thread 0x000001d1a721eb70 Unloading class 0x000001d1bd6a8400 'java/lang/invoke/LambdaForm$DMH+0x000001d1bd6a8400'

Classes redefined (0 events):
No events

Internal exceptions (20 events):
Event: 21.982 Thread 0x000001d184544a80 Exception <a 'sun/nio/fs/WindowsException'{0x00000000eab54088}> (0x00000000eab54088) 
thrown [s\src\hotspot\share\prims\jni.cpp, line 520]
Event: 22.014 Thread 0x000001d184544a80 Exception <a 'sun/nio/fs/WindowsException'{0x00000000eab2f380}> (0x00000000eab2f380) 
thrown [s\src\hotspot\share\prims\jni.cpp, line 520]
Event: 22.067 Thread 0x000001d184544a80 Exception <a 'sun/nio/fs/WindowsException'{0x00000000eaccc548}> (0x00000000eaccc548) 
thrown [s\src\hotspot\share\prims\jni.cpp, line 520]
Event: 22.100 Thread 0x000001d184544a80 Exception <a 'sun/nio/fs/WindowsException'{0x00000000ead319d8}> (0x00000000ead319d8) 
thrown [s\src\hotspot\share\prims\jni.cpp, line 520]
Event: 22.127 Thread 0x000001d184544a80 Exception <a 'sun/nio/fs/WindowsException'{0x00000000eabc08c8}> (0x00000000eabc08c8) 
thrown [s\src\hotspot\share\prims\jni.cpp, line 520]
Event: 22.142 Thread 0x000001d184544a80 Exception <a 'sun/nio/fs/WindowsException'{0x00000000eabf32c8}> (0x00000000eabf32c8) 
thrown [s\src\hotspot\share\prims\jni.cpp, line 520]
Event: 22.480 Thread 0x000001d184544a80 Exception <a 'sun/nio/fs/WindowsException'{0x00000000eac23d28}> (0x00000000eac23d28) 
thrown [s\src\hotspot\share\prims\jni.cpp, line 520]
Event: 22.507 Thread 0x000001d184544a80 Exception <a 'sun/nio/fs/WindowsException'{0x00000000eac2f868}> (0x00000000eac2f868) 
thrown [s\src\hotspot\share\prims\jni.cpp, line 520]
Event: 22.562 Thread 0x000001d184544a80 Exception <a 'sun/nio/fs/WindowsException'{0x00000000eac95248}> (0x00000000eac95248) 
thrown [s\src\hotspot\share\prims\jni.cpp, line 520]
Event: 22.582 Thread 0x000001d184544a80 Exception <a 'sun/nio/fs/WindowsException'{0x00000000ead2d700}> (0x00000000ead2d700) 
thrown [s\src\hotspot\share\prims\jni.cpp, line 520]
Event: 22.603 Thread 0x000001d184544a80 Exception <a 'sun/nio/fs/WindowsException'{0x00000000eac7c570}> (0x00000000eac7c570) 
thrown [s\src\hotspot\share\prims\jni.cpp, line 520]
Event: 22.620 Thread 0x000001d184544a80 Exception <a 'sun/nio/fs/WindowsException'{0x00000000eab1a2d0}> (0x00000000eab1a2d0) 
thrown [s\src\hotspot\share\prims\jni.cpp, line 520]
Event: 22.634 Thread 0x000001d184544a80 Exception <a 'sun/nio/fs/WindowsException'{0x00000000eabb4520}> (0x00000000eabb4520) 
thrown [s\src\hotspot\share\prims\jni.cpp, line 520]
Event: 22.732 Thread 0x000001d184544a80 Exception <a 'sun/nio/fs/WindowsException'{0x00000000ead04148}> (0x00000000ead04148) 
thrown [s\src\hotspot\share\prims\jni.cpp, line 520]
Event: 22.750 Thread 0x000001d184544a80 Exception <a 'sun/nio/fs/WindowsException'{0x00000000eab588e8}> (0x00000000eab588e8) 
thrown [s\src\hotspot\share\prims\jni.cpp, line 520]
Event: 22.813 Thread 0x000001d184544a80 Exception <a 'sun/nio/fs/WindowsException'{0x00000000eab65168}> (0x00000000eab65168) 
thrown [s\src\hotspot\share\prims\jni.cpp, line 520]
Event: 22.841 Thread 0x000001d184544a80 Exception <a 'sun/nio/fs/WindowsException'{0x00000000eabf66e8}> (0x00000000eabf66e8) 
thrown [s\src\hotspot\share\prims\jni.cpp, line 520]
Event: 22.866 Thread 0x000001d184544a80 Exception <a 'sun/nio/fs/WindowsException'{0x00000000eabaee70}> (0x00000000eabaee70) 
thrown [s\src\hotspot\share\prims\jni.cpp, line 520]
Event: 22.914 Thread 0x000001d184544a80 Exception <a 'sun/nio/fs/WindowsException'{0x00000000eac1f398}> (0x00000000eac1f398) 
thrown [s\src\hotspot\share\prims\jni.cpp, line 520]
Event: 22.947 Thread 0x000001d184544a80 Implicit null exception at 0x000001d1b2322ea2 to 0x000001d1b2325b78

ZGC Phase Switch (0 events):
No events

VM Operations (20 events):
Event: 24.344 Executing VM operation: ParallelGCFailedAllocation (Allocation Failure) done
Event: 24.347 Executing VM operation: ParallelGCFailedAllocation (Allocation Failure)
Event: 24.348 Executing VM operation: ParallelGCFailedAllocation (Allocation Failure) done
Event: 24.350 Executing VM operation: ParallelGCFailedAllocation (Allocation Failure)
Event: 24.351 Executing VM operation: ParallelGCFailedAllocation (Allocation Failure) done
Event: 24.354 Executing VM operation: ParallelGCFailedAllocation (Allocation Failure)
Event: 24.355 Executing VM operation: ParallelGCFailedAllocation (Allocation Failure) done
Event: 24.358 Executing VM operation: ParallelGCFailedAllocation (Allocation Failure)
Event: 24.358 Executing VM operation: ParallelGCFailedAllocation (Allocation Failure) done
Event: 24.363 Executing VM operation: ParallelGCFailedAllocation (Allocation Failure)
Event: 24.363 Executing VM operation: ParallelGCFailedAllocation (Allocation Failure) done
Event: 24.376 Executing VM operation: ParallelGCFailedAllocation (Allocation Failure)
Event: 24.377 Executing VM operation: ParallelGCFailedAllocation (Allocation Failure) done
Event: 24.380 Executing VM operation: ParallelGCFailedAllocation (Allocation Failure)
Event: 24.381 Executing VM operation: ParallelGCFailedAllocation (Allocation Failure) done
Event: 24.385 Executing VM operation: ParallelGCFailedAllocation (Allocation Failure)
Event: 24.386 Executing VM operation: ParallelGCFailedAllocation (Allocation Failure) done
Event: 24.392 Executing VM operation: ParallelGCFailedAllocation (Allocation Failure)
Event: 27.413 Executing VM operation: ParallelGCFailedAllocation (Allocation Failure) done
Event: 27.424 Executing VM operation: ParallelGCFailedAllocation (Allocation Failure)

Memory protections (0 events):
No events

Nmethod flushes (20 events):
Event: 19.404 Thread 0x000001d1a721eb70 flushing  nmethod 0x000001d1ab812590
Event: 19.404 Thread 0x000001d1a721eb70 flushing  nmethod 0x000001d1ab812a10
Event: 19.404 Thread 0x000001d1a721eb70 flushing  nmethod 0x000001d1ab814b10
Event: 19.404 Thread 0x000001d1a721eb70 flushing  nmethod 0x000001d1ab816290
Event: 19.404 Thread 0x000001d1a721eb70 flushing  nmethod 0x000001d1ab819f90
Event: 19.404 Thread 0x000001d1a721eb70 flushing  nmethod 0x000001d1ab81c710
Event: 19.404 Thread 0x000001d1a721eb70 flushing  nmethod 0x000001d1ab848790
Event: 19.404 Thread 0x000001d1a721eb70 flushing  nmethod 0x000001d1ab849e10
Event: 19.404 Thread 0x000001d1a721eb70 flushing  nmethod 0x000001d1ab863490
Event: 19.404 Thread 0x000001d1a721eb70 flushing  nmethod 0x000001d1ab863810
Event: 19.404 Thread 0x000001d1a721eb70 flushing  nmethod 0x000001d1ab864990
Event: 19.404 Thread 0x000001d1a721eb70 flushing  nmethod 0x000001d1ab868d90
Event: 19.404 Thread 0x000001d1a721eb70 flushing  nmethod 0x000001d1ab869510
Event: 19.404 Thread 0x000001d1a721eb70 flushing  nmethod 0x000001d1ab882a90
Event: 19.404 Thread 0x000001d1a721eb70 flushing  nmethod 0x000001d1ab8a9110
Event: 19.404 Thread 0x000001d1a721eb70 flushing  nmethod 0x000001d1ab8d6c10
Event: 19.404 Thread 0x000001d1a721eb70 flushing  nmethod 0x000001d1ab8f8590
Event: 19.404 Thread 0x000001d1a721eb70 flushing  nmethod 0x000001d1ab93d710
Event: 19.404 Thread 0x000001d1a721eb70 flushing  nmethod 0x000001d1ab93e790
Event: 19.404 Thread 0x000001d1a721eb70 flushing  nmethod 0x000001d1ab9be610

Events (20 events):
Event: 13.648 Thread 0x000001d186244f70 Thread added: 0x000001d191a16970
Event: 13.837 Thread 0x000001d191c85990 Thread exited: 0x000001d191c85990
Event: 15.253 Thread 0x000001d1fdf3a2d0 Thread exited: 0x000001d1fdf3a2d0
Event: 15.253 Thread 0x000001d18700df00 Thread added: 0x000001d191a134f0
Event: 15.254 Thread 0x000001d1fdd35e90 Thread exited: 0x000001d1fdd35e90
Event: 15.254 Thread 0x000001d1fdd32ec0 Thread exited: 0x000001d1fdd32ec0
Event: 19.952 Thread 0x000001d1fdc31820 Thread added: 0x000001d191c896e0
Event: 19.978 Thread 0x000001d18700df00 Thread added: 0x000001d191a162e0
Event: 19.993 Thread 0x000001d191c89010 Thread added: 0x000001d191c86060
Event: 20.002 Thread 0x000001d1fdc31820 Thread added: 0x000001d191c8c690
Event: 20.008 Thread 0x000001d1fdc31820 Thread added: 0x000001d191c89db0
Event: 20.027 Thread 0x000001d191c8c690 Thread added: 0x000001d191c8a480
Event: 21.002 Thread 0x000001d191c8a480 Thread exited: 0x000001d191c8a480
Event: 21.055 Thread 0x000001d191c89db0 Thread exited: 0x000001d191c89db0
Event: 21.055 Thread 0x000001d191c86060 Thread exited: 0x000001d191c86060
Event: 21.193 Thread 0x000001d191c896e0 Thread exited: 0x000001d191c896e0
Event: 21.211 Thread 0x000001d191c89010 Thread exited: 0x000001d191c89010
Event: 21.211 Thread 0x000001d191c88270 Thread exited: 0x000001d191c88270
Event: 21.219 Thread 0x000001d191c87ba0 Thread exited: 0x000001d191c87ba0
Event: 21.692 Thread 0x000001d191c8c690 Thread exited: 0x000001d191c8c690


Dynamic libraries:
0x00007ff6a6360000 - 0x00007ff6a636e000 	c:\Users\MSI\.vscode\extensions\redhat.java-1.41.1-win32-x64\jre\21.0.6-win32-x86_64\bin\java.exe
0x00007ffcb0980000 - 0x00007ffcb0be0000 	C:\WINDOWS\SYSTEM32\ntdll.dll
0x00007ffcafa70000 - 0x00007ffcafb37000 	C:\WINDOWS\System32\KERNEL32.DLL
0x00007ffcae2d0000 - 0x00007ffcae69a000 	C:\WINDOWS\System32\KERNELBASE.dll
0x00007ffcadeb0000 - 0x00007ffcadffb000 	C:\WINDOWS\System32\ucrtbase.dll
0x00007ffca8970000 - 0x00007ffca8988000 	c:\Users\MSI\.vscode\extensions\redhat.java-1.41.1-win32-x64\jre\21.0.6-win32-x86_64\bin\jli.dll
0x00007ffcaf0c0000 - 0x00007ffcaf28c000 	C:\WINDOWS\System32\USER32.dll
0x00007ffcae6a0000 - 0x00007ffcae6c7000 	C:\WINDOWS\System32\win32u.dll
0x00007ffcaee40000 - 0x00007ffcaee6a000 	C:\WINDOWS\System32\GDI32.dll
0x00007ffcadb60000 - 0x00007ffcadc91000 	C:\WINDOWS\System32\gdi32full.dll
0x00007ffcae6d0000 - 0x00007ffcae773000 	C:\WINDOWS\System32\msvcp_win.dll
0x00007ffca31e0000 - 0x00007ffca31fe000 	c:\Users\MSI\.vscode\extensions\redhat.java-1.41.1-win32-x64\jre\21.0.6-win32-x86_64\bin\VCRUNTIME140.dll
0x00007ffc990d0000 - 0x00007ffc99367000 	C:\WINDOWS\WinSxS\amd64_microsoft.windows.common-controls_6595b64144ccf1df_6.0.26100.3624_none_3e086962e3345f24\COMCTL32.dll
0x00007ffcaf850000 - 0x00007ffcaf8f9000 	C:\WINDOWS\System32\msvcrt.dll
0x00007ffcafc20000 - 0x00007ffcafc4f000 	C:\WINDOWS\System32\IMM32.DLL
0x00007ffca31d0000 - 0x00007ffca31dc000 	c:\Users\MSI\.vscode\extensions\redhat.java-1.41.1-win32-x64\jre\21.0.6-win32-x86_64\bin\vcruntime140_1.dll
0x00007ffc59b80000 - 0x00007ffc59c0d000 	c:\Users\MSI\.vscode\extensions\redhat.java-1.41.1-win32-x64\jre\21.0.6-win32-x86_64\bin\msvcp140.dll
0x00007ffc08c20000 - 0x00007ffc099b0000 	c:\Users\MSI\.vscode\extensions\redhat.java-1.41.1-win32-x64\jre\21.0.6-win32-x86_64\bin\server\jvm.dll
0x00007ffcaee70000 - 0x00007ffcaef22000 	C:\WINDOWS\System32\ADVAPI32.dll
0x00007ffcaf010000 - 0x00007ffcaf0b6000 	C:\WINDOWS\System32\sechost.dll
0x00007ffcaec90000 - 0x00007ffcaeda6000 	C:\WINDOWS\System32\RPCRT4.dll
0x00007ffcaf290000 - 0x00007ffcaf304000 	C:\WINDOWS\System32\WS2_32.dll
0x00007ffcad9b0000 - 0x00007ffcada0e000 	C:\WINDOWS\SYSTEM32\POWRPROF.dll
0x00007ffca7cc0000 - 0x00007ffca7cf6000 	C:\WINDOWS\SYSTEM32\WINMM.dll
0x00007ffca7d00000 - 0x00007ffca7d0b000 	C:\WINDOWS\SYSTEM32\VERSION.dll
0x00007ffcad990000 - 0x00007ffcad9a4000 	C:\WINDOWS\SYSTEM32\UMPDC.dll
0x00007ffcac970000 - 0x00007ffcac98a000 	C:\WINDOWS\SYSTEM32\kernel.appcore.dll
0x00007ffc9fd80000 - 0x00007ffc9fd8a000 	c:\Users\MSI\.vscode\extensions\redhat.java-1.41.1-win32-x64\jre\21.0.6-win32-x86_64\bin\jimage.dll
0x00007ffca19f0000 - 0x00007ffca1c31000 	C:\WINDOWS\SYSTEM32\DBGHELP.DLL
0x00007ffcafc70000 - 0x00007ffcafff2000 	C:\WINDOWS\System32\combase.dll
0x00007ffcafb40000 - 0x00007ffcafc16000 	C:\WINDOWS\System32\OLEAUT32.dll
0x00007ffc989a0000 - 0x00007ffc989d9000 	C:\WINDOWS\SYSTEM32\dbgcore.DLL
0x00007ffcadca0000 - 0x00007ffcadd39000 	C:\WINDOWS\System32\bcryptPrimitives.dll
0x00007ffc9bd30000 - 0x00007ffc9bd3f000 	c:\Users\MSI\.vscode\extensions\redhat.java-1.41.1-win32-x64\jre\21.0.6-win32-x86_64\bin\instrument.dll
0x00007ffc800c0000 - 0x00007ffc800df000 	c:\Users\MSI\.vscode\extensions\redhat.java-1.41.1-win32-x64\jre\21.0.6-win32-x86_64\bin\java.dll
0x00007ffcb0160000 - 0x00007ffcb0889000 	C:\WINDOWS\System32\SHELL32.dll
0x00007ffcadd40000 - 0x00007ffcadea8000 	C:\WINDOWS\System32\wintypes.dll
0x00007ffcab7e0000 - 0x00007ffcac032000 	C:\WINDOWS\SYSTEM32\windows.storage.dll
0x00007ffcb0050000 - 0x00007ffcb013d000 	C:\WINDOWS\System32\SHCORE.dll
0x00007ffcb0890000 - 0x00007ffcb08f4000 	C:\WINDOWS\System32\shlwapi.dll
0x00007ffcada70000 - 0x00007ffcada9f000 	C:\WINDOWS\SYSTEM32\profapi.dll
0x00007ffc7ec20000 - 0x00007ffc7ec38000 	c:\Users\MSI\.vscode\extensions\redhat.java-1.41.1-win32-x64\jre\21.0.6-win32-x86_64\bin\zip.dll
0x00007ffc93820000 - 0x00007ffc93830000 	C:\Users\MSI\.vscode\extensions\redhat.java-1.41.1-win32-x64\jre\21.0.6-win32-x86_64\bin\net.dll
0x00007ffca79e0000 - 0x00007ffca7afd000 	C:\WINDOWS\SYSTEM32\WINHTTP.dll
0x00007ffcace90000 - 0x00007ffcacefa000 	C:\WINDOWS\system32\mswsock.dll
0x00007ffc7bd10000 - 0x00007ffc7bd26000 	C:\Users\MSI\.vscode\extensions\redhat.java-1.41.1-win32-x64\jre\21.0.6-win32-x86_64\bin\nio.dll
0x00007ffc89910000 - 0x00007ffc89920000 	c:\Users\MSI\.vscode\extensions\redhat.java-1.41.1-win32-x64\jre\21.0.6-win32-x86_64\bin\verify.dll
0x00007ffc5aca0000 - 0x00007ffc5ace5000 	C:\Users\MSI\AppData\Roaming\Code\User\globalStorage\redhat.java\1.41.1\config_win\org.eclipse.equinox.launcher\org.eclipse.equinox.launcher.win32.win32.x86_64_1.2.1300.v20250331-1702\eclipse_11911.dll
0x00007ffcaeaf0000 - 0x00007ffcaec86000 	C:\WINDOWS\System32\ole32.dll
0x00007ffcad130000 - 0x00007ffcad14c000 	C:\WINDOWS\SYSTEM32\CRYPTSP.dll
0x00007ffcac8d0000 - 0x00007ffcac90a000 	C:\WINDOWS\system32\rsaenh.dll
0x00007ffcacf30000 - 0x00007ffcacf5b000 	C:\WINDOWS\SYSTEM32\USERENV.dll
0x00007ffcada40000 - 0x00007ffcada66000 	C:\WINDOWS\SYSTEM32\bcrypt.dll
0x00007ffcad150000 - 0x00007ffcad15c000 	C:\WINDOWS\SYSTEM32\CRYPTBASE.dll
0x00007ffcac3b0000 - 0x00007ffcac3e3000 	C:\WINDOWS\SYSTEM32\IPHLPAPI.DLL
0x00007ffcb0900000 - 0x00007ffcb090a000 	C:\WINDOWS\System32\NSI.dll
0x00007ffc59c30000 - 0x00007ffc59c79000 	C:\Users\MSI\AppData\Local\Temp\jna-76643\jna11907974706400119959.dll
0x00007ffcafa60000 - 0x00007ffcafa68000 	C:\WINDOWS\System32\PSAPI.DLL
0x00007ffca7c30000 - 0x00007ffca7c4f000 	C:\WINDOWS\SYSTEM32\dhcpcsvc6.DLL
0x00007ffca7b60000 - 0x00007ffca7b85000 	C:\WINDOWS\SYSTEM32\dhcpcsvc.DLL

dbghelp: loaded successfully - version: 4.0.5 - missing functions: none
symbol engine: initialized successfully - sym options: 0x614 - pdb path: .;c:\Users\MSI\.vscode\extensions\redhat.java-1.41.1-win32-x64\jre\21.0.6-win32-x86_64\bin;C:\WINDOWS\SYSTEM32;C:\WINDOWS\WinSxS\amd64_microsoft.windows.common-controls_6595b64144ccf1df_6.0.26100.3624_none_3e086962e3345f24;c:\Users\MSI\.vscode\extensions\redhat.java-1.41.1-win32-x64\jre\21.0.6-win32-x86_64\bin\server;C:\Users\MSI\AppData\Roaming\Code\User\globalStorage\redhat.java\1.41.1\config_win\org.eclipse.equinox.launcher\org.eclipse.equinox.launcher.win32.win32.x86_64_1.2.1300.v20250331-1702;C:\Users\MSI\AppData\Local\Temp\jna-76643

VM Arguments:
jvm_args: --add-modules=ALL-SYSTEM --add-opens=java.base/java.util=ALL-UNNAMED --add-opens=java.base/java.lang=ALL-UNNAMED --add-opens=java.base/sun.nio.fs=ALL-UNNAMED -Declipse.application=org.eclipse.jdt.ls.core.id1 -Dosgi.bundles.defaultStartLevel=4 -Declipse.product=org.eclipse.jdt.ls.core.product -Djava.import.generatesMetadataFilesAtProjectRoot=false -DDetectVMInstallationsJob.disabled=true -Dfile.encoding=utf8 -XX:+UseParallelGC -XX:GCTimeRatio=4 -XX:AdaptiveSizePolicyWeight=90 -Dsun.zip.disableMemoryMapping=true -Xmx1G -Xms100m -Xlog:disable -javaagent:c:\Users\MSI\.vscode\extensions\redhat.java-1.41.1-win32-x64\lombok\lombok-1.18.36.jar -XX:+HeapDumpOnOutOfMemoryError -XX:HeapDumpPath=c:\Users\MSI\AppData\Roaming\Code\User\workspaceStorage\3815725e1ac4c6c69b70af32f7c49045\redhat.java -Daether.dependencyCollector.impl=bf 
java_command: c:\Users\MSI\.vscode\extensions\redhat.java-1.41.1-win32-x64\server\plugins\org.eclipse.equinox.launcher_1.7.0.v20250331-1702.jar -configuration c:\Users\MSI\AppData\Roaming\Code\User\globalStorage\redhat.java\1.41.1\config_win -data c:\Users\MSI\AppData\Roaming\Code\User\workspaceStorage\3815725e1ac4c6c69b70af32f7c49045\redhat.java\jdt_ws --pipe=\\.\pipe\lsp-024993ed8bd29298d8cfd4f3b6792555-sock
java_class_path (initial): c:\Users\MSI\.vscode\extensions\redhat.java-1.41.1-win32-x64\server\plugins\org.eclipse.equinox.launcher_1.7.0.v20250331-1702.jar
Launcher Type: SUN_STANDARD

[Global flags]
    uintx AdaptiveSizePolicyWeight                 = 90                                        {product} {command line}
     intx CICompilerCount                          = 12                                        {product} {ergonomic}
    uintx GCTimeRatio                              = 4                                         {product} {command line}
     bool HeapDumpOnOutOfMemoryError               = true                                   {manageable} {command line}
    ccstr HeapDumpPath                             = c:\Users\MSI\AppData\Roaming\Code\User\workspaceStorage\3815725e1ac4c6c69b70af32f7c49045\redhat.java         {manageable} {command line}
   size_t InitialHeapSize                          = 104857600                                 {product} {command line}
   size_t MaxHeapSize                              = 1073741824                                {product} {command line}
   size_t MaxNewSize                               = 357564416                                 {product} {ergonomic}
   size_t MinHeapDeltaBytes                        = 524288                                    {product} {ergonomic}
   size_t MinHeapSize                              = 104857600                                 {product} {command line}
   size_t NewSize                                  = 34603008                                  {product} {ergonomic}
    uintx NonNMethodCodeHeapSize                   = 7602480                                {pd product} {ergonomic}
    uintx NonProfiledCodeHeapSize                  = 122027880                              {pd product} {ergonomic}
   size_t OldSize                                  = 70254592                                  {product} {ergonomic}
    uintx ProfiledCodeHeapSize                     = 122027880                              {pd product} {ergonomic}
    uintx ReservedCodeCacheSize                    = 251658240                              {pd product} {ergonomic}
     bool SegmentedCodeCache                       = true                                      {product} {ergonomic}
   size_t SoftMaxHeapSize                          = 1073741824                             {manageable} {ergonomic}
     bool UseCompressedOops                        = true                           {product lp64_product} {ergonomic}
     bool UseLargePagesIndividualAllocation        = false                                  {pd product} {ergonomic}
     bool UseParallelGC                            = true                                      {product} {command line}

Logging:
Log output configuration:
 #0: stdout all=off uptime,level,tags foldmultilines=false
 #1: stderr all=off uptime,level,tags foldmultilines=false

Environment Variables:
JAVA_HOME=C:\Program Files\Java\jdk-17
PATH=C:\Program Files\Common Files\Oracle\Java\javapath;C:\Program Files (x86)\VMware\VMware Workstation\bin\;C:\Program Files\Microsoft MPI\Bin\;C:\WINDOWS\system32;C:\WINDOWS;C:\WINDOWS\System32\Wbem;C:\WINDOWS\System32\WindowsPowerShell\v1.0\;C:\WINDOWS\System32\OpenSSH\;C:\Program Files\nodejs\;C:\Program Files (x86)\Microsoft SQL Server\160\Tools\Binn\;C:\Program Files\Microsoft SQL Server\160\Tools\Binn\;C:\Program Files\Microsoft SQL Server\Client SDK\ODBC\170\Tools\Binn\;C:\Program Files\Microsoft SQL Server\160\DTS\Binn\;C:\Program Files (x86)\Microsoft SQL Server\160\DTS\Binn\;C:\Program Files\Git LFS;C:\Program Files\Git\cmd;C:\Program Files\PowerShell\7\;C:\Program Files\Java\jdk-17\bin;C:\Program Files\MySQL\MySQL Shell 8.0\bin\;C:\Users\MSI\AppData\Local\Programs\Python\Python313;C:\Users\MSI\AppData\Local\Microsoft\WindowsApps;C:\Users\MSI\AppData\Local\Programs\Microsoft VS Code\bin;C:\Users\MSI\AppData\Roaming\npm;C:\Program Files\JetBrains\IntelliJ IDEA 2024.3.1.1\bin;;
USERNAME=MSI
OS=Windows_NT
PROCESSOR_IDENTIFIER=AMD64 Family 25 Model 80 Stepping 0, AuthenticAMD
TMP=C:\Users\MSI\AppData\Local\Temp
TEMP=C:\Users\MSI\AppData\Local\Temp




Periodic native trim disabled

---------------  S Y S T E M  ---------------

OS:
 Windows 11 , 64 bit Build 26100 (10.0.26100.3775)
OS uptime: 0 days 0:08 hours
Hyper-V role detected

CPU: total 16 (initial active 16) (16 cores per cpu, 2 threads per core) family 25 model 80 stepping 0 microcode 0xa50000c, cx8, cmov, fxsr, ht, mmx, 3dnowpref, sse, sse2, sse3, ssse3, sse4a, sse4.1, sse4.2, popcnt, lzcnt, tsc, tscinvbit, avx, avx2, aes, erms, clmul, bmi1, bmi2, adx, sha, fma, vzeroupper, clflush, clflushopt, hv, rdtscp, rdpid, fsrm, f16c, cet_ss
Processor Information for processor 0
  Max Mhz: 3201, Current Mhz: 2555, Mhz Limit: 3201
Processor Information for processor 1
  Max Mhz: 3201, Current Mhz: 2555, Mhz Limit: 3201
Processor Information for processor 2
  Max Mhz: 3201, Current Mhz: 2555, Mhz Limit: 3201
Processor Information for processor 3
  Max Mhz: 3201, Current Mhz: 2555, Mhz Limit: 3201
Processor Information for processor 4
  Max Mhz: 3201, Current Mhz: 3201, Mhz Limit: 3201
Processor Information for processor 5
  Max Mhz: 3201, Current Mhz: 2555, Mhz Limit: 3201
Processor Information for processor 6
  Max Mhz: 3201, Current Mhz: 2555, Mhz Limit: 3201
Processor Information for processor 7
  Max Mhz: 3201, Current Mhz: 2555, Mhz Limit: 3201
Processor Information for processor 8
  Max Mhz: 3201, Current Mhz: 3201, Mhz Limit: 3201
Processor Information for processor 9
  Max Mhz: 3201, Current Mhz: 2555, Mhz Limit: 3201
Processor Information for processor 10
  Max Mhz: 3201, Current Mhz: 2555, Mhz Limit: 3201
Processor Information for processor 11
  Max Mhz: 3201, Current Mhz: 2555, Mhz Limit: 3201
Processor Information for processor 12
  Max Mhz: 3201, Current Mhz: 2555, Mhz Limit: 3201
Processor Information for processor 13
  Max Mhz: 3201, Current Mhz: 3201, Mhz Limit: 3201
Processor Information for processor 14
  Max Mhz: 3201, Current Mhz: 2555, Mhz Limit: 3201
Processor Information for processor 15
  Max Mhz: 3201, Current Mhz: 2555, Mhz Limit: 3201

Memory: 4k page, system-wide physical 15752M (4508M free)
TotalPageFile size 15752M (AvailPageFile size 3M)
current process WorkingSet (physical memory assigned to process): 895M, peak: 895M
current process commit charge ("private bytes"): 831M, peak: 1034M

vm_info: OpenJDK 64-Bit Server VM (21.0.6+7-LTS) for windows-amd64 JRE (21.0.6+7-LTS), built on 2025-01-21T00:00:00Z by "admin" with MS VC++ 17.7 (VS2022)

END.
