#
# There is insufficient memory for the Java Runtime Environment to continue.
# Native memory allocation (malloc) failed to allocate 1072912 bytes. Error detail: Chunk::new
# Possible reasons:
#   The system is out of physical RAM or swap space
#   This process is running with CompressedOops enabled, and the Java Heap may be blocking the growth of the native heap
# Possible solutions:
#   Reduce memory load on the system
#   Increase physical memory or swap space
#   Check if swap backing store is full
#   Decrease Java heap size (-Xmx/-Xms)
#   Decrease number of Java threads
#   Decrease Java thread stack sizes (-Xss)
#   Set larger code cache with -XX:ReservedCodeCacheSize=
#   JVM is running with Unscaled Compressed Oops mode in which the Java heap is
#     placed in the first 4GB address space. The Java Heap base address is the
#     maximum limit for the native heap growth. Please use -XX:HeapBaseMinAddress
#     to set the Java Heap base and to place the Java Heap above 4GB virtual address.
# This output file may be truncated or incomplete.
#
#  Out of Memory Error (arena.cpp:168), pid=15336, tid=5652
#
# JRE version: OpenJDK Runtime Environment Temurin-21.0.6+7 (21.0.6+7) (build 21.0.6+7-LTS)
# Java VM: OpenJDK 64-Bit Server VM Temurin-21.0.6+7 (21.0.6+7-LTS, mixed mode, sharing, tiered, compressed oops, compressed class ptrs, parallel gc, windows-amd64)
# No core dump will be written. Minidumps are not enabled by default on client versions of Windows
#

---------------  S U M M A R Y ------------

Command Line: --add-modules=ALL-SYSTEM --add-opens=java.base/java.util=ALL-UNNAMED --add-opens=java.base/java.lang=ALL-UNNAMED --add-opens=java.base/sun.nio.fs=ALL-UNNAMED -Declipse.application=org.eclipse.jdt.ls.core.id1 -Dosgi.bundles.defaultStartLevel=4 -Declipse.product=org.eclipse.jdt.ls.core.product -Djava.import.generatesMetadataFilesAtProjectRoot=false -DDetectVMInstallationsJob.disabled=true -Dfile.encoding=utf8 -XX:+UseParallelGC -XX:GCTimeRatio=4 -XX:AdaptiveSizePolicyWeight=90 -Dsun.zip.disableMemoryMapping=true -Xmx1G -Xms100m -Xlog:disable -javaagent:c:\Users\MSI\.vscode\extensions\redhat.java-1.41.1-win32-x64\lombok\lombok-1.18.36.jar -XX:+HeapDumpOnOutOfMemoryError -XX:HeapDumpPath=c:\Users\MSI\AppData\Roaming\Code\User\workspaceStorage\3815725e1ac4c6c69b70af32f7c49045\redhat.java -Daether.dependencyCollector.impl=bf c:\Users\MSI\.vscode\extensions\redhat.java-1.41.1-win32-x64\server\plugins\org.eclipse.equinox.launcher_1.7.0.v20250331-1702.jar -configuration c:\Users\MSI\AppData\Roaming\Code\User\globalStorage\redhat.java\1.41.1\config_win -data c:\Users\MSI\AppData\Roaming\Code\User\workspaceStorage\3815725e1ac4c6c69b70af32f7c49045\redhat.java\jdt_ws --pipe=\\.\pipe\lsp-6e42d713c65736a8a946fa1edb67fce5-sock

Host: AMD Ryzen 7 5800H with Radeon Graphics         , 16 cores, 15G,  Windows 11 , 64 bit Build 26100 (10.0.26100.3775)
Time: Thu Apr 24 16:15:51 2025 SE Asia Standard Time elapsed time: 11.155705 seconds (0d 0h 0m 11s)

---------------  T H R E A D  ---------------

Current thread (0x0000020e854e42b0):  JavaThread "C2 CompilerThread4" daemon [_thread_in_native, id=5652, stack(0x0000002412500000,0x0000002412600000) (1024K)]


Current CompileTask:
C2:11155 12799       4       java.lang.invoke.MethodType::makeImpl (109 bytes)

Stack: [0x0000002412500000,0x0000002412600000]
Native frames: (J=compiled Java code, j=interpreted, Vv=VM code, C=native code)
V  [jvm.dll+0x6cdee9]
V  [jvm.dll+0x8a83d1]
V  [jvm.dll+0x8aa8fe]
V  [jvm.dll+0x8aafe3]
V  [jvm.dll+0x27f706]
V  [jvm.dll+0xc500d]
V  [jvm.dll+0xc5543]
V  [jvm.dll+0x3b678c]
V  [jvm.dll+0x1e0009]
V  [jvm.dll+0x247b42]
V  [jvm.dll+0x246fcf]
V  [jvm.dll+0x1c75ee]
V  [jvm.dll+0x25685a]
V  [jvm.dll+0x254dfa]
V  [jvm.dll+0x3f0256]
V  [jvm.dll+0x851f8b]
V  [jvm.dll+0x6cc5ed]
C  [ucrtbase.dll+0x37b0]
C  [KERNEL32.DLL+0x2e8d7]
C  [ntdll.dll+0xb14fc]


---------------  P R O C E S S  ---------------

Threads class SMR info:
_java_thread_list=0x0000020e927bbcc0, length=106, elements={
0x0000020ea5cfd920, 0x0000020efb1f8a00, 0x0000020efb1fa460, 0x0000020efb1fe510,
0x0000020efc7c5f70, 0x0000020efc7c95b0, 0x0000020efc7d1a50, 0x0000020efc7f7bf0,
0x0000020efc7fbcf0, 0x0000020efc8f5300, 0x0000020efc8f9540, 0x0000020efc8fb0b0,
0x0000020efcb37f00, 0x0000020efdec0500, 0x0000020efe897960, 0x0000020efe77b010,
0x0000020efe8930c0, 0x0000020efe904f10, 0x0000020efed47170, 0x0000020efeb42d60,
0x0000020efeef7e10, 0x0000020efeef4990, 0x0000020efeef56b0, 0x0000020efeef5020,
0x0000020efdf99700, 0x0000020efeb44430, 0x0000020efeef70f0, 0x0000020efeef5d40,
0x0000020efeef63d0, 0x0000020efeef6a60, 0x0000020efeef7780, 0x0000020e84abb230,
0x0000020e84abd300, 0x0000020e84abc5e0, 0x0000020e84abcc70, 0x0000020e84abd990,
0x0000020e84abe020, 0x0000020e84abe6b0, 0x0000020e84abed40, 0x0000020e84abb8c0,
0x0000020e84abf3d0, 0x0000020e84abbf50, 0x0000020e84ac21c0, 0x0000020e84abfa60,
0x0000020e84ac00f0, 0x0000020e84ac0780, 0x0000020e84ac0e10, 0x0000020e854cf890,
0x0000020e854e42b0, 0x0000020e84ac2850, 0x0000020e84ac14a0, 0x0000020e84ac1b30,
0x0000020e86c30760, 0x0000020e86c2e690, 0x0000020e86c2d970, 0x0000020e86c2ed20,
0x0000020e86c2d2e0, 0x0000020e86c2e000, 0x0000020e86c2fa40, 0x0000020e86c2f3b0,
0x0000020e86c300d0, 0x0000020e84ee56d0, 0x0000020e84ee3c90, 0x0000020e84ee28e0,
0x0000020e84ee2f70, 0x0000020e84ee2250, 0x0000020e84ee6a80, 0x0000020e84ee5040,
0x0000020e84ee4320, 0x0000020e84ee49b0, 0x0000020e84ee5d60, 0x0000020e84ee63f0,
0x0000020e84ee3600, 0x0000020e84ee91e0, 0x0000020e84ee9870, 0x0000020e84ee7110,
0x0000020e84ee77a0, 0x0000020e84ee7e30, 0x0000020e84ee84c0, 0x0000020e84ee8b50,
0x0000020e8589c820, 0x0000020e8589ceb0, 0x0000020e8589b470, 0x0000020e8589bb00,
0x0000020e8589c190, 0x0000020e8589a750, 0x0000020e8589d540, 0x0000020e8589dbd0,
0x0000020e8589e260, 0x0000020e8589ade0, 0x0000020e8589fca0, 0x0000020e8589ef80,
0x0000020e858a0330, 0x0000020e8589f610, 0x0000020e8589e8f0, 0x0000020e858a16e0,
0x0000020e858a09c0, 0x0000020e858a1050, 0x0000020e86566590, 0x0000020e919600e0,
0x0000020e95215940, 0x0000020e868f39c0, 0x0000020e868f4050, 0x0000020e868f2ca0,
0x0000020e868f2610, 0x0000020e868f46e0
}

Java Threads: ( => current thread )
  0x0000020ea5cfd920 JavaThread "main"                              [_thread_blocked, id=6656, stack(0x000000240e300000,0x000000240e400000) (1024K)]
  0x0000020efb1f8a00 JavaThread "Reference Handler"          daemon [_thread_blocked, id=15796, stack(0x000000240e700000,0x000000240e800000) (1024K)]
  0x0000020efb1fa460 JavaThread "Finalizer"                  daemon [_thread_blocked, id=11340, stack(0x000000240e800000,0x000000240e900000) (1024K)]
  0x0000020efb1fe510 JavaThread "Signal Dispatcher"          daemon [_thread_blocked, id=5012, stack(0x000000240e900000,0x000000240ea00000) (1024K)]
  0x0000020efc7c5f70 JavaThread "Attach Listener"            daemon [_thread_blocked, id=15544, stack(0x000000240ea00000,0x000000240eb00000) (1024K)]
  0x0000020efc7c95b0 JavaThread "Service Thread"             daemon [_thread_blocked, id=15412, stack(0x000000240eb00000,0x000000240ec00000) (1024K)]
  0x0000020efc7d1a50 JavaThread "Monitor Deflation Thread"   daemon [_thread_blocked, id=22092, stack(0x000000240ec00000,0x000000240ed00000) (1024K)]
  0x0000020efc7f7bf0 JavaThread "C2 CompilerThread0"         daemon [_thread_in_native, id=1420, stack(0x000000240ed00000,0x000000240ee00000) (1024K)]
  0x0000020efc7fbcf0 JavaThread "C1 CompilerThread0"         daemon [_thread_in_native, id=1128, stack(0x000000240ee00000,0x000000240ef00000) (1024K)]
  0x0000020efc8f5300 JavaThread "Common-Cleaner"             daemon [_thread_blocked, id=20164, stack(0x000000240ef00000,0x000000240f000000) (1024K)]
  0x0000020efc8f9540 JavaThread "C1 CompilerThread1"         daemon [_thread_in_native, id=13564, stack(0x000000240f000000,0x000000240f100000) (1024K)]
  0x0000020efc8fb0b0 JavaThread "C1 CompilerThread2"         daemon [_thread_in_native, id=3576, stack(0x000000240f100000,0x000000240f200000) (1024K)]
  0x0000020efcb37f00 JavaThread "C1 CompilerThread3"         daemon [_thread_in_native, id=9740, stack(0x000000240f300000,0x000000240f400000) (1024K)]
  0x0000020efdec0500 JavaThread "Notification Thread"        daemon [_thread_blocked, id=6700, stack(0x000000240f400000,0x000000240f500000) (1024K)]
  0x0000020efe897960 JavaThread "Active Thread: Equinox Container: 16c85660-4c71-48ac-bf2c-d47f23f58ef5"        [_thread_blocked, id=20400, stack(0x000000240fc00000,0x000000240fd00000) (1024K)]
  0x0000020efe77b010 JavaThread "Refresh Thread: Equinox Container: 16c85660-4c71-48ac-bf2c-d47f23f58ef5" daemon [_thread_blocked, id=12972, stack(0x000000240ff00000,0x0000002410000000) (1024K)]
  0x0000020efe8930c0 JavaThread "Framework Event Dispatcher: Equinox Container: 16c85660-4c71-48ac-bf2c-d47f23f58ef5" daemon [_thread_blocked, id=15144, stack(0x0000002410000000,0x0000002410100000) (1024K)]
  0x0000020efe904f10 JavaThread "Start Level: Equinox Container: 16c85660-4c71-48ac-bf2c-d47f23f58ef5" daemon [_thread_blocked, id=9676, stack(0x0000002410100000,0x0000002410200000) (1024K)]
  0x0000020efed47170 JavaThread "Bundle File Closer"         daemon [_thread_blocked, id=2872, stack(0x0000002410200000,0x0000002410300000) (1024K)]
  0x0000020efeb42d60 JavaThread "SCR Component Actor"        daemon [_thread_blocked, id=2448, stack(0x0000002410500000,0x0000002410600000) (1024K)]
  0x0000020efeef7e10 JavaThread "Worker-JM"                         [_thread_blocked, id=19556, stack(0x0000002410a00000,0x0000002410b00000) (1024K)]
  0x0000020efeef4990 JavaThread "JNA Cleaner"                daemon [_thread_blocked, id=14260, stack(0x0000002410b00000,0x0000002410c00000) (1024K)]
  0x0000020efeef56b0 JavaThread "Worker-0"                          [_thread_blocked, id=18752, stack(0x0000002410c00000,0x0000002410d00000) (1024K)]
  0x0000020efeef5020 JavaThread "Worker-1"                          [_thread_blocked, id=17756, stack(0x0000002410d00000,0x0000002410e00000) (1024K)]
  0x0000020efdf99700 JavaThread "C2 CompilerThread1"         daemon [_thread_in_native, id=11308, stack(0x000000240f200000,0x000000240f300000) (1024K)]
  0x0000020efeb44430 JavaThread "C2 CompilerThread2"         daemon [_thread_in_native, id=7212, stack(0x000000240f500000,0x000000240f600000) (1024K)]
  0x0000020efeef70f0 JavaThread "Java indexing"              daemon [_thread_in_native, id=2852, stack(0x000000240f600000,0x000000240f700000) (1024K)]
  0x0000020efeef5d40 JavaThread "Worker-2: Java indexing... "        [_thread_blocked, id=16564, stack(0x0000002411000000,0x0000002411100000) (1024K)]
  0x0000020efeef63d0 JavaThread "Worker-3"                          [_thread_blocked, id=22288, stack(0x0000002411100000,0x0000002411200000) (1024K)]
  0x0000020efeef6a60 JavaThread "Thread-2"                   daemon [_thread_in_native, id=6396, stack(0x0000002411200000,0x0000002411300000) (1024K)]
  0x0000020efeef7780 JavaThread "Thread-3"                   daemon [_thread_in_native, id=7928, stack(0x0000002411300000,0x0000002411400000) (1024K)]
  0x0000020e84abb230 JavaThread "Thread-4"                   daemon [_thread_in_native, id=8072, stack(0x0000002411400000,0x0000002411500000) (1024K)]
  0x0000020e84abd300 JavaThread "Thread-5"                   daemon [_thread_in_native, id=20236, stack(0x0000002411500000,0x0000002411600000) (1024K)]
  0x0000020e84abc5e0 JavaThread "Thread-6"                   daemon [_thread_in_native, id=16696, stack(0x0000002411600000,0x0000002411700000) (1024K)]
  0x0000020e84abcc70 JavaThread "Thread-7"                   daemon [_thread_in_native, id=6680, stack(0x0000002411700000,0x0000002411800000) (1024K)]
  0x0000020e84abd990 JavaThread "Thread-8"                   daemon [_thread_in_native, id=15840, stack(0x0000002411800000,0x0000002411900000) (1024K)]
  0x0000020e84abe020 JavaThread "Thread-9"                   daemon [_thread_in_native, id=4448, stack(0x0000002411900000,0x0000002411a00000) (1024K)]
  0x0000020e84abe6b0 JavaThread "Thread-10"                  daemon [_thread_in_native, id=22384, stack(0x0000002411a00000,0x0000002411b00000) (1024K)]
  0x0000020e84abed40 JavaThread "Thread-11"                  daemon [_thread_in_native, id=16476, stack(0x0000002411b00000,0x0000002411c00000) (1024K)]
  0x0000020e84abb8c0 JavaThread "Thread-12"                  daemon [_thread_in_native, id=19792, stack(0x0000002411c00000,0x0000002411d00000) (1024K)]
  0x0000020e84abf3d0 JavaThread "Thread-13"                  daemon [_thread_in_native, id=20280, stack(0x0000002411d00000,0x0000002411e00000) (1024K)]
  0x0000020e84abbf50 JavaThread "Thread-14"                  daemon [_thread_in_native, id=4720, stack(0x0000002411e00000,0x0000002411f00000) (1024K)]
  0x0000020e84ac21c0 JavaThread "Thread-15"                  daemon [_thread_in_native, id=18620, stack(0x0000002411f00000,0x0000002412000000) (1024K)]
  0x0000020e84abfa60 JavaThread "Thread-16"                  daemon [_thread_in_native, id=19920, stack(0x0000002412000000,0x0000002412100000) (1024K)]
  0x0000020e84ac00f0 JavaThread "Thread-17"                  daemon [_thread_in_native, id=20844, stack(0x0000002412100000,0x0000002412200000) (1024K)]
  0x0000020e84ac0780 JavaThread "Thread-18"                  daemon [_thread_in_native, id=21036, stack(0x0000002412200000,0x0000002412300000) (1024K)]
  0x0000020e84ac0e10 JavaThread "pool-2-thread-1"                   [_thread_blocked, id=15564, stack(0x0000002412300000,0x0000002412400000) (1024K)]
  0x0000020e854cf890 JavaThread "C2 CompilerThread3"         daemon [_thread_in_native, id=4940, stack(0x0000002412400000,0x0000002412500000) (1024K)]
=>0x0000020e854e42b0 JavaThread "C2 CompilerThread4"         daemon [_thread_in_native, id=5652, stack(0x0000002412500000,0x0000002412600000) (1024K)]
  0x0000020e84ac2850 JavaThread "Worker-4"                          [_thread_blocked, id=6100, stack(0x0000002412700000,0x0000002412800000) (1024K)]
  0x0000020e84ac14a0 JavaThread "Worker-5: Building"                [_thread_blocked, id=13824, stack(0x0000002412800000,0x0000002412900000) (1024K)]
  0x0000020e84ac1b30 JavaThread "WorkspaceEventsHandler"            [_thread_blocked, id=19624, stack(0x0000002412900000,0x0000002412a00000) (1024K)]
  0x0000020e86c30760 JavaThread "pool-1-thread-1"                   [_thread_blocked, id=21300, stack(0x0000002412a00000,0x0000002412b00000) (1024K)]
  0x0000020e86c2e690 JavaThread "LocalFile Deleter"          daemon [_thread_blocked, id=12680, stack(0x0000002412d00000,0x0000002412e00000) (1024K)]
  0x0000020e86c2d970 JavaThread "LocalFile Deleter"          daemon [_thread_blocked, id=20428, stack(0x0000002412e00000,0x0000002412f00000) (1024K)]
  0x0000020e86c2ed20 JavaThread "LocalFile Deleter"          daemon [_thread_blocked, id=2156, stack(0x0000002412f00000,0x0000002413000000) (1024K)]
  0x0000020e86c2d2e0 JavaThread "LocalFile Deleter"          daemon [_thread_blocked, id=21928, stack(0x0000002413000000,0x0000002413100000) (1024K)]
  0x0000020e86c2e000 JavaThread "LocalFile Deleter"          daemon [_thread_blocked, id=1416, stack(0x0000002413100000,0x0000002413200000) (1024K)]
  0x0000020e86c2fa40 JavaThread "LocalFile Deleter"          daemon [_thread_blocked, id=20388, stack(0x0000002413200000,0x0000002413300000) (1024K)]
  0x0000020e86c2f3b0 JavaThread "LocalFile Deleter"          daemon [_thread_blocked, id=21400, stack(0x0000002413300000,0x0000002413400000) (1024K)]
  0x0000020e86c300d0 JavaThread "LocalFile Deleter"          daemon [_thread_blocked, id=13736, stack(0x0000002413400000,0x0000002413500000) (1024K)]
  0x0000020e84ee56d0 JavaThread "LocalFile Deleter"          daemon [_thread_blocked, id=20916, stack(0x0000002413500000,0x0000002413600000) (1024K)]
  0x0000020e84ee3c90 JavaThread "LocalFile Deleter"          daemon [_thread_blocked, id=672, stack(0x0000002413600000,0x0000002413700000) (1024K)]
  0x0000020e84ee28e0 JavaThread "LocalFile Deleter"          daemon [_thread_blocked, id=16500, stack(0x0000002413700000,0x0000002413800000) (1024K)]
  0x0000020e84ee2f70 JavaThread "LocalFile Deleter"          daemon [_thread_blocked, id=21584, stack(0x0000002413800000,0x0000002413900000) (1024K)]
  0x0000020e84ee2250 JavaThread "LocalFile Deleter"          daemon [_thread_blocked, id=18980, stack(0x0000002413900000,0x0000002413a00000) (1024K)]
  0x0000020e84ee6a80 JavaThread "LocalFile Deleter"          daemon [_thread_blocked, id=5044, stack(0x0000002413a00000,0x0000002413b00000) (1024K)]
  0x0000020e84ee5040 JavaThread "LocalFile Deleter"          daemon [_thread_blocked, id=11416, stack(0x0000002413b00000,0x0000002413c00000) (1024K)]
  0x0000020e84ee4320 JavaThread "LocalFile Deleter"          daemon [_thread_blocked, id=14276, stack(0x0000002413c00000,0x0000002413d00000) (1024K)]
  0x0000020e84ee49b0 JavaThread "Compiler Source File Reader" daemon [_thread_blocked, id=14920, stack(0x0000002413d00000,0x0000002413e00000) (1024K)]
  0x0000020e84ee5d60 JavaThread "Compiler Source File Reader" daemon [_thread_blocked, id=16340, stack(0x0000002413e00000,0x0000002413f00000) (1024K)]
  0x0000020e84ee63f0 JavaThread "Compiler Source File Reader" daemon [_thread_blocked, id=17564, stack(0x0000002413f00000,0x0000002414000000) (1024K)]
  0x0000020e84ee3600 JavaThread "Compiler Source File Reader" daemon [_thread_blocked, id=15252, stack(0x0000002414000000,0x0000002414100000) (1024K)]
  0x0000020e84ee91e0 JavaThread "Compiler Source File Reader" daemon [_thread_blocked, id=22068, stack(0x0000002414100000,0x0000002414200000) (1024K)]
  0x0000020e84ee9870 JavaThread "Compiler Source File Reader" daemon [_thread_blocked, id=9716, stack(0x0000002414200000,0x0000002414300000) (1024K)]
  0x0000020e84ee7110 JavaThread "Compiler Source File Reader" daemon [_thread_blocked, id=4200, stack(0x0000002414300000,0x0000002414400000) (1024K)]
  0x0000020e84ee77a0 JavaThread "Compiler Source File Reader" daemon [_thread_blocked, id=12444, stack(0x0000002414400000,0x0000002414500000) (1024K)]
  0x0000020e84ee7e30 JavaThread "Compiler Source File Reader" daemon [_thread_blocked, id=16600, stack(0x0000002414500000,0x0000002414600000) (1024K)]
  0x0000020e84ee84c0 JavaThread "Compiler Source File Reader" daemon [_thread_blocked, id=19528, stack(0x0000002414600000,0x0000002414700000) (1024K)]
  0x0000020e84ee8b50 JavaThread "Compiler Source File Reader" daemon [_thread_blocked, id=3768, stack(0x0000002414700000,0x0000002414800000) (1024K)]
  0x0000020e8589c820 JavaThread "Compiler Source File Reader" daemon [_thread_blocked, id=10096, stack(0x0000002414800000,0x0000002414900000) (1024K)]
  0x0000020e8589ceb0 JavaThread "Compiler Source File Reader" daemon [_thread_blocked, id=10872, stack(0x0000002414900000,0x0000002414a00000) (1024K)]
  0x0000020e8589b470 JavaThread "Compiler Source File Reader" daemon [_thread_blocked, id=2456, stack(0x0000002414a00000,0x0000002414b00000) (1024K)]
  0x0000020e8589bb00 JavaThread "Compiler Processing Task"   daemon [_thread_blocked, id=4168, stack(0x0000002410600000,0x0000002410700000) (1024K)]
  0x0000020e8589c190 JavaThread "Compiler Class File Writer" daemon [_thread_blocked, id=20484, stack(0x0000002412600000,0x0000002412700000) (1024K)]
  0x0000020e8589a750 JavaThread "Compiler Class File Writer" daemon [_thread_blocked, id=7264, stack(0x0000002412b00000,0x0000002412c00000) (1024K)]
  0x0000020e8589d540 JavaThread "Compiler Class File Writer" daemon [_thread_blocked, id=11212, stack(0x0000002412c00000,0x0000002412d00000) (1024K)]
  0x0000020e8589dbd0 JavaThread "Compiler Class File Writer" daemon [_thread_blocked, id=8884, stack(0x0000002414b00000,0x0000002414c00000) (1024K)]
  0x0000020e8589e260 JavaThread "Compiler Class File Writer" daemon [_thread_blocked, id=14132, stack(0x0000002414c00000,0x0000002414d00000) (1024K)]
  0x0000020e8589ade0 JavaThread "Compiler Class File Writer" daemon [_thread_blocked, id=17552, stack(0x0000002414d00000,0x0000002414e00000) (1024K)]
  0x0000020e8589fca0 JavaThread "Compiler Class File Writer" daemon [_thread_blocked, id=18160, stack(0x0000002414e00000,0x0000002414f00000) (1024K)]
  0x0000020e8589ef80 JavaThread "Compiler Class File Writer" daemon [_thread_blocked, id=18884, stack(0x0000002414f00000,0x0000002415000000) (1024K)]
  0x0000020e858a0330 JavaThread "Compiler Class File Writer" daemon [_thread_blocked, id=8572, stack(0x0000002415000000,0x0000002415100000) (1024K)]
  0x0000020e8589f610 JavaThread "Compiler Class File Writer" daemon [_thread_blocked, id=11288, stack(0x0000002415100000,0x0000002415200000) (1024K)]
  0x0000020e8589e8f0 JavaThread "Compiler Class File Writer" daemon [_thread_blocked, id=21548, stack(0x0000002415200000,0x0000002415300000) (1024K)]
  0x0000020e858a16e0 JavaThread "Compiler Class File Writer" daemon [_thread_blocked, id=19436, stack(0x0000002415300000,0x0000002415400000) (1024K)]
  0x0000020e858a09c0 JavaThread "Compiler Class File Writer" daemon [_thread_blocked, id=15760, stack(0x0000002415400000,0x0000002415500000) (1024K)]
  0x0000020e858a1050 JavaThread "Compiler Class File Writer" daemon [_thread_blocked, id=21220, stack(0x0000002415500000,0x0000002415600000) (1024K)]
  0x0000020e86566590 JavaThread "C2 CompilerThread5"         daemon [_thread_in_native, id=13652, stack(0x0000002415600000,0x0000002415700000) (1024K)]
  0x0000020e919600e0 JavaThread "C2 CompilerThread6"         daemon [_thread_in_native, id=20136, stack(0x0000002415700000,0x0000002415800000) (1024K)]
  0x0000020e95215940 JavaThread "C2 CompilerThread7"         daemon [_thread_in_native, id=3968, stack(0x0000002415800000,0x0000002415900000) (1024K)]
  0x0000020e868f39c0 JavaThread "ParallelDescriptorResolver-0-0" daemon [_thread_in_Java, id=20476, stack(0x0000002415900000,0x0000002415a00000) (1024K)]
  0x0000020e868f4050 JavaThread "ParallelDescriptorResolver-0-1" daemon [_thread_in_Java, id=22428, stack(0x0000002415a00000,0x0000002415b00000) (1024K)]
  0x0000020e868f2ca0 JavaThread "ParallelDescriptorResolver-0-2" daemon [_thread_in_native, id=22016, stack(0x0000002415b00000,0x0000002415c00000) (1024K)]
  0x0000020e868f2610 JavaThread "ParallelDescriptorResolver-0-3" daemon [_thread_in_native, id=6296, stack(0x0000002415c00000,0x0000002415d00000) (1024K)]
  0x0000020e868f46e0 JavaThread "ParallelDescriptorResolver-0-4" daemon [_thread_in_native, id=21716, stack(0x0000002415d00000,0x0000002415e00000) (1024K)]
Total: 106

Other Threads:
  0x0000020efc7c36d0 VMThread "VM Thread"                           [id=8148, stack(0x000000240e600000,0x000000240e700000) (1024K)]
  0x0000020efb0dca00 WatcherThread "VM Periodic Task Thread"        [id=21008, stack(0x000000240e500000,0x000000240e600000) (1024K)]
  0x0000020ea5d1c080 WorkerThread "GC Thread#0"                     [id=11244, stack(0x000000240e400000,0x000000240e500000) (1024K)]
  0x0000020efed48bb0 WorkerThread "GC Thread#1"                     [id=15284, stack(0x000000240f700000,0x000000240f800000) (1024K)]
  0x0000020efe8ad270 WorkerThread "GC Thread#2"                     [id=3660, stack(0x000000240f800000,0x000000240f900000) (1024K)]
  0x0000020efe8ad610 WorkerThread "GC Thread#3"                     [id=13084, stack(0x000000240f900000,0x000000240fa00000) (1024K)]
  0x0000020efe373e70 WorkerThread "GC Thread#4"                     [id=5688, stack(0x000000240fa00000,0x000000240fb00000) (1024K)]
  0x0000020efe374620 WorkerThread "GC Thread#5"                     [id=19652, stack(0x000000240fb00000,0x000000240fc00000) (1024K)]
  0x0000020efe8a6090 WorkerThread "GC Thread#6"                     [id=7028, stack(0x000000240fd00000,0x000000240fe00000) (1024K)]
  0x0000020efe8ab5b0 WorkerThread "GC Thread#7"                     [id=6276, stack(0x000000240fe00000,0x000000240ff00000) (1024K)]
  0x0000020efe779ef0 WorkerThread "GC Thread#8"                     [id=13408, stack(0x0000002410300000,0x0000002410400000) (1024K)]
  0x0000020efe77a290 WorkerThread "GC Thread#9"                     [id=21132, stack(0x0000002410400000,0x0000002410500000) (1024K)]
  0x0000020eff00c830 WorkerThread "GC Thread#10"                    [id=21672, stack(0x0000002410700000,0x0000002410800000) (1024K)]
  0x0000020eff00cbd0 WorkerThread "GC Thread#11"                    [id=1704, stack(0x0000002410800000,0x0000002410900000) (1024K)]
  0x0000020eff00b610 WorkerThread "GC Thread#12"                    [id=2752, stack(0x0000002410900000,0x0000002410a00000) (1024K)]
Total: 15

Threads with active compile tasks:
C2 CompilerThread0  11198 13290       4       org.apache.maven.model.io.xpp3.MavenXpp3Reader::parseDependency (486 bytes)
C1 CompilerThread0  11198 13480       3       org.apache.maven.model.merge.ModelMerger::mergeBuildBase_TestResources (26 bytes)
C1 CompilerThread1  11198 13482       3       org.apache.maven.model.merge.MavenModelMerger::mergeModel_ArtifactId (1 bytes)
C1 CompilerThread2  11198 13485       3       org.eclipse.aether.artifact.DefaultArtifact::<init> (17 bytes)
C1 CompilerThread3  11198 13453       3       org.codehaus.plexus.util.xml.pull.MXParser::parseXmlDeclWithVersion (1204 bytes)
C2 CompilerThread1  11198 13158   !   4       org.codehaus.plexus.interpolation.StringSearchInterpolator::interpolate (668 bytes)
C2 CompilerThread2  11198 12106   !   4       org.eclipse.jdt.internal.core.search.indexing.BinaryIndexer::indexDocument (1204 bytes)
C2 CompilerThread3  11198 13421       4       org.apache.maven.model.interpolation.StringVisitorModelInterpolator$ModelVisitor::interpolate (11 bytes)
C2 CompilerThread4  11198 12799       4       java.lang.invoke.MethodType::makeImpl (109 bytes)
C2 CompilerThread5  11198 13396       4       org.apache.maven.repository.internal.ArtifactDescriptorReaderDelegate::convert (205 bytes)
C2 CompilerThread6  11198 13473   !   4       org.apache.maven.model.interpolation.StringVisitorModelInterpolator$1::interpolate (97 bytes)
C2 CompilerThread7  11198 13212       4       org.codehaus.plexus.util.xml.Xpp3Dom::<init> (125 bytes)
Total: 12

VM state: at safepoint (normal execution)

VM Mutex/Monitor currently owned by a thread:  ([mutex/lock_event])
[0x00007ffe5e01e380] Threads_lock - owner thread: 0x0000000000000000
[0x00007ffe5e01e480] Heap_lock - owner thread: 0x0000020efeef70f0

Heap address: 0x00000000c0000000, size: 1024 MB, Compressed Oops mode: 32-bit

CDS archive(s) mapped at: [0x0000020eba000000-0x0000020ebaba0000-0x0000020ebaba0000), size 12189696, SharedBaseAddress: 0x0000020eba000000, ArchiveRelocationMode: 1.
Compressed class space mapped at: 0x0000020ebb000000-0x0000020efb000000, reserved size: 1073741824
Narrow klass base: 0x0000020eba000000, Narrow klass shift: 0, Narrow klass range: 0x100000000

GC Precious Log:
 CardTable entry size: 512
 CPUs: 16 total, 16 available
 Memory: 15752M
 Large Page Support: Disabled
 NUMA Support: Disabled
 Compressed Oops: Enabled (32-bit)
 Alignments: Space 512K, Generation 512K, Heap 2M
 Heap Min Capacity: 100M
 Heap Initial Capacity: 100M
 Heap Max Capacity: 1G
 Pre-touch: Disabled
 Parallel Workers: 13

Heap:
 PSYoungGen      total 5120K, used 772K [0x00000000eab00000, 0x00000000eb200000, 0x0000000100000000)
  eden space 4096K, 1% used [0x00000000eab00000,0x00000000eab113e0,0x00000000eaf00000)
  from space 1024K, 68% used [0x00000000eaf00000,0x00000000eafb0000,0x00000000eb000000)
  to   space 1536K, 0% used [0x00000000eb080000,0x00000000eb080000,0x00000000eb200000)
 ParOldGen       total 414208K, used 414000K [0x00000000c0000000, 0x00000000d9480000, 0x00000000eab00000)
  object space 414208K, 99% used [0x00000000c0000000,0x00000000d944c1d0,0x00000000d9480000)
 Metaspace       used 63336K, committed 64768K, reserved 1114112K
  class space    used 6252K, committed 6912K, reserved 1048576K

Card table byte_map: [0x0000020ea56a0000,0x0000020ea58b0000] _byte_map_base: 0x0000020ea50a0000

Marking Bits: (ParMarkBitMap*) 0x00007ffe5e023260
 Begin Bits: [0x0000020eb7ef0000, 0x0000020eb8ef0000)
 End Bits:   [0x0000020eb8ef0000, 0x0000020eb9ef0000)

Polling page: 0x0000020ea3b30000

Metaspace:

Usage:
  Non-class:     55.75 MB used.
      Class:      6.11 MB used.
       Both:     61.85 MB used.

Virtual space:
  Non-class space:       64.00 MB reserved,      56.50 MB ( 88%) committed,  1 nodes.
      Class space:        1.00 GB reserved,       6.75 MB ( <1%) committed,  1 nodes.
             Both:        1.06 GB reserved,      63.25 MB (  6%) committed. 

Chunk freelists:
   Non-Class:  7.09 MB
       Class:  9.29 MB
        Both:  16.38 MB

MaxMetaspaceSize: unlimited
CompressedClassSpaceSize: 1.00 GB
Initial GC threshold: 21.00 MB
Current GC threshold: 97.31 MB
CDS: on
 - commit_granule_bytes: 65536.
 - commit_granule_words: 8192.
 - virtual_space_node_default_size: 8388608.
 - enlarge_chunks_in_place: 1.
 - use_allocation_guard: 0.


Internal statistics:

num_allocs_failed_limit: 9.
num_arena_births: 1242.
num_arena_deaths: 14.
num_vsnodes_births: 2.
num_vsnodes_deaths: 0.
num_space_committed: 1011.
num_space_uncommitted: 0.
num_chunks_returned_to_freelist: 23.
num_chunks_taken_from_freelist: 4236.
num_chunk_merges: 13.
num_chunk_splits: 2617.
num_chunks_enlarged: 1436.
num_inconsistent_stats: 0.

CodeHeap 'non-profiled nmethods': size=119168Kb used=9659Kb max_used=9659Kb free=109508Kb
 bounds [0x0000020eb0a90000, 0x0000020eb1400000, 0x0000020eb7ef0000]
CodeHeap 'profiled nmethods': size=119104Kb used=30991Kb max_used=30991Kb free=88112Kb
 bounds [0x0000020ea8ef0000, 0x0000020eaad40000, 0x0000020eb0340000]
CodeHeap 'non-nmethods': size=7488Kb used=3116Kb max_used=3201Kb free=4372Kb
 bounds [0x0000020eb0340000, 0x0000020eb0680000, 0x0000020eb0a90000]
 total_blobs=13278 nmethods=12535 adapters=643
 compilation: enabled
              stopped_count=0, restarted_count=0
 full_count=0

Compilation events (20 events):
Event: 10.136 Thread 0x0000020efc8fb0b0 13442       3       org.eclipse.aether.internal.impl.collect.PremanagedDependency::<init> (88 bytes)
Event: 10.136 Thread 0x0000020efcb37f00 13443       3       org.eclipse.aether.internal.impl.collect.bf.BfDependencyCollector::filter (29 bytes)
Event: 10.136 Thread 0x0000020efcb37f00 nmethod 13443 0x0000020eaad0a710 code [0x0000020eaad0a8c0, 0x0000020eaad0ab20]
Event: 10.136 Thread 0x0000020efcb37f00 13445       3       org.eclipse.aether.util.graph.selector.ScopeDependencySelector::selectDependency (67 bytes)
Event: 10.137 Thread 0x0000020efcb37f00 nmethod 13445 0x0000020eaad0ac10 code [0x0000020eaad0ae00, 0x0000020eaad0b388]
Event: 10.137 Thread 0x0000020efc8fb0b0 nmethod 13442 0x0000020eaad0b590 code [0x0000020eaad0b7c0, 0x0000020eaad0c240]
Event: 10.137 Thread 0x0000020efcb37f00 13449       3       org.apache.maven.model.merge.ModelMerger::mergeModelBase_Reporting (49 bytes)
Event: 10.137 Thread 0x0000020efc8fb0b0 13437       1       org.eclipse.aether.resolution.ArtifactDescriptorResult::getArtifact (5 bytes)
Event: 10.137 Thread 0x0000020efc8fb0b0 nmethod 13437 0x0000020eb13fbc90 code [0x0000020eb13fbe20, 0x0000020eb13fbee8]
Event: 10.137 Thread 0x0000020efc8fb0b0 13446       1       org.eclipse.aether.resolution.ArtifactDescriptorResult::getRelocations (5 bytes)
Event: 10.137 Thread 0x0000020efc8fb0b0 nmethod 13446 0x0000020eb13fbf90 code [0x0000020eb13fc120, 0x0000020eb13fc1e8]
Event: 10.138 Thread 0x0000020efc7fbcf0 nmethod 13440 0x0000020eaad0c590 code [0x0000020eaad0c860, 0x0000020eaad0d710]
Event: 10.138 Thread 0x0000020efc8fb0b0 13448       1       org.eclipse.aether.graph.DefaultDependencyNode::getChildren (5 bytes)
Event: 10.138 Thread 0x0000020efcb37f00 nmethod 13449 0x0000020eaad0dd10 code [0x0000020eaad0dee0, 0x0000020eaad0e428]
Event: 10.138 Thread 0x0000020efcb37f00 13453       3       org.codehaus.plexus.util.xml.pull.MXParser::parseXmlDeclWithVersion (1204 bytes)
Event: 10.138 Thread 0x0000020efc8fb0b0 nmethod 13448 0x0000020eb13fc290 code [0x0000020eb13fc420, 0x0000020eb13fc4e8]
Event: 10.138 Thread 0x0000020efc7fbcf0 13455       3       org.codehaus.plexus.util.xml.pull.MXParser::parseXmlDecl (265 bytes)
Event: 10.138 Thread 0x0000020efc8fb0b0 13454   !   3       org.codehaus.plexus.util.xml.pull.MXParser::parsePI (795 bytes)
Event: 10.138 Thread 0x0000020e854cf890 nmethod 13397 0x0000020eb13fc590 code [0x0000020eb13fc720, 0x0000020eb13fc970]
Event: 10.139 Thread 0x0000020efc8f9540 nmethod 13441 0x0000020eaad0e610 code [0x0000020eaad0eae0, 0x0000020eaad11420]

GC Heap History (20 events):
Event: 10.022 GC heap after
{Heap after GC invocations=465 (full 3):
 PSYoungGen      total 5120K, used 1275K [0x00000000eab00000, 0x00000000eb180000, 0x0000000100000000)
  eden space 3584K, 0% used [0x00000000eab00000,0x00000000eab00000,0x00000000eae80000)
  from space 1536K, 83% used [0x00000000eb000000,0x00000000eb13efe8,0x00000000eb180000)
  to   space 1536K, 0% used [0x00000000eae80000,0x00000000eae80000,0x00000000eb000000)
 ParOldGen       total 403968K, used 403796K [0x00000000c0000000, 0x00000000d8a80000, 0x00000000eab00000)
  object space 403968K, 99% used [0x00000000c0000000,0x00000000d8a55160,0x00000000d8a80000)
 Metaspace       used 63183K, committed 64576K, reserved 1114112K
  class space    used 6252K, committed 6912K, reserved 1048576K
}
Event: 10.031 GC heap before
{Heap before GC invocations=466 (full 3):
 PSYoungGen      total 5120K, used 4859K [0x00000000eab00000, 0x00000000eb180000, 0x0000000100000000)
  eden space 3584K, 100% used [0x00000000eab00000,0x00000000eae80000,0x00000000eae80000)
  from space 1536K, 83% used [0x00000000eb000000,0x00000000eb13efe8,0x00000000eb180000)
  to   space 1536K, 0% used [0x00000000eae80000,0x00000000eae80000,0x00000000eb000000)
 ParOldGen       total 403968K, used 403796K [0x00000000c0000000, 0x00000000d8a80000, 0x00000000eab00000)
  object space 403968K, 99% used [0x00000000c0000000,0x00000000d8a55160,0x00000000d8a80000)
 Metaspace       used 63183K, committed 64576K, reserved 1114112K
  class space    used 6252K, committed 6912K, reserved 1048576K
}
Event: 10.032 GC heap after
{Heap after GC invocations=466 (full 3):
 PSYoungGen      total 5120K, used 896K [0x00000000eab00000, 0x00000000eb180000, 0x0000000100000000)
  eden space 3584K, 0% used [0x00000000eab00000,0x00000000eab00000,0x00000000eae80000)
  from space 1536K, 58% used [0x00000000eae80000,0x00000000eaf60000,0x00000000eb000000)
  to   space 1536K, 0% used [0x00000000eb000000,0x00000000eb000000,0x00000000eb180000)
 ParOldGen       total 404992K, used 404880K [0x00000000c0000000, 0x00000000d8b80000, 0x00000000eab00000)
  object space 404992K, 99% used [0x00000000c0000000,0x00000000d8b641f8,0x00000000d8b80000)
 Metaspace       used 63183K, committed 64576K, reserved 1114112K
  class space    used 6252K, committed 6912K, reserved 1048576K
}
Event: 10.035 GC heap before
{Heap before GC invocations=467 (full 3):
 PSYoungGen      total 5120K, used 4480K [0x00000000eab00000, 0x00000000eb180000, 0x0000000100000000)
  eden space 3584K, 100% used [0x00000000eab00000,0x00000000eae80000,0x00000000eae80000)
  from space 1536K, 58% used [0x00000000eae80000,0x00000000eaf60000,0x00000000eb000000)
  to   space 1536K, 0% used [0x00000000eb000000,0x00000000eb000000,0x00000000eb180000)
 ParOldGen       total 404992K, used 404880K [0x00000000c0000000, 0x00000000d8b80000, 0x00000000eab00000)
  object space 404992K, 99% used [0x00000000c0000000,0x00000000d8b641f8,0x00000000d8b80000)
 Metaspace       used 63183K, committed 64576K, reserved 1114112K
  class space    used 6252K, committed 6912K, reserved 1048576K
}
Event: 10.037 GC heap after
{Heap after GC invocations=467 (full 3):
 PSYoungGen      total 5120K, used 1216K [0x00000000eab00000, 0x00000000eb280000, 0x0000000100000000)
  eden space 3584K, 0% used [0x00000000eab00000,0x00000000eab00000,0x00000000eae80000)
  from space 1536K, 79% used [0x00000000eb000000,0x00000000eb130000,0x00000000eb180000)
  to   space 1536K, 0% used [0x00000000eae80000,0x00000000eae80000,0x00000000eb000000)
 ParOldGen       total 406016K, used 405598K [0x00000000c0000000, 0x00000000d8c80000, 0x00000000eab00000)
  object space 406016K, 99% used [0x00000000c0000000,0x00000000d8c17800,0x00000000d8c80000)
 Metaspace       used 63183K, committed 64576K, reserved 1114112K
  class space    used 6252K, committed 6912K, reserved 1048576K
}
Event: 10.041 GC heap before
{Heap before GC invocations=468 (full 3):
 PSYoungGen      total 5120K, used 4800K [0x00000000eab00000, 0x00000000eb280000, 0x0000000100000000)
  eden space 3584K, 100% used [0x00000000eab00000,0x00000000eae80000,0x00000000eae80000)
  from space 1536K, 79% used [0x00000000eb000000,0x00000000eb130000,0x00000000eb180000)
  to   space 1536K, 0% used [0x00000000eae80000,0x00000000eae80000,0x00000000eb000000)
 ParOldGen       total 406016K, used 405598K [0x00000000c0000000, 0x00000000d8c80000, 0x00000000eab00000)
  object space 406016K, 99% used [0x00000000c0000000,0x00000000d8c17800,0x00000000d8c80000)
 Metaspace       used 63183K, committed 64576K, reserved 1114112K
  class space    used 6252K, committed 6912K, reserved 1048576K
}
Event: 10.043 GC heap after
{Heap after GC invocations=468 (full 3):
 PSYoungGen      total 5120K, used 1524K [0x00000000eab00000, 0x00000000eb580000, 0x0000000100000000)
  eden space 3584K, 0% used [0x00000000eab00000,0x00000000eab00000,0x00000000eae80000)
  from space 1536K, 99% used [0x00000000eae80000,0x00000000eaffd258,0x00000000eb000000)
  to   space 3072K, 0% used [0x00000000eb280000,0x00000000eb280000,0x00000000eb580000)
 ParOldGen       total 407040K, used 406638K [0x00000000c0000000, 0x00000000d8d80000, 0x00000000eab00000)
  object space 407040K, 99% used [0x00000000c0000000,0x00000000d8d1b800,0x00000000d8d80000)
 Metaspace       used 63183K, committed 64576K, reserved 1114112K
  class space    used 6252K, committed 6912K, reserved 1048576K
}
Event: 10.048 GC heap before
{Heap before GC invocations=469 (full 3):
 PSYoungGen      total 5120K, used 5108K [0x00000000eab00000, 0x00000000eb580000, 0x0000000100000000)
  eden space 3584K, 100% used [0x00000000eab00000,0x00000000eae80000,0x00000000eae80000)
  from space 1536K, 99% used [0x00000000eae80000,0x00000000eaffd258,0x00000000eb000000)
  to   space 3072K, 0% used [0x00000000eb280000,0x00000000eb280000,0x00000000eb580000)
 ParOldGen       total 407040K, used 406638K [0x00000000c0000000, 0x00000000d8d80000, 0x00000000eab00000)
  object space 407040K, 99% used [0x00000000c0000000,0x00000000d8d1b800,0x00000000d8d80000)
 Metaspace       used 63186K, committed 64576K, reserved 1114112K
  class space    used 6252K, committed 6912K, reserved 1048576K
}
Event: 10.050 GC heap after
{Heap after GC invocations=469 (full 3):
 PSYoungGen      total 6144K, used 1322K [0x00000000eab00000, 0x00000000eb400000, 0x0000000100000000)
  eden space 4608K, 0% used [0x00000000eab00000,0x00000000eab00000,0x00000000eaf80000)
  from space 1536K, 86% used [0x00000000eb280000,0x00000000eb3caa98,0x00000000eb400000)
  to   space 2048K, 0% used [0x00000000eb000000,0x00000000eb000000,0x00000000eb200000)
 ParOldGen       total 408064K, used 408054K [0x00000000c0000000, 0x00000000d8e80000, 0x00000000eab00000)
  object space 408064K, 99% used [0x00000000c0000000,0x00000000d8e7d800,0x00000000d8e80000)
 Metaspace       used 63186K, committed 64576K, reserved 1114112K
  class space    used 6252K, committed 6912K, reserved 1048576K
}
Event: 10.062 GC heap before
{Heap before GC invocations=470 (full 3):
 PSYoungGen      total 6144K, used 5930K [0x00000000eab00000, 0x00000000eb400000, 0x0000000100000000)
  eden space 4608K, 100% used [0x00000000eab00000,0x00000000eaf80000,0x00000000eaf80000)
  from space 1536K, 86% used [0x00000000eb280000,0x00000000eb3caa98,0x00000000eb400000)
  to   space 2048K, 0% used [0x00000000eb000000,0x00000000eb000000,0x00000000eb200000)
 ParOldGen       total 408064K, used 408054K [0x00000000c0000000, 0x00000000d8e80000, 0x00000000eab00000)
  object space 408064K, 99% used [0x00000000c0000000,0x00000000d8e7d800,0x00000000d8e80000)
 Metaspace       used 63204K, committed 64640K, reserved 1114112K
  class space    used 6252K, committed 6912K, reserved 1048576K
}
Event: 10.063 GC heap after
{Heap after GC invocations=470 (full 3):
 PSYoungGen      total 7168K, used 918K [0x00000000eab00000, 0x00000000eb380000, 0x0000000100000000)
  eden space 5120K, 0% used [0x00000000eab00000,0x00000000eab00000,0x00000000eb000000)
  from space 2048K, 44% used [0x00000000eb000000,0x00000000eb0e5920,0x00000000eb200000)
  to   space 1536K, 0% used [0x00000000eb200000,0x00000000eb200000,0x00000000eb380000)
 ParOldGen       total 409600K, used 409129K [0x00000000c0000000, 0x00000000d9000000, 0x00000000eab00000)
  object space 409600K, 99% used [0x00000000c0000000,0x00000000d8f8a418,0x00000000d9000000)
 Metaspace       used 63204K, committed 64640K, reserved 1114112K
  class space    used 6252K, committed 6912K, reserved 1048576K
}
Event: 10.076 GC heap before
{Heap before GC invocations=471 (full 3):
 PSYoungGen      total 7168K, used 6036K [0x00000000eab00000, 0x00000000eb380000, 0x0000000100000000)
  eden space 5120K, 99% used [0x00000000eab00000,0x00000000eafffad8,0x00000000eb000000)
  from space 2048K, 44% used [0x00000000eb000000,0x00000000eb0e5920,0x00000000eb200000)
  to   space 1536K, 0% used [0x00000000eb200000,0x00000000eb200000,0x00000000eb380000)
 ParOldGen       total 409600K, used 409129K [0x00000000c0000000, 0x00000000d9000000, 0x00000000eab00000)
  object space 409600K, 99% used [0x00000000c0000000,0x00000000d8f8a418,0x00000000d9000000)
 Metaspace       used 63204K, committed 64640K, reserved 1114112K
  class space    used 6252K, committed 6912K, reserved 1048576K
}
Event: 10.077 GC heap after
{Heap after GC invocations=471 (full 3):
 PSYoungGen      total 6144K, used 993K [0x00000000eab00000, 0x00000000eb300000, 0x0000000100000000)
  eden space 5120K, 0% used [0x00000000eab00000,0x00000000eab00000,0x00000000eb000000)
  from space 1024K, 97% used [0x00000000eb200000,0x00000000eb2f87c8,0x00000000eb300000)
  to   space 1024K, 0% used [0x00000000eb100000,0x00000000eb100000,0x00000000eb200000)
 ParOldGen       total 410112K, used 409737K [0x00000000c0000000, 0x00000000d9080000, 0x00000000eab00000)
  object space 410112K, 99% used [0x00000000c0000000,0x00000000d9022418,0x00000000d9080000)
 Metaspace       used 63204K, committed 64640K, reserved 1114112K
  class space    used 6252K, committed 6912K, reserved 1048576K
}
Event: 10.097 GC heap before
{Heap before GC invocations=472 (full 3):
 PSYoungGen      total 6144K, used 6113K [0x00000000eab00000, 0x00000000eb300000, 0x0000000100000000)
  eden space 5120K, 100% used [0x00000000eab00000,0x00000000eb000000,0x00000000eb000000)
  from space 1024K, 97% used [0x00000000eb200000,0x00000000eb2f87c8,0x00000000eb300000)
  to   space 1024K, 0% used [0x00000000eb100000,0x00000000eb100000,0x00000000eb200000)
 ParOldGen       total 410112K, used 409737K [0x00000000c0000000, 0x00000000d9080000, 0x00000000eab00000)
  object space 410112K, 99% used [0x00000000c0000000,0x00000000d9022418,0x00000000d9080000)
 Metaspace       used 63239K, committed 64640K, reserved 1114112K
  class space    used 6252K, committed 6912K, reserved 1048576K
}
Event: 10.098 GC heap after
{Heap after GC invocations=472 (full 3):
 PSYoungGen      total 6144K, used 1009K [0x00000000eab00000, 0x00000000eb400000, 0x0000000100000000)
  eden space 5120K, 0% used [0x00000000eab00000,0x00000000eab00000,0x00000000eb000000)
  from space 1024K, 98% used [0x00000000eb100000,0x00000000eb1fc600,0x00000000eb200000)
  to   space 2048K, 0% used [0x00000000eb200000,0x00000000eb200000,0x00000000eb400000)
 ParOldGen       total 410624K, used 410511K [0x00000000c0000000, 0x00000000d9100000, 0x00000000eab00000)
  object space 410624K, 99% used [0x00000000c0000000,0x00000000d90e3c20,0x00000000d9100000)
 Metaspace       used 63239K, committed 64640K, reserved 1114112K
  class space    used 6252K, committed 6912K, reserved 1048576K
}
Event: 10.105 GC heap before
{Heap before GC invocations=473 (full 3):
 PSYoungGen      total 6144K, used 6129K [0x00000000eab00000, 0x00000000eb400000, 0x0000000100000000)
  eden space 5120K, 100% used [0x00000000eab00000,0x00000000eb000000,0x00000000eb000000)
  from space 1024K, 98% used [0x00000000eb100000,0x00000000eb1fc600,0x00000000eb200000)
  to   space 2048K, 0% used [0x00000000eb200000,0x00000000eb200000,0x00000000eb400000)
 ParOldGen       total 410624K, used 410511K [0x00000000c0000000, 0x00000000d9100000, 0x00000000eab00000)
  object space 410624K, 99% used [0x00000000c0000000,0x00000000d90e3c20,0x00000000d9100000)
 Metaspace       used 63253K, committed 64640K, reserved 1114112K
  class space    used 6252K, committed 6912K, reserved 1048576K
}
Event: 10.107 GC heap after
{Heap after GC invocations=473 (full 3):
 PSYoungGen      total 7168K, used 1472K [0x00000000eab00000, 0x00000000eb400000, 0x0000000100000000)
  eden space 5120K, 0% used [0x00000000eab00000,0x00000000eab00000,0x00000000eb000000)
  from space 2048K, 71% used [0x00000000eb200000,0x00000000eb370000,0x00000000eb400000)
  to   space 2048K, 0% used [0x00000000eb000000,0x00000000eb000000,0x00000000eb200000)
 ParOldGen       total 411136K, used 411103K [0x00000000c0000000, 0x00000000d9180000, 0x00000000eab00000)
  object space 411136K, 99% used [0x00000000c0000000,0x00000000d9177c20,0x00000000d9180000)
 Metaspace       used 63253K, committed 64640K, reserved 1114112K
  class space    used 6252K, committed 6912K, reserved 1048576K
}
Event: 10.117 GC heap before
{Heap before GC invocations=474 (full 3):
 PSYoungGen      total 7168K, used 6592K [0x00000000eab00000, 0x00000000eb400000, 0x0000000100000000)
  eden space 5120K, 100% used [0x00000000eab00000,0x00000000eb000000,0x00000000eb000000)
  from space 2048K, 71% used [0x00000000eb200000,0x00000000eb370000,0x00000000eb400000)
  to   space 2048K, 0% used [0x00000000eb000000,0x00000000eb000000,0x00000000eb200000)
 ParOldGen       total 411136K, used 411103K [0x00000000c0000000, 0x00000000d9180000, 0x00000000eab00000)
  object space 411136K, 99% used [0x00000000c0000000,0x00000000d9177c20,0x00000000d9180000)
 Metaspace       used 63276K, committed 64704K, reserved 1114112K
  class space    used 6252K, committed 6912K, reserved 1048576K
}
Event: 10.119 GC heap after
{Heap after GC invocations=474 (full 3):
 PSYoungGen      total 5632K, used 416K [0x00000000eab00000, 0x00000000eb280000, 0x0000000100000000)
  eden space 5120K, 0% used [0x00000000eab00000,0x00000000eab00000,0x00000000eb000000)
  from space 512K, 81% used [0x00000000eb000000,0x00000000eb068000,0x00000000eb080000)
  to   space 1024K, 0% used [0x00000000eb180000,0x00000000eb180000,0x00000000eb280000)
 ParOldGen       total 412160K, used 412063K [0x00000000c0000000, 0x00000000d9280000, 0x00000000eab00000)
  object space 412160K, 99% used [0x00000000c0000000,0x00000000d9267c20,0x00000000d9280000)
 Metaspace       used 63276K, committed 64704K, reserved 1114112K
  class space    used 6252K, committed 6912K, reserved 1048576K
}
Event: 10.139 GC heap before
{Heap before GC invocations=475 (full 3):
 PSYoungGen      total 5632K, used 5536K [0x00000000eab00000, 0x00000000eb280000, 0x0000000100000000)
  eden space 5120K, 100% used [0x00000000eab00000,0x00000000eb000000,0x00000000eb000000)
  from space 512K, 81% used [0x00000000eb000000,0x00000000eb068000,0x00000000eb080000)
  to   space 1024K, 0% used [0x00000000eb180000,0x00000000eb180000,0x00000000eb280000)
 ParOldGen       total 412160K, used 412063K [0x00000000c0000000, 0x00000000d9280000, 0x00000000eab00000)
  object space 412160K, 99% used [0x00000000c0000000,0x00000000d9267c20,0x00000000d9280000)
 Metaspace       used 63320K, committed 64768K, reserved 1114112K
  class space    used 6252K, committed 6912K, reserved 1048576K
}

Dll operation events (10 events):
Event: 0.008 Loaded shared library c:\Users\MSI\.vscode\extensions\redhat.java-1.41.1-win32-x64\jre\21.0.6-win32-x86_64\bin\java.dll
Event: 0.041 Loaded shared library c:\Users\MSI\.vscode\extensions\redhat.java-1.41.1-win32-x64\jre\21.0.6-win32-x86_64\bin\zip.dll
Event: 0.082 Loaded shared library C:\Users\MSI\.vscode\extensions\redhat.java-1.41.1-win32-x64\jre\21.0.6-win32-x86_64\bin\instrument.dll
Event: 0.085 Loaded shared library C:\Users\MSI\.vscode\extensions\redhat.java-1.41.1-win32-x64\jre\21.0.6-win32-x86_64\bin\net.dll
Event: 0.087 Loaded shared library C:\Users\MSI\.vscode\extensions\redhat.java-1.41.1-win32-x64\jre\21.0.6-win32-x86_64\bin\nio.dll
Event: 0.089 Loaded shared library C:\Users\MSI\.vscode\extensions\redhat.java-1.41.1-win32-x64\jre\21.0.6-win32-x86_64\bin\zip.dll
Event: 0.100 Loaded shared library C:\Users\MSI\.vscode\extensions\redhat.java-1.41.1-win32-x64\jre\21.0.6-win32-x86_64\bin\jimage.dll
Event: 0.143 Loaded shared library c:\Users\MSI\.vscode\extensions\redhat.java-1.41.1-win32-x64\jre\21.0.6-win32-x86_64\bin\verify.dll
Event: 0.838 Loaded shared library C:\Users\MSI\AppData\Roaming\Code\User\globalStorage\redhat.java\1.41.1\config_win\org.eclipse.equinox.launcher\org.eclipse.equinox.launcher.win32.win32.x86_64_1.2.1300.v20250331-1702\eclipse_11911.dll
Event: 1.822 Loaded shared library C:\Users\MSI\AppData\Local\Temp\jna-76643\jna17469762089432988004.dll

Deoptimization events (20 events):
Event: 10.034 Thread 0x0000020efeef70f0 DEOPT PACKING pc=0x0000020eaaa1cd2a sp=0x000000240f6fecc0
Event: 10.034 Thread 0x0000020efeef70f0 DEOPT UNPACKING pc=0x0000020eb0394242 sp=0x000000240f6fe248 mode 0
Event: 10.038 Thread 0x0000020e868f4050 DEOPT PACKING pc=0x0000020eaabc324d sp=0x0000002415afdf30
Event: 10.038 Thread 0x0000020e868f4050 DEOPT UNPACKING pc=0x0000020eb0394242 sp=0x0000002415afd468 mode 0
Event: 10.132 Thread 0x0000020e868f46e0 Uncommon trap: trap_request=0xffffff45 fr.pc=0x0000020eb134bf18 relative=0x0000000000000998
Event: 10.132 Thread 0x0000020e868f46e0 Uncommon trap: reason=unstable_if action=reinterpret pc=0x0000020eb134bf18 method=java.lang.String.indexOf(Ljava/lang/String;)I @ 10 c2
Event: 10.132 Thread 0x0000020e868f46e0 DEOPT PACKING pc=0x0000020eb134bf18 sp=0x0000002415dfe880
Event: 10.132 Thread 0x0000020e868f46e0 DEOPT UNPACKING pc=0x0000020eb0393aa2 sp=0x0000002415dfe760 mode 2
Event: 10.134 Thread 0x0000020e84ac14a0 Uncommon trap: trap_request=0xffffffde fr.pc=0x0000020eb0fdfc6c relative=0x000000000000082c
Event: 10.134 Thread 0x0000020e84ac14a0 Uncommon trap: reason=class_check action=maybe_recompile pc=0x0000020eb0fdfc6c method=java.util.WeakHashMap.matchesKey(Ljava/util/WeakHashMap$Entry;Ljava/lang/Object;)Z @ 21 c2
Event: 10.135 Thread 0x0000020e84ac14a0 DEOPT PACKING pc=0x0000020eb0fdfc6c sp=0x00000024128fd820
Event: 10.135 Thread 0x0000020e84ac14a0 DEOPT UNPACKING pc=0x0000020eb0393aa2 sp=0x00000024128fd768 mode 2
Event: 10.135 Thread 0x0000020e84ac14a0 Uncommon trap: trap_request=0xffffffde fr.pc=0x0000020eb0fdfc6c relative=0x000000000000082c
Event: 10.135 Thread 0x0000020e84ac14a0 Uncommon trap: reason=class_check action=maybe_recompile pc=0x0000020eb0fdfc6c method=java.util.WeakHashMap.matchesKey(Ljava/util/WeakHashMap$Entry;Ljava/lang/Object;)Z @ 21 c2
Event: 10.135 Thread 0x0000020e84ac14a0 DEOPT PACKING pc=0x0000020eb0fdfc6c sp=0x00000024128fd810
Event: 10.135 Thread 0x0000020e84ac14a0 DEOPT UNPACKING pc=0x0000020eb0393aa2 sp=0x00000024128fd758 mode 2
Event: 10.135 Thread 0x0000020e84ac14a0 Uncommon trap: trap_request=0xffffffde fr.pc=0x0000020eb0fdfc6c relative=0x000000000000082c
Event: 10.135 Thread 0x0000020e84ac14a0 Uncommon trap: reason=class_check action=maybe_recompile pc=0x0000020eb0fdfc6c method=java.util.WeakHashMap.matchesKey(Ljava/util/WeakHashMap$Entry;Ljava/lang/Object;)Z @ 21 c2
Event: 10.135 Thread 0x0000020e84ac14a0 DEOPT PACKING pc=0x0000020eb0fdfc6c sp=0x00000024128fd820
Event: 10.135 Thread 0x0000020e84ac14a0 DEOPT UNPACKING pc=0x0000020eb0393aa2 sp=0x00000024128fd768 mode 2

Classes loaded (20 events):
Event: 8.343 Loading class java/util/stream/Nodes$IntFixedNodeBuilder
Event: 8.344 Loading class java/util/stream/Node$Builder$OfInt
Event: 8.344 Loading class java/util/stream/Sink$OfInt
Event: 8.344 Loading class java/util/stream/Sink$OfInt done
Event: 8.344 Loading class java/util/stream/Node$Builder$OfInt done
Event: 8.344 Loading class java/util/stream/Nodes$IntArrayNode
Event: 8.344 Loading class java/util/stream/Nodes$IntArrayNode done
Event: 8.344 Loading class java/util/stream/Nodes$IntFixedNodeBuilder done
Event: 8.345 Loading class java/util/stream/ReferencePipeline$4$1
Event: 8.345 Loading class java/util/stream/ReferencePipeline$4$1 done
Event: 8.731 Loading class sun/nio/fs/WindowsFileCopy
Event: 8.731 Loading class sun/nio/fs/WindowsFileCopy done
Event: 9.227 Loading class jdk/internal/module/IllegalAccessLogger
Event: 9.227 Loading class jdk/internal/module/IllegalAccessLogger done
Event: 9.423 Loading class java/util/stream/IntPipeline$Head
Event: 9.423 Loading class java/util/stream/IntPipeline$Head done
Event: 9.538 Loading class java/util/stream/Streams$RangeIntSpliterator
Event: 9.538 Loading class java/util/stream/Streams$RangeIntSpliterator done
Event: 9.943 Loading class sun/nio/cs/ISO_8859_1$Decoder
Event: 9.943 Loading class sun/nio/cs/ISO_8859_1$Decoder done

Classes unloaded (7 events):
Event: 2.174 Thread 0x0000020efc7c36d0 Unloading class 0x0000020ebb194800 'java/lang/invoke/LambdaForm$MH+0x0000020ebb194800'
Event: 2.174 Thread 0x0000020efc7c36d0 Unloading class 0x0000020ebb194400 'java/lang/invoke/LambdaForm$MH+0x0000020ebb194400'
Event: 2.174 Thread 0x0000020efc7c36d0 Unloading class 0x0000020ebb194000 'java/lang/invoke/LambdaForm$MH+0x0000020ebb194000'
Event: 2.174 Thread 0x0000020efc7c36d0 Unloading class 0x0000020ebb193c00 'java/lang/invoke/LambdaForm$MH+0x0000020ebb193c00'
Event: 2.174 Thread 0x0000020efc7c36d0 Unloading class 0x0000020ebb193800 'java/lang/invoke/LambdaForm$BMH+0x0000020ebb193800'
Event: 2.174 Thread 0x0000020efc7c36d0 Unloading class 0x0000020ebb193400 'java/lang/invoke/LambdaForm$DMH+0x0000020ebb193400'
Event: 2.174 Thread 0x0000020efc7c36d0 Unloading class 0x0000020ebb192400 'java/lang/invoke/LambdaForm$DMH+0x0000020ebb192400'

Classes redefined (0 events):
No events

Internal exceptions (20 events):
Event: 9.251 Thread 0x0000020e84ac14a0 Exception <a 'sun/nio/fs/WindowsException'{0x00000000eac87208}> (0x00000000eac87208) 
thrown [s\src\hotspot\share\prims\jni.cpp, line 520]
Event: 9.251 Thread 0x0000020e84ac14a0 Exception <a 'java/io/FileNotFoundException'{0x00000000eacce5a0}> (0x00000000eacce5a0) 
thrown [s\src\hotspot\share\prims\jni.cpp, line 520]
Event: 9.252 Thread 0x0000020e84ac14a0 Exception <a 'java/io/FileNotFoundException'{0x00000000eaccf308}> (0x00000000eaccf308) 
thrown [s\src\hotspot\share\prims\jni.cpp, line 520]
Event: 9.254 Thread 0x0000020e84ac14a0 Exception <a 'sun/nio/fs/WindowsException'{0x00000000ead14d70}> (0x00000000ead14d70) 
thrown [s\src\hotspot\share\prims\jni.cpp, line 520]
Event: 9.254 Thread 0x0000020e84ac14a0 Exception <a 'sun/nio/fs/WindowsException'{0x00000000ead56038}> (0x00000000ead56038) 
thrown [s\src\hotspot\share\prims\jni.cpp, line 520]
Event: 9.296 Thread 0x0000020efeef70f0 Exception <a 'sun/nio/fs/WindowsException'{0x00000000eabfc358}> (0x00000000eabfc358) 
thrown [s\src\hotspot\share\prims\jni.cpp, line 520]
Event: 9.423 Thread 0x0000020e84ac14a0 Exception <a 'java/lang/NoSuchMethodError'{0x00000000ead57280}: 'void java.lang.invoke.DirectMethodHandle$Holder.invokeStatic(java.lang.Object, java.lang.Object, java.lang.Object, int)'> (0x00000000ead57280) 
thrown [s\src\hotspot\share\interpreter\linkResolver.cpp, line 773]
Event: 9.436 Thread 0x0000020e84ac14a0 Exception <a 'java/lang/NoSuchMethodError'{0x00000000eabd67a0}: 'void java.lang.invoke.DirectMethodHandle$Holder.invokeVirtual(java.lang.Object, java.lang.Object, int)'> (0x00000000eabd67a0) 
thrown [s\src\hotspot\share\interpreter\linkResolver.cpp, line 773]
Event: 9.498 Thread 0x0000020efeef70f0 Exception <a 'sun/nio/fs/WindowsException'{0x00000000eab22a30}> (0x00000000eab22a30) 
thrown [s\src\hotspot\share\prims\jni.cpp, line 520]
Event: 9.509 Thread 0x0000020efeef70f0 Exception <a 'sun/nio/fs/WindowsException'{0x00000000eac21d60}> (0x00000000eac21d60) 
thrown [s\src\hotspot\share\prims\jni.cpp, line 520]
Event: 9.567 Thread 0x0000020efeef70f0 Exception <a 'sun/nio/fs/WindowsException'{0x00000000eab69e60}> (0x00000000eab69e60) 
thrown [s\src\hotspot\share\prims\jni.cpp, line 520]
Event: 9.657 Thread 0x0000020efeef70f0 Exception <a 'sun/nio/fs/WindowsException'{0x00000000eab3f348}> (0x00000000eab3f348) 
thrown [s\src\hotspot\share\prims\jni.cpp, line 520]
Event: 9.687 Thread 0x0000020efeef70f0 Exception <a 'sun/nio/fs/WindowsException'{0x00000000eac2f6a8}> (0x00000000eac2f6a8) 
thrown [s\src\hotspot\share\prims\jni.cpp, line 520]
Event: 9.700 Thread 0x0000020efeef70f0 Exception <a 'sun/nio/fs/WindowsException'{0x00000000eab194e0}> (0x00000000eab194e0) 
thrown [s\src\hotspot\share\prims\jni.cpp, line 520]
Event: 9.753 Thread 0x0000020efeef70f0 Exception <a 'sun/nio/fs/WindowsException'{0x00000000eab71668}> (0x00000000eab71668) 
thrown [s\src\hotspot\share\prims\jni.cpp, line 520]
Event: 9.771 Thread 0x0000020e84ac14a0 Exception <a 'java/lang/NoSuchMethodError'{0x00000000eabc0440}: 'void java.lang.invoke.DirectMethodHandle$Holder.invokeInterface(java.lang.Object, java.lang.Object)'> (0x00000000eabc0440) 
thrown [s\src\hotspot\share\interpreter\linkResolver.cpp, line 773]
Event: 9.781 Thread 0x0000020e868f46e0 Exception <a 'java/lang/NoSuchMethodError'{0x00000000eab95da8}: 'void java.lang.invoke.DirectMethodHandle$Holder.invokeSpecial(java.lang.Object, java.lang.Object, java.lang.Object, java.lang.Object, java.lang.Object, java.lang.Object, java.lang.Object, java.lang.Object)'> (0x00000000eab95da8) 
thrown [s\src\hotspot\share\interpreter\linkResolver.cpp, line 773]
Event: 9.863 Thread 0x0000020efeef70f0 Exception <a 'sun/nio/fs/WindowsException'{0x00000000eace1360}> (0x00000000eace1360) 
thrown [s\src\hotspot\share\prims\jni.cpp, line 520]
Event: 10.007 Thread 0x0000020efeef70f0 Exception <a 'sun/nio/fs/WindowsException'{0x00000000ead06e18}> (0x00000000ead06e18) 
thrown [s\src\hotspot\share\prims\jni.cpp, line 520]
Event: 10.135 Thread 0x0000020efeef70f0 Exception <a 'sun/nio/fs/WindowsException'{0x00000000eae7c2f8}> (0x00000000eae7c2f8) 
thrown [s\src\hotspot\share\prims\jni.cpp, line 520]

ZGC Phase Switch (0 events):
No events

VM Operations (20 events):
Event: 10.022 Executing VM operation: ParallelGCFailedAllocation (Allocation Failure) done
Event: 10.031 Executing VM operation: ParallelGCFailedAllocation (Allocation Failure)
Event: 10.032 Executing VM operation: ParallelGCFailedAllocation (Allocation Failure) done
Event: 10.035 Executing VM operation: ParallelGCFailedAllocation (Allocation Failure)
Event: 10.037 Executing VM operation: ParallelGCFailedAllocation (Allocation Failure) done
Event: 10.041 Executing VM operation: ParallelGCFailedAllocation (Allocation Failure)
Event: 10.043 Executing VM operation: ParallelGCFailedAllocation (Allocation Failure) done
Event: 10.048 Executing VM operation: ParallelGCFailedAllocation (Allocation Failure)
Event: 10.050 Executing VM operation: ParallelGCFailedAllocation (Allocation Failure) done
Event: 10.062 Executing VM operation: ParallelGCFailedAllocation (Allocation Failure)
Event: 10.063 Executing VM operation: ParallelGCFailedAllocation (Allocation Failure) done
Event: 10.076 Executing VM operation: ParallelGCFailedAllocation (Allocation Failure)
Event: 10.077 Executing VM operation: ParallelGCFailedAllocation (Allocation Failure) done
Event: 10.097 Executing VM operation: ParallelGCFailedAllocation (Allocation Failure)
Event: 10.098 Executing VM operation: ParallelGCFailedAllocation (Allocation Failure) done
Event: 10.105 Executing VM operation: ParallelGCFailedAllocation (Allocation Failure)
Event: 10.107 Executing VM operation: ParallelGCFailedAllocation (Allocation Failure) done
Event: 10.117 Executing VM operation: ParallelGCFailedAllocation (Allocation Failure)
Event: 10.119 Executing VM operation: ParallelGCFailedAllocation (Allocation Failure) done
Event: 10.139 Executing VM operation: ParallelGCFailedAllocation (Allocation Failure)

Memory protections (0 events):
No events

Nmethod flushes (20 events):
Event: 7.932 Thread 0x0000020efc7c36d0 flushing  nmethod 0x0000020ea98da610
Event: 7.932 Thread 0x0000020efc7c36d0 flushing  nmethod 0x0000020ea9939a10
Event: 7.932 Thread 0x0000020efc7c36d0 flushing  nmethod 0x0000020ea9971d10
Event: 7.932 Thread 0x0000020efc7c36d0 flushing  nmethod 0x0000020ea9976d10
Event: 7.932 Thread 0x0000020efc7c36d0 flushing  nmethod 0x0000020ea9980f90
Event: 7.932 Thread 0x0000020efc7c36d0 flushing  nmethod 0x0000020ea9987390
Event: 7.932 Thread 0x0000020efc7c36d0 flushing  nmethod 0x0000020ea99b5710
Event: 7.932 Thread 0x0000020efc7c36d0 flushing  nmethod 0x0000020ea99b7010
Event: 7.932 Thread 0x0000020efc7c36d0 flushing  nmethod 0x0000020ea99b8b10
Event: 7.932 Thread 0x0000020efc7c36d0 flushing  nmethod 0x0000020ea99b8f90
Event: 7.932 Thread 0x0000020efc7c36d0 flushing  nmethod 0x0000020ea99b9990
Event: 7.932 Thread 0x0000020efc7c36d0 flushing  nmethod 0x0000020ea99bc110
Event: 7.932 Thread 0x0000020efc7c36d0 flushing  nmethod 0x0000020ea99bd390
Event: 7.932 Thread 0x0000020efc7c36d0 flushing  nmethod 0x0000020ea99d7910
Event: 7.932 Thread 0x0000020efc7c36d0 flushing  nmethod 0x0000020ea99e0c10
Event: 7.932 Thread 0x0000020efc7c36d0 flushing  nmethod 0x0000020ea99e9f10
Event: 7.932 Thread 0x0000020efc7c36d0 flushing  nmethod 0x0000020ea9a07e10
Event: 7.932 Thread 0x0000020efc7c36d0 flushing  nmethod 0x0000020ea9a08310
Event: 7.932 Thread 0x0000020efc7c36d0 flushing  nmethod 0x0000020ea9a20b90
Event: 7.932 Thread 0x0000020efc7c36d0 flushing  nmethod 0x0000020ea9a21690

Events (20 events):
Event: 8.225 Thread 0x0000020e84ac14a0 Thread added: 0x0000020e8589d540
Event: 8.229 Thread 0x0000020e84ac14a0 Thread added: 0x0000020e8589dbd0
Event: 8.248 Thread 0x0000020e84ac14a0 Thread added: 0x0000020e8589e260
Event: 8.251 Thread 0x0000020e84ac14a0 Thread added: 0x0000020e8589ade0
Event: 8.257 Thread 0x0000020e84ac14a0 Thread added: 0x0000020e8589fca0
Event: 8.275 Thread 0x0000020e84ac14a0 Thread added: 0x0000020e8589ef80
Event: 8.277 Thread 0x0000020e84ac14a0 Thread added: 0x0000020e858a0330
Event: 8.282 Thread 0x0000020e84ac14a0 Thread added: 0x0000020e8589f610
Event: 8.282 Thread 0x0000020e84ac14a0 Thread added: 0x0000020e8589e8f0
Event: 8.283 Thread 0x0000020e84ac14a0 Thread added: 0x0000020e858a16e0
Event: 8.284 Thread 0x0000020e84ac14a0 Thread added: 0x0000020e858a09c0
Event: 8.284 Thread 0x0000020e84ac14a0 Thread added: 0x0000020e858a1050
Event: 8.326 Thread 0x0000020efcb37f00 Thread added: 0x0000020e86566590
Event: 8.326 Thread 0x0000020efc8fb0b0 Thread added: 0x0000020e919600e0
Event: 8.371 Thread 0x0000020e86566590 Thread added: 0x0000020e95215940
Event: 9.778 Thread 0x0000020e84ac14a0 Thread added: 0x0000020e868f39c0
Event: 9.778 Thread 0x0000020e84ac14a0 Thread added: 0x0000020e868f4050
Event: 9.779 Thread 0x0000020e84ac14a0 Thread added: 0x0000020e868f2ca0
Event: 9.779 Thread 0x0000020e84ac14a0 Thread added: 0x0000020e868f2610
Event: 9.779 Thread 0x0000020e84ac14a0 Thread added: 0x0000020e868f46e0


Dynamic libraries:
0x00007ff65c9b0000 - 0x00007ff65c9be000 	c:\Users\MSI\.vscode\extensions\redhat.java-1.41.1-win32-x64\jre\21.0.6-win32-x86_64\bin\java.exe
0x00007ffee5c80000 - 0x00007ffee5ee0000 	C:\WINDOWS\SYSTEM32\ntdll.dll
0x00007ffee47b0000 - 0x00007ffee4877000 	C:\WINDOWS\System32\KERNEL32.DLL
0x00007ffee3680000 - 0x00007ffee3a4a000 	C:\WINDOWS\System32\KERNELBASE.dll
0x00007ffee2e60000 - 0x00007ffee2fab000 	C:\WINDOWS\System32\ucrtbase.dll
0x00007ffec7270000 - 0x00007ffec7288000 	c:\Users\MSI\.vscode\extensions\redhat.java-1.41.1-win32-x64\jre\21.0.6-win32-x86_64\bin\jli.dll
0x00007ffed82d0000 - 0x00007ffed82ee000 	c:\Users\MSI\.vscode\extensions\redhat.java-1.41.1-win32-x64\jre\21.0.6-win32-x86_64\bin\VCRUNTIME140.dll
0x00007ffee4ef0000 - 0x00007ffee50bc000 	C:\WINDOWS\System32\USER32.dll
0x00007ffecebf0000 - 0x00007ffecee87000 	C:\WINDOWS\WinSxS\amd64_microsoft.windows.common-controls_6595b64144ccf1df_6.0.26100.3624_none_3e086962e3345f24\COMCTL32.dll
0x00007ffee3a50000 - 0x00007ffee3a77000 	C:\WINDOWS\System32\win32u.dll
0x00007ffee5120000 - 0x00007ffee514a000 	C:\WINDOWS\System32\GDI32.dll
0x00007ffee5b10000 - 0x00007ffee5bb9000 	C:\WINDOWS\System32\msvcrt.dll
0x00007ffee2fb0000 - 0x00007ffee30e1000 	C:\WINDOWS\System32\gdi32full.dll
0x00007ffee3460000 - 0x00007ffee3503000 	C:\WINDOWS\System32\msvcp_win.dll
0x00007ffee41b0000 - 0x00007ffee41df000 	C:\WINDOWS\System32\IMM32.DLL
0x00007ffede080000 - 0x00007ffede08c000 	c:\Users\MSI\.vscode\extensions\redhat.java-1.41.1-win32-x64\jre\21.0.6-win32-x86_64\bin\vcruntime140_1.dll
0x00007ffe87fa0000 - 0x00007ffe8802d000 	c:\Users\MSI\.vscode\extensions\redhat.java-1.41.1-win32-x64\jre\21.0.6-win32-x86_64\bin\msvcp140.dll
0x00007ffe5d370000 - 0x00007ffe5e100000 	c:\Users\MSI\.vscode\extensions\redhat.java-1.41.1-win32-x64\jre\21.0.6-win32-x86_64\bin\server\jvm.dll
0x00007ffee46f0000 - 0x00007ffee47a2000 	C:\WINDOWS\System32\ADVAPI32.dll
0x00007ffee58a0000 - 0x00007ffee5946000 	C:\WINDOWS\System32\sechost.dll
0x00007ffee4dc0000 - 0x00007ffee4ed6000 	C:\WINDOWS\System32\RPCRT4.dll
0x00007ffee5820000 - 0x00007ffee5894000 	C:\WINDOWS\System32\WS2_32.dll
0x00007ffee2cb0000 - 0x00007ffee2d0e000 	C:\WINDOWS\SYSTEM32\POWRPROF.dll
0x00007ffedcf10000 - 0x00007ffedcf46000 	C:\WINDOWS\SYSTEM32\WINMM.dll
0x00007ffedcf50000 - 0x00007ffedcf5b000 	C:\WINDOWS\SYSTEM32\VERSION.dll
0x00007ffee2c90000 - 0x00007ffee2ca4000 	C:\WINDOWS\SYSTEM32\UMPDC.dll
0x00007ffee1c70000 - 0x00007ffee1c8a000 	C:\WINDOWS\SYSTEM32\kernel.appcore.dll
0x00007ffedd300000 - 0x00007ffedd30a000 	c:\Users\MSI\.vscode\extensions\redhat.java-1.41.1-win32-x64\jre\21.0.6-win32-x86_64\bin\jimage.dll
0x00007ffed6c20000 - 0x00007ffed6e61000 	C:\WINDOWS\SYSTEM32\DBGHELP.DLL
0x00007ffee4880000 - 0x00007ffee4c02000 	C:\WINDOWS\System32\combase.dll
0x00007ffee4430000 - 0x00007ffee4506000 	C:\WINDOWS\System32\OLEAUT32.dll
0x00007ffecc630000 - 0x00007ffecc669000 	C:\WINDOWS\SYSTEM32\dbgcore.DLL
0x00007ffee31b0000 - 0x00007ffee3249000 	C:\WINDOWS\System32\bcryptPrimitives.dll
0x00007ffed9c70000 - 0x00007ffed9c7f000 	c:\Users\MSI\.vscode\extensions\redhat.java-1.41.1-win32-x64\jre\21.0.6-win32-x86_64\bin\instrument.dll
0x00007ffec5040000 - 0x00007ffec505f000 	c:\Users\MSI\.vscode\extensions\redhat.java-1.41.1-win32-x64\jre\21.0.6-win32-x86_64\bin\java.dll
0x00007ffee3a80000 - 0x00007ffee41a9000 	C:\WINDOWS\System32\SHELL32.dll
0x00007ffee3510000 - 0x00007ffee3678000 	C:\WINDOWS\System32\wintypes.dll
0x00007ffee0ae0000 - 0x00007ffee1332000 	C:\WINDOWS\SYSTEM32\windows.storage.dll
0x00007ffee5150000 - 0x00007ffee523d000 	C:\WINDOWS\System32\SHCORE.dll
0x00007ffee4200000 - 0x00007ffee4264000 	C:\WINDOWS\System32\shlwapi.dll
0x00007ffee2d70000 - 0x00007ffee2d9f000 	C:\WINDOWS\SYSTEM32\profapi.dll
0x00007ffec5020000 - 0x00007ffec5038000 	c:\Users\MSI\.vscode\extensions\redhat.java-1.41.1-win32-x64\jre\21.0.6-win32-x86_64\bin\zip.dll
0x00007ffed8d40000 - 0x00007ffed8d50000 	C:\Users\MSI\.vscode\extensions\redhat.java-1.41.1-win32-x64\jre\21.0.6-win32-x86_64\bin\net.dll
0x00007ffedcb20000 - 0x00007ffedcc3d000 	C:\WINDOWS\SYSTEM32\WINHTTP.dll
0x00007ffee2190000 - 0x00007ffee21fa000 	C:\WINDOWS\system32\mswsock.dll
0x00007ffec5000000 - 0x00007ffec5016000 	C:\Users\MSI\.vscode\extensions\redhat.java-1.41.1-win32-x64\jre\21.0.6-win32-x86_64\bin\nio.dll
0x00007ffed8c60000 - 0x00007ffed8c70000 	c:\Users\MSI\.vscode\extensions\redhat.java-1.41.1-win32-x64\jre\21.0.6-win32-x86_64\bin\verify.dll
0x00007ffed58a0000 - 0x00007ffed58e5000 	C:\Users\MSI\AppData\Roaming\Code\User\globalStorage\redhat.java\1.41.1\config_win\org.eclipse.equinox.launcher\org.eclipse.equinox.launcher.win32.win32.x86_64_1.2.1300.v20250331-1702\eclipse_11911.dll
0x00007ffee4c10000 - 0x00007ffee4da6000 	C:\WINDOWS\System32\ole32.dll
0x00007ffee2430000 - 0x00007ffee244c000 	C:\WINDOWS\SYSTEM32\CRYPTSP.dll
0x00007ffee1bd0000 - 0x00007ffee1c0a000 	C:\WINDOWS\system32\rsaenh.dll
0x00007ffee2230000 - 0x00007ffee225b000 	C:\WINDOWS\SYSTEM32\USERENV.dll
0x00007ffee2d40000 - 0x00007ffee2d66000 	C:\WINDOWS\SYSTEM32\bcrypt.dll
0x00007ffee2450000 - 0x00007ffee245c000 	C:\WINDOWS\SYSTEM32\CRYPTBASE.dll
0x00007ffee16b0000 - 0x00007ffee16e3000 	C:\WINDOWS\SYSTEM32\IPHLPAPI.DLL
0x00007ffee4db0000 - 0x00007ffee4dba000 	C:\WINDOWS\System32\NSI.dll
0x00007ffec4400000 - 0x00007ffec4449000 	C:\Users\MSI\AppData\Local\Temp\jna-76643\jna17469762089432988004.dll
0x00007ffee41f0000 - 0x00007ffee41f8000 	C:\WINDOWS\System32\PSAPI.DLL
0x00007ffedcee0000 - 0x00007ffedceff000 	C:\WINDOWS\SYSTEM32\dhcpcsvc6.DLL
0x00007ffedceb0000 - 0x00007ffedced5000 	C:\WINDOWS\SYSTEM32\dhcpcsvc.DLL

dbghelp: loaded successfully - version: 4.0.5 - missing functions: none
symbol engine: initialized successfully - sym options: 0x614 - pdb path: .;c:\Users\MSI\.vscode\extensions\redhat.java-1.41.1-win32-x64\jre\21.0.6-win32-x86_64\bin;C:\WINDOWS\SYSTEM32;C:\WINDOWS\WinSxS\amd64_microsoft.windows.common-controls_6595b64144ccf1df_6.0.26100.3624_none_3e086962e3345f24;c:\Users\MSI\.vscode\extensions\redhat.java-1.41.1-win32-x64\jre\21.0.6-win32-x86_64\bin\server;C:\Users\MSI\AppData\Roaming\Code\User\globalStorage\redhat.java\1.41.1\config_win\org.eclipse.equinox.launcher\org.eclipse.equinox.launcher.win32.win32.x86_64_1.2.1300.v20250331-1702;C:\Users\MSI\AppData\Local\Temp\jna-76643

VM Arguments:
jvm_args: --add-modules=ALL-SYSTEM --add-opens=java.base/java.util=ALL-UNNAMED --add-opens=java.base/java.lang=ALL-UNNAMED --add-opens=java.base/sun.nio.fs=ALL-UNNAMED -Declipse.application=org.eclipse.jdt.ls.core.id1 -Dosgi.bundles.defaultStartLevel=4 -Declipse.product=org.eclipse.jdt.ls.core.product -Djava.import.generatesMetadataFilesAtProjectRoot=false -DDetectVMInstallationsJob.disabled=true -Dfile.encoding=utf8 -XX:+UseParallelGC -XX:GCTimeRatio=4 -XX:AdaptiveSizePolicyWeight=90 -Dsun.zip.disableMemoryMapping=true -Xmx1G -Xms100m -Xlog:disable -javaagent:c:\Users\MSI\.vscode\extensions\redhat.java-1.41.1-win32-x64\lombok\lombok-1.18.36.jar -XX:+HeapDumpOnOutOfMemoryError -XX:HeapDumpPath=c:\Users\MSI\AppData\Roaming\Code\User\workspaceStorage\3815725e1ac4c6c69b70af32f7c49045\redhat.java -Daether.dependencyCollector.impl=bf 
java_command: c:\Users\MSI\.vscode\extensions\redhat.java-1.41.1-win32-x64\server\plugins\org.eclipse.equinox.launcher_1.7.0.v20250331-1702.jar -configuration c:\Users\MSI\AppData\Roaming\Code\User\globalStorage\redhat.java\1.41.1\config_win -data c:\Users\MSI\AppData\Roaming\Code\User\workspaceStorage\3815725e1ac4c6c69b70af32f7c49045\redhat.java\jdt_ws --pipe=\\.\pipe\lsp-6e42d713c65736a8a946fa1edb67fce5-sock
java_class_path (initial): c:\Users\MSI\.vscode\extensions\redhat.java-1.41.1-win32-x64\server\plugins\org.eclipse.equinox.launcher_1.7.0.v20250331-1702.jar
Launcher Type: SUN_STANDARD

[Global flags]
    uintx AdaptiveSizePolicyWeight                 = 90                                        {product} {command line}
     intx CICompilerCount                          = 12                                        {product} {ergonomic}
    uintx GCTimeRatio                              = 4                                         {product} {command line}
     bool HeapDumpOnOutOfMemoryError               = true                                   {manageable} {command line}
    ccstr HeapDumpPath                             = c:\Users\MSI\AppData\Roaming\Code\User\workspaceStorage\3815725e1ac4c6c69b70af32f7c49045\redhat.java         {manageable} {command line}
   size_t InitialHeapSize                          = 104857600                                 {product} {command line}
   size_t MaxHeapSize                              = 1073741824                                {product} {command line}
   size_t MaxNewSize                               = 357564416                                 {product} {ergonomic}
   size_t MinHeapDeltaBytes                        = 524288                                    {product} {ergonomic}
   size_t MinHeapSize                              = 104857600                                 {product} {command line}
   size_t NewSize                                  = 34603008                                  {product} {ergonomic}
    uintx NonNMethodCodeHeapSize                   = 7602480                                {pd product} {ergonomic}
    uintx NonProfiledCodeHeapSize                  = 122027880                              {pd product} {ergonomic}
   size_t OldSize                                  = 70254592                                  {product} {ergonomic}
    uintx ProfiledCodeHeapSize                     = 122027880                              {pd product} {ergonomic}
    uintx ReservedCodeCacheSize                    = 251658240                              {pd product} {ergonomic}
     bool SegmentedCodeCache                       = true                                      {product} {ergonomic}
   size_t SoftMaxHeapSize                          = 1073741824                             {manageable} {ergonomic}
     bool UseCompressedOops                        = true                           {product lp64_product} {ergonomic}
     bool UseLargePagesIndividualAllocation        = false                                  {pd product} {ergonomic}
     bool UseParallelGC                            = true                                      {product} {command line}

Logging:
Log output configuration:
 #0: stdout all=off uptime,level,tags foldmultilines=false
 #1: stderr all=off uptime,level,tags foldmultilines=false

Environment Variables:
JAVA_HOME=C:\Program Files\Java\jdk-17
PATH=C:\Program Files\Common Files\Oracle\Java\javapath;C:\Program Files (x86)\VMware\VMware Workstation\bin\;C:\Program Files\Microsoft MPI\Bin\;C:\WINDOWS\system32;C:\WINDOWS;C:\WINDOWS\System32\Wbem;C:\WINDOWS\System32\WindowsPowerShell\v1.0\;C:\WINDOWS\System32\OpenSSH\;C:\Program Files\nodejs\;C:\Program Files (x86)\Microsoft SQL Server\160\Tools\Binn\;C:\Program Files\Microsoft SQL Server\160\Tools\Binn\;C:\Program Files\Microsoft SQL Server\Client SDK\ODBC\170\Tools\Binn\;C:\Program Files\Microsoft SQL Server\160\DTS\Binn\;C:\Program Files (x86)\Microsoft SQL Server\160\DTS\Binn\;C:\Program Files\Git LFS;C:\Program Files\Git\cmd;C:\Program Files\PowerShell\7\;C:\Program Files\Java\jdk-17\bin;C:\Program Files\MySQL\MySQL Shell 8.0\bin\;C:\Users\MSI\AppData\Local\Programs\Python\Python313;C:\Users\MSI\AppData\Local\Microsoft\WindowsApps;C:\Users\MSI\AppData\Local\Programs\Microsoft VS Code\bin;C:\Users\MSI\AppData\Roaming\npm;C:\Program Files\JetBrains\IntelliJ IDEA 2024.3.1.1\bin;;
USERNAME=MSI
OS=Windows_NT
PROCESSOR_IDENTIFIER=AMD64 Family 25 Model 80 Stepping 0, AuthenticAMD
TMP=C:\Users\MSI\AppData\Local\Temp
TEMP=C:\Users\MSI\AppData\Local\Temp




Periodic native trim disabled

---------------  S Y S T E M  ---------------

OS:
 Windows 11 , 64 bit Build 26100 (10.0.26100.3775)
OS uptime: 0 days 1:26 hours
Hyper-V role detected

CPU: total 16 (initial active 16) (16 cores per cpu, 2 threads per core) family 25 model 80 stepping 0 microcode 0xa50000c, cx8, cmov, fxsr, ht, mmx, 3dnowpref, sse, sse2, sse3, ssse3, sse4a, sse4.1, sse4.2, popcnt, lzcnt, tsc, tscinvbit, avx, avx2, aes, erms, clmul, bmi1, bmi2, adx, sha, fma, vzeroupper, clflush, clflushopt, hv, rdtscp, rdpid, fsrm, f16c, cet_ss
Processor Information for the first 16 processors :
  Max Mhz: 3201, Current Mhz: 3201, Mhz Limit: 3201

Memory: 4k page, system-wide physical 15752M (5329M free)
TotalPageFile size 15752M (AvailPageFile size 85M)
current process WorkingSet (physical memory assigned to process): 831M, peak: 888M
current process commit charge ("private bytes"): 758M, peak: 812M

vm_info: OpenJDK 64-Bit Server VM (21.0.6+7-LTS) for windows-amd64 JRE (21.0.6+7-LTS), built on 2025-01-21T00:00:00Z by "admin" with MS VC++ 17.7 (VS2022)

END.
