#
# There is insufficient memory for the Java Runtime Environment to continue.
# Native memory allocation (malloc) failed to allocate 708976 bytes for Chunk::new
# Possible reasons:
#   The system is out of physical RAM or swap space
#   The process is running with CompressedOops enabled, and the Java Heap may be blocking the growth of the native heap
# Possible solutions:
#   Reduce memory load on the system
#   Increase physical memory or swap space
#   Check if swap backing store is full
#   Decrease Java heap size (-Xmx/-Xms)
#   Decrease number of Java threads
#   Decrease Java thread stack sizes (-Xss)
#   Set larger code cache with -XX:ReservedCodeCacheSize=
#   JVM is running with Zero Based Compressed Oops mode in which the Java heap is
#     placed in the first 32GB address space. The Java Heap base address is the
#     maximum limit for the native heap growth. Please use -XX:HeapBaseMinAddress
#     to set the Java Heap base and to place the Java Heap above 32GB virtual address.
# This output file may be truncated or incomplete.
#
#  Out of Memory Error (arena.cpp:189), pid=10904, tid=13920
#
# JRE version: Java(TM) SE Runtime Environment (17.0.11+7) (build 17.0.11+7-LTS-207)
# Java VM: Java HotSpot(TM) 64-Bit Server VM (17.0.11+7-LTS-207, mixed mode, sharing, tiered, compressed oops, compressed class ptrs, g1 gc, windows-amd64)
# No core dump will be written. Minidumps are not enabled by default on client versions of Windows
#

---------------  S U M M A R Y ------------

Command Line: -XX:+ShowCodeDetailsInExceptionMessages com.laptrinhoop.WebSalesApplication

Host: AMD Ryzen 7 5800H with Radeon Graphics         , 16 cores, 15G,  Windows 11 , 64 bit Build 26100 (10.0.26100.3775)
Time: Tue Apr 15 17:15:15 2025 SE Asia Standard Time elapsed time: 8.895139 seconds (0d 0h 0m 8s)

---------------  T H R E A D  ---------------

Current thread (0x000001cdc8683910):  JavaThread "C2 CompilerThread2" daemon [_thread_in_native, id=13920, stack(0x0000003f8b600000,0x0000003f8b700000)]


Current CompileTask:
C2:   8895  676       4       java.util.jar.JarFile::getEntry (35 bytes)

Stack: [0x0000003f8b600000,0x0000003f8b700000]
Native frames: (J=compiled Java code, j=interpreted, Vv=VM code, C=native code)
V  [jvm.dll+0x679cca]
V  [jvm.dll+0x7da13d]
V  [jvm.dll+0x7dba83]
V  [jvm.dll+0x7dc0f3]
V  [jvm.dll+0x2449af]
V  [jvm.dll+0xab83b]
V  [jvm.dll+0xabe1c]
V  [jvm.dll+0x36155f]
V  [jvm.dll+0x32bd61]
V  [jvm.dll+0x32b1fa]
V  [jvm.dll+0x2161df]
V  [jvm.dll+0x21560f]
V  [jvm.dll+0x1a2040]
V  [jvm.dll+0x225a2b]
V  [jvm.dll+0x223bcb]
V  [jvm.dll+0x7903ec]
V  [jvm.dll+0x78a85a]
V  [jvm.dll+0x678bb5]
C  [ucrtbase.dll+0x37b0]
C  [KERNEL32.DLL+0x2e8d7]
C  [ntdll.dll+0xb14fc]


---------------  P R O C E S S  ---------------

Threads class SMR info:
_java_thread_list=0x000001cdc8bb1a80, length=18, elements={
0x000001cddef56950, 0x000001cd823499c0, 0x000001cd8234a290, 0x000001cd8235df80,
0x000001cd8235e940, 0x000001cd8235f300, 0x000001cd8235fcc0, 0x000001cd82361980,
0x000001cd82365840, 0x000001cd82388930, 0x000001cd825d11c0, 0x000001cd82609740,
0x000001cd82609c50, 0x000001cdc85d90b0, 0x000001cdc8646500, 0x000001cdc8683910,
0x000001cdc8bfc5e0, 0x000001cdc8c83bc0
}

Java Threads: ( => current thread )
  0x000001cddef56950 JavaThread "main" [_thread_in_vm, id=22300, stack(0x0000003f89f00000,0x0000003f8a000000)]
  0x000001cd823499c0 JavaThread "Reference Handler" daemon [_thread_blocked, id=11780, stack(0x0000003f8a600000,0x0000003f8a700000)]
  0x000001cd8234a290 JavaThread "Finalizer" daemon [_thread_blocked, id=3648, stack(0x0000003f8a700000,0x0000003f8a800000)]
  0x000001cd8235df80 JavaThread "Signal Dispatcher" daemon [_thread_blocked, id=9372, stack(0x0000003f8a800000,0x0000003f8a900000)]
  0x000001cd8235e940 JavaThread "Attach Listener" daemon [_thread_blocked, id=21148, stack(0x0000003f8a900000,0x0000003f8aa00000)]
  0x000001cd8235f300 JavaThread "Service Thread" daemon [_thread_blocked, id=2328, stack(0x0000003f8aa00000,0x0000003f8ab00000)]
  0x000001cd8235fcc0 JavaThread "Monitor Deflation Thread" daemon [_thread_blocked, id=24144, stack(0x0000003f8ab00000,0x0000003f8ac00000)]
  0x000001cd82361980 JavaThread "C2 CompilerThread0" daemon [_thread_blocked, id=13380, stack(0x0000003f8ac00000,0x0000003f8ad00000)]
  0x000001cd82365840 JavaThread "C1 CompilerThread0" daemon [_thread_blocked, id=15084, stack(0x0000003f8ad00000,0x0000003f8ae00000)]
  0x000001cd82388930 JavaThread "Sweeper thread" daemon [_thread_blocked, id=9940, stack(0x0000003f8ae00000,0x0000003f8af00000)]
  0x000001cd825d11c0 JavaThread "C1 CompilerThread1" daemon [_thread_blocked, id=17092, stack(0x0000003f8af00000,0x0000003f8b000000)]
  0x000001cd82609740 JavaThread "Notification Thread" daemon [_thread_blocked, id=23968, stack(0x0000003f8b000000,0x0000003f8b100000)]
  0x000001cd82609c50 JavaThread "Common-Cleaner" daemon [_thread_blocked, id=17664, stack(0x0000003f8b200000,0x0000003f8b300000)]
  0x000001cdc85d90b0 JavaThread "C2 CompilerThread1" daemon [_thread_blocked, id=6792, stack(0x0000003f8b300000,0x0000003f8b400000)]
  0x000001cdc8646500 JavaThread "C1 CompilerThread2" daemon [_thread_blocked, id=18552, stack(0x0000003f8b400000,0x0000003f8b500000)]
=>0x000001cdc8683910 JavaThread "C2 CompilerThread2" daemon [_thread_in_native, id=13920, stack(0x0000003f8b600000,0x0000003f8b700000)]
  0x000001cdc8bfc5e0 JavaThread "C2 CompilerThread3" daemon [_thread_blocked, id=17660, stack(0x0000003f8b700000,0x0000003f8b800000)]
  0x000001cdc8c83bc0 JavaThread "C2 CompilerThread4" daemon [_thread_in_native, id=20568, stack(0x0000003f8b800000,0x0000003f8b900000)]

Other Threads:
  0x000001cdff6fea20 VMThread "VM Thread" [stack: 0x0000003f8a500000,0x0000003f8a600000] [id=23760]
  0x000001cd82615210 WatcherThread [stack: 0x0000003f8b100000,0x0000003f8b200000] [id=24300]
  0x000001cddefc8420 GCTaskThread "GC Thread#0" [stack: 0x0000003f8a000000,0x0000003f8a100000] [id=5544]
  0x000001cddefdb6a0 ConcurrentGCThread "G1 Main Marker" [stack: 0x0000003f8a100000,0x0000003f8a200000] [id=18364]
  0x000001cddefdc850 ConcurrentGCThread "G1 Conc#0" [stack: 0x0000003f8a200000,0x0000003f8a300000] [id=15648]
  0x000001cddf006180 ConcurrentGCThread "G1 Refine#0" [stack: 0x0000003f8a300000,0x0000003f8a400000] [id=24468]
  0x000001cddf006950 ConcurrentGCThread "G1 Service" [stack: 0x0000003f8a400000,0x0000003f8a500000] [id=17308]

Threads with active compile tasks:
C2 CompilerThread2     8927  676       4       java.util.jar.JarFile::getEntry (35 bytes)
C2 CompilerThread4     8927  678   !   4       jdk.internal.loader.URLClassPath$JarLoader::getResource (65 bytes)

VM state: not at safepoint (normal execution)

VM Mutex/Monitor currently owned by a thread: None

Heap address: 0x0000000709c00000, size: 3940 MB, Compressed Oops mode: Zero based, Oop shift amount: 3

CDS archive(s) mapped at: [0x000001cd83000000-0x000001cd83bd0000-0x000001cd83bd0000), size 12386304, SharedBaseAddress: 0x000001cd83000000, ArchiveRelocationMode: 1.
Compressed class space mapped at: 0x000001cd84000000-0x000001cdc4000000, reserved size: 1073741824
Narrow klass base: 0x000001cd83000000, Narrow klass shift: 0, Narrow klass range: 0x100000000

GC Precious Log:
 CPUs: 16 total, 16 available
 Memory: 15752M
 Large Page Support: Disabled
 NUMA Support: Disabled
 Compressed Oops: Enabled (Zero based)
 Heap Region Size: 2M
 Heap Min Capacity: 8M
 Heap Initial Capacity: 248M
 Heap Max Capacity: 3940M
 Pre-touch: Disabled
 Parallel Workers: 13
 Concurrent Workers: 3
 Concurrent Refinement Workers: 13
 Periodic GC: Disabled

Heap:
 garbage-first heap   total 253952K, used 12288K [0x0000000709c00000, 0x0000000800000000)
  region size 2048K, 8 young (16384K), 0 survivors (0K)
 Metaspace       used 2385K, committed 2560K, reserved 1114112K
  class space    used 229K, committed 320K, reserved 1048576K

Heap Regions: E=young(eden), S=young(survivor), O=old, HS=humongous(starts), HC=humongous(continues), CS=collection set, F=free, OA=open archive, CA=closed archive, TAMS=top-at-mark-start (previous, next)
|   0|0x0000000709c00000, 0x0000000709c00000, 0x0000000709e00000|  0%| F|  |TAMS 0x0000000709c00000, 0x0000000709c00000| Untracked 
|   1|0x0000000709e00000, 0x0000000709e00000, 0x000000070a000000|  0%| F|  |TAMS 0x0000000709e00000, 0x0000000709e00000| Untracked 
|   2|0x000000070a000000, 0x000000070a000000, 0x000000070a200000|  0%| F|  |TAMS 0x000000070a000000, 0x000000070a000000| Untracked 
|   3|0x000000070a200000, 0x000000070a200000, 0x000000070a400000|  0%| F|  |TAMS 0x000000070a200000, 0x000000070a200000| Untracked 
|   4|0x000000070a400000, 0x000000070a400000, 0x000000070a600000|  0%| F|  |TAMS 0x000000070a400000, 0x000000070a400000| Untracked 
|   5|0x000000070a600000, 0x000000070a600000, 0x000000070a800000|  0%| F|  |TAMS 0x000000070a600000, 0x000000070a600000| Untracked 
|   6|0x000000070a800000, 0x000000070a800000, 0x000000070aa00000|  0%| F|  |TAMS 0x000000070a800000, 0x000000070a800000| Untracked 
|   7|0x000000070aa00000, 0x000000070aa00000, 0x000000070ac00000|  0%| F|  |TAMS 0x000000070aa00000, 0x000000070aa00000| Untracked 
|   8|0x000000070ac00000, 0x000000070ac00000, 0x000000070ae00000|  0%| F|  |TAMS 0x000000070ac00000, 0x000000070ac00000| Untracked 
|   9|0x000000070ae00000, 0x000000070ae00000, 0x000000070b000000|  0%| F|  |TAMS 0x000000070ae00000, 0x000000070ae00000| Untracked 
|  10|0x000000070b000000, 0x000000070b000000, 0x000000070b200000|  0%| F|  |TAMS 0x000000070b000000, 0x000000070b000000| Untracked 
|  11|0x000000070b200000, 0x000000070b200000, 0x000000070b400000|  0%| F|  |TAMS 0x000000070b200000, 0x000000070b200000| Untracked 
|  12|0x000000070b400000, 0x000000070b400000, 0x000000070b600000|  0%| F|  |TAMS 0x000000070b400000, 0x000000070b400000| Untracked 
|  13|0x000000070b600000, 0x000000070b600000, 0x000000070b800000|  0%| F|  |TAMS 0x000000070b600000, 0x000000070b600000| Untracked 
|  14|0x000000070b800000, 0x000000070b800000, 0x000000070ba00000|  0%| F|  |TAMS 0x000000070b800000, 0x000000070b800000| Untracked 
|  15|0x000000070ba00000, 0x000000070ba00000, 0x000000070bc00000|  0%| F|  |TAMS 0x000000070ba00000, 0x000000070ba00000| Untracked 
|  16|0x000000070bc00000, 0x000000070bc00000, 0x000000070be00000|  0%| F|  |TAMS 0x000000070bc00000, 0x000000070bc00000| Untracked 
|  17|0x000000070be00000, 0x000000070be00000, 0x000000070c000000|  0%| F|  |TAMS 0x000000070be00000, 0x000000070be00000| Untracked 
|  18|0x000000070c000000, 0x000000070c000000, 0x000000070c200000|  0%| F|  |TAMS 0x000000070c000000, 0x000000070c000000| Untracked 
|  19|0x000000070c200000, 0x000000070c200000, 0x000000070c400000|  0%| F|  |TAMS 0x000000070c200000, 0x000000070c200000| Untracked 
|  20|0x000000070c400000, 0x000000070c400000, 0x000000070c600000|  0%| F|  |TAMS 0x000000070c400000, 0x000000070c400000| Untracked 
|  21|0x000000070c600000, 0x000000070c600000, 0x000000070c800000|  0%| F|  |TAMS 0x000000070c600000, 0x000000070c600000| Untracked 
|  22|0x000000070c800000, 0x000000070c800000, 0x000000070ca00000|  0%| F|  |TAMS 0x000000070c800000, 0x000000070c800000| Untracked 
|  23|0x000000070ca00000, 0x000000070ca00000, 0x000000070cc00000|  0%| F|  |TAMS 0x000000070ca00000, 0x000000070ca00000| Untracked 
|  24|0x000000070cc00000, 0x000000070cc00000, 0x000000070ce00000|  0%| F|  |TAMS 0x000000070cc00000, 0x000000070cc00000| Untracked 
|  25|0x000000070ce00000, 0x000000070ce00000, 0x000000070d000000|  0%| F|  |TAMS 0x000000070ce00000, 0x000000070ce00000| Untracked 
|  26|0x000000070d000000, 0x000000070d000000, 0x000000070d200000|  0%| F|  |TAMS 0x000000070d000000, 0x000000070d000000| Untracked 
|  27|0x000000070d200000, 0x000000070d200000, 0x000000070d400000|  0%| F|  |TAMS 0x000000070d200000, 0x000000070d200000| Untracked 
|  28|0x000000070d400000, 0x000000070d400000, 0x000000070d600000|  0%| F|  |TAMS 0x000000070d400000, 0x000000070d400000| Untracked 
|  29|0x000000070d600000, 0x000000070d600000, 0x000000070d800000|  0%| F|  |TAMS 0x000000070d600000, 0x000000070d600000| Untracked 
|  30|0x000000070d800000, 0x000000070d800000, 0x000000070da00000|  0%| F|  |TAMS 0x000000070d800000, 0x000000070d800000| Untracked 
|  31|0x000000070da00000, 0x000000070da00000, 0x000000070dc00000|  0%| F|  |TAMS 0x000000070da00000, 0x000000070da00000| Untracked 
|  32|0x000000070dc00000, 0x000000070dc00000, 0x000000070de00000|  0%| F|  |TAMS 0x000000070dc00000, 0x000000070dc00000| Untracked 
|  33|0x000000070de00000, 0x000000070de00000, 0x000000070e000000|  0%| F|  |TAMS 0x000000070de00000, 0x000000070de00000| Untracked 
|  34|0x000000070e000000, 0x000000070e000000, 0x000000070e200000|  0%| F|  |TAMS 0x000000070e000000, 0x000000070e000000| Untracked 
|  35|0x000000070e200000, 0x000000070e200000, 0x000000070e400000|  0%| F|  |TAMS 0x000000070e200000, 0x000000070e200000| Untracked 
|  36|0x000000070e400000, 0x000000070e400000, 0x000000070e600000|  0%| F|  |TAMS 0x000000070e400000, 0x000000070e400000| Untracked 
|  37|0x000000070e600000, 0x000000070e600000, 0x000000070e800000|  0%| F|  |TAMS 0x000000070e600000, 0x000000070e600000| Untracked 
|  38|0x000000070e800000, 0x000000070e800000, 0x000000070ea00000|  0%| F|  |TAMS 0x000000070e800000, 0x000000070e800000| Untracked 
|  39|0x000000070ea00000, 0x000000070ea00000, 0x000000070ec00000|  0%| F|  |TAMS 0x000000070ea00000, 0x000000070ea00000| Untracked 
|  40|0x000000070ec00000, 0x000000070ec00000, 0x000000070ee00000|  0%| F|  |TAMS 0x000000070ec00000, 0x000000070ec00000| Untracked 
|  41|0x000000070ee00000, 0x000000070ee00000, 0x000000070f000000|  0%| F|  |TAMS 0x000000070ee00000, 0x000000070ee00000| Untracked 
|  42|0x000000070f000000, 0x000000070f000000, 0x000000070f200000|  0%| F|  |TAMS 0x000000070f000000, 0x000000070f000000| Untracked 
|  43|0x000000070f200000, 0x000000070f200000, 0x000000070f400000|  0%| F|  |TAMS 0x000000070f200000, 0x000000070f200000| Untracked 
|  44|0x000000070f400000, 0x000000070f400000, 0x000000070f600000|  0%| F|  |TAMS 0x000000070f400000, 0x000000070f400000| Untracked 
|  45|0x000000070f600000, 0x000000070f600000, 0x000000070f800000|  0%| F|  |TAMS 0x000000070f600000, 0x000000070f600000| Untracked 
|  46|0x000000070f800000, 0x000000070f800000, 0x000000070fa00000|  0%| F|  |TAMS 0x000000070f800000, 0x000000070f800000| Untracked 
|  47|0x000000070fa00000, 0x000000070fa00000, 0x000000070fc00000|  0%| F|  |TAMS 0x000000070fa00000, 0x000000070fa00000| Untracked 
|  48|0x000000070fc00000, 0x000000070fc00000, 0x000000070fe00000|  0%| F|  |TAMS 0x000000070fc00000, 0x000000070fc00000| Untracked 
|  49|0x000000070fe00000, 0x000000070fe00000, 0x0000000710000000|  0%| F|  |TAMS 0x000000070fe00000, 0x000000070fe00000| Untracked 
|  50|0x0000000710000000, 0x0000000710000000, 0x0000000710200000|  0%| F|  |TAMS 0x0000000710000000, 0x0000000710000000| Untracked 
|  51|0x0000000710200000, 0x0000000710200000, 0x0000000710400000|  0%| F|  |TAMS 0x0000000710200000, 0x0000000710200000| Untracked 
|  52|0x0000000710400000, 0x0000000710400000, 0x0000000710600000|  0%| F|  |TAMS 0x0000000710400000, 0x0000000710400000| Untracked 
|  53|0x0000000710600000, 0x0000000710600000, 0x0000000710800000|  0%| F|  |TAMS 0x0000000710600000, 0x0000000710600000| Untracked 
|  54|0x0000000710800000, 0x0000000710800000, 0x0000000710a00000|  0%| F|  |TAMS 0x0000000710800000, 0x0000000710800000| Untracked 
|  55|0x0000000710a00000, 0x0000000710a00000, 0x0000000710c00000|  0%| F|  |TAMS 0x0000000710a00000, 0x0000000710a00000| Untracked 
|  56|0x0000000710c00000, 0x0000000710c00000, 0x0000000710e00000|  0%| F|  |TAMS 0x0000000710c00000, 0x0000000710c00000| Untracked 
|  57|0x0000000710e00000, 0x0000000710e00000, 0x0000000711000000|  0%| F|  |TAMS 0x0000000710e00000, 0x0000000710e00000| Untracked 
|  58|0x0000000711000000, 0x0000000711000000, 0x0000000711200000|  0%| F|  |TAMS 0x0000000711000000, 0x0000000711000000| Untracked 
|  59|0x0000000711200000, 0x0000000711200000, 0x0000000711400000|  0%| F|  |TAMS 0x0000000711200000, 0x0000000711200000| Untracked 
|  60|0x0000000711400000, 0x0000000711400000, 0x0000000711600000|  0%| F|  |TAMS 0x0000000711400000, 0x0000000711400000| Untracked 
|  61|0x0000000711600000, 0x0000000711600000, 0x0000000711800000|  0%| F|  |TAMS 0x0000000711600000, 0x0000000711600000| Untracked 
|  62|0x0000000711800000, 0x0000000711800000, 0x0000000711a00000|  0%| F|  |TAMS 0x0000000711800000, 0x0000000711800000| Untracked 
|  63|0x0000000711a00000, 0x0000000711a00000, 0x0000000711c00000|  0%| F|  |TAMS 0x0000000711a00000, 0x0000000711a00000| Untracked 
|  64|0x0000000711c00000, 0x0000000711c00000, 0x0000000711e00000|  0%| F|  |TAMS 0x0000000711c00000, 0x0000000711c00000| Untracked 
|  65|0x0000000711e00000, 0x0000000711e00000, 0x0000000712000000|  0%| F|  |TAMS 0x0000000711e00000, 0x0000000711e00000| Untracked 
|  66|0x0000000712000000, 0x0000000712000000, 0x0000000712200000|  0%| F|  |TAMS 0x0000000712000000, 0x0000000712000000| Untracked 
|  67|0x0000000712200000, 0x0000000712200000, 0x0000000712400000|  0%| F|  |TAMS 0x0000000712200000, 0x0000000712200000| Untracked 
|  68|0x0000000712400000, 0x0000000712400000, 0x0000000712600000|  0%| F|  |TAMS 0x0000000712400000, 0x0000000712400000| Untracked 
|  69|0x0000000712600000, 0x0000000712600000, 0x0000000712800000|  0%| F|  |TAMS 0x0000000712600000, 0x0000000712600000| Untracked 
|  70|0x0000000712800000, 0x0000000712800000, 0x0000000712a00000|  0%| F|  |TAMS 0x0000000712800000, 0x0000000712800000| Untracked 
|  71|0x0000000712a00000, 0x0000000712a00000, 0x0000000712c00000|  0%| F|  |TAMS 0x0000000712a00000, 0x0000000712a00000| Untracked 
|  72|0x0000000712c00000, 0x0000000712c00000, 0x0000000712e00000|  0%| F|  |TAMS 0x0000000712c00000, 0x0000000712c00000| Untracked 
|  73|0x0000000712e00000, 0x0000000712e00000, 0x0000000713000000|  0%| F|  |TAMS 0x0000000712e00000, 0x0000000712e00000| Untracked 
|  74|0x0000000713000000, 0x0000000713000000, 0x0000000713200000|  0%| F|  |TAMS 0x0000000713000000, 0x0000000713000000| Untracked 
|  75|0x0000000713200000, 0x0000000713200000, 0x0000000713400000|  0%| F|  |TAMS 0x0000000713200000, 0x0000000713200000| Untracked 
|  76|0x0000000713400000, 0x0000000713400000, 0x0000000713600000|  0%| F|  |TAMS 0x0000000713400000, 0x0000000713400000| Untracked 
|  77|0x0000000713600000, 0x0000000713600000, 0x0000000713800000|  0%| F|  |TAMS 0x0000000713600000, 0x0000000713600000| Untracked 
|  78|0x0000000713800000, 0x0000000713800000, 0x0000000713a00000|  0%| F|  |TAMS 0x0000000713800000, 0x0000000713800000| Untracked 
|  79|0x0000000713a00000, 0x0000000713a00000, 0x0000000713c00000|  0%| F|  |TAMS 0x0000000713a00000, 0x0000000713a00000| Untracked 
|  80|0x0000000713c00000, 0x0000000713c00000, 0x0000000713e00000|  0%| F|  |TAMS 0x0000000713c00000, 0x0000000713c00000| Untracked 
|  81|0x0000000713e00000, 0x0000000713e00000, 0x0000000714000000|  0%| F|  |TAMS 0x0000000713e00000, 0x0000000713e00000| Untracked 
|  82|0x0000000714000000, 0x0000000714000000, 0x0000000714200000|  0%| F|  |TAMS 0x0000000714000000, 0x0000000714000000| Untracked 
|  83|0x0000000714200000, 0x0000000714200000, 0x0000000714400000|  0%| F|  |TAMS 0x0000000714200000, 0x0000000714200000| Untracked 
|  84|0x0000000714400000, 0x0000000714400000, 0x0000000714600000|  0%| F|  |TAMS 0x0000000714400000, 0x0000000714400000| Untracked 
|  85|0x0000000714600000, 0x0000000714600000, 0x0000000714800000|  0%| F|  |TAMS 0x0000000714600000, 0x0000000714600000| Untracked 
|  86|0x0000000714800000, 0x0000000714800000, 0x0000000714a00000|  0%| F|  |TAMS 0x0000000714800000, 0x0000000714800000| Untracked 
|  87|0x0000000714a00000, 0x0000000714a00000, 0x0000000714c00000|  0%| F|  |TAMS 0x0000000714a00000, 0x0000000714a00000| Untracked 
|  88|0x0000000714c00000, 0x0000000714c00000, 0x0000000714e00000|  0%| F|  |TAMS 0x0000000714c00000, 0x0000000714c00000| Untracked 
|  89|0x0000000714e00000, 0x0000000714e00000, 0x0000000715000000|  0%| F|  |TAMS 0x0000000714e00000, 0x0000000714e00000| Untracked 
|  90|0x0000000715000000, 0x0000000715000000, 0x0000000715200000|  0%| F|  |TAMS 0x0000000715000000, 0x0000000715000000| Untracked 
|  91|0x0000000715200000, 0x0000000715200000, 0x0000000715400000|  0%| F|  |TAMS 0x0000000715200000, 0x0000000715200000| Untracked 
|  92|0x0000000715400000, 0x0000000715400000, 0x0000000715600000|  0%| F|  |TAMS 0x0000000715400000, 0x0000000715400000| Untracked 
|  93|0x0000000715600000, 0x0000000715600000, 0x0000000715800000|  0%| F|  |TAMS 0x0000000715600000, 0x0000000715600000| Untracked 
|  94|0x0000000715800000, 0x0000000715800000, 0x0000000715a00000|  0%| F|  |TAMS 0x0000000715800000, 0x0000000715800000| Untracked 
|  95|0x0000000715a00000, 0x0000000715a00000, 0x0000000715c00000|  0%| F|  |TAMS 0x0000000715a00000, 0x0000000715a00000| Untracked 
|  96|0x0000000715c00000, 0x0000000715c00000, 0x0000000715e00000|  0%| F|  |TAMS 0x0000000715c00000, 0x0000000715c00000| Untracked 
|  97|0x0000000715e00000, 0x0000000715e00000, 0x0000000716000000|  0%| F|  |TAMS 0x0000000715e00000, 0x0000000715e00000| Untracked 
|  98|0x0000000716000000, 0x0000000716000000, 0x0000000716200000|  0%| F|  |TAMS 0x0000000716000000, 0x0000000716000000| Untracked 
|  99|0x0000000716200000, 0x0000000716200000, 0x0000000716400000|  0%| F|  |TAMS 0x0000000716200000, 0x0000000716200000| Untracked 
| 100|0x0000000716400000, 0x0000000716400000, 0x0000000716600000|  0%| F|  |TAMS 0x0000000716400000, 0x0000000716400000| Untracked 
| 101|0x0000000716600000, 0x0000000716600000, 0x0000000716800000|  0%| F|  |TAMS 0x0000000716600000, 0x0000000716600000| Untracked 
| 102|0x0000000716800000, 0x0000000716800000, 0x0000000716a00000|  0%| F|  |TAMS 0x0000000716800000, 0x0000000716800000| Untracked 
| 103|0x0000000716a00000, 0x0000000716a00000, 0x0000000716c00000|  0%| F|  |TAMS 0x0000000716a00000, 0x0000000716a00000| Untracked 
| 104|0x0000000716c00000, 0x0000000716c00000, 0x0000000716e00000|  0%| F|  |TAMS 0x0000000716c00000, 0x0000000716c00000| Untracked 
| 105|0x0000000716e00000, 0x0000000716e00000, 0x0000000717000000|  0%| F|  |TAMS 0x0000000716e00000, 0x0000000716e00000| Untracked 
| 106|0x0000000717000000, 0x0000000717000000, 0x0000000717200000|  0%| F|  |TAMS 0x0000000717000000, 0x0000000717000000| Untracked 
| 107|0x0000000717200000, 0x0000000717200000, 0x0000000717400000|  0%| F|  |TAMS 0x0000000717200000, 0x0000000717200000| Untracked 
| 108|0x0000000717400000, 0x0000000717400000, 0x0000000717600000|  0%| F|  |TAMS 0x0000000717400000, 0x0000000717400000| Untracked 
| 109|0x0000000717600000, 0x0000000717600000, 0x0000000717800000|  0%| F|  |TAMS 0x0000000717600000, 0x0000000717600000| Untracked 
| 110|0x0000000717800000, 0x0000000717800000, 0x0000000717a00000|  0%| F|  |TAMS 0x0000000717800000, 0x0000000717800000| Untracked 
| 111|0x0000000717a00000, 0x0000000717a00000, 0x0000000717c00000|  0%| F|  |TAMS 0x0000000717a00000, 0x0000000717a00000| Untracked 
| 112|0x0000000717c00000, 0x0000000717c00000, 0x0000000717e00000|  0%| F|  |TAMS 0x0000000717c00000, 0x0000000717c00000| Untracked 
| 113|0x0000000717e00000, 0x0000000717e00000, 0x0000000718000000|  0%| F|  |TAMS 0x0000000717e00000, 0x0000000717e00000| Untracked 
| 114|0x0000000718000000, 0x0000000718000000, 0x0000000718200000|  0%| F|  |TAMS 0x0000000718000000, 0x0000000718000000| Untracked 
| 115|0x0000000718200000, 0x0000000718200000, 0x0000000718400000|  0%| F|  |TAMS 0x0000000718200000, 0x0000000718200000| Untracked 
| 116|0x0000000718400000, 0x0000000718556320, 0x0000000718600000| 66%| E|  |TAMS 0x0000000718400000, 0x0000000718400000| Complete 
| 117|0x0000000718600000, 0x0000000718800000, 0x0000000718800000|100%| E|CS|TAMS 0x0000000718600000, 0x0000000718600000| Complete 
| 118|0x0000000718800000, 0x0000000718a00000, 0x0000000718a00000|100%| E|CS|TAMS 0x0000000718800000, 0x0000000718800000| Complete 
| 119|0x0000000718a00000, 0x0000000718c00000, 0x0000000718c00000|100%| E|CS|TAMS 0x0000000718a00000, 0x0000000718a00000| Complete 
| 120|0x0000000718c00000, 0x0000000718e00000, 0x0000000718e00000|100%| E|CS|TAMS 0x0000000718c00000, 0x0000000718c00000| Complete 
| 121|0x0000000718e00000, 0x0000000719000000, 0x0000000719000000|100%| E|CS|TAMS 0x0000000718e00000, 0x0000000718e00000| Complete 
| 122|0x0000000719000000, 0x0000000719200000, 0x0000000719200000|100%| E|  |TAMS 0x0000000719000000, 0x0000000719000000| Complete 
| 123|0x0000000719200000, 0x0000000719400000, 0x0000000719400000|100%| E|CS|TAMS 0x0000000719200000, 0x0000000719200000| Complete 

Card table byte_map: [0x000001cdf6840000,0x000001cdf7000000] _byte_map_base: 0x000001cdf2ff2000

Marking Bits (Prev, Next): (CMBitMap*) 0x000001cddefcaa60, (CMBitMap*) 0x000001cddefcaaa0
 Prev Bits: [0x000001cdf77c0000, 0x000001cdfb550000)
 Next Bits: [0x000001cdfb550000, 0x000001cdff2e0000)

Polling page: 0x000001cddcf10000

Metaspace:

Usage:
  Non-class:      2.13 MB used.
      Class:    231.95 KB used.
       Both:      2.36 MB used.

Virtual space:
  Non-class space:       64.00 MB reserved,       2.19 MB (  3%) committed,  1 nodes.
      Class space:        1.00 GB reserved,     320.00 KB ( <1%) committed,  1 nodes.
             Both:        1.06 GB reserved,       2.50 MB ( <1%) committed. 

Chunk freelists:
   Non-Class:  11.19 MB
       Class:  15.61 MB
        Both:  26.80 MB

MaxMetaspaceSize: unlimited
CompressedClassSpaceSize: 1.00 GB
Initial GC threshold: 21.00 MB
Current GC threshold: 21.00 MB
CDS: on
MetaspaceReclaimPolicy: balanced
 - commit_granule_bytes: 65536.
 - commit_granule_words: 8192.
 - virtual_space_node_default_size: 8388608.
 - enlarge_chunks_in_place: 1.
 - new_chunks_are_fully_committed: 0.
 - uncommit_free_chunks: 1.
 - use_allocation_guard: 0.
 - handle_deallocations: 1.


Internal statistics:

num_allocs_failed_limit: 0.
num_arena_births: 18.
num_arena_deaths: 0.
num_vsnodes_births: 2.
num_vsnodes_deaths: 0.
num_space_committed: 40.
num_space_uncommitted: 0.
num_chunks_returned_to_freelist: 0.
num_chunks_taken_from_freelist: 67.
num_chunk_merges: 0.
num_chunk_splits: 40.
num_chunks_enlarged: 29.
num_inconsistent_stats: 0.

CodeHeap 'non-profiled nmethods': size=119168Kb used=257Kb max_used=257Kb free=118911Kb
 bounds [0x000001cdee3a0000, 0x000001cdee610000, 0x000001cdf5800000]
CodeHeap 'profiled nmethods': size=119104Kb used=1470Kb max_used=1470Kb free=117633Kb
 bounds [0x000001cde6800000, 0x000001cde6a70000, 0x000001cdedc50000]
CodeHeap 'non-nmethods': size=7488Kb used=2265Kb max_used=2846Kb free=5222Kb
 bounds [0x000001cdedc50000, 0x000001cdedf20000, 0x000001cdee3a0000]
 total_blobs=1165 nmethods=741 adapters=335
 compilation: enabled
              stopped_count=0, restarted_count=0
 full_count=0

Compilation events (20 events):
Event: 0.775 Thread 0x000001cdc8646500  732   !   3       java.util.zip.Inflater::needsInput (55 bytes)
Event: 0.775 Thread 0x000001cdc8646500 nmethod 732 0x000001cde696b690 code [0x000001cde696b840, 0x000001cde696bbf8]
Event: 0.776 Thread 0x000001cd825d11c0  734       3       jdk.internal.org.objectweb.asm.SymbolTable$Entry::<init> (17 bytes)
Event: 0.776 Thread 0x000001cdc8646500  735       3       jdk.internal.org.objectweb.asm.ByteVector::putByte (39 bytes)
Event: 0.776 Thread 0x000001cdc864c4b0  736       3       jdk.internal.org.objectweb.asm.SymbolTable::addConstantUtf8 (98 bytes)
Event: 0.776 Thread 0x000001cd825d11c0 nmethod 734 0x000001cde696bd10 code [0x000001cde696bec0, 0x000001cde696c048]
Event: 0.776 Thread 0x000001cdc8646500 nmethod 735 0x000001cde696c110 code [0x000001cde696c2c0, 0x000001cde696c4a8]
Event: 0.776 Thread 0x000001cdc85d90b0 nmethod 677 0x000001cdee3d3490 code [0x000001cdee3d3720, 0x000001cdee3d4df0]
Event: 0.777 Thread 0x000001cdc864c4b0 nmethod 736 0x000001cde696c610 code [0x000001cde696c840, 0x000001cde696ce58]
Event: 0.777 Thread 0x000001cd825d11c0  737       3       java.lang.invoke.MemberName::testAllFlags (7 bytes)
Event: 0.777 Thread 0x000001cdc864c4b0  738       1       java.lang.invoke.MethodHandle::type (5 bytes)
Event: 0.777 Thread 0x000001cdc8646500  739       3       java.lang.invoke.MethodType::parameterCount (6 bytes)
Event: 0.778 Thread 0x000001cdc864c4b0 nmethod 738 0x000001cdee3d5b10 code [0x000001cdee3d5ca0, 0x000001cdee3d5d78]
Event: 0.778 Thread 0x000001cdc8646500 nmethod 739 0x000001cde696d590 code [0x000001cde696d720, 0x000001cde696d838]
Event: 0.778 Thread 0x000001cd825d11c0 nmethod 737 0x000001cde696d190 code [0x000001cde696d320, 0x000001cde696d4f8]
Event: 0.778 Thread 0x000001cdc85d90b0  731   !   4       java.util.zip.ZipFile::getEntry (59 bytes)
Event: 0.780 Thread 0x000001cd825d11c0  740       1       java.util.concurrent.CopyOnWriteArrayList::setArray (6 bytes)
Event: 0.780 Thread 0x000001cd825d11c0 nmethod 740 0x000001cdee3d5e10 code [0x000001cdee3d5fa0, 0x000001cdee3d60b8]
Event: 0.784 Thread 0x000001cd825d11c0  741       3       java.lang.Class::getPackageName (81 bytes)
Event: 1.811 Thread 0x000001cd825d11c0 nmethod 741 0x000001cde696d910 code [0x000001cde696dba0, 0x000001cde696e668]

GC Heap History (0 events):
No events

Deoptimization events (20 events):
Event: 0.618 Thread 0x000001cddef56950 DEOPT PACKING pc=0x000001cdee3b7044 sp=0x0000003f89ffc190
Event: 0.618 Thread 0x000001cddef56950 DEOPT UNPACKING pc=0x000001cdedca23a3 sp=0x0000003f89ffc110 mode 2
Event: 0.623 Thread 0x000001cddef56950 DEOPT PACKING pc=0x000001cde6836e56 sp=0x0000003f89ffbca0
Event: 0.623 Thread 0x000001cddef56950 DEOPT UNPACKING pc=0x000001cdedca2b43 sp=0x0000003f89ffb140 mode 0
Event: 0.631 Thread 0x000001cddef56950 Uncommon trap: trap_request=0xffffff6e fr.pc=0x000001cdee3ba7d4 relative=0x0000000000000434
Event: 0.631 Thread 0x000001cddef56950 Uncommon trap: reason=loop_limit_check action=maybe_recompile pc=0x000001cdee3ba7d4 method=java.lang.StringLatin1.indexOf([BI[BII)I @ 37 c2
Event: 0.631 Thread 0x000001cddef56950 DEOPT PACKING pc=0x000001cdee3ba7d4 sp=0x0000003f89ffd350
Event: 0.631 Thread 0x000001cddef56950 DEOPT UNPACKING pc=0x000001cdedca23a3 sp=0x0000003f89ffd2b0 mode 2
Event: 0.693 Thread 0x000001cddef56950 Uncommon trap: trap_request=0xffffff45 fr.pc=0x000001cdee3ab434 relative=0x0000000000000414
Event: 0.693 Thread 0x000001cddef56950 Uncommon trap: reason=unstable_if action=reinterpret pc=0x000001cdee3ab434 method=java.lang.StringLatin1.canEncode(I)Z @ 4 c2
Event: 0.693 Thread 0x000001cddef56950 DEOPT PACKING pc=0x000001cdee3ab434 sp=0x0000003f89ffd410
Event: 0.693 Thread 0x000001cddef56950 DEOPT UNPACKING pc=0x000001cdedca23a3 sp=0x0000003f89ffd338 mode 2
Event: 0.693 Thread 0x000001cddef56950 Uncommon trap: trap_request=0xffffff45 fr.pc=0x000001cdee3ac114 relative=0x00000000000003f4
Event: 0.693 Thread 0x000001cddef56950 Uncommon trap: reason=unstable_if action=reinterpret pc=0x000001cdee3ac114 method=java.lang.AbstractStringBuilder.isLatin1()Z @ 10 c2
Event: 0.693 Thread 0x000001cddef56950 DEOPT PACKING pc=0x000001cdee3ac114 sp=0x0000003f89ffd420
Event: 0.693 Thread 0x000001cddef56950 DEOPT UNPACKING pc=0x000001cdedca23a3 sp=0x0000003f89ffd3a0 mode 2
Event: 0.696 Thread 0x000001cddef56950 Uncommon trap: trap_request=0xffffff45 fr.pc=0x000001cdee3a4fdc relative=0x000000000000005c
Event: 0.696 Thread 0x000001cddef56950 Uncommon trap: reason=unstable_if action=reinterpret pc=0x000001cdee3a4fdc method=java.lang.String.isLatin1()Z @ 10 c2
Event: 0.696 Thread 0x000001cddef56950 DEOPT PACKING pc=0x000001cdee3a4fdc sp=0x0000003f89ffd090
Event: 0.696 Thread 0x000001cddef56950 DEOPT UNPACKING pc=0x000001cdedca23a3 sp=0x0000003f89ffd020 mode 2

Classes unloaded (0 events):
No events

Classes redefined (0 events):
No events

Internal exceptions (3 events):
Event: 0.620 Thread 0x000001cddef56950 Exception <a 'java/lang/ClassNotFoundException'{0x00000007188ac2c8}: javax/smartcardio/CardPermission> (0x00000007188ac2c8) 
thrown [s\open\src\hotspot\share\classfile\systemDictionary.cpp, line 256]
Event: 0.624 Thread 0x000001cddef56950 Exception <a 'java/io/FileNotFoundException'{0x00000007188bb218}> (0x00000007188bb218) 
thrown [s\open\src\hotspot\share\prims\jni.cpp, line 516]
Event: 0.775 Thread 0x000001cddef56950 Exception <a 'java/lang/NoSuchMethodError'{0x000000071849ea40}: 'int java.lang.invoke.DirectMethodHandle$Holder.invokeStaticInit(java.lang.Object, java.lang.Object)'> (0x000000071849ea40) 
thrown [s\open\src\hotspot\share\interpreter\linkResolver.cpp, line 759]

VM Operations (10 events):
Event: 0.235 Executing VM operation: HandshakeAllThreads
Event: 0.235 Executing VM operation: HandshakeAllThreads done
Event: 0.622 Executing VM operation: HandshakeAllThreads
Event: 0.622 Executing VM operation: HandshakeAllThreads done
Event: 0.729 Executing VM operation: HandshakeAllThreads
Event: 0.729 Executing VM operation: HandshakeAllThreads done
Event: 0.748 Executing VM operation: HandshakeAllThreads
Event: 0.748 Executing VM operation: HandshakeAllThreads done
Event: 1.763 Executing VM operation: Cleanup
Event: 1.811 Executing VM operation: Cleanup done

Events (20 events):
Event: 0.755 loading class java/util/zip/ZipFile$ZipEntryIterator done
Event: 0.760 loading class java/lang/invoke/DirectMethodHandle$Special
Event: 0.760 loading class java/lang/invoke/DirectMethodHandle$Special done
Event: 0.765 loading class java/util/LinkedHashMap$LinkedKeySet
Event: 0.765 loading class java/util/LinkedHashMap$LinkedKeySet done
Event: 0.765 loading class java/util/LinkedHashMap$LinkedKeyIterator
Event: 0.765 loading class java/util/LinkedHashMap$LinkedKeyIterator done
Event: 0.768 loading class java/lang/InstantiationException
Event: 0.768 loading class java/lang/InstantiationException done
Event: 0.768 loading class java/lang/reflect/InvocationTargetException
Event: 0.768 loading class java/lang/reflect/InvocationTargetException done
Event: 0.770 Thread 0x000001cdc8bfc5e0 Thread added: 0x000001cdc8bfc5e0
Event: 0.771 Thread 0x000001cdc8c83bc0 Thread added: 0x000001cdc8c83bc0
Event: 0.771 loading class java/lang/Byte$ByteCache
Event: 0.771 loading class java/lang/Byte$ByteCache done
Event: 0.772 loading class java/lang/Short$ShortCache
Event: 0.772 loading class java/lang/Short$ShortCache done
Event: 0.774 loading class java/lang/reflect/UndeclaredThrowableException
Event: 0.774 loading class java/lang/reflect/UndeclaredThrowableException done
Event: 5.785 Thread 0x000001cdc864c4b0 Thread exited: 0x000001cdc864c4b0


Dynamic libraries:
0x00007ff621060000 - 0x00007ff621070000 	C:\Program Files\Java\jdk-17\bin\java.exe
0x00007ffbc58e0000 - 0x00007ffbc5b40000 	C:\WINDOWS\SYSTEM32\ntdll.dll
0x00007ffbc4d10000 - 0x00007ffbc4dd7000 	C:\WINDOWS\System32\KERNEL32.DLL
0x00007ffbc3030000 - 0x00007ffbc33fa000 	C:\WINDOWS\System32\KERNELBASE.dll
0x00007ffbc2b80000 - 0x00007ffbc2ccb000 	C:\WINDOWS\System32\ucrtbase.dll
0x00007ffbb2d10000 - 0x00007ffbb2d2b000 	C:\Program Files\Java\jdk-17\bin\VCRUNTIME140.dll
0x00007ffbb5660000 - 0x00007ffbb5679000 	C:\Program Files\Java\jdk-17\bin\jli.dll
0x00007ffbc47b0000 - 0x00007ffbc4862000 	C:\WINDOWS\System32\ADVAPI32.dll
0x00007ffbc46f0000 - 0x00007ffbc4799000 	C:\WINDOWS\System32\msvcrt.dll
0x00007ffbc4880000 - 0x00007ffbc4926000 	C:\WINDOWS\System32\sechost.dll
0x00007ffbc4960000 - 0x00007ffbc4a76000 	C:\WINDOWS\System32\RPCRT4.dll
0x00007ffbc3880000 - 0x00007ffbc3a4c000 	C:\WINDOWS\System32\USER32.dll
0x00007ffbadf60000 - 0x00007ffbae1f7000 	C:\WINDOWS\WinSxS\amd64_microsoft.windows.common-controls_6595b64144ccf1df_6.0.26100.3624_none_3e086962e3345f24\COMCTL32.dll
0x00007ffbc2b50000 - 0x00007ffbc2b77000 	C:\WINDOWS\System32\win32u.dll
0x00007ffbc4930000 - 0x00007ffbc495a000 	C:\WINDOWS\System32\GDI32.dll
0x00007ffbc2ef0000 - 0x00007ffbc3021000 	C:\WINDOWS\System32\gdi32full.dll
0x00007ffbc2cd0000 - 0x00007ffbc2d73000 	C:\WINDOWS\System32\msvcp_win.dll
0x00007ffbbc920000 - 0x00007ffbbc92b000 	C:\WINDOWS\SYSTEM32\VERSION.dll
0x00007ffbc3a50000 - 0x00007ffbc3a7f000 	C:\WINDOWS\System32\IMM32.DLL
0x00007ffbb5cf0000 - 0x00007ffbb5cfc000 	C:\Program Files\Java\jdk-17\bin\vcruntime140_1.dll
0x00007ffb90020000 - 0x00007ffb900ae000 	C:\Program Files\Java\jdk-17\bin\msvcp140.dll
0x00007ffb26910000 - 0x00007ffb274f0000 	C:\Program Files\Java\jdk-17\bin\server\jvm.dll
0x00007ffbc4d00000 - 0x00007ffbc4d08000 	C:\WINDOWS\System32\PSAPI.DLL
0x00007ffbb29e0000 - 0x00007ffbb29ea000 	C:\WINDOWS\SYSTEM32\WSOCK32.dll
0x00007ffbbc8e0000 - 0x00007ffbbc916000 	C:\WINDOWS\SYSTEM32\WINMM.dll
0x00007ffbc3a90000 - 0x00007ffbc3b04000 	C:\WINDOWS\System32\WS2_32.dll
0x00007ffbc18d0000 - 0x00007ffbc18ea000 	C:\WINDOWS\SYSTEM32\kernel.appcore.dll
0x00007ffbb5790000 - 0x00007ffbb579a000 	C:\Program Files\Java\jdk-17\bin\jimage.dll
0x00007ffbb6840000 - 0x00007ffbb6a81000 	C:\WINDOWS\SYSTEM32\DBGHELP.DLL
0x00007ffbc4df0000 - 0x00007ffbc5172000 	C:\WINDOWS\System32\combase.dll
0x00007ffbc5200000 - 0x00007ffbc52d6000 	C:\WINDOWS\System32\OLEAUT32.dll
0x00007ffbab590000 - 0x00007ffbab5c9000 	C:\WINDOWS\SYSTEM32\dbgcore.DLL
0x00007ffbc34c0000 - 0x00007ffbc3559000 	C:\WINDOWS\System32\bcryptPrimitives.dll
0x00007ffba76e0000 - 0x00007ffba7705000 	C:\Program Files\Java\jdk-17\bin\java.dll
0x00007ffb875e0000 - 0x00007ffb876b7000 	C:\Program Files\Java\jdk-17\bin\jsvml.dll
0x00007ffbc3b30000 - 0x00007ffbc4259000 	C:\WINDOWS\System32\SHELL32.dll
0x00007ffbc2d80000 - 0x00007ffbc2ee8000 	C:\WINDOWS\System32\wintypes.dll
0x00007ffbc0740000 - 0x00007ffbc0f92000 	C:\WINDOWS\SYSTEM32\windows.storage.dll
0x00007ffbc5600000 - 0x00007ffbc56ed000 	C:\WINDOWS\System32\SHCORE.dll
0x00007ffbc4a80000 - 0x00007ffbc4ae4000 	C:\WINDOWS\System32\shlwapi.dll
0x00007ffbc29d0000 - 0x00007ffbc29ff000 	C:\WINDOWS\SYSTEM32\profapi.dll
0x00007ffbb2b10000 - 0x00007ffbb2b29000 	C:\Program Files\Java\jdk-17\bin\net.dll
0x00007ffbbc650000 - 0x00007ffbbc76d000 	C:\WINDOWS\SYSTEM32\WINHTTP.dll
0x00007ffbc1df0000 - 0x00007ffbc1e5a000 	C:\WINDOWS\system32\mswsock.dll
0x00007ffba8d30000 - 0x00007ffba8d46000 	C:\Program Files\Java\jdk-17\bin\nio.dll
0x00007ffba78c0000 - 0x00007ffba78d8000 	C:\Program Files\Java\jdk-17\bin\zip.dll
0x00007ffbb2d00000 - 0x00007ffbb2d10000 	C:\Program Files\Java\jdk-17\bin\verify.dll

dbghelp: loaded successfully - version: 4.0.5 - missing functions: none
symbol engine: initialized successfully - sym options: 0x614 - pdb path: .;C:\Program Files\Java\jdk-17\bin;C:\WINDOWS\SYSTEM32;C:\WINDOWS\WinSxS\amd64_microsoft.windows.common-controls_6595b64144ccf1df_6.0.26100.3624_none_3e086962e3345f24;C:\Program Files\Java\jdk-17\bin\server

VM Arguments:
jvm_args: -XX:+ShowCodeDetailsInExceptionMessages 
java_command: com.laptrinhoop.WebSalesApplication
java_class_path (initial): F:\Website\GROUP_12\target\classes;C:\Users\MSI\.m2\repository\org\apache\logging\log4j\log4j-core\2.11.1\log4j-core-2.11.1.jar;C:\Users\MSI\.m2\repository\org\apache\logging\log4j\log4j-api\2.12.1\log4j-api-2.12.1.jar;C:\Users\MSI\.m2\repository\org\springframework\boot\spring-boot-starter-amqp\2.2.1.RELEASE\spring-boot-starter-amqp-2.2.1.RELEASE.jar;C:\Users\MSI\.m2\repository\org\springframework\boot\spring-boot-starter\2.2.1.RELEASE\spring-boot-starter-2.2.1.RELEASE.jar;C:\Users\MSI\.m2\repository\org\springframework\boot\spring-boot\2.2.1.RELEASE\spring-boot-2.2.1.RELEASE.jar;C:\Users\MSI\.m2\repository\org\springframework\boot\spring-boot-autoconfigure\2.2.1.RELEASE\spring-boot-autoconfigure-2.2.1.RELEASE.jar;C:\Users\MSI\.m2\repository\org\springframework\boot\spring-boot-starter-logging\2.2.1.RELEASE\spring-boot-starter-logging-2.2.1.RELEASE.jar;C:\Users\MSI\.m2\repository\ch\qos\logback\logback-classic\1.2.3\logback-classic-1.2.3.jar;C:\Users\MSI\.m2\repository\ch\qos\logback\logback-core\1.2.3\logback-core-1.2.3.jar;C:\Users\MSI\.m2\repository\org\apache\logging\log4j\log4j-to-slf4j\2.12.1\log4j-to-slf4j-2.12.1.jar;C:\Users\MSI\.m2\repository\org\slf4j\jul-to-slf4j\1.7.29\jul-to-slf4j-1.7.29.jar;C:\Users\MSI\.m2\repository\org\yaml\snakeyaml\1.25\snakeyaml-1.25.jar;C:\Users\MSI\.m2\repository\org\springframework\spring-messaging\5.2.1.RELEASE\spring-messaging-5.2.1.RELEASE.jar;C:\Users\MSI\.m2\repository\org\springframework\spring-beans\5.2.1.RELEASE\spring-beans-5.2.1.RELEASE.jar;C:\Users\MSI\.m2\repository\org\springframework\amqp\spring-rabbit\2.2.1.RELEASE\spring-rabbit-2.2.1.RELEASE.jar;C:\Users\MSI\.m2\repository\com\rabbitmq\amqp-client\5.7.3\amqp-client-5.7.3.jar;C:\Users\MSI\.m2\repository\org\springframework\amqp\spring-amqp\2.2.1.RELEASE\spring-amqp-2.2.1.RELEASE.jar;C:\Users\MSI\.m2\repository\org\springframework\retry\spring-retry\1.2.4.RELEASE\spring-retry-1.2.4.RELEASE.jar;C:\Users\MSI\.m2\repository\org\springfr
Launcher Type: SUN_STANDARD

[Global flags]
     intx CICompilerCount                          = 12                                        {product} {ergonomic}
     uint ConcGCThreads                            = 3                                         {product} {ergonomic}
     uint G1ConcRefinementThreads                  = 13                                        {product} {ergonomic}
   size_t G1HeapRegionSize                         = 2097152                                   {product} {ergonomic}
    uintx GCDrainStackTargetSize                   = 64                                        {product} {ergonomic}
   size_t InitialHeapSize                          = 260046848                                 {product} {ergonomic}
   size_t MarkStackSize                            = 4194304                                   {product} {ergonomic}
   size_t MaxHeapSize                              = 4131389440                                {product} {ergonomic}
   size_t MaxNewSize                               = 2478833664                                {product} {ergonomic}
   size_t MinHeapDeltaBytes                        = 2097152                                   {product} {ergonomic}
   size_t MinHeapSize                              = 8388608                                   {product} {ergonomic}
    uintx NonNMethodCodeHeapSize                   = 7602480                                {pd product} {ergonomic}
    uintx NonProfiledCodeHeapSize                  = 122027880                              {pd product} {ergonomic}
    uintx ProfiledCodeHeapSize                     = 122027880                              {pd product} {ergonomic}
    uintx ReservedCodeCacheSize                    = 251658240                              {pd product} {ergonomic}
     bool SegmentedCodeCache                       = true                                      {product} {ergonomic}
     bool ShowCodeDetailsInExceptionMessages       = true                                   {manageable} {command line}
   size_t SoftMaxHeapSize                          = 4131389440                             {manageable} {ergonomic}
     bool UseCompressedClassPointers               = true                           {product lp64_product} {ergonomic}
     bool UseCompressedOops                        = true                           {product lp64_product} {ergonomic}
     bool UseG1GC                                  = true                                      {product} {ergonomic}
     bool UseLargePagesIndividualAllocation        = false                                  {pd product} {ergonomic}

Logging:
Log output configuration:
 #0: stdout all=warning uptime,level,tags
 #1: stderr all=off uptime,level,tags

Environment Variables:
JAVA_HOME=C:\Program Files\Java\jdk-17
PATH=C:\Program Files\Common Files\Oracle\Java\javapath;C:\Program Files (x86)\VMware\VMware Workstation\bin\;C:\Program Files\Microsoft MPI\Bin\;C:\WINDOWS\system32;C:\WINDOWS;C:\WINDOWS\System32\Wbem;C:\WINDOWS\System32\WindowsPowerShell\v1.0\;C:\WINDOWS\System32\OpenSSH\;C:\Program Files\nodejs\;C:\Program Files (x86)\Microsoft SQL Server\160\Tools\Binn\;C:\Program Files\Microsoft SQL Server\160\Tools\Binn\;C:\Program Files\Microsoft SQL Server\Client SDK\ODBC\170\Tools\Binn\;C:\Program Files\Microsoft SQL Server\160\DTS\Binn\;C:\Program Files (x86)\Microsoft SQL Server\160\DTS\Binn\;C:\Program Files\Git LFS;C:\Program Files\Git\cmd;C:\Program Files\PowerShell\7\;C:\Program Files\Java\jdk-17\bin;C:\Program Files\MySQL\MySQL Shell 8.0\bin\;C:\Users\MSI\AppData\Local\Programs\Python\Python313;C:\Users\MSI\AppData\Local\Microsoft\WindowsApps;C:\Users\MSI\AppData\Local\Programs\Microsoft VS Code\bin;C:\Users\MSI\AppData\Roaming\npm;C:\Program Files\JetBrains\IntelliJ IDEA 2024.3.1.1\bin;;
USERNAME=MSI
LANG=en_US.UTF-8
OS=Windows_NT
PROCESSOR_IDENTIFIER=AMD64 Family 25 Model 80 Stepping 0, AuthenticAMD



---------------  S Y S T E M  ---------------

OS:
 Windows 11 , 64 bit Build 26100 (10.0.26100.3775)
OS uptime: 0 days 15:36 hours
Hyper-V role detected

CPU: total 16 (initial active 16) (16 cores per cpu, 2 threads per core) family 25 model 80 stepping 0 microcode 0xa50000c, cx8, cmov, fxsr, ht, mmx, 3dnowpref, sse, sse2, sse3, ssse3, sse4a, sse4.1, sse4.2, popcnt, lzcnt, tsc, tscinvbit, avx, avx2, aes, erms, clmul, bmi1, bmi2, adx, sha, fma, vzeroupper, clflush, clflushopt, hv

Memory: 4k page, system-wide physical 15752M (5202M free)
TotalPageFile size 15752M (AvailPageFile size 20M)
current process WorkingSet (physical memory assigned to process): 74M, peak: 77M
current process commit charge ("private bytes"): 370M, peak: 373M

vm_info: Java HotSpot(TM) 64-Bit Server VM (17.0.11+7-LTS-207) for windows-amd64 JRE (17.0.11+7-LTS-207), built on Mar 11 2024 19:01:50 by "mach5one" with MS VC++ 17.6 (VS2022)

END.
