#
# There is insufficient memory for the Java Runtime Environment to continue.
# Native memory allocation (malloc) failed to allocate 3886272 bytes. Error detail: Chunk::new
# Possible reasons:
#   The system is out of physical RAM or swap space
#   This process is running with CompressedOops enabled, and the Java Heap may be blocking the growth of the native heap
# Possible solutions:
#   Reduce memory load on the system
#   Increase physical memory or swap space
#   Check if swap backing store is full
#   Decrease Java heap size (-Xmx/-Xms)
#   Decrease number of Java threads
#   Decrease Java thread stack sizes (-Xss)
#   Set larger code cache with -XX:ReservedCodeCacheSize=
#   JVM is running with Unscaled Compressed Oops mode in which the Java heap is
#     placed in the first 4GB address space. The Java Heap base address is the
#     maximum limit for the native heap growth. Please use -XX:HeapBaseMinAddress
#     to set the Java Heap base and to place the Java Heap above 4GB virtual address.
# This output file may be truncated or incomplete.
#
#  Out of Memory Error (arena.cpp:168), pid=23180, tid=15404
#
# JRE version: OpenJDK Runtime Environment Temurin-21.0.6+7 (21.0.6+7) (build 21.0.6+7-LTS)
# Java VM: OpenJDK 64-Bit Server VM Temurin-21.0.6+7 (21.0.6+7-LTS, mixed mode, sharing, tiered, compressed oops, compressed class ptrs, parallel gc, windows-amd64)
# No core dump will be written. Minidumps are not enabled by default on client versions of Windows
#

---------------  S U M M A R Y ------------

Command Line: --add-modules=ALL-SYSTEM --add-opens=java.base/java.util=ALL-UNNAMED --add-opens=java.base/java.lang=ALL-UNNAMED --add-opens=java.base/sun.nio.fs=ALL-UNNAMED -Declipse.application=org.eclipse.jdt.ls.core.id1 -Dosgi.bundles.defaultStartLevel=4 -Declipse.product=org.eclipse.jdt.ls.core.product -Djava.import.generatesMetadataFilesAtProjectRoot=false -DDetectVMInstallationsJob.disabled=true -Dfile.encoding=utf8 -XX:+UseParallelGC -XX:GCTimeRatio=4 -XX:AdaptiveSizePolicyWeight=90 -Dsun.zip.disableMemoryMapping=true -Xmx1G -Xms100m -Xlog:disable -javaagent:c:\Users\MSI\.vscode\extensions\redhat.java-1.41.1-win32-x64\lombok\lombok-1.18.36.jar -XX:+HeapDumpOnOutOfMemoryError -XX:HeapDumpPath=c:\Users\MSI\AppData\Roaming\Code\User\workspaceStorage\3815725e1ac4c6c69b70af32f7c49045\redhat.java -Daether.dependencyCollector.impl=bf c:\Users\MSI\.vscode\extensions\redhat.java-1.41.1-win32-x64\server\plugins\org.eclipse.equinox.launcher_1.7.0.v20250331-1702.jar -configuration c:\Users\MSI\AppData\Roaming\Code\User\globalStorage\redhat.java\1.41.1\config_win -data c:\Users\MSI\AppData\Roaming\Code\User\workspaceStorage\3815725e1ac4c6c69b70af32f7c49045\redhat.java\jdt_ws --pipe=\\.\pipe\lsp-1da4bdd517e278dc0bf2f6185ec5f41b-sock

Host: AMD Ryzen 7 5800H with Radeon Graphics         , 16 cores, 15G,  Windows 11 , 64 bit Build 26100 (10.0.26100.3775)
Time: Tue Apr 15 19:40:30 2025 SE Asia Standard Time elapsed time: 21.689832 seconds (0d 0h 0m 21s)

---------------  T H R E A D  ---------------

Current thread (0x0000025649f80d00):  JavaThread "C2 CompilerThread3" daemon [_thread_in_native, id=15404, stack(0x000000be1f600000,0x000000be1f700000) (1024K)]


Current CompileTask:
C2:21689 9585       4       lombok.eclipse.handlers.EclipseHandlerUtil::setGeneratedBy (10 bytes)

Stack: [0x000000be1f600000,0x000000be1f700000]
Native frames: (J=compiled Java code, j=interpreted, Vv=VM code, C=native code)
V  [jvm.dll+0x6cdee9]
V  [jvm.dll+0x8a83d1]
V  [jvm.dll+0x8aa8fe]
V  [jvm.dll+0x8aafe3]
V  [jvm.dll+0x27f706]
V  [jvm.dll+0xc500d]
V  [jvm.dll+0xc5543]
V  [jvm.dll+0x3b678c]
V  [jvm.dll+0x382935]
V  [jvm.dll+0x381d9a]
V  [jvm.dll+0x2479f0]
V  [jvm.dll+0x246fcf]
V  [jvm.dll+0x1c75ee]
V  [jvm.dll+0x25685a]
V  [jvm.dll+0x254dfa]
V  [jvm.dll+0x3f0256]
V  [jvm.dll+0x851f8b]
V  [jvm.dll+0x6cc5ed]
C  [ucrtbase.dll+0x37b0]
C  [KERNEL32.DLL+0x2e8d7]
C  [ntdll.dll+0xb14fc]


---------------  P R O C E S S  ---------------

Threads class SMR info:
_java_thread_list=0x0000025658a10480, length=84, elements={
0x000002566b33cfc0, 0x000002567f727fb0, 0x0000025641e68300, 0x0000025641e6ac50,
0x0000025641e6b8a0, 0x000002567f72c290, 0x000002567f72e6d0, 0x0000025641e83690,
0x0000025641e840c0, 0x0000025641f773f0, 0x0000025643550890, 0x00000256435888e0,
0x0000025648600720, 0x00000256481a5760, 0x00000256483aad10, 0x00000256483b1400,
0x00000256486667b0, 0x00000256488b9ed0, 0x000002564844b710, 0x000002564844b080,
0x000002564844cac0, 0x000002564844bda0, 0x000002564844a9f0, 0x000002564a669010,
0x000002564844d150, 0x000002564844c430, 0x000002564844d7e0, 0x000002564844a360,
0x000002564a3940b0, 0x000002564a391fe0, 0x000002564a393a20, 0x000002564a390c30,
0x000002564a392d00, 0x000002564a3912c0, 0x000002564a392670, 0x000002564a391950,
0x000002564a393390, 0x000002564a395460, 0x000002564a394740, 0x000002564a398250,
0x000002564a397bc0, 0x000002564a395af0, 0x000002564a396ea0, 0x0000025649f80d00,
0x0000025648a30f20, 0x000002564a397530, 0x000002564a6c0da0, 0x000002564a396180,
0x000002564a394dd0, 0x000002564a396810, 0x000002564b1ebf80, 0x000002564b1ecca0,
0x000002564b1ed330, 0x000002564b1ed9c0, 0x000002564b1ee050, 0x000002564b1ee6e0,
0x000002564b1eb8f0, 0x000002564b1eb260, 0x000002564b1eed70, 0x000002564b1f14d0,
0x000002564b1f0120, 0x000002564b1f2880, 0x000002564b1f21f0, 0x000002564b1ef400,
0x000002564b1efa90, 0x000002564b1f07b0, 0x000002564b1f0e40, 0x000002564b1f1b60,
0x00000256542bed80, 0x00000256542c0e50, 0x00000256542c07c0, 0x00000256542c0130,
0x00000256542bfaa0, 0x00000256542be060, 0x00000256542c14e0, 0x00000256542c1b70,
0x00000256542be6f0, 0x00000256542c2200, 0x00000256542c2890, 0x00000256542bf410,
0x00000256542c2f20, 0x0000025643590820, 0x0000025643c600c0, 0x0000025658b5e850
}

Java Threads: ( => current thread )
  0x000002566b33cfc0 JavaThread "main"                              [_thread_blocked, id=21612, stack(0x000000be1b600000,0x000000be1b700000) (1024K)]
  0x000002567f727fb0 JavaThread "Reference Handler"          daemon [_thread_blocked, id=17124, stack(0x000000be1ba00000,0x000000be1bb00000) (1024K)]
  0x0000025641e68300 JavaThread "Finalizer"                  daemon [_thread_blocked, id=10372, stack(0x000000be1bb00000,0x000000be1bc00000) (1024K)]
  0x0000025641e6ac50 JavaThread "Signal Dispatcher"          daemon [_thread_blocked, id=15436, stack(0x000000be1bc00000,0x000000be1bd00000) (1024K)]
  0x0000025641e6b8a0 JavaThread "Attach Listener"            daemon [_thread_blocked, id=10880, stack(0x000000be1bd00000,0x000000be1be00000) (1024K)]
  0x000002567f72c290 JavaThread "Service Thread"             daemon [_thread_blocked, id=19796, stack(0x000000be1be00000,0x000000be1bf00000) (1024K)]
  0x000002567f72e6d0 JavaThread "Monitor Deflation Thread"   daemon [_thread_blocked, id=21444, stack(0x000000be1bf00000,0x000000be1c000000) (1024K)]
  0x0000025641e83690 JavaThread "C2 CompilerThread0"         daemon [_thread_in_native, id=14444, stack(0x000000be1c000000,0x000000be1c100000) (1024K)]
  0x0000025641e840c0 JavaThread "C1 CompilerThread0"         daemon [_thread_blocked, id=24512, stack(0x000000be1c100000,0x000000be1c200000) (1024K)]
  0x0000025641f773f0 JavaThread "Common-Cleaner"             daemon [_thread_blocked, id=23980, stack(0x000000be1c200000,0x000000be1c300000) (1024K)]
  0x0000025643550890 JavaThread "C2 CompilerThread1"         daemon [_thread_in_native, id=18960, stack(0x000000be1c600000,0x000000be1c700000) (1024K)]
  0x00000256435888e0 JavaThread "Notification Thread"        daemon [_thread_blocked, id=23860, stack(0x000000be1c700000,0x000000be1c800000) (1024K)]
  0x0000025648600720 JavaThread "Active Thread: Equinox Container: 421b3359-ac39-4cc3-bddf-fdbc20daba96"        [_thread_blocked, id=4676, stack(0x000000be1d000000,0x000000be1d100000) (1024K)]
  0x00000256481a5760 JavaThread "Refresh Thread: Equinox Container: 421b3359-ac39-4cc3-bddf-fdbc20daba96" daemon [_thread_blocked, id=16720, stack(0x000000be1d200000,0x000000be1d300000) (1024K)]
  0x00000256483aad10 JavaThread "Framework Event Dispatcher: Equinox Container: 421b3359-ac39-4cc3-bddf-fdbc20daba96" daemon [_thread_blocked, id=1128, stack(0x000000be1d300000,0x000000be1d400000) (1024K)]
  0x00000256483b1400 JavaThread "Start Level: Equinox Container: 421b3359-ac39-4cc3-bddf-fdbc20daba96" daemon [_thread_blocked, id=23104, stack(0x000000be1d400000,0x000000be1d500000) (1024K)]
  0x00000256486667b0 JavaThread "Bundle File Closer"         daemon [_thread_blocked, id=4120, stack(0x000000be1d500000,0x000000be1d600000) (1024K)]
  0x00000256488b9ed0 JavaThread "SCR Component Actor"        daemon [_thread_blocked, id=17904, stack(0x000000be1d800000,0x000000be1d900000) (1024K)]
  0x000002564844b710 JavaThread "Worker-JM"                         [_thread_blocked, id=18296, stack(0x000000be1dd00000,0x000000be1de00000) (1024K)]
  0x000002564844b080 JavaThread "JNA Cleaner"                daemon [_thread_blocked, id=8412, stack(0x000000be1de00000,0x000000be1df00000) (1024K)]
  0x000002564844cac0 JavaThread "Worker-0"                          [_thread_blocked, id=3640, stack(0x000000be1df00000,0x000000be1e000000) (1024K)]
  0x000002564844bda0 JavaThread "Worker-1"                          [_thread_blocked, id=23792, stack(0x000000be1e000000,0x000000be1e100000) (1024K)]
  0x000002564844a9f0 JavaThread "Java indexing"              daemon [_thread_in_Java, id=18756, stack(0x000000be1e100000,0x000000be1e200000) (1024K)]
  0x000002564a669010 JavaThread "C2 CompilerThread2"         daemon [_thread_blocked, id=20548, stack(0x000000be1c800000,0x000000be1c900000) (1024K)]
  0x000002564844d150 JavaThread "Worker-2: Java indexing... "        [_thread_blocked, id=6164, stack(0x000000be1cf00000,0x000000be1d000000) (1024K)]
  0x000002564844c430 JavaThread "Worker-3"                          [_thread_blocked, id=10548, stack(0x000000be1e400000,0x000000be1e500000) (1024K)]
  0x000002564844d7e0 JavaThread "Thread-2"                   daemon [_thread_in_native, id=18144, stack(0x000000be1e500000,0x000000be1e600000) (1024K)]
  0x000002564844a360 JavaThread "Thread-3"                   daemon [_thread_in_native, id=6352, stack(0x000000be1e600000,0x000000be1e700000) (1024K)]
  0x000002564a3940b0 JavaThread "Thread-4"                   daemon [_thread_in_native, id=9656, stack(0x000000be1e700000,0x000000be1e800000) (1024K)]
  0x000002564a391fe0 JavaThread "Thread-5"                   daemon [_thread_in_native, id=21264, stack(0x000000be1e800000,0x000000be1e900000) (1024K)]
  0x000002564a393a20 JavaThread "Thread-6"                   daemon [_thread_in_native, id=13432, stack(0x000000be1e900000,0x000000be1ea00000) (1024K)]
  0x000002564a390c30 JavaThread "Thread-7"                   daemon [_thread_in_native, id=21248, stack(0x000000be1ea00000,0x000000be1eb00000) (1024K)]
  0x000002564a392d00 JavaThread "Thread-8"                   daemon [_thread_in_native, id=16880, stack(0x000000be1eb00000,0x000000be1ec00000) (1024K)]
  0x000002564a3912c0 JavaThread "Thread-9"                   daemon [_thread_in_native, id=19624, stack(0x000000be1ec00000,0x000000be1ed00000) (1024K)]
  0x000002564a392670 JavaThread "Thread-10"                  daemon [_thread_in_native, id=18716, stack(0x000000be1ed00000,0x000000be1ee00000) (1024K)]
  0x000002564a391950 JavaThread "Thread-11"                  daemon [_thread_in_native, id=20204, stack(0x000000be1ee00000,0x000000be1ef00000) (1024K)]
  0x000002564a393390 JavaThread "Thread-12"                  daemon [_thread_in_native, id=5180, stack(0x000000be1ef00000,0x000000be1f000000) (1024K)]
  0x000002564a395460 JavaThread "Thread-13"                  daemon [_thread_in_native, id=9564, stack(0x000000be1f000000,0x000000be1f100000) (1024K)]
  0x000002564a394740 JavaThread "Thread-14"                  daemon [_thread_in_native, id=2816, stack(0x000000be1f100000,0x000000be1f200000) (1024K)]
  0x000002564a398250 JavaThread "Thread-15"                  daemon [_thread_in_native, id=24308, stack(0x000000be1f200000,0x000000be1f300000) (1024K)]
  0x000002564a397bc0 JavaThread "Thread-16"                  daemon [_thread_in_native, id=9576, stack(0x000000be1f300000,0x000000be1f400000) (1024K)]
  0x000002564a395af0 JavaThread "Thread-17"                  daemon [_thread_in_native, id=17600, stack(0x000000be1f400000,0x000000be1f500000) (1024K)]
  0x000002564a396ea0 JavaThread "Thread-18"                  daemon [_thread_in_native, id=16164, stack(0x000000be1f500000,0x000000be1f600000) (1024K)]
=>0x0000025649f80d00 JavaThread "C2 CompilerThread3"         daemon [_thread_in_native, id=15404, stack(0x000000be1f600000,0x000000be1f700000) (1024K)]
  0x0000025648a30f20 JavaThread "C2 CompilerThread4"         daemon [_thread_in_native, id=14172, stack(0x000000be1f700000,0x000000be1f800000) (1024K)]
  0x000002564a397530 JavaThread "pool-2-thread-1"                   [_thread_blocked, id=8720, stack(0x000000be1f800000,0x000000be1f900000) (1024K)]
  0x000002564a6c0da0 JavaThread "C2 CompilerThread5"         daemon [_thread_in_native, id=2296, stack(0x000000be1f900000,0x000000be1fa00000) (1024K)]
  0x000002564a396180 JavaThread "Worker-4"                          [_thread_blocked, id=24520, stack(0x000000be1fb00000,0x000000be1fc00000) (1024K)]
  0x000002564a394dd0 JavaThread "Worker-5: Building"                [_thread_in_native, id=3796, stack(0x000000be1fc00000,0x000000be1fd00000) (1024K)]
  0x000002564a396810 JavaThread "WorkspaceEventsHandler"            [_thread_blocked, id=18324, stack(0x000000be1fd00000,0x000000be1fe00000) (1024K)]
  0x000002564b1ebf80 JavaThread "pool-1-thread-1"                   [_thread_blocked, id=13944, stack(0x000000be1fe00000,0x000000be1ff00000) (1024K)]
  0x000002564b1ecca0 JavaThread "LocalFile Deleter"          daemon [_thread_blocked, id=20600, stack(0x000000be20000000,0x000000be20100000) (1024K)]
  0x000002564b1ed330 JavaThread "LocalFile Deleter"          daemon [_thread_blocked, id=23296, stack(0x000000be20100000,0x000000be20200000) (1024K)]
  0x000002564b1ed9c0 JavaThread "LocalFile Deleter"          daemon [_thread_blocked, id=12036, stack(0x000000be20200000,0x000000be20300000) (1024K)]
  0x000002564b1ee050 JavaThread "LocalFile Deleter"          daemon [_thread_blocked, id=16940, stack(0x000000be20300000,0x000000be20400000) (1024K)]
  0x000002564b1ee6e0 JavaThread "LocalFile Deleter"          daemon [_thread_blocked, id=24252, stack(0x000000be20400000,0x000000be20500000) (1024K)]
  0x000002564b1eb8f0 JavaThread "LocalFile Deleter"          daemon [_thread_blocked, id=15960, stack(0x000000be20500000,0x000000be20600000) (1024K)]
  0x000002564b1eb260 JavaThread "LocalFile Deleter"          daemon [_thread_blocked, id=24440, stack(0x000000be20600000,0x000000be20700000) (1024K)]
  0x000002564b1eed70 JavaThread "LocalFile Deleter"          daemon [_thread_blocked, id=16884, stack(0x000000be20700000,0x000000be20800000) (1024K)]
  0x000002564b1f14d0 JavaThread "LocalFile Deleter"          daemon [_thread_blocked, id=15372, stack(0x000000be20800000,0x000000be20900000) (1024K)]
  0x000002564b1f0120 JavaThread "LocalFile Deleter"          daemon [_thread_blocked, id=22712, stack(0x000000be20900000,0x000000be20a00000) (1024K)]
  0x000002564b1f2880 JavaThread "LocalFile Deleter"          daemon [_thread_blocked, id=8152, stack(0x000000be20a00000,0x000000be20b00000) (1024K)]
  0x000002564b1f21f0 JavaThread "LocalFile Deleter"          daemon [_thread_blocked, id=16116, stack(0x000000be20b00000,0x000000be20c00000) (1024K)]
  0x000002564b1ef400 JavaThread "LocalFile Deleter"          daemon [_thread_blocked, id=2552, stack(0x000000be20c00000,0x000000be20d00000) (1024K)]
  0x000002564b1efa90 JavaThread "LocalFile Deleter"          daemon [_thread_blocked, id=13976, stack(0x000000be20d00000,0x000000be20e00000) (1024K)]
  0x000002564b1f07b0 JavaThread "LocalFile Deleter"          daemon [_thread_blocked, id=10956, stack(0x000000be20e00000,0x000000be20f00000) (1024K)]
  0x000002564b1f0e40 JavaThread "LocalFile Deleter"          daemon [_thread_blocked, id=5632, stack(0x000000be20f00000,0x000000be21000000) (1024K)]
  0x000002564b1f1b60 JavaThread "Compiler Source File Reader" daemon [_thread_blocked, id=12780, stack(0x000000be21000000,0x000000be21100000) (1024K)]
  0x00000256542bed80 JavaThread "Compiler Source File Reader" daemon [_thread_blocked, id=2760, stack(0x000000be21100000,0x000000be21200000) (1024K)]
  0x00000256542c0e50 JavaThread "Compiler Source File Reader" daemon [_thread_blocked, id=19200, stack(0x000000be21200000,0x000000be21300000) (1024K)]
  0x00000256542c07c0 JavaThread "Compiler Source File Reader" daemon [_thread_blocked, id=1056, stack(0x000000be21300000,0x000000be21400000) (1024K)]
  0x00000256542c0130 JavaThread "Compiler Source File Reader" daemon [_thread_blocked, id=20712, stack(0x000000be21400000,0x000000be21500000) (1024K)]
  0x00000256542bfaa0 JavaThread "Compiler Source File Reader" daemon [_thread_blocked, id=18884, stack(0x000000be21500000,0x000000be21600000) (1024K)]
  0x00000256542be060 JavaThread "Compiler Source File Reader" daemon [_thread_blocked, id=6168, stack(0x000000be21600000,0x000000be21700000) (1024K)]
  0x00000256542c14e0 JavaThread "Compiler Source File Reader" daemon [_thread_blocked, id=12744, stack(0x000000be21700000,0x000000be21800000) (1024K)]
  0x00000256542c1b70 JavaThread "Compiler Source File Reader" daemon [_thread_blocked, id=17312, stack(0x000000be21800000,0x000000be21900000) (1024K)]
  0x00000256542be6f0 JavaThread "Compiler Source File Reader" daemon [_thread_blocked, id=23132, stack(0x000000be21900000,0x000000be21a00000) (1024K)]
  0x00000256542c2200 JavaThread "Compiler Source File Reader" daemon [_thread_blocked, id=2828, stack(0x000000be21a00000,0x000000be21b00000) (1024K)]
  0x00000256542c2890 JavaThread "Compiler Source File Reader" daemon [_thread_blocked, id=21664, stack(0x000000be21b00000,0x000000be21c00000) (1024K)]
  0x00000256542bf410 JavaThread "Compiler Source File Reader" daemon [_thread_blocked, id=15100, stack(0x000000be21c00000,0x000000be21d00000) (1024K)]
  0x00000256542c2f20 JavaThread "Compiler Source File Reader" daemon [_thread_blocked, id=23192, stack(0x000000be21d00000,0x000000be21e00000) (1024K)]
  0x0000025643590820 JavaThread "C1 CompilerThread1"         daemon [_thread_blocked, id=15388, stack(0x000000be1c300000,0x000000be1c400000) (1024K)]
  0x0000025643c600c0 JavaThread "C2 CompilerThread6"         daemon [_thread_in_native, id=23680, stack(0x000000be1d900000,0x000000be1da00000) (1024K)]
  0x0000025658b5e850 JavaThread "C2 CompilerThread7"         daemon [_thread_in_native, id=6120, stack(0x000000be1fa00000,0x000000be1fb00000) (1024K)]
Total: 84

Other Threads:
  0x0000025641e62a20 VMThread "VM Thread"                           [id=8528, stack(0x000000be1b900000,0x000000be1ba00000) (1024K)]
  0x000002567f60ca00 WatcherThread "VM Periodic Task Thread"        [id=8968, stack(0x000000be1b800000,0x000000be1b900000) (1024K)]
  0x000002566b35b480 WorkerThread "GC Thread#0"                     [id=21636, stack(0x000000be1b700000,0x000000be1b800000) (1024K)]
  0x0000025643abc590 WorkerThread "GC Thread#1"                     [id=2008, stack(0x000000be1c900000,0x000000be1ca00000) (1024K)]
  0x0000025643abb710 WorkerThread "GC Thread#2"                     [id=11604, stack(0x000000be1ca00000,0x000000be1cb00000) (1024K)]
  0x0000025643abbab0 WorkerThread "GC Thread#3"                     [id=21940, stack(0x000000be1cb00000,0x000000be1cc00000) (1024K)]
  0x0000025643abbe50 WorkerThread "GC Thread#4"                     [id=10392, stack(0x000000be1cc00000,0x000000be1cd00000) (1024K)]
  0x0000025643abc930 WorkerThread "GC Thread#5"                     [id=8588, stack(0x000000be1cd00000,0x000000be1ce00000) (1024K)]
  0x0000025643abccd0 WorkerThread "GC Thread#6"                     [id=22012, stack(0x000000be1ce00000,0x000000be1cf00000) (1024K)]
  0x0000025643abb370 WorkerThread "GC Thread#7"                     [id=12580, stack(0x000000be1d100000,0x000000be1d200000) (1024K)]
  0x0000025648165e90 WorkerThread "GC Thread#8"                     [id=9864, stack(0x000000be1d600000,0x000000be1d700000) (1024K)]
  0x0000025648166d10 WorkerThread "GC Thread#9"                     [id=11576, stack(0x000000be1d700000,0x000000be1d800000) (1024K)]
  0x00000256481670b0 WorkerThread "GC Thread#10"                    [id=6064, stack(0x000000be1da00000,0x000000be1db00000) (1024K)]
  0x0000025648166230 WorkerThread "GC Thread#11"                    [id=2692, stack(0x000000be1db00000,0x000000be1dc00000) (1024K)]
  0x0000025648166970 WorkerThread "GC Thread#12"                    [id=20184, stack(0x000000be1dc00000,0x000000be1dd00000) (1024K)]
Total: 15

Threads with active compile tasks:
C2 CompilerThread0  21709 9599   !   4       lombok.core.FieldAugment$ReflectionFieldAugment::getAndSet (80 bytes)
C2 CompilerThread1  21709 10297       4       org.eclipse.jdt.internal.core.index.DiskIndex::writeStreamChars (220 bytes)
C2 CompilerThread3  21709 9585       4       lombok.eclipse.handlers.EclipseHandlerUtil::setGeneratedBy (10 bytes)
C2 CompilerThread4  21709 9779   !   4       lombok.core.AST::buildWithField0 (121 bytes)
C2 CompilerThread5  21709 9780       4       lombok.eclipse.EclipseAST::buildStatement (57 bytes)
C2 CompilerThread6  21709 9778       4       lombok.core.AST::buildWithField (21 bytes)
C2 CompilerThread7  21710 9858       4       lombok.eclipse.EclipseAST::drill (80 bytes)
Total: 7

VM state: not at safepoint (normal execution)

VM Mutex/Monitor currently owned by a thread: None

Heap address: 0x00000000c0000000, size: 1024 MB, Compressed Oops mode: 32-bit

CDS archive(s) mapped at: [0x0000025600000000-0x0000025600ba0000-0x0000025600ba0000), size 12189696, SharedBaseAddress: 0x0000025600000000, ArchiveRelocationMode: 1.
Compressed class space mapped at: 0x0000025601000000-0x0000025641000000, reserved size: 1073741824
Narrow klass base: 0x0000025600000000, Narrow klass shift: 0, Narrow klass range: 0x100000000

GC Precious Log:
 CardTable entry size: 512
 CPUs: 16 total, 16 available
 Memory: 15752M
 Large Page Support: Disabled
 NUMA Support: Disabled
 Compressed Oops: Enabled (32-bit)
 Alignments: Space 512K, Generation 512K, Heap 2M
 Heap Min Capacity: 100M
 Heap Initial Capacity: 100M
 Heap Max Capacity: 1G
 Pre-touch: Disabled
 Parallel Workers: 13

Heap:
 PSYoungGen      total 7680K, used 5066K [0x00000000eab00000, 0x00000000eb500000, 0x0000000100000000)
  eden space 5120K, 52% used [0x00000000eab00000,0x00000000eada2a80,0x00000000eb000000)
  from space 2560K, 92% used [0x00000000eb100000,0x00000000eb350000,0x00000000eb380000)
  to   space 1536K, 0% used [0x00000000eb380000,0x00000000eb380000,0x00000000eb500000)
 ParOldGen       total 343552K, used 343397K [0x00000000c0000000, 0x00000000d4f80000, 0x00000000eab00000)
  object space 343552K, 99% used [0x00000000c0000000,0x00000000d4f59630,0x00000000d4f80000)
 Metaspace       used 57708K, committed 59008K, reserved 1114112K
  class space    used 5902K, committed 6464K, reserved 1048576K

Card table byte_map: [0x000002566ace0000,0x000002566aef0000] _byte_map_base: 0x000002566a6e0000

Marking Bits: (ParMarkBitMap*) 0x00007ffb2fc83260
 Begin Bits: [0x000002567d530000, 0x000002567e530000)
 End Bits:   [0x000002567e530000, 0x000002567f530000)

Polling page: 0x0000025668f80000

Metaspace:

Usage:
  Non-class:     50.59 MB used.
      Class:      5.76 MB used.
       Both:     56.36 MB used.

Virtual space:
  Non-class space:       64.00 MB reserved,      51.31 MB ( 80%) committed,  1 nodes.
      Class space:        1.00 GB reserved,       6.31 MB ( <1%) committed,  1 nodes.
             Both:        1.06 GB reserved,      57.62 MB (  5%) committed. 

Chunk freelists:
   Non-Class:  11.98 MB
       Class:  9.67 MB
        Both:  21.65 MB

MaxMetaspaceSize: unlimited
CompressedClassSpaceSize: 1.00 GB
Initial GC threshold: 21.00 MB
Current GC threshold: 90.62 MB
CDS: on
 - commit_granule_bytes: 65536.
 - commit_granule_words: 8192.
 - virtual_space_node_default_size: 8388608.
 - enlarge_chunks_in_place: 1.
 - use_allocation_guard: 0.


Internal statistics:

num_allocs_failed_limit: 6.
num_arena_births: 1126.
num_arena_deaths: 14.
num_vsnodes_births: 2.
num_vsnodes_deaths: 0.
num_space_committed: 921.
num_space_uncommitted: 0.
num_chunks_returned_to_freelist: 20.
num_chunks_taken_from_freelist: 3811.
num_chunk_merges: 10.
num_chunk_splits: 2328.
num_chunks_enlarged: 1314.
num_inconsistent_stats: 0.

CodeHeap 'non-profiled nmethods': size=119168Kb used=6934Kb max_used=6934Kb free=112233Kb
 bounds [0x00000256760d0000, 0x00000256767a0000, 0x000002567d530000]
CodeHeap 'profiled nmethods': size=119104Kb used=21733Kb max_used=21733Kb free=97370Kb
 bounds [0x000002566e530000, 0x000002566fa70000, 0x0000025675980000]
CodeHeap 'non-nmethods': size=7488Kb used=1978Kb max_used=3184Kb free=5509Kb
 bounds [0x0000025675980000, 0x0000025675cb0000, 0x00000256760d0000]
 total_blobs=10118 nmethods=9392 adapters=631
 compilation: enabled
              stopped_count=0, restarted_count=0
 full_count=0

Compilation events (20 events):
Event: 20.644 Thread 0x0000025641e840c0 nmethod 10282 0x000002566fa61190 code [0x000002566fa61340, 0x000002566fa61628]
Event: 20.647 Thread 0x0000025643550890 nmethod 10224% 0x0000025676788790 code [0x0000025676788b40, 0x000002567678b458]
Event: 20.652 Thread 0x0000025643550890 10281       4       org.eclipse.jdt.internal.core.index.DiskIndex::writeStreamChars (285 bytes)
Event: 20.659 Thread 0x000002564a669010 nmethod 10280 0x000002567678c890 code [0x000002567678ca80, 0x000002567678d2c0]
Event: 20.659 Thread 0x000002564a669010 10283 %     4       org.eclipse.jdt.internal.core.index.DiskIndex::writeCategoryTable @ 154 (252 bytes)
Event: 20.662 Thread 0x0000025643550890 nmethod 10281 0x000002567678d710 code [0x000002567678d8c0, 0x000002567678de28]
Event: 20.662 Thread 0x0000025643550890 9980       4       org.eclipse.jdt.internal.compiler.parser.Scanner::getCurrentIdentifierSource (73 bytes)
Event: 20.663 Thread 0x0000025643550890 nmethod 9980 0x000002567678e010 code [0x000002567678e1a0, 0x000002567678e2c8]
Event: 20.663 Thread 0x0000025643550890 9906       4       lombok.core.AST::fieldsOf (69 bytes)
Event: 20.670 Thread 0x0000025643550890 nmethod 9906 0x000002567678e410 code [0x000002567678e640, 0x000002567678eb70]
Event: 20.671 Thread 0x0000025643550890 9860       4       org.eclipse.jdt.internal.compiler.ast.SingleTypeReference::getTypeName (12 bytes)
Event: 20.671 Thread 0x0000025641e840c0 10286 %     3       org.eclipse.jdt.internal.core.index.DiskIndex::writeDocumentNumbers @ 293 (384 bytes)
Event: 20.671 Thread 0x0000025643550890 nmethod 9860 0x000002567678f090 code [0x000002567678f220, 0x000002567678f330]
Event: 20.671 Thread 0x0000025643550890 10284   !   4       java.io.BufferedOutputStream::write (73 bytes)
Event: 20.672 Thread 0x0000025641e840c0 nmethod 10286% 0x000002566fa61710 code [0x000002566fa619c0, 0x000002566fa627e0]
Event: 20.672 Thread 0x0000025654bf4000 10287 %     3       org.eclipse.jdt.internal.core.index.DiskIndex::writeDocumentNumbers @ 197 (384 bytes)
Event: 20.674 Thread 0x0000025654bf4000 nmethod 10287% 0x000002566fa62e10 code [0x000002566fa630c0, 0x000002566fa63f90]
Event: 20.674 Thread 0x0000025654bf4000 10288       3       org.eclipse.jdt.internal.core.index.DiskIndex::writeDocumentNumbers (384 bytes)
Event: 20.675 Thread 0x0000025654bf4000 nmethod 10288 0x000002566fa64610 code [0x000002566fa648a0, 0x000002566fa655c8]
Event: 20.698 Thread 0x0000025641e840c0 10291       1       org.eclipse.jdt.apt.core.internal.util.FactoryPath$Attributes::runInBatchMode (5 bytes)

GC Heap History (20 events):
Event: 20.221 GC heap before
{Heap before GC invocations=219 (full 3):
 PSYoungGen      total 6656K, used 5344K [0x00000000eab00000, 0x00000000ebb00000, 0x0000000100000000)
  eden space 4096K, 99% used [0x00000000eab00000,0x00000000eaeff168,0x00000000eaf00000)
  from space 2560K, 48% used [0x00000000eb600000,0x00000000eb738fe0,0x00000000eb880000)
  to   space 1536K, 0% used [0x00000000eb980000,0x00000000eb980000,0x00000000ebb00000)
 ParOldGen       total 323072K, used 322699K [0x00000000c0000000, 0x00000000d3b80000, 0x00000000eab00000)
  object space 323072K, 99% used [0x00000000c0000000,0x00000000d3b22fd8,0x00000000d3b80000)
 Metaspace       used 56798K, committed 58048K, reserved 1114112K
  class space    used 5851K, committed 6400K, reserved 1048576K
}
Event: 20.223 GC heap after
{Heap after GC invocations=219 (full 3):
 PSYoungGen      total 6656K, used 1511K [0x00000000eab00000, 0x00000000ebb00000, 0x0000000100000000)
  eden space 5120K, 0% used [0x00000000eab00000,0x00000000eab00000,0x00000000eb000000)
  from space 1536K, 98% used [0x00000000eb980000,0x00000000ebaf9d80,0x00000000ebb00000)
  to   space 3584K, 0% used [0x00000000eb400000,0x00000000eb400000,0x00000000eb780000)
 ParOldGen       total 324096K, used 324083K [0x00000000c0000000, 0x00000000d3c80000, 0x00000000eab00000)
  object space 324096K, 99% used [0x00000000c0000000,0x00000000d3c7cfc0,0x00000000d3c80000)
 Metaspace       used 56798K, committed 58048K, reserved 1114112K
  class space    used 5851K, committed 6400K, reserved 1048576K
}
Event: 20.244 GC heap before
{Heap before GC invocations=220 (full 3):
 PSYoungGen      total 6656K, used 6631K [0x00000000eab00000, 0x00000000ebb00000, 0x0000000100000000)
  eden space 5120K, 100% used [0x00000000eab00000,0x00000000eb000000,0x00000000eb000000)
  from space 1536K, 98% used [0x00000000eb980000,0x00000000ebaf9d80,0x00000000ebb00000)
  to   space 3584K, 0% used [0x00000000eb400000,0x00000000eb400000,0x00000000eb780000)
 ParOldGen       total 324096K, used 324083K [0x00000000c0000000, 0x00000000d3c80000, 0x00000000eab00000)
  object space 324096K, 99% used [0x00000000c0000000,0x00000000d3c7cfc0,0x00000000d3c80000)
 Metaspace       used 56841K, committed 58112K, reserved 1114112K
  class space    used 5853K, committed 6400K, reserved 1048576K
}
Event: 20.247 GC heap after
{Heap after GC invocations=220 (full 3):
 PSYoungGen      total 9728K, used 1611K [0x00000000eab00000, 0x00000000eba00000, 0x0000000100000000)
  eden space 6144K, 0% used [0x00000000eab00000,0x00000000eab00000,0x00000000eb100000)
  from space 3584K, 44% used [0x00000000eb400000,0x00000000eb592f58,0x00000000eb780000)
  to   space 2560K, 0% used [0x00000000eb780000,0x00000000eb780000,0x00000000eba00000)
 ParOldGen       total 325632K, used 325569K [0x00000000c0000000, 0x00000000d3e00000, 0x00000000eab00000)
  object space 325632K, 99% used [0x00000000c0000000,0x00000000d3df05c0,0x00000000d3e00000)
 Metaspace       used 56841K, committed 58112K, reserved 1114112K
  class space    used 5853K, committed 6400K, reserved 1048576K
}
Event: 20.270 GC heap before
{Heap before GC invocations=221 (full 3):
 PSYoungGen      total 9728K, used 7755K [0x00000000eab00000, 0x00000000eba00000, 0x0000000100000000)
  eden space 6144K, 100% used [0x00000000eab00000,0x00000000eb100000,0x00000000eb100000)
  from space 3584K, 44% used [0x00000000eb400000,0x00000000eb592f58,0x00000000eb780000)
  to   space 2560K, 0% used [0x00000000eb780000,0x00000000eb780000,0x00000000eba00000)
 ParOldGen       total 325632K, used 325569K [0x00000000c0000000, 0x00000000d3e00000, 0x00000000eab00000)
  object space 325632K, 99% used [0x00000000c0000000,0x00000000d3df05c0,0x00000000d3e00000)
 Metaspace       used 56918K, committed 58176K, reserved 1114112K
  class space    used 5856K, committed 6400K, reserved 1048576K
}
Event: 20.272 GC heap after
{Heap after GC invocations=221 (full 3):
 PSYoungGen      total 8192K, used 1747K [0x00000000eab00000, 0x00000000eb980000, 0x0000000100000000)
  eden space 6144K, 0% used [0x00000000eab00000,0x00000000eab00000,0x00000000eb100000)
  from space 2048K, 85% used [0x00000000eb780000,0x00000000eb934ff0,0x00000000eb980000)
  to   space 2048K, 0% used [0x00000000eb580000,0x00000000eb580000,0x00000000eb780000)
 ParOldGen       total 327168K, used 326960K [0x00000000c0000000, 0x00000000d3f80000, 0x00000000eab00000)
  object space 327168K, 99% used [0x00000000c0000000,0x00000000d3f4c3f8,0x00000000d3f80000)
 Metaspace       used 56918K, committed 58176K, reserved 1114112K
  class space    used 5856K, committed 6400K, reserved 1048576K
}
Event: 20.298 GC heap before
{Heap before GC invocations=222 (full 3):
 PSYoungGen      total 8192K, used 7891K [0x00000000eab00000, 0x00000000eb980000, 0x0000000100000000)
  eden space 6144K, 100% used [0x00000000eab00000,0x00000000eb100000,0x00000000eb100000)
  from space 2048K, 85% used [0x00000000eb780000,0x00000000eb934ff0,0x00000000eb980000)
  to   space 2048K, 0% used [0x00000000eb580000,0x00000000eb580000,0x00000000eb780000)
 ParOldGen       total 327168K, used 326960K [0x00000000c0000000, 0x00000000d3f80000, 0x00000000eab00000)
  object space 327168K, 99% used [0x00000000c0000000,0x00000000d3f4c3f8,0x00000000d3f80000)
 Metaspace       used 56957K, committed 58240K, reserved 1114112K
  class space    used 5856K, committed 6400K, reserved 1048576K
}
Event: 20.300 GC heap after
{Heap after GC invocations=222 (full 3):
 PSYoungGen      total 8192K, used 2023K [0x00000000eab00000, 0x00000000eba00000, 0x0000000100000000)
  eden space 6144K, 0% used [0x00000000eab00000,0x00000000eab00000,0x00000000eb100000)
  from space 2048K, 98% used [0x00000000eb580000,0x00000000eb779ed8,0x00000000eb780000)
  to   space 2560K, 0% used [0x00000000eb780000,0x00000000eb780000,0x00000000eba00000)
 ParOldGen       total 329216K, used 328963K [0x00000000c0000000, 0x00000000d4180000, 0x00000000eab00000)
  object space 329216K, 99% used [0x00000000c0000000,0x00000000d4140e80,0x00000000d4180000)
 Metaspace       used 56957K, committed 58240K, reserved 1114112K
  class space    used 5856K, committed 6400K, reserved 1048576K
}
Event: 20.319 GC heap before
{Heap before GC invocations=223 (full 3):
 PSYoungGen      total 8192K, used 8167K [0x00000000eab00000, 0x00000000eba00000, 0x0000000100000000)
  eden space 6144K, 100% used [0x00000000eab00000,0x00000000eb100000,0x00000000eb100000)
  from space 2048K, 98% used [0x00000000eb580000,0x00000000eb779ed8,0x00000000eb780000)
  to   space 2560K, 0% used [0x00000000eb780000,0x00000000eb780000,0x00000000eba00000)
 ParOldGen       total 329216K, used 328963K [0x00000000c0000000, 0x00000000d4180000, 0x00000000eab00000)
  object space 329216K, 99% used [0x00000000c0000000,0x00000000d4140e80,0x00000000d4180000)
 Metaspace       used 56990K, committed 58304K, reserved 1114112K
  class space    used 5859K, committed 6400K, reserved 1048576K
}
Event: 20.322 GC heap after
{Heap after GC invocations=223 (full 3):
 PSYoungGen      total 8192K, used 1970K [0x00000000eab00000, 0x00000000eb980000, 0x0000000100000000)
  eden space 6144K, 0% used [0x00000000eab00000,0x00000000eab00000,0x00000000eb100000)
  from space 2048K, 96% used [0x00000000eb780000,0x00000000eb96ca08,0x00000000eb980000)
  to   space 3072K, 0% used [0x00000000eb380000,0x00000000eb380000,0x00000000eb680000)
 ParOldGen       total 331264K, used 330981K [0x00000000c0000000, 0x00000000d4380000, 0x00000000eab00000)
  object space 331264K, 99% used [0x00000000c0000000,0x00000000d4339788,0x00000000d4380000)
 Metaspace       used 56990K, committed 58304K, reserved 1114112K
  class space    used 5859K, committed 6400K, reserved 1048576K
}
Event: 20.351 GC heap before
{Heap before GC invocations=224 (full 3):
 PSYoungGen      total 8192K, used 8114K [0x00000000eab00000, 0x00000000eb980000, 0x0000000100000000)
  eden space 6144K, 99% used [0x00000000eab00000,0x00000000eb0ffff8,0x00000000eb100000)
  from space 2048K, 96% used [0x00000000eb780000,0x00000000eb96ca08,0x00000000eb980000)
  to   space 3072K, 0% used [0x00000000eb380000,0x00000000eb380000,0x00000000eb680000)
 ParOldGen       total 331264K, used 330981K [0x00000000c0000000, 0x00000000d4380000, 0x00000000eab00000)
  object space 331264K, 99% used [0x00000000c0000000,0x00000000d4339788,0x00000000d4380000)
 Metaspace       used 57030K, committed 58304K, reserved 1114112K
  class space    used 5863K, committed 6400K, reserved 1048576K
}
Event: 20.354 GC heap after
{Heap after GC invocations=224 (full 3):
 PSYoungGen      total 9216K, used 2667K [0x00000000eab00000, 0x00000000eb800000, 0x0000000100000000)
  eden space 6144K, 0% used [0x00000000eab00000,0x00000000eab00000,0x00000000eb100000)
  from space 3072K, 86% used [0x00000000eb380000,0x00000000eb61afa0,0x00000000eb680000)
  to   space 1536K, 0% used [0x00000000eb680000,0x00000000eb680000,0x00000000eb800000)
 ParOldGen       total 332800K, used 332789K [0x00000000c0000000, 0x00000000d4500000, 0x00000000eab00000)
  object space 332800K, 99% used [0x00000000c0000000,0x00000000d44fd6a8,0x00000000d4500000)
 Metaspace       used 57030K, committed 58304K, reserved 1114112K
  class space    used 5863K, committed 6400K, reserved 1048576K
}
Event: 20.427 GC heap before
{Heap before GC invocations=225 (full 3):
 PSYoungGen      total 9216K, used 8811K [0x00000000eab00000, 0x00000000eb800000, 0x0000000100000000)
  eden space 6144K, 100% used [0x00000000eab00000,0x00000000eb100000,0x00000000eb100000)
  from space 3072K, 86% used [0x00000000eb380000,0x00000000eb61afa0,0x00000000eb680000)
  to   space 1536K, 0% used [0x00000000eb680000,0x00000000eb680000,0x00000000eb800000)
 ParOldGen       total 332800K, used 332789K [0x00000000c0000000, 0x00000000d4500000, 0x00000000eab00000)
  object space 332800K, 99% used [0x00000000c0000000,0x00000000d44fd6a8,0x00000000d4500000)
 Metaspace       used 57274K, committed 58496K, reserved 1114112K
  class space    used 5886K, committed 6400K, reserved 1048576K
}
Event: 20.431 GC heap after
{Heap after GC invocations=225 (full 3):
 PSYoungGen      total 6656K, used 1511K [0x00000000eab00000, 0x00000000ebe00000, 0x0000000100000000)
  eden space 5120K, 0% used [0x00000000eab00000,0x00000000eab00000,0x00000000eb000000)
  from space 1536K, 98% used [0x00000000eb680000,0x00000000eb7f9d80,0x00000000eb800000)
  to   space 6656K, 0% used [0x00000000eb000000,0x00000000eb000000,0x00000000eb680000)
 ParOldGen       total 337408K, used 337131K [0x00000000c0000000, 0x00000000d4980000, 0x00000000eab00000)
  object space 337408K, 99% used [0x00000000c0000000,0x00000000d493af70,0x00000000d4980000)
 Metaspace       used 57274K, committed 58496K, reserved 1114112K
  class space    used 5886K, committed 6400K, reserved 1048576K
}
Event: 20.479 GC heap before
{Heap before GC invocations=226 (full 3):
 PSYoungGen      total 6656K, used 6631K [0x00000000eab00000, 0x00000000ebe00000, 0x0000000100000000)
  eden space 5120K, 100% used [0x00000000eab00000,0x00000000eb000000,0x00000000eb000000)
  from space 1536K, 98% used [0x00000000eb680000,0x00000000eb7f9d80,0x00000000eb800000)
  to   space 6656K, 0% used [0x00000000eb000000,0x00000000eb000000,0x00000000eb680000)
 ParOldGen       total 337408K, used 337131K [0x00000000c0000000, 0x00000000d4980000, 0x00000000eab00000)
  object space 337408K, 99% used [0x00000000c0000000,0x00000000d493af70,0x00000000d4980000)
 Metaspace       used 57461K, committed 58688K, reserved 1114112K
  class space    used 5896K, committed 6400K, reserved 1048576K
}
Event: 20.482 GC heap after
{Heap after GC invocations=226 (full 3):
 PSYoungGen      total 9216K, used 3587K [0x00000000eab00000, 0x00000000eb900000, 0x0000000100000000)
  eden space 5120K, 0% used [0x00000000eab00000,0x00000000eab00000,0x00000000eb000000)
  from space 4096K, 87% used [0x00000000eb000000,0x00000000eb380f70,0x00000000eb400000)
  to   space 4608K, 0% used [0x00000000eb480000,0x00000000eb480000,0x00000000eb900000)
 ParOldGen       total 338944K, used 338697K [0x00000000c0000000, 0x00000000d4b00000, 0x00000000eab00000)
  object space 338944K, 99% used [0x00000000c0000000,0x00000000d4ac2740,0x00000000d4b00000)
 Metaspace       used 57461K, committed 58688K, reserved 1114112K
  class space    used 5896K, committed 6400K, reserved 1048576K
}
Event: 20.534 GC heap before
{Heap before GC invocations=227 (full 3):
 PSYoungGen      total 9216K, used 8707K [0x00000000eab00000, 0x00000000eb900000, 0x0000000100000000)
  eden space 5120K, 100% used [0x00000000eab00000,0x00000000eb000000,0x00000000eb000000)
  from space 4096K, 87% used [0x00000000eb000000,0x00000000eb380f70,0x00000000eb400000)
  to   space 4608K, 0% used [0x00000000eb480000,0x00000000eb480000,0x00000000eb900000)
 ParOldGen       total 338944K, used 338697K [0x00000000c0000000, 0x00000000d4b00000, 0x00000000eab00000)
  object space 338944K, 99% used [0x00000000c0000000,0x00000000d4ac2740,0x00000000d4b00000)
 Metaspace       used 57608K, committed 58880K, reserved 1114112K
  class space    used 5897K, committed 6464K, reserved 1048576K
}
Event: 20.538 GC heap after
{Heap after GC invocations=227 (full 3):
 PSYoungGen      total 6656K, used 1510K [0x00000000eab00000, 0x00000000eb600000, 0x0000000100000000)
  eden space 5120K, 0% used [0x00000000eab00000,0x00000000eab00000,0x00000000eb000000)
  from space 1536K, 98% used [0x00000000eb480000,0x00000000eb5f98b0,0x00000000eb600000)
  to   space 2560K, 0% used [0x00000000eb100000,0x00000000eb100000,0x00000000eb380000)
 ParOldGen       total 343040K, used 342053K [0x00000000c0000000, 0x00000000d4f00000, 0x00000000eab00000)
  object space 343040K, 99% used [0x00000000c0000000,0x00000000d4e09630,0x00000000d4f00000)
 Metaspace       used 57608K, committed 58880K, reserved 1114112K
  class space    used 5897K, committed 6464K, reserved 1048576K
}
Event: 20.608 GC heap before
{Heap before GC invocations=228 (full 3):
 PSYoungGen      total 6656K, used 6630K [0x00000000eab00000, 0x00000000eb600000, 0x0000000100000000)
  eden space 5120K, 99% used [0x00000000eab00000,0x00000000eafffff0,0x00000000eb000000)
  from space 1536K, 98% used [0x00000000eb480000,0x00000000eb5f98b0,0x00000000eb600000)
  to   space 2560K, 0% used [0x00000000eb100000,0x00000000eb100000,0x00000000eb380000)
 ParOldGen       total 343040K, used 342053K [0x00000000c0000000, 0x00000000d4f00000, 0x00000000eab00000)
  object space 343040K, 99% used [0x00000000c0000000,0x00000000d4e09630,0x00000000d4f00000)
 Metaspace       used 57694K, committed 59008K, reserved 1114112K
  class space    used 5900K, committed 6464K, reserved 1048576K
}
Event: 20.612 GC heap after
{Heap after GC invocations=228 (full 3):
 PSYoungGen      total 7680K, used 2368K [0x00000000eab00000, 0x00000000eb500000, 0x0000000100000000)
  eden space 5120K, 0% used [0x00000000eab00000,0x00000000eab00000,0x00000000eb000000)
  from space 2560K, 92% used [0x00000000eb100000,0x00000000eb350000,0x00000000eb380000)
  to   space 1536K, 0% used [0x00000000eb380000,0x00000000eb380000,0x00000000eb500000)
 ParOldGen       total 343552K, used 343397K [0x00000000c0000000, 0x00000000d4f80000, 0x00000000eab00000)
  object space 343552K, 99% used [0x00000000c0000000,0x00000000d4f59630,0x00000000d4f80000)
 Metaspace       used 57694K, committed 59008K, reserved 1114112K
  class space    used 5900K, committed 6464K, reserved 1048576K
}

Dll operation events (10 events):
Event: 0.008 Loaded shared library c:\Users\MSI\.vscode\extensions\redhat.java-1.41.1-win32-x64\jre\21.0.6-win32-x86_64\bin\java.dll
Event: 0.042 Loaded shared library c:\Users\MSI\.vscode\extensions\redhat.java-1.41.1-win32-x64\jre\21.0.6-win32-x86_64\bin\zip.dll
Event: 0.098 Loaded shared library C:\Users\MSI\.vscode\extensions\redhat.java-1.41.1-win32-x64\jre\21.0.6-win32-x86_64\bin\instrument.dll
Event: 0.102 Loaded shared library C:\Users\MSI\.vscode\extensions\redhat.java-1.41.1-win32-x64\jre\21.0.6-win32-x86_64\bin\net.dll
Event: 0.104 Loaded shared library C:\Users\MSI\.vscode\extensions\redhat.java-1.41.1-win32-x64\jre\21.0.6-win32-x86_64\bin\nio.dll
Event: 0.107 Loaded shared library C:\Users\MSI\.vscode\extensions\redhat.java-1.41.1-win32-x64\jre\21.0.6-win32-x86_64\bin\zip.dll
Event: 0.123 Loaded shared library C:\Users\MSI\.vscode\extensions\redhat.java-1.41.1-win32-x64\jre\21.0.6-win32-x86_64\bin\jimage.dll
Event: 0.181 Loaded shared library c:\Users\MSI\.vscode\extensions\redhat.java-1.41.1-win32-x64\jre\21.0.6-win32-x86_64\bin\verify.dll
Event: 0.967 Loaded shared library C:\Users\MSI\AppData\Roaming\Code\User\globalStorage\redhat.java\1.41.1\config_win\org.eclipse.equinox.launcher\org.eclipse.equinox.launcher.win32.win32.x86_64_1.2.1300.v20250331-1702\eclipse_11911.dll
Event: 1.933 Loaded shared library C:\Users\MSI\AppData\Local\Temp\jna-76643\jna7694347639318725277.dll

Deoptimization events (20 events):
Event: 20.658 Thread 0x000002564844a9f0 DEOPT PACKING pc=0x000002566fa60e12 sp=0x000000be1e1fecc0
Event: 20.658 Thread 0x000002564844a9f0 DEOPT UNPACKING pc=0x00000256759d4242 sp=0x000000be1e1fe128 mode 0
Event: 20.658 Thread 0x000002564844a9f0 DEOPT PACKING pc=0x000002566fa60e12 sp=0x000000be1e1fecc0
Event: 20.658 Thread 0x000002564844a9f0 DEOPT UNPACKING pc=0x00000256759d4242 sp=0x000000be1e1fe128 mode 0
Event: 20.658 Thread 0x000002564844a9f0 DEOPT PACKING pc=0x000002566fa60e12 sp=0x000000be1e1fecc0
Event: 20.658 Thread 0x000002564844a9f0 DEOPT UNPACKING pc=0x00000256759d4242 sp=0x000000be1e1fe128 mode 0
Event: 20.658 Thread 0x000002564844a9f0 DEOPT PACKING pc=0x000002566fa60e12 sp=0x000000be1e1fecc0
Event: 20.658 Thread 0x000002564844a9f0 DEOPT UNPACKING pc=0x00000256759d4242 sp=0x000000be1e1fe128 mode 0
Event: 20.659 Thread 0x000002564844a9f0 DEOPT PACKING pc=0x000002566fa60e12 sp=0x000000be1e1fecc0
Event: 20.659 Thread 0x000002564844a9f0 DEOPT UNPACKING pc=0x00000256759d4242 sp=0x000000be1e1fe128 mode 0
Event: 20.659 Thread 0x000002564844a9f0 DEOPT PACKING pc=0x000002566fa60e12 sp=0x000000be1e1fecc0
Event: 20.659 Thread 0x000002564844a9f0 DEOPT UNPACKING pc=0x00000256759d4242 sp=0x000000be1e1fe128 mode 0
Event: 20.659 Thread 0x000002564844a9f0 DEOPT PACKING pc=0x000002566fa60e12 sp=0x000000be1e1fecc0
Event: 20.659 Thread 0x000002564844a9f0 DEOPT UNPACKING pc=0x00000256759d4242 sp=0x000000be1e1fe128 mode 0
Event: 20.668 Thread 0x000002564844a9f0 DEOPT PACKING pc=0x000002566f9d114e sp=0x000000be1e1fed80
Event: 20.668 Thread 0x000002564844a9f0 DEOPT UNPACKING pc=0x00000256759d4242 sp=0x000000be1e1fe280 mode 0
Event: 20.671 Thread 0x000002564844a9f0 Uncommon trap: trap_request=0xffffff45 fr.pc=0x0000025676781f4c relative=0x000000000000106c
Event: 20.671 Thread 0x000002564844a9f0 Uncommon trap: reason=unstable_if action=reinterpret pc=0x0000025676781f4c method=org.eclipse.jdt.internal.core.index.DiskIndex.writeStreamInt(Ljava/io/OutputStream;I)V @ 9 c2
Event: 20.671 Thread 0x000002564844a9f0 DEOPT PACKING pc=0x0000025676781f4c sp=0x000000be1e1fed10
Event: 20.671 Thread 0x000002564844a9f0 DEOPT UNPACKING pc=0x00000256759d3aa2 sp=0x000000be1e1fec70 mode 2

Classes loaded (20 events):
Event: 5.631 Loading class java/util/stream/MatchOps$MatchKind
Event: 5.631 Loading class java/util/stream/MatchOps$MatchKind done
Event: 5.632 Loading class java/util/stream/MatchOps
Event: 5.632 Loading class java/util/stream/MatchOps done
Event: 5.632 Loading class java/util/stream/MatchOps$MatchOp
Event: 5.632 Loading class java/util/stream/MatchOps$MatchOp done
Event: 5.632 Loading class java/util/stream/MatchOps$BooleanTerminalSink
Event: 5.632 Loading class java/util/stream/MatchOps$BooleanTerminalSink done
Event: 5.633 Loading class java/util/stream/MatchOps$1MatchSink
Event: 5.633 Loading class java/util/stream/MatchOps$1MatchSink done
Event: 5.761 Loading class java/util/concurrent/ForkJoinTask$AdaptedCallable
Event: 5.761 Loading class java/util/concurrent/ForkJoinTask$AdaptedCallable done
Event: 5.810 Loading class java/lang/Runtime$VersionPattern
Event: 5.810 Loading class java/lang/Runtime$VersionPattern done
Event: 5.964 Loading class java/util/Vector$1
Event: 5.964 Loading class java/util/Vector$1 done
Event: 6.168 Loading class java/util/regex/Pattern$Caret
Event: 6.168 Loading class java/util/regex/Pattern$Caret done
Event: 6.193 Loading class java/util/regex/Pattern$LazyLoop
Event: 6.193 Loading class java/util/regex/Pattern$LazyLoop done

Classes unloaded (7 events):
Event: 2.260 Thread 0x0000025641e62a20 Unloading class 0x0000025601194800 'java/lang/invoke/LambdaForm$MH+0x0000025601194800'
Event: 2.260 Thread 0x0000025641e62a20 Unloading class 0x0000025601194400 'java/lang/invoke/LambdaForm$MH+0x0000025601194400'
Event: 2.260 Thread 0x0000025641e62a20 Unloading class 0x0000025601194000 'java/lang/invoke/LambdaForm$MH+0x0000025601194000'
Event: 2.260 Thread 0x0000025641e62a20 Unloading class 0x0000025601193c00 'java/lang/invoke/LambdaForm$MH+0x0000025601193c00'
Event: 2.260 Thread 0x0000025641e62a20 Unloading class 0x0000025601193800 'java/lang/invoke/LambdaForm$BMH+0x0000025601193800'
Event: 2.260 Thread 0x0000025641e62a20 Unloading class 0x0000025601193400 'java/lang/invoke/LambdaForm$DMH+0x0000025601193400'
Event: 2.260 Thread 0x0000025641e62a20 Unloading class 0x0000025601192400 'java/lang/invoke/LambdaForm$DMH+0x0000025601192400'

Classes redefined (0 events):
No events

Internal exceptions (20 events):
Event: 4.223 Thread 0x000002564a394dd0 Exception <a 'java/io/FileNotFoundException'{0x00000000eb87eea0}> (0x00000000eb87eea0) 
thrown [s\src\hotspot\share\prims\jni.cpp, line 520]
Event: 4.223 Thread 0x000002564a394dd0 Exception <a 'java/io/FileNotFoundException'{0x00000000eb87fea8}> (0x00000000eb87fea8) 
thrown [s\src\hotspot\share\prims\jni.cpp, line 520]
Event: 4.930 Thread 0x000002564844cac0 Exception <a 'java/lang/ExceptionInInitializerError'{0x00000000eb77fc48}> (0x00000000eb77fc48) 
thrown [s\src\hotspot\share\oops\instanceKlass.cpp, line 1220]
Event: 4.962 Thread 0x000002564844cac0 Implicit null exception at 0x000002567621ed7e to 0x000002567621eff0
Event: 4.962 Thread 0x000002564844cac0 Implicit null exception at 0x000002567617fe1c to 0x0000025676180ce0
Event: 4.967 Thread 0x000002564844cac0 Exception <a 'java/lang/NoSuchMethodError'{0x00000000eab8eaa0}: 'java.lang.Object java.lang.invoke.Invokers$Holder.invokeExact_MT(java.lang.Object, int, java.lang.Object)'> (0x00000000eab8eaa0) 
thrown [s\src\hotspot\share\interpreter\linkResolver.cpp, line 773]
Event: 5.340 Thread 0x000002564844cac0 Exception <a 'java/lang/NoClassDefFoundError'{0x00000000eabcff88}: com/google/inject/servlet/ServletModuleTargetVisitor> (0x00000000eabcff88) 
thrown [s\src\hotspot\share\classfile\systemDictionary.cpp, line 301]
Event: 5.440 Thread 0x000002564844a9f0 Implicit null exception at 0x0000025676588604 to 0x000002567658d060
Event: 5.565 Thread 0x000002564b1ebf80 Exception <a 'java/lang/IncompatibleClassChangeError'{0x00000000eac7fc68}: Found class java.lang.Object, but interface was expected> (0x00000000eac7fc68) 
thrown [s\src\hotspot\share\interpreter\linkResolver.cpp, line 840]
Event: 5.759 Thread 0x000002564a394dd0 Exception <a 'sun/nio/fs/WindowsException'{0x00000000eaead280}> (0x00000000eaead280) 
thrown [s\src\hotspot\share\prims\jni.cpp, line 520]
Event: 5.764 Thread 0x000002564b1ecca0 Exception <a 'sun/nio/fs/WindowsException'{0x00000000eab31478}> (0x00000000eab31478) 
thrown [s\src\hotspot\share\prims\jni.cpp, line 520]
Event: 5.765 Thread 0x000002564b1ed330 Exception <a 'sun/nio/fs/WindowsException'{0x00000000eab86ab0}> (0x00000000eab86ab0) 
thrown [s\src\hotspot\share\prims\jni.cpp, line 520]
Event: 5.765 Thread 0x000002564b1ed9c0 Exception <a 'sun/nio/fs/WindowsException'{0x00000000eabaa5b0}> (0x00000000eabaa5b0) 
thrown [s\src\hotspot\share\prims\jni.cpp, line 520]
Event: 5.765 Thread 0x000002564b1ee050 Exception <a 'sun/nio/fs/WindowsException'{0x00000000eabc7b40}> (0x00000000eabc7b40) 
thrown [s\src\hotspot\share\prims\jni.cpp, line 520]
Event: 5.766 Thread 0x000002564b1f0120 Exception <a 'sun/nio/fs/WindowsException'{0x00000000eac49b00}> (0x00000000eac49b00) 
thrown [s\src\hotspot\share\prims\jni.cpp, line 520]
Event: 16.865 Thread 0x000002564a394dd0 Implicit null exception at 0x00000256764e9bda to 0x00000256764e9c33
Event: 16.940 Thread 0x000002564a394dd0 Exception <a 'java/lang/NoSuchMethodError'{0x00000000eb2004e8}: 'java.lang.Object java.lang.invoke.DirectMethodHandle$Holder.invokeStatic(java.lang.Object, java.lang.Object, int, int)'> (0x00000000eb2004e8) 
thrown [s\src\hotspot\share\interpreter\linkResolver.cpp, line 773]
Event: 16.941 Thread 0x000002564a394dd0 Exception <a 'java/lang/NoSuchMethodError'{0x00000000eb2047f8}: 'java.lang.Object java.lang.invoke.DirectMethodHandle$Holder.invokeSpecial(java.lang.Object, java.lang.Object, java.lang.Object, int, int)'> (0x00000000eb2047f8) 
thrown [s\src\hotspot\share\interpreter\linkResolver.cpp, line 773]
Event: 20.181 Thread 0x000002564a394dd0 Exception <a 'java/lang/NoSuchMethodError'{0x00000000eab55168}: 'void java.lang.invoke.DelegatingMethodHandle$Holder.reinvoke_L(java.lang.Object, java.lang.Object, java.lang.Object, int, java.lang.Object, int, int)'> (0x00000000eab55168) 
thrown [s\src\hotspot\share\interpreter\linkResolver.cpp, line 773]
Event: 20.376 Thread 0x000002564a394dd0 Exception <a 'java/lang/NoSuchMethodError'{0x00000000eace49c8}: 'int java.lang.invoke.DirectMethodHandle$Holder.invokeSpecialIFC(java.lang.Object, java.lang.Object, java.lang.Object)'> (0x00000000eace49c8) 
thrown [s\src\hotspot\share\interpreter\linkResolver.cpp, line 773]

ZGC Phase Switch (0 events):
No events

VM Operations (20 events):
Event: 20.221 Executing VM operation: ParallelGCFailedAllocation (Allocation Failure)
Event: 20.223 Executing VM operation: ParallelGCFailedAllocation (Allocation Failure) done
Event: 20.244 Executing VM operation: ParallelGCFailedAllocation (Allocation Failure)
Event: 20.247 Executing VM operation: ParallelGCFailedAllocation (Allocation Failure) done
Event: 20.270 Executing VM operation: ParallelGCFailedAllocation (Allocation Failure)
Event: 20.272 Executing VM operation: ParallelGCFailedAllocation (Allocation Failure) done
Event: 20.298 Executing VM operation: ParallelGCFailedAllocation (Allocation Failure)
Event: 20.301 Executing VM operation: ParallelGCFailedAllocation (Allocation Failure) done
Event: 20.319 Executing VM operation: ParallelGCFailedAllocation (Allocation Failure)
Event: 20.322 Executing VM operation: ParallelGCFailedAllocation (Allocation Failure) done
Event: 20.351 Executing VM operation: ParallelGCFailedAllocation (Allocation Failure)
Event: 20.354 Executing VM operation: ParallelGCFailedAllocation (Allocation Failure) done
Event: 20.427 Executing VM operation: ParallelGCFailedAllocation (Allocation Failure)
Event: 20.431 Executing VM operation: ParallelGCFailedAllocation (Allocation Failure) done
Event: 20.479 Executing VM operation: ParallelGCFailedAllocation (Allocation Failure)
Event: 20.482 Executing VM operation: ParallelGCFailedAllocation (Allocation Failure) done
Event: 20.534 Executing VM operation: ParallelGCFailedAllocation (Allocation Failure)
Event: 20.538 Executing VM operation: ParallelGCFailedAllocation (Allocation Failure) done
Event: 20.608 Executing VM operation: ParallelGCFailedAllocation (Allocation Failure)
Event: 20.612 Executing VM operation: ParallelGCFailedAllocation (Allocation Failure) done

Memory protections (0 events):
No events

Nmethod flushes (20 events):
Event: 15.579 Thread 0x0000025641e62a20 flushing  nmethod 0x000002566ef7cf10
Event: 15.579 Thread 0x0000025641e62a20 flushing  nmethod 0x000002566efbd310
Event: 15.579 Thread 0x0000025641e62a20 flushing  nmethod 0x000002566efc2610
Event: 15.579 Thread 0x0000025641e62a20 flushing  nmethod 0x000002566eff9810
Event: 15.579 Thread 0x0000025641e62a20 flushing  nmethod 0x000002566effb310
Event: 15.579 Thread 0x0000025641e62a20 flushing  nmethod 0x000002566effcc10
Event: 15.579 Thread 0x0000025641e62a20 flushing  nmethod 0x000002566effd610
Event: 15.579 Thread 0x0000025641e62a20 flushing  nmethod 0x000002566effe010
Event: 15.579 Thread 0x0000025641e62a20 flushing  nmethod 0x000002566f000790
Event: 15.579 Thread 0x0000025641e62a20 flushing  nmethod 0x000002566f013e10
Event: 15.579 Thread 0x0000025641e62a20 flushing  nmethod 0x000002566f014190
Event: 15.579 Thread 0x0000025641e62a20 flushing  nmethod 0x000002566f01e490
Event: 15.579 Thread 0x0000025641e62a20 flushing  nmethod 0x000002566f025910
Event: 15.579 Thread 0x0000025641e62a20 flushing  nmethod 0x000002566f02ba10
Event: 15.579 Thread 0x0000025641e62a20 flushing  nmethod 0x000002566f034990
Event: 15.579 Thread 0x0000025641e62a20 flushing  nmethod 0x000002566f04f290
Event: 15.579 Thread 0x0000025641e62a20 flushing  nmethod 0x000002566f04f810
Event: 15.579 Thread 0x0000025641e62a20 flushing  nmethod 0x000002566f04fc10
Event: 15.579 Thread 0x0000025641e62a20 flushing  nmethod 0x000002566f067d10
Event: 15.579 Thread 0x0000025641e62a20 flushing  nmethod 0x000002566f068190

Events (20 events):
Event: 5.805 Thread 0x000002564a394dd0 Thread added: 0x00000256542c14e0
Event: 5.805 Thread 0x000002564a394dd0 Thread added: 0x00000256542c1b70
Event: 5.805 Thread 0x00000256542c14e0 Thread added: 0x00000256542be6f0
Event: 5.805 Thread 0x000002564b1f1b60 Thread added: 0x00000256542c2200
Event: 5.806 Thread 0x00000256542be6f0 Thread added: 0x00000256542c2890
Event: 5.806 Thread 0x00000256542c1b70 Thread added: 0x00000256542bf410
Event: 5.806 Thread 0x00000256542c2890 Thread added: 0x00000256542c2f20
Event: 5.971 Thread 0x0000025643590820 Thread exited: 0x0000025643590820
Event: 7.471 Thread 0x00000256487687d0 Thread exited: 0x00000256487687d0
Event: 16.918 Thread 0x0000025641f7f930 Thread added: 0x0000025643590820
Event: 18.068 Thread 0x0000025642154490 Thread exited: 0x0000025642154490
Event: 20.144 Thread 0x0000025641f7f930 Thread exited: 0x0000025641f7f930
Event: 20.144 Thread 0x0000025641f80750 Thread exited: 0x0000025641f80750
Event: 20.144 Thread 0x0000025643590820 Thread exited: 0x0000025643590820
Event: 20.144 Thread 0x0000025649355320 Thread exited: 0x0000025649355320
Event: 20.173 Thread 0x0000025643550890 Thread added: 0x0000025643590820
Event: 20.173 Thread 0x0000025643550890 Thread added: 0x0000025654bf4000
Event: 20.203 Thread 0x0000025643590820 Thread added: 0x00000256543dc5f0
Event: 20.326 Thread 0x000002564a6c0da0 Thread added: 0x0000025643c600c0
Event: 20.365 Thread 0x00000256543dc5f0 Thread added: 0x0000025658b5e850


Dynamic libraries:
0x00007ff6c6cd0000 - 0x00007ff6c6cde000 	c:\Users\MSI\.vscode\extensions\redhat.java-1.41.1-win32-x64\jre\21.0.6-win32-x86_64\bin\java.exe
0x00007ffbc58e0000 - 0x00007ffbc5b40000 	C:\WINDOWS\SYSTEM32\ntdll.dll
0x00007ffbc4d10000 - 0x00007ffbc4dd7000 	C:\WINDOWS\System32\KERNEL32.DLL
0x00007ffbc3030000 - 0x00007ffbc33fa000 	C:\WINDOWS\System32\KERNELBASE.dll
0x00007ffbc2b80000 - 0x00007ffbc2ccb000 	C:\WINDOWS\System32\ucrtbase.dll
0x00007ffba39d0000 - 0x00007ffba39ee000 	c:\Users\MSI\.vscode\extensions\redhat.java-1.41.1-win32-x64\jre\21.0.6-win32-x86_64\bin\VCRUNTIME140.dll
0x00007ffba3db0000 - 0x00007ffba3dc8000 	c:\Users\MSI\.vscode\extensions\redhat.java-1.41.1-win32-x64\jre\21.0.6-win32-x86_64\bin\jli.dll
0x00007ffbc3880000 - 0x00007ffbc3a4c000 	C:\WINDOWS\System32\USER32.dll
0x00007ffbadf60000 - 0x00007ffbae1f7000 	C:\WINDOWS\WinSxS\amd64_microsoft.windows.common-controls_6595b64144ccf1df_6.0.26100.3624_none_3e086962e3345f24\COMCTL32.dll
0x00007ffbc2b50000 - 0x00007ffbc2b77000 	C:\WINDOWS\System32\win32u.dll
0x00007ffbc46f0000 - 0x00007ffbc4799000 	C:\WINDOWS\System32\msvcrt.dll
0x00007ffbc4930000 - 0x00007ffbc495a000 	C:\WINDOWS\System32\GDI32.dll
0x00007ffbc2ef0000 - 0x00007ffbc3021000 	C:\WINDOWS\System32\gdi32full.dll
0x00007ffbc2cd0000 - 0x00007ffbc2d73000 	C:\WINDOWS\System32\msvcp_win.dll
0x00007ffbc3a50000 - 0x00007ffbc3a7f000 	C:\WINDOWS\System32\IMM32.DLL
0x00007ffbb62a0000 - 0x00007ffbb62ac000 	c:\Users\MSI\.vscode\extensions\redhat.java-1.41.1-win32-x64\jre\21.0.6-win32-x86_64\bin\vcruntime140_1.dll
0x00007ffb91330000 - 0x00007ffb913bd000 	c:\Users\MSI\.vscode\extensions\redhat.java-1.41.1-win32-x64\jre\21.0.6-win32-x86_64\bin\msvcp140.dll
0x00007ffb2efd0000 - 0x00007ffb2fd60000 	c:\Users\MSI\.vscode\extensions\redhat.java-1.41.1-win32-x64\jre\21.0.6-win32-x86_64\bin\server\jvm.dll
0x00007ffbc47b0000 - 0x00007ffbc4862000 	C:\WINDOWS\System32\ADVAPI32.dll
0x00007ffbc4880000 - 0x00007ffbc4926000 	C:\WINDOWS\System32\sechost.dll
0x00007ffbc4960000 - 0x00007ffbc4a76000 	C:\WINDOWS\System32\RPCRT4.dll
0x00007ffbc3a90000 - 0x00007ffbc3b04000 	C:\WINDOWS\System32\WS2_32.dll
0x00007ffbc2910000 - 0x00007ffbc296e000 	C:\WINDOWS\SYSTEM32\POWRPROF.dll
0x00007ffbbc8e0000 - 0x00007ffbbc916000 	C:\WINDOWS\SYSTEM32\WINMM.dll
0x00007ffbbc920000 - 0x00007ffbbc92b000 	C:\WINDOWS\SYSTEM32\VERSION.dll
0x00007ffbc28f0000 - 0x00007ffbc2904000 	C:\WINDOWS\SYSTEM32\UMPDC.dll
0x00007ffbc18d0000 - 0x00007ffbc18ea000 	C:\WINDOWS\SYSTEM32\kernel.appcore.dll
0x00007ffbb5830000 - 0x00007ffbb583a000 	c:\Users\MSI\.vscode\extensions\redhat.java-1.41.1-win32-x64\jre\21.0.6-win32-x86_64\bin\jimage.dll
0x00007ffbb6840000 - 0x00007ffbb6a81000 	C:\WINDOWS\SYSTEM32\DBGHELP.DLL
0x00007ffbc4df0000 - 0x00007ffbc5172000 	C:\WINDOWS\System32\combase.dll
0x00007ffbc5200000 - 0x00007ffbc52d6000 	C:\WINDOWS\System32\OLEAUT32.dll
0x00007ffbab590000 - 0x00007ffbab5c9000 	C:\WINDOWS\SYSTEM32\dbgcore.DLL
0x00007ffbc34c0000 - 0x00007ffbc3559000 	C:\WINDOWS\System32\bcryptPrimitives.dll
0x00007ffbb2d00000 - 0x00007ffbb2d0f000 	c:\Users\MSI\.vscode\extensions\redhat.java-1.41.1-win32-x64\jre\21.0.6-win32-x86_64\bin\instrument.dll
0x00007ffba4b10000 - 0x00007ffba4b2f000 	c:\Users\MSI\.vscode\extensions\redhat.java-1.41.1-win32-x64\jre\21.0.6-win32-x86_64\bin\java.dll
0x00007ffbc3b30000 - 0x00007ffbc4259000 	C:\WINDOWS\System32\SHELL32.dll
0x00007ffbc2d80000 - 0x00007ffbc2ee8000 	C:\WINDOWS\System32\wintypes.dll
0x00007ffbc0740000 - 0x00007ffbc0f92000 	C:\WINDOWS\SYSTEM32\windows.storage.dll
0x00007ffbc5600000 - 0x00007ffbc56ed000 	C:\WINDOWS\System32\SHCORE.dll
0x00007ffbc4a80000 - 0x00007ffbc4ae4000 	C:\WINDOWS\System32\shlwapi.dll
0x00007ffbc29d0000 - 0x00007ffbc29ff000 	C:\WINDOWS\SYSTEM32\profapi.dll
0x00007ffb94060000 - 0x00007ffb94078000 	c:\Users\MSI\.vscode\extensions\redhat.java-1.41.1-win32-x64\jre\21.0.6-win32-x86_64\bin\zip.dll
0x00007ffbb2af0000 - 0x00007ffbb2b00000 	C:\Users\MSI\.vscode\extensions\redhat.java-1.41.1-win32-x64\jre\21.0.6-win32-x86_64\bin\net.dll
0x00007ffbbc650000 - 0x00007ffbbc76d000 	C:\WINDOWS\SYSTEM32\WINHTTP.dll
0x00007ffbc1df0000 - 0x00007ffbc1e5a000 	C:\WINDOWS\system32\mswsock.dll
0x00007ffb923d0000 - 0x00007ffb923e6000 	C:\Users\MSI\.vscode\extensions\redhat.java-1.41.1-win32-x64\jre\21.0.6-win32-x86_64\bin\nio.dll
0x00007ffbb29f0000 - 0x00007ffbb2a00000 	c:\Users\MSI\.vscode\extensions\redhat.java-1.41.1-win32-x64\jre\21.0.6-win32-x86_64\bin\verify.dll
0x00007ffb8e740000 - 0x00007ffb8e785000 	C:\Users\MSI\AppData\Roaming\Code\User\globalStorage\redhat.java\1.41.1\config_win\org.eclipse.equinox.launcher\org.eclipse.equinox.launcher.win32.win32.x86_64_1.2.1300.v20250331-1702\eclipse_11911.dll
0x00007ffbc36e0000 - 0x00007ffbc3876000 	C:\WINDOWS\System32\ole32.dll
0x00007ffbc2090000 - 0x00007ffbc20ac000 	C:\WINDOWS\SYSTEM32\CRYPTSP.dll
0x00007ffbc1830000 - 0x00007ffbc186a000 	C:\WINDOWS\system32\rsaenh.dll
0x00007ffbc1e90000 - 0x00007ffbc1ebb000 	C:\WINDOWS\SYSTEM32\USERENV.dll
0x00007ffbc29a0000 - 0x00007ffbc29c6000 	C:\WINDOWS\SYSTEM32\bcrypt.dll
0x00007ffbc20b0000 - 0x00007ffbc20bc000 	C:\WINDOWS\SYSTEM32\CRYPTBASE.dll
0x00007ffbc1310000 - 0x00007ffbc1343000 	C:\WINDOWS\SYSTEM32\IPHLPAPI.DLL
0x00007ffbc47a0000 - 0x00007ffbc47aa000 	C:\WINDOWS\System32\NSI.dll
0x00007ffb8e6f0000 - 0x00007ffb8e739000 	C:\Users\MSI\AppData\Local\Temp\jna-76643\jna7694347639318725277.dll
0x00007ffbc4d00000 - 0x00007ffbc4d08000 	C:\WINDOWS\System32\PSAPI.DLL
0x00007ffbbc8b0000 - 0x00007ffbbc8cf000 	C:\WINDOWS\SYSTEM32\dhcpcsvc6.DLL
0x00007ffbbc7f0000 - 0x00007ffbbc815000 	C:\WINDOWS\SYSTEM32\dhcpcsvc.DLL

dbghelp: loaded successfully - version: 4.0.5 - missing functions: none
symbol engine: initialized successfully - sym options: 0x614 - pdb path: .;c:\Users\MSI\.vscode\extensions\redhat.java-1.41.1-win32-x64\jre\21.0.6-win32-x86_64\bin;C:\WINDOWS\SYSTEM32;C:\WINDOWS\WinSxS\amd64_microsoft.windows.common-controls_6595b64144ccf1df_6.0.26100.3624_none_3e086962e3345f24;c:\Users\MSI\.vscode\extensions\redhat.java-1.41.1-win32-x64\jre\21.0.6-win32-x86_64\bin\server;C:\Users\MSI\AppData\Roaming\Code\User\globalStorage\redhat.java\1.41.1\config_win\org.eclipse.equinox.launcher\org.eclipse.equinox.launcher.win32.win32.x86_64_1.2.1300.v20250331-1702;C:\Users\MSI\AppData\Local\Temp\jna-76643

VM Arguments:
jvm_args: --add-modules=ALL-SYSTEM --add-opens=java.base/java.util=ALL-UNNAMED --add-opens=java.base/java.lang=ALL-UNNAMED --add-opens=java.base/sun.nio.fs=ALL-UNNAMED -Declipse.application=org.eclipse.jdt.ls.core.id1 -Dosgi.bundles.defaultStartLevel=4 -Declipse.product=org.eclipse.jdt.ls.core.product -Djava.import.generatesMetadataFilesAtProjectRoot=false -DDetectVMInstallationsJob.disabled=true -Dfile.encoding=utf8 -XX:+UseParallelGC -XX:GCTimeRatio=4 -XX:AdaptiveSizePolicyWeight=90 -Dsun.zip.disableMemoryMapping=true -Xmx1G -Xms100m -Xlog:disable -javaagent:c:\Users\MSI\.vscode\extensions\redhat.java-1.41.1-win32-x64\lombok\lombok-1.18.36.jar -XX:+HeapDumpOnOutOfMemoryError -XX:HeapDumpPath=c:\Users\MSI\AppData\Roaming\Code\User\workspaceStorage\3815725e1ac4c6c69b70af32f7c49045\redhat.java -Daether.dependencyCollector.impl=bf 
java_command: c:\Users\MSI\.vscode\extensions\redhat.java-1.41.1-win32-x64\server\plugins\org.eclipse.equinox.launcher_1.7.0.v20250331-1702.jar -configuration c:\Users\MSI\AppData\Roaming\Code\User\globalStorage\redhat.java\1.41.1\config_win -data c:\Users\MSI\AppData\Roaming\Code\User\workspaceStorage\3815725e1ac4c6c69b70af32f7c49045\redhat.java\jdt_ws --pipe=\\.\pipe\lsp-1da4bdd517e278dc0bf2f6185ec5f41b-sock
java_class_path (initial): c:\Users\MSI\.vscode\extensions\redhat.java-1.41.1-win32-x64\server\plugins\org.eclipse.equinox.launcher_1.7.0.v20250331-1702.jar
Launcher Type: SUN_STANDARD

[Global flags]
    uintx AdaptiveSizePolicyWeight                 = 90                                        {product} {command line}
     intx CICompilerCount                          = 12                                        {product} {ergonomic}
    uintx GCTimeRatio                              = 4                                         {product} {command line}
     bool HeapDumpOnOutOfMemoryError               = true                                   {manageable} {command line}
    ccstr HeapDumpPath                             = c:\Users\MSI\AppData\Roaming\Code\User\workspaceStorage\3815725e1ac4c6c69b70af32f7c49045\redhat.java         {manageable} {command line}
   size_t InitialHeapSize                          = 104857600                                 {product} {command line}
   size_t MaxHeapSize                              = 1073741824                                {product} {command line}
   size_t MaxNewSize                               = 357564416                                 {product} {ergonomic}
   size_t MinHeapDeltaBytes                        = 524288                                    {product} {ergonomic}
   size_t MinHeapSize                              = 104857600                                 {product} {command line}
   size_t NewSize                                  = 34603008                                  {product} {ergonomic}
    uintx NonNMethodCodeHeapSize                   = 7602480                                {pd product} {ergonomic}
    uintx NonProfiledCodeHeapSize                  = 122027880                              {pd product} {ergonomic}
   size_t OldSize                                  = 70254592                                  {product} {ergonomic}
    uintx ProfiledCodeHeapSize                     = 122027880                              {pd product} {ergonomic}
    uintx ReservedCodeCacheSize                    = 251658240                              {pd product} {ergonomic}
     bool SegmentedCodeCache                       = true                                      {product} {ergonomic}
   size_t SoftMaxHeapSize                          = 1073741824                             {manageable} {ergonomic}
     bool UseCompressedOops                        = true                           {product lp64_product} {ergonomic}
     bool UseLargePagesIndividualAllocation        = false                                  {pd product} {ergonomic}
     bool UseParallelGC                            = true                                      {product} {command line}

Logging:
Log output configuration:
 #0: stdout all=off uptime,level,tags foldmultilines=false
 #1: stderr all=off uptime,level,tags foldmultilines=false

Environment Variables:
JAVA_HOME=C:\Program Files\Java\jdk-17
PATH=C:\Program Files\Common Files\Oracle\Java\javapath;C:\Program Files (x86)\VMware\VMware Workstation\bin\;C:\Program Files\Microsoft MPI\Bin\;C:\WINDOWS\system32;C:\WINDOWS;C:\WINDOWS\System32\Wbem;C:\WINDOWS\System32\WindowsPowerShell\v1.0\;C:\WINDOWS\System32\OpenSSH\;C:\Program Files\nodejs\;C:\Program Files (x86)\Microsoft SQL Server\160\Tools\Binn\;C:\Program Files\Microsoft SQL Server\160\Tools\Binn\;C:\Program Files\Microsoft SQL Server\Client SDK\ODBC\170\Tools\Binn\;C:\Program Files\Microsoft SQL Server\160\DTS\Binn\;C:\Program Files (x86)\Microsoft SQL Server\160\DTS\Binn\;C:\Program Files\Git LFS;C:\Program Files\Git\cmd;C:\Program Files\PowerShell\7\;C:\Program Files\Java\jdk-17\bin;C:\Program Files\MySQL\MySQL Shell 8.0\bin\;C:\Users\MSI\AppData\Local\Programs\Python\Python313;C:\Users\MSI\AppData\Local\Microsoft\WindowsApps;C:\Users\MSI\AppData\Local\Programs\Microsoft VS Code\bin;C:\Users\MSI\AppData\Roaming\npm;C:\Program Files\JetBrains\IntelliJ IDEA 2024.3.1.1\bin;;
USERNAME=MSI
OS=Windows_NT
PROCESSOR_IDENTIFIER=AMD64 Family 25 Model 80 Stepping 0, AuthenticAMD
TMP=C:\Users\MSI\AppData\Local\Temp
TEMP=C:\Users\MSI\AppData\Local\Temp




Periodic native trim disabled

---------------  S Y S T E M  ---------------

OS:
 Windows 11 , 64 bit Build 26100 (10.0.26100.3775)
OS uptime: 0 days 18:01 hours
Hyper-V role detected

CPU: total 16 (initial active 16) (16 cores per cpu, 2 threads per core) family 25 model 80 stepping 0 microcode 0xa50000c, cx8, cmov, fxsr, ht, mmx, 3dnowpref, sse, sse2, sse3, ssse3, sse4a, sse4.1, sse4.2, popcnt, lzcnt, tsc, tscinvbit, avx, avx2, aes, erms, clmul, bmi1, bmi2, adx, sha, fma, vzeroupper, clflush, clflushopt, hv, rdtscp, rdpid, fsrm, f16c, cet_ss
Processor Information for processor 0
  Max Mhz: 3201, Current Mhz: 3201, Mhz Limit: 3201
Processor Information for processor 1
  Max Mhz: 3201, Current Mhz: 3201, Mhz Limit: 3201
Processor Information for processor 2
  Max Mhz: 3201, Current Mhz: 2555, Mhz Limit: 3201
Processor Information for processor 3
  Max Mhz: 3201, Current Mhz: 3201, Mhz Limit: 3201
Processor Information for processor 4
  Max Mhz: 3201, Current Mhz: 3201, Mhz Limit: 3201
Processor Information for processor 5
  Max Mhz: 3201, Current Mhz: 3201, Mhz Limit: 3201
Processor Information for processor 6
  Max Mhz: 3201, Current Mhz: 2555, Mhz Limit: 3201
Processor Information for processor 7
  Max Mhz: 3201, Current Mhz: 3201, Mhz Limit: 3201
Processor Information for processor 8
  Max Mhz: 3201, Current Mhz: 3201, Mhz Limit: 3201
Processor Information for processor 9
  Max Mhz: 3201, Current Mhz: 3201, Mhz Limit: 3201
Processor Information for processor 10
  Max Mhz: 3201, Current Mhz: 3201, Mhz Limit: 3201
Processor Information for processor 11
  Max Mhz: 3201, Current Mhz: 2555, Mhz Limit: 3201
Processor Information for processor 12
  Max Mhz: 3201, Current Mhz: 3201, Mhz Limit: 3201
Processor Information for processor 13
  Max Mhz: 3201, Current Mhz: 3201, Mhz Limit: 3201
Processor Information for processor 14
  Max Mhz: 3201, Current Mhz: 2555, Mhz Limit: 3201
Processor Information for processor 15
  Max Mhz: 3201, Current Mhz: 3201, Mhz Limit: 3201

Memory: 4k page, system-wide physical 15752M (4783M free)
TotalPageFile size 15752M (AvailPageFile size 18M)
current process WorkingSet (physical memory assigned to process): 787M, peak: 787M
current process commit charge ("private bytes"): 720M, peak: 994M

vm_info: OpenJDK 64-Bit Server VM (21.0.6+7-LTS) for windows-amd64 JRE (21.0.6+7-LTS), built on 2025-01-21T00:00:00Z by "admin" with MS VC++ 17.7 (VS2022)

END.
