#
# There is insufficient memory for the Java Runtime Environment to continue.
# Native memory allocation (malloc) failed to allocate 1417936 bytes. Error detail: Chunk::new
# Possible reasons:
#   The system is out of physical RAM or swap space
#   This process is running with CompressedOops enabled, and the Java Heap may be blocking the growth of the native heap
# Possible solutions:
#   Reduce memory load on the system
#   Increase physical memory or swap space
#   Check if swap backing store is full
#   Decrease Java heap size (-Xmx/-Xms)
#   Decrease number of Java threads
#   Decrease Java thread stack sizes (-Xss)
#   Set larger code cache with -XX:ReservedCodeCacheSize=
#   JVM is running with Unscaled Compressed Oops mode in which the Java heap is
#     placed in the first 4GB address space. The Java Heap base address is the
#     maximum limit for the native heap growth. Please use -XX:HeapBaseMinAddress
#     to set the Java Heap base and to place the Java Heap above 4GB virtual address.
# This output file may be truncated or incomplete.
#
#  Out of Memory Error (arena.cpp:168), pid=3976, tid=20292
#
# JRE version: OpenJDK Runtime Environment Temurin-21.0.6+7 (21.0.6+7) (build 21.0.6+7-LTS)
# Java VM: OpenJDK 64-Bit Server VM Temurin-21.0.6+7 (21.0.6+7-LTS, mixed mode, sharing, tiered, compressed oops, compressed class ptrs, parallel gc, windows-amd64)
# No core dump will be written. Minidumps are not enabled by default on client versions of Windows
#

---------------  S U M M A R Y ------------

Command Line: --add-modules=ALL-SYSTEM --add-opens=java.base/java.util=ALL-UNNAMED --add-opens=java.base/java.lang=ALL-UNNAMED --add-opens=java.base/sun.nio.fs=ALL-UNNAMED -Declipse.application=org.eclipse.jdt.ls.core.id1 -Dosgi.bundles.defaultStartLevel=4 -Declipse.product=org.eclipse.jdt.ls.core.product -Djava.import.generatesMetadataFilesAtProjectRoot=false -DDetectVMInstallationsJob.disabled=true -Dfile.encoding=utf8 -XX:+UseParallelGC -XX:GCTimeRatio=4 -XX:AdaptiveSizePolicyWeight=90 -Dsun.zip.disableMemoryMapping=true -Xmx1G -Xms100m -Xlog:disable -javaagent:c:\Users\MSI\.vscode\extensions\redhat.java-1.41.1-win32-x64\lombok\lombok-1.18.36.jar -XX:+HeapDumpOnOutOfMemoryError -XX:HeapDumpPath=c:\Users\MSI\AppData\Roaming\Code\User\workspaceStorage\3815725e1ac4c6c69b70af32f7c49045\redhat.java -Daether.dependencyCollector.impl=bf c:\Users\MSI\.vscode\extensions\redhat.java-1.41.1-win32-x64\server\plugins\org.eclipse.equinox.launcher_1.7.0.v20250331-1702.jar -configuration c:\Users\MSI\AppData\Roaming\Code\User\globalStorage\redhat.java\1.41.1\config_win -data c:\Users\MSI\AppData\Roaming\Code\User\workspaceStorage\3815725e1ac4c6c69b70af32f7c49045\redhat.java\jdt_ws --pipe=\\.\pipe\lsp-84bea3887597c6b64952e1438ff0135b-sock

Host: AMD Ryzen 7 5800H with Radeon Graphics         , 16 cores, 15G,  Windows 11 , 64 bit Build 26100 (10.0.26100.3775)
Time: Thu Apr 24 16:15:29 2025 SE Asia Standard Time elapsed time: 10.752035 seconds (0d 0h 0m 10s)

---------------  T H R E A D  ---------------

Current thread (0x000001f8e71037d0):  JavaThread "C2 CompilerThread2" daemon [_thread_in_native, id=20292, stack(0x0000001d83200000,0x0000001d83300000) (1024K)]


Current CompileTask:
C2:10752 9633       4       lombok.eclipse.handlers.EclipseHandlerUtil::setGeneratedBy (10 bytes)

Stack: [0x0000001d83200000,0x0000001d83300000]
Native frames: (J=compiled Java code, j=interpreted, Vv=VM code, C=native code)
V  [jvm.dll+0x6cdee9]
V  [jvm.dll+0x8a83d1]
V  [jvm.dll+0x8aa8fe]
V  [jvm.dll+0x8aafe3]
V  [jvm.dll+0x27f706]
V  [jvm.dll+0xc500d]
V  [jvm.dll+0xc5543]
V  [jvm.dll+0x2f2acd]
V  [jvm.dll+0x5f6a2a]
V  [jvm.dll+0x250bb2]
V  [jvm.dll+0x24908e]
V  [jvm.dll+0x246ec4]
V  [jvm.dll+0x1c75ee]
V  [jvm.dll+0x25685a]
V  [jvm.dll+0x254dfa]
V  [jvm.dll+0x3f0256]
V  [jvm.dll+0x851f8b]
V  [jvm.dll+0x6cc5ed]
C  [ucrtbase.dll+0x37b0]
C  [KERNEL32.DLL+0x2e8d7]
C  [ntdll.dll+0xb14fc]


---------------  P R O C E S S  ---------------

Threads class SMR info:
_java_thread_list=0x000001f8edac2850, length=86, elements={
0x000001f88caba780, 0x000001f8a32c7e80, 0x000001f88ef822f0, 0x000001f88ef848f0,
0x000001f88ef858f0, 0x000001f88ef8bb40, 0x000001f88ef96550, 0x000001f8e57fcfc0,
0x000001f88ef97c00, 0x000001f88ef95830, 0x000001f8e5923ae0, 0x000001f8e592c310,
0x000001f8e5a30090, 0x000001f8e5ae5f20, 0x000001f88ef930d0, 0x000001f8e71037d0,
0x000001f88ef95ec0, 0x000001f88ef93760, 0x000001f88ef93df0, 0x000001f88ef94b10,
0x000001f88ef94480, 0x000001f88ef951a0, 0x000001f8ecbccac0, 0x000001f8ecbcb080,
0x000001f8ecbca9f0, 0x000001f8ecbce500, 0x000001f8ecbcd7e0, 0x000001f8ecbcc430,
0x000001f8ee391240, 0x000001f8ecbcd150, 0x000001f8ecbceb90, 0x000001f8ecbcb710,
0x000001f8ecbcf220, 0x000001f8ecbcbda0, 0x000001f8ecbd05d0, 0x000001f8ecbcf8b0,
0x000001f8ecbd0c60, 0x000001f8ecbd12f0, 0x000001f8ecbd1980, 0x000001f8ecbd2010,
0x000001f8ecbcff40, 0x000001f8ed710e30, 0x000001f8ed7121e0, 0x000001f8ed7114c0,
0x000001f8ed711b50, 0x000001f8ed712870, 0x000001f8ed712f00, 0x000001f8ed713590,
0x000001f8ed80a110, 0x000001f8edd0ce30, 0x000001f8ede43090, 0x000001f8eea4f870,
0x000001f8ed710110, 0x000001f8ed713c20, 0x000001f8ed7107a0, 0x000001f8ed7170a0,
0x000001f8ed715cf0, 0x000001f8ed7142b0, 0x000001f8ed714940, 0x000001f8ed714fd0,
0x000001f8ed717730, 0x000001f8ed715660, 0x000001f8ed716380, 0x000001f8ed716a10,
0x000001f8f9c00cf0, 0x000001f8f9c01380, 0x000001f8f9c020a0, 0x000001f8f9c03450,
0x000001f8f9c02dc0, 0x000001f8f9c00660, 0x000001f8f9c01a10, 0x000001f8f9c02730,
0x000001f8f9bfffd0, 0x000001f8f9c04170, 0x000001f8f9c04e90, 0x000001f8f9c068d0,
0x000001f8f9c04800, 0x000001f8f9c06240, 0x000001f8f9c03ae0, 0x000001f8f9c05520,
0x000001f8f9c05bb0, 0x000001f8f9c06f60, 0x000001f8f9c075f0, 0x000001f8f010e7a0,
0x000001f8f010fb50, 0x000001f8f010f4c0
}

Java Threads: ( => current thread )
  0x000001f88caba780 JavaThread "main"                              [_thread_blocked, id=21144, stack(0x0000001d82000000,0x0000001d82100000) (1024K)]
  0x000001f8a32c7e80 JavaThread "Reference Handler"          daemon [_thread_blocked, id=13624, stack(0x0000001d82400000,0x0000001d82500000) (1024K)]
  0x000001f88ef822f0 JavaThread "Finalizer"                  daemon [_thread_blocked, id=20892, stack(0x0000001d82500000,0x0000001d82600000) (1024K)]
  0x000001f88ef848f0 JavaThread "Signal Dispatcher"          daemon [_thread_blocked, id=21016, stack(0x0000001d82600000,0x0000001d82700000) (1024K)]
  0x000001f88ef858f0 JavaThread "Attach Listener"            daemon [_thread_blocked, id=20200, stack(0x0000001d82700000,0x0000001d82800000) (1024K)]
  0x000001f88ef8bb40 JavaThread "Service Thread"             daemon [_thread_blocked, id=2376, stack(0x0000001d82800000,0x0000001d82900000) (1024K)]
  0x000001f88ef96550 JavaThread "Monitor Deflation Thread"   daemon [_thread_blocked, id=16452, stack(0x0000001d82900000,0x0000001d82a00000) (1024K)]
  0x000001f8e57fcfc0 JavaThread "C2 CompilerThread0"         daemon [_thread_in_native, id=19656, stack(0x0000001d82a00000,0x0000001d82b00000) (1024K)]
  0x000001f88ef97c00 JavaThread "C1 CompilerThread0"         daemon [_thread_blocked, id=20184, stack(0x0000001d82b00000,0x0000001d82c00000) (1024K)]
  0x000001f88ef95830 JavaThread "Common-Cleaner"             daemon [_thread_blocked, id=4376, stack(0x0000001d82c00000,0x0000001d82d00000) (1024K)]
  0x000001f8e5923ae0 JavaThread "C1 CompilerThread1"         daemon [_thread_blocked, id=3780, stack(0x0000001d82d00000,0x0000001d82e00000) (1024K)]
  0x000001f8e592c310 JavaThread "C2 CompilerThread1"         daemon [_thread_in_native, id=18424, stack(0x0000001d82e00000,0x0000001d82f00000) (1024K)]
  0x000001f8e5a30090 JavaThread "C1 CompilerThread2"         daemon [_thread_blocked, id=9196, stack(0x0000001d82f00000,0x0000001d83000000) (1024K)]
  0x000001f8e5ae5f20 JavaThread "C1 CompilerThread3"         daemon [_thread_blocked, id=21168, stack(0x0000001d83000000,0x0000001d83100000) (1024K)]
  0x000001f88ef930d0 JavaThread "Notification Thread"        daemon [_thread_blocked, id=9300, stack(0x0000001d83100000,0x0000001d83200000) (1024K)]
=>0x000001f8e71037d0 JavaThread "C2 CompilerThread2"         daemon [_thread_in_native, id=20292, stack(0x0000001d83200000,0x0000001d83300000) (1024K)]
  0x000001f88ef95ec0 JavaThread "Active Thread: Equinox Container: 45f51edd-7380-4cf8-9744-52265e87489a"        [_thread_blocked, id=7108, stack(0x0000001d83a00000,0x0000001d83b00000) (1024K)]
  0x000001f88ef93760 JavaThread "Refresh Thread: Equinox Container: 45f51edd-7380-4cf8-9744-52265e87489a" daemon [_thread_blocked, id=20632, stack(0x0000001d83d00000,0x0000001d83e00000) (1024K)]
  0x000001f88ef93df0 JavaThread "Framework Event Dispatcher: Equinox Container: 45f51edd-7380-4cf8-9744-52265e87489a" daemon [_thread_blocked, id=12928, stack(0x0000001d83e00000,0x0000001d83f00000) (1024K)]
  0x000001f88ef94b10 JavaThread "Start Level: Equinox Container: 45f51edd-7380-4cf8-9744-52265e87489a" daemon [_thread_blocked, id=20004, stack(0x0000001d83f00000,0x0000001d84000000) (1024K)]
  0x000001f88ef94480 JavaThread "Bundle File Closer"         daemon [_thread_blocked, id=20056, stack(0x0000001d84000000,0x0000001d84100000) (1024K)]
  0x000001f88ef951a0 JavaThread "SCR Component Actor"        daemon [_thread_blocked, id=7020, stack(0x0000001d84300000,0x0000001d84400000) (1024K)]
  0x000001f8ecbccac0 JavaThread "Worker-JM"                         [_thread_blocked, id=21516, stack(0x0000001d84800000,0x0000001d84900000) (1024K)]
  0x000001f8ecbcb080 JavaThread "JNA Cleaner"                daemon [_thread_blocked, id=164, stack(0x0000001d83900000,0x0000001d83a00000) (1024K)]
  0x000001f8ecbca9f0 JavaThread "Worker-0"                          [_thread_blocked, id=14908, stack(0x0000001d84900000,0x0000001d84a00000) (1024K)]
  0x000001f8ecbce500 JavaThread "Worker-1: Java indexing... "        [_thread_blocked, id=9256, stack(0x0000001d84a00000,0x0000001d84b00000) (1024K)]
  0x000001f8ecbcd7e0 JavaThread "Java indexing"              daemon [_thread_in_Java, id=13528, stack(0x0000001d84b00000,0x0000001d84c00000) (1024K)]
  0x000001f8ecbcc430 JavaThread "Worker-2: Building"                [_thread_in_native, id=3156, stack(0x0000001d83800000,0x0000001d83900000) (1024K)]
  0x000001f8ee391240 JavaThread "C2 CompilerThread3"         daemon [_thread_in_native, id=9780, stack(0x0000001d84e00000,0x0000001d84f00000) (1024K)]
  0x000001f8ecbcd150 JavaThread "Worker-3"                          [_thread_blocked, id=11104, stack(0x0000001d84f00000,0x0000001d85000000) (1024K)]
  0x000001f8ecbceb90 JavaThread "Thread-2"                   daemon [_thread_in_native, id=2036, stack(0x0000001d85000000,0x0000001d85100000) (1024K)]
  0x000001f8ecbcb710 JavaThread "Thread-3"                   daemon [_thread_in_native, id=12064, stack(0x0000001d85100000,0x0000001d85200000) (1024K)]
  0x000001f8ecbcf220 JavaThread "Thread-4"                   daemon [_thread_in_native, id=20364, stack(0x0000001d85200000,0x0000001d85300000) (1024K)]
  0x000001f8ecbcbda0 JavaThread "Thread-5"                   daemon [_thread_in_native, id=20044, stack(0x0000001d85300000,0x0000001d85400000) (1024K)]
  0x000001f8ecbd05d0 JavaThread "Thread-6"                   daemon [_thread_in_native, id=20224, stack(0x0000001d85400000,0x0000001d85500000) (1024K)]
  0x000001f8ecbcf8b0 JavaThread "Thread-7"                   daemon [_thread_in_native, id=9736, stack(0x0000001d85500000,0x0000001d85600000) (1024K)]
  0x000001f8ecbd0c60 JavaThread "Thread-8"                   daemon [_thread_in_native, id=17832, stack(0x0000001d85600000,0x0000001d85700000) (1024K)]
  0x000001f8ecbd12f0 JavaThread "Thread-9"                   daemon [_thread_in_native, id=10132, stack(0x0000001d85700000,0x0000001d85800000) (1024K)]
  0x000001f8ecbd1980 JavaThread "Thread-10"                  daemon [_thread_in_native, id=16060, stack(0x0000001d85800000,0x0000001d85900000) (1024K)]
  0x000001f8ecbd2010 JavaThread "Thread-11"                  daemon [_thread_in_native, id=13060, stack(0x0000001d85900000,0x0000001d85a00000) (1024K)]
  0x000001f8ecbcff40 JavaThread "Thread-12"                  daemon [_thread_in_native, id=7228, stack(0x0000001d85a00000,0x0000001d85b00000) (1024K)]
  0x000001f8ed710e30 JavaThread "Thread-13"                  daemon [_thread_in_native, id=21644, stack(0x0000001d85b00000,0x0000001d85c00000) (1024K)]
  0x000001f8ed7121e0 JavaThread "Thread-14"                  daemon [_thread_in_native, id=14016, stack(0x0000001d85c00000,0x0000001d85d00000) (1024K)]
  0x000001f8ed7114c0 JavaThread "Thread-15"                  daemon [_thread_in_native, id=8560, stack(0x0000001d85d00000,0x0000001d85e00000) (1024K)]
  0x000001f8ed711b50 JavaThread "Thread-16"                  daemon [_thread_in_native, id=17824, stack(0x0000001d85e00000,0x0000001d85f00000) (1024K)]
  0x000001f8ed712870 JavaThread "Thread-17"                  daemon [_thread_in_native, id=12420, stack(0x0000001d85f00000,0x0000001d86000000) (1024K)]
  0x000001f8ed712f00 JavaThread "Thread-18"                  daemon [_thread_in_native, id=2920, stack(0x0000001d86000000,0x0000001d86100000) (1024K)]
  0x000001f8ed713590 JavaThread "pool-2-thread-1"                   [_thread_blocked, id=18020, stack(0x0000001d86100000,0x0000001d86200000) (1024K)]
  0x000001f8ed80a110 JavaThread "C2 CompilerThread4"         daemon [_thread_in_native, id=18256, stack(0x0000001d86200000,0x0000001d86300000) (1024K)]
  0x000001f8edd0ce30 JavaThread "C2 CompilerThread5"         daemon [_thread_in_native, id=6392, stack(0x0000001d86300000,0x0000001d86400000) (1024K)]
  0x000001f8ede43090 JavaThread "C2 CompilerThread6"         daemon [_thread_in_native, id=3556, stack(0x0000001d86400000,0x0000001d86500000) (1024K)]
  0x000001f8eea4f870 JavaThread "C2 CompilerThread7"         daemon [_thread_in_native, id=6716, stack(0x0000001d86500000,0x0000001d86600000) (1024K)]
  0x000001f8ed710110 JavaThread "Worker-4"                          [_thread_blocked, id=424, stack(0x0000001d86600000,0x0000001d86700000) (1024K)]
  0x000001f8ed713c20 JavaThread "WorkspaceEventsHandler"            [_thread_blocked, id=4952, stack(0x0000001d86700000,0x0000001d86800000) (1024K)]
  0x000001f8ed7107a0 JavaThread "pool-1-thread-1"                   [_thread_blocked, id=20936, stack(0x0000001d86800000,0x0000001d86900000) (1024K)]
  0x000001f8ed7170a0 JavaThread "Worker-5"                          [_thread_blocked, id=21060, stack(0x0000001d86900000,0x0000001d86a00000) (1024K)]
  0x000001f8ed715cf0 JavaThread "LocalFile Deleter"          daemon [_thread_blocked, id=8972, stack(0x0000001d86a00000,0x0000001d86b00000) (1024K)]
  0x000001f8ed7142b0 JavaThread "LocalFile Deleter"          daemon [_thread_blocked, id=5736, stack(0x0000001d86b00000,0x0000001d86c00000) (1024K)]
  0x000001f8ed714940 JavaThread "LocalFile Deleter"          daemon [_thread_blocked, id=5076, stack(0x0000001d86c00000,0x0000001d86d00000) (1024K)]
  0x000001f8ed714fd0 JavaThread "LocalFile Deleter"          daemon [_thread_blocked, id=2372, stack(0x0000001d86d00000,0x0000001d86e00000) (1024K)]
  0x000001f8ed717730 JavaThread "LocalFile Deleter"          daemon [_thread_blocked, id=22504, stack(0x0000001d86e00000,0x0000001d86f00000) (1024K)]
  0x000001f8ed715660 JavaThread "LocalFile Deleter"          daemon [_thread_blocked, id=1304, stack(0x0000001d86f00000,0x0000001d87000000) (1024K)]
  0x000001f8ed716380 JavaThread "LocalFile Deleter"          daemon [_thread_blocked, id=15824, stack(0x0000001d87000000,0x0000001d87100000) (1024K)]
  0x000001f8ed716a10 JavaThread "LocalFile Deleter"          daemon [_thread_blocked, id=4708, stack(0x0000001d87100000,0x0000001d87200000) (1024K)]
  0x000001f8f9c00cf0 JavaThread "LocalFile Deleter"          daemon [_thread_blocked, id=796, stack(0x0000001d87200000,0x0000001d87300000) (1024K)]
  0x000001f8f9c01380 JavaThread "LocalFile Deleter"          daemon [_thread_blocked, id=17340, stack(0x0000001d87300000,0x0000001d87400000) (1024K)]
  0x000001f8f9c020a0 JavaThread "LocalFile Deleter"          daemon [_thread_blocked, id=21608, stack(0x0000001d87400000,0x0000001d87500000) (1024K)]
  0x000001f8f9c03450 JavaThread "LocalFile Deleter"          daemon [_thread_blocked, id=15936, stack(0x0000001d87500000,0x0000001d87600000) (1024K)]
  0x000001f8f9c02dc0 JavaThread "LocalFile Deleter"          daemon [_thread_blocked, id=11124, stack(0x0000001d87600000,0x0000001d87700000) (1024K)]
  0x000001f8f9c00660 JavaThread "LocalFile Deleter"          daemon [_thread_blocked, id=14632, stack(0x0000001d87700000,0x0000001d87800000) (1024K)]
  0x000001f8f9c01a10 JavaThread "LocalFile Deleter"          daemon [_thread_blocked, id=9452, stack(0x0000001d87800000,0x0000001d87900000) (1024K)]
  0x000001f8f9c02730 JavaThread "LocalFile Deleter"          daemon [_thread_blocked, id=14776, stack(0x0000001d87900000,0x0000001d87a00000) (1024K)]
  0x000001f8f9bfffd0 JavaThread "Compiler Source File Reader" daemon [_thread_blocked, id=2180, stack(0x0000001d87a00000,0x0000001d87b00000) (1024K)]
  0x000001f8f9c04170 JavaThread "Compiler Source File Reader" daemon [_thread_blocked, id=3800, stack(0x0000001d87b00000,0x0000001d87c00000) (1024K)]
  0x000001f8f9c04e90 JavaThread "Compiler Source File Reader" daemon [_thread_blocked, id=5572, stack(0x0000001d87c00000,0x0000001d87d00000) (1024K)]
  0x000001f8f9c068d0 JavaThread "Compiler Source File Reader" daemon [_thread_blocked, id=20792, stack(0x0000001d87d00000,0x0000001d87e00000) (1024K)]
  0x000001f8f9c04800 JavaThread "Compiler Source File Reader" daemon [_thread_blocked, id=20536, stack(0x0000001d87e00000,0x0000001d87f00000) (1024K)]
  0x000001f8f9c06240 JavaThread "Compiler Source File Reader" daemon [_thread_blocked, id=5696, stack(0x0000001d87f00000,0x0000001d88000000) (1024K)]
  0x000001f8f9c03ae0 JavaThread "Compiler Source File Reader" daemon [_thread_blocked, id=21324, stack(0x0000001d88000000,0x0000001d88100000) (1024K)]
  0x000001f8f9c05520 JavaThread "Compiler Source File Reader" daemon [_thread_blocked, id=18164, stack(0x0000001d88100000,0x0000001d88200000) (1024K)]
  0x000001f8f9c05bb0 JavaThread "Compiler Source File Reader" daemon [_thread_blocked, id=6508, stack(0x0000001d88200000,0x0000001d88300000) (1024K)]
  0x000001f8f9c06f60 JavaThread "Compiler Source File Reader" daemon [_thread_blocked, id=9712, stack(0x0000001d88300000,0x0000001d88400000) (1024K)]
  0x000001f8f9c075f0 JavaThread "Compiler Source File Reader" daemon [_thread_blocked, id=21444, stack(0x0000001d88400000,0x0000001d88500000) (1024K)]
  0x000001f8f010e7a0 JavaThread "Compiler Source File Reader" daemon [_thread_blocked, id=10028, stack(0x0000001d88500000,0x0000001d88600000) (1024K)]
  0x000001f8f010fb50 JavaThread "Compiler Source File Reader" daemon [_thread_blocked, id=9588, stack(0x0000001d88600000,0x0000001d88700000) (1024K)]
  0x000001f8f010f4c0 JavaThread "Compiler Source File Reader" daemon [_thread_blocked, id=19812, stack(0x0000001d88700000,0x0000001d88800000) (1024K)]
Total: 86

Other Threads:
  0x000001f88ef7ec30 VMThread "VM Thread"                           [id=8976, stack(0x0000001d82300000,0x0000001d82400000) (1024K)]
  0x000001f8a31aca00 WatcherThread "VM Periodic Task Thread"        [id=19868, stack(0x0000001d82200000,0x0000001d82300000) (1024K)]
  0x000001f88eefbc50 WorkerThread "GC Thread#0"                     [id=3088, stack(0x0000001d82100000,0x0000001d82200000) (1024K)]
  0x000001f8e7387b70 WorkerThread "GC Thread#1"                     [id=19564, stack(0x0000001d83300000,0x0000001d83400000) (1024K)]
  0x000001f8e71734e0 WorkerThread "GC Thread#2"                     [id=13544, stack(0x0000001d83400000,0x0000001d83500000) (1024K)]
  0x000001f8e7173880 WorkerThread "GC Thread#3"                     [id=21292, stack(0x0000001d83500000,0x0000001d83600000) (1024K)]
  0x000001f8ec23f140 WorkerThread "GC Thread#4"                     [id=14376, stack(0x0000001d83600000,0x0000001d83700000) (1024K)]
  0x000001f8e5b6b240 WorkerThread "GC Thread#5"                     [id=9052, stack(0x0000001d83700000,0x0000001d83800000) (1024K)]
  0x000001f8e5b6b5e0 WorkerThread "GC Thread#6"                     [id=20268, stack(0x0000001d83b00000,0x0000001d83c00000) (1024K)]
  0x000001f8e5b6aea0 WorkerThread "GC Thread#7"                     [id=21208, stack(0x0000001d83c00000,0x0000001d83d00000) (1024K)]
  0x000001f8e5b6a3c0 WorkerThread "GC Thread#8"                     [id=20256, stack(0x0000001d84100000,0x0000001d84200000) (1024K)]
  0x000001f8e5b6b980 WorkerThread "GC Thread#9"                     [id=19956, stack(0x0000001d84200000,0x0000001d84300000) (1024K)]
  0x000001f8eca4c900 WorkerThread "GC Thread#10"                    [id=11076, stack(0x0000001d84500000,0x0000001d84600000) (1024K)]
  0x000001f8eca4ac00 WorkerThread "GC Thread#11"                    [id=2344, stack(0x0000001d84600000,0x0000001d84700000) (1024K)]
  0x000001f8eca4c560 WorkerThread "GC Thread#12"                    [id=12624, stack(0x0000001d84700000,0x0000001d84800000) (1024K)]
Total: 15

Threads with active compile tasks:
C2 CompilerThread0  10789 9876       4       org.eclipse.jdt.internal.core.util.Util::quickSort (107 bytes)
C2 CompilerThread1  10789 9714       4       java.lang.reflect.Field::get (39 bytes)
C2 CompilerThread2  10789 9633       4       lombok.eclipse.handlers.EclipseHandlerUtil::setGeneratedBy (10 bytes)
C2 CompilerThread3  10789 9891       4       org.eclipse.jdt.internal.compiler.parser.Parser::consumeRule (7755 bytes)
C2 CompilerThread4  10789 9725   !   4       org.eclipse.jdt.internal.core.search.indexing.BinaryIndexer::indexDocument (1204 bytes)
C2 CompilerThread5  10789 9995       4       org.eclipse.jdt.internal.compiler.parser.Scanner::internalScanIdentifierOrKeyword (5081 bytes)
C2 CompilerThread6  10789 9793       4       lombok.core.AST::buildWithField (21 bytes)
C2 CompilerThread7  10789 9612   !   4       lombok.core.FieldAugment$ReflectionFieldAugment::getAndSet (80 bytes)
Total: 8

VM state: not at safepoint (normal execution)

VM Mutex/Monitor currently owned by a thread: None

Heap address: 0x00000000c0000000, size: 1024 MB, Compressed Oops mode: 32-bit

CDS archive(s) mapped at: [0x000001f8a4000000-0x000001f8a4ba0000-0x000001f8a4ba0000), size 12189696, SharedBaseAddress: 0x000001f8a4000000, ArchiveRelocationMode: 1.
Compressed class space mapped at: 0x000001f8a5000000-0x000001f8e5000000, reserved size: 1073741824
Narrow klass base: 0x000001f8a4000000, Narrow klass shift: 0, Narrow klass range: 0x100000000

GC Precious Log:
 CardTable entry size: 512
 CPUs: 16 total, 16 available
 Memory: 15752M
 Large Page Support: Disabled
 NUMA Support: Disabled
 Compressed Oops: Enabled (32-bit)
 Alignments: Space 512K, Generation 512K, Heap 2M
 Heap Min Capacity: 100M
 Heap Initial Capacity: 100M
 Heap Max Capacity: 1G
 Pre-touch: Disabled
 Parallel Workers: 13

Heap:
 PSYoungGen      total 15360K, used 4217K [0x00000000eab00000, 0x00000000ebc00000, 0x0000000100000000)
  eden space 12800K, 21% used [0x00000000eab00000,0x00000000eadbe440,0x00000000eb780000)
  from space 2560K, 55% used [0x00000000eb980000,0x00000000ebae0040,0x00000000ebc00000)
  to   space 2048K, 0% used [0x00000000eb780000,0x00000000eb780000,0x00000000eb980000)
 ParOldGen       total 327168K, used 326791K [0x00000000c0000000, 0x00000000d3f80000, 0x00000000eab00000)
  object space 327168K, 99% used [0x00000000c0000000,0x00000000d3f21cb0,0x00000000d3f80000)
 Metaspace       used 57061K, committed 58304K, reserved 1114112K
  class space    used 5864K, committed 6464K, reserved 1048576K

Card table byte_map: [0x000001f88e880000,0x000001f88ea90000] _byte_map_base: 0x000001f88e280000

Marking Bits: (ParMarkBitMap*) 0x00007ffe5e023260
 Begin Bits: [0x000001f8a10d0000, 0x000001f8a20d0000)
 End Bits:   [0x000001f8a20d0000, 0x000001f8a30d0000)

Polling page: 0x000001f88cc70000

Metaspace:

Usage:
  Non-class:     50.00 MB used.
      Class:      5.73 MB used.
       Both:     55.72 MB used.

Virtual space:
  Non-class space:       64.00 MB reserved,      50.62 MB ( 79%) committed,  1 nodes.
      Class space:        1.00 GB reserved,       6.31 MB ( <1%) committed,  1 nodes.
             Both:        1.06 GB reserved,      56.94 MB (  5%) committed. 

Chunk freelists:
   Non-Class:  12.62 MB
       Class:  9.66 MB
        Both:  22.29 MB

MaxMetaspaceSize: unlimited
CompressedClassSpaceSize: 1.00 GB
Initial GC threshold: 21.00 MB
Current GC threshold: 58.38 MB
CDS: on
 - commit_granule_bytes: 65536.
 - commit_granule_words: 8192.
 - virtual_space_node_default_size: 8388608.
 - enlarge_chunks_in_place: 1.
 - use_allocation_guard: 0.


Internal statistics:

num_allocs_failed_limit: 6.
num_arena_births: 1118.
num_arena_deaths: 14.
num_vsnodes_births: 2.
num_vsnodes_deaths: 0.
num_space_committed: 910.
num_space_uncommitted: 0.
num_chunks_returned_to_freelist: 20.
num_chunks_taken_from_freelist: 3815.
num_chunk_merges: 10.
num_chunk_splits: 2306.
num_chunks_enlarged: 1245.
num_inconsistent_stats: 0.

CodeHeap 'non-profiled nmethods': size=119168Kb used=6744Kb max_used=6744Kb free=112423Kb
 bounds [0x000001f899c70000, 0x000001f89a310000, 0x000001f8a10d0000]
CodeHeap 'profiled nmethods': size=119104Kb used=21332Kb max_used=21332Kb free=97772Kb
 bounds [0x000001f8920d0000, 0x000001f8935b0000, 0x000001f899520000]
CodeHeap 'non-nmethods': size=7488Kb used=3105Kb max_used=3221Kb free=4382Kb
 bounds [0x000001f899520000, 0x000001f899860000, 0x000001f899c70000]
 total_blobs=10036 nmethods=9310 adapters=629
 compilation: enabled
              stopped_count=0, restarted_count=0
 full_count=0

Compilation events (20 events):
Event: 9.742 Thread 0x000001f88ef97c00 nmethod 9953 0x000001f893588890 code [0x000001f893588b00, 0x000001f893589610]
Event: 9.742 Thread 0x000001f8e5a30090 9955       3       org.eclipse.jdt.internal.compiler.lookup.SourceTypeBinding::isPrototype (12 bytes)
Event: 9.743 Thread 0x000001f8e5a30090 nmethod 9955 0x000001f893589990 code [0x000001f893589b40, 0x000001f893589cb0]
Event: 9.743 Thread 0x000001f8e5923ae0 9956       3       org.eclipse.jdt.internal.compiler.lookup.MethodScope::<init> (67 bytes)
Event: 9.743 Thread 0x000001f88ef97c00 9957       3       org.eclipse.jdt.internal.compiler.lookup.BlockScope::<init> (35 bytes)
Event: 9.743 Thread 0x000001f8e5ae5f20 9958       1       org.eclipse.jdt.internal.compiler.CompilationResult::getCompilationUnit (5 bytes)
Event: 9.743 Thread 0x000001f8e5a30090 9959       1       org.eclipse.jdt.internal.compiler.lookup.TypeBinding::enclosingType (2 bytes)
Event: 9.743 Thread 0x000001f8e5a30090 nmethod 9959 0x000001f89a301390 code [0x000001f89a301520, 0x000001f89a3015f0]
Event: 9.743 Thread 0x000001f8e5ae5f20 nmethod 9958 0x000001f89a301690 code [0x000001f89a301820, 0x000001f89a3018e8]
Event: 9.743 Thread 0x000001f88ef97c00 nmethod 9957 0x000001f893589d90 code [0x000001f893589f40, 0x000001f89358a150]
Event: 9.743 Thread 0x000001f8e5923ae0 nmethod 9956 0x000001f89358a210 code [0x000001f89358a3e0, 0x000001f89358a8c0]
Event: 9.743 Thread 0x000001f8e5a30090 9960       3       org.eclipse.core.internal.resources.Resource::getParent (79 bytes)
Event: 9.744 Thread 0x000001f8e5ae5f20 9961   !   3       org.eclipse.jdt.internal.compiler.parser.Parser::parse (922 bytes)
Event: 9.744 Thread 0x000001f8e5923ae0 9962   !   3       org.eclipse.core.internal.content.ContentTypeManager::getInstance (39 bytes)
Event: 9.744 Thread 0x000001f8e5923ae0 nmethod 9962 0x000001f89358aa10 code [0x000001f89358ac00, 0x000001f89358b188]
Event: 9.744 Thread 0x000001f8e5a30090 nmethod 9960 0x000001f89358b410 code [0x000001f89358b660, 0x000001f89358be50]
Event: 9.744 Thread 0x000001f8e5a30090 9963       3       java.util.concurrent.ThreadPoolExecutor::isRunning (10 bytes)
Event: 9.744 Thread 0x000001f88ef97c00 9964       3       org.eclipse.core.internal.content.FileSpec::getBasicType (5 bytes)
Event: 9.744 Thread 0x000001f88ef97c00 nmethod 9964 0x000001f89358c210 code [0x000001f89358c3a0, 0x000001f89358c490]
Event: 9.745 Thread 0x000001f8e5a30090 nmethod 9963 0x000001f89358c510 code [0x000001f89358c6a0, 0x000001f89358c7e0]

GC Heap History (20 events):
Event: 7.535 GC heap before
{Heap before GC invocations=196 (full 2):
 PSYoungGen      total 5120K, used 4762K [0x00000000eab00000, 0x00000000eb280000, 0x0000000100000000)
  eden space 3584K, 100% used [0x00000000eab00000,0x00000000eae80000,0x00000000eae80000)
  from space 1536K, 76% used [0x00000000eae80000,0x00000000eafa6a10,0x00000000eb000000)
  to   space 1536K, 0% used [0x00000000eb100000,0x00000000eb100000,0x00000000eb280000)
 ParOldGen       total 304640K, used 304478K [0x00000000c0000000, 0x00000000d2980000, 0x00000000eab00000)
  object space 304640K, 99% used [0x00000000c0000000,0x00000000d29578f8,0x00000000d2980000)
 Metaspace       used 56864K, committed 58112K, reserved 1114112K
  class space    used 5851K, committed 6400K, reserved 1048576K
}
Event: 7.536 GC heap after
{Heap after GC invocations=196 (full 2):
 PSYoungGen      total 6144K, used 1419K [0x00000000eab00000, 0x00000000eb280000, 0x0000000100000000)
  eden space 4608K, 0% used [0x00000000eab00000,0x00000000eab00000,0x00000000eaf80000)
  from space 1536K, 92% used [0x00000000eb100000,0x00000000eb262c80,0x00000000eb280000)
  to   space 1536K, 0% used [0x00000000eaf80000,0x00000000eaf80000,0x00000000eb100000)
 ParOldGen       total 305664K, used 305482K [0x00000000c0000000, 0x00000000d2a80000, 0x00000000eab00000)
  object space 305664K, 99% used [0x00000000c0000000,0x00000000d2a52860,0x00000000d2a80000)
 Metaspace       used 56864K, committed 58112K, reserved 1114112K
  class space    used 5851K, committed 6400K, reserved 1048576K
}
Event: 7.539 GC heap before
{Heap before GC invocations=197 (full 2):
 PSYoungGen      total 6144K, used 5983K [0x00000000eab00000, 0x00000000eb280000, 0x0000000100000000)
  eden space 4608K, 99% used [0x00000000eab00000,0x00000000eaf75338,0x00000000eaf80000)
  from space 1536K, 92% used [0x00000000eb100000,0x00000000eb262c80,0x00000000eb280000)
  to   space 1536K, 0% used [0x00000000eaf80000,0x00000000eaf80000,0x00000000eb100000)
 ParOldGen       total 305664K, used 305482K [0x00000000c0000000, 0x00000000d2a80000, 0x00000000eab00000)
  object space 305664K, 99% used [0x00000000c0000000,0x00000000d2a52860,0x00000000d2a80000)
 Metaspace       used 56871K, committed 58112K, reserved 1114112K
  class space    used 5853K, committed 6400K, reserved 1048576K
}
Event: 7.540 GC heap after
{Heap after GC invocations=197 (full 2):
 PSYoungGen      total 6144K, used 1518K [0x00000000eab00000, 0x00000000eb780000, 0x0000000100000000)
  eden space 4608K, 0% used [0x00000000eab00000,0x00000000eab00000,0x00000000eaf80000)
  from space 1536K, 98% used [0x00000000eaf80000,0x00000000eb0fbb10,0x00000000eb100000)
  to   space 3584K, 0% used [0x00000000eb400000,0x00000000eb400000,0x00000000eb780000)
 ParOldGen       total 307200K, used 306979K [0x00000000c0000000, 0x00000000d2c00000, 0x00000000eab00000)
  object space 307200K, 99% used [0x00000000c0000000,0x00000000d2bc8e70,0x00000000d2c00000)
 Metaspace       used 56871K, committed 58112K, reserved 1114112K
  class space    used 5853K, committed 6400K, reserved 1048576K
}
Event: 7.544 GC heap before
{Heap before GC invocations=198 (full 2):
 PSYoungGen      total 6144K, used 6126K [0x00000000eab00000, 0x00000000eb780000, 0x0000000100000000)
  eden space 4608K, 100% used [0x00000000eab00000,0x00000000eaf80000,0x00000000eaf80000)
  from space 1536K, 98% used [0x00000000eaf80000,0x00000000eb0fbb10,0x00000000eb100000)
  to   space 3584K, 0% used [0x00000000eb400000,0x00000000eb400000,0x00000000eb780000)
 ParOldGen       total 307200K, used 306979K [0x00000000c0000000, 0x00000000d2c00000, 0x00000000eab00000)
  object space 307200K, 99% used [0x00000000c0000000,0x00000000d2bc8e70,0x00000000d2c00000)
 Metaspace       used 56879K, committed 58112K, reserved 1114112K
  class space    used 5853K, committed 6400K, reserved 1048576K
}
Event: 8.552 GC heap after
{Heap after GC invocations=198 (full 2):
 PSYoungGen      total 7680K, used 1871K [0x00000000eab00000, 0x00000000eb600000, 0x0000000100000000)
  eden space 5632K, 0% used [0x00000000eab00000,0x00000000eab00000,0x00000000eb080000)
  from space 2048K, 91% used [0x00000000eb400000,0x00000000eb5d3c80,0x00000000eb600000)
  to   space 2560K, 0% used [0x00000000eb100000,0x00000000eb100000,0x00000000eb380000)
 ParOldGen       total 308736K, used 308253K [0x00000000c0000000, 0x00000000d2d80000, 0x00000000eab00000)
  object space 308736K, 99% used [0x00000000c0000000,0x00000000d2d077c0,0x00000000d2d80000)
 Metaspace       used 56879K, committed 58112K, reserved 1114112K
  class space    used 5853K, committed 6400K, reserved 1048576K
}
Event: 8.560 GC heap before
{Heap before GC invocations=199 (full 2):
 PSYoungGen      total 7680K, used 7480K [0x00000000eab00000, 0x00000000eb600000, 0x0000000100000000)
  eden space 5632K, 99% used [0x00000000eab00000,0x00000000eb07a5c0,0x00000000eb080000)
  from space 2048K, 91% used [0x00000000eb400000,0x00000000eb5d3c80,0x00000000eb600000)
  to   space 2560K, 0% used [0x00000000eb100000,0x00000000eb100000,0x00000000eb380000)
 ParOldGen       total 308736K, used 308253K [0x00000000c0000000, 0x00000000d2d80000, 0x00000000eab00000)
  object space 308736K, 99% used [0x00000000c0000000,0x00000000d2d077c0,0x00000000d2d80000)
 Metaspace       used 56891K, committed 58176K, reserved 1114112K
  class space    used 5854K, committed 6400K, reserved 1048576K
}
Event: 8.562 GC heap after
{Heap after GC invocations=199 (full 2):
 PSYoungGen      total 8704K, used 2174K [0x00000000eab00000, 0x00000000eb700000, 0x0000000100000000)
  eden space 6144K, 0% used [0x00000000eab00000,0x00000000eab00000,0x00000000eb100000)
  from space 2560K, 84% used [0x00000000eb100000,0x00000000eb31f8a8,0x00000000eb380000)
  to   space 2560K, 0% used [0x00000000eb480000,0x00000000eb480000,0x00000000eb700000)
 ParOldGen       total 310272K, used 309939K [0x00000000c0000000, 0x00000000d2f00000, 0x00000000eab00000)
  object space 310272K, 99% used [0x00000000c0000000,0x00000000d2eace80,0x00000000d2f00000)
 Metaspace       used 56891K, committed 58176K, reserved 1114112K
  class space    used 5854K, committed 6400K, reserved 1048576K
}
Event: 8.567 GC heap before
{Heap before GC invocations=200 (full 2):
 PSYoungGen      total 8704K, used 8318K [0x00000000eab00000, 0x00000000eb700000, 0x0000000100000000)
  eden space 6144K, 100% used [0x00000000eab00000,0x00000000eb100000,0x00000000eb100000)
  from space 2560K, 84% used [0x00000000eb100000,0x00000000eb31f8a8,0x00000000eb380000)
  to   space 2560K, 0% used [0x00000000eb480000,0x00000000eb480000,0x00000000eb700000)
 ParOldGen       total 310272K, used 309939K [0x00000000c0000000, 0x00000000d2f00000, 0x00000000eab00000)
  object space 310272K, 99% used [0x00000000c0000000,0x00000000d2eace80,0x00000000d2f00000)
 Metaspace       used 56901K, committed 58176K, reserved 1114112K
  class space    used 5854K, committed 6400K, reserved 1048576K
}
Event: 8.568 GC heap after
{Heap after GC invocations=200 (full 2):
 PSYoungGen      total 9216K, used 2533K [0x00000000eab00000, 0x00000000eb880000, 0x0000000100000000)
  eden space 6656K, 0% used [0x00000000eab00000,0x00000000eab00000,0x00000000eb180000)
  from space 2560K, 98% used [0x00000000eb480000,0x00000000eb6f9400,0x00000000eb700000)
  to   space 3072K, 0% used [0x00000000eb180000,0x00000000eb180000,0x00000000eb480000)
 ParOldGen       total 312320K, used 311916K [0x00000000c0000000, 0x00000000d3100000, 0x00000000eab00000)
  object space 312320K, 99% used [0x00000000c0000000,0x00000000d309b318,0x00000000d3100000)
 Metaspace       used 56901K, committed 58176K, reserved 1114112K
  class space    used 5854K, committed 6400K, reserved 1048576K
}
Event: 8.591 GC heap before
{Heap before GC invocations=201 (full 2):
 PSYoungGen      total 9216K, used 9189K [0x00000000eab00000, 0x00000000eb880000, 0x0000000100000000)
  eden space 6656K, 100% used [0x00000000eab00000,0x00000000eb180000,0x00000000eb180000)
  from space 2560K, 98% used [0x00000000eb480000,0x00000000eb6f9400,0x00000000eb700000)
  to   space 3072K, 0% used [0x00000000eb180000,0x00000000eb180000,0x00000000eb480000)
 ParOldGen       total 312320K, used 311916K [0x00000000c0000000, 0x00000000d3100000, 0x00000000eab00000)
  object space 312320K, 99% used [0x00000000c0000000,0x00000000d309b318,0x00000000d3100000)
 Metaspace       used 56912K, committed 58176K, reserved 1114112K
  class space    used 5855K, committed 6400K, reserved 1048576K
}
Event: 8.593 GC heap after
{Heap after GC invocations=201 (full 2):
 PSYoungGen      total 9728K, used 2663K [0x00000000eab00000, 0x00000000eb900000, 0x0000000100000000)
  eden space 6656K, 0% used [0x00000000eab00000,0x00000000eab00000,0x00000000eb180000)
  from space 3072K, 86% used [0x00000000eb180000,0x00000000eb419c90,0x00000000eb480000)
  to   space 3072K, 0% used [0x00000000eb600000,0x00000000eb600000,0x00000000eb900000)
 ParOldGen       total 314368K, used 314247K [0x00000000c0000000, 0x00000000d3300000, 0x00000000eab00000)
  object space 314368K, 99% used [0x00000000c0000000,0x00000000d32e1c88,0x00000000d3300000)
 Metaspace       used 56912K, committed 58176K, reserved 1114112K
  class space    used 5855K, committed 6400K, reserved 1048576K
}
Event: 8.604 GC heap before
{Heap before GC invocations=202 (full 2):
 PSYoungGen      total 9728K, used 9288K [0x00000000eab00000, 0x00000000eb900000, 0x0000000100000000)
  eden space 6656K, 99% used [0x00000000eab00000,0x00000000eb178758,0x00000000eb180000)
  from space 3072K, 86% used [0x00000000eb180000,0x00000000eb419c90,0x00000000eb480000)
  to   space 3072K, 0% used [0x00000000eb600000,0x00000000eb600000,0x00000000eb900000)
 ParOldGen       total 314368K, used 314247K [0x00000000c0000000, 0x00000000d3300000, 0x00000000eab00000)
  object space 314368K, 99% used [0x00000000c0000000,0x00000000d32e1c88,0x00000000d3300000)
 Metaspace       used 56915K, committed 58176K, reserved 1114112K
  class space    used 5855K, committed 6400K, reserved 1048576K
}
Event: 8.606 GC heap after
{Heap after GC invocations=202 (full 2):
 PSYoungGen      total 11264K, used 2639K [0x00000000eab00000, 0x00000000eb900000, 0x0000000100000000)
  eden space 8192K, 0% used [0x00000000eab00000,0x00000000eab00000,0x00000000eb300000)
  from space 3072K, 85% used [0x00000000eb600000,0x00000000eb893cb0,0x00000000eb900000)
  to   space 3072K, 0% used [0x00000000eb300000,0x00000000eb300000,0x00000000eb600000)
 ParOldGen       total 316928K, used 316700K [0x00000000c0000000, 0x00000000d3580000, 0x00000000eab00000)
  object space 316928K, 99% used [0x00000000c0000000,0x00000000d35472d0,0x00000000d3580000)
 Metaspace       used 56915K, committed 58176K, reserved 1114112K
  class space    used 5855K, committed 6400K, reserved 1048576K
}
Event: 8.617 GC heap before
{Heap before GC invocations=203 (full 2):
 PSYoungGen      total 11264K, used 10831K [0x00000000eab00000, 0x00000000eb900000, 0x0000000100000000)
  eden space 8192K, 100% used [0x00000000eab00000,0x00000000eb300000,0x00000000eb300000)
  from space 3072K, 85% used [0x00000000eb600000,0x00000000eb893cb0,0x00000000eb900000)
  to   space 3072K, 0% used [0x00000000eb300000,0x00000000eb300000,0x00000000eb600000)
 ParOldGen       total 316928K, used 316700K [0x00000000c0000000, 0x00000000d3580000, 0x00000000eab00000)
  object space 316928K, 99% used [0x00000000c0000000,0x00000000d35472d0,0x00000000d3580000)
 Metaspace       used 56922K, committed 58176K, reserved 1114112K
  class space    used 5855K, committed 6400K, reserved 1048576K
}
Event: 9.642 GC heap after
{Heap after GC invocations=203 (full 2):
 PSYoungGen      total 11264K, used 3023K [0x00000000eab00000, 0x00000000ebc00000, 0x0000000100000000)
  eden space 8192K, 0% used [0x00000000eab00000,0x00000000eab00000,0x00000000eb300000)
  from space 3072K, 98% used [0x00000000eb300000,0x00000000eb5f3f80,0x00000000eb600000)
  to   space 3584K, 0% used [0x00000000eb880000,0x00000000eb880000,0x00000000ebc00000)
 ParOldGen       total 319488K, used 319174K [0x00000000c0000000, 0x00000000d3800000, 0x00000000eab00000)
  object space 319488K, 99% used [0x00000000c0000000,0x00000000d37b1a50,0x00000000d3800000)
 Metaspace       used 56922K, committed 58176K, reserved 1114112K
  class space    used 5855K, committed 6400K, reserved 1048576K
}
Event: 9.652 GC heap before
{Heap before GC invocations=204 (full 2):
 PSYoungGen      total 11264K, used 11215K [0x00000000eab00000, 0x00000000ebc00000, 0x0000000100000000)
  eden space 8192K, 100% used [0x00000000eab00000,0x00000000eb300000,0x00000000eb300000)
  from space 3072K, 98% used [0x00000000eb300000,0x00000000eb5f3f80,0x00000000eb600000)
  to   space 3584K, 0% used [0x00000000eb880000,0x00000000eb880000,0x00000000ebc00000)
 ParOldGen       total 319488K, used 319174K [0x00000000c0000000, 0x00000000d3800000, 0x00000000eab00000)
  object space 319488K, 99% used [0x00000000c0000000,0x00000000d37b1a50,0x00000000d3800000)
 Metaspace       used 56941K, committed 58240K, reserved 1114112K
  class space    used 5857K, committed 6464K, reserved 1048576K
}
Event: 9.654 GC heap after
{Heap after GC invocations=204 (full 2):
 PSYoungGen      total 13312K, used 2568K [0x00000000eab00000, 0x00000000ebb80000, 0x0000000100000000)
  eden space 10240K, 0% used [0x00000000eab00000,0x00000000eab00000,0x00000000eb500000)
  from space 3072K, 83% used [0x00000000eb880000,0x00000000ebb02038,0x00000000ebb80000)
  to   space 3072K, 0% used [0x00000000eb580000,0x00000000eb580000,0x00000000eb880000)
 ParOldGen       total 322560K, used 322072K [0x00000000c0000000, 0x00000000d3b00000, 0x00000000eab00000)
  object space 322560K, 99% used [0x00000000c0000000,0x00000000d3a86248,0x00000000d3b00000)
 Metaspace       used 56941K, committed 58240K, reserved 1114112K
  class space    used 5857K, committed 6464K, reserved 1048576K
}
Event: 9.710 GC heap before
{Heap before GC invocations=205 (full 2):
 PSYoungGen      total 13312K, used 12808K [0x00000000eab00000, 0x00000000ebb80000, 0x0000000100000000)
  eden space 10240K, 100% used [0x00000000eab00000,0x00000000eb500000,0x00000000eb500000)
  from space 3072K, 83% used [0x00000000eb880000,0x00000000ebb02038,0x00000000ebb80000)
  to   space 3072K, 0% used [0x00000000eb580000,0x00000000eb580000,0x00000000eb880000)
 ParOldGen       total 322560K, used 322072K [0x00000000c0000000, 0x00000000d3b00000, 0x00000000eab00000)
  object space 322560K, 99% used [0x00000000c0000000,0x00000000d3a86248,0x00000000d3b00000)
 Metaspace       used 56991K, committed 58304K, reserved 1114112K
  class space    used 5859K, committed 6464K, reserved 1048576K
}
Event: 9.712 GC heap after
{Heap after GC invocations=205 (full 2):
 PSYoungGen      total 13824K, used 2350K [0x00000000eab00000, 0x00000000ebc00000, 0x0000000100000000)
  eden space 10752K, 0% used [0x00000000eab00000,0x00000000eab00000,0x00000000eb580000)
  from space 3072K, 76% used [0x00000000eb580000,0x00000000eb7cb860,0x00000000eb880000)
  to   space 2560K, 0% used [0x00000000eb980000,0x00000000eb980000,0x00000000ebc00000)
 ParOldGen       total 324608K, used 324478K [0x00000000c0000000, 0x00000000d3d00000, 0x00000000eab00000)
  object space 324608K, 99% used [0x00000000c0000000,0x00000000d3cdf9d0,0x00000000d3d00000)
 Metaspace       used 56991K, committed 58304K, reserved 1114112K
  class space    used 5859K, committed 6464K, reserved 1048576K
}

Dll operation events (10 events):
Event: 0.008 Loaded shared library c:\Users\MSI\.vscode\extensions\redhat.java-1.41.1-win32-x64\jre\21.0.6-win32-x86_64\bin\java.dll
Event: 0.025 Loaded shared library c:\Users\MSI\.vscode\extensions\redhat.java-1.41.1-win32-x64\jre\21.0.6-win32-x86_64\bin\zip.dll
Event: 0.067 Loaded shared library C:\Users\MSI\.vscode\extensions\redhat.java-1.41.1-win32-x64\jre\21.0.6-win32-x86_64\bin\instrument.dll
Event: 0.072 Loaded shared library C:\Users\MSI\.vscode\extensions\redhat.java-1.41.1-win32-x64\jre\21.0.6-win32-x86_64\bin\net.dll
Event: 0.073 Loaded shared library C:\Users\MSI\.vscode\extensions\redhat.java-1.41.1-win32-x64\jre\21.0.6-win32-x86_64\bin\nio.dll
Event: 0.076 Loaded shared library C:\Users\MSI\.vscode\extensions\redhat.java-1.41.1-win32-x64\jre\21.0.6-win32-x86_64\bin\zip.dll
Event: 0.093 Loaded shared library C:\Users\MSI\.vscode\extensions\redhat.java-1.41.1-win32-x64\jre\21.0.6-win32-x86_64\bin\jimage.dll
Event: 0.167 Loaded shared library c:\Users\MSI\.vscode\extensions\redhat.java-1.41.1-win32-x64\jre\21.0.6-win32-x86_64\bin\verify.dll
Event: 1.037 Loaded shared library C:\Users\MSI\AppData\Roaming\Code\User\globalStorage\redhat.java\1.41.1\config_win\org.eclipse.equinox.launcher\org.eclipse.equinox.launcher.win32.win32.x86_64_1.2.1300.v20250331-1702\eclipse_11911.dll
Event: 1.952 Loaded shared library C:\Users\MSI\AppData\Local\Temp\jna-76643\jna5494366721826579673.dll

Deoptimization events (20 events):
Event: 9.704 Thread 0x000001f8ecbcc430 Uncommon trap: trap_request=0xffffffbe fr.pc=0x000001f89a2f00e4 relative=0x0000000000000e64
Event: 9.704 Thread 0x000001f8ecbcc430 Uncommon trap: reason=profile_predicate action=maybe_recompile pc=0x000001f89a2f00e4 method=lombok.eclipse.handlers.EclipseHandlerUtil.findCopyableAnnotations(Llombok/eclipse/EclipseNode;)[Lorg/eclipse/jdt/internal/compiler/ast/Annotation; @ 217 c2
Event: 9.704 Thread 0x000001f8ecbcc430 DEOPT PACKING pc=0x000001f89a2f00e4 sp=0x0000001d838fd560
Event: 9.704 Thread 0x000001f8ecbcc430 DEOPT UNPACKING pc=0x000001f899573aa2 sp=0x0000001d838fd538 mode 2
Event: 9.704 Thread 0x000001f8ecbcc430 Uncommon trap: trap_request=0xffffffbe fr.pc=0x000001f89a2f00e4 relative=0x0000000000000e64
Event: 9.704 Thread 0x000001f8ecbcc430 Uncommon trap: reason=profile_predicate action=maybe_recompile pc=0x000001f89a2f00e4 method=lombok.eclipse.handlers.EclipseHandlerUtil.findCopyableAnnotations(Llombok/eclipse/EclipseNode;)[Lorg/eclipse/jdt/internal/compiler/ast/Annotation; @ 217 c2
Event: 9.704 Thread 0x000001f8ecbcc430 DEOPT PACKING pc=0x000001f89a2f00e4 sp=0x0000001d838fd560
Event: 9.704 Thread 0x000001f8ecbcc430 DEOPT UNPACKING pc=0x000001f899573aa2 sp=0x0000001d838fd538 mode 2
Event: 9.704 Thread 0x000001f8ecbcc430 Uncommon trap: trap_request=0xffffffbe fr.pc=0x000001f89a2f00e4 relative=0x0000000000000e64
Event: 9.705 Thread 0x000001f8ecbcc430 Uncommon trap: reason=profile_predicate action=maybe_recompile pc=0x000001f89a2f00e4 method=lombok.eclipse.handlers.EclipseHandlerUtil.findCopyableAnnotations(Llombok/eclipse/EclipseNode;)[Lorg/eclipse/jdt/internal/compiler/ast/Annotation; @ 217 c2
Event: 9.705 Thread 0x000001f8ecbcc430 DEOPT PACKING pc=0x000001f89a2f00e4 sp=0x0000001d838fd560
Event: 9.705 Thread 0x000001f8ecbcc430 DEOPT UNPACKING pc=0x000001f899573aa2 sp=0x0000001d838fd538 mode 2
Event: 9.755 Thread 0x000001f8ecbcd7e0 Uncommon trap: trap_request=0xffffff45 fr.pc=0x000001f899f65bf0 relative=0x00000000000003f0
Event: 9.755 Thread 0x000001f8ecbcd7e0 Uncommon trap: reason=unstable_if action=reinterpret pc=0x000001f899f65bf0 method=org.eclipse.jdt.internal.compiler.util.HashtableOfObject.putUnsafely([CLjava/lang/Object;)V @ 70 c2
Event: 9.755 Thread 0x000001f8ecbcd7e0 DEOPT PACKING pc=0x000001f899f65bf0 sp=0x0000001d84bfeda0
Event: 9.755 Thread 0x000001f8ecbcd7e0 DEOPT UNPACKING pc=0x000001f899573aa2 sp=0x0000001d84bfed48 mode 2
Event: 9.755 Thread 0x000001f8ecbcd7e0 Uncommon trap: trap_request=0xffffff45 fr.pc=0x000001f899f0df78 relative=0x0000000000000518
Event: 9.755 Thread 0x000001f8ecbcd7e0 Uncommon trap: reason=unstable_if action=reinterpret pc=0x000001f899f0df78 method=org.eclipse.jdt.internal.compiler.util.HashtableOfObject.get([C)Ljava/lang/Object; @ 37 c2
Event: 9.755 Thread 0x000001f8ecbcd7e0 DEOPT PACKING pc=0x000001f899f0df78 sp=0x0000001d84bfedb0
Event: 9.755 Thread 0x000001f8ecbcd7e0 DEOPT UNPACKING pc=0x000001f899573aa2 sp=0x0000001d84bfed40 mode 2

Classes loaded (20 events):
Event: 6.037 Loading class java/util/stream/MatchOps$MatchKind
Event: 6.037 Loading class java/util/stream/MatchOps$MatchKind done
Event: 6.037 Loading class java/util/stream/MatchOps
Event: 6.037 Loading class java/util/stream/MatchOps done
Event: 6.037 Loading class java/util/stream/MatchOps$MatchOp
Event: 6.038 Loading class java/util/stream/MatchOps$MatchOp done
Event: 6.038 Loading class java/util/stream/MatchOps$BooleanTerminalSink
Event: 6.038 Loading class java/util/stream/MatchOps$BooleanTerminalSink done
Event: 6.038 Loading class java/util/stream/MatchOps$1MatchSink
Event: 6.038 Loading class java/util/stream/MatchOps$1MatchSink done
Event: 6.220 Loading class java/util/concurrent/ForkJoinTask$AdaptedCallable
Event: 6.220 Loading class java/util/concurrent/ForkJoinTask$AdaptedCallable done
Event: 6.279 Loading class java/lang/Runtime$VersionPattern
Event: 6.279 Loading class java/lang/Runtime$VersionPattern done
Event: 6.461 Loading class java/util/Vector$1
Event: 6.461 Loading class java/util/Vector$1 done
Event: 6.696 Loading class java/util/regex/Pattern$Caret
Event: 6.696 Loading class java/util/regex/Pattern$Caret done
Event: 6.723 Loading class java/util/regex/Pattern$LazyLoop
Event: 6.723 Loading class java/util/regex/Pattern$LazyLoop done

Classes unloaded (7 events):
Event: 2.302 Thread 0x000001f88ef7ec30 Unloading class 0x000001f8a5198800 'java/lang/invoke/LambdaForm$MH+0x000001f8a5198800'
Event: 2.302 Thread 0x000001f88ef7ec30 Unloading class 0x000001f8a5198400 'java/lang/invoke/LambdaForm$MH+0x000001f8a5198400'
Event: 2.302 Thread 0x000001f88ef7ec30 Unloading class 0x000001f8a5198000 'java/lang/invoke/LambdaForm$MH+0x000001f8a5198000'
Event: 2.302 Thread 0x000001f88ef7ec30 Unloading class 0x000001f8a5197c00 'java/lang/invoke/LambdaForm$MH+0x000001f8a5197c00'
Event: 2.302 Thread 0x000001f88ef7ec30 Unloading class 0x000001f8a5197800 'java/lang/invoke/LambdaForm$BMH+0x000001f8a5197800'
Event: 2.302 Thread 0x000001f88ef7ec30 Unloading class 0x000001f8a5197400 'java/lang/invoke/LambdaForm$DMH+0x000001f8a5197400'
Event: 2.302 Thread 0x000001f88ef7ec30 Unloading class 0x000001f8a5196400 'java/lang/invoke/LambdaForm$DMH+0x000001f8a5196400'

Classes redefined (0 events):
No events

Internal exceptions (20 events):
Event: 6.224 Thread 0x000001f8ed7142b0 Exception <a 'sun/nio/fs/WindowsException'{0x00000000eb235708}> (0x00000000eb235708) 
thrown [s\src\hotspot\share\prims\jni.cpp, line 520]
Event: 6.224 Thread 0x000001f8ed714fd0 Exception <a 'sun/nio/fs/WindowsException'{0x00000000eb27f1f8}> (0x00000000eb27f1f8) 
thrown [s\src\hotspot\share\prims\jni.cpp, line 520]
Event: 6.224 Thread 0x000001f8ed716380 Exception <a 'sun/nio/fs/WindowsException'{0x00000000eb2ffb10}> (0x00000000eb2ffb10) 
thrown [s\src\hotspot\share\prims\jni.cpp, line 520]
Event: 6.225 Thread 0x000001f8ed716a10 Exception <a 'sun/nio/fs/WindowsException'{0x00000000eb312ef0}> (0x00000000eb312ef0) 
thrown [s\src\hotspot\share\prims\jni.cpp, line 520]
Event: 6.225 Thread 0x000001f8ed717730 Exception <a 'sun/nio/fs/WindowsException'{0x00000000eb2b7d88}> (0x00000000eb2b7d88) 
thrown [s\src\hotspot\share\prims\jni.cpp, line 520]
Event: 6.225 Thread 0x000001f8ed7142b0 Exception <a 'sun/nio/fs/WindowsException'{0x00000000eb236a90}> (0x00000000eb236a90) 
thrown [s\src\hotspot\share\prims\jni.cpp, line 520]
Event: 6.225 Thread 0x000001f8f9c00cf0 Exception <a 'sun/nio/fs/WindowsException'{0x00000000eb34e128}> (0x00000000eb34e128) 
thrown [s\src\hotspot\share\prims\jni.cpp, line 520]
Event: 6.225 Thread 0x000001f8ed716a10 Exception <a 'sun/nio/fs/WindowsException'{0x00000000eb314228}> (0x00000000eb314228) 
thrown [s\src\hotspot\share\prims\jni.cpp, line 520]
Event: 6.226 Thread 0x000001f8ed717730 Exception <a 'sun/nio/fs/WindowsException'{0x00000000eb2bb348}> (0x00000000eb2bb348) 
thrown [s\src\hotspot\share\prims\jni.cpp, line 520]
Event: 6.226 Thread 0x000001f8ed716a10 Exception <a 'sun/nio/fs/WindowsException'{0x00000000eb315598}> (0x00000000eb315598) 
thrown [s\src\hotspot\share\prims\jni.cpp, line 520]
Event: 6.227 Thread 0x000001f8ed715660 Exception <a 'sun/nio/fs/WindowsException'{0x00000000eb2f7070}> (0x00000000eb2f7070) 
thrown [s\src\hotspot\share\prims\jni.cpp, line 520]
Event: 6.228 Thread 0x000001f8ed714940 Exception <a 'sun/nio/fs/WindowsException'{0x00000000eb271988}> (0x00000000eb271988) 
thrown [s\src\hotspot\share\prims\jni.cpp, line 520]
Event: 6.229 Thread 0x000001f8f9c01380 Exception <a 'sun/nio/fs/WindowsException'{0x00000000eb35db08}> (0x00000000eb35db08) 
thrown [s\src\hotspot\share\prims\jni.cpp, line 520]
Event: 6.231 Thread 0x000001f8ed716a10 Exception <a 'sun/nio/fs/WindowsException'{0x00000000eb318f58}> (0x00000000eb318f58) 
thrown [s\src\hotspot\share\prims\jni.cpp, line 520]
Event: 6.236 Thread 0x000001f8ecbcc430 Exception <a 'sun/nio/fs/WindowsException'{0x00000000eb4740e8}> (0x00000000eb4740e8) 
thrown [s\src\hotspot\share\prims\jni.cpp, line 520]
Event: 6.236 Thread 0x000001f8ed715cf0 Exception <a 'sun/nio/fs/WindowsException'{0x00000000eb200068}> (0x00000000eb200068) 
thrown [s\src\hotspot\share\prims\jni.cpp, line 520]
Event: 7.244 Thread 0x000001f8ecbcc430 Implicit null exception at 0x000001f89a08ec5a to 0x000001f89a08ecb3
Event: 7.338 Thread 0x000001f8ecbcc430 Exception <a 'java/lang/NoSuchMethodError'{0x00000000eac66f80}: 'java.lang.Object java.lang.invoke.DirectMethodHandle$Holder.invokeStatic(java.lang.Object, java.lang.Object, int, int)'> (0x00000000eac66f80) 
thrown [s\src\hotspot\share\interpreter\linkResolver.cpp, line 773]
Event: 7.339 Thread 0x000001f8ecbcc430 Exception <a 'java/lang/NoSuchMethodError'{0x00000000eacc6188}: 'java.lang.Object java.lang.invoke.DirectMethodHandle$Holder.invokeSpecial(java.lang.Object, java.lang.Object, java.lang.Object, int, int)'> (0x00000000eacc6188) 
thrown [s\src\hotspot\share\interpreter\linkResolver.cpp, line 773]
Event: 7.439 Thread 0x000001f8ecbcc430 Exception <a 'java/lang/NoSuchMethodError'{0x00000000eace9c78}: 'void java.lang.invoke.DelegatingMethodHandle$Holder.reinvoke_L(java.lang.Object, java.lang.Object, java.lang.Object, int, java.lang.Object, int, int)'> (0x00000000eace9c78) 
thrown [s\src\hotspot\share\interpreter\linkResolver.cpp, line 773]

ZGC Phase Switch (0 events):
No events

VM Operations (20 events):
Event: 7.536 Executing VM operation: ParallelGCFailedAllocation (Allocation Failure) done
Event: 7.539 Executing VM operation: ParallelGCFailedAllocation (Allocation Failure)
Event: 7.540 Executing VM operation: ParallelGCFailedAllocation (Allocation Failure) done
Event: 7.544 Executing VM operation: ParallelGCFailedAllocation (Allocation Failure)
Event: 8.552 Executing VM operation: ParallelGCFailedAllocation (Allocation Failure) done
Event: 8.560 Executing VM operation: ParallelGCFailedAllocation (Allocation Failure)
Event: 8.562 Executing VM operation: ParallelGCFailedAllocation (Allocation Failure) done
Event: 8.567 Executing VM operation: ParallelGCFailedAllocation (Allocation Failure)
Event: 8.568 Executing VM operation: ParallelGCFailedAllocation (Allocation Failure) done
Event: 8.591 Executing VM operation: ParallelGCFailedAllocation (Allocation Failure)
Event: 8.593 Executing VM operation: ParallelGCFailedAllocation (Allocation Failure) done
Event: 8.604 Executing VM operation: ParallelGCFailedAllocation (Allocation Failure)
Event: 8.606 Executing VM operation: ParallelGCFailedAllocation (Allocation Failure) done
Event: 8.617 Executing VM operation: ParallelGCFailedAllocation (Allocation Failure)
Event: 9.642 Executing VM operation: ParallelGCFailedAllocation (Allocation Failure) done
Event: 9.652 Executing VM operation: ParallelGCFailedAllocation (Allocation Failure)
Event: 9.654 Executing VM operation: ParallelGCFailedAllocation (Allocation Failure) done
Event: 9.710 Executing VM operation: ParallelGCFailedAllocation (Allocation Failure)
Event: 9.712 Executing VM operation: ParallelGCFailedAllocation (Allocation Failure) done
Event: 9.756 Executing VM operation: ParallelGCFailedAllocation (Allocation Failure)

Memory protections (0 events):
No events

Nmethod flushes (20 events):
Event: 3.549 Thread 0x000001f88ef7ec30 flushing  nmethod 0x000001f8927e8f10
Event: 3.549 Thread 0x000001f88ef7ec30 flushing  nmethod 0x000001f8927ea110
Event: 3.549 Thread 0x000001f88ef7ec30 flushing  nmethod 0x000001f8927ea910
Event: 3.549 Thread 0x000001f88ef7ec30 flushing  nmethod 0x000001f8927eb090
Event: 3.549 Thread 0x000001f88ef7ec30 flushing  nmethod 0x000001f8927ec610
Event: 3.549 Thread 0x000001f88ef7ec30 flushing  nmethod 0x000001f8927ecb10
Event: 3.549 Thread 0x000001f88ef7ec30 flushing  nmethod 0x000001f8927ed410
Event: 3.549 Thread 0x000001f88ef7ec30 flushing  nmethod 0x000001f8927ee810
Event: 3.549 Thread 0x000001f88ef7ec30 flushing  nmethod 0x000001f8927f0290
Event: 3.549 Thread 0x000001f88ef7ec30 flushing  nmethod 0x000001f8927f1d10
Event: 3.549 Thread 0x000001f88ef7ec30 flushing  nmethod 0x000001f892837310
Event: 3.549 Thread 0x000001f88ef7ec30 flushing  nmethod 0x000001f89283de10
Event: 3.549 Thread 0x000001f88ef7ec30 flushing  nmethod 0x000001f892844d10
Event: 3.549 Thread 0x000001f88ef7ec30 flushing  nmethod 0x000001f8928dcc10
Event: 3.549 Thread 0x000001f88ef7ec30 flushing  nmethod 0x000001f8928fd910
Event: 3.549 Thread 0x000001f88ef7ec30 flushing  nmethod 0x000001f8928fe310
Event: 3.549 Thread 0x000001f88ef7ec30 flushing  nmethod 0x000001f892937490
Event: 3.549 Thread 0x000001f88ef7ec30 flushing  nmethod 0x000001f892949c10
Event: 3.549 Thread 0x000001f88ef7ec30 flushing  nmethod 0x000001f89294a090
Event: 3.549 Thread 0x000001f88ef7ec30 flushing  nmethod 0x000001f892974e10

Events (20 events):
Event: 6.224 Thread 0x000001f8ed716380 Thread added: 0x000001f8f9c03450
Event: 6.224 Thread 0x000001f8ed716a10 Thread added: 0x000001f8f9c02dc0
Event: 6.225 Thread 0x000001f8ed717730 Thread added: 0x000001f8f9c00660
Event: 6.225 Thread 0x000001f8f9c00cf0 Thread added: 0x000001f8f9c01a10
Event: 6.225 Thread 0x000001f8ed714940 Thread added: 0x000001f8f9c02730
Event: 6.273 Thread 0x000001f8ecbcc430 Thread added: 0x000001f8f9bfffd0
Event: 6.273 Thread 0x000001f8ecbcc430 Thread added: 0x000001f8f9c04170
Event: 6.274 Thread 0x000001f8ecbcc430 Thread added: 0x000001f8f9c04e90
Event: 6.274 Thread 0x000001f8ecbcc430 Thread added: 0x000001f8f9c068d0
Event: 6.274 Thread 0x000001f8ecbcc430 Thread added: 0x000001f8f9c04800
Event: 6.274 Thread 0x000001f8ecbcc430 Thread added: 0x000001f8f9c06240
Event: 6.274 Thread 0x000001f8ecbcc430 Thread added: 0x000001f8f9c03ae0
Event: 6.274 Thread 0x000001f8ecbcc430 Thread added: 0x000001f8f9c05520
Event: 6.274 Thread 0x000001f8f9c06240 Thread added: 0x000001f8f9c05bb0
Event: 6.274 Thread 0x000001f8f9c03ae0 Thread added: 0x000001f8f9c06f60
Event: 6.274 Thread 0x000001f8f9c05bb0 Thread added: 0x000001f8f9c075f0
Event: 6.275 Thread 0x000001f8f9c04170 Thread added: 0x000001f8f010e7a0
Event: 6.275 Thread 0x000001f8f010e7a0 Thread added: 0x000001f8f010fb50
Event: 6.275 Thread 0x000001f8f9bfffd0 Thread added: 0x000001f8f010f4c0
Event: 7.388 Thread 0x000001f8ecbcde70 Thread exited: 0x000001f8ecbcde70


Dynamic libraries:
0x00007ff65c9b0000 - 0x00007ff65c9be000 	c:\Users\MSI\.vscode\extensions\redhat.java-1.41.1-win32-x64\jre\21.0.6-win32-x86_64\bin\java.exe
0x00007ffee5c80000 - 0x00007ffee5ee0000 	C:\WINDOWS\SYSTEM32\ntdll.dll
0x00007ffee47b0000 - 0x00007ffee4877000 	C:\WINDOWS\System32\KERNEL32.DLL
0x00007ffee3680000 - 0x00007ffee3a4a000 	C:\WINDOWS\System32\KERNELBASE.dll
0x00007ffee2e60000 - 0x00007ffee2fab000 	C:\WINDOWS\System32\ucrtbase.dll
0x00007ffed82d0000 - 0x00007ffed82ee000 	c:\Users\MSI\.vscode\extensions\redhat.java-1.41.1-win32-x64\jre\21.0.6-win32-x86_64\bin\VCRUNTIME140.dll
0x00007ffec7270000 - 0x00007ffec7288000 	c:\Users\MSI\.vscode\extensions\redhat.java-1.41.1-win32-x64\jre\21.0.6-win32-x86_64\bin\jli.dll
0x00007ffee4ef0000 - 0x00007ffee50bc000 	C:\WINDOWS\System32\USER32.dll
0x00007ffecebf0000 - 0x00007ffecee87000 	C:\WINDOWS\WinSxS\amd64_microsoft.windows.common-controls_6595b64144ccf1df_6.0.26100.3624_none_3e086962e3345f24\COMCTL32.dll
0x00007ffee3a50000 - 0x00007ffee3a77000 	C:\WINDOWS\System32\win32u.dll
0x00007ffee5b10000 - 0x00007ffee5bb9000 	C:\WINDOWS\System32\msvcrt.dll
0x00007ffee5120000 - 0x00007ffee514a000 	C:\WINDOWS\System32\GDI32.dll
0x00007ffee2fb0000 - 0x00007ffee30e1000 	C:\WINDOWS\System32\gdi32full.dll
0x00007ffee3460000 - 0x00007ffee3503000 	C:\WINDOWS\System32\msvcp_win.dll
0x00007ffee41b0000 - 0x00007ffee41df000 	C:\WINDOWS\System32\IMM32.DLL
0x00007ffede080000 - 0x00007ffede08c000 	c:\Users\MSI\.vscode\extensions\redhat.java-1.41.1-win32-x64\jre\21.0.6-win32-x86_64\bin\vcruntime140_1.dll
0x00007ffe87fa0000 - 0x00007ffe8802d000 	c:\Users\MSI\.vscode\extensions\redhat.java-1.41.1-win32-x64\jre\21.0.6-win32-x86_64\bin\msvcp140.dll
0x00007ffe5d370000 - 0x00007ffe5e100000 	c:\Users\MSI\.vscode\extensions\redhat.java-1.41.1-win32-x64\jre\21.0.6-win32-x86_64\bin\server\jvm.dll
0x00007ffee46f0000 - 0x00007ffee47a2000 	C:\WINDOWS\System32\ADVAPI32.dll
0x00007ffee58a0000 - 0x00007ffee5946000 	C:\WINDOWS\System32\sechost.dll
0x00007ffee4dc0000 - 0x00007ffee4ed6000 	C:\WINDOWS\System32\RPCRT4.dll
0x00007ffee5820000 - 0x00007ffee5894000 	C:\WINDOWS\System32\WS2_32.dll
0x00007ffee2cb0000 - 0x00007ffee2d0e000 	C:\WINDOWS\SYSTEM32\POWRPROF.dll
0x00007ffedcf10000 - 0x00007ffedcf46000 	C:\WINDOWS\SYSTEM32\WINMM.dll
0x00007ffedcf50000 - 0x00007ffedcf5b000 	C:\WINDOWS\SYSTEM32\VERSION.dll
0x00007ffee2c90000 - 0x00007ffee2ca4000 	C:\WINDOWS\SYSTEM32\UMPDC.dll
0x00007ffee1c70000 - 0x00007ffee1c8a000 	C:\WINDOWS\SYSTEM32\kernel.appcore.dll
0x00007ffedd300000 - 0x00007ffedd30a000 	c:\Users\MSI\.vscode\extensions\redhat.java-1.41.1-win32-x64\jre\21.0.6-win32-x86_64\bin\jimage.dll
0x00007ffed6c20000 - 0x00007ffed6e61000 	C:\WINDOWS\SYSTEM32\DBGHELP.DLL
0x00007ffee4880000 - 0x00007ffee4c02000 	C:\WINDOWS\System32\combase.dll
0x00007ffee4430000 - 0x00007ffee4506000 	C:\WINDOWS\System32\OLEAUT32.dll
0x00007ffecc630000 - 0x00007ffecc669000 	C:\WINDOWS\SYSTEM32\dbgcore.DLL
0x00007ffee31b0000 - 0x00007ffee3249000 	C:\WINDOWS\System32\bcryptPrimitives.dll
0x00007ffed9c70000 - 0x00007ffed9c7f000 	c:\Users\MSI\.vscode\extensions\redhat.java-1.41.1-win32-x64\jre\21.0.6-win32-x86_64\bin\instrument.dll
0x00007ffec5040000 - 0x00007ffec505f000 	c:\Users\MSI\.vscode\extensions\redhat.java-1.41.1-win32-x64\jre\21.0.6-win32-x86_64\bin\java.dll
0x00007ffee3a80000 - 0x00007ffee41a9000 	C:\WINDOWS\System32\SHELL32.dll
0x00007ffee3510000 - 0x00007ffee3678000 	C:\WINDOWS\System32\wintypes.dll
0x00007ffee0ae0000 - 0x00007ffee1332000 	C:\WINDOWS\SYSTEM32\windows.storage.dll
0x00007ffee5150000 - 0x00007ffee523d000 	C:\WINDOWS\System32\SHCORE.dll
0x00007ffee4200000 - 0x00007ffee4264000 	C:\WINDOWS\System32\shlwapi.dll
0x00007ffee2d70000 - 0x00007ffee2d9f000 	C:\WINDOWS\SYSTEM32\profapi.dll
0x00007ffec5020000 - 0x00007ffec5038000 	c:\Users\MSI\.vscode\extensions\redhat.java-1.41.1-win32-x64\jre\21.0.6-win32-x86_64\bin\zip.dll
0x00007ffed8d40000 - 0x00007ffed8d50000 	C:\Users\MSI\.vscode\extensions\redhat.java-1.41.1-win32-x64\jre\21.0.6-win32-x86_64\bin\net.dll
0x00007ffedcb20000 - 0x00007ffedcc3d000 	C:\WINDOWS\SYSTEM32\WINHTTP.dll
0x00007ffee2190000 - 0x00007ffee21fa000 	C:\WINDOWS\system32\mswsock.dll
0x00007ffec5000000 - 0x00007ffec5016000 	C:\Users\MSI\.vscode\extensions\redhat.java-1.41.1-win32-x64\jre\21.0.6-win32-x86_64\bin\nio.dll
0x00007ffed8c60000 - 0x00007ffed8c70000 	c:\Users\MSI\.vscode\extensions\redhat.java-1.41.1-win32-x64\jre\21.0.6-win32-x86_64\bin\verify.dll
0x00007ffed58a0000 - 0x00007ffed58e5000 	C:\Users\MSI\AppData\Roaming\Code\User\globalStorage\redhat.java\1.41.1\config_win\org.eclipse.equinox.launcher\org.eclipse.equinox.launcher.win32.win32.x86_64_1.2.1300.v20250331-1702\eclipse_11911.dll
0x00007ffee4c10000 - 0x00007ffee4da6000 	C:\WINDOWS\System32\ole32.dll
0x00007ffee2430000 - 0x00007ffee244c000 	C:\WINDOWS\SYSTEM32\CRYPTSP.dll
0x00007ffee1bd0000 - 0x00007ffee1c0a000 	C:\WINDOWS\system32\rsaenh.dll
0x00007ffee2230000 - 0x00007ffee225b000 	C:\WINDOWS\SYSTEM32\USERENV.dll
0x00007ffee2d40000 - 0x00007ffee2d66000 	C:\WINDOWS\SYSTEM32\bcrypt.dll
0x00007ffee2450000 - 0x00007ffee245c000 	C:\WINDOWS\SYSTEM32\CRYPTBASE.dll
0x00007ffee16b0000 - 0x00007ffee16e3000 	C:\WINDOWS\SYSTEM32\IPHLPAPI.DLL
0x00007ffee4db0000 - 0x00007ffee4dba000 	C:\WINDOWS\System32\NSI.dll
0x00007ffec4400000 - 0x00007ffec4449000 	C:\Users\MSI\AppData\Local\Temp\jna-76643\jna5494366721826579673.dll
0x00007ffee41f0000 - 0x00007ffee41f8000 	C:\WINDOWS\System32\PSAPI.DLL
0x00007ffedcee0000 - 0x00007ffedceff000 	C:\WINDOWS\SYSTEM32\dhcpcsvc6.DLL
0x00007ffedceb0000 - 0x00007ffedced5000 	C:\WINDOWS\SYSTEM32\dhcpcsvc.DLL

dbghelp: loaded successfully - version: 4.0.5 - missing functions: none
symbol engine: initialized successfully - sym options: 0x614 - pdb path: .;c:\Users\MSI\.vscode\extensions\redhat.java-1.41.1-win32-x64\jre\21.0.6-win32-x86_64\bin;C:\WINDOWS\SYSTEM32;C:\WINDOWS\WinSxS\amd64_microsoft.windows.common-controls_6595b64144ccf1df_6.0.26100.3624_none_3e086962e3345f24;c:\Users\MSI\.vscode\extensions\redhat.java-1.41.1-win32-x64\jre\21.0.6-win32-x86_64\bin\server;C:\Users\MSI\AppData\Roaming\Code\User\globalStorage\redhat.java\1.41.1\config_win\org.eclipse.equinox.launcher\org.eclipse.equinox.launcher.win32.win32.x86_64_1.2.1300.v20250331-1702;C:\Users\MSI\AppData\Local\Temp\jna-76643

VM Arguments:
jvm_args: --add-modules=ALL-SYSTEM --add-opens=java.base/java.util=ALL-UNNAMED --add-opens=java.base/java.lang=ALL-UNNAMED --add-opens=java.base/sun.nio.fs=ALL-UNNAMED -Declipse.application=org.eclipse.jdt.ls.core.id1 -Dosgi.bundles.defaultStartLevel=4 -Declipse.product=org.eclipse.jdt.ls.core.product -Djava.import.generatesMetadataFilesAtProjectRoot=false -DDetectVMInstallationsJob.disabled=true -Dfile.encoding=utf8 -XX:+UseParallelGC -XX:GCTimeRatio=4 -XX:AdaptiveSizePolicyWeight=90 -Dsun.zip.disableMemoryMapping=true -Xmx1G -Xms100m -Xlog:disable -javaagent:c:\Users\MSI\.vscode\extensions\redhat.java-1.41.1-win32-x64\lombok\lombok-1.18.36.jar -XX:+HeapDumpOnOutOfMemoryError -XX:HeapDumpPath=c:\Users\MSI\AppData\Roaming\Code\User\workspaceStorage\3815725e1ac4c6c69b70af32f7c49045\redhat.java -Daether.dependencyCollector.impl=bf 
java_command: c:\Users\MSI\.vscode\extensions\redhat.java-1.41.1-win32-x64\server\plugins\org.eclipse.equinox.launcher_1.7.0.v20250331-1702.jar -configuration c:\Users\MSI\AppData\Roaming\Code\User\globalStorage\redhat.java\1.41.1\config_win -data c:\Users\MSI\AppData\Roaming\Code\User\workspaceStorage\3815725e1ac4c6c69b70af32f7c49045\redhat.java\jdt_ws --pipe=\\.\pipe\lsp-84bea3887597c6b64952e1438ff0135b-sock
java_class_path (initial): c:\Users\MSI\.vscode\extensions\redhat.java-1.41.1-win32-x64\server\plugins\org.eclipse.equinox.launcher_1.7.0.v20250331-1702.jar
Launcher Type: SUN_STANDARD

[Global flags]
    uintx AdaptiveSizePolicyWeight                 = 90                                        {product} {command line}
     intx CICompilerCount                          = 12                                        {product} {ergonomic}
    uintx GCTimeRatio                              = 4                                         {product} {command line}
     bool HeapDumpOnOutOfMemoryError               = true                                   {manageable} {command line}
    ccstr HeapDumpPath                             = c:\Users\MSI\AppData\Roaming\Code\User\workspaceStorage\3815725e1ac4c6c69b70af32f7c49045\redhat.java         {manageable} {command line}
   size_t InitialHeapSize                          = 104857600                                 {product} {command line}
   size_t MaxHeapSize                              = 1073741824                                {product} {command line}
   size_t MaxNewSize                               = 357564416                                 {product} {ergonomic}
   size_t MinHeapDeltaBytes                        = 524288                                    {product} {ergonomic}
   size_t MinHeapSize                              = 104857600                                 {product} {command line}
   size_t NewSize                                  = 34603008                                  {product} {ergonomic}
    uintx NonNMethodCodeHeapSize                   = 7602480                                {pd product} {ergonomic}
    uintx NonProfiledCodeHeapSize                  = 122027880                              {pd product} {ergonomic}
   size_t OldSize                                  = 70254592                                  {product} {ergonomic}
    uintx ProfiledCodeHeapSize                     = 122027880                              {pd product} {ergonomic}
    uintx ReservedCodeCacheSize                    = 251658240                              {pd product} {ergonomic}
     bool SegmentedCodeCache                       = true                                      {product} {ergonomic}
   size_t SoftMaxHeapSize                          = 1073741824                             {manageable} {ergonomic}
     bool UseCompressedOops                        = true                           {product lp64_product} {ergonomic}
     bool UseLargePagesIndividualAllocation        = false                                  {pd product} {ergonomic}
     bool UseParallelGC                            = true                                      {product} {command line}

Logging:
Log output configuration:
 #0: stdout all=off uptime,level,tags foldmultilines=false
 #1: stderr all=off uptime,level,tags foldmultilines=false

Environment Variables:
JAVA_HOME=C:\Program Files\Java\jdk-17
PATH=C:\Program Files\Common Files\Oracle\Java\javapath;C:\Program Files (x86)\VMware\VMware Workstation\bin\;C:\Program Files\Microsoft MPI\Bin\;C:\WINDOWS\system32;C:\WINDOWS;C:\WINDOWS\System32\Wbem;C:\WINDOWS\System32\WindowsPowerShell\v1.0\;C:\WINDOWS\System32\OpenSSH\;C:\Program Files\nodejs\;C:\Program Files (x86)\Microsoft SQL Server\160\Tools\Binn\;C:\Program Files\Microsoft SQL Server\160\Tools\Binn\;C:\Program Files\Microsoft SQL Server\Client SDK\ODBC\170\Tools\Binn\;C:\Program Files\Microsoft SQL Server\160\DTS\Binn\;C:\Program Files (x86)\Microsoft SQL Server\160\DTS\Binn\;C:\Program Files\Git LFS;C:\Program Files\Git\cmd;C:\Program Files\PowerShell\7\;C:\Program Files\Java\jdk-17\bin;C:\Program Files\MySQL\MySQL Shell 8.0\bin\;C:\Users\MSI\AppData\Local\Programs\Python\Python313;C:\Users\MSI\AppData\Local\Microsoft\WindowsApps;C:\Users\MSI\AppData\Local\Programs\Microsoft VS Code\bin;C:\Users\MSI\AppData\Roaming\npm;C:\Program Files\JetBrains\IntelliJ IDEA 2024.3.1.1\bin;;
USERNAME=MSI
OS=Windows_NT
PROCESSOR_IDENTIFIER=AMD64 Family 25 Model 80 Stepping 0, AuthenticAMD
TMP=C:\Users\MSI\AppData\Local\Temp
TEMP=C:\Users\MSI\AppData\Local\Temp




Periodic native trim disabled

---------------  S Y S T E M  ---------------

OS:
 Windows 11 , 64 bit Build 26100 (10.0.26100.3775)
OS uptime: 0 days 1:25 hours
Hyper-V role detected

CPU: total 16 (initial active 16) (16 cores per cpu, 2 threads per core) family 25 model 80 stepping 0 microcode 0xa50000c, cx8, cmov, fxsr, ht, mmx, 3dnowpref, sse, sse2, sse3, ssse3, sse4a, sse4.1, sse4.2, popcnt, lzcnt, tsc, tscinvbit, avx, avx2, aes, erms, clmul, bmi1, bmi2, adx, sha, fma, vzeroupper, clflush, clflushopt, hv, rdtscp, rdpid, fsrm, f16c, cet_ss
Processor Information for the first 16 processors :
  Max Mhz: 3201, Current Mhz: 3201, Mhz Limit: 3201

Memory: 4k page, system-wide physical 15752M (5484M free)
TotalPageFile size 15752M (AvailPageFile size 81M)
current process WorkingSet (physical memory assigned to process): 732M, peak: 762M
current process commit charge ("private bytes"): 675M, peak: 704M

vm_info: OpenJDK 64-Bit Server VM (21.0.6+7-LTS) for windows-amd64 JRE (21.0.6+7-LTS), built on 2025-01-21T00:00:00Z by "admin" with MS VC++ 17.7 (VS2022)

END.
