#
# There is insufficient memory for the Java Runtime Environment to continue.
# Native memory allocation (malloc) failed to allocate 1106528 bytes. Error detail: Chunk::new
# Possible reasons:
#   The system is out of physical RAM or swap space
#   This process is running with CompressedOops enabled, and the Java Heap may be blocking the growth of the native heap
# Possible solutions:
#   Reduce memory load on the system
#   Increase physical memory or swap space
#   Check if swap backing store is full
#   Decrease Java heap size (-Xmx/-Xms)
#   Decrease number of Java threads
#   Decrease Java thread stack sizes (-Xss)
#   Set larger code cache with -XX:ReservedCodeCacheSize=
#   JVM is running with Unscaled Compressed Oops mode in which the Java heap is
#     placed in the first 4GB address space. The Java Heap base address is the
#     maximum limit for the native heap growth. Please use -XX:HeapBaseMinAddress
#     to set the Java Heap base and to place the Java Heap above 4GB virtual address.
# This output file may be truncated or incomplete.
#
#  Out of Memory Error (arena.cpp:168), pid=22672, tid=21544
#
# JRE version: OpenJDK Runtime Environment Temurin-21.0.6+7 (21.0.6+7) (build 21.0.6+7-LTS)
# Java VM: OpenJDK 64-Bit Server VM Temurin-21.0.6+7 (21.0.6+7-LTS, mixed mode, sharing, tiered, compressed oops, compressed class ptrs, parallel gc, windows-amd64)
# No core dump will be written. Minidumps are not enabled by default on client versions of Windows
#

---------------  S U M M A R Y ------------

Command Line: --add-modules=ALL-SYSTEM --add-opens=java.base/java.util=ALL-UNNAMED --add-opens=java.base/java.lang=ALL-UNNAMED --add-opens=java.base/sun.nio.fs=ALL-UNNAMED -Declipse.application=org.eclipse.jdt.ls.core.id1 -Dosgi.bundles.defaultStartLevel=4 -Declipse.product=org.eclipse.jdt.ls.core.product -Djava.import.generatesMetadataFilesAtProjectRoot=false -DDetectVMInstallationsJob.disabled=true -Dfile.encoding=utf8 -XX:+UseParallelGC -XX:GCTimeRatio=4 -XX:AdaptiveSizePolicyWeight=90 -Dsun.zip.disableMemoryMapping=true -Xmx1G -Xms100m -Xlog:disable -javaagent:c:\Users\MSI\.vscode\extensions\redhat.java-1.41.1-win32-x64\lombok\lombok-1.18.36.jar -XX:+HeapDumpOnOutOfMemoryError -XX:HeapDumpPath=c:\Users\MSI\AppData\Roaming\Code\User\workspaceStorage\3815725e1ac4c6c69b70af32f7c49045\redhat.java -Daether.dependencyCollector.impl=bf c:\Users\MSI\.vscode\extensions\redhat.java-1.41.1-win32-x64\server\plugins\org.eclipse.equinox.launcher_1.7.0.v20250331-1702.jar -configuration c:\Users\MSI\AppData\Roaming\Code\User\globalStorage\redhat.java\1.41.1\config_win -data c:\Users\MSI\AppData\Roaming\Code\User\workspaceStorage\3815725e1ac4c6c69b70af32f7c49045\redhat.java\jdt_ws --pipe=\\.\pipe\lsp-102d8a1504edda93cbef6d09c4b3335f-sock

Host: AMD Ryzen 7 5800H with Radeon Graphics         , 16 cores, 15G,  Windows 11 , 64 bit Build 26100 (10.0.26100.3775)
Time: Mon Apr 14 20:02:36 2025 SE Asia Standard Time elapsed time: 9.075501 seconds (0d 0h 0m 9s)

---------------  T H R E A D  ---------------

Current thread (0x000002008e5ef090):  JavaThread "C2 CompilerThread1" daemon [_thread_in_native, id=21544, stack(0x0000003d92200000,0x0000003d92300000) (1024K)]


Current CompileTask:
C2:9075 10721 %     4       org.eclipse.jdt.internal.core.search.indexing.BinaryIndexer::extractReferenceFromConstantPool @ 15 (358 bytes)

Stack: [0x0000003d92200000,0x0000003d92300000]
Native frames: (J=compiled Java code, j=interpreted, Vv=VM code, C=native code)
V  [jvm.dll+0x6cdee9]
V  [jvm.dll+0x8a83d1]
V  [jvm.dll+0x8aa8fe]
V  [jvm.dll+0x8aafe3]
V  [jvm.dll+0x27f706]
V  [jvm.dll+0xc500d]
V  [jvm.dll+0xc5543]
V  [jvm.dll+0x3b678c]
V  [jvm.dll+0x1e0009]
V  [jvm.dll+0x247b42]
V  [jvm.dll+0x246fcf]
V  [jvm.dll+0x1c75ee]
V  [jvm.dll+0x25685a]
V  [jvm.dll+0x254dfa]
V  [jvm.dll+0x3f0256]
V  [jvm.dll+0x851f8b]
V  [jvm.dll+0x6cc5ed]
C  [ucrtbase.dll+0x37b0]
C  [KERNEL32.DLL+0x2e8d7]
C  [ntdll.dll+0xb14fc]


---------------  P R O C E S S  ---------------

Threads class SMR info:
_java_thread_list=0x00000200a4cc7070, length=103, elements={
0x00000200379ec460, 0x000002004bdd5770, 0x000002004bdd6510, 0x000002004bdd7310,
0x000002004bdd7d60, 0x000002004bddaa30, 0x000002008e4c2e70, 0x000002008e4c7fe0,
0x000002008e4cbf50, 0x000002008e5c1700, 0x000002008e5c8370, 0x000002008e5ef090,
0x000002008e754480, 0x000002008e7a5df0, 0x000002008e830850, 0x00000200941b5050,
0x0000020094983980, 0x0000020094a1a140, 0x0000020094a70a00, 0x0000020094a0dbc0,
0x0000020094fe25d0, 0x0000020095549820, 0x0000020095157ec0, 0x0000020095157830,
0x0000020095156b10, 0x0000020095159f90, 0x0000020095158be0, 0x00000200947a00f0,
0x00000200947a07c0, 0x0000020095158550, 0x0000020095159900, 0x0000020096f0cc30,
0x0000020096f0b1f0, 0x0000020096f0ab60, 0x0000020096f0b880, 0x0000020096f0a4d0,
0x0000020096f0bf10, 0x0000020096f0c5a0, 0x0000020096f0d2c0, 0x0000020096f09e40,
0x0000020096f100b0, 0x0000020096f10740, 0x0000020096f10dd0, 0x0000020096f0d950,
0x0000020096f0f390, 0x0000020096f11460, 0x0000020096f0ed00, 0x0000020096f0fa20,
0x0000020096f0dfe0, 0x0000020096f0e670, 0x000002009735c710, 0x00000200947a0e90,
0x000002009735ee70, 0x000002009735e150, 0x000002009735f500, 0x000002009735dac0,
0x00000200973608b0, 0x000002009735d430, 0x00000200973636a0, 0x0000020097361c60,
0x0000020097363010, 0x0000020097362980, 0x0000020097363d30, 0x0000020097360f40,
0x00000200973615d0, 0x00000200973622f0, 0x0000020094860810, 0x0000020094860ea0,
0x0000020094861530, 0x0000020094861bc0, 0x000002009485e740, 0x0000020094862250,
0x000002009485edd0, 0x000002009485f460, 0x00000200948628e0, 0x0000020094860180,
0x0000020094862f70, 0x000002009485faf0, 0x0000020094863c90, 0x0000020094863600,
0x0000020094864320, 0x00000200948649b0, 0x0000020094865040, 0x00000200948656d0,
0x0000020094865d60, 0x000002009723d4b0, 0x00000200a0af1090, 0x00000200a0af54b0,
0x000002009723b3e0, 0x000002009723c790, 0x000002009723ad50, 0x000002009723ba70,
0x000002009723ce20, 0x000002009723c100, 0x000002009723a030, 0x0000020097240fc0,
0x000002009723eef0, 0x000002009723f580, 0x0000020097240930, 0x000002009723db40,
0x000002009723e1d0, 0x00000200972402a0, 0x000002009723fc10
}

Java Threads: ( => current thread )
  0x00000200379ec460 JavaThread "main"                              [_thread_blocked, id=23144, stack(0x0000003d91400000,0x0000003d91500000) (1024K)]
  0x000002004bdd5770 JavaThread "Reference Handler"          daemon [_thread_blocked, id=23044, stack(0x0000003d91800000,0x0000003d91900000) (1024K)]
  0x000002004bdd6510 JavaThread "Finalizer"                  daemon [_thread_blocked, id=23048, stack(0x0000003d91900000,0x0000003d91a00000) (1024K)]
  0x000002004bdd7310 JavaThread "Signal Dispatcher"          daemon [_thread_blocked, id=23052, stack(0x0000003d91a00000,0x0000003d91b00000) (1024K)]
  0x000002004bdd7d60 JavaThread "Attach Listener"            daemon [_thread_blocked, id=23056, stack(0x0000003d91b00000,0x0000003d91c00000) (1024K)]
  0x000002004bddaa30 JavaThread "Service Thread"             daemon [_thread_blocked, id=23236, stack(0x0000003d91c00000,0x0000003d91d00000) (1024K)]
  0x000002008e4c2e70 JavaThread "Monitor Deflation Thread"   daemon [_thread_blocked, id=23240, stack(0x0000003d91d00000,0x0000003d91e00000) (1024K)]
  0x000002008e4c7fe0 JavaThread "C2 CompilerThread0"         daemon [_thread_in_native, id=23296, stack(0x0000003d91e00000,0x0000003d91f00000) (1024K)]
  0x000002008e4cbf50 JavaThread "C1 CompilerThread0"         daemon [_thread_in_native, id=23320, stack(0x0000003d91f00000,0x0000003d92000000) (1024K)]
  0x000002008e5c1700 JavaThread "Common-Cleaner"             daemon [_thread_blocked, id=22440, stack(0x0000003d92000000,0x0000003d92100000) (1024K)]
  0x000002008e5c8370 JavaThread "C1 CompilerThread1"         daemon [_thread_in_native, id=23176, stack(0x0000003d92100000,0x0000003d92200000) (1024K)]
=>0x000002008e5ef090 JavaThread "C2 CompilerThread1"         daemon [_thread_in_native, id=21544, stack(0x0000003d92200000,0x0000003d92300000) (1024K)]
  0x000002008e754480 JavaThread "C1 CompilerThread2"         daemon [_thread_in_native, id=22312, stack(0x0000003d92300000,0x0000003d92400000) (1024K)]
  0x000002008e7a5df0 JavaThread "C1 CompilerThread3"         daemon [_thread_in_native, id=22476, stack(0x0000003d92400000,0x0000003d92500000) (1024K)]
  0x000002008e830850 JavaThread "Notification Thread"        daemon [_thread_blocked, id=9484, stack(0x0000003d92500000,0x0000003d92600000) (1024K)]
  0x00000200941b5050 JavaThread "C2 CompilerThread2"         daemon [_thread_in_native, id=22976, stack(0x0000003d92600000,0x0000003d92700000) (1024K)]
  0x0000020094983980 JavaThread "Active Thread: Equinox Container: a1946dab-cb08-43bc-ba42-1353a486ebc1"        [_thread_blocked, id=22652, stack(0x0000003d92d00000,0x0000003d92e00000) (1024K)]
  0x0000020094a1a140 JavaThread "Refresh Thread: Equinox Container: a1946dab-cb08-43bc-ba42-1353a486ebc1" daemon [_thread_blocked, id=22616, stack(0x0000003d93000000,0x0000003d93100000) (1024K)]
  0x0000020094a70a00 JavaThread "Framework Event Dispatcher: Equinox Container: a1946dab-cb08-43bc-ba42-1353a486ebc1" daemon [_thread_blocked, id=22300, stack(0x0000003d93100000,0x0000003d93200000) (1024K)]
  0x0000020094a0dbc0 JavaThread "Start Level: Equinox Container: a1946dab-cb08-43bc-ba42-1353a486ebc1" daemon [_thread_blocked, id=11032, stack(0x0000003d93200000,0x0000003d93300000) (1024K)]
  0x0000020094fe25d0 JavaThread "Bundle File Closer"         daemon [_thread_blocked, id=20084, stack(0x0000003d93300000,0x0000003d93400000) (1024K)]
  0x0000020095549820 JavaThread "SCR Component Actor"        daemon [_thread_blocked, id=22724, stack(0x0000003d93600000,0x0000003d93700000) (1024K)]
  0x0000020095157ec0 JavaThread "Worker-JM"                         [_thread_blocked, id=19816, stack(0x0000003d93a00000,0x0000003d93b00000) (1024K)]
  0x0000020095157830 JavaThread "JNA Cleaner"                daemon [_thread_blocked, id=7032, stack(0x0000003d93b00000,0x0000003d93c00000) (1024K)]
  0x0000020095156b10 JavaThread "Worker-0"                          [_thread_blocked, id=22704, stack(0x0000003d93c00000,0x0000003d93d00000) (1024K)]
  0x0000020095159f90 JavaThread "Worker-1"                          [_thread_blocked, id=18540, stack(0x0000003d93d00000,0x0000003d93e00000) (1024K)]
  0x0000020095158be0 JavaThread "Worker-2"                          [_thread_blocked, id=23220, stack(0x0000003d93e00000,0x0000003d93f00000) (1024K)]
  0x00000200947a00f0 JavaThread "C2 CompilerThread3"         daemon [_thread_in_native, id=22716, stack(0x0000003d93f00000,0x0000003d94000000) (1024K)]
  0x00000200947a07c0 JavaThread "C2 CompilerThread4"         daemon [_thread_in_native, id=23084, stack(0x0000003d94000000,0x0000003d94100000) (1024K)]
  0x0000020095158550 JavaThread "Java indexing"              daemon [_thread_in_native, id=3996, stack(0x0000003d94100000,0x0000003d94200000) (1024K)]
  0x0000020095159900 JavaThread "Worker-3"                          [_thread_blocked, id=23252, stack(0x0000003d94200000,0x0000003d94300000) (1024K)]
  0x0000020096f0cc30 JavaThread "Worker-4: Java indexing... "        [_thread_blocked, id=23216, stack(0x0000003d94500000,0x0000003d94600000) (1024K)]
  0x0000020096f0b1f0 JavaThread "Worker-5"                          [_thread_blocked, id=22972, stack(0x0000003d94600000,0x0000003d94700000) (1024K)]
  0x0000020096f0ab60 JavaThread "Thread-2"                   daemon [_thread_in_native, id=23164, stack(0x0000003d94700000,0x0000003d94800000) (1024K)]
  0x0000020096f0b880 JavaThread "Thread-3"                   daemon [_thread_in_native, id=23076, stack(0x0000003d94800000,0x0000003d94900000) (1024K)]
  0x0000020096f0a4d0 JavaThread "Thread-4"                   daemon [_thread_in_native, id=23232, stack(0x0000003d94900000,0x0000003d94a00000) (1024K)]
  0x0000020096f0bf10 JavaThread "Thread-5"                   daemon [_thread_in_native, id=23208, stack(0x0000003d94a00000,0x0000003d94b00000) (1024K)]
  0x0000020096f0c5a0 JavaThread "Thread-6"                   daemon [_thread_in_native, id=23244, stack(0x0000003d94b00000,0x0000003d94c00000) (1024K)]
  0x0000020096f0d2c0 JavaThread "Thread-7"                   daemon [_thread_in_native, id=23268, stack(0x0000003d94c00000,0x0000003d94d00000) (1024K)]
  0x0000020096f09e40 JavaThread "Thread-8"                   daemon [_thread_in_native, id=23256, stack(0x0000003d94d00000,0x0000003d94e00000) (1024K)]
  0x0000020096f100b0 JavaThread "Thread-9"                   daemon [_thread_in_native, id=23260, stack(0x0000003d94e00000,0x0000003d94f00000) (1024K)]
  0x0000020096f10740 JavaThread "Thread-10"                  daemon [_thread_in_native, id=23264, stack(0x0000003d94f00000,0x0000003d95000000) (1024K)]
  0x0000020096f10dd0 JavaThread "Thread-11"                  daemon [_thread_in_native, id=23276, stack(0x0000003d95000000,0x0000003d95100000) (1024K)]
  0x0000020096f0d950 JavaThread "Thread-12"                  daemon [_thread_in_native, id=23272, stack(0x0000003d95100000,0x0000003d95200000) (1024K)]
  0x0000020096f0f390 JavaThread "Thread-13"                  daemon [_thread_in_native, id=23312, stack(0x0000003d95200000,0x0000003d95300000) (1024K)]
  0x0000020096f11460 JavaThread "Thread-14"                  daemon [_thread_in_native, id=23280, stack(0x0000003d95300000,0x0000003d95400000) (1024K)]
  0x0000020096f0ed00 JavaThread "Thread-15"                  daemon [_thread_in_native, id=23284, stack(0x0000003d95400000,0x0000003d95500000) (1024K)]
  0x0000020096f0fa20 JavaThread "Thread-16"                  daemon [_thread_in_native, id=23288, stack(0x0000003d95500000,0x0000003d95600000) (1024K)]
  0x0000020096f0dfe0 JavaThread "Thread-17"                  daemon [_thread_in_native, id=23292, stack(0x0000003d95600000,0x0000003d95700000) (1024K)]
  0x0000020096f0e670 JavaThread "Thread-18"                  daemon [_thread_in_native, id=23300, stack(0x0000003d95700000,0x0000003d95800000) (1024K)]
  0x000002009735c710 JavaThread "pool-2-thread-1"                   [_thread_blocked, id=23304, stack(0x0000003d95800000,0x0000003d95900000) (1024K)]
  0x00000200947a0e90 JavaThread "C2 CompilerThread5"         daemon [_thread_in_native, id=23308, stack(0x0000003d95900000,0x0000003d95a00000) (1024K)]
  0x000002009735ee70 JavaThread "WorkspaceEventsHandler"            [_thread_blocked, id=23204, stack(0x0000003d95c00000,0x0000003d95d00000) (1024K)]
  0x000002009735e150 JavaThread "pool-1-thread-1"                   [_thread_blocked, id=23192, stack(0x0000003d95d00000,0x0000003d95e00000) (1024K)]
  0x000002009735f500 JavaThread "Worker-6: Building"                [_thread_blocked, id=23124, stack(0x0000003d95e00000,0x0000003d95f00000) (1024K)]
  0x000002009735dac0 JavaThread "Worker-7"                          [_thread_blocked, id=8536, stack(0x0000003d95f00000,0x0000003d96000000) (1024K)]
  0x00000200973608b0 JavaThread "LocalFile Deleter"          daemon [_thread_blocked, id=22588, stack(0x0000003d96000000,0x0000003d96100000) (1024K)]
  0x000002009735d430 JavaThread "LocalFile Deleter"          daemon [_thread_blocked, id=23364, stack(0x0000003d96100000,0x0000003d96200000) (1024K)]
  0x00000200973636a0 JavaThread "LocalFile Deleter"          daemon [_thread_blocked, id=23372, stack(0x0000003d96200000,0x0000003d96300000) (1024K)]
  0x0000020097361c60 JavaThread "LocalFile Deleter"          daemon [_thread_blocked, id=11888, stack(0x0000003d96300000,0x0000003d96400000) (1024K)]
  0x0000020097363010 JavaThread "LocalFile Deleter"          daemon [_thread_blocked, id=22784, stack(0x0000003d96400000,0x0000003d96500000) (1024K)]
  0x0000020097362980 JavaThread "LocalFile Deleter"          daemon [_thread_blocked, id=22584, stack(0x0000003d96500000,0x0000003d96600000) (1024K)]
  0x0000020097363d30 JavaThread "LocalFile Deleter"          daemon [_thread_blocked, id=23016, stack(0x0000003d96600000,0x0000003d96700000) (1024K)]
  0x0000020097360f40 JavaThread "LocalFile Deleter"          daemon [_thread_blocked, id=19900, stack(0x0000003d96700000,0x0000003d96800000) (1024K)]
  0x00000200973615d0 JavaThread "LocalFile Deleter"          daemon [_thread_blocked, id=22812, stack(0x0000003d96800000,0x0000003d96900000) (1024K)]
  0x00000200973622f0 JavaThread "LocalFile Deleter"          daemon [_thread_blocked, id=23020, stack(0x0000003d96900000,0x0000003d96a00000) (1024K)]
  0x0000020094860810 JavaThread "LocalFile Deleter"          daemon [_thread_blocked, id=23436, stack(0x0000003d96a00000,0x0000003d96b00000) (1024K)]
  0x0000020094860ea0 JavaThread "LocalFile Deleter"          daemon [_thread_blocked, id=23440, stack(0x0000003d96b00000,0x0000003d96c00000) (1024K)]
  0x0000020094861530 JavaThread "LocalFile Deleter"          daemon [_thread_blocked, id=23160, stack(0x0000003d96c00000,0x0000003d96d00000) (1024K)]
  0x0000020094861bc0 JavaThread "LocalFile Deleter"          daemon [_thread_blocked, id=23368, stack(0x0000003d96d00000,0x0000003d96e00000) (1024K)]
  0x000002009485e740 JavaThread "LocalFile Deleter"          daemon [_thread_blocked, id=23376, stack(0x0000003d96e00000,0x0000003d96f00000) (1024K)]
  0x0000020094862250 JavaThread "LocalFile Deleter"          daemon [_thread_blocked, id=23348, stack(0x0000003d96f00000,0x0000003d97000000) (1024K)]
  0x000002009485edd0 JavaThread "Compiler Source File Reader" daemon [_thread_blocked, id=20656, stack(0x0000003d97000000,0x0000003d97100000) (1024K)]
  0x000002009485f460 JavaThread "Compiler Source File Reader" daemon [_thread_blocked, id=23344, stack(0x0000003d97100000,0x0000003d97200000) (1024K)]
  0x00000200948628e0 JavaThread "Compiler Source File Reader" daemon [_thread_blocked, id=20624, stack(0x0000003d97200000,0x0000003d97300000) (1024K)]
  0x0000020094860180 JavaThread "Compiler Source File Reader" daemon [_thread_blocked, id=22580, stack(0x0000003d97300000,0x0000003d97400000) (1024K)]
  0x0000020094862f70 JavaThread "Compiler Source File Reader" daemon [_thread_blocked, id=22208, stack(0x0000003d97400000,0x0000003d97500000) (1024K)]
  0x000002009485faf0 JavaThread "Compiler Source File Reader" daemon [_thread_blocked, id=23200, stack(0x0000003d97500000,0x0000003d97600000) (1024K)]
  0x0000020094863c90 JavaThread "Compiler Source File Reader" daemon [_thread_blocked, id=22760, stack(0x0000003d97600000,0x0000003d97700000) (1024K)]
  0x0000020094863600 JavaThread "Compiler Source File Reader" daemon [_thread_blocked, id=22816, stack(0x0000003d97700000,0x0000003d97800000) (1024K)]
  0x0000020094864320 JavaThread "Compiler Source File Reader" daemon [_thread_blocked, id=22820, stack(0x0000003d97800000,0x0000003d97900000) (1024K)]
  0x00000200948649b0 JavaThread "Compiler Source File Reader" daemon [_thread_blocked, id=23380, stack(0x0000003d97900000,0x0000003d97a00000) (1024K)]
  0x0000020094865040 JavaThread "Compiler Source File Reader" daemon [_thread_blocked, id=22148, stack(0x0000003d97a00000,0x0000003d97b00000) (1024K)]
  0x00000200948656d0 JavaThread "Compiler Source File Reader" daemon [_thread_blocked, id=22020, stack(0x0000003d97b00000,0x0000003d97c00000) (1024K)]
  0x0000020094865d60 JavaThread "Compiler Source File Reader" daemon [_thread_blocked, id=3192, stack(0x0000003d97c00000,0x0000003d97d00000) (1024K)]
  0x000002009723d4b0 JavaThread "Compiler Source File Reader" daemon [_thread_blocked, id=21984, stack(0x0000003d97d00000,0x0000003d97e00000) (1024K)]
  0x00000200a0af1090 JavaThread "C2 CompilerThread6"         daemon [_thread_in_native, id=23080, stack(0x0000003d95a00000,0x0000003d95b00000) (1024K)]
  0x00000200a0af54b0 JavaThread "C2 CompilerThread7"         daemon [_thread_in_native, id=5028, stack(0x0000003d95b00000,0x0000003d95c00000) (1024K)]
  0x000002009723b3e0 JavaThread "Compiler Processing Task"   daemon [_thread_in_vm, id=23408, stack(0x0000003d93700000,0x0000003d93800000) (1024K)]
  0x000002009723c790 JavaThread "Compiler Class File Writer" daemon [_thread_blocked, id=23488, stack(0x0000003d97e00000,0x0000003d97f00000) (1024K)]
  0x000002009723ad50 JavaThread "Compiler Class File Writer" daemon [_thread_blocked, id=23500, stack(0x0000003d97f00000,0x0000003d98000000) (1024K)]
  0x000002009723ba70 JavaThread "Compiler Class File Writer" daemon [_thread_blocked, id=23508, stack(0x0000003d98000000,0x0000003d98100000) (1024K)]
  0x000002009723ce20 JavaThread "Compiler Class File Writer" daemon [_thread_blocked, id=23512, stack(0x0000003d98100000,0x0000003d98200000) (1024K)]
  0x000002009723c100 JavaThread "Compiler Class File Writer" daemon [_thread_blocked, id=23492, stack(0x0000003d98200000,0x0000003d98300000) (1024K)]
  0x000002009723a030 JavaThread "Compiler Class File Writer" daemon [_thread_blocked, id=22936, stack(0x0000003d98300000,0x0000003d98400000) (1024K)]
  0x0000020097240fc0 JavaThread "Compiler Class File Writer" daemon [_thread_blocked, id=23460, stack(0x0000003d98400000,0x0000003d98500000) (1024K)]
  0x000002009723eef0 JavaThread "Compiler Class File Writer" daemon [_thread_blocked, id=23456, stack(0x0000003d98500000,0x0000003d98600000) (1024K)]
  0x000002009723f580 JavaThread "Compiler Class File Writer" daemon [_thread_blocked, id=23432, stack(0x0000003d98600000,0x0000003d98700000) (1024K)]
  0x0000020097240930 JavaThread "Compiler Class File Writer" daemon [_thread_blocked, id=23504, stack(0x0000003d98700000,0x0000003d98800000) (1024K)]
  0x000002009723db40 JavaThread "Compiler Class File Writer" daemon [_thread_blocked, id=23472, stack(0x0000003d98800000,0x0000003d98900000) (1024K)]
  0x000002009723e1d0 JavaThread "Compiler Class File Writer" daemon [_thread_blocked, id=23468, stack(0x0000003d98900000,0x0000003d98a00000) (1024K)]
  0x00000200972402a0 JavaThread "Compiler Class File Writer" daemon [_thread_blocked, id=23356, stack(0x0000003d98a00000,0x0000003d98b00000) (1024K)]
  0x000002009723fc10 JavaThread "Compiler Class File Writer" daemon [_thread_blocked, id=23516, stack(0x0000003d98b00000,0x0000003d98c00000) (1024K)]
Total: 103

Other Threads:
  0x0000020037aae960 VMThread "VM Thread"                           [id=23040, stack(0x0000003d91700000,0x0000003d91800000) (1024K)]
  0x000002004bcbca00 WatcherThread "VM Periodic Task Thread"        [id=20104, stack(0x0000003d91600000,0x0000003d91700000) (1024K)]
  0x0000020037a0ae20 WorkerThread "GC Thread#0"                     [id=23024, stack(0x0000003d91500000,0x0000003d91600000) (1024K)]
  0x0000020094026880 WorkerThread "GC Thread#1"                     [id=21556, stack(0x0000003d92700000,0x0000003d92800000) (1024K)]
  0x0000020094027430 WorkerThread "GC Thread#2"                     [id=13360, stack(0x0000003d92800000,0x0000003d92900000) (1024K)]
  0x00000200940277d0 WorkerThread "GC Thread#3"                     [id=22560, stack(0x0000003d92900000,0x0000003d92a00000) (1024K)]
  0x0000020094027b70 WorkerThread "GC Thread#4"                     [id=21968, stack(0x0000003d92a00000,0x0000003d92b00000) (1024K)]
  0x00000200946e0700 WorkerThread "GC Thread#5"                     [id=22700, stack(0x0000003d92b00000,0x0000003d92c00000) (1024K)]
  0x0000020094e019f0 WorkerThread "GC Thread#6"                     [id=22644, stack(0x0000003d92e00000,0x0000003d92f00000) (1024K)]
  0x0000020094e021a0 WorkerThread "GC Thread#7"                     [id=21924, stack(0x0000003d92f00000,0x0000003d93000000) (1024K)]
  0x0000020094a02a20 WorkerThread "GC Thread#8"                     [id=22460, stack(0x0000003d93400000,0x0000003d93500000) (1024K)]
  0x0000020094a03fe0 WorkerThread "GC Thread#9"                     [id=22732, stack(0x0000003d93500000,0x0000003d93600000) (1024K)]
  0x0000020094a03500 WorkerThread "GC Thread#10"                    [id=22740, stack(0x0000003d93800000,0x0000003d93900000) (1024K)]
  0x0000020094a038a0 WorkerThread "GC Thread#11"                    [id=22736, stack(0x0000003d93900000,0x0000003d93a00000) (1024K)]
  0x0000020094a03c40 WorkerThread "GC Thread#12"                    [id=13708, stack(0x0000003d92c00000,0x0000003d92d00000) (1024K)]
Total: 15

Threads with active compile tasks:
C2 CompilerThread0  9102 10992       4       lombok.eclipse.Eclipse::toQualifiedName (128 bytes)
C1 CompilerThread0  9102 11029   !   3       org.eclipse.jdt.internal.compiler.lookup.BinaryTypeBinding::hasTypeBit (85 bytes)
C1 CompilerThread1  9102 11023       3       org.eclipse.jdt.internal.compiler.ast.MessageSend::resolveType (2225 bytes)
C2 CompilerThread1  9102 10721 %     4       org.eclipse.jdt.internal.core.search.indexing.BinaryIndexer::extractReferenceFromConstantPool @ 15 (358 bytes)
C1 CompilerThread2  9102 11024       3       org.eclipse.jdt.internal.compiler.lookup.Scope::computeCompatibleMethod (9 bytes)
C1 CompilerThread3  9102 11028       3       org.eclipse.jdt.internal.compiler.ast.FakedTrackingVariable::markPassedToOutside (82 bytes)
C2 CompilerThread2  9102 11010       4       lombok.eclipse.handlers.EclipseHandlerUtil::typeMatches (124 bytes)
C2 CompilerThread3  9102 10750       4       org.eclipse.jdt.internal.compiler.lookup.BinaryTypeBinding::createMethod (1720 bytes)
C2 CompilerThread4  9102 10876       4       org.eclipse.jdt.internal.compiler.lookup.LookupEnvironment::getTypeFromCompoundName (160 bytes)
C2 CompilerThread5  9102 10996       4       java.util.TimSort::sort (229 bytes)
C2 CompilerThread6  9102 10757       4       lombok.eclipse.EclipseAST::buildStatement (57 bytes)
C2 CompilerThread7  9102 10875       4       org.eclipse.jdt.internal.compiler.lookup.LookupEnvironment::getTypeFromConstantPoolName (111 bytes)
Total: 12

VM state: not at safepoint (normal execution)

VM Mutex/Monitor currently owned by a thread:  ([mutex/lock_event])
[0x00007ffc098ce480] Heap_lock - owner thread: 0x0000020095158550

Heap address: 0x00000000c0000000, size: 1024 MB, Compressed Oops mode: 32-bit

CDS archive(s) mapped at: [0x000002004c000000-0x000002004cba0000-0x000002004cba0000), size 12189696, SharedBaseAddress: 0x000002004c000000, ArchiveRelocationMode: 1.
Compressed class space mapped at: 0x000002004d000000-0x000002008d000000, reserved size: 1073741824
Narrow klass base: 0x000002004c000000, Narrow klass shift: 0, Narrow klass range: 0x100000000

GC Precious Log:
 CardTable entry size: 512
 CPUs: 16 total, 16 available
 Memory: 15752M
 Large Page Support: Disabled
 NUMA Support: Disabled
 Compressed Oops: Enabled (32-bit)
 Alignments: Space 512K, Generation 512K, Heap 2M
 Heap Min Capacity: 100M
 Heap Initial Capacity: 100M
 Heap Max Capacity: 1G
 Pre-touch: Disabled
 Parallel Workers: 13

Heap:
 PSYoungGen      total 9728K, used 9398K [0x00000000eab00000, 0x00000000eb600000, 0x0000000100000000)
  eden space 8192K, 100% used [0x00000000eab00000,0x00000000eb300000,0x00000000eb300000)
  from space 1536K, 78% used [0x00000000eb300000,0x00000000eb42d808,0x00000000eb480000)
  to   space 1536K, 0% used [0x00000000eb480000,0x00000000eb480000,0x00000000eb600000)
 ParOldGen       total 354816K, used 184536K [0x00000000c0000000, 0x00000000d5a80000, 0x00000000eab00000)
  object space 354816K, 52% used [0x00000000c0000000,0x00000000cb4361f8,0x00000000d5a80000)
 Metaspace       used 59377K, committed 60736K, reserved 1114112K
  class space    used 6044K, committed 6720K, reserved 1048576K

Card table byte_map: [0x0000020037390000,0x00000200375a0000] _byte_map_base: 0x0000020036d90000

Marking Bits: (ParMarkBitMap*) 0x00007ffc098d3260
 Begin Bits: [0x0000020049be0000, 0x000002004abe0000)
 End Bits:   [0x000002004abe0000, 0x000002004bbe0000)

Polling page: 0x0000020035840000

Metaspace:

Usage:
  Non-class:     52.08 MB used.
      Class:      5.90 MB used.
       Both:     57.99 MB used.

Virtual space:
  Non-class space:       64.00 MB reserved,      52.75 MB ( 82%) committed,  1 nodes.
      Class space:        1.00 GB reserved,       6.56 MB ( <1%) committed,  1 nodes.
             Both:        1.06 GB reserved,      59.31 MB (  5%) committed. 

Chunk freelists:
   Non-Class:  10.88 MB
       Class:  9.45 MB
        Both:  20.33 MB

MaxMetaspaceSize: unlimited
CompressedClassSpaceSize: 1.00 GB
Initial GC threshold: 21.00 MB
Current GC threshold: 97.31 MB
CDS: on
 - commit_granule_bytes: 65536.
 - commit_granule_words: 8192.
 - virtual_space_node_default_size: 8388608.
 - enlarge_chunks_in_place: 1.
 - use_allocation_guard: 0.


Internal statistics:

num_allocs_failed_limit: 9.
num_arena_births: 1192.
num_arena_deaths: 14.
num_vsnodes_births: 2.
num_vsnodes_deaths: 0.
num_space_committed: 948.
num_space_uncommitted: 0.
num_chunks_returned_to_freelist: 23.
num_chunks_taken_from_freelist: 3986.
num_chunk_merges: 13.
num_chunk_splits: 2451.
num_chunks_enlarged: 1362.
num_inconsistent_stats: 0.

CodeHeap 'non-profiled nmethods': size=119168Kb used=7607Kb max_used=7607Kb free=111560Kb
 bounds [0x0000020042780000, 0x0000020042ef0000, 0x0000020049be0000]
CodeHeap 'profiled nmethods': size=119104Kb used=22990Kb max_used=23151Kb free=96113Kb
 bounds [0x000002003abe0000, 0x000002003c2a0000, 0x0000020042030000]
CodeHeap 'non-nmethods': size=7488Kb used=3138Kb max_used=3242Kb free=4349Kb
 bounds [0x0000020042030000, 0x0000020042370000, 0x0000020042780000]
 total_blobs=10797 nmethods=10056 adapters=641
 compilation: enabled
              stopped_count=0, restarted_count=0
 full_count=0

Compilation events (20 events):
Event: 8.069 Thread 0x000002008e754480 10958       3       java.text.MessageFormat::format (12 bytes)
Event: 8.069 Thread 0x000002008e5c8370 10960       3       java.text.MessageFormat::<init> (56 bytes)
Event: 8.069 Thread 0x000002008e754480 nmethod 10958 0x000002003b47a190 code [0x000002003b47a340, 0x000002003b47a578]
Event: 8.069 Thread 0x000002008e5c8370 nmethod 10960 0x000002003b329290 code [0x000002003b329460, 0x000002003b3298f8]
Event: 8.069 Thread 0x000002008e754480 10961       3       java.lang.invoke.MethodHandles::makeIdentity (23 bytes)
Event: 8.070 Thread 0x000002008e5c8370 10948       1       org.eclipse.jdt.internal.compiler.ast.MessageSend::arguments (5 bytes)
Event: 8.070 Thread 0x000002008e7a5df0 nmethod 10959 0x000002003b775e10 code [0x000002003b776480, 0x000002003b77a9b0]
Event: 8.070 Thread 0x000002008e5c8370 nmethod 10948 0x0000020042968c90 code [0x0000020042968e20, 0x0000020042968ee8]
Event: 8.071 Thread 0x000002008e4cbf50 nmethod 10944 0x000002003c287e90 code [0x000002003c2887c0, 0x000002003c28fbc8]
Event: 8.073 Thread 0x000002008e754480 nmethod 10961 0x000002003ad8d410 code [0x000002003ad8d680, 0x000002003ad8df98]
Event: 8.073 Thread 0x000002008e4c7fe0 10902       4       org.eclipse.jdt.core.compiler.CharOperation::equals (55 bytes)
Event: 8.074 Thread 0x000002008e754480 10962       1       lombok.core.configuration.ConfigurationKey::getType (5 bytes)
Event: 8.074 Thread 0x000002008e7a5df0 10963       1       lombok.core.configuration.ConfigurationDataType::isList (5 bytes)
Event: 8.074 Thread 0x000002008e5c8370 10964       3       lombok.eclipse.TransformEclipseAST$AnnotationVisitor::visitAnnotationOnMethodArgument (42 bytes)
Event: 8.075 Thread 0x000002008e754480 nmethod 10962 0x0000020042968990 code [0x0000020042968b20, 0x0000020042968be8]
Event: 8.075 Thread 0x000002008e7a5df0 nmethod 10963 0x0000020042968690 code [0x0000020042968820, 0x00000200429688f0]
Event: 8.075 Thread 0x000002008e5c8370 nmethod 10964 0x000002003afe2c90 code [0x000002003afe2e80, 0x000002003afe35a8]
Event: 8.076 Thread 0x000002008e7a5df0 10967       3       org.eclipse.jdt.internal.compiler.lookup.MethodBinding::isOrEnclosedByPrivateType (32 bytes)
Event: 8.076 Thread 0x000002008e754480 10968       3       org.eclipse.jdt.internal.compiler.lookup.SourceTypeBinding::canBeSeenBy (39 bytes)
Event: 8.077 Thread 0x000002008e5c8370 10969       1       org.eclipse.jdt.internal.compiler.ast.AbstractMethodDeclaration::isCompactConstructor (2 bytes)

GC Heap History (20 events):
Event: 7.684 GC heap before
{Heap before GC invocations=238 (full 2):
 PSYoungGen      total 10240K, used 9816K [0x00000000eab00000, 0x00000000eb680000, 0x0000000100000000)
  eden space 8704K, 99% used [0x00000000eab00000,0x00000000eb377650,0x00000000eb380000)
  from space 1536K, 74% used [0x00000000eb380000,0x00000000eb49ec08,0x00000000eb500000)
  to   space 1536K, 0% used [0x00000000eb500000,0x00000000eb500000,0x00000000eb680000)
 ParOldGen       total 352768K, used 352495K [0x00000000c0000000, 0x00000000d5880000, 0x00000000eab00000)
  object space 352768K, 99% used [0x00000000c0000000,0x00000000d583bdc0,0x00000000d5880000)
 Metaspace       used 58401K, committed 59776K, reserved 1114112K
  class space    used 5941K, committed 6592K, reserved 1048576K
}
Event: 7.686 GC heap after
{Heap after GC invocations=238 (full 2):
 PSYoungGen      total 10240K, used 1270K [0x00000000eab00000, 0x00000000eb680000, 0x0000000100000000)
  eden space 8704K, 0% used [0x00000000eab00000,0x00000000eab00000,0x00000000eb380000)
  from space 1536K, 82% used [0x00000000eb500000,0x00000000eb63d828,0x00000000eb680000)
  to   space 1536K, 0% used [0x00000000eb380000,0x00000000eb380000,0x00000000eb500000)
 ParOldGen       total 353792K, used 353351K [0x00000000c0000000, 0x00000000d5980000, 0x00000000eab00000)
  object space 353792K, 99% used [0x00000000c0000000,0x00000000d5911dc0,0x00000000d5980000)
 Metaspace       used 58401K, committed 59776K, reserved 1114112K
  class space    used 5941K, committed 6592K, reserved 1048576K
}
Event: 7.694 GC heap before
{Heap before GC invocations=239 (full 2):
 PSYoungGen      total 10240K, used 4370K [0x00000000eab00000, 0x00000000eb680000, 0x0000000100000000)
  eden space 8704K, 35% used [0x00000000eab00000,0x00000000eae07330,0x00000000eb380000)
  from space 1536K, 82% used [0x00000000eb500000,0x00000000eb63d828,0x00000000eb680000)
  to   space 1536K, 0% used [0x00000000eb380000,0x00000000eb380000,0x00000000eb500000)
 ParOldGen       total 353792K, used 353351K [0x00000000c0000000, 0x00000000d5980000, 0x00000000eab00000)
  object space 353792K, 99% used [0x00000000c0000000,0x00000000d5911dc0,0x00000000d5980000)
 Metaspace       used 58419K, committed 59776K, reserved 1114112K
  class space    used 5944K, committed 6592K, reserved 1048576K
}
Event: 7.696 GC heap after
{Heap after GC invocations=239 (full 2):
 PSYoungGen      total 9728K, used 576K [0x00000000eab00000, 0x00000000eb580000, 0x0000000100000000)
  eden space 8704K, 0% used [0x00000000eab00000,0x00000000eab00000,0x00000000eb380000)
  from space 1024K, 56% used [0x00000000eb380000,0x00000000eb410000,0x00000000eb480000)
  to   space 1024K, 0% used [0x00000000eb480000,0x00000000eb480000,0x00000000eb580000)
 ParOldGen       total 354816K, used 354429K [0x00000000c0000000, 0x00000000d5a80000, 0x00000000eab00000)
  object space 354816K, 99% used [0x00000000c0000000,0x00000000d5a1f5e8,0x00000000d5a80000)
 Metaspace       used 58419K, committed 59776K, reserved 1114112K
  class space    used 5944K, committed 6592K, reserved 1048576K
}
Event: 7.696 GC heap before
{Heap before GC invocations=240 (full 3):
 PSYoungGen      total 9728K, used 576K [0x00000000eab00000, 0x00000000eb580000, 0x0000000100000000)
  eden space 8704K, 0% used [0x00000000eab00000,0x00000000eab00000,0x00000000eb380000)
  from space 1024K, 56% used [0x00000000eb380000,0x00000000eb410000,0x00000000eb480000)
  to   space 1024K, 0% used [0x00000000eb480000,0x00000000eb480000,0x00000000eb580000)
 ParOldGen       total 354816K, used 354429K [0x00000000c0000000, 0x00000000d5a80000, 0x00000000eab00000)
  object space 354816K, 99% used [0x00000000c0000000,0x00000000d5a1f5e8,0x00000000d5a80000)
 Metaspace       used 58419K, committed 59776K, reserved 1114112K
  class space    used 5944K, committed 6592K, reserved 1048576K
}
Event: 7.780 GC heap after
{Heap after GC invocations=240 (full 3):
 PSYoungGen      total 9728K, used 0K [0x00000000eab00000, 0x00000000eb580000, 0x0000000100000000)
  eden space 8704K, 0% used [0x00000000eab00000,0x00000000eab00000,0x00000000eb380000)
  from space 1024K, 0% used [0x00000000eb380000,0x00000000eb380000,0x00000000eb480000)
  to   space 1024K, 0% used [0x00000000eb480000,0x00000000eb480000,0x00000000eb580000)
 ParOldGen       total 354816K, used 177746K [0x00000000c0000000, 0x00000000d5a80000, 0x00000000eab00000)
  object space 354816K, 50% used [0x00000000c0000000,0x00000000cad94a48,0x00000000d5a80000)
 Metaspace       used 58419K, committed 59776K, reserved 1114112K
  class space    used 5944K, committed 6592K, reserved 1048576K
}
Event: 7.852 GC heap before
{Heap before GC invocations=241 (full 3):
 PSYoungGen      total 9728K, used 8704K [0x00000000eab00000, 0x00000000eb580000, 0x0000000100000000)
  eden space 8704K, 100% used [0x00000000eab00000,0x00000000eb380000,0x00000000eb380000)
  from space 1024K, 0% used [0x00000000eb380000,0x00000000eb380000,0x00000000eb480000)
  to   space 1024K, 0% used [0x00000000eb480000,0x00000000eb480000,0x00000000eb580000)
 ParOldGen       total 354816K, used 177746K [0x00000000c0000000, 0x00000000d5a80000, 0x00000000eab00000)
  object space 354816K, 50% used [0x00000000c0000000,0x00000000cad94a48,0x00000000d5a80000)
 Metaspace       used 58673K, committed 60096K, reserved 1114112K
  class space    used 5987K, committed 6656K, reserved 1048576K
}
Event: 7.854 GC heap after
{Heap after GC invocations=241 (full 3):
 PSYoungGen      total 9216K, used 1024K [0x00000000eab00000, 0x00000000eb680000, 0x0000000100000000)
  eden space 8192K, 0% used [0x00000000eab00000,0x00000000eab00000,0x00000000eb300000)
  from space 1024K, 100% used [0x00000000eb480000,0x00000000eb580000,0x00000000eb580000)
  to   space 1536K, 0% used [0x00000000eb300000,0x00000000eb300000,0x00000000eb480000)
 ParOldGen       total 354816K, used 177754K [0x00000000c0000000, 0x00000000d5a80000, 0x00000000eab00000)
  object space 354816K, 50% used [0x00000000c0000000,0x00000000cad96a48,0x00000000d5a80000)
 Metaspace       used 58673K, committed 60096K, reserved 1114112K
  class space    used 5987K, committed 6656K, reserved 1048576K
}
Event: 7.879 GC heap before
{Heap before GC invocations=242 (full 3):
 PSYoungGen      total 9216K, used 9216K [0x00000000eab00000, 0x00000000eb680000, 0x0000000100000000)
  eden space 8192K, 100% used [0x00000000eab00000,0x00000000eb300000,0x00000000eb300000)
  from space 1024K, 100% used [0x00000000eb480000,0x00000000eb580000,0x00000000eb580000)
  to   space 1536K, 0% used [0x00000000eb300000,0x00000000eb300000,0x00000000eb480000)
 ParOldGen       total 354816K, used 177754K [0x00000000c0000000, 0x00000000d5a80000, 0x00000000eab00000)
  object space 354816K, 50% used [0x00000000c0000000,0x00000000cad96a48,0x00000000d5a80000)
 Metaspace       used 58712K, committed 60096K, reserved 1114112K
  class space    used 5994K, committed 6656K, reserved 1048576K
}
Event: 7.880 GC heap after
{Heap after GC invocations=242 (full 3):
 PSYoungGen      total 9728K, used 1268K [0x00000000eab00000, 0x00000000eb600000, 0x0000000100000000)
  eden space 8192K, 0% used [0x00000000eab00000,0x00000000eab00000,0x00000000eb300000)
  from space 1536K, 82% used [0x00000000eb300000,0x00000000eb43d350,0x00000000eb480000)
  to   space 1536K, 0% used [0x00000000eb480000,0x00000000eb480000,0x00000000eb600000)
 ParOldGen       total 354816K, used 178610K [0x00000000c0000000, 0x00000000d5a80000, 0x00000000eab00000)
  object space 354816K, 50% used [0x00000000c0000000,0x00000000cae6ca48,0x00000000d5a80000)
 Metaspace       used 58712K, committed 60096K, reserved 1114112K
  class space    used 5994K, committed 6656K, reserved 1048576K
}
Event: 7.910 GC heap before
{Heap before GC invocations=243 (full 3):
 PSYoungGen      total 9728K, used 9460K [0x00000000eab00000, 0x00000000eb600000, 0x0000000100000000)
  eden space 8192K, 100% used [0x00000000eab00000,0x00000000eb300000,0x00000000eb300000)
  from space 1536K, 82% used [0x00000000eb300000,0x00000000eb43d350,0x00000000eb480000)
  to   space 1536K, 0% used [0x00000000eb480000,0x00000000eb480000,0x00000000eb600000)
 ParOldGen       total 354816K, used 178610K [0x00000000c0000000, 0x00000000d5a80000, 0x00000000eab00000)
  object space 354816K, 50% used [0x00000000c0000000,0x00000000cae6ca48,0x00000000d5a80000)
 Metaspace       used 58750K, committed 60160K, reserved 1114112K
  class space    used 5998K, committed 6656K, reserved 1048576K
}
Event: 7.911 GC heap after
{Heap after GC invocations=243 (full 3):
 PSYoungGen      total 9728K, used 1174K [0x00000000eab00000, 0x00000000eb600000, 0x0000000100000000)
  eden space 8192K, 0% used [0x00000000eab00000,0x00000000eab00000,0x00000000eb300000)
  from space 1536K, 76% used [0x00000000eb480000,0x00000000eb5a5808,0x00000000eb600000)
  to   space 1536K, 0% used [0x00000000eb300000,0x00000000eb300000,0x00000000eb480000)
 ParOldGen       total 354816K, used 179594K [0x00000000c0000000, 0x00000000d5a80000, 0x00000000eab00000)
  object space 354816K, 50% used [0x00000000c0000000,0x00000000caf62a48,0x00000000d5a80000)
 Metaspace       used 58750K, committed 60160K, reserved 1114112K
  class space    used 5998K, committed 6656K, reserved 1048576K
}
Event: 7.968 GC heap before
{Heap before GC invocations=244 (full 3):
 PSYoungGen      total 9728K, used 9355K [0x00000000eab00000, 0x00000000eb600000, 0x0000000100000000)
  eden space 8192K, 99% used [0x00000000eab00000,0x00000000eb2fd7a8,0x00000000eb300000)
  from space 1536K, 76% used [0x00000000eb480000,0x00000000eb5a5808,0x00000000eb600000)
  to   space 1536K, 0% used [0x00000000eb300000,0x00000000eb300000,0x00000000eb480000)
 ParOldGen       total 354816K, used 179594K [0x00000000c0000000, 0x00000000d5a80000, 0x00000000eab00000)
  object space 354816K, 50% used [0x00000000c0000000,0x00000000caf62a48,0x00000000d5a80000)
 Metaspace       used 58856K, committed 60288K, reserved 1114112K
  class space    used 6010K, committed 6720K, reserved 1048576K
}
Event: 7.969 GC heap after
{Heap after GC invocations=244 (full 3):
 PSYoungGen      total 9728K, used 1024K [0x00000000eab00000, 0x00000000eb600000, 0x0000000100000000)
  eden space 8192K, 0% used [0x00000000eab00000,0x00000000eab00000,0x00000000eb300000)
  from space 1536K, 66% used [0x00000000eb300000,0x00000000eb400000,0x00000000eb480000)
  to   space 1536K, 0% used [0x00000000eb480000,0x00000000eb480000,0x00000000eb600000)
 ParOldGen       total 354816K, used 180560K [0x00000000c0000000, 0x00000000d5a80000, 0x00000000eab00000)
  object space 354816K, 50% used [0x00000000c0000000,0x00000000cb054250,0x00000000d5a80000)
 Metaspace       used 58856K, committed 60288K, reserved 1114112K
  class space    used 6010K, committed 6720K, reserved 1048576K
}
Event: 7.994 GC heap before
{Heap before GC invocations=245 (full 3):
 PSYoungGen      total 9728K, used 9216K [0x00000000eab00000, 0x00000000eb600000, 0x0000000100000000)
  eden space 8192K, 100% used [0x00000000eab00000,0x00000000eb300000,0x00000000eb300000)
  from space 1536K, 66% used [0x00000000eb300000,0x00000000eb400000,0x00000000eb480000)
  to   space 1536K, 0% used [0x00000000eb480000,0x00000000eb480000,0x00000000eb600000)
 ParOldGen       total 354816K, used 180560K [0x00000000c0000000, 0x00000000d5a80000, 0x00000000eab00000)
  object space 354816K, 50% used [0x00000000c0000000,0x00000000cb054250,0x00000000d5a80000)
 Metaspace       used 58932K, committed 60352K, reserved 1114112K
  class space    used 6014K, committed 6720K, reserved 1048576K
}
Event: 7.996 GC heap after
{Heap after GC invocations=245 (full 3):
 PSYoungGen      total 9728K, used 1275K [0x00000000eab00000, 0x00000000eb600000, 0x0000000100000000)
  eden space 8192K, 0% used [0x00000000eab00000,0x00000000eab00000,0x00000000eb300000)
  from space 1536K, 83% used [0x00000000eb480000,0x00000000eb5bec08,0x00000000eb600000)
  to   space 1536K, 0% used [0x00000000eb300000,0x00000000eb300000,0x00000000eb480000)
 ParOldGen       total 354816K, used 181352K [0x00000000c0000000, 0x00000000d5a80000, 0x00000000eab00000)
  object space 354816K, 51% used [0x00000000c0000000,0x00000000cb11a260,0x00000000d5a80000)
 Metaspace       used 58932K, committed 60352K, reserved 1114112K
  class space    used 6014K, committed 6720K, reserved 1048576K
}
Event: 8.016 GC heap before
{Heap before GC invocations=246 (full 3):
 PSYoungGen      total 9728K, used 9467K [0x00000000eab00000, 0x00000000eb600000, 0x0000000100000000)
  eden space 8192K, 100% used [0x00000000eab00000,0x00000000eb300000,0x00000000eb300000)
  from space 1536K, 83% used [0x00000000eb480000,0x00000000eb5bec08,0x00000000eb600000)
  to   space 1536K, 0% used [0x00000000eb300000,0x00000000eb300000,0x00000000eb480000)
 ParOldGen       total 354816K, used 181352K [0x00000000c0000000, 0x00000000d5a80000, 0x00000000eab00000)
  object space 354816K, 51% used [0x00000000c0000000,0x00000000cb11a260,0x00000000d5a80000)
 Metaspace       used 58991K, committed 60416K, reserved 1114112K
  class space    used 6020K, committed 6720K, reserved 1048576K
}
Event: 8.017 GC heap after
{Heap after GC invocations=246 (full 3):
 PSYoungGen      total 9728K, used 1366K [0x00000000eab00000, 0x00000000eb600000, 0x0000000100000000)
  eden space 8192K, 0% used [0x00000000eab00000,0x00000000eab00000,0x00000000eb300000)
  from space 1536K, 88% used [0x00000000eb300000,0x00000000eb455808,0x00000000eb480000)
  to   space 1536K, 0% used [0x00000000eb480000,0x00000000eb480000,0x00000000eb600000)
 ParOldGen       total 354816K, used 182376K [0x00000000c0000000, 0x00000000d5a80000, 0x00000000eab00000)
  object space 354816K, 51% used [0x00000000c0000000,0x00000000cb21a260,0x00000000d5a80000)
 Metaspace       used 58991K, committed 60416K, reserved 1114112K
  class space    used 6020K, committed 6720K, reserved 1048576K
}
Event: 8.071 GC heap before
{Heap before GC invocations=247 (full 3):
 PSYoungGen      total 9728K, used 9558K [0x00000000eab00000, 0x00000000eb600000, 0x0000000100000000)
  eden space 8192K, 100% used [0x00000000eab00000,0x00000000eb300000,0x00000000eb300000)
  from space 1536K, 88% used [0x00000000eb300000,0x00000000eb455808,0x00000000eb480000)
  to   space 1536K, 0% used [0x00000000eb480000,0x00000000eb480000,0x00000000eb600000)
 ParOldGen       total 354816K, used 182376K [0x00000000c0000000, 0x00000000d5a80000, 0x00000000eab00000)
  object space 354816K, 51% used [0x00000000c0000000,0x00000000cb21a260,0x00000000d5a80000)
 Metaspace       used 59219K, committed 60608K, reserved 1114112K
  class space    used 6038K, committed 6720K, reserved 1048576K
}
Event: 8.072 GC heap after
{Heap after GC invocations=247 (full 3):
 PSYoungGen      total 9728K, used 1179K [0x00000000eab00000, 0x00000000eb600000, 0x0000000100000000)
  eden space 8192K, 0% used [0x00000000eab00000,0x00000000eab00000,0x00000000eb300000)
  from space 1536K, 76% used [0x00000000eb480000,0x00000000eb5a6c08,0x00000000eb600000)
  to   space 1536K, 0% used [0x00000000eb300000,0x00000000eb300000,0x00000000eb480000)
 ParOldGen       total 354816K, used 183590K [0x00000000c0000000, 0x00000000d5a80000, 0x00000000eab00000)
  object space 354816K, 51% used [0x00000000c0000000,0x00000000cb349a68,0x00000000d5a80000)
 Metaspace       used 59219K, committed 60608K, reserved 1114112K
  class space    used 6038K, committed 6720K, reserved 1048576K
}

Dll operation events (10 events):
Event: 0.016 Loaded shared library c:\Users\MSI\.vscode\extensions\redhat.java-1.41.1-win32-x64\jre\21.0.6-win32-x86_64\bin\java.dll
Event: 0.051 Loaded shared library c:\Users\MSI\.vscode\extensions\redhat.java-1.41.1-win32-x64\jre\21.0.6-win32-x86_64\bin\zip.dll
Event: 0.103 Loaded shared library C:\Users\MSI\.vscode\extensions\redhat.java-1.41.1-win32-x64\jre\21.0.6-win32-x86_64\bin\instrument.dll
Event: 0.107 Loaded shared library C:\Users\MSI\.vscode\extensions\redhat.java-1.41.1-win32-x64\jre\21.0.6-win32-x86_64\bin\net.dll
Event: 0.108 Loaded shared library C:\Users\MSI\.vscode\extensions\redhat.java-1.41.1-win32-x64\jre\21.0.6-win32-x86_64\bin\nio.dll
Event: 0.111 Loaded shared library C:\Users\MSI\.vscode\extensions\redhat.java-1.41.1-win32-x64\jre\21.0.6-win32-x86_64\bin\zip.dll
Event: 0.126 Loaded shared library C:\Users\MSI\.vscode\extensions\redhat.java-1.41.1-win32-x64\jre\21.0.6-win32-x86_64\bin\jimage.dll
Event: 0.186 Loaded shared library c:\Users\MSI\.vscode\extensions\redhat.java-1.41.1-win32-x64\jre\21.0.6-win32-x86_64\bin\verify.dll
Event: 0.891 Loaded shared library C:\Users\MSI\AppData\Roaming\Code\User\globalStorage\redhat.java\1.41.1\config_win\org.eclipse.equinox.launcher\org.eclipse.equinox.launcher.win32.win32.x86_64_1.2.1300.v20250331-1702\eclipse_11911.dll
Event: 1.826 Loaded shared library C:\Users\MSI\AppData\Local\Temp\jna-76643\jna9161108765595270510.dll

Deoptimization events (20 events):
Event: 8.026 Thread 0x000002009723b3e0 DEOPT PACKING pc=0x0000020042ed7eac sp=0x0000003d937feac0
Event: 8.026 Thread 0x000002009723b3e0 DEOPT UNPACKING pc=0x0000020042083aa2 sp=0x0000003d937fea08 mode 2
Event: 8.044 Thread 0x000002009723b3e0 Uncommon trap: trap_request=0xffffff45 fr.pc=0x0000020042daeb88 relative=0x0000000000001148
Event: 8.044 Thread 0x000002009723b3e0 Uncommon trap: reason=unstable_if action=reinterpret pc=0x0000020042daeb88 method=lombok.core.configuration.FileSystemSourceCache.parseIfNeccesary(Llombok/core/configuration/ConfigurationFile;Llombok/core/configuration/ConfigurationParser;)Llombok/core/co
Event: 8.044 Thread 0x000002009723b3e0 DEOPT PACKING pc=0x0000020042daeb88 sp=0x0000003d937fe850
Event: 8.044 Thread 0x000002009723b3e0 DEOPT UNPACKING pc=0x0000020042083aa2 sp=0x0000003d937fe698 mode 2
Event: 8.044 Thread 0x000002009723b3e0 Uncommon trap: trap_request=0xffffff45 fr.pc=0x0000020042dd66b0 relative=0x00000000000008b0
Event: 8.044 Thread 0x000002009723b3e0 Uncommon trap: reason=unstable_if action=reinterpret pc=0x0000020042dd66b0 method=lombok.core.configuration.FileSystemSourceCache.parseIfNeccesary(Llombok/core/configuration/ConfigurationFile;Llombok/core/configuration/ConfigurationParser;)Llombok/core/co
Event: 8.044 Thread 0x000002009723b3e0 DEOPT PACKING pc=0x0000020042dd66b0 sp=0x0000003d937fe750
Event: 8.044 Thread 0x000002009723b3e0 DEOPT UNPACKING pc=0x0000020042083aa2 sp=0x0000003d937fe6f8 mode 2
Event: 8.068 Thread 0x000002009723b3e0 DEOPT PACKING pc=0x000002003c181355 sp=0x0000003d937f9e00
Event: 8.068 Thread 0x000002009723b3e0 DEOPT UNPACKING pc=0x0000020042084242 sp=0x0000003d937f9308 mode 0
Event: 8.074 Thread 0x000002009723b3e0 Uncommon trap: trap_request=0xffffffc6 fr.pc=0x0000020042d76254 relative=0x00000000000005b4
Event: 8.074 Thread 0x000002009723b3e0 Uncommon trap: reason=bimorphic_or_optimized_type_check action=maybe_recompile pc=0x0000020042d76254 method=lombok.eclipse.handlers.EclipseHandlerUtil.typeMatches(Ljava/lang/String;Llombok/eclipse/EclipseNode;Lorg/eclipse/jdt/internal/compiler/ast/TypeRef
Event: 8.075 Thread 0x000002009723b3e0 DEOPT PACKING pc=0x0000020042d76254 sp=0x0000003d937fe430
Event: 8.075 Thread 0x000002009723b3e0 DEOPT UNPACKING pc=0x0000020042083aa2 sp=0x0000003d937fe3d0 mode 2
Event: 8.075 Thread 0x000002009723b3e0 Uncommon trap: trap_request=0xffffffc6 fr.pc=0x0000020042d76254 relative=0x00000000000005b4
Event: 8.075 Thread 0x000002009723b3e0 Uncommon trap: reason=bimorphic_or_optimized_type_check action=maybe_recompile pc=0x0000020042d76254 method=lombok.eclipse.handlers.EclipseHandlerUtil.typeMatches(Ljava/lang/String;Llombok/eclipse/EclipseNode;Lorg/eclipse/jdt/internal/compiler/ast/TypeRef
Event: 8.075 Thread 0x000002009723b3e0 DEOPT PACKING pc=0x0000020042d76254 sp=0x0000003d937fe430
Event: 8.075 Thread 0x000002009723b3e0 DEOPT UNPACKING pc=0x0000020042083aa2 sp=0x0000003d937fe3d0 mode 2

Classes loaded (20 events):
Event: 7.848 Loading class sun/nio/ch/ChannelOutputStream
Event: 7.849 Loading class sun/nio/ch/ChannelOutputStream done
Event: 8.068 Loading class java/util/stream/ReferencePipeline$4
Event: 8.068 Loading class java/util/stream/IntPipeline$StatelessOp
Event: 8.068 Loading class java/util/stream/IntPipeline
Event: 8.068 Loading class java/util/stream/IntStream
Event: 8.069 Loading class java/util/stream/IntStream done
Event: 8.069 Loading class java/util/stream/IntPipeline done
Event: 8.069 Loading class java/util/stream/IntPipeline$StatelessOp done
Event: 8.069 Loading class java/util/stream/ReferencePipeline$4 done
Event: 8.070 Loading class java/util/stream/Nodes$IntFixedNodeBuilder
Event: 8.070 Loading class java/util/stream/Node$Builder$OfInt
Event: 8.070 Loading class java/util/stream/Sink$OfInt
Event: 8.070 Loading class java/util/stream/Sink$OfInt done
Event: 8.070 Loading class java/util/stream/Node$Builder$OfInt done
Event: 8.070 Loading class java/util/stream/Nodes$IntArrayNode
Event: 8.070 Loading class java/util/stream/Nodes$IntArrayNode done
Event: 8.070 Loading class java/util/stream/Nodes$IntFixedNodeBuilder done
Event: 8.073 Loading class java/util/stream/ReferencePipeline$4$1
Event: 8.073 Loading class java/util/stream/ReferencePipeline$4$1 done

Classes unloaded (7 events):
Event: 2.130 Thread 0x0000020037aae960 Unloading class 0x000002004d194800 'java/lang/invoke/LambdaForm$MH+0x000002004d194800'
Event: 2.130 Thread 0x0000020037aae960 Unloading class 0x000002004d194400 'java/lang/invoke/LambdaForm$MH+0x000002004d194400'
Event: 2.130 Thread 0x0000020037aae960 Unloading class 0x000002004d194000 'java/lang/invoke/LambdaForm$MH+0x000002004d194000'
Event: 2.130 Thread 0x0000020037aae960 Unloading class 0x000002004d193c00 'java/lang/invoke/LambdaForm$MH+0x000002004d193c00'
Event: 2.130 Thread 0x0000020037aae960 Unloading class 0x000002004d193800 'java/lang/invoke/LambdaForm$BMH+0x000002004d193800'
Event: 2.130 Thread 0x0000020037aae960 Unloading class 0x000002004d193400 'java/lang/invoke/LambdaForm$DMH+0x000002004d193400'
Event: 2.130 Thread 0x0000020037aae960 Unloading class 0x000002004d192400 'java/lang/invoke/LambdaForm$DMH+0x000002004d192400'

Classes redefined (0 events):
No events

Internal exceptions (20 events):
Event: 6.621 Thread 0x000002009735f500 Exception <a 'java/lang/NoSuchMethodError'{0x00000000eac07c20}: 'java.lang.Object java.lang.invoke.DirectMethodHandle$Holder.invokeSpecial(java.lang.Object, java.lang.Object, java.lang.Object, int, int)'> (0x00000000eac07c20) 
thrown [s\src\hotspot\share\interpreter\linkResolver.cpp, line 773]
Event: 6.675 Thread 0x0000020095158550 Exception <a 'sun/nio/fs/WindowsException'{0x00000000eaf742b8}> (0x00000000eaf742b8) 
thrown [s\src\hotspot\share\prims\jni.cpp, line 520]
Event: 6.688 Thread 0x000002009735f500 Exception <a 'java/lang/NoSuchMethodError'{0x00000000eb41cfc0}: 'void java.lang.invoke.DelegatingMethodHandle$Holder.reinvoke_L(java.lang.Object, java.lang.Object, java.lang.Object, int, java.lang.Object, int, int)'> (0x00000000eb41cfc0) 
thrown [s\src\hotspot\share\interpreter\linkResolver.cpp, line 773]
Event: 6.776 Thread 0x0000020095158550 Exception <a 'sun/nio/fs/WindowsException'{0x00000000eacd18f0}> (0x00000000eacd18f0) 
thrown [s\src\hotspot\share\prims\jni.cpp, line 520]
Event: 6.794 Thread 0x0000020095158550 Exception <a 'sun/nio/fs/WindowsException'{0x00000000eace11d0}> (0x00000000eace11d0) 
thrown [s\src\hotspot\share\prims\jni.cpp, line 520]
Event: 6.813 Thread 0x0000020095158550 Exception <a 'sun/nio/fs/WindowsException'{0x00000000eb15dbb0}> (0x00000000eb15dbb0) 
thrown [s\src\hotspot\share\prims\jni.cpp, line 520]
Event: 6.950 Thread 0x000002009735f500 Exception <a 'java/lang/NoSuchMethodError'{0x00000000ead0bcb0}: 'int java.lang.invoke.DirectMethodHandle$Holder.invokeSpecialIFC(java.lang.Object, java.lang.Object, java.lang.Object)'> (0x00000000ead0bcb0) 
thrown [s\src\hotspot\share\interpreter\linkResolver.cpp, line 773]
Event: 7.018 Thread 0x0000020095158550 Exception <a 'sun/nio/fs/WindowsException'{0x00000000eac2c4e0}> (0x00000000eac2c4e0) 
thrown [s\src\hotspot\share\prims\jni.cpp, line 520]
Event: 7.259 Thread 0x0000020095158550 Exception <a 'sun/nio/fs/WindowsException'{0x00000000eafd8ca8}> (0x00000000eafd8ca8) 
thrown [s\src\hotspot\share\prims\jni.cpp, line 520]
Event: 7.275 Thread 0x0000020095158550 Exception <a 'sun/nio/fs/WindowsException'{0x00000000eafe86b8}> (0x00000000eafe86b8) 
thrown [s\src\hotspot\share\prims\jni.cpp, line 520]
Event: 7.370 Thread 0x0000020095158550 Exception <a 'sun/nio/fs/WindowsException'{0x00000000eb1524d8}> (0x00000000eb1524d8) 
thrown [s\src\hotspot\share\prims\jni.cpp, line 520]
Event: 7.504 Thread 0x0000020095158550 Exception <a 'sun/nio/fs/WindowsException'{0x00000000eab89a98}> (0x00000000eab89a98) 
thrown [s\src\hotspot\share\prims\jni.cpp, line 520]
Event: 7.538 Thread 0x0000020095158550 Exception <a 'sun/nio/fs/WindowsException'{0x00000000eac000c8}> (0x00000000eac000c8) 
thrown [s\src\hotspot\share\prims\jni.cpp, line 520]
Event: 7.558 Thread 0x0000020095158550 Exception <a 'sun/nio/fs/WindowsException'{0x00000000eb0cf2f8}> (0x00000000eb0cf2f8) 
thrown [s\src\hotspot\share\prims\jni.cpp, line 520]
Event: 7.633 Thread 0x0000020095158550 Exception <a 'sun/nio/fs/WindowsException'{0x00000000eabbbe10}> (0x00000000eabbbe10) 
thrown [s\src\hotspot\share\prims\jni.cpp, line 520]
Event: 7.832 Thread 0x0000020095158550 Exception <a 'sun/nio/fs/WindowsException'{0x00000000eaf6ec50}> (0x00000000eaf6ec50) 
thrown [s\src\hotspot\share\prims\jni.cpp, line 520]
Event: 7.842 Thread 0x000002009735f500 Exception <a 'java/lang/NoSuchMethodError'{0x00000000eb04c578}: 'java.lang.Object java.lang.invoke.DirectMethodHandle$Holder.newInvokeSpecial(java.lang.Object, java.lang.Object, int, int, java.lang.Object)'> (0x00000000eb04c578) 
thrown [s\src\hotspot\share\interpreter\linkResolver.cpp, line 773]
Event: 7.881 Thread 0x000002009723b3e0 Exception <a 'java/lang/NoSuchMethodError'{0x00000000eab27e30}: 'void java.lang.invoke.DirectMethodHandle$Holder.invokeStatic(java.lang.Object, int, java.lang.Object)'> (0x00000000eab27e30) 
thrown [s\src\hotspot\share\interpreter\linkResolver.cpp, line 773]
Event: 7.963 Thread 0x0000020095158550 Exception <a 'sun/nio/fs/WindowsException'{0x00000000eb132ba0}> (0x00000000eb132ba0) 
thrown [s\src\hotspot\share\prims\jni.cpp, line 520]
Event: 8.053 Thread 0x0000020095158550 Exception <a 'sun/nio/fs/WindowsException'{0x00000000eae39cd0}> (0x00000000eae39cd0) 
thrown [s\src\hotspot\share\prims\jni.cpp, line 520]

ZGC Phase Switch (0 events):
No events

VM Operations (20 events):
Event: 7.684 Executing VM operation: ParallelGCFailedAllocation (Allocation Failure)
Event: 7.686 Executing VM operation: ParallelGCFailedAllocation (Allocation Failure) done
Event: 7.694 Executing VM operation: CollectForMetadataAllocation (Metadata GC Threshold)
Event: 7.780 Executing VM operation: CollectForMetadataAllocation (Metadata GC Threshold) done
Event: 7.852 Executing VM operation: ParallelGCFailedAllocation (Allocation Failure)
Event: 7.854 Executing VM operation: ParallelGCFailedAllocation (Allocation Failure) done
Event: 7.878 Executing VM operation: ParallelGCFailedAllocation (Allocation Failure)
Event: 7.880 Executing VM operation: ParallelGCFailedAllocation (Allocation Failure) done
Event: 7.910 Executing VM operation: ParallelGCFailedAllocation (Allocation Failure)
Event: 7.911 Executing VM operation: ParallelGCFailedAllocation (Allocation Failure) done
Event: 7.968 Executing VM operation: ParallelGCFailedAllocation (Allocation Failure)
Event: 7.969 Executing VM operation: ParallelGCFailedAllocation (Allocation Failure) done
Event: 7.994 Executing VM operation: ParallelGCFailedAllocation (Allocation Failure)
Event: 7.996 Executing VM operation: ParallelGCFailedAllocation (Allocation Failure) done
Event: 8.016 Executing VM operation: ParallelGCFailedAllocation (Allocation Failure)
Event: 8.017 Executing VM operation: ParallelGCFailedAllocation (Allocation Failure) done
Event: 8.024 Executing VM operation: HandshakeAllThreads (Deoptimize)
Event: 8.024 Executing VM operation: HandshakeAllThreads (Deoptimize) done
Event: 8.071 Executing VM operation: ParallelGCFailedAllocation (Allocation Failure)
Event: 8.073 Executing VM operation: ParallelGCFailedAllocation (Allocation Failure) done

Memory protections (0 events):
No events

Nmethod flushes (20 events):
Event: 7.726 Thread 0x0000020037aae960 flushing  nmethod 0x000002003b703010
Event: 7.726 Thread 0x0000020037aae960 flushing  nmethod 0x000002003b703490
Event: 7.726 Thread 0x0000020037aae960 flushing  nmethod 0x000002003b708b90
Event: 7.726 Thread 0x0000020037aae960 flushing  nmethod 0x000002003b70d310
Event: 7.726 Thread 0x0000020037aae960 flushing  nmethod 0x000002003b70dc10
Event: 7.726 Thread 0x0000020037aae960 flushing  nmethod 0x000002003b718290
Event: 7.726 Thread 0x0000020037aae960 flushing  nmethod 0x000002003b735890
Event: 7.726 Thread 0x0000020037aae960 flushing  nmethod 0x000002003b774a10
Event: 7.726 Thread 0x0000020037aae960 flushing  nmethod 0x000002003b77b010
Event: 7.726 Thread 0x0000020037aae960 flushing  nmethod 0x000002003b77b710
Event: 7.726 Thread 0x0000020037aae960 flushing  nmethod 0x000002003b77cf10
Event: 7.726 Thread 0x0000020037aae960 flushing  nmethod 0x000002003b77d710
Event: 7.726 Thread 0x0000020037aae960 flushing  nmethod 0x000002003b77dc90
Event: 7.726 Thread 0x0000020037aae960 flushing  nmethod 0x000002003b784490
Event: 7.726 Thread 0x0000020037aae960 flushing  nmethod 0x000002003b788910
Event: 7.726 Thread 0x0000020037aae960 flushing  nmethod 0x000002003b78be90
Event: 7.726 Thread 0x0000020037aae960 flushing  nmethod 0x000002003b78d090
Event: 7.726 Thread 0x0000020037aae960 flushing  nmethod 0x000002003b7c2990
Event: 7.726 Thread 0x0000020037aae960 flushing  nmethod 0x000002003b7c6390
Event: 7.726 Thread 0x0000020037aae960 flushing  nmethod 0x000002003b7e2110

Events (20 events):
Event: 5.854 Thread 0x000002009479dee0 Thread exited: 0x000002009479dee0
Event: 5.890 Thread 0x000002009479fa20 Thread exited: 0x000002009479fa20
Event: 6.453 Thread 0x000002008e7a5df0 Thread added: 0x00000200a0af1090
Event: 6.594 Thread 0x000002008e5c8370 Thread added: 0x00000200a0af54b0
Event: 7.184 Thread 0x0000020095202de0 Thread exited: 0x0000020095202de0
Event: 7.637 Thread 0x000002009735f500 Thread added: 0x000002009723b3e0
Event: 7.843 Thread 0x000002009735f500 Thread added: 0x000002009723c790
Event: 7.868 Thread 0x000002009735f500 Thread added: 0x000002009723ad50
Event: 7.884 Thread 0x000002009735f500 Thread added: 0x000002009723ba70
Event: 7.936 Thread 0x000002009735f500 Thread added: 0x000002009723ce20
Event: 7.940 Thread 0x000002009735f500 Thread added: 0x000002009723c100
Event: 7.964 Thread 0x000002009735f500 Thread added: 0x000002009723a030
Event: 7.968 Thread 0x000002009735f500 Thread added: 0x0000020097240fc0
Event: 7.975 Thread 0x000002009735f500 Thread added: 0x000002009723eef0
Event: 8.007 Thread 0x000002009735f500 Thread added: 0x000002009723f580
Event: 8.009 Thread 0x000002009735f500 Thread added: 0x0000020097240930
Event: 8.015 Thread 0x000002009735f500 Thread added: 0x000002009723db40
Event: 8.016 Thread 0x000002009735f500 Thread added: 0x000002009723e1d0
Event: 8.018 Thread 0x000002009735f500 Thread added: 0x00000200972402a0
Event: 8.018 Thread 0x000002009735f500 Thread added: 0x000002009723fc10


Dynamic libraries:
0x00007ff6a6360000 - 0x00007ff6a636e000 	c:\Users\MSI\.vscode\extensions\redhat.java-1.41.1-win32-x64\jre\21.0.6-win32-x86_64\bin\java.exe
0x00007ffcb0980000 - 0x00007ffcb0be0000 	C:\WINDOWS\SYSTEM32\ntdll.dll
0x00007ffcafa70000 - 0x00007ffcafb37000 	C:\WINDOWS\System32\KERNEL32.DLL
0x00007ffcae2d0000 - 0x00007ffcae69a000 	C:\WINDOWS\System32\KERNELBASE.dll
0x00007ffcadeb0000 - 0x00007ffcadffb000 	C:\WINDOWS\System32\ucrtbase.dll
0x00007ffca8970000 - 0x00007ffca8988000 	c:\Users\MSI\.vscode\extensions\redhat.java-1.41.1-win32-x64\jre\21.0.6-win32-x86_64\bin\jli.dll
0x00007ffcaf0c0000 - 0x00007ffcaf28c000 	C:\WINDOWS\System32\USER32.dll
0x00007ffcae6a0000 - 0x00007ffcae6c7000 	C:\WINDOWS\System32\win32u.dll
0x00007ffcaee40000 - 0x00007ffcaee6a000 	C:\WINDOWS\System32\GDI32.dll
0x00007ffcadb60000 - 0x00007ffcadc91000 	C:\WINDOWS\System32\gdi32full.dll
0x00007ffcae6d0000 - 0x00007ffcae773000 	C:\WINDOWS\System32\msvcp_win.dll
0x00007ffca31e0000 - 0x00007ffca31fe000 	c:\Users\MSI\.vscode\extensions\redhat.java-1.41.1-win32-x64\jre\21.0.6-win32-x86_64\bin\VCRUNTIME140.dll
0x00007ffc990d0000 - 0x00007ffc99367000 	C:\WINDOWS\WinSxS\amd64_microsoft.windows.common-controls_6595b64144ccf1df_6.0.26100.3624_none_3e086962e3345f24\COMCTL32.dll
0x00007ffcaf850000 - 0x00007ffcaf8f9000 	C:\WINDOWS\System32\msvcrt.dll
0x00007ffcafc20000 - 0x00007ffcafc4f000 	C:\WINDOWS\System32\IMM32.DLL
0x00007ffca31d0000 - 0x00007ffca31dc000 	c:\Users\MSI\.vscode\extensions\redhat.java-1.41.1-win32-x64\jre\21.0.6-win32-x86_64\bin\vcruntime140_1.dll
0x00007ffc59b80000 - 0x00007ffc59c0d000 	c:\Users\MSI\.vscode\extensions\redhat.java-1.41.1-win32-x64\jre\21.0.6-win32-x86_64\bin\msvcp140.dll
0x00007ffc08c20000 - 0x00007ffc099b0000 	c:\Users\MSI\.vscode\extensions\redhat.java-1.41.1-win32-x64\jre\21.0.6-win32-x86_64\bin\server\jvm.dll
0x00007ffcaee70000 - 0x00007ffcaef22000 	C:\WINDOWS\System32\ADVAPI32.dll
0x00007ffcaf010000 - 0x00007ffcaf0b6000 	C:\WINDOWS\System32\sechost.dll
0x00007ffcaec90000 - 0x00007ffcaeda6000 	C:\WINDOWS\System32\RPCRT4.dll
0x00007ffcaf290000 - 0x00007ffcaf304000 	C:\WINDOWS\System32\WS2_32.dll
0x00007ffcad9b0000 - 0x00007ffcada0e000 	C:\WINDOWS\SYSTEM32\POWRPROF.dll
0x00007ffca7cc0000 - 0x00007ffca7cf6000 	C:\WINDOWS\SYSTEM32\WINMM.dll
0x00007ffca7d00000 - 0x00007ffca7d0b000 	C:\WINDOWS\SYSTEM32\VERSION.dll
0x00007ffcad990000 - 0x00007ffcad9a4000 	C:\WINDOWS\SYSTEM32\UMPDC.dll
0x00007ffcac970000 - 0x00007ffcac98a000 	C:\WINDOWS\SYSTEM32\kernel.appcore.dll
0x00007ffc9fd80000 - 0x00007ffc9fd8a000 	c:\Users\MSI\.vscode\extensions\redhat.java-1.41.1-win32-x64\jre\21.0.6-win32-x86_64\bin\jimage.dll
0x00007ffca19f0000 - 0x00007ffca1c31000 	C:\WINDOWS\SYSTEM32\DBGHELP.DLL
0x00007ffcafc70000 - 0x00007ffcafff2000 	C:\WINDOWS\System32\combase.dll
0x00007ffcafb40000 - 0x00007ffcafc16000 	C:\WINDOWS\System32\OLEAUT32.dll
0x00007ffc989a0000 - 0x00007ffc989d9000 	C:\WINDOWS\SYSTEM32\dbgcore.DLL
0x00007ffcadca0000 - 0x00007ffcadd39000 	C:\WINDOWS\System32\bcryptPrimitives.dll
0x00007ffc9bd30000 - 0x00007ffc9bd3f000 	c:\Users\MSI\.vscode\extensions\redhat.java-1.41.1-win32-x64\jre\21.0.6-win32-x86_64\bin\instrument.dll
0x00007ffc800c0000 - 0x00007ffc800df000 	c:\Users\MSI\.vscode\extensions\redhat.java-1.41.1-win32-x64\jre\21.0.6-win32-x86_64\bin\java.dll
0x00007ffcb0160000 - 0x00007ffcb0889000 	C:\WINDOWS\System32\SHELL32.dll
0x00007ffcadd40000 - 0x00007ffcadea8000 	C:\WINDOWS\System32\wintypes.dll
0x00007ffcab7e0000 - 0x00007ffcac032000 	C:\WINDOWS\SYSTEM32\windows.storage.dll
0x00007ffcb0050000 - 0x00007ffcb013d000 	C:\WINDOWS\System32\SHCORE.dll
0x00007ffcb0890000 - 0x00007ffcb08f4000 	C:\WINDOWS\System32\shlwapi.dll
0x00007ffcada70000 - 0x00007ffcada9f000 	C:\WINDOWS\SYSTEM32\profapi.dll
0x00007ffc7ec20000 - 0x00007ffc7ec38000 	c:\Users\MSI\.vscode\extensions\redhat.java-1.41.1-win32-x64\jre\21.0.6-win32-x86_64\bin\zip.dll
0x00007ffc93820000 - 0x00007ffc93830000 	C:\Users\MSI\.vscode\extensions\redhat.java-1.41.1-win32-x64\jre\21.0.6-win32-x86_64\bin\net.dll
0x00007ffca79e0000 - 0x00007ffca7afd000 	C:\WINDOWS\SYSTEM32\WINHTTP.dll
0x00007ffcace90000 - 0x00007ffcacefa000 	C:\WINDOWS\system32\mswsock.dll
0x00007ffc7bd10000 - 0x00007ffc7bd26000 	C:\Users\MSI\.vscode\extensions\redhat.java-1.41.1-win32-x64\jre\21.0.6-win32-x86_64\bin\nio.dll
0x00007ffc89910000 - 0x00007ffc89920000 	c:\Users\MSI\.vscode\extensions\redhat.java-1.41.1-win32-x64\jre\21.0.6-win32-x86_64\bin\verify.dll
0x00007ffc84ca0000 - 0x00007ffc84ce5000 	C:\Users\MSI\AppData\Roaming\Code\User\globalStorage\redhat.java\1.41.1\config_win\org.eclipse.equinox.launcher\org.eclipse.equinox.launcher.win32.win32.x86_64_1.2.1300.v20250331-1702\eclipse_11911.dll
0x00007ffcaeaf0000 - 0x00007ffcaec86000 	C:\WINDOWS\System32\ole32.dll
0x00007ffcad130000 - 0x00007ffcad14c000 	C:\WINDOWS\SYSTEM32\CRYPTSP.dll
0x00007ffcac8d0000 - 0x00007ffcac90a000 	C:\WINDOWS\system32\rsaenh.dll
0x00007ffcacf30000 - 0x00007ffcacf5b000 	C:\WINDOWS\SYSTEM32\USERENV.dll
0x00007ffcada40000 - 0x00007ffcada66000 	C:\WINDOWS\SYSTEM32\bcrypt.dll
0x00007ffcad150000 - 0x00007ffcad15c000 	C:\WINDOWS\SYSTEM32\CRYPTBASE.dll
0x00007ffcac3b0000 - 0x00007ffcac3e3000 	C:\WINDOWS\SYSTEM32\IPHLPAPI.DLL
0x00007ffcb0900000 - 0x00007ffcb090a000 	C:\WINDOWS\System32\NSI.dll
0x00007ffc5aca0000 - 0x00007ffc5ace9000 	C:\Users\MSI\AppData\Local\Temp\jna-76643\jna9161108765595270510.dll
0x00007ffcafa60000 - 0x00007ffcafa68000 	C:\WINDOWS\System32\PSAPI.DLL
0x00007ffca7c30000 - 0x00007ffca7c4f000 	C:\WINDOWS\SYSTEM32\dhcpcsvc6.DLL
0x00007ffca7b60000 - 0x00007ffca7b85000 	C:\WINDOWS\SYSTEM32\dhcpcsvc.DLL

dbghelp: loaded successfully - version: 4.0.5 - missing functions: none
symbol engine: initialized successfully - sym options: 0x614 - pdb path: .;c:\Users\MSI\.vscode\extensions\redhat.java-1.41.1-win32-x64\jre\21.0.6-win32-x86_64\bin;C:\WINDOWS\SYSTEM32;C:\WINDOWS\WinSxS\amd64_microsoft.windows.common-controls_6595b64144ccf1df_6.0.26100.3624_none_3e086962e3345f24;c:\Users\MSI\.vscode\extensions\redhat.java-1.41.1-win32-x64\jre\21.0.6-win32-x86_64\bin\server;C:\Users\MSI\AppData\Roaming\Code\User\globalStorage\redhat.java\1.41.1\config_win\org.eclipse.equinox.launcher\org.eclipse.equinox.launcher.win32.win32.x86_64_1.2.1300.v20250331-1702;C:\Users\MSI\AppData\Local\Temp\jna-76643

VM Arguments:
jvm_args: --add-modules=ALL-SYSTEM --add-opens=java.base/java.util=ALL-UNNAMED --add-opens=java.base/java.lang=ALL-UNNAMED --add-opens=java.base/sun.nio.fs=ALL-UNNAMED -Declipse.application=org.eclipse.jdt.ls.core.id1 -Dosgi.bundles.defaultStartLevel=4 -Declipse.product=org.eclipse.jdt.ls.core.product -Djava.import.generatesMetadataFilesAtProjectRoot=false -DDetectVMInstallationsJob.disabled=true -Dfile.encoding=utf8 -XX:+UseParallelGC -XX:GCTimeRatio=4 -XX:AdaptiveSizePolicyWeight=90 -Dsun.zip.disableMemoryMapping=true -Xmx1G -Xms100m -Xlog:disable -javaagent:c:\Users\MSI\.vscode\extensions\redhat.java-1.41.1-win32-x64\lombok\lombok-1.18.36.jar -XX:+HeapDumpOnOutOfMemoryError -XX:HeapDumpPath=c:\Users\MSI\AppData\Roaming\Code\User\workspaceStorage\3815725e1ac4c6c69b70af32f7c49045\redhat.java -Daether.dependencyCollector.impl=bf 
java_command: c:\Users\MSI\.vscode\extensions\redhat.java-1.41.1-win32-x64\server\plugins\org.eclipse.equinox.launcher_1.7.0.v20250331-1702.jar -configuration c:\Users\MSI\AppData\Roaming\Code\User\globalStorage\redhat.java\1.41.1\config_win -data c:\Users\MSI\AppData\Roaming\Code\User\workspaceStorage\3815725e1ac4c6c69b70af32f7c49045\redhat.java\jdt_ws --pipe=\\.\pipe\lsp-102d8a1504edda93cbef6d09c4b3335f-sock
java_class_path (initial): c:\Users\MSI\.vscode\extensions\redhat.java-1.41.1-win32-x64\server\plugins\org.eclipse.equinox.launcher_1.7.0.v20250331-1702.jar
Launcher Type: SUN_STANDARD

[Global flags]
    uintx AdaptiveSizePolicyWeight                 = 90                                        {product} {command line}
     intx CICompilerCount                          = 12                                        {product} {ergonomic}
    uintx GCTimeRatio                              = 4                                         {product} {command line}
     bool HeapDumpOnOutOfMemoryError               = true                                   {manageable} {command line}
    ccstr HeapDumpPath                             = c:\Users\MSI\AppData\Roaming\Code\User\workspaceStorage\3815725e1ac4c6c69b70af32f7c49045\redhat.java         {manageable} {command line}
   size_t InitialHeapSize                          = 104857600                                 {product} {command line}
   size_t MaxHeapSize                              = 1073741824                                {product} {command line}
   size_t MaxNewSize                               = 357564416                                 {product} {ergonomic}
   size_t MinHeapDeltaBytes                        = 524288                                    {product} {ergonomic}
   size_t MinHeapSize                              = 104857600                                 {product} {command line}
   size_t NewSize                                  = 34603008                                  {product} {ergonomic}
    uintx NonNMethodCodeHeapSize                   = 7602480                                {pd product} {ergonomic}
    uintx NonProfiledCodeHeapSize                  = 122027880                              {pd product} {ergonomic}
   size_t OldSize                                  = 70254592                                  {product} {ergonomic}
    uintx ProfiledCodeHeapSize                     = 122027880                              {pd product} {ergonomic}
    uintx ReservedCodeCacheSize                    = 251658240                              {pd product} {ergonomic}
     bool SegmentedCodeCache                       = true                                      {product} {ergonomic}
   size_t SoftMaxHeapSize                          = 1073741824                             {manageable} {ergonomic}
     bool UseCompressedOops                        = true                           {product lp64_product} {ergonomic}
     bool UseLargePagesIndividualAllocation        = false                                  {pd product} {ergonomic}
     bool UseParallelGC                            = true                                      {product} {command line}

Logging:
Log output configuration:
 #0: stdout all=off uptime,level,tags foldmultilines=false
 #1: stderr all=off uptime,level,tags foldmultilines=false

Environment Variables:
JAVA_HOME=C:\Program Files\Java\jdk-17
PATH=C:\Program Files\Common Files\Oracle\Java\javapath;C:\Program Files (x86)\VMware\VMware Workstation\bin\;C:\Program Files\Microsoft MPI\Bin\;C:\WINDOWS\system32;C:\WINDOWS;C:\WINDOWS\System32\Wbem;C:\WINDOWS\System32\WindowsPowerShell\v1.0\;C:\WINDOWS\System32\OpenSSH\;C:\Program Files\nodejs\;C:\Program Files (x86)\Microsoft SQL Server\160\Tools\Binn\;C:\Program Files\Microsoft SQL Server\160\Tools\Binn\;C:\Program Files\Microsoft SQL Server\Client SDK\ODBC\170\Tools\Binn\;C:\Program Files\Microsoft SQL Server\160\DTS\Binn\;C:\Program Files (x86)\Microsoft SQL Server\160\DTS\Binn\;C:\Program Files\Git LFS;C:\Program Files\Git\cmd;C:\Program Files\PowerShell\7\;C:\Program Files\Java\jdk-17\bin;C:\Program Files\MySQL\MySQL Shell 8.0\bin\;C:\Users\MSI\AppData\Local\Programs\Python\Python313;C:\Users\MSI\AppData\Local\Microsoft\WindowsApps;C:\Users\MSI\AppData\Local\Programs\Microsoft VS Code\bin;C:\Users\MSI\AppData\Roaming\npm;C:\Program Files\JetBrains\IntelliJ IDEA 2024.3.1.1\bin;;
USERNAME=MSI
OS=Windows_NT
PROCESSOR_IDENTIFIER=AMD64 Family 25 Model 80 Stepping 0, AuthenticAMD
TMP=C:\Users\MSI\AppData\Local\Temp
TEMP=C:\Users\MSI\AppData\Local\Temp




Periodic native trim disabled

---------------  S Y S T E M  ---------------

OS:
 Windows 11 , 64 bit Build 26100 (10.0.26100.3775)
OS uptime: 0 days 0:08 hours
Hyper-V role detected

CPU: total 16 (initial active 16) (16 cores per cpu, 2 threads per core) family 25 model 80 stepping 0 microcode 0xa50000c, cx8, cmov, fxsr, ht, mmx, 3dnowpref, sse, sse2, sse3, ssse3, sse4a, sse4.1, sse4.2, popcnt, lzcnt, tsc, tscinvbit, avx, avx2, aes, erms, clmul, bmi1, bmi2, adx, sha, fma, vzeroupper, clflush, clflushopt, hv, rdtscp, rdpid, fsrm, f16c, cet_ss
Processor Information for processor 0
  Max Mhz: 3201, Current Mhz: 3201, Mhz Limit: 3201
Processor Information for processor 1
  Max Mhz: 3201, Current Mhz: 3201, Mhz Limit: 3201
Processor Information for processor 2
  Max Mhz: 3201, Current Mhz: 3201, Mhz Limit: 3201
Processor Information for processor 3
  Max Mhz: 3201, Current Mhz: 3201, Mhz Limit: 3201
Processor Information for processor 4
  Max Mhz: 3201, Current Mhz: 3201, Mhz Limit: 3201
Processor Information for processor 5
  Max Mhz: 3201, Current Mhz: 3201, Mhz Limit: 3201
Processor Information for processor 6
  Max Mhz: 3201, Current Mhz: 3201, Mhz Limit: 3201
Processor Information for processor 7
  Max Mhz: 3201, Current Mhz: 3201, Mhz Limit: 3201
Processor Information for processor 8
  Max Mhz: 3201, Current Mhz: 3201, Mhz Limit: 3201
Processor Information for processor 9
  Max Mhz: 3201, Current Mhz: 3201, Mhz Limit: 3201
Processor Information for processor 10
  Max Mhz: 3201, Current Mhz: 3201, Mhz Limit: 3201
Processor Information for processor 11
  Max Mhz: 3201, Current Mhz: 3201, Mhz Limit: 3201
Processor Information for processor 12
  Max Mhz: 3201, Current Mhz: 3201, Mhz Limit: 3201
Processor Information for processor 13
  Max Mhz: 3201, Current Mhz: 3201, Mhz Limit: 3201
Processor Information for processor 14
  Max Mhz: 3201, Current Mhz: 2555, Mhz Limit: 3201
Processor Information for processor 15
  Max Mhz: 3201, Current Mhz: 3201, Mhz Limit: 3201

Memory: 4k page, system-wide physical 15752M (4534M free)
TotalPageFile size 15752M (AvailPageFile size 6M)
current process WorkingSet (physical memory assigned to process): 804M, peak: 813M
current process commit charge ("private bytes"): 735M, peak: 746M

vm_info: OpenJDK 64-Bit Server VM (21.0.6+7-LTS) for windows-amd64 JRE (21.0.6+7-LTS), built on 2025-01-21T00:00:00Z by "admin" with MS VC++ 17.7 (VS2022)

END.
