#
# There is insufficient memory for the Java Runtime Environment to continue.
# Native memory allocation (malloc) failed to allocate 269456 bytes. Error detail: Chunk::new
# Possible reasons:
#   The system is out of physical RAM or swap space
#   This process is running with CompressedOops enabled, and the Java Heap may be blocking the growth of the native heap
# Possible solutions:
#   Reduce memory load on the system
#   Increase physical memory or swap space
#   Check if swap backing store is full
#   Decrease Java heap size (-Xmx/-Xms)
#   Decrease number of Java threads
#   Decrease Java thread stack sizes (-Xss)
#   Set larger code cache with -XX:ReservedCodeCacheSize=
#   JVM is running with Unscaled Compressed Oops mode in which the Java heap is
#     placed in the first 4GB address space. The Java Heap base address is the
#     maximum limit for the native heap growth. Please use -XX:HeapBaseMinAddress
#     to set the Java Heap base and to place the Java Heap above 4GB virtual address.
# This output file may be truncated or incomplete.
#
#  Out of Memory Error (arena.cpp:168), pid=23428, tid=11088
#
# JRE version: OpenJDK Runtime Environment Temurin-21.0.6+7 (21.0.6+7) (build 21.0.6+7-LTS)
# Java VM: OpenJDK 64-Bit Server VM Temurin-21.0.6+7 (21.0.6+7-LTS, mixed mode, sharing, tiered, compressed oops, compressed class ptrs, parallel gc, windows-amd64)
# No core dump will be written. Minidumps are not enabled by default on client versions of Windows
#

---------------  S U M M A R Y ------------

Command Line: --add-modules=ALL-SYSTEM --add-opens=java.base/java.util=ALL-UNNAMED --add-opens=java.base/java.lang=ALL-UNNAMED --add-opens=java.base/sun.nio.fs=ALL-UNNAMED -Declipse.application=org.eclipse.jdt.ls.core.id1 -Dosgi.bundles.defaultStartLevel=4 -Declipse.product=org.eclipse.jdt.ls.core.product -Djava.import.generatesMetadataFilesAtProjectRoot=false -DDetectVMInstallationsJob.disabled=true -Dfile.encoding=utf8 -XX:+UseParallelGC -XX:GCTimeRatio=4 -XX:AdaptiveSizePolicyWeight=90 -Dsun.zip.disableMemoryMapping=true -Xmx1G -Xms100m -Xlog:disable -javaagent:c:\Users\MSI\.vscode\extensions\redhat.java-1.41.1-win32-x64\lombok\lombok-1.18.36.jar -XX:+HeapDumpOnOutOfMemoryError -XX:HeapDumpPath=c:\Users\MSI\AppData\Roaming\Code\User\workspaceStorage\3815725e1ac4c6c69b70af32f7c49045\redhat.java -Daether.dependencyCollector.impl=bf c:\Users\MSI\.vscode\extensions\redhat.java-1.41.1-win32-x64\server\plugins\org.eclipse.equinox.launcher_1.7.0.v20250331-1702.jar -configuration c:\Users\MSI\AppData\Roaming\Code\User\globalStorage\redhat.java\1.41.1\config_win -data c:\Users\MSI\AppData\Roaming\Code\User\workspaceStorage\3815725e1ac4c6c69b70af32f7c49045\redhat.java\jdt_ws --pipe=\\.\pipe\lsp-54e34152083e4b66b4e8e0bf8fce53b7-sock

Host: AMD Ryzen 7 5800H with Radeon Graphics         , 16 cores, 15G,  Windows 11 , 64 bit Build 26100 (10.0.26100.3775)
Time: Mon Apr 14 20:04:56 2025 SE Asia Standard Time elapsed time: 23.006928 seconds (0d 0h 0m 23s)

---------------  T H R E A D  ---------------

Current thread (0x000001d90c1a2030):  JavaThread "C2 CompilerThread0" daemon [_thread_in_native, id=11088, stack(0x0000008bf6900000,0x0000008bf6a00000) (1024K)]


Current CompileTask:
C2:23006 14638 % !   4       org.eclipse.jdt.internal.core.index.DiskIndex::mergeWith @ 262 (623 bytes)

Stack: [0x0000008bf6900000,0x0000008bf6a00000]
Native frames: (J=compiled Java code, j=interpreted, Vv=VM code, C=native code)
V  [jvm.dll+0x6cdee9]
V  [jvm.dll+0x8a83d1]
V  [jvm.dll+0x8aa8fe]
V  [jvm.dll+0x8aafe3]
V  [jvm.dll+0x27f706]
V  [jvm.dll+0xc500d]
V  [jvm.dll+0xc5543]
V  [jvm.dll+0x2f2acd]
V  [jvm.dll+0x5f6a2a]
V  [jvm.dll+0x250bb2]
V  [jvm.dll+0x249526]
V  [jvm.dll+0x246ec4]
V  [jvm.dll+0x1c75ee]
V  [jvm.dll+0x25685a]
V  [jvm.dll+0x254dfa]
V  [jvm.dll+0x3f0256]
V  [jvm.dll+0x851f8b]
V  [jvm.dll+0x6cc5ed]
C  [ucrtbase.dll+0x37b0]
C  [KERNEL32.DLL+0x2e8d7]
C  [ntdll.dll+0xb14fc]


---------------  P R O C E S S  ---------------

Threads class SMR info:
_java_thread_list=0x000001d91523b220, length=93, elements={
0x000001d8b55ee930, 0x000001d8c99d7360, 0x000001d8c99dbc40, 0x000001d90c195fa0,
0x000001d90c196ab0, 0x000001d90c19b070, 0x000001d90c19f160, 0x000001d90c1a2030,
0x000001d90c1a9380, 0x000001d8b565a3c0, 0x000001d91201a3a0, 0x000001d912cacb00,
0x000001d912662560, 0x000001d912aade40, 0x000001d912e1d810, 0x000001d912c22e00,
0x000001d913310220, 0x000001d913288b00, 0x000001d913289820, 0x000001d91328abd0,
0x000001d913289eb0, 0x000001d913289190, 0x000001d91328b260, 0x000001d91328b8f0,
0x000001d91328bf80, 0x000001d9159f1450, 0x000001d9159f2800, 0x000001d9159f4f60,
0x000001d9159f1ae0, 0x000001d9159f55f0, 0x000001d9159f48d0, 0x000001d9159f2170,
0x000001d9159f6310, 0x000001d9159f5c80, 0x000001d9159f4240, 0x000001d9159f2e90,
0x000001d9159f69a0, 0x000001d9159f3520, 0x000001d9159f7030, 0x000001d9159f3bb0,
0x000001d9159f76c0, 0x000001d9159f7d50, 0x000001d9159f83e0, 0x000001d9159f8a70,
0x000001d9163e95d0, 0x000001d9163ea980, 0x000001d9163e9c60, 0x000001d9163e88b0,
0x000001d9163ea2f0, 0x000001d9163e7500, 0x000001d9163eb010, 0x000001d9163e7b90,
0x000001d9163eb6a0, 0x000001d9163e8220, 0x000001d9163ebd30, 0x000001d9163eeb20,
0x000001d9163ed0e0, 0x000001d9163ed770, 0x000001d9163eca50, 0x000001d9163ede00,
0x000001d9163ec3c0, 0x000001d9163ee490, 0x000001d9141b32f0, 0x000001d9141b2c60,
0x000001d9141b5a50, 0x000001d9141b3980, 0x000001d9141b46a0, 0x000001d9141b53c0,
0x000001d9141b4010, 0x000001d9141b25d0, 0x000001d9141b6770, 0x000001d9141b81b0,
0x000001d9141b4d30, 0x000001d9141b60e0, 0x000001d9141b7b20, 0x000001d9141b8ed0,
0x000001d9141b7490, 0x000001d9141b6e00, 0x000001d923e8cf30, 0x000001d923e8a140,
0x000001d923e8c8a0, 0x000001d923e8b4f0, 0x000001d923e8ae60, 0x000001d923e8dc50,
0x000001d923e8c210, 0x000001d923e8a7d0, 0x000001d923e8bb80, 0x000001d923e90a40,
0x000001d923e8f690, 0x000001d923e91760, 0x000001d923e8fd20, 0x000001d923e8f000,
0x000001d923e903b0
}

Java Threads: ( => current thread )
  0x000001d8b55ee930 JavaThread "main"                              [_thread_blocked, id=4820, stack(0x0000008bf5f00000,0x0000008bf6000000) (1024K)]
  0x000001d8c99d7360 JavaThread "Reference Handler"          daemon [_thread_blocked, id=18444, stack(0x0000008bf6300000,0x0000008bf6400000) (1024K)]
  0x000001d8c99dbc40 JavaThread "Finalizer"                  daemon [_thread_blocked, id=7848, stack(0x0000008bf6400000,0x0000008bf6500000) (1024K)]
  0x000001d90c195fa0 JavaThread "Signal Dispatcher"          daemon [_thread_blocked, id=11928, stack(0x0000008bf6500000,0x0000008bf6600000) (1024K)]
  0x000001d90c196ab0 JavaThread "Attach Listener"            daemon [_thread_blocked, id=20652, stack(0x0000008bf6600000,0x0000008bf6700000) (1024K)]
  0x000001d90c19b070 JavaThread "Service Thread"             daemon [_thread_blocked, id=1808, stack(0x0000008bf6700000,0x0000008bf6800000) (1024K)]
  0x000001d90c19f160 JavaThread "Monitor Deflation Thread"   daemon [_thread_blocked, id=21056, stack(0x0000008bf6800000,0x0000008bf6900000) (1024K)]
=>0x000001d90c1a2030 JavaThread "C2 CompilerThread0"         daemon [_thread_in_native, id=11088, stack(0x0000008bf6900000,0x0000008bf6a00000) (1024K)]
  0x000001d90c1a9380 JavaThread "C1 CompilerThread0"         daemon [_thread_blocked, id=4472, stack(0x0000008bf6a00000,0x0000008bf6b00000) (1024K)]
  0x000001d8b565a3c0 JavaThread "Common-Cleaner"             daemon [_thread_blocked, id=20092, stack(0x0000008bf6b00000,0x0000008bf6c00000) (1024K)]
  0x000001d91201a3a0 JavaThread "Notification Thread"        daemon [_thread_blocked, id=21180, stack(0x0000008bf7000000,0x0000008bf7100000) (1024K)]
  0x000001d912cacb00 JavaThread "Active Thread: Equinox Container: dbe26756-bc25-4feb-9fec-bb06d4222afc"        [_thread_blocked, id=21164, stack(0x0000008bf7900000,0x0000008bf7a00000) (1024K)]
  0x000001d912662560 JavaThread "Refresh Thread: Equinox Container: dbe26756-bc25-4feb-9fec-bb06d4222afc" daemon [_thread_blocked, id=9312, stack(0x0000008bf7b00000,0x0000008bf7c00000) (1024K)]
  0x000001d912aade40 JavaThread "Framework Event Dispatcher: Equinox Container: dbe26756-bc25-4feb-9fec-bb06d4222afc" daemon [_thread_blocked, id=18188, stack(0x0000008bf7c00000,0x0000008bf7d00000) (1024K)]
  0x000001d912e1d810 JavaThread "Start Level: Equinox Container: dbe26756-bc25-4feb-9fec-bb06d4222afc" daemon [_thread_blocked, id=22072, stack(0x0000008bf7d00000,0x0000008bf7e00000) (1024K)]
  0x000001d912c22e00 JavaThread "Bundle File Closer"         daemon [_thread_blocked, id=22828, stack(0x0000008bf7e00000,0x0000008bf7f00000) (1024K)]
  0x000001d913310220 JavaThread "SCR Component Actor"        daemon [_thread_blocked, id=23448, stack(0x0000008bf8100000,0x0000008bf8200000) (1024K)]
  0x000001d913288b00 JavaThread "Worker-JM"                         [_thread_blocked, id=23316, stack(0x0000008bf8500000,0x0000008bf8600000) (1024K)]
  0x000001d913289820 JavaThread "JNA Cleaner"                daemon [_thread_blocked, id=5848, stack(0x0000008bf7200000,0x0000008bf7300000) (1024K)]
  0x000001d91328abd0 JavaThread "Worker-0: Java indexing... "        [_thread_blocked, id=15692, stack(0x0000008bf8700000,0x0000008bf8800000) (1024K)]
  0x000001d913289eb0 JavaThread "Worker-1"                          [_thread_blocked, id=20268, stack(0x0000008bf8800000,0x0000008bf8900000) (1024K)]
  0x000001d913289190 JavaThread "Worker-2"                          [_thread_blocked, id=19840, stack(0x0000008bf8900000,0x0000008bf8a00000) (1024K)]
  0x000001d91328b260 JavaThread "Java indexing"              daemon [_thread_in_native, id=23524, stack(0x0000008bf8c00000,0x0000008bf8d00000) (1024K)]
  0x000001d91328b8f0 JavaThread "Worker-3"                          [_thread_blocked, id=23132, stack(0x0000008bf8d00000,0x0000008bf8e00000) (1024K)]
  0x000001d91328bf80 JavaThread "Worker-4"                          [_thread_blocked, id=22740, stack(0x0000008bf9000000,0x0000008bf9100000) (1024K)]
  0x000001d9159f1450 JavaThread "Worker-5: Initialize workspace"        [_thread_blocked, id=21880, stack(0x0000008bf9100000,0x0000008bf9200000) (1024K)]
  0x000001d9159f2800 JavaThread "Thread-2"                   daemon [_thread_in_native, id=19572, stack(0x0000008bf9200000,0x0000008bf9300000) (1024K)]
  0x000001d9159f4f60 JavaThread "Thread-3"                   daemon [_thread_in_native, id=21976, stack(0x0000008bf9300000,0x0000008bf9400000) (1024K)]
  0x000001d9159f1ae0 JavaThread "Thread-4"                   daemon [_thread_in_native, id=7560, stack(0x0000008bf9400000,0x0000008bf9500000) (1024K)]
  0x000001d9159f55f0 JavaThread "Thread-5"                   daemon [_thread_in_native, id=5300, stack(0x0000008bf9500000,0x0000008bf9600000) (1024K)]
  0x000001d9159f48d0 JavaThread "Thread-6"                   daemon [_thread_in_native, id=12588, stack(0x0000008bf9600000,0x0000008bf9700000) (1024K)]
  0x000001d9159f2170 JavaThread "Thread-7"                   daemon [_thread_in_native, id=8232, stack(0x0000008bf9700000,0x0000008bf9800000) (1024K)]
  0x000001d9159f6310 JavaThread "Thread-8"                   daemon [_thread_in_native, id=23348, stack(0x0000008bf9800000,0x0000008bf9900000) (1024K)]
  0x000001d9159f5c80 JavaThread "Thread-9"                   daemon [_thread_in_native, id=12184, stack(0x0000008bf9900000,0x0000008bf9a00000) (1024K)]
  0x000001d9159f4240 JavaThread "Thread-10"                  daemon [_thread_in_native, id=7424, stack(0x0000008bf9a00000,0x0000008bf9b00000) (1024K)]
  0x000001d9159f2e90 JavaThread "Thread-11"                  daemon [_thread_in_native, id=23444, stack(0x0000008bf9b00000,0x0000008bf9c00000) (1024K)]
  0x000001d9159f69a0 JavaThread "Thread-12"                  daemon [_thread_in_native, id=17320, stack(0x0000008bf9c00000,0x0000008bf9d00000) (1024K)]
  0x000001d9159f3520 JavaThread "Thread-13"                  daemon [_thread_in_native, id=19540, stack(0x0000008bf9d00000,0x0000008bf9e00000) (1024K)]
  0x000001d9159f7030 JavaThread "Thread-14"                  daemon [_thread_in_native, id=21532, stack(0x0000008bf9e00000,0x0000008bf9f00000) (1024K)]
  0x000001d9159f3bb0 JavaThread "Thread-15"                  daemon [_thread_in_native, id=21540, stack(0x0000008bf9f00000,0x0000008bfa000000) (1024K)]
  0x000001d9159f76c0 JavaThread "Thread-16"                  daemon [_thread_in_native, id=4552, stack(0x0000008bfa000000,0x0000008bfa100000) (1024K)]
  0x000001d9159f7d50 JavaThread "Thread-17"                  daemon [_thread_in_native, id=20276, stack(0x0000008bfa100000,0x0000008bfa200000) (1024K)]
  0x000001d9159f83e0 JavaThread "Thread-18"                  daemon [_thread_in_native, id=20476, stack(0x0000008bfa200000,0x0000008bfa300000) (1024K)]
  0x000001d9159f8a70 JavaThread "pool-2-thread-1"                   [_thread_blocked, id=7368, stack(0x0000008bfa500000,0x0000008bfa600000) (1024K)]
  0x000001d9163e95d0 JavaThread "Worker-6"                          [_thread_blocked, id=3708, stack(0x0000008bfa700000,0x0000008bfa800000) (1024K)]
  0x000001d9163ea980 JavaThread "WorkspaceEventsHandler"            [_thread_blocked, id=19664, stack(0x0000008bfa800000,0x0000008bfa900000) (1024K)]
  0x000001d9163e9c60 JavaThread "pool-1-thread-1"                   [_thread_blocked, id=20228, stack(0x0000008bfa900000,0x0000008bfaa00000) (1024K)]
  0x000001d9163e88b0 JavaThread "Worker-7: Initialize Workspace"        [_thread_blocked, id=21344, stack(0x0000008bfaa00000,0x0000008bfab00000) (1024K)]
  0x000001d9163ea2f0 JavaThread "LocalFile Deleter"          daemon [_thread_blocked, id=23108, stack(0x0000008bfab00000,0x0000008bfac00000) (1024K)]
  0x000001d9163e7500 JavaThread "LocalFile Deleter"          daemon [_thread_blocked, id=23196, stack(0x0000008bfac00000,0x0000008bfad00000) (1024K)]
  0x000001d9163eb010 JavaThread "LocalFile Deleter"          daemon [_thread_blocked, id=22984, stack(0x0000008bfad00000,0x0000008bfae00000) (1024K)]
  0x000001d9163e7b90 JavaThread "LocalFile Deleter"          daemon [_thread_blocked, id=23088, stack(0x0000008bfae00000,0x0000008bfaf00000) (1024K)]
  0x000001d9163eb6a0 JavaThread "LocalFile Deleter"          daemon [_thread_blocked, id=22992, stack(0x0000008bfaf00000,0x0000008bfb000000) (1024K)]
  0x000001d9163e8220 JavaThread "LocalFile Deleter"          daemon [_thread_blocked, id=22940, stack(0x0000008bfb000000,0x0000008bfb100000) (1024K)]
  0x000001d9163ebd30 JavaThread "LocalFile Deleter"          daemon [_thread_blocked, id=21348, stack(0x0000008bfb100000,0x0000008bfb200000) (1024K)]
  0x000001d9163eeb20 JavaThread "LocalFile Deleter"          daemon [_thread_blocked, id=18832, stack(0x0000008bfb200000,0x0000008bfb300000) (1024K)]
  0x000001d9163ed0e0 JavaThread "LocalFile Deleter"          daemon [_thread_blocked, id=13516, stack(0x0000008bfb300000,0x0000008bfb400000) (1024K)]
  0x000001d9163ed770 JavaThread "LocalFile Deleter"          daemon [_thread_blocked, id=11068, stack(0x0000008bfb400000,0x0000008bfb500000) (1024K)]
  0x000001d9163eca50 JavaThread "LocalFile Deleter"          daemon [_thread_blocked, id=20108, stack(0x0000008bfb500000,0x0000008bfb600000) (1024K)]
  0x000001d9163ede00 JavaThread "LocalFile Deleter"          daemon [_thread_blocked, id=2068, stack(0x0000008bfb600000,0x0000008bfb700000) (1024K)]
  0x000001d9163ec3c0 JavaThread "LocalFile Deleter"          daemon [_thread_blocked, id=20216, stack(0x0000008bfb700000,0x0000008bfb800000) (1024K)]
  0x000001d9163ee490 JavaThread "LocalFile Deleter"          daemon [_thread_blocked, id=3648, stack(0x0000008bfb800000,0x0000008bfb900000) (1024K)]
  0x000001d9141b32f0 JavaThread "LocalFile Deleter"          daemon [_thread_blocked, id=22852, stack(0x0000008bfb900000,0x0000008bfba00000) (1024K)]
  0x000001d9141b2c60 JavaThread "LocalFile Deleter"          daemon [_thread_blocked, id=8688, stack(0x0000008bfba00000,0x0000008bfbb00000) (1024K)]
  0x000001d9141b5a50 JavaThread "Compiler Source File Reader" daemon [_thread_blocked, id=19320, stack(0x0000008bfbb00000,0x0000008bfbc00000) (1024K)]
  0x000001d9141b3980 JavaThread "Compiler Source File Reader" daemon [_thread_blocked, id=21356, stack(0x0000008bfbc00000,0x0000008bfbd00000) (1024K)]
  0x000001d9141b46a0 JavaThread "Compiler Source File Reader" daemon [_thread_blocked, id=1760, stack(0x0000008bfbd00000,0x0000008bfbe00000) (1024K)]
  0x000001d9141b53c0 JavaThread "Compiler Source File Reader" daemon [_thread_blocked, id=21572, stack(0x0000008bfbe00000,0x0000008bfbf00000) (1024K)]
  0x000001d9141b4010 JavaThread "Compiler Source File Reader" daemon [_thread_blocked, id=13920, stack(0x0000008bfbf00000,0x0000008bfc000000) (1024K)]
  0x000001d9141b25d0 JavaThread "Compiler Source File Reader" daemon [_thread_blocked, id=17812, stack(0x0000008bfc000000,0x0000008bfc100000) (1024K)]
  0x000001d9141b6770 JavaThread "Compiler Source File Reader" daemon [_thread_blocked, id=21820, stack(0x0000008bfc100000,0x0000008bfc200000) (1024K)]
  0x000001d9141b81b0 JavaThread "Compiler Source File Reader" daemon [_thread_blocked, id=22092, stack(0x0000008bfc200000,0x0000008bfc300000) (1024K)]
  0x000001d9141b4d30 JavaThread "Compiler Source File Reader" daemon [_thread_blocked, id=22640, stack(0x0000008bfc300000,0x0000008bfc400000) (1024K)]
  0x000001d9141b60e0 JavaThread "Compiler Source File Reader" daemon [_thread_blocked, id=8552, stack(0x0000008bfc400000,0x0000008bfc500000) (1024K)]
  0x000001d9141b7b20 JavaThread "Compiler Source File Reader" daemon [_thread_blocked, id=21996, stack(0x0000008bfc500000,0x0000008bfc600000) (1024K)]
  0x000001d9141b8ed0 JavaThread "Compiler Source File Reader" daemon [_thread_blocked, id=3836, stack(0x0000008bfc600000,0x0000008bfc700000) (1024K)]
  0x000001d9141b7490 JavaThread "Compiler Source File Reader" daemon [_thread_blocked, id=22112, stack(0x0000008bfc700000,0x0000008bfc800000) (1024K)]
  0x000001d9141b6e00 JavaThread "Compiler Source File Reader" daemon [_thread_blocked, id=2152, stack(0x0000008bfc800000,0x0000008bfc900000) (1024K)]
  0x000001d923e8cf30 JavaThread "Compiler Processing Task"   daemon [_thread_blocked, id=18116, stack(0x0000008bf8200000,0x0000008bf8300000) (1024K)]
  0x000001d923e8a140 JavaThread "Compiler Class File Writer" daemon [_thread_blocked, id=18084, stack(0x0000008bfc900000,0x0000008bfca00000) (1024K)]
  0x000001d923e8c8a0 JavaThread "Compiler Class File Writer" daemon [_thread_blocked, id=18080, stack(0x0000008bfca00000,0x0000008bfcb00000) (1024K)]
  0x000001d923e8b4f0 JavaThread "Compiler Class File Writer" daemon [_thread_blocked, id=16220, stack(0x0000008bfcb00000,0x0000008bfcc00000) (1024K)]
  0x000001d923e8ae60 JavaThread "Compiler Class File Writer" daemon [_thread_blocked, id=16200, stack(0x0000008bfcc00000,0x0000008bfcd00000) (1024K)]
  0x000001d923e8dc50 JavaThread "Compiler Class File Writer" daemon [_thread_blocked, id=18112, stack(0x0000008bfcd00000,0x0000008bfce00000) (1024K)]
  0x000001d923e8c210 JavaThread "Compiler Class File Writer" daemon [_thread_blocked, id=16056, stack(0x0000008bfce00000,0x0000008bfcf00000) (1024K)]
  0x000001d923e8a7d0 JavaThread "Compiler Class File Writer" daemon [_thread_blocked, id=23124, stack(0x0000008bfcf00000,0x0000008bfd000000) (1024K)]
  0x000001d923e8bb80 JavaThread "Compiler Class File Writer" daemon [_thread_blocked, id=12740, stack(0x0000008bfd000000,0x0000008bfd100000) (1024K)]
  0x000001d923e90a40 JavaThread "Compiler Class File Writer" daemon [_thread_blocked, id=6436, stack(0x0000008bfd100000,0x0000008bfd200000) (1024K)]
  0x000001d923e8f690 JavaThread "Compiler Class File Writer" daemon [_thread_blocked, id=22496, stack(0x0000008bfd200000,0x0000008bfd300000) (1024K)]
  0x000001d923e91760 JavaThread "Compiler Class File Writer" daemon [_thread_blocked, id=21536, stack(0x0000008bfd300000,0x0000008bfd400000) (1024K)]
  0x000001d923e8fd20 JavaThread "Compiler Class File Writer" daemon [_thread_blocked, id=14332, stack(0x0000008bfd400000,0x0000008bfd500000) (1024K)]
  0x000001d923e8f000 JavaThread "Compiler Class File Writer" daemon [_thread_blocked, id=20832, stack(0x0000008bfd500000,0x0000008bfd600000) (1024K)]
  0x000001d923e903b0 JavaThread "Compiler Class File Writer" daemon [_thread_blocked, id=23116, stack(0x0000008bfd600000,0x0000008bfd700000) (1024K)]
Total: 93

Other Threads:
  0x000001d8b56ae490 VMThread "VM Thread"                           [id=21092, stack(0x0000008bf6200000,0x0000008bf6300000) (1024K)]
  0x000001d8c98bca00 WatcherThread "VM Periodic Task Thread"        [id=14764, stack(0x0000008bf6100000,0x0000008bf6200000) (1024K)]
  0x000001d8b560ca00 WorkerThread "GC Thread#0"                     [id=13304, stack(0x0000008bf6000000,0x0000008bf6100000) (1024K)]
  0x000001d912158680 WorkerThread "GC Thread#1"                     [id=21152, stack(0x0000008bf7300000,0x0000008bf7400000) (1024K)]
  0x000001d912680930 WorkerThread "GC Thread#2"                     [id=18032, stack(0x0000008bf7400000,0x0000008bf7500000) (1024K)]
  0x000001d912680cd0 WorkerThread "GC Thread#3"                     [id=17876, stack(0x0000008bf7500000,0x0000008bf7600000) (1024K)]
  0x000001d912456810 WorkerThread "GC Thread#4"                     [id=15136, stack(0x0000008bf7600000,0x0000008bf7700000) (1024K)]
  0x000001d912456bb0 WorkerThread "GC Thread#5"                     [id=20984, stack(0x0000008bf7700000,0x0000008bf7800000) (1024K)]
  0x000001d91217b730 WorkerThread "GC Thread#6"                     [id=11444, stack(0x0000008bf7800000,0x0000008bf7900000) (1024K)]
  0x000001d91267acc0 WorkerThread "GC Thread#7"                     [id=20964, stack(0x0000008bf7a00000,0x0000008bf7b00000) (1024K)]
  0x000001d912d84a20 WorkerThread "GC Thread#8"                     [id=20836, stack(0x0000008bf7f00000,0x0000008bf8000000) (1024K)]
  0x000001d912d842e0 WorkerThread "GC Thread#9"                     [id=9784, stack(0x0000008bf8000000,0x0000008bf8100000) (1024K)]
  0x000001d912d83800 WorkerThread "GC Thread#10"                    [id=2792, stack(0x0000008bf8300000,0x0000008bf8400000) (1024K)]
  0x000001d912d83ba0 WorkerThread "GC Thread#11"                    [id=21764, stack(0x0000008bf8400000,0x0000008bf8500000) (1024K)]
  0x000001d9132b28c0 WorkerThread "GC Thread#12"                    [id=3720, stack(0x0000008bf8600000,0x0000008bf8700000) (1024K)]
Total: 15

Threads with active compile tasks:
C2 CompilerThread0  23021 14638 % !   4       org.eclipse.jdt.internal.core.index.DiskIndex::mergeWith @ 262 (623 bytes)
Total: 1

VM state: not at safepoint (normal execution)

VM Mutex/Monitor currently owned by a thread: None

Heap address: 0x00000000c0000000, size: 1024 MB, Compressed Oops mode: 32-bit

CDS archive(s) mapped at: [0x000001d8ca000000-0x000001d8caba0000-0x000001d8caba0000), size 12189696, SharedBaseAddress: 0x000001d8ca000000, ArchiveRelocationMode: 1.
Compressed class space mapped at: 0x000001d8cb000000-0x000001d90b000000, reserved size: 1073741824
Narrow klass base: 0x000001d8ca000000, Narrow klass shift: 0, Narrow klass range: 0x100000000

GC Precious Log:
 CardTable entry size: 512
 CPUs: 16 total, 16 available
 Memory: 15752M
 Large Page Support: Disabled
 NUMA Support: Disabled
 Compressed Oops: Enabled (32-bit)
 Alignments: Space 512K, Generation 512K, Heap 2M
 Heap Min Capacity: 100M
 Heap Initial Capacity: 100M
 Heap Max Capacity: 1G
 Pre-touch: Disabled
 Parallel Workers: 13

Heap:
 PSYoungGen      total 6144K, used 5872K [0x00000000eab00000, 0x00000000eb280000, 0x0000000100000000)
  eden space 5120K, 95% used [0x00000000eab00000,0x00000000eafc0080,0x00000000eb000000)
  from space 1024K, 98% used [0x00000000eb180000,0x00000000eb27c010,0x00000000eb280000)
  to   space 1024K, 0% used [0x00000000eb000000,0x00000000eb000000,0x00000000eb100000)
 ParOldGen       total 612864K, used 612458K [0x00000000c0000000, 0x00000000e5680000, 0x00000000eab00000)
  object space 612864K, 99% used [0x00000000c0000000,0x00000000e561aae8,0x00000000e5680000)
 Metaspace       used 66207K, committed 67712K, reserved 1114112K
  class space    used 6545K, committed 7168K, reserved 1048576K

Card table byte_map: [0x000001d8b4f90000,0x000001d8b51a0000] _byte_map_base: 0x000001d8b4990000

Marking Bits: (ParMarkBitMap*) 0x00007ffc09a43260
 Begin Bits: [0x000001d8c77e0000, 0x000001d8c87e0000)
 End Bits:   [0x000001d8c87e0000, 0x000001d8c97e0000)

Polling page: 0x000001d8b3430000

Metaspace:

Usage:
  Non-class:     58.26 MB used.
      Class:      6.39 MB used.
       Both:     64.66 MB used.

Virtual space:
  Non-class space:       64.00 MB reserved,      59.12 MB ( 92%) committed,  1 nodes.
      Class space:        1.00 GB reserved,       7.00 MB ( <1%) committed,  1 nodes.
             Both:        1.06 GB reserved,      66.12 MB (  6%) committed. 

Chunk freelists:
   Non-Class:  4.08 MB
       Class:  9.00 MB
        Both:  13.08 MB

MaxMetaspaceSize: unlimited
CompressedClassSpaceSize: 1.00 GB
Initial GC threshold: 21.00 MB
Current GC threshold: 97.31 MB
CDS: on
 - commit_granule_bytes: 65536.
 - commit_granule_words: 8192.
 - virtual_space_node_default_size: 8388608.
 - enlarge_chunks_in_place: 1.
 - use_allocation_guard: 0.


Internal statistics:

num_allocs_failed_limit: 9.
num_arena_births: 1310.
num_arena_deaths: 14.
num_vsnodes_births: 2.
num_vsnodes_deaths: 0.
num_space_committed: 1057.
num_space_uncommitted: 0.
num_chunks_returned_to_freelist: 23.
num_chunks_taken_from_freelist: 4470.
num_chunk_merges: 14.
num_chunk_splits: 2734.
num_chunks_enlarged: 1529.
num_inconsistent_stats: 0.

CodeHeap 'non-profiled nmethods': size=119168Kb used=11789Kb max_used=11789Kb free=107378Kb
 bounds [0x000001d8c0380000, 0x000001d8c0f10000, 0x000001d8c77e0000]
CodeHeap 'profiled nmethods': size=119104Kb used=33863Kb max_used=33863Kb free=85240Kb
 bounds [0x000001d8b87e0000, 0x000001d8ba900000, 0x000001d8bfc30000]
CodeHeap 'non-nmethods': size=7488Kb used=1438Kb max_used=3221Kb free=6049Kb
 bounds [0x000001d8bfc30000, 0x000001d8bff60000, 0x000001d8c0380000]
 total_blobs=14450 nmethods=13699 adapters=655
 compilation: enabled
              stopped_count=0, restarted_count=0
 full_count=0

Compilation events (20 events):
Event: 14.624 Thread 0x000001d90c1a9380 nmethod 14628 0x000001d8ba8da210 code [0x000001d8ba8da5c0, 0x000001d8ba8dc528]
Event: 14.731 Thread 0x000001d90c1a2030 14629       4       org.eclipse.jdt.internal.compiler.classfmt.ClassFileReader::decodeAnnotations (252 bytes)
Event: 14.738 Thread 0x000001d90c1a2030 nmethod 14629 0x000001d8c0ef8990 code [0x000001d8c0ef8b80, 0x000001d8c0ef9518]
Event: 15.032 Thread 0x000001d90c1a2030 14630       4       org.eclipse.jdt.internal.compiler.classfmt.FieldInfo::createField (450 bytes)
Event: 15.054 Thread 0x000001d90c1a2030 nmethod 14630 0x000001d8c0ef9910 code [0x000001d8c0ef9b80, 0x000001d8c0efb780]
Event: 15.054 Thread 0x000001d90c1a2030 14631       4       org.eclipse.jdt.internal.compiler.classfmt.MethodInfo::decodeMethodParameters (129 bytes)
Event: 15.068 Thread 0x000001d90c1a2030 nmethod 14631 0x000001d8c0efc290 code [0x000001d8c0efc4e0, 0x000001d8c0efd4c0]
Event: 16.479 Thread 0x000001d90c1a2030 14632       4       sun.nio.fs.NativeBuffer::close (5 bytes)
Event: 16.483 Thread 0x000001d90c1a2030 nmethod 14632 0x000001d8c0efde10 code [0x000001d8c0efe000, 0x000001d8c0efe3a8]
Event: 16.495 Thread 0x000001d90c1a9380 14633       3       org.eclipse.jdt.internal.compiler.parser.Scanner::internalScanIdentifierOrKeyword (5081 bytes)
Event: 16.503 Thread 0x000001d90c1a9380 nmethod 14633 0x000001d8ba8dd090 code [0x000001d8ba8de040, 0x000001d8ba8e9468]
Event: 16.534 Thread 0x000001d90c1a9380 14634   !   3       org.eclipse.jdt.internal.core.index.DiskIndex::initialize (486 bytes)
Event: 16.535 Thread 0x000001d90c1a9380 nmethod 14634 0x000001d8ba8eb690 code [0x000001d8ba8ebcc0, 0x000001d8ba8ee998]
Event: 16.547 Thread 0x000001d90c1a9380 14635  s!   3       org.eclipse.jdt.internal.core.index.DiskIndex::readAllDocumentNames (251 bytes)
Event: 16.548 Thread 0x000001d90c1a9380 nmethod 14635 0x000001d8ba8efe90 code [0x000001d8ba8f01a0, 0x000001d8ba8f1398]
Event: 16.619 Thread 0x000001d90c1a2030 14636       4       org.eclipse.jdt.internal.compiler.util.Util::scanTypeSignature (206 bytes)
Event: 16.622 Thread 0x000001d90c1a2030 nmethod 14636 0x000001d8c0efe790 code [0x000001d8c0efe9a0, 0x000001d8c0efeeb8]
Event: 16.641 Thread 0x000001d90c1a2030 14637       4       org.eclipse.jdt.internal.compiler.parser.Scanner::internalScanIdentifierOrKeyword (5081 bytes)
Event: 16.738 Thread 0x000001d90c1a2030 nmethod 14637 0x000001d8c0eff310 code [0x000001d8c0eff920, 0x000001d8c0f028b8]
Event: 20.983 Thread 0x000001d90c1a2030 14638 % !   4       org.eclipse.jdt.internal.core.index.DiskIndex::mergeWith @ 262 (623 bytes)

GC Heap History (20 events):
Event: 16.875 GC heap before
{Heap before GC invocations=1522 (full 3):
 PSYoungGen      total 5120K, used 4758K [0x00000000eab00000, 0x00000000eb200000, 0x0000000100000000)
  eden space 4096K, 100% used [0x00000000eab00000,0x00000000eaf00000,0x00000000eaf00000)
  from space 1024K, 64% used [0x00000000eb100000,0x00000000eb1a5810,0x00000000eb200000)
  to   space 1024K, 0% used [0x00000000eaf00000,0x00000000eaf00000,0x00000000eb000000)
 ParOldGen       total 606208K, used 606112K [0x00000000c0000000, 0x00000000e5000000, 0x00000000eab00000)
  object space 606208K, 99% used [0x00000000c0000000,0x00000000e4fe8198,0x00000000e5000000)
 Metaspace       used 66207K, committed 67712K, reserved 1114112K
  class space    used 6545K, committed 7168K, reserved 1048576K
}
Event: 16.876 GC heap after
{Heap after GC invocations=1522 (full 3):
 PSYoungGen      total 5120K, used 640K [0x00000000eab00000, 0x00000000eb180000, 0x0000000100000000)
  eden space 4096K, 0% used [0x00000000eab00000,0x00000000eab00000,0x00000000eaf00000)
  from space 1024K, 62% used [0x00000000eaf00000,0x00000000eafa0000,0x00000000eb000000)
  to   space 1024K, 0% used [0x00000000eb080000,0x00000000eb080000,0x00000000eb180000)
 ParOldGen       total 606720K, used 606686K [0x00000000c0000000, 0x00000000e5080000, 0x00000000eab00000)
  object space 606720K, 99% used [0x00000000c0000000,0x00000000e50779a8,0x00000000e5080000)
 Metaspace       used 66207K, committed 67712K, reserved 1114112K
  class space    used 6545K, committed 7168K, reserved 1048576K
}
Event: 16.881 GC heap before
{Heap before GC invocations=1523 (full 3):
 PSYoungGen      total 5120K, used 4732K [0x00000000eab00000, 0x00000000eb180000, 0x0000000100000000)
  eden space 4096K, 99% used [0x00000000eab00000,0x00000000eaeff070,0x00000000eaf00000)
  from space 1024K, 62% used [0x00000000eaf00000,0x00000000eafa0000,0x00000000eb000000)
  to   space 1024K, 0% used [0x00000000eb080000,0x00000000eb080000,0x00000000eb180000)
 ParOldGen       total 606720K, used 606686K [0x00000000c0000000, 0x00000000e5080000, 0x00000000eab00000)
  object space 606720K, 99% used [0x00000000c0000000,0x00000000e50779a8,0x00000000e5080000)
 Metaspace       used 66207K, committed 67712K, reserved 1114112K
  class space    used 6545K, committed 7168K, reserved 1048576K
}
Event: 16.881 GC heap after
{Heap after GC invocations=1523 (full 3):
 PSYoungGen      total 5120K, used 656K [0x00000000eab00000, 0x00000000eb180000, 0x0000000100000000)
  eden space 4096K, 0% used [0x00000000eab00000,0x00000000eab00000,0x00000000eaf00000)
  from space 1024K, 64% used [0x00000000eb080000,0x00000000eb124010,0x00000000eb180000)
  to   space 1024K, 0% used [0x00000000eaf00000,0x00000000eaf00000,0x00000000eb000000)
 ParOldGen       total 607232K, used 607134K [0x00000000c0000000, 0x00000000e5100000, 0x00000000eab00000)
  object space 607232K, 99% used [0x00000000c0000000,0x00000000e50e79a8,0x00000000e5100000)
 Metaspace       used 66207K, committed 67712K, reserved 1114112K
  class space    used 6545K, committed 7168K, reserved 1048576K
}
Event: 16.886 GC heap before
{Heap before GC invocations=1524 (full 3):
 PSYoungGen      total 5120K, used 4752K [0x00000000eab00000, 0x00000000eb180000, 0x0000000100000000)
  eden space 4096K, 100% used [0x00000000eab00000,0x00000000eaf00000,0x00000000eaf00000)
  from space 1024K, 64% used [0x00000000eb080000,0x00000000eb124010,0x00000000eb180000)
  to   space 1024K, 0% used [0x00000000eaf00000,0x00000000eaf00000,0x00000000eb000000)
 ParOldGen       total 607232K, used 607134K [0x00000000c0000000, 0x00000000e5100000, 0x00000000eab00000)
  object space 607232K, 99% used [0x00000000c0000000,0x00000000e50e79a8,0x00000000e5100000)
 Metaspace       used 66207K, committed 67712K, reserved 1114112K
  class space    used 6545K, committed 7168K, reserved 1048576K
}
Event: 16.887 GC heap after
{Heap after GC invocations=1524 (full 3):
 PSYoungGen      total 5120K, used 640K [0x00000000eab00000, 0x00000000eb100000, 0x0000000100000000)
  eden space 4096K, 0% used [0x00000000eab00000,0x00000000eab00000,0x00000000eaf00000)
  from space 1024K, 62% used [0x00000000eaf00000,0x00000000eafa0000,0x00000000eb000000)
  to   space 1024K, 0% used [0x00000000eb000000,0x00000000eb000000,0x00000000eb100000)
 ParOldGen       total 607744K, used 607622K [0x00000000c0000000, 0x00000000e5180000, 0x00000000eab00000)
  object space 607744K, 99% used [0x00000000c0000000,0x00000000e51619a8,0x00000000e5180000)
 Metaspace       used 66207K, committed 67712K, reserved 1114112K
  class space    used 6545K, committed 7168K, reserved 1048576K
}
Event: 16.891 GC heap before
{Heap before GC invocations=1525 (full 3):
 PSYoungGen      total 5120K, used 4736K [0x00000000eab00000, 0x00000000eb100000, 0x0000000100000000)
  eden space 4096K, 100% used [0x00000000eab00000,0x00000000eaf00000,0x00000000eaf00000)
  from space 1024K, 62% used [0x00000000eaf00000,0x00000000eafa0000,0x00000000eb000000)
  to   space 1024K, 0% used [0x00000000eb000000,0x00000000eb000000,0x00000000eb100000)
 ParOldGen       total 607744K, used 607622K [0x00000000c0000000, 0x00000000e5180000, 0x00000000eab00000)
  object space 607744K, 99% used [0x00000000c0000000,0x00000000e51619a8,0x00000000e5180000)
 Metaspace       used 66207K, committed 67712K, reserved 1114112K
  class space    used 6545K, committed 7168K, reserved 1048576K
}
Event: 16.892 GC heap after
{Heap after GC invocations=1525 (full 3):
 PSYoungGen      total 5120K, used 672K [0x00000000eab00000, 0x00000000eb100000, 0x0000000100000000)
  eden space 4096K, 0% used [0x00000000eab00000,0x00000000eab00000,0x00000000eaf00000)
  from space 1024K, 65% used [0x00000000eb000000,0x00000000eb0a8000,0x00000000eb100000)
  to   space 1024K, 0% used [0x00000000eaf00000,0x00000000eaf00000,0x00000000eb000000)
 ParOldGen       total 608256K, used 608070K [0x00000000c0000000, 0x00000000e5200000, 0x00000000eab00000)
  object space 608256K, 99% used [0x00000000c0000000,0x00000000e51d19a8,0x00000000e5200000)
 Metaspace       used 66207K, committed 67712K, reserved 1114112K
  class space    used 6545K, committed 7168K, reserved 1048576K
}
Event: 16.896 GC heap before
{Heap before GC invocations=1526 (full 3):
 PSYoungGen      total 5120K, used 4768K [0x00000000eab00000, 0x00000000eb100000, 0x0000000100000000)
  eden space 4096K, 100% used [0x00000000eab00000,0x00000000eaf00000,0x00000000eaf00000)
  from space 1024K, 65% used [0x00000000eb000000,0x00000000eb0a8000,0x00000000eb100000)
  to   space 1024K, 0% used [0x00000000eaf00000,0x00000000eaf00000,0x00000000eb000000)
 ParOldGen       total 608256K, used 608070K [0x00000000c0000000, 0x00000000e5200000, 0x00000000eab00000)
  object space 608256K, 99% used [0x00000000c0000000,0x00000000e51d19a8,0x00000000e5200000)
 Metaspace       used 66207K, committed 67712K, reserved 1114112K
  class space    used 6545K, committed 7168K, reserved 1048576K
}
Event: 17.897 GC heap after
{Heap after GC invocations=1526 (full 3):
 PSYoungGen      total 5120K, used 736K [0x00000000eab00000, 0x00000000eb200000, 0x0000000100000000)
  eden space 4096K, 0% used [0x00000000eab00000,0x00000000eab00000,0x00000000eaf00000)
  from space 1024K, 71% used [0x00000000eaf00000,0x00000000eafb8000,0x00000000eb000000)
  to   space 1024K, 0% used [0x00000000eb100000,0x00000000eb100000,0x00000000eb200000)
 ParOldGen       total 608768K, used 608590K [0x00000000c0000000, 0x00000000e5280000, 0x00000000eab00000)
  object space 608768K, 99% used [0x00000000c0000000,0x00000000e52539a8,0x00000000e5280000)
 Metaspace       used 66207K, committed 67712K, reserved 1114112K
  class space    used 6545K, committed 7168K, reserved 1048576K
}
Event: 17.902 GC heap before
{Heap before GC invocations=1527 (full 3):
 PSYoungGen      total 5120K, used 4832K [0x00000000eab00000, 0x00000000eb200000, 0x0000000100000000)
  eden space 4096K, 100% used [0x00000000eab00000,0x00000000eaf00000,0x00000000eaf00000)
  from space 1024K, 71% used [0x00000000eaf00000,0x00000000eafb8000,0x00000000eb000000)
  to   space 1024K, 0% used [0x00000000eb100000,0x00000000eb100000,0x00000000eb200000)
 ParOldGen       total 608768K, used 608590K [0x00000000c0000000, 0x00000000e5280000, 0x00000000eab00000)
  object space 608768K, 99% used [0x00000000c0000000,0x00000000e52539a8,0x00000000e5280000)
 Metaspace       used 66207K, committed 67712K, reserved 1114112K
  class space    used 6545K, committed 7168K, reserved 1048576K
}
Event: 17.903 GC heap after
{Heap after GC invocations=1527 (full 3):
 PSYoungGen      total 6144K, used 736K [0x00000000eab00000, 0x00000000eb200000, 0x0000000100000000)
  eden space 5120K, 0% used [0x00000000eab00000,0x00000000eab00000,0x00000000eb000000)
  from space 1024K, 71% used [0x00000000eb100000,0x00000000eb1b8000,0x00000000eb200000)
  to   space 1024K, 0% used [0x00000000eb000000,0x00000000eb000000,0x00000000eb100000)
 ParOldGen       total 609280K, used 609110K [0x00000000c0000000, 0x00000000e5300000, 0x00000000eab00000)
  object space 609280K, 99% used [0x00000000c0000000,0x00000000e52d59a8,0x00000000e5300000)
 Metaspace       used 66207K, committed 67712K, reserved 1114112K
  class space    used 6545K, committed 7168K, reserved 1048576K
}
Event: 17.914 GC heap before
{Heap before GC invocations=1528 (full 3):
 PSYoungGen      total 6144K, used 5856K [0x00000000eab00000, 0x00000000eb200000, 0x0000000100000000)
  eden space 5120K, 100% used [0x00000000eab00000,0x00000000eb000000,0x00000000eb000000)
  from space 1024K, 71% used [0x00000000eb100000,0x00000000eb1b8000,0x00000000eb200000)
  to   space 1024K, 0% used [0x00000000eb000000,0x00000000eb000000,0x00000000eb100000)
 ParOldGen       total 609280K, used 609110K [0x00000000c0000000, 0x00000000e5300000, 0x00000000eab00000)
  object space 609280K, 99% used [0x00000000c0000000,0x00000000e52d59a8,0x00000000e5300000)
 Metaspace       used 66207K, committed 67712K, reserved 1114112K
  class space    used 6545K, committed 7168K, reserved 1048576K
}
Event: 18.927 GC heap after
{Heap after GC invocations=1528 (full 3):
 PSYoungGen      total 6144K, used 736K [0x00000000eab00000, 0x00000000eb300000, 0x0000000100000000)
  eden space 5120K, 0% used [0x00000000eab00000,0x00000000eab00000,0x00000000eb000000)
  from space 1024K, 71% used [0x00000000eb000000,0x00000000eb0b8000,0x00000000eb100000)
  to   space 1024K, 0% used [0x00000000eb200000,0x00000000eb200000,0x00000000eb300000)
 ParOldGen       total 609792K, used 609670K [0x00000000c0000000, 0x00000000e5380000, 0x00000000eab00000)
  object space 609792K, 99% used [0x00000000c0000000,0x00000000e53619a8,0x00000000e5380000)
 Metaspace       used 66207K, committed 67712K, reserved 1114112K
  class space    used 6545K, committed 7168K, reserved 1048576K
}
Event: 18.934 GC heap before
{Heap before GC invocations=1529 (full 3):
 PSYoungGen      total 6144K, used 5856K [0x00000000eab00000, 0x00000000eb300000, 0x0000000100000000)
  eden space 5120K, 100% used [0x00000000eab00000,0x00000000eb000000,0x00000000eb000000)
  from space 1024K, 71% used [0x00000000eb000000,0x00000000eb0b8000,0x00000000eb100000)
  to   space 1024K, 0% used [0x00000000eb200000,0x00000000eb200000,0x00000000eb300000)
 ParOldGen       total 609792K, used 609670K [0x00000000c0000000, 0x00000000e5380000, 0x00000000eab00000)
  object space 609792K, 99% used [0x00000000c0000000,0x00000000e53619a8,0x00000000e5380000)
 Metaspace       used 66207K, committed 67712K, reserved 1114112K
  class space    used 6545K, committed 7168K, reserved 1048576K
}
Event: 18.935 GC heap after
{Heap after GC invocations=1529 (full 3):
 PSYoungGen      total 6144K, used 768K [0x00000000eab00000, 0x00000000eb300000, 0x0000000100000000)
  eden space 5120K, 0% used [0x00000000eab00000,0x00000000eab00000,0x00000000eb000000)
  from space 1024K, 75% used [0x00000000eb200000,0x00000000eb2c0000,0x00000000eb300000)
  to   space 1024K, 0% used [0x00000000eb000000,0x00000000eb000000,0x00000000eb100000)
 ParOldGen       total 610816K, used 610318K [0x00000000c0000000, 0x00000000e5480000, 0x00000000eab00000)
  object space 610816K, 99% used [0x00000000c0000000,0x00000000e54039a8,0x00000000e5480000)
 Metaspace       used 66207K, committed 67712K, reserved 1114112K
  class space    used 6545K, committed 7168K, reserved 1048576K
}
Event: 18.945 GC heap before
{Heap before GC invocations=1530 (full 3):
 PSYoungGen      total 6144K, used 5888K [0x00000000eab00000, 0x00000000eb300000, 0x0000000100000000)
  eden space 5120K, 100% used [0x00000000eab00000,0x00000000eb000000,0x00000000eb000000)
  from space 1024K, 75% used [0x00000000eb200000,0x00000000eb2c0000,0x00000000eb300000)
  to   space 1024K, 0% used [0x00000000eb000000,0x00000000eb000000,0x00000000eb100000)
 ParOldGen       total 610816K, used 610318K [0x00000000c0000000, 0x00000000e5480000, 0x00000000eab00000)
  object space 610816K, 99% used [0x00000000c0000000,0x00000000e54039a8,0x00000000e5480000)
 Metaspace       used 66207K, committed 67712K, reserved 1114112K
  class space    used 6545K, committed 7168K, reserved 1048576K
}
Event: 18.946 GC heap after
{Heap after GC invocations=1530 (full 3):
 PSYoungGen      total 6144K, used 768K [0x00000000eab00000, 0x00000000eb280000, 0x0000000100000000)
  eden space 5120K, 0% used [0x00000000eab00000,0x00000000eab00000,0x00000000eb000000)
  from space 1024K, 75% used [0x00000000eb000000,0x00000000eb0c0000,0x00000000eb100000)
  to   space 1024K, 0% used [0x00000000eb180000,0x00000000eb180000,0x00000000eb280000)
 ParOldGen       total 611328K, used 610942K [0x00000000c0000000, 0x00000000e5500000, 0x00000000eab00000)
  object space 611328K, 99% used [0x00000000c0000000,0x00000000e549f9a8,0x00000000e5500000)
 Metaspace       used 66207K, committed 67712K, reserved 1114112K
  class space    used 6545K, committed 7168K, reserved 1048576K
}
Event: 18.960 GC heap before
{Heap before GC invocations=1531 (full 3):
 PSYoungGen      total 6144K, used 5888K [0x00000000eab00000, 0x00000000eb280000, 0x0000000100000000)
  eden space 5120K, 100% used [0x00000000eab00000,0x00000000eb000000,0x00000000eb000000)
  from space 1024K, 75% used [0x00000000eb000000,0x00000000eb0c0000,0x00000000eb100000)
  to   space 1024K, 0% used [0x00000000eb180000,0x00000000eb180000,0x00000000eb280000)
 ParOldGen       total 611328K, used 610942K [0x00000000c0000000, 0x00000000e5500000, 0x00000000eab00000)
  object space 611328K, 99% used [0x00000000c0000000,0x00000000e549f9a8,0x00000000e5500000)
 Metaspace       used 66207K, committed 67712K, reserved 1114112K
  class space    used 6545K, committed 7168K, reserved 1048576K
}
Event: 20.962 GC heap after
{Heap after GC invocations=1531 (full 3):
 PSYoungGen      total 6144K, used 1008K [0x00000000eab00000, 0x00000000eb280000, 0x0000000100000000)
  eden space 5120K, 0% used [0x00000000eab00000,0x00000000eab00000,0x00000000eb000000)
  from space 1024K, 98% used [0x00000000eb180000,0x00000000eb27c010,0x00000000eb280000)
  to   space 1024K, 0% used [0x00000000eb000000,0x00000000eb000000,0x00000000eb100000)
 ParOldGen       total 612864K, used 612458K [0x00000000c0000000, 0x00000000e5680000, 0x00000000eab00000)
  object space 612864K, 99% used [0x00000000c0000000,0x00000000e561aae8,0x00000000e5680000)
 Metaspace       used 66207K, committed 67712K, reserved 1114112K
  class space    used 6545K, committed 7168K, reserved 1048576K
}

Dll operation events (10 events):
Event: 0.008 Loaded shared library c:\Users\MSI\.vscode\extensions\redhat.java-1.41.1-win32-x64\jre\21.0.6-win32-x86_64\bin\java.dll
Event: 0.043 Loaded shared library c:\Users\MSI\.vscode\extensions\redhat.java-1.41.1-win32-x64\jre\21.0.6-win32-x86_64\bin\zip.dll
Event: 0.084 Loaded shared library C:\Users\MSI\.vscode\extensions\redhat.java-1.41.1-win32-x64\jre\21.0.6-win32-x86_64\bin\instrument.dll
Event: 0.089 Loaded shared library C:\Users\MSI\.vscode\extensions\redhat.java-1.41.1-win32-x64\jre\21.0.6-win32-x86_64\bin\net.dll
Event: 0.091 Loaded shared library C:\Users\MSI\.vscode\extensions\redhat.java-1.41.1-win32-x64\jre\21.0.6-win32-x86_64\bin\nio.dll
Event: 0.093 Loaded shared library C:\Users\MSI\.vscode\extensions\redhat.java-1.41.1-win32-x64\jre\21.0.6-win32-x86_64\bin\zip.dll
Event: 0.108 Loaded shared library C:\Users\MSI\.vscode\extensions\redhat.java-1.41.1-win32-x64\jre\21.0.6-win32-x86_64\bin\jimage.dll
Event: 0.153 Loaded shared library c:\Users\MSI\.vscode\extensions\redhat.java-1.41.1-win32-x64\jre\21.0.6-win32-x86_64\bin\verify.dll
Event: 0.799 Loaded shared library C:\Users\MSI\AppData\Roaming\Code\User\globalStorage\redhat.java\1.41.1\config_win\org.eclipse.equinox.launcher\org.eclipse.equinox.launcher.win32.win32.x86_64_1.2.1300.v20250331-1702\eclipse_11911.dll
Event: 1.722 Loaded shared library C:\Users\MSI\AppData\Local\Temp\jna-76643\jna2493585745052961350.dll

Deoptimization events (20 events):
Event: 13.422 Thread 0x000001d91328b260 Uncommon trap: trap_request=0xffffffc6 fr.pc=0x000001d8c0ab5420 relative=0x0000000000003640
Event: 13.422 Thread 0x000001d91328b260 Uncommon trap: reason=bimorphic_or_optimized_type_check action=maybe_recompile pc=0x000001d8c0ab5420 method=org.eclipse.jdt.internal.core.search.indexing.BinaryIndexer.indexDocument()V @ 1031 c2
Event: 13.422 Thread 0x000001d91328b260 DEOPT PACKING pc=0x000001d8c0ab5420 sp=0x0000008bf8cfea80
Event: 13.422 Thread 0x000001d91328b260 DEOPT UNPACKING pc=0x000001d8bfc83aa2 sp=0x0000008bf8cfe9f0 mode 2
Event: 13.470 Thread 0x000001d91328b260 Uncommon trap: trap_request=0xffffffc6 fr.pc=0x000001d8c0a0dae0 relative=0x0000000000007480
Event: 13.470 Thread 0x000001d91328b260 Uncommon trap: reason=bimorphic_or_optimized_type_check action=maybe_recompile pc=0x000001d8c0a0dae0 method=org.eclipse.jdt.internal.core.search.indexing.BinaryIndexer.indexDocument()V @ 1031 c2
Event: 13.470 Thread 0x000001d91328b260 DEOPT PACKING pc=0x000001d8c0a0dae0 sp=0x0000008bf8cfea50
Event: 13.470 Thread 0x000001d91328b260 DEOPT UNPACKING pc=0x000001d8bfc83aa2 sp=0x0000008bf8cfe9f0 mode 2
Event: 14.018 Thread 0x000001d91328b260 Uncommon trap: trap_request=0xffffff45 fr.pc=0x000001d8c0eef9a0 relative=0x0000000000001fa0
Event: 14.018 Thread 0x000001d91328b260 Uncommon trap: reason=unstable_if action=reinterpret pc=0x000001d8c0eef9a0 method=org.eclipse.jdt.internal.compiler.parser.Scanner.internalScanIdentifierOrKeyword(II[C)Lorg/eclipse/jdt/internal/compiler/parser/TerminalToken; @ 4283 c2
Event: 14.018 Thread 0x000001d91328b260 DEOPT PACKING pc=0x000001d8c0eef9a0 sp=0x0000008bf8cfeb00
Event: 14.018 Thread 0x000001d91328b260 DEOPT UNPACKING pc=0x000001d8bfc83aa2 sp=0x0000008bf8cfeaa0 mode 2
Event: 14.617 Thread 0x000001d91328b260 Uncommon trap: trap_request=0xffffff45 fr.pc=0x000001d8c0ee6498 relative=0x0000000000001598
Event: 14.617 Thread 0x000001d91328b260 Uncommon trap: reason=unstable_if action=reinterpret pc=0x000001d8c0ee6498 method=org.eclipse.jdt.internal.compiler.classfmt.FieldInfo.createField([B[IIJ)Lorg/eclipse/jdt/internal/compiler/classfmt/FieldInfo; @ 259 c2
Event: 14.617 Thread 0x000001d91328b260 DEOPT PACKING pc=0x000001d8c0ee6498 sp=0x0000008bf8cfe900
Event: 14.617 Thread 0x000001d91328b260 DEOPT UNPACKING pc=0x000001d8bfc83aa2 sp=0x0000008bf8cfe878 mode 2
Event: 16.494 Thread 0x000001d91328b260 Uncommon trap: trap_request=0xffffff45 fr.pc=0x000001d8c0ef5ae0 relative=0x0000000000001540
Event: 16.494 Thread 0x000001d91328b260 Uncommon trap: reason=unstable_if action=reinterpret pc=0x000001d8c0ef5ae0 method=org.eclipse.jdt.internal.compiler.parser.Scanner.internalScanIdentifierOrKeyword(II[C)Lorg/eclipse/jdt/internal/compiler/parser/TerminalToken; @ 3400 c2
Event: 16.494 Thread 0x000001d91328b260 DEOPT PACKING pc=0x000001d8c0ef5ae0 sp=0x0000008bf8cfeb00
Event: 16.494 Thread 0x000001d91328b260 DEOPT UNPACKING pc=0x000001d8bfc83aa2 sp=0x0000008bf8cfeaa0 mode 2

Classes loaded (20 events):
Event: 10.622 Loading class java/util/TreeMap$TreeMapSpliterator done
Event: 10.622 Loading class java/util/TreeMap$ValueSpliterator done
Event: 10.638 Loading class java/util/concurrent/CompletionException
Event: 10.638 Loading class java/util/concurrent/CompletionException done
Event: 10.641 Loading class java/nio/file/FileTreeWalker$1
Event: 10.641 Loading class java/nio/file/FileTreeWalker$1 done
Event: 10.641 Loading class sun/nio/fs/Globs
Event: 10.642 Loading class sun/nio/fs/Globs done
Event: 10.642 Loading class java/util/regex/Pattern$SliceU
Event: 10.642 Loading class java/util/regex/Pattern$SliceU done
Event: 10.642 Loading class sun/nio/fs/WindowsFileSystem$2
Event: 10.642 Loading class java/nio/file/PathMatcher
Event: 10.642 Loading class java/nio/file/PathMatcher done
Event: 10.642 Loading class sun/nio/fs/WindowsFileSystem$2 done
Event: 10.695 Loading class java/util/Collections$SynchronizedRandomAccessList
Event: 10.695 Loading class java/util/Collections$SynchronizedList
Event: 10.695 Loading class java/util/Collections$SynchronizedList done
Event: 10.695 Loading class java/util/Collections$SynchronizedRandomAccessList done
Event: 10.704 Loading class java/util/concurrent/CompletableFuture$Signaller
Event: 10.705 Loading class java/util/concurrent/CompletableFuture$Signaller done

Classes unloaded (7 events):
Event: 2.052 Thread 0x000001d8b56ae490 Unloading class 0x000001d8cb1a0800 'java/lang/invoke/LambdaForm$MH+0x000001d8cb1a0800'
Event: 2.052 Thread 0x000001d8b56ae490 Unloading class 0x000001d8cb1a0400 'java/lang/invoke/LambdaForm$MH+0x000001d8cb1a0400'
Event: 2.052 Thread 0x000001d8b56ae490 Unloading class 0x000001d8cb1a0000 'java/lang/invoke/LambdaForm$MH+0x000001d8cb1a0000'
Event: 2.052 Thread 0x000001d8b56ae490 Unloading class 0x000001d8cb19fc00 'java/lang/invoke/LambdaForm$MH+0x000001d8cb19fc00'
Event: 2.052 Thread 0x000001d8b56ae490 Unloading class 0x000001d8cb19f800 'java/lang/invoke/LambdaForm$BMH+0x000001d8cb19f800'
Event: 2.052 Thread 0x000001d8b56ae490 Unloading class 0x000001d8cb19f400 'java/lang/invoke/LambdaForm$DMH+0x000001d8cb19f400'
Event: 2.052 Thread 0x000001d8b56ae490 Unloading class 0x000001d8cb19e400 'java/lang/invoke/LambdaForm$DMH+0x000001d8cb19e400'

Classes redefined (0 events):
No events

Internal exceptions (20 events):
Event: 14.945 Thread 0x000001d91328b260 Exception <a 'sun/nio/fs/WindowsException'{0x00000000eab15ef0}> (0x00000000eab15ef0) 
thrown [s\src\hotspot\share\prims\jni.cpp, line 520]
Event: 14.976 Thread 0x000001d91328b260 Exception <a 'sun/nio/fs/WindowsException'{0x00000000eab3a680}> (0x00000000eab3a680) 
thrown [s\src\hotspot\share\prims\jni.cpp, line 520]
Event: 15.016 Thread 0x000001d91328b260 Exception <a 'sun/nio/fs/WindowsException'{0x00000000eac89220}> (0x00000000eac89220) 
thrown [s\src\hotspot\share\prims\jni.cpp, line 520]
Event: 15.023 Thread 0x000001d91328b260 Exception <a 'sun/nio/fs/WindowsException'{0x00000000eac99d70}> (0x00000000eac99d70) 
thrown [s\src\hotspot\share\prims\jni.cpp, line 520]
Event: 15.056 Thread 0x000001d91328b260 Exception <a 'sun/nio/fs/WindowsException'{0x00000000eacd7b68}> (0x00000000eacd7b68) 
thrown [s\src\hotspot\share\prims\jni.cpp, line 520]
Event: 15.086 Thread 0x000001d91328b260 Exception <a 'sun/nio/fs/WindowsException'{0x00000000eab43320}> (0x00000000eab43320) 
thrown [s\src\hotspot\share\prims\jni.cpp, line 520]
Event: 15.119 Thread 0x000001d91328b260 Exception <a 'sun/nio/fs/WindowsException'{0x00000000eab9d678}> (0x00000000eab9d678) 
thrown [s\src\hotspot\share\prims\jni.cpp, line 520]
Event: 15.140 Thread 0x000001d91328b260 Exception <a 'sun/nio/fs/WindowsException'{0x00000000eabba9d8}> (0x00000000eabba9d8) 
thrown [s\src\hotspot\share\prims\jni.cpp, line 520]
Event: 15.157 Thread 0x000001d91328b260 Exception <a 'sun/nio/fs/WindowsException'{0x00000000eac7af10}> (0x00000000eac7af10) 
thrown [s\src\hotspot\share\prims\jni.cpp, line 520]
Event: 15.175 Thread 0x000001d91328b260 Exception <a 'sun/nio/fs/WindowsException'{0x00000000eac2abf0}> (0x00000000eac2abf0) 
thrown [s\src\hotspot\share\prims\jni.cpp, line 520]
Event: 15.197 Thread 0x000001d91328b260 Exception <a 'sun/nio/fs/WindowsException'{0x00000000eaca83b0}> (0x00000000eaca83b0) 
thrown [s\src\hotspot\share\prims\jni.cpp, line 520]
Event: 15.205 Thread 0x000001d91328b260 Exception <a 'sun/nio/fs/WindowsException'{0x00000000eacb9a10}> (0x00000000eacb9a10) 
thrown [s\src\hotspot\share\prims\jni.cpp, line 520]
Event: 16.425 Thread 0x000001d91328b260 Exception <a 'sun/nio/fs/WindowsException'{0x00000000eac612b8}> (0x00000000eac612b8) 
thrown [s\src\hotspot\share\prims\jni.cpp, line 520]
Event: 16.432 Thread 0x000001d91328b260 Exception <a 'sun/nio/fs/WindowsException'{0x00000000eac855c8}> (0x00000000eac855c8) 
thrown [s\src\hotspot\share\prims\jni.cpp, line 520]
Event: 16.447 Thread 0x000001d91328b260 Exception <a 'sun/nio/fs/WindowsException'{0x00000000eacd6840}> (0x00000000eacd6840) 
thrown [s\src\hotspot\share\prims\jni.cpp, line 520]
Event: 16.477 Thread 0x000001d91328b260 Exception <a 'sun/nio/fs/WindowsException'{0x00000000ead27dd8}> (0x00000000ead27dd8) 
thrown [s\src\hotspot\share\prims\jni.cpp, line 520]
Event: 16.529 Thread 0x000001d91328b260 Exception <a 'sun/nio/fs/WindowsException'{0x00000000ead2cdc0}> (0x00000000ead2cdc0) 
thrown [s\src\hotspot\share\prims\jni.cpp, line 520]
Event: 16.562 Thread 0x000001d91328b260 Exception <a 'sun/nio/fs/WindowsException'{0x00000000eab17b78}> (0x00000000eab17b78) 
thrown [s\src\hotspot\share\prims\jni.cpp, line 520]
Event: 16.589 Thread 0x000001d91328b260 Exception <a 'sun/nio/fs/WindowsException'{0x00000000eac26658}> (0x00000000eac26658) 
thrown [s\src\hotspot\share\prims\jni.cpp, line 520]
Event: 16.598 Thread 0x000001d91328b260 Exception <a 'sun/nio/fs/WindowsException'{0x00000000eac593e0}> (0x00000000eac593e0) 
thrown [s\src\hotspot\share\prims\jni.cpp, line 520]

ZGC Phase Switch (0 events):
No events

VM Operations (20 events):
Event: 16.875 Executing VM operation: ParallelGCFailedAllocation (Allocation Failure)
Event: 16.876 Executing VM operation: ParallelGCFailedAllocation (Allocation Failure) done
Event: 16.881 Executing VM operation: ParallelGCFailedAllocation (Allocation Failure)
Event: 16.881 Executing VM operation: ParallelGCFailedAllocation (Allocation Failure) done
Event: 16.886 Executing VM operation: ParallelGCFailedAllocation (Allocation Failure)
Event: 16.887 Executing VM operation: ParallelGCFailedAllocation (Allocation Failure) done
Event: 16.891 Executing VM operation: ParallelGCFailedAllocation (Allocation Failure)
Event: 16.892 Executing VM operation: ParallelGCFailedAllocation (Allocation Failure) done
Event: 16.896 Executing VM operation: ParallelGCFailedAllocation (Allocation Failure)
Event: 17.897 Executing VM operation: ParallelGCFailedAllocation (Allocation Failure) done
Event: 17.902 Executing VM operation: ParallelGCFailedAllocation (Allocation Failure)
Event: 17.903 Executing VM operation: ParallelGCFailedAllocation (Allocation Failure) done
Event: 17.914 Executing VM operation: ParallelGCFailedAllocation (Allocation Failure)
Event: 18.927 Executing VM operation: ParallelGCFailedAllocation (Allocation Failure) done
Event: 18.934 Executing VM operation: ParallelGCFailedAllocation (Allocation Failure)
Event: 18.935 Executing VM operation: ParallelGCFailedAllocation (Allocation Failure) done
Event: 18.945 Executing VM operation: ParallelGCFailedAllocation (Allocation Failure)
Event: 18.946 Executing VM operation: ParallelGCFailedAllocation (Allocation Failure) done
Event: 18.960 Executing VM operation: ParallelGCFailedAllocation (Allocation Failure)
Event: 20.962 Executing VM operation: ParallelGCFailedAllocation (Allocation Failure) done

Memory protections (0 events):
No events

Nmethod flushes (20 events):
Event: 7.808 Thread 0x000001d8b56ae490 flushing  nmethod 0x000001d8b92ea690
Event: 7.808 Thread 0x000001d8b56ae490 flushing  nmethod 0x000001d8b9309090
Event: 7.808 Thread 0x000001d8b56ae490 flushing  nmethod 0x000001d8b9311810
Event: 7.808 Thread 0x000001d8b56ae490 flushing  nmethod 0x000001d8b9311b90
Event: 7.808 Thread 0x000001d8b56ae490 flushing  nmethod 0x000001d8b9312010
Event: 7.808 Thread 0x000001d8b56ae490 flushing  nmethod 0x000001d8b9314210
Event: 7.808 Thread 0x000001d8b56ae490 flushing  nmethod 0x000001d8b9316710
Event: 7.808 Thread 0x000001d8b56ae490 flushing  nmethod 0x000001d8b9318c10
Event: 7.808 Thread 0x000001d8b56ae490 flushing  nmethod 0x000001d8b9322510
Event: 7.808 Thread 0x000001d8b56ae490 flushing  nmethod 0x000001d8b933f010
Event: 7.808 Thread 0x000001d8b56ae490 flushing  nmethod 0x000001d8b9374610
Event: 7.808 Thread 0x000001d8b56ae490 flushing  nmethod 0x000001d8b938c390
Event: 7.808 Thread 0x000001d8b56ae490 flushing  nmethod 0x000001d8b93ad690
Event: 7.808 Thread 0x000001d8b56ae490 flushing  nmethod 0x000001d8b93add90
Event: 7.808 Thread 0x000001d8b56ae490 flushing  nmethod 0x000001d8b93ae590
Event: 7.808 Thread 0x000001d8b56ae490 flushing  nmethod 0x000001d8b93b3610
Event: 7.808 Thread 0x000001d8b56ae490 flushing  nmethod 0x000001d8b93b6410
Event: 7.808 Thread 0x000001d8b56ae490 flushing  nmethod 0x000001d8b93ea310
Event: 7.808 Thread 0x000001d8b56ae490 flushing  nmethod 0x000001d8b93fa990
Event: 7.808 Thread 0x000001d8b56ae490 flushing  nmethod 0x000001d8b9406290

Events (20 events):
Event: 10.202 Thread 0x000001d913289eb0 Thread added: 0x000001d924078820
Event: 10.203 Thread 0x000001d913289eb0 Thread added: 0x000001d92407c330
Event: 10.203 Thread 0x000001d913289eb0 Thread added: 0x000001d92407d050
Event: 10.278 Thread 0x000001d92407d050 Thread exited: 0x000001d92407d050
Event: 10.278 Thread 0x000001d92407a8f0 Thread exited: 0x000001d92407a8f0
Event: 10.278 Thread 0x000001d924078820 Thread exited: 0x000001d924078820
Event: 10.278 Thread 0x000001d92407bca0 Thread exited: 0x000001d92407bca0
Event: 10.278 Thread 0x000001d92407c330 Thread exited: 0x000001d92407c330
Event: 11.051 Thread 0x000001d916049fd0 Thread exited: 0x000001d916049fd0
Event: 11.181 Thread 0x000001d921c0bf60 Thread exited: 0x000001d921c0bf60
Event: 11.193 Thread 0x000001d9162a4f30 Thread exited: 0x000001d9162a4f30
Event: 11.326 Thread 0x000001d91e82d840 Thread exited: 0x000001d91e82d840
Event: 12.322 Thread 0x000001d90c4a2380 Thread exited: 0x000001d90c4a2380
Event: 12.322 Thread 0x000001d912848820 Thread exited: 0x000001d912848820
Event: 12.550 Thread 0x000001d90c2c9280 Thread exited: 0x000001d90c2c9280
Event: 12.550 Thread 0x000001d9133c9fa0 Thread exited: 0x000001d9133c9fa0
Event: 12.550 Thread 0x000001d90c2c71a0 Thread exited: 0x000001d90c2c71a0
Event: 12.752 Thread 0x000001d91204ea60 Thread exited: 0x000001d91204ea60
Event: 13.671 Thread 0x000001d90c1a2030 Thread added: 0x000001d915d96860
Event: 14.347 Thread 0x000001d915d96860 Thread exited: 0x000001d915d96860


Dynamic libraries:
0x00007ff6a6360000 - 0x00007ff6a636e000 	c:\Users\MSI\.vscode\extensions\redhat.java-1.41.1-win32-x64\jre\21.0.6-win32-x86_64\bin\java.exe
0x00007ffcb0980000 - 0x00007ffcb0be0000 	C:\WINDOWS\SYSTEM32\ntdll.dll
0x00007ffcafa70000 - 0x00007ffcafb37000 	C:\WINDOWS\System32\KERNEL32.DLL
0x00007ffcae2d0000 - 0x00007ffcae69a000 	C:\WINDOWS\System32\KERNELBASE.dll
0x00007ffcadeb0000 - 0x00007ffcadffb000 	C:\WINDOWS\System32\ucrtbase.dll
0x00007ffc84cf0000 - 0x00007ffc84d08000 	c:\Users\MSI\.vscode\extensions\redhat.java-1.41.1-win32-x64\jre\21.0.6-win32-x86_64\bin\jli.dll
0x00007ffc800c0000 - 0x00007ffc800de000 	c:\Users\MSI\.vscode\extensions\redhat.java-1.41.1-win32-x64\jre\21.0.6-win32-x86_64\bin\VCRUNTIME140.dll
0x00007ffcaf0c0000 - 0x00007ffcaf28c000 	C:\WINDOWS\System32\USER32.dll
0x00007ffc990d0000 - 0x00007ffc99367000 	C:\WINDOWS\WinSxS\amd64_microsoft.windows.common-controls_6595b64144ccf1df_6.0.26100.3624_none_3e086962e3345f24\COMCTL32.dll
0x00007ffcae6a0000 - 0x00007ffcae6c7000 	C:\WINDOWS\System32\win32u.dll
0x00007ffcaf850000 - 0x00007ffcaf8f9000 	C:\WINDOWS\System32\msvcrt.dll
0x00007ffcaee40000 - 0x00007ffcaee6a000 	C:\WINDOWS\System32\GDI32.dll
0x00007ffcadb60000 - 0x00007ffcadc91000 	C:\WINDOWS\System32\gdi32full.dll
0x00007ffcae6d0000 - 0x00007ffcae773000 	C:\WINDOWS\System32\msvcp_win.dll
0x00007ffcafc20000 - 0x00007ffcafc4f000 	C:\WINDOWS\System32\IMM32.DLL
0x00007ffca19b0000 - 0x00007ffca19bc000 	c:\Users\MSI\.vscode\extensions\redhat.java-1.41.1-win32-x64\jre\21.0.6-win32-x86_64\bin\vcruntime140_1.dll
0x00007ffc599c0000 - 0x00007ffc59a4d000 	c:\Users\MSI\.vscode\extensions\redhat.java-1.41.1-win32-x64\jre\21.0.6-win32-x86_64\bin\msvcp140.dll
0x00007ffc08d90000 - 0x00007ffc09b20000 	c:\Users\MSI\.vscode\extensions\redhat.java-1.41.1-win32-x64\jre\21.0.6-win32-x86_64\bin\server\jvm.dll
0x00007ffcaee70000 - 0x00007ffcaef22000 	C:\WINDOWS\System32\ADVAPI32.dll
0x00007ffcaf010000 - 0x00007ffcaf0b6000 	C:\WINDOWS\System32\sechost.dll
0x00007ffcaec90000 - 0x00007ffcaeda6000 	C:\WINDOWS\System32\RPCRT4.dll
0x00007ffcaf290000 - 0x00007ffcaf304000 	C:\WINDOWS\System32\WS2_32.dll
0x00007ffcad9b0000 - 0x00007ffcada0e000 	C:\WINDOWS\SYSTEM32\POWRPROF.dll
0x00007ffca7cc0000 - 0x00007ffca7cf6000 	C:\WINDOWS\SYSTEM32\WINMM.dll
0x00007ffca7d00000 - 0x00007ffca7d0b000 	C:\WINDOWS\SYSTEM32\VERSION.dll
0x00007ffcad990000 - 0x00007ffcad9a4000 	C:\WINDOWS\SYSTEM32\UMPDC.dll
0x00007ffcac970000 - 0x00007ffcac98a000 	C:\WINDOWS\SYSTEM32\kernel.appcore.dll
0x00007ffca0c00000 - 0x00007ffca0c0a000 	c:\Users\MSI\.vscode\extensions\redhat.java-1.41.1-win32-x64\jre\21.0.6-win32-x86_64\bin\jimage.dll
0x00007ffca19f0000 - 0x00007ffca1c31000 	C:\WINDOWS\SYSTEM32\DBGHELP.DLL
0x00007ffcafc70000 - 0x00007ffcafff2000 	C:\WINDOWS\System32\combase.dll
0x00007ffcafb40000 - 0x00007ffcafc16000 	C:\WINDOWS\System32\OLEAUT32.dll
0x00007ffc989a0000 - 0x00007ffc989d9000 	C:\WINDOWS\SYSTEM32\dbgcore.DLL
0x00007ffcadca0000 - 0x00007ffcadd39000 	C:\WINDOWS\System32\bcryptPrimitives.dll
0x00007ffc9fd80000 - 0x00007ffc9fd8f000 	c:\Users\MSI\.vscode\extensions\redhat.java-1.41.1-win32-x64\jre\21.0.6-win32-x86_64\bin\instrument.dll
0x00007ffc7ec20000 - 0x00007ffc7ec3f000 	c:\Users\MSI\.vscode\extensions\redhat.java-1.41.1-win32-x64\jre\21.0.6-win32-x86_64\bin\java.dll
0x00007ffcb0160000 - 0x00007ffcb0889000 	C:\WINDOWS\System32\SHELL32.dll
0x00007ffcadd40000 - 0x00007ffcadea8000 	C:\WINDOWS\System32\wintypes.dll
0x00007ffcab7e0000 - 0x00007ffcac032000 	C:\WINDOWS\SYSTEM32\windows.storage.dll
0x00007ffcb0050000 - 0x00007ffcb013d000 	C:\WINDOWS\System32\SHCORE.dll
0x00007ffcb0890000 - 0x00007ffcb08f4000 	C:\WINDOWS\System32\shlwapi.dll
0x00007ffcada70000 - 0x00007ffcada9f000 	C:\WINDOWS\SYSTEM32\profapi.dll
0x00007ffc7bd10000 - 0x00007ffc7bd28000 	c:\Users\MSI\.vscode\extensions\redhat.java-1.41.1-win32-x64\jre\21.0.6-win32-x86_64\bin\zip.dll
0x00007ffc9bd30000 - 0x00007ffc9bd40000 	C:\Users\MSI\.vscode\extensions\redhat.java-1.41.1-win32-x64\jre\21.0.6-win32-x86_64\bin\net.dll
0x00007ffca79e0000 - 0x00007ffca7afd000 	C:\WINDOWS\SYSTEM32\WINHTTP.dll
0x00007ffcace90000 - 0x00007ffcacefa000 	C:\WINDOWS\system32\mswsock.dll
0x00007ffc5a430000 - 0x00007ffc5a446000 	C:\Users\MSI\.vscode\extensions\redhat.java-1.41.1-win32-x64\jre\21.0.6-win32-x86_64\bin\nio.dll
0x00007ffc93820000 - 0x00007ffc93830000 	c:\Users\MSI\.vscode\extensions\redhat.java-1.41.1-win32-x64\jre\21.0.6-win32-x86_64\bin\verify.dll
0x00007ffc5aca0000 - 0x00007ffc5ace5000 	C:\Users\MSI\AppData\Roaming\Code\User\globalStorage\redhat.java\1.41.1\config_win\org.eclipse.equinox.launcher\org.eclipse.equinox.launcher.win32.win32.x86_64_1.2.1300.v20250331-1702\eclipse_11911.dll
0x00007ffcaeaf0000 - 0x00007ffcaec86000 	C:\WINDOWS\System32\ole32.dll
0x00007ffcad130000 - 0x00007ffcad14c000 	C:\WINDOWS\SYSTEM32\CRYPTSP.dll
0x00007ffcac8d0000 - 0x00007ffcac90a000 	C:\WINDOWS\system32\rsaenh.dll
0x00007ffcacf30000 - 0x00007ffcacf5b000 	C:\WINDOWS\SYSTEM32\USERENV.dll
0x00007ffcada40000 - 0x00007ffcada66000 	C:\WINDOWS\SYSTEM32\bcrypt.dll
0x00007ffcad150000 - 0x00007ffcad15c000 	C:\WINDOWS\SYSTEM32\CRYPTBASE.dll
0x00007ffcac3b0000 - 0x00007ffcac3e3000 	C:\WINDOWS\SYSTEM32\IPHLPAPI.DLL
0x00007ffcb0900000 - 0x00007ffcb090a000 	C:\WINDOWS\System32\NSI.dll
0x00007ffc59c30000 - 0x00007ffc59c79000 	C:\Users\MSI\AppData\Local\Temp\jna-76643\jna2493585745052961350.dll
0x00007ffcafa60000 - 0x00007ffcafa68000 	C:\WINDOWS\System32\PSAPI.DLL
0x00007ffca7c30000 - 0x00007ffca7c4f000 	C:\WINDOWS\SYSTEM32\dhcpcsvc6.DLL
0x00007ffca7b60000 - 0x00007ffca7b85000 	C:\WINDOWS\SYSTEM32\dhcpcsvc.DLL

dbghelp: loaded successfully - version: 4.0.5 - missing functions: none
symbol engine: initialized successfully - sym options: 0x614 - pdb path: .;c:\Users\MSI\.vscode\extensions\redhat.java-1.41.1-win32-x64\jre\21.0.6-win32-x86_64\bin;C:\WINDOWS\SYSTEM32;C:\WINDOWS\WinSxS\amd64_microsoft.windows.common-controls_6595b64144ccf1df_6.0.26100.3624_none_3e086962e3345f24;c:\Users\MSI\.vscode\extensions\redhat.java-1.41.1-win32-x64\jre\21.0.6-win32-x86_64\bin\server;C:\Users\MSI\AppData\Roaming\Code\User\globalStorage\redhat.java\1.41.1\config_win\org.eclipse.equinox.launcher\org.eclipse.equinox.launcher.win32.win32.x86_64_1.2.1300.v20250331-1702;C:\Users\MSI\AppData\Local\Temp\jna-76643

VM Arguments:
jvm_args: --add-modules=ALL-SYSTEM --add-opens=java.base/java.util=ALL-UNNAMED --add-opens=java.base/java.lang=ALL-UNNAMED --add-opens=java.base/sun.nio.fs=ALL-UNNAMED -Declipse.application=org.eclipse.jdt.ls.core.id1 -Dosgi.bundles.defaultStartLevel=4 -Declipse.product=org.eclipse.jdt.ls.core.product -Djava.import.generatesMetadataFilesAtProjectRoot=false -DDetectVMInstallationsJob.disabled=true -Dfile.encoding=utf8 -XX:+UseParallelGC -XX:GCTimeRatio=4 -XX:AdaptiveSizePolicyWeight=90 -Dsun.zip.disableMemoryMapping=true -Xmx1G -Xms100m -Xlog:disable -javaagent:c:\Users\MSI\.vscode\extensions\redhat.java-1.41.1-win32-x64\lombok\lombok-1.18.36.jar -XX:+HeapDumpOnOutOfMemoryError -XX:HeapDumpPath=c:\Users\MSI\AppData\Roaming\Code\User\workspaceStorage\3815725e1ac4c6c69b70af32f7c49045\redhat.java -Daether.dependencyCollector.impl=bf 
java_command: c:\Users\MSI\.vscode\extensions\redhat.java-1.41.1-win32-x64\server\plugins\org.eclipse.equinox.launcher_1.7.0.v20250331-1702.jar -configuration c:\Users\MSI\AppData\Roaming\Code\User\globalStorage\redhat.java\1.41.1\config_win -data c:\Users\MSI\AppData\Roaming\Code\User\workspaceStorage\3815725e1ac4c6c69b70af32f7c49045\redhat.java\jdt_ws --pipe=\\.\pipe\lsp-54e34152083e4b66b4e8e0bf8fce53b7-sock
java_class_path (initial): c:\Users\MSI\.vscode\extensions\redhat.java-1.41.1-win32-x64\server\plugins\org.eclipse.equinox.launcher_1.7.0.v20250331-1702.jar
Launcher Type: SUN_STANDARD

[Global flags]
    uintx AdaptiveSizePolicyWeight                 = 90                                        {product} {command line}
     intx CICompilerCount                          = 12                                        {product} {ergonomic}
    uintx GCTimeRatio                              = 4                                         {product} {command line}
     bool HeapDumpOnOutOfMemoryError               = true                                   {manageable} {command line}
    ccstr HeapDumpPath                             = c:\Users\MSI\AppData\Roaming\Code\User\workspaceStorage\3815725e1ac4c6c69b70af32f7c49045\redhat.java         {manageable} {command line}
   size_t InitialHeapSize                          = 104857600                                 {product} {command line}
   size_t MaxHeapSize                              = 1073741824                                {product} {command line}
   size_t MaxNewSize                               = 357564416                                 {product} {ergonomic}
   size_t MinHeapDeltaBytes                        = 524288                                    {product} {ergonomic}
   size_t MinHeapSize                              = 104857600                                 {product} {command line}
   size_t NewSize                                  = 34603008                                  {product} {ergonomic}
    uintx NonNMethodCodeHeapSize                   = 7602480                                {pd product} {ergonomic}
    uintx NonProfiledCodeHeapSize                  = 122027880                              {pd product} {ergonomic}
   size_t OldSize                                  = 70254592                                  {product} {ergonomic}
    uintx ProfiledCodeHeapSize                     = 122027880                              {pd product} {ergonomic}
    uintx ReservedCodeCacheSize                    = 251658240                              {pd product} {ergonomic}
     bool SegmentedCodeCache                       = true                                      {product} {ergonomic}
   size_t SoftMaxHeapSize                          = 1073741824                             {manageable} {ergonomic}
     bool UseCompressedOops                        = true                           {product lp64_product} {ergonomic}
     bool UseLargePagesIndividualAllocation        = false                                  {pd product} {ergonomic}
     bool UseParallelGC                            = true                                      {product} {command line}

Logging:
Log output configuration:
 #0: stdout all=off uptime,level,tags foldmultilines=false
 #1: stderr all=off uptime,level,tags foldmultilines=false

Environment Variables:
JAVA_HOME=C:\Program Files\Java\jdk-17
PATH=C:\Program Files\Common Files\Oracle\Java\javapath;C:\Program Files (x86)\VMware\VMware Workstation\bin\;C:\Program Files\Microsoft MPI\Bin\;C:\WINDOWS\system32;C:\WINDOWS;C:\WINDOWS\System32\Wbem;C:\WINDOWS\System32\WindowsPowerShell\v1.0\;C:\WINDOWS\System32\OpenSSH\;C:\Program Files\nodejs\;C:\Program Files (x86)\Microsoft SQL Server\160\Tools\Binn\;C:\Program Files\Microsoft SQL Server\160\Tools\Binn\;C:\Program Files\Microsoft SQL Server\Client SDK\ODBC\170\Tools\Binn\;C:\Program Files\Microsoft SQL Server\160\DTS\Binn\;C:\Program Files (x86)\Microsoft SQL Server\160\DTS\Binn\;C:\Program Files\Git LFS;C:\Program Files\Git\cmd;C:\Program Files\PowerShell\7\;C:\Program Files\Java\jdk-17\bin;C:\Program Files\MySQL\MySQL Shell 8.0\bin\;C:\Users\MSI\AppData\Local\Programs\Python\Python313;C:\Users\MSI\AppData\Local\Microsoft\WindowsApps;C:\Users\MSI\AppData\Local\Programs\Microsoft VS Code\bin;C:\Users\MSI\AppData\Roaming\npm;C:\Program Files\JetBrains\IntelliJ IDEA 2024.3.1.1\bin;;
USERNAME=MSI
OS=Windows_NT
PROCESSOR_IDENTIFIER=AMD64 Family 25 Model 80 Stepping 0, AuthenticAMD
TMP=C:\Users\MSI\AppData\Local\Temp
TEMP=C:\Users\MSI\AppData\Local\Temp




Periodic native trim disabled

---------------  S Y S T E M  ---------------

OS:
 Windows 11 , 64 bit Build 26100 (10.0.26100.3775)
OS uptime: 0 days 0:10 hours
Hyper-V role detected

CPU: total 16 (initial active 16) (16 cores per cpu, 2 threads per core) family 25 model 80 stepping 0 microcode 0xa50000c, cx8, cmov, fxsr, ht, mmx, 3dnowpref, sse, sse2, sse3, ssse3, sse4a, sse4.1, sse4.2, popcnt, lzcnt, tsc, tscinvbit, avx, avx2, aes, erms, clmul, bmi1, bmi2, adx, sha, fma, vzeroupper, clflush, clflushopt, hv, rdtscp, rdpid, fsrm, f16c, cet_ss
Processor Information for processor 0
  Max Mhz: 3201, Current Mhz: 3201, Mhz Limit: 3201
Processor Information for processor 1
  Max Mhz: 3201, Current Mhz: 3201, Mhz Limit: 3201
Processor Information for processor 2
  Max Mhz: 3201, Current Mhz: 3201, Mhz Limit: 3201
Processor Information for processor 3
  Max Mhz: 3201, Current Mhz: 2555, Mhz Limit: 3201
Processor Information for processor 4
  Max Mhz: 3201, Current Mhz: 3201, Mhz Limit: 3201
Processor Information for processor 5
  Max Mhz: 3201, Current Mhz: 2555, Mhz Limit: 3201
Processor Information for processor 6
  Max Mhz: 3201, Current Mhz: 3201, Mhz Limit: 3201
Processor Information for processor 7
  Max Mhz: 3201, Current Mhz: 3201, Mhz Limit: 3201
Processor Information for processor 8
  Max Mhz: 3201, Current Mhz: 2555, Mhz Limit: 3201
Processor Information for processor 9
  Max Mhz: 3201, Current Mhz: 3201, Mhz Limit: 3201
Processor Information for processor 10
  Max Mhz: 3201, Current Mhz: 2555, Mhz Limit: 3201
Processor Information for processor 11
  Max Mhz: 3201, Current Mhz: 3201, Mhz Limit: 3201
Processor Information for processor 12
  Max Mhz: 3201, Current Mhz: 3201, Mhz Limit: 3201
Processor Information for processor 13
  Max Mhz: 3201, Current Mhz: 2555, Mhz Limit: 3201
Processor Information for processor 14
  Max Mhz: 3201, Current Mhz: 2555, Mhz Limit: 3201
Processor Information for processor 15
  Max Mhz: 3201, Current Mhz: 3201, Mhz Limit: 3201

Memory: 4k page, system-wide physical 15752M (4331M free)
TotalPageFile size 15752M (AvailPageFile size 53M)
current process WorkingSet (physical memory assigned to process): 946M, peak: 984M
current process commit charge ("private bytes"): 877M, peak: 926M

vm_info: OpenJDK 64-Bit Server VM (21.0.6+7-LTS) for windows-amd64 JRE (21.0.6+7-LTS), built on 2025-01-21T00:00:00Z by "admin" with MS VC++ 17.7 (VS2022)

END.
