#
# There is insufficient memory for the Java Runtime Environment to continue.
# Native memory allocation (malloc) failed to allocate 935456 bytes for Chunk::new
# Possible reasons:
#   The system is out of physical RAM or swap space
#   The process is running with CompressedOops enabled, and the Java Heap may be blocking the growth of the native heap
# Possible solutions:
#   Reduce memory load on the system
#   Increase physical memory or swap space
#   Check if swap backing store is full
#   Decrease Java heap size (-Xmx/-Xms)
#   Decrease number of Java threads
#   Decrease Java thread stack sizes (-Xss)
#   Set larger code cache with -XX:ReservedCodeCacheSize=
#   JVM is running with Zero Based Compressed Oops mode in which the Java heap is
#     placed in the first 32GB address space. The Java Heap base address is the
#     maximum limit for the native heap growth. Please use -XX:HeapBaseMinAddress
#     to set the Java Heap base and to place the Java Heap above 32GB virtual address.
# This output file may be truncated or incomplete.
#
#  Out of Memory Error (arena.cpp:189), pid=3496, tid=20496
#
# JRE version: Java(TM) SE Runtime Environment (17.0.11+7) (build 17.0.11+7-LTS-207)
# Java VM: Java HotSpot(TM) 64-Bit Server VM (17.0.11+7-LTS-207, mixed mode, sharing, tiered, compressed oops, compressed class ptrs, g1 gc, windows-amd64)
# No core dump will be written. Minidumps are not enabled by default on client versions of Windows
#

---------------  S U M M A R Y ------------

Command Line: -XX:+ShowCodeDetailsInExceptionMessages com.laptrinhoop.WebSalesApplication

Host: AMD Ryzen 7 5800H with Radeon Graphics         , 16 cores, 15G,  Windows 11 , 64 bit Build 26100 (10.0.26100.3775)
Time: Tue Apr 15 17:15:35 2025 SE Asia Standard Time elapsed time: 3.263820 seconds (0d 0h 0m 3s)

---------------  T H R E A D  ---------------

Current thread (0x0000028a108e2c40):  JavaThread "C2 CompilerThread1" daemon [_thread_in_native, id=20496, stack(0x0000008cebd00000,0x0000008cebe00000)]


Current CompileTask:
C2:   3263 2322       4       jdk.internal.module.SystemModuleFinders$SystemModuleReader::find (59 bytes)

Stack: [0x0000008cebd00000,0x0000008cebe00000]
Native frames: (J=compiled Java code, j=interpreted, Vv=VM code, C=native code)
V  [jvm.dll+0x679cca]
V  [jvm.dll+0x7da13d]
V  [jvm.dll+0x7dba83]
V  [jvm.dll+0x7dc0f3]
V  [jvm.dll+0x2449af]
V  [jvm.dll+0xab83b]
V  [jvm.dll+0xabe1c]
V  [jvm.dll+0x3615ae]
V  [jvm.dll+0x1b9fca]
V  [jvm.dll+0x216337]
V  [jvm.dll+0x21560f]
V  [jvm.dll+0x1a2040]
V  [jvm.dll+0x225a2b]
V  [jvm.dll+0x223bcb]
V  [jvm.dll+0x7903ec]
V  [jvm.dll+0x78a85a]
V  [jvm.dll+0x678bb5]
C  [ucrtbase.dll+0x37b0]
C  [KERNEL32.DLL+0x2e8d7]
C  [ntdll.dll+0xb14fc]


---------------  P R O C E S S  ---------------

Threads class SMR info:
_java_thread_list=0x0000028a15d61770, length=16, elements={
0x00000289abac6fe0, 0x00000289ceacc4b0, 0x00000289ceacee80, 0x00000289ceadf370,
0x00000289ceae0c50, 0x00000289ceae1520, 0x00000289ceae2600, 0x00000289ceae3200,
0x00000289ceaf4920, 0x00000289ceb059f0, 0x0000028a102b1440, 0x0000028a102d4f20,
0x0000028a102e3ca0, 0x0000028a102ea1a0, 0x0000028a108e2c40, 0x0000028a152788c0
}

Java Threads: ( => current thread )
  0x00000289abac6fe0 JavaThread "main" [_thread_in_native, id=19744, stack(0x0000008cea800000,0x0000008cea900000)]
  0x00000289ceacc4b0 JavaThread "Reference Handler" daemon [_thread_blocked, id=24352, stack(0x0000008ceaf00000,0x0000008ceb000000)]
  0x00000289ceacee80 JavaThread "Finalizer" daemon [_thread_blocked, id=23828, stack(0x0000008ceb000000,0x0000008ceb100000)]
  0x00000289ceadf370 JavaThread "Signal Dispatcher" daemon [_thread_blocked, id=2644, stack(0x0000008ceb100000,0x0000008ceb200000)]
  0x00000289ceae0c50 JavaThread "Attach Listener" daemon [_thread_blocked, id=19612, stack(0x0000008ceb200000,0x0000008ceb300000)]
  0x00000289ceae1520 JavaThread "Service Thread" daemon [_thread_blocked, id=24420, stack(0x0000008ceb300000,0x0000008ceb400000)]
  0x00000289ceae2600 JavaThread "Monitor Deflation Thread" daemon [_thread_blocked, id=19004, stack(0x0000008ceb400000,0x0000008ceb500000)]
  0x00000289ceae3200 JavaThread "C2 CompilerThread0" daemon [_thread_in_native, id=11972, stack(0x0000008ceb500000,0x0000008ceb600000)]
  0x00000289ceaf4920 JavaThread "C1 CompilerThread0" daemon [_thread_blocked, id=13296, stack(0x0000008ceb600000,0x0000008ceb700000)]
  0x00000289ceb059f0 JavaThread "Sweeper thread" daemon [_thread_blocked, id=5516, stack(0x0000008ceb700000,0x0000008ceb800000)]
  0x0000028a102b1440 JavaThread "C1 CompilerThread1" daemon [_thread_blocked, id=4132, stack(0x0000008ceb800000,0x0000008ceb900000)]
  0x0000028a102d4f20 JavaThread "C1 CompilerThread2" daemon [_thread_blocked, id=21488, stack(0x0000008ceb900000,0x0000008ceba00000)]
  0x0000028a102e3ca0 JavaThread "Notification Thread" daemon [_thread_blocked, id=11220, stack(0x0000008ceba00000,0x0000008cebb00000)]
  0x0000028a102ea1a0 JavaThread "Common-Cleaner" daemon [_thread_blocked, id=19152, stack(0x0000008cebc00000,0x0000008cebd00000)]
=>0x0000028a108e2c40 JavaThread "C2 CompilerThread1" daemon [_thread_in_native, id=20496, stack(0x0000008cebd00000,0x0000008cebe00000)]
  0x0000028a152788c0 JavaThread "C2 CompilerThread2" daemon [_thread_in_native, id=6580, stack(0x0000008cebf00000,0x0000008cec000000)]

Other Threads:
  0x00000289ceac6b00 VMThread "VM Thread" [stack: 0x0000008ceae00000,0x0000008ceaf00000] [id=24172]
  0x00000289abb75500 WatcherThread [stack: 0x0000008cebb00000,0x0000008cebc00000] [id=23632]
  0x00000289abb387f0 GCTaskThread "GC Thread#0" [stack: 0x0000008cea900000,0x0000008ceaa00000] [id=2984]
  0x0000028a15437040 GCTaskThread "GC Thread#1" [stack: 0x0000008cec200000,0x0000008cec300000] [id=10636]
  0x0000028a15437300 GCTaskThread "GC Thread#2" [stack: 0x0000008cec300000,0x0000008cec400000] [id=452]
  0x0000028a15c0d970 GCTaskThread "GC Thread#3" [stack: 0x0000008cec400000,0x0000008cec500000] [id=23852]
  0x0000028a15c0fc40 GCTaskThread "GC Thread#4" [stack: 0x0000008cec500000,0x0000008cec600000] [id=22920]
  0x0000028a15803840 GCTaskThread "GC Thread#5" [stack: 0x0000008cec600000,0x0000008cec700000] [id=10788]
  0x0000028a15ff2e90 GCTaskThread "GC Thread#6" [stack: 0x0000008cec700000,0x0000008cec800000] [id=20244]
  0x0000028a15ff3560 GCTaskThread "GC Thread#7" [stack: 0x0000008cec800000,0x0000008cec900000] [id=10832]
  0x0000028a156a3920 GCTaskThread "GC Thread#8" [stack: 0x0000008cec900000,0x0000008ceca00000] [id=18512]
  0x00000289abb49d90 ConcurrentGCThread "G1 Main Marker" [stack: 0x0000008ceaa00000,0x0000008ceab00000] [id=3100]
  0x00000289abb4c930 ConcurrentGCThread "G1 Conc#0" [stack: 0x0000008ceab00000,0x0000008ceac00000] [id=23456]
  0x00000289ce9f8100 ConcurrentGCThread "G1 Refine#0" [stack: 0x0000008ceac00000,0x0000008cead00000] [id=21168]
  0x00000289ce9fa7f0 ConcurrentGCThread "G1 Service" [stack: 0x0000008cead00000,0x0000008ceae00000] [id=16940]

Threads with active compile tasks:
C2 CompilerThread0     3299 2336       4       jdk.internal.jimage.BasicImageReader::getLocationIndex (52 bytes)
C2 CompilerThread1     3299 2322       4       jdk.internal.module.SystemModuleFinders$SystemModuleReader::find (59 bytes)
C2 CompilerThread2     3299 2389       4       java.lang.StringLatin1::compareTo (52 bytes)

VM state: not at safepoint (normal execution)

VM Mutex/Monitor currently owned by a thread: None

Heap address: 0x0000000709c00000, size: 3940 MB, Compressed Oops mode: Zero based, Oop shift amount: 3

CDS archive(s) mapped at: [0x00000289cf000000-0x00000289cfbd0000-0x00000289cfbd0000), size 12386304, SharedBaseAddress: 0x00000289cf000000, ArchiveRelocationMode: 1.
Compressed class space mapped at: 0x00000289d0000000-0x0000028a10000000, reserved size: 1073741824
Narrow klass base: 0x00000289cf000000, Narrow klass shift: 0, Narrow klass range: 0x100000000

GC Precious Log:
 CPUs: 16 total, 16 available
 Memory: 15752M
 Large Page Support: Disabled
 NUMA Support: Disabled
 Compressed Oops: Enabled (Zero based)
 Heap Region Size: 2M
 Heap Min Capacity: 8M
 Heap Initial Capacity: 248M
 Heap Max Capacity: 3940M
 Pre-touch: Disabled
 Parallel Workers: 13
 Concurrent Workers: 3
 Concurrent Refinement Workers: 13
 Periodic GC: Disabled

Heap:
 garbage-first heap   total 253952K, used 49963K [0x0000000709c00000, 0x0000000800000000)
  region size 2048K, 21 young (43008K), 1 survivors (2048K)
 Metaspace       used 18460K, committed 18688K, reserved 1114112K
  class space    used 2326K, committed 2432K, reserved 1048576K

Heap Regions: E=young(eden), S=young(survivor), O=old, HS=humongous(starts), HC=humongous(continues), CS=collection set, F=free, OA=open archive, CA=closed archive, TAMS=top-at-mark-start (previous, next)
|   0|0x0000000709c00000, 0x0000000709e00000, 0x0000000709e00000|100%| O|  |TAMS 0x0000000709c00000, 0x0000000709c00000| Untracked 
|   1|0x0000000709e00000, 0x000000070a000000, 0x000000070a000000|100%| O|  |TAMS 0x0000000709e00000, 0x0000000709e00000| Untracked 
|   2|0x000000070a000000, 0x000000070a200000, 0x000000070a200000|100%| O|  |TAMS 0x000000070a000000, 0x000000070a000000| Untracked 
|   3|0x000000070a200000, 0x000000070a400000, 0x000000070a400000|100%| O|  |TAMS 0x000000070a200000, 0x000000070a200000| Untracked 
|   4|0x000000070a400000, 0x000000070a50ac00, 0x000000070a600000| 52%| O|  |TAMS 0x000000070a400000, 0x000000070a400000| Untracked 
|   5|0x000000070a600000, 0x000000070a600000, 0x000000070a800000|  0%| F|  |TAMS 0x000000070a600000, 0x000000070a600000| Untracked 
|   6|0x000000070a800000, 0x000000070a800000, 0x000000070aa00000|  0%| F|  |TAMS 0x000000070a800000, 0x000000070a800000| Untracked 
|   7|0x000000070aa00000, 0x000000070aa00000, 0x000000070ac00000|  0%| F|  |TAMS 0x000000070aa00000, 0x000000070aa00000| Untracked 
|   8|0x000000070ac00000, 0x000000070ac00000, 0x000000070ae00000|  0%| F|  |TAMS 0x000000070ac00000, 0x000000070ac00000| Untracked 
|   9|0x000000070ae00000, 0x000000070ae00000, 0x000000070b000000|  0%| F|  |TAMS 0x000000070ae00000, 0x000000070ae00000| Untracked 
|  10|0x000000070b000000, 0x000000070b000000, 0x000000070b200000|  0%| F|  |TAMS 0x000000070b000000, 0x000000070b000000| Untracked 
|  11|0x000000070b200000, 0x000000070b200000, 0x000000070b400000|  0%| F|  |TAMS 0x000000070b200000, 0x000000070b200000| Untracked 
|  12|0x000000070b400000, 0x000000070b400000, 0x000000070b600000|  0%| F|  |TAMS 0x000000070b400000, 0x000000070b400000| Untracked 
|  13|0x000000070b600000, 0x000000070b600000, 0x000000070b800000|  0%| F|  |TAMS 0x000000070b600000, 0x000000070b600000| Untracked 
|  14|0x000000070b800000, 0x000000070b800000, 0x000000070ba00000|  0%| F|  |TAMS 0x000000070b800000, 0x000000070b800000| Untracked 
|  15|0x000000070ba00000, 0x000000070ba00000, 0x000000070bc00000|  0%| F|  |TAMS 0x000000070ba00000, 0x000000070ba00000| Untracked 
|  16|0x000000070bc00000, 0x000000070bc00000, 0x000000070be00000|  0%| F|  |TAMS 0x000000070bc00000, 0x000000070bc00000| Untracked 
|  17|0x000000070be00000, 0x000000070be00000, 0x000000070c000000|  0%| F|  |TAMS 0x000000070be00000, 0x000000070be00000| Untracked 
|  18|0x000000070c000000, 0x000000070c000000, 0x000000070c200000|  0%| F|  |TAMS 0x000000070c000000, 0x000000070c000000| Untracked 
|  19|0x000000070c200000, 0x000000070c200000, 0x000000070c400000|  0%| F|  |TAMS 0x000000070c200000, 0x000000070c200000| Untracked 
|  20|0x000000070c400000, 0x000000070c400000, 0x000000070c600000|  0%| F|  |TAMS 0x000000070c400000, 0x000000070c400000| Untracked 
|  21|0x000000070c600000, 0x000000070c600000, 0x000000070c800000|  0%| F|  |TAMS 0x000000070c600000, 0x000000070c600000| Untracked 
|  22|0x000000070c800000, 0x000000070c800000, 0x000000070ca00000|  0%| F|  |TAMS 0x000000070c800000, 0x000000070c800000| Untracked 
|  23|0x000000070ca00000, 0x000000070ca00000, 0x000000070cc00000|  0%| F|  |TAMS 0x000000070ca00000, 0x000000070ca00000| Untracked 
|  24|0x000000070cc00000, 0x000000070cc00000, 0x000000070ce00000|  0%| F|  |TAMS 0x000000070cc00000, 0x000000070cc00000| Untracked 
|  25|0x000000070ce00000, 0x000000070ce00000, 0x000000070d000000|  0%| F|  |TAMS 0x000000070ce00000, 0x000000070ce00000| Untracked 
|  26|0x000000070d000000, 0x000000070d000000, 0x000000070d200000|  0%| F|  |TAMS 0x000000070d000000, 0x000000070d000000| Untracked 
|  27|0x000000070d200000, 0x000000070d200000, 0x000000070d400000|  0%| F|  |TAMS 0x000000070d200000, 0x000000070d200000| Untracked 
|  28|0x000000070d400000, 0x000000070d400000, 0x000000070d600000|  0%| F|  |TAMS 0x000000070d400000, 0x000000070d400000| Untracked 
|  29|0x000000070d600000, 0x000000070d600000, 0x000000070d800000|  0%| F|  |TAMS 0x000000070d600000, 0x000000070d600000| Untracked 
|  30|0x000000070d800000, 0x000000070d800000, 0x000000070da00000|  0%| F|  |TAMS 0x000000070d800000, 0x000000070d800000| Untracked 
|  31|0x000000070da00000, 0x000000070da00000, 0x000000070dc00000|  0%| F|  |TAMS 0x000000070da00000, 0x000000070da00000| Untracked 
|  32|0x000000070dc00000, 0x000000070dc00000, 0x000000070de00000|  0%| F|  |TAMS 0x000000070dc00000, 0x000000070dc00000| Untracked 
|  33|0x000000070de00000, 0x000000070de00000, 0x000000070e000000|  0%| F|  |TAMS 0x000000070de00000, 0x000000070de00000| Untracked 
|  34|0x000000070e000000, 0x000000070e000000, 0x000000070e200000|  0%| F|  |TAMS 0x000000070e000000, 0x000000070e000000| Untracked 
|  35|0x000000070e200000, 0x000000070e200000, 0x000000070e400000|  0%| F|  |TAMS 0x000000070e200000, 0x000000070e200000| Untracked 
|  36|0x000000070e400000, 0x000000070e400000, 0x000000070e600000|  0%| F|  |TAMS 0x000000070e400000, 0x000000070e400000| Untracked 
|  37|0x000000070e600000, 0x000000070e600000, 0x000000070e800000|  0%| F|  |TAMS 0x000000070e600000, 0x000000070e600000| Untracked 
|  38|0x000000070e800000, 0x000000070e800000, 0x000000070ea00000|  0%| F|  |TAMS 0x000000070e800000, 0x000000070e800000| Untracked 
|  39|0x000000070ea00000, 0x000000070ea00000, 0x000000070ec00000|  0%| F|  |TAMS 0x000000070ea00000, 0x000000070ea00000| Untracked 
|  40|0x000000070ec00000, 0x000000070ec00000, 0x000000070ee00000|  0%| F|  |TAMS 0x000000070ec00000, 0x000000070ec00000| Untracked 
|  41|0x000000070ee00000, 0x000000070ee00000, 0x000000070f000000|  0%| F|  |TAMS 0x000000070ee00000, 0x000000070ee00000| Untracked 
|  42|0x000000070f000000, 0x000000070f000000, 0x000000070f200000|  0%| F|  |TAMS 0x000000070f000000, 0x000000070f000000| Untracked 
|  43|0x000000070f200000, 0x000000070f200000, 0x000000070f400000|  0%| F|  |TAMS 0x000000070f200000, 0x000000070f200000| Untracked 
|  44|0x000000070f400000, 0x000000070f400000, 0x000000070f600000|  0%| F|  |TAMS 0x000000070f400000, 0x000000070f400000| Untracked 
|  45|0x000000070f600000, 0x000000070f600000, 0x000000070f800000|  0%| F|  |TAMS 0x000000070f600000, 0x000000070f600000| Untracked 
|  46|0x000000070f800000, 0x000000070f800000, 0x000000070fa00000|  0%| F|  |TAMS 0x000000070f800000, 0x000000070f800000| Untracked 
|  47|0x000000070fa00000, 0x000000070fa00000, 0x000000070fc00000|  0%| F|  |TAMS 0x000000070fa00000, 0x000000070fa00000| Untracked 
|  48|0x000000070fc00000, 0x000000070fc00000, 0x000000070fe00000|  0%| F|  |TAMS 0x000000070fc00000, 0x000000070fc00000| Untracked 
|  49|0x000000070fe00000, 0x000000070fe00000, 0x0000000710000000|  0%| F|  |TAMS 0x000000070fe00000, 0x000000070fe00000| Untracked 
|  50|0x0000000710000000, 0x0000000710000000, 0x0000000710200000|  0%| F|  |TAMS 0x0000000710000000, 0x0000000710000000| Untracked 
|  51|0x0000000710200000, 0x0000000710200000, 0x0000000710400000|  0%| F|  |TAMS 0x0000000710200000, 0x0000000710200000| Untracked 
|  52|0x0000000710400000, 0x0000000710400000, 0x0000000710600000|  0%| F|  |TAMS 0x0000000710400000, 0x0000000710400000| Untracked 
|  53|0x0000000710600000, 0x0000000710600000, 0x0000000710800000|  0%| F|  |TAMS 0x0000000710600000, 0x0000000710600000| Untracked 
|  54|0x0000000710800000, 0x0000000710800000, 0x0000000710a00000|  0%| F|  |TAMS 0x0000000710800000, 0x0000000710800000| Untracked 
|  55|0x0000000710a00000, 0x0000000710a00000, 0x0000000710c00000|  0%| F|  |TAMS 0x0000000710a00000, 0x0000000710a00000| Untracked 
|  56|0x0000000710c00000, 0x0000000710c00000, 0x0000000710e00000|  0%| F|  |TAMS 0x0000000710c00000, 0x0000000710c00000| Untracked 
|  57|0x0000000710e00000, 0x0000000710e00000, 0x0000000711000000|  0%| F|  |TAMS 0x0000000710e00000, 0x0000000710e00000| Untracked 
|  58|0x0000000711000000, 0x0000000711000000, 0x0000000711200000|  0%| F|  |TAMS 0x0000000711000000, 0x0000000711000000| Untracked 
|  59|0x0000000711200000, 0x0000000711200000, 0x0000000711400000|  0%| F|  |TAMS 0x0000000711200000, 0x0000000711200000| Untracked 
|  60|0x0000000711400000, 0x0000000711400000, 0x0000000711600000|  0%| F|  |TAMS 0x0000000711400000, 0x0000000711400000| Untracked 
|  61|0x0000000711600000, 0x0000000711600000, 0x0000000711800000|  0%| F|  |TAMS 0x0000000711600000, 0x0000000711600000| Untracked 
|  62|0x0000000711800000, 0x0000000711800000, 0x0000000711a00000|  0%| F|  |TAMS 0x0000000711800000, 0x0000000711800000| Untracked 
|  63|0x0000000711a00000, 0x0000000711a00000, 0x0000000711c00000|  0%| F|  |TAMS 0x0000000711a00000, 0x0000000711a00000| Untracked 
|  64|0x0000000711c00000, 0x0000000711c00000, 0x0000000711e00000|  0%| F|  |TAMS 0x0000000711c00000, 0x0000000711c00000| Untracked 
|  65|0x0000000711e00000, 0x0000000711e00000, 0x0000000712000000|  0%| F|  |TAMS 0x0000000711e00000, 0x0000000711e00000| Untracked 
|  66|0x0000000712000000, 0x0000000712000000, 0x0000000712200000|  0%| F|  |TAMS 0x0000000712000000, 0x0000000712000000| Untracked 
|  67|0x0000000712200000, 0x0000000712200000, 0x0000000712400000|  0%| F|  |TAMS 0x0000000712200000, 0x0000000712200000| Untracked 
|  68|0x0000000712400000, 0x0000000712400000, 0x0000000712600000|  0%| F|  |TAMS 0x0000000712400000, 0x0000000712400000| Untracked 
|  69|0x0000000712600000, 0x0000000712600000, 0x0000000712800000|  0%| F|  |TAMS 0x0000000712600000, 0x0000000712600000| Untracked 
|  70|0x0000000712800000, 0x0000000712800000, 0x0000000712a00000|  0%| F|  |TAMS 0x0000000712800000, 0x0000000712800000| Untracked 
|  71|0x0000000712a00000, 0x0000000712a00000, 0x0000000712c00000|  0%| F|  |TAMS 0x0000000712a00000, 0x0000000712a00000| Untracked 
|  72|0x0000000712c00000, 0x0000000712c00000, 0x0000000712e00000|  0%| F|  |TAMS 0x0000000712c00000, 0x0000000712c00000| Untracked 
|  73|0x0000000712e00000, 0x0000000712e00000, 0x0000000713000000|  0%| F|  |TAMS 0x0000000712e00000, 0x0000000712e00000| Untracked 
|  74|0x0000000713000000, 0x0000000713000000, 0x0000000713200000|  0%| F|  |TAMS 0x0000000713000000, 0x0000000713000000| Untracked 
|  75|0x0000000713200000, 0x0000000713200000, 0x0000000713400000|  0%| F|  |TAMS 0x0000000713200000, 0x0000000713200000| Untracked 
|  76|0x0000000713400000, 0x0000000713400000, 0x0000000713600000|  0%| F|  |TAMS 0x0000000713400000, 0x0000000713400000| Untracked 
|  77|0x0000000713600000, 0x0000000713600000, 0x0000000713800000|  0%| F|  |TAMS 0x0000000713600000, 0x0000000713600000| Untracked 
|  78|0x0000000713800000, 0x0000000713800000, 0x0000000713a00000|  0%| F|  |TAMS 0x0000000713800000, 0x0000000713800000| Untracked 
|  79|0x0000000713a00000, 0x0000000713a00000, 0x0000000713c00000|  0%| F|  |TAMS 0x0000000713a00000, 0x0000000713a00000| Untracked 
|  80|0x0000000713c00000, 0x0000000713c00000, 0x0000000713e00000|  0%| F|  |TAMS 0x0000000713c00000, 0x0000000713c00000| Untracked 
|  81|0x0000000713e00000, 0x0000000713e00000, 0x0000000714000000|  0%| F|  |TAMS 0x0000000713e00000, 0x0000000713e00000| Untracked 
|  82|0x0000000714000000, 0x0000000714000000, 0x0000000714200000|  0%| F|  |TAMS 0x0000000714000000, 0x0000000714000000| Untracked 
|  83|0x0000000714200000, 0x0000000714200000, 0x0000000714400000|  0%| F|  |TAMS 0x0000000714200000, 0x0000000714200000| Untracked 
|  84|0x0000000714400000, 0x0000000714400000, 0x0000000714600000|  0%| F|  |TAMS 0x0000000714400000, 0x0000000714400000| Untracked 
|  85|0x0000000714600000, 0x0000000714600000, 0x0000000714800000|  0%| F|  |TAMS 0x0000000714600000, 0x0000000714600000| Untracked 
|  86|0x0000000714800000, 0x0000000714800000, 0x0000000714a00000|  0%| F|  |TAMS 0x0000000714800000, 0x0000000714800000| Untracked 
|  87|0x0000000714a00000, 0x0000000714a00000, 0x0000000714c00000|  0%| F|  |TAMS 0x0000000714a00000, 0x0000000714a00000| Untracked 
|  88|0x0000000714c00000, 0x0000000714c00000, 0x0000000714e00000|  0%| F|  |TAMS 0x0000000714c00000, 0x0000000714c00000| Untracked 
|  89|0x0000000714e00000, 0x0000000714e00000, 0x0000000715000000|  0%| F|  |TAMS 0x0000000714e00000, 0x0000000714e00000| Untracked 
|  90|0x0000000715000000, 0x0000000715000000, 0x0000000715200000|  0%| F|  |TAMS 0x0000000715000000, 0x0000000715000000| Untracked 
|  91|0x0000000715200000, 0x0000000715200000, 0x0000000715400000|  0%| F|  |TAMS 0x0000000715200000, 0x0000000715200000| Untracked 
|  92|0x0000000715400000, 0x0000000715400000, 0x0000000715600000|  0%| F|  |TAMS 0x0000000715400000, 0x0000000715400000| Untracked 
|  93|0x0000000715600000, 0x0000000715600000, 0x0000000715800000|  0%| F|  |TAMS 0x0000000715600000, 0x0000000715600000| Untracked 
|  94|0x0000000715800000, 0x0000000715800000, 0x0000000715a00000|  0%| F|  |TAMS 0x0000000715800000, 0x0000000715800000| Untracked 
|  95|0x0000000715a00000, 0x0000000715a00000, 0x0000000715c00000|  0%| F|  |TAMS 0x0000000715a00000, 0x0000000715a00000| Untracked 
|  96|0x0000000715c00000, 0x0000000715c00000, 0x0000000715e00000|  0%| F|  |TAMS 0x0000000715c00000, 0x0000000715c00000| Untracked 
|  97|0x0000000715e00000, 0x0000000715e00000, 0x0000000716000000|  0%| F|  |TAMS 0x0000000715e00000, 0x0000000715e00000| Untracked 
|  98|0x0000000716000000, 0x0000000716000000, 0x0000000716200000|  0%| F|  |TAMS 0x0000000716000000, 0x0000000716000000| Untracked 
|  99|0x0000000716200000, 0x0000000716200000, 0x0000000716400000|  0%| F|  |TAMS 0x0000000716200000, 0x0000000716200000| Untracked 
| 100|0x0000000716400000, 0x0000000716400000, 0x0000000716600000|  0%| F|  |TAMS 0x0000000716400000, 0x0000000716400000| Untracked 
| 101|0x0000000716600000, 0x0000000716600000, 0x0000000716800000|  0%| F|  |TAMS 0x0000000716600000, 0x0000000716600000| Untracked 
| 102|0x0000000716800000, 0x0000000716800000, 0x0000000716a00000|  0%| F|  |TAMS 0x0000000716800000, 0x0000000716800000| Untracked 
| 103|0x0000000716a00000, 0x0000000716b3c888, 0x0000000716c00000| 61%| E|  |TAMS 0x0000000716a00000, 0x0000000716a00000| Complete 
| 104|0x0000000716c00000, 0x0000000716e00000, 0x0000000716e00000|100%| E|CS|TAMS 0x0000000716c00000, 0x0000000716c00000| Complete 
| 105|0x0000000716e00000, 0x0000000717000000, 0x0000000717000000|100%| E|CS|TAMS 0x0000000716e00000, 0x0000000716e00000| Complete 
| 106|0x0000000717000000, 0x0000000717200000, 0x0000000717200000|100%| E|CS|TAMS 0x0000000717000000, 0x0000000717000000| Complete 
| 107|0x0000000717200000, 0x0000000717400000, 0x0000000717400000|100%| E|CS|TAMS 0x0000000717200000, 0x0000000717200000| Complete 
| 108|0x0000000717400000, 0x0000000717600000, 0x0000000717600000|100%| E|CS|TAMS 0x0000000717400000, 0x0000000717400000| Complete 
| 109|0x0000000717600000, 0x0000000717800000, 0x0000000717800000|100%| E|CS|TAMS 0x0000000717600000, 0x0000000717600000| Complete 
| 110|0x0000000717800000, 0x0000000717a00000, 0x0000000717a00000|100%| E|CS|TAMS 0x0000000717800000, 0x0000000717800000| Complete 
| 111|0x0000000717a00000, 0x0000000717c00000, 0x0000000717c00000|100%| E|CS|TAMS 0x0000000717a00000, 0x0000000717a00000| Complete 
| 112|0x0000000717c00000, 0x0000000717e00000, 0x0000000717e00000|100%| E|CS|TAMS 0x0000000717c00000, 0x0000000717c00000| Complete 
| 113|0x0000000717e00000, 0x0000000717fc0110, 0x0000000718000000| 87%| S|CS|TAMS 0x0000000717e00000, 0x0000000717e00000| Complete 
| 114|0x0000000718000000, 0x0000000718200000, 0x0000000718200000|100%| E|CS|TAMS 0x0000000718000000, 0x0000000718000000| Complete 
| 115|0x0000000718200000, 0x0000000718400000, 0x0000000718400000|100%| E|CS|TAMS 0x0000000718200000, 0x0000000718200000| Complete 
| 116|0x0000000718400000, 0x0000000718600000, 0x0000000718600000|100%| E|CS|TAMS 0x0000000718400000, 0x0000000718400000| Complete 
| 117|0x0000000718600000, 0x0000000718800000, 0x0000000718800000|100%| E|CS|TAMS 0x0000000718600000, 0x0000000718600000| Complete 
| 118|0x0000000718800000, 0x0000000718a00000, 0x0000000718a00000|100%| E|CS|TAMS 0x0000000718800000, 0x0000000718800000| Complete 
| 119|0x0000000718a00000, 0x0000000718c00000, 0x0000000718c00000|100%| E|CS|TAMS 0x0000000718a00000, 0x0000000718a00000| Complete 
| 120|0x0000000718c00000, 0x0000000718e00000, 0x0000000718e00000|100%| E|CS|TAMS 0x0000000718c00000, 0x0000000718c00000| Complete 
| 121|0x0000000718e00000, 0x0000000719000000, 0x0000000719000000|100%| E|CS|TAMS 0x0000000718e00000, 0x0000000718e00000| Complete 
| 122|0x0000000719000000, 0x0000000719200000, 0x0000000719200000|100%| E|CS|TAMS 0x0000000719000000, 0x0000000719000000| Complete 
| 123|0x0000000719200000, 0x0000000719400000, 0x0000000719400000|100%| E|CS|TAMS 0x0000000719200000, 0x0000000719200000| Complete 

Card table byte_map: [0x00000289c33b0000,0x00000289c3b70000] _byte_map_base: 0x00000289bfb62000

Marking Bits (Prev, Next): (CMBitMap*) 0x00000289abb39e20, (CMBitMap*) 0x00000289abb39e60
 Prev Bits: [0x00000289c4330000, 0x00000289c80c0000)
 Next Bits: [0x00000289c80c0000, 0x00000289cbe50000)

Polling page: 0x00000289a99d0000

Metaspace:

Usage:
  Non-class:     15.77 MB used.
      Class:      2.27 MB used.
       Both:     18.05 MB used.

Virtual space:
  Non-class space:       64.00 MB reserved,      15.88 MB ( 25%) committed,  1 nodes.
      Class space:        1.00 GB reserved,       2.38 MB ( <1%) committed,  1 nodes.
             Both:        1.06 GB reserved,      18.25 MB (  2%) committed. 

Chunk freelists:
   Non-Class:  15.25 MB
       Class:  13.47 MB
        Both:  28.72 MB

MaxMetaspaceSize: unlimited
CompressedClassSpaceSize: 1.00 GB
Initial GC threshold: 21.00 MB
Current GC threshold: 21.00 MB
CDS: on
MetaspaceReclaimPolicy: balanced
 - commit_granule_bytes: 65536.
 - commit_granule_words: 8192.
 - virtual_space_node_default_size: 8388608.
 - enlarge_chunks_in_place: 1.
 - new_chunks_are_fully_committed: 0.
 - uncommit_free_chunks: 1.
 - use_allocation_guard: 0.
 - handle_deallocations: 1.


Internal statistics:

num_allocs_failed_limit: 0.
num_arena_births: 150.
num_arena_deaths: 0.
num_vsnodes_births: 2.
num_vsnodes_deaths: 0.
num_space_committed: 292.
num_space_uncommitted: 0.
num_chunks_returned_to_freelist: 0.
num_chunks_taken_from_freelist: 784.
num_chunk_merges: 0.
num_chunk_splits: 539.
num_chunks_enlarged: 430.
num_inconsistent_stats: 0.

CodeHeap 'non-profiled nmethods': size=119168Kb used=936Kb max_used=936Kb free=118232Kb
 bounds [0x00000289baf10000, 0x00000289bb180000, 0x00000289c2370000]
CodeHeap 'profiled nmethods': size=119104Kb used=4801Kb max_used=4801Kb free=114302Kb
 bounds [0x00000289b3370000, 0x00000289b3830000, 0x00000289ba7c0000]
CodeHeap 'non-nmethods': size=7488Kb used=2309Kb max_used=2922Kb free=5178Kb
 bounds [0x00000289ba7c0000, 0x00000289baaa0000, 0x00000289baf10000]
 total_blobs=2862 nmethods=2389 adapters=383
 compilation: enabled
              stopped_count=0, restarted_count=0
 full_count=0

Compilation events (20 events):
Event: 2.120 Thread 0x0000028a102b1440 2375       3       org.springframework.core.annotation.AnnotationsScanner::getDeclaredAnnotations (55 bytes)
Event: 2.121 Thread 0x0000028a102b1440 nmethod 2375 0x00000289b380fe10 code [0x00000289b3810020, 0x00000289b3810928]
Event: 2.122 Thread 0x0000028a102b1440 2376       3       java.lang.invoke.MethodHandles$Lookup::findBoundCallerLookup (30 bytes)
Event: 2.122 Thread 0x00000289ceaf4920 2377       3       java.lang.invoke.MethodHandles$Lookup::getDirectMethodCommon (280 bytes)
Event: 2.122 Thread 0x0000028a102d4f20 2378       3       java.lang.invoke.MethodHandles$Lookup::checkMethod (87 bytes)
Event: 2.122 Thread 0x0000028a1090a0b0 2379       3       java.lang.invoke.MethodHandles$Lookup::maybeBindCaller (72 bytes)
Event: 2.124 Thread 0x0000028a102b1440 nmethod 2376 0x00000289b3810b10 code [0x00000289b3810d20, 0x00000289b38114d8]
Event: 2.124 Thread 0x0000028a102d4f20 nmethod 2378 0x00000289b3811790 code [0x00000289b38119a0, 0x00000289b3812118]
Event: 2.124 Thread 0x0000028a1090a0b0 nmethod 2379 0x00000289b3812390 code [0x00000289b38125c0, 0x00000289b3812e88]
Event: 2.125 Thread 0x00000289ceaf4920 nmethod 2377 0x00000289b3813190 code [0x00000289b38134a0, 0x00000289b3814558]
Event: 2.131 Thread 0x0000028a1090a0b0 2380       3       java.util.Arrays::asList (9 bytes)
Event: 2.131 Thread 0x0000028a102d4f20 2381       3       java.util.Arrays$ArrayList::<init> (16 bytes)
Event: 2.131 Thread 0x0000028a102d4f20 nmethod 2381 0x00000289b3814b10 code [0x00000289b3814ce0, 0x00000289b38150c8]
Event: 2.131 Thread 0x0000028a1090a0b0 nmethod 2380 0x00000289b3815290 code [0x00000289b3815460, 0x00000289b38158e8]
Event: 2.134 Thread 0x00000289ceae3200 nmethod 2313 0x00000289bafed610 code [0x00000289bafed820, 0x00000289bafefaf8]
Event: 2.134 Thread 0x00000289ceae3200 2362 %     4       java.util.Properties$LineReader::readLine @ 53 (584 bytes)
Event: 2.146 Thread 0x00000289ceaf4920 2383       3       java.lang.NamedPackage::<init> (59 bytes)
Event: 2.148 Thread 0x00000289ceaf4920 nmethod 2383 0x00000289b3815a90 code [0x00000289b3815d20, 0x00000289b3816838]
Event: 2.148 Thread 0x00000289ceaf4920 2384       3       java.util.jar.JarFile::getManEntry (39 bytes)
Event: 2.148 Thread 0x00000289ceaf4920 nmethod 2384 0x00000289b3816c10 code [0x00000289b3816de0, 0x00000289b38171b8]

GC Heap History (4 events):
Event: 1.059 GC heap before
{Heap before GC invocations=0 (full 0):
 garbage-first heap   total 253952K, used 20480K [0x0000000709c00000, 0x0000000800000000)
  region size 2048K, 11 young (22528K), 0 survivors (0K)
 Metaspace       used 4915K, committed 5056K, reserved 1114112K
  class space    used 547K, committed 640K, reserved 1048576K
}
Event: 1.064 GC heap after
{Heap after GC invocations=1 (full 0):
 garbage-first heap   total 253952K, used 9048K [0x0000000709c00000, 0x0000000800000000)
  region size 2048K, 2 young (4096K), 2 survivors (4096K)
 Metaspace       used 4915K, committed 5056K, reserved 1114112K
  class space    used 547K, committed 640K, reserved 1048576K
}
Event: 1.452 GC heap before
{Heap before GC invocations=1 (full 0):
 garbage-first heap   total 253952K, used 27480K [0x0000000709c00000, 0x0000000800000000)
  region size 2048K, 12 young (24576K), 2 survivors (4096K)
 Metaspace       used 10279K, committed 10432K, reserved 1114112K
  class space    used 1370K, committed 1472K, reserved 1048576K
}
Event: 1.456 GC heap after
{Heap after GC invocations=2 (full 0):
 garbage-first heap   total 253952K, used 11051K [0x0000000709c00000, 0x0000000800000000)
  region size 2048K, 1 young (2048K), 1 survivors (2048K)
 Metaspace       used 10279K, committed 10432K, reserved 1114112K
  class space    used 1370K, committed 1472K, reserved 1048576K
}

Deoptimization events (20 events):
Event: 1.764 Thread 0x00000289abac6fe0 DEOPT PACKING pc=0x00000289baf3ce4c sp=0x0000008cea8fe3c0
Event: 1.764 Thread 0x00000289abac6fe0 DEOPT UNPACKING pc=0x00000289ba8123a3 sp=0x0000008cea8fe350 mode 2
Event: 1.857 Thread 0x00000289abac6fe0 Uncommon trap: trap_request=0xffffff45 fr.pc=0x00000289bafb4880 relative=0x0000000000000ea0
Event: 1.857 Thread 0x00000289abac6fe0 Uncommon trap: reason=unstable_if action=reinterpret pc=0x00000289bafb4880 method=jdk.internal.org.objectweb.asm.SymbolTable.put(Ljdk/internal/org/objectweb/asm/SymbolTable$Entry;)Ljdk/internal/org/objectweb/asm/SymbolTable$Entry; @ 13 c2
Event: 1.857 Thread 0x00000289abac6fe0 DEOPT PACKING pc=0x00000289bafb4880 sp=0x0000008cea8fd180
Event: 1.857 Thread 0x00000289abac6fe0 DEOPT UNPACKING pc=0x00000289ba8123a3 sp=0x0000008cea8fd0d8 mode 2
Event: 2.092 Thread 0x00000289abac6fe0 Uncommon trap: trap_request=0xffffffc6 fr.pc=0x00000289bafaeb74 relative=0x0000000000000854
Event: 2.092 Thread 0x00000289abac6fe0 Uncommon trap: reason=bimorphic_or_optimized_type_check action=maybe_recompile pc=0x00000289bafaeb74 method=java.util.HashMap.putVal(ILjava/lang/Object;Ljava/lang/Object;ZZ)Ljava/lang/Object; @ 91 c2
Event: 2.092 Thread 0x00000289abac6fe0 DEOPT PACKING pc=0x00000289bafaeb74 sp=0x0000008cea8febd0
Event: 2.092 Thread 0x00000289abac6fe0 DEOPT UNPACKING pc=0x00000289ba8123a3 sp=0x0000008cea8feae0 mode 2
Event: 2.092 Thread 0x00000289abac6fe0 Uncommon trap: trap_request=0xffffffc6 fr.pc=0x00000289bafaeb74 relative=0x0000000000000854
Event: 2.092 Thread 0x00000289abac6fe0 Uncommon trap: reason=bimorphic_or_optimized_type_check action=maybe_recompile pc=0x00000289bafaeb74 method=java.util.HashMap.putVal(ILjava/lang/Object;Ljava/lang/Object;ZZ)Ljava/lang/Object; @ 91 c2
Event: 2.092 Thread 0x00000289abac6fe0 DEOPT PACKING pc=0x00000289bafaeb74 sp=0x0000008cea8fec20
Event: 2.092 Thread 0x00000289abac6fe0 DEOPT UNPACKING pc=0x00000289ba8123a3 sp=0x0000008cea8feb30 mode 2
Event: 2.092 Thread 0x00000289abac6fe0 Uncommon trap: trap_request=0xffffffc6 fr.pc=0x00000289bafaeb74 relative=0x0000000000000854
Event: 2.092 Thread 0x00000289abac6fe0 Uncommon trap: reason=bimorphic_or_optimized_type_check action=maybe_recompile pc=0x00000289bafaeb74 method=java.util.HashMap.putVal(ILjava/lang/Object;Ljava/lang/Object;ZZ)Ljava/lang/Object; @ 91 c2
Event: 2.092 Thread 0x00000289abac6fe0 DEOPT PACKING pc=0x00000289bafaeb74 sp=0x0000008cea8fec60
Event: 2.092 Thread 0x00000289abac6fe0 DEOPT UNPACKING pc=0x00000289ba8123a3 sp=0x0000008cea8feb70 mode 2
Event: 2.107 Thread 0x00000289abac6fe0 DEOPT PACKING pc=0x00000289b380aed5 sp=0x0000008cea8fea00
Event: 2.107 Thread 0x00000289abac6fe0 DEOPT UNPACKING pc=0x00000289ba812b43 sp=0x0000008cea8fdf28 mode 0

Classes unloaded (0 events):
No events

Classes redefined (0 events):
No events

Internal exceptions (20 events):
Event: 1.716 Thread 0x00000289abac6fe0 Exception <a 'java/lang/ClassNotFoundException'{0x0000000718312b88}: java/lang/ObjectCustomizer> (0x0000000718312b88) 
thrown [s\open\src\hotspot\share\classfile\systemDictionary.cpp, line 256]
Event: 1.718 Thread 0x00000289abac6fe0 Exception <a 'java/lang/NoSuchMethodError'{0x0000000718316ed0}: 'java.lang.Object java.lang.invoke.DirectMethodHandle$Holder.invokeInterface(java.lang.Object, java.lang.Object)'> (0x0000000718316ed0) 
thrown [s\open\src\hotspot\share\interpreter\linkResolver.cpp, line 759]
Event: 1.718 Thread 0x00000289abac6fe0 Exception <a 'java/lang/IncompatibleClassChangeError'{0x000000071831a6c8}: Found class java.lang.Object, but interface was expected> (0x000000071831a6c8) 
thrown [s\open\src\hotspot\share\interpreter\linkResolver.cpp, line 826]
Event: 1.722 Thread 0x00000289abac6fe0 Exception <a 'java/lang/ClassNotFoundException'{0x00000007183278e8}: org/springframework/context/annotation/ConfigurationClassPostProcessorCustomizer> (0x00000007183278e8) 
thrown [s\open\src\hotspot\share\classfile\systemDictionary.cpp, line 256]
Event: 1.732 Thread 0x00000289abac6fe0 Exception <a 'java/lang/ClassNotFoundException'{0x0000000718095348}: org/springframework/beans/factory/support/BeanDefinitionRegistryPostProcessorCustomizer> (0x0000000718095348) 
thrown [s\open\src\hotspot\share\classfile\systemDictionary.cpp, line 256]
Event: 1.733 Thread 0x00000289abac6fe0 Exception <a 'java/lang/ClassNotFoundException'{0x00000007180996f0}: org/springframework/beans/factory/config/BeanFactoryPostProcessorCustomizer> (0x00000007180996f0) 
thrown [s\open\src\hotspot\share\classfile\systemDictionary.cpp, line 256]
Event: 1.734 Thread 0x00000289abac6fe0 Exception <a 'java/lang/ClassNotFoundException'{0x000000071809d928}: org/springframework/core/PriorityOrderedCustomizer> (0x000000071809d928) 
thrown [s\open\src\hotspot\share\classfile\systemDictionary.cpp, line 256]
Event: 1.734 Thread 0x00000289abac6fe0 Exception <a 'java/lang/ClassNotFoundException'{0x00000007180a07e8}: org/springframework/core/OrderedCustomizer> (0x00000007180a07e8) 
thrown [s\open\src\hotspot\share\classfile\systemDictionary.cpp, line 256]
Event: 1.735 Thread 0x00000289abac6fe0 Exception <a 'java/lang/ClassNotFoundException'{0x00000007180a4888}: org/springframework/context/ResourceLoaderAwareCustomizer> (0x00000007180a4888) 
thrown [s\open\src\hotspot\share\classfile\systemDictionary.cpp, line 256]
Event: 1.735 Thread 0x00000289abac6fe0 Exception <a 'java/lang/ClassNotFoundException'{0x00000007180a8aa8}: org/springframework/beans/factory/AwareCustomizer> (0x00000007180a8aa8) 
thrown [s\open\src\hotspot\share\classfile\systemDictionary.cpp, line 256]
Event: 1.735 Thread 0x00000289abac6fe0 Exception <a 'java/lang/ClassNotFoundException'{0x00000007180abd50}: org/springframework/beans/factory/BeanClassLoaderAwareCustomizer> (0x00000007180abd50) 
thrown [s\open\src\hotspot\share\classfile\systemDictionary.cpp, line 256]
Event: 1.736 Thread 0x00000289abac6fe0 Exception <a 'java/lang/ClassNotFoundException'{0x00000007180aff58}: org/springframework/beans/factory/AwareCustomizer> (0x00000007180aff58) 
thrown [s\open\src\hotspot\share\classfile\systemDictionary.cpp, line 256]
Event: 1.736 Thread 0x00000289abac6fe0 Exception <a 'java/lang/ClassNotFoundException'{0x00000007180b2ed0}: org/springframework/context/EnvironmentAwareCustomizer> (0x00000007180b2ed0) 
thrown [s\open\src\hotspot\share\classfile\systemDictionary.cpp, line 256]
Event: 1.736 Thread 0x00000289abac6fe0 Exception <a 'java/lang/ClassNotFoundException'{0x00000007180b7048}: org/springframework/beans/factory/AwareCustomizer> (0x00000007180b7048) 
thrown [s\open\src\hotspot\share\classfile\systemDictionary.cpp, line 256]
Event: 1.823 Thread 0x0000028a155e6930 Exception <a 'java/lang/NoSuchMethodError'{0x00000007179e0fb0}: 'long java.lang.invoke.DirectMethodHandle$Holder.invokeSpecial(java.lang.Object, java.lang.Object)'> (0x00000007179e0fb0) 
thrown [s\open\src\hotspot\share\interpreter\linkResolver.cpp, line 759]
Event: 1.828 Thread 0x0000028a155e6930 Exception <a 'java/lang/NoSuchMethodError'{0x00000007179ec1d8}: 'long java.lang.invoke.DirectMethodHandle$Holder.invokeStatic(java.lang.Object, java.lang.Object)'> (0x00000007179ec1d8) 
thrown [s\open\src\hotspot\share\interpreter\linkResolver.cpp, line 759]
Event: 1.828 Thread 0x0000028a155e6930 Exception <a 'java/lang/NoSuchMethodError'{0x00000007179ef7d8}: 'long java.lang.invoke.DirectMethodHandle$Holder.invokeStaticInit(java.lang.Object, java.lang.Object)'> (0x00000007179ef7d8) 
thrown [s\open\src\hotspot\share\interpreter\linkResolver.cpp, line 759]
Event: 1.832 Thread 0x0000028a155e6930 Exception <a 'java/lang/NoSuchMethodError'{0x00000007179fd610}: 'long java.lang.invoke.DirectMethodHandle$Holder.invokeInterface(java.lang.Object, java.lang.Object)'> (0x00000007179fd610) 
thrown [s\open\src\hotspot\share\interpreter\linkResolver.cpp, line 759]
Event: 1.832 Thread 0x0000028a155e6930 Exception <a 'java/lang/IncompatibleClassChangeError'{0x0000000717601040}: Found class java.lang.Object, but interface was expected> (0x0000000717601040) 
thrown [s\open\src\hotspot\share\interpreter\linkResolver.cpp, line 826]
Event: 1.851 Thread 0x0000028a155e6930 Exception <a 'java/lang/NoSuchMethodError'{0x0000000717661428}: 'java.lang.Object java.lang.invoke.DirectMethodHandle$Holder.invokeVirtual(java.lang.Object, java.lang.Object, java.lang.Object, java.lang.Object)'> (0x0000000717661428) 
thrown [s\open\src\hotspot\share\interpreter\linkResolver.cpp, line 759]

VM Operations (20 events):
Event: 0.963 Executing VM operation: HandshakeAllThreads done
Event: 1.059 Executing VM operation: G1CollectForAllocation
Event: 1.064 Executing VM operation: G1CollectForAllocation done
Event: 1.227 Executing VM operation: HandshakeAllThreads
Event: 1.227 Executing VM operation: HandshakeAllThreads done
Event: 1.231 Executing VM operation: HandshakeAllThreads
Event: 1.231 Executing VM operation: HandshakeAllThreads done
Event: 1.391 Executing VM operation: HandshakeAllThreads
Event: 1.391 Executing VM operation: HandshakeAllThreads done
Event: 1.451 Executing VM operation: G1CollectForAllocation
Event: 1.456 Executing VM operation: G1CollectForAllocation done
Event: 1.684 Executing VM operation: HandshakeAllThreads
Event: 1.684 Executing VM operation: HandshakeAllThreads done
Event: 1.720 Executing VM operation: HandshakeAllThreads
Event: 1.720 Executing VM operation: HandshakeAllThreads done
Event: 1.753 Executing VM operation: HandshakeAllThreads
Event: 1.753 Executing VM operation: HandshakeAllThreads done
Event: 1.884 Executing VM operation: ICBufferFull
Event: 1.884 Executing VM operation: ICBufferFull done
Event: 2.889 Executing VM operation: Cleanup

Events (20 events):
Event: 1.721 loading class java/beans/SimpleBeanInfo done
Event: 1.721 loading class java/beans/GenericBeanInfo done
Event: 1.722 loading class java/util/Hashtable$EntrySet
Event: 1.723 loading class java/util/Hashtable$EntrySet done
Event: 1.765 loading class java/util/regex/Pattern$LazyLoop
Event: 1.765 loading class java/util/regex/Pattern$LazyLoop done
Event: 1.765 loading class java/util/regex/Pattern$SliceS
Event: 1.765 loading class java/util/regex/Pattern$SliceS done
Event: 1.810 loading class java/time/DateTimeException
Event: 1.811 loading class java/time/DateTimeException done
Event: 1.825 Thread 0x0000028a160fb440 Thread added: 0x0000028a160fb440
Event: 1.869 Thread 0x0000028a155e6930 Thread exited: 0x0000028a155e6930
Event: 1.870 loading class java/lang/TypeNotPresentException
Event: 1.870 loading class java/lang/TypeNotPresentException done
Event: 1.993 Thread 0x0000028a160fb440 Thread exited: 0x0000028a160fb440
Event: 2.124 Thread 0x0000028a163d0970 Thread added: 0x0000028a163d0970
Event: 2.151 loading class javax/naming/ldap/LdapContext
Event: 2.151 loading class javax/naming/directory/DirContext
Event: 2.151 loading class javax/naming/directory/DirContext done
Event: 2.151 loading class javax/naming/ldap/LdapContext done


Dynamic libraries:
0x00007ff621060000 - 0x00007ff621070000 	C:\Program Files\Java\jdk-17\bin\java.exe
0x00007ffbc58e0000 - 0x00007ffbc5b40000 	C:\WINDOWS\SYSTEM32\ntdll.dll
0x00007ffbc4d10000 - 0x00007ffbc4dd7000 	C:\WINDOWS\System32\KERNEL32.DLL
0x00007ffbc3030000 - 0x00007ffbc33fa000 	C:\WINDOWS\System32\KERNELBASE.dll
0x00007ffbc2b80000 - 0x00007ffbc2ccb000 	C:\WINDOWS\System32\ucrtbase.dll
0x00007ffbb5660000 - 0x00007ffbb5679000 	C:\Program Files\Java\jdk-17\bin\jli.dll
0x00007ffbb2d10000 - 0x00007ffbb2d2b000 	C:\Program Files\Java\jdk-17\bin\VCRUNTIME140.dll
0x00007ffbc47b0000 - 0x00007ffbc4862000 	C:\WINDOWS\System32\ADVAPI32.dll
0x00007ffbc46f0000 - 0x00007ffbc4799000 	C:\WINDOWS\System32\msvcrt.dll
0x00007ffbc4880000 - 0x00007ffbc4926000 	C:\WINDOWS\System32\sechost.dll
0x00007ffbc4960000 - 0x00007ffbc4a76000 	C:\WINDOWS\System32\RPCRT4.dll
0x00007ffbc3880000 - 0x00007ffbc3a4c000 	C:\WINDOWS\System32\USER32.dll
0x00007ffbadf60000 - 0x00007ffbae1f7000 	C:\WINDOWS\WinSxS\amd64_microsoft.windows.common-controls_6595b64144ccf1df_6.0.26100.3624_none_3e086962e3345f24\COMCTL32.dll
0x00007ffbc2b50000 - 0x00007ffbc2b77000 	C:\WINDOWS\System32\win32u.dll
0x00007ffbc4930000 - 0x00007ffbc495a000 	C:\WINDOWS\System32\GDI32.dll
0x00007ffbc2ef0000 - 0x00007ffbc3021000 	C:\WINDOWS\System32\gdi32full.dll
0x00007ffbc2cd0000 - 0x00007ffbc2d73000 	C:\WINDOWS\System32\msvcp_win.dll
0x00007ffbbc920000 - 0x00007ffbbc92b000 	C:\WINDOWS\SYSTEM32\VERSION.dll
0x00007ffbc3a50000 - 0x00007ffbc3a7f000 	C:\WINDOWS\System32\IMM32.DLL
0x00007ffbb5cf0000 - 0x00007ffbb5cfc000 	C:\Program Files\Java\jdk-17\bin\vcruntime140_1.dll
0x00007ffb90020000 - 0x00007ffb900ae000 	C:\Program Files\Java\jdk-17\bin\msvcp140.dll
0x00007ffb26910000 - 0x00007ffb274f0000 	C:\Program Files\Java\jdk-17\bin\server\jvm.dll
0x00007ffbc4d00000 - 0x00007ffbc4d08000 	C:\WINDOWS\System32\PSAPI.DLL
0x00007ffbb29e0000 - 0x00007ffbb29ea000 	C:\WINDOWS\SYSTEM32\WSOCK32.dll
0x00007ffbbc8e0000 - 0x00007ffbbc916000 	C:\WINDOWS\SYSTEM32\WINMM.dll
0x00007ffbc3a90000 - 0x00007ffbc3b04000 	C:\WINDOWS\System32\WS2_32.dll
0x00007ffbc18d0000 - 0x00007ffbc18ea000 	C:\WINDOWS\SYSTEM32\kernel.appcore.dll
0x00007ffbb5790000 - 0x00007ffbb579a000 	C:\Program Files\Java\jdk-17\bin\jimage.dll
0x00007ffbb6840000 - 0x00007ffbb6a81000 	C:\WINDOWS\SYSTEM32\DBGHELP.DLL
0x00007ffbc4df0000 - 0x00007ffbc5172000 	C:\WINDOWS\System32\combase.dll
0x00007ffbc5200000 - 0x00007ffbc52d6000 	C:\WINDOWS\System32\OLEAUT32.dll
0x00007ffbab590000 - 0x00007ffbab5c9000 	C:\WINDOWS\SYSTEM32\dbgcore.DLL
0x00007ffbc34c0000 - 0x00007ffbc3559000 	C:\WINDOWS\System32\bcryptPrimitives.dll
0x00007ffba76e0000 - 0x00007ffba7705000 	C:\Program Files\Java\jdk-17\bin\java.dll
0x00007ffb875e0000 - 0x00007ffb876b7000 	C:\Program Files\Java\jdk-17\bin\jsvml.dll
0x00007ffbc3b30000 - 0x00007ffbc4259000 	C:\WINDOWS\System32\SHELL32.dll
0x00007ffbc2d80000 - 0x00007ffbc2ee8000 	C:\WINDOWS\System32\wintypes.dll
0x00007ffbc0740000 - 0x00007ffbc0f92000 	C:\WINDOWS\SYSTEM32\windows.storage.dll
0x00007ffbc5600000 - 0x00007ffbc56ed000 	C:\WINDOWS\System32\SHCORE.dll
0x00007ffbc4a80000 - 0x00007ffbc4ae4000 	C:\WINDOWS\System32\shlwapi.dll
0x00007ffbc29d0000 - 0x00007ffbc29ff000 	C:\WINDOWS\SYSTEM32\profapi.dll
0x00007ffbb2b10000 - 0x00007ffbb2b29000 	C:\Program Files\Java\jdk-17\bin\net.dll
0x00007ffbbc650000 - 0x00007ffbbc76d000 	C:\WINDOWS\SYSTEM32\WINHTTP.dll
0x00007ffbc1df0000 - 0x00007ffbc1e5a000 	C:\WINDOWS\system32\mswsock.dll
0x00007ffba8d30000 - 0x00007ffba8d46000 	C:\Program Files\Java\jdk-17\bin\nio.dll
0x00007ffba78c0000 - 0x00007ffba78d8000 	C:\Program Files\Java\jdk-17\bin\zip.dll
0x00007ffbb2d00000 - 0x00007ffbb2d10000 	C:\Program Files\Java\jdk-17\bin\verify.dll
0x00007ffbb0860000 - 0x00007ffbb086a000 	C:\Program Files\Java\jdk-17\bin\management.dll
0x00007ffbad710000 - 0x00007ffbad71b000 	C:\Program Files\Java\jdk-17\bin\management_ext.dll
0x00007ffba5920000 - 0x00007ffba5938000 	C:\WINDOWS\system32\napinsp.dll
0x00007ffbc13b0000 - 0x00007ffbc14d5000 	C:\WINDOWS\SYSTEM32\DNSAPI.dll
0x00007ffbc1310000 - 0x00007ffbc1343000 	C:\WINDOWS\SYSTEM32\IPHLPAPI.DLL
0x00007ffbc47a0000 - 0x00007ffbc47aa000 	C:\WINDOWS\System32\NSI.dll
0x00007ffbad7c0000 - 0x00007ffbad7d2000 	C:\WINDOWS\System32\winrnr.dll
0x00007ffbad780000 - 0x00007ffbad7b0000 	C:\WINDOWS\system32\nlansp_c.dll
0x00007ffbad7e0000 - 0x00007ffbad7f6000 	C:\WINDOWS\system32\wshbth.dll
0x00007ffbb9540000 - 0x00007ffbb954b000 	C:\Windows\System32\rasadhlp.dll
0x00007ffbbcd30000 - 0x00007ffbbcdb5000 	C:\WINDOWS\System32\fwpuclnt.dll

dbghelp: loaded successfully - version: 4.0.5 - missing functions: none
symbol engine: initialized successfully - sym options: 0x614 - pdb path: .;C:\Program Files\Java\jdk-17\bin;C:\WINDOWS\SYSTEM32;C:\WINDOWS\WinSxS\amd64_microsoft.windows.common-controls_6595b64144ccf1df_6.0.26100.3624_none_3e086962e3345f24;C:\Program Files\Java\jdk-17\bin\server

VM Arguments:
jvm_args: -XX:+ShowCodeDetailsInExceptionMessages 
java_command: com.laptrinhoop.WebSalesApplication
java_class_path (initial): F:\Website\GROUP_12\target\classes;C:\Users\MSI\.m2\repository\org\apache\logging\log4j\log4j-core\2.11.1\log4j-core-2.11.1.jar;C:\Users\MSI\.m2\repository\org\apache\logging\log4j\log4j-api\2.12.1\log4j-api-2.12.1.jar;C:\Users\MSI\.m2\repository\org\springframework\boot\spring-boot-starter-amqp\2.2.1.RELEASE\spring-boot-starter-amqp-2.2.1.RELEASE.jar;C:\Users\MSI\.m2\repository\org\springframework\boot\spring-boot-starter\2.2.1.RELEASE\spring-boot-starter-2.2.1.RELEASE.jar;C:\Users\MSI\.m2\repository\org\springframework\boot\spring-boot\2.2.1.RELEASE\spring-boot-2.2.1.RELEASE.jar;C:\Users\MSI\.m2\repository\org\springframework\boot\spring-boot-autoconfigure\2.2.1.RELEASE\spring-boot-autoconfigure-2.2.1.RELEASE.jar;C:\Users\MSI\.m2\repository\org\springframework\boot\spring-boot-starter-logging\2.2.1.RELEASE\spring-boot-starter-logging-2.2.1.RELEASE.jar;C:\Users\MSI\.m2\repository\ch\qos\logback\logback-classic\1.2.3\logback-classic-1.2.3.jar;C:\Users\MSI\.m2\repository\ch\qos\logback\logback-core\1.2.3\logback-core-1.2.3.jar;C:\Users\MSI\.m2\repository\org\apache\logging\log4j\log4j-to-slf4j\2.12.1\log4j-to-slf4j-2.12.1.jar;C:\Users\MSI\.m2\repository\org\slf4j\jul-to-slf4j\1.7.29\jul-to-slf4j-1.7.29.jar;C:\Users\MSI\.m2\repository\org\yaml\snakeyaml\1.25\snakeyaml-1.25.jar;C:\Users\MSI\.m2\repository\org\springframework\spring-messaging\5.2.1.RELEASE\spring-messaging-5.2.1.RELEASE.jar;C:\Users\MSI\.m2\repository\org\springframework\spring-beans\5.2.1.RELEASE\spring-beans-5.2.1.RELEASE.jar;C:\Users\MSI\.m2\repository\org\springframework\amqp\spring-rabbit\2.2.1.RELEASE\spring-rabbit-2.2.1.RELEASE.jar;C:\Users\MSI\.m2\repository\com\rabbitmq\amqp-client\5.7.3\amqp-client-5.7.3.jar;C:\Users\MSI\.m2\repository\org\springframework\amqp\spring-amqp\2.2.1.RELEASE\spring-amqp-2.2.1.RELEASE.jar;C:\Users\MSI\.m2\repository\org\springframework\retry\spring-retry\1.2.4.RELEASE\spring-retry-1.2.4.RELEASE.jar;C:\Users\MSI\.m2\repository\org\springfr
Launcher Type: SUN_STANDARD

[Global flags]
     intx CICompilerCount                          = 12                                        {product} {ergonomic}
     uint ConcGCThreads                            = 3                                         {product} {ergonomic}
     uint G1ConcRefinementThreads                  = 13                                        {product} {ergonomic}
   size_t G1HeapRegionSize                         = 2097152                                   {product} {ergonomic}
    uintx GCDrainStackTargetSize                   = 64                                        {product} {ergonomic}
   size_t InitialHeapSize                          = 260046848                                 {product} {ergonomic}
   size_t MarkStackSize                            = 4194304                                   {product} {ergonomic}
   size_t MaxHeapSize                              = 4131389440                                {product} {ergonomic}
   size_t MaxNewSize                               = 2478833664                                {product} {ergonomic}
   size_t MinHeapDeltaBytes                        = 2097152                                   {product} {ergonomic}
   size_t MinHeapSize                              = 8388608                                   {product} {ergonomic}
    uintx NonNMethodCodeHeapSize                   = 7602480                                {pd product} {ergonomic}
    uintx NonProfiledCodeHeapSize                  = 122027880                              {pd product} {ergonomic}
    uintx ProfiledCodeHeapSize                     = 122027880                              {pd product} {ergonomic}
    uintx ReservedCodeCacheSize                    = 251658240                              {pd product} {ergonomic}
     bool SegmentedCodeCache                       = true                                      {product} {ergonomic}
     bool ShowCodeDetailsInExceptionMessages       = true                                   {manageable} {command line}
   size_t SoftMaxHeapSize                          = 4131389440                             {manageable} {ergonomic}
     bool UseCompressedClassPointers               = true                           {product lp64_product} {ergonomic}
     bool UseCompressedOops                        = true                           {product lp64_product} {ergonomic}
     bool UseG1GC                                  = true                                      {product} {ergonomic}
     bool UseLargePagesIndividualAllocation        = false                                  {pd product} {ergonomic}

Logging:
Log output configuration:
 #0: stdout all=warning uptime,level,tags
 #1: stderr all=off uptime,level,tags

Environment Variables:
JAVA_HOME=C:\Program Files\Java\jdk-17
PATH=C:\Program Files\Common Files\Oracle\Java\javapath;C:\Program Files (x86)\VMware\VMware Workstation\bin\;C:\Program Files\Microsoft MPI\Bin\;C:\WINDOWS\system32;C:\WINDOWS;C:\WINDOWS\System32\Wbem;C:\WINDOWS\System32\WindowsPowerShell\v1.0\;C:\WINDOWS\System32\OpenSSH\;C:\Program Files\nodejs\;C:\Program Files (x86)\Microsoft SQL Server\160\Tools\Binn\;C:\Program Files\Microsoft SQL Server\160\Tools\Binn\;C:\Program Files\Microsoft SQL Server\Client SDK\ODBC\170\Tools\Binn\;C:\Program Files\Microsoft SQL Server\160\DTS\Binn\;C:\Program Files (x86)\Microsoft SQL Server\160\DTS\Binn\;C:\Program Files\Git LFS;C:\Program Files\Git\cmd;C:\Program Files\PowerShell\7\;C:\Program Files\Java\jdk-17\bin;C:\Program Files\MySQL\MySQL Shell 8.0\bin\;C:\Users\MSI\AppData\Local\Programs\Python\Python313;C:\Users\MSI\AppData\Local\Microsoft\WindowsApps;C:\Users\MSI\AppData\Local\Programs\Microsoft VS Code\bin;C:\Users\MSI\AppData\Roaming\npm;C:\Program Files\JetBrains\IntelliJ IDEA 2024.3.1.1\bin;;
USERNAME=MSI
LANG=en_US.UTF-8
OS=Windows_NT
PROCESSOR_IDENTIFIER=AMD64 Family 25 Model 80 Stepping 0, AuthenticAMD



---------------  S Y S T E M  ---------------

OS:
 Windows 11 , 64 bit Build 26100 (10.0.26100.3775)
OS uptime: 0 days 15:36 hours
Hyper-V role detected

CPU: total 16 (initial active 16) (16 cores per cpu, 2 threads per core) family 25 model 80 stepping 0 microcode 0xa50000c, cx8, cmov, fxsr, ht, mmx, 3dnowpref, sse, sse2, sse3, ssse3, sse4a, sse4.1, sse4.2, popcnt, lzcnt, tsc, tscinvbit, avx, avx2, aes, erms, clmul, bmi1, bmi2, adx, sha, fma, vzeroupper, clflush, clflushopt, hv

Memory: 4k page, system-wide physical 15752M (5136M free)
TotalPageFile size 15752M (AvailPageFile size 7M)
current process WorkingSet (physical memory assigned to process): 147M, peak: 151M
current process commit charge ("private bytes"): 403M, peak: 408M

vm_info: Java HotSpot(TM) 64-Bit Server VM (17.0.11+7-LTS-207) for windows-amd64 JRE (17.0.11+7-LTS-207), built on Mar 11 2024 19:01:50 by "mach5one" with MS VC++ 17.6 (VS2022)

END.
