#
# There is insufficient memory for the Java Runtime Environment to continue.
# Native memory allocation (malloc) failed to allocate 1730448 bytes. Error detail: Chunk::new
# Possible reasons:
#   The system is out of physical RAM or swap space
#   This process is running with CompressedOops enabled, and the Java Heap may be blocking the growth of the native heap
# Possible solutions:
#   Reduce memory load on the system
#   Increase physical memory or swap space
#   Check if swap backing store is full
#   Decrease Java heap size (-Xmx/-Xms)
#   Decrease number of Java threads
#   Decrease Java thread stack sizes (-Xss)
#   Set larger code cache with -XX:ReservedCodeCacheSize=
#   JVM is running with Unscaled Compressed Oops mode in which the Java heap is
#     placed in the first 4GB address space. The Java Heap base address is the
#     maximum limit for the native heap growth. Please use -XX:HeapBaseMinAddress
#     to set the Java Heap base and to place the Java Heap above 4GB virtual address.
# This output file may be truncated or incomplete.
#
#  Out of Memory Error (arena.cpp:168), pid=15332, tid=16176
#
# JRE version: OpenJDK Runtime Environment Temurin-21.0.6+7 (21.0.6+7) (build 21.0.6+7-LTS)
# Java VM: OpenJDK 64-Bit Server VM Temurin-21.0.6+7 (21.0.6+7-LTS, mixed mode, sharing, tiered, compressed oops, compressed class ptrs, parallel gc, windows-amd64)
# No core dump will be written. Minidumps are not enabled by default on client versions of Windows
#

---------------  S U M M A R Y ------------

Command Line: --add-modules=ALL-SYSTEM --add-opens=java.base/java.util=ALL-UNNAMED --add-opens=java.base/java.lang=ALL-UNNAMED --add-opens=java.base/sun.nio.fs=ALL-UNNAMED -Declipse.application=org.eclipse.jdt.ls.core.id1 -Dosgi.bundles.defaultStartLevel=4 -Declipse.product=org.eclipse.jdt.ls.core.product -Djava.import.generatesMetadataFilesAtProjectRoot=false -DDetectVMInstallationsJob.disabled=true -Dfile.encoding=utf8 -XX:+UseParallelGC -XX:GCTimeRatio=4 -XX:AdaptiveSizePolicyWeight=90 -Dsun.zip.disableMemoryMapping=true -Xmx1G -Xms100m -Xlog:disable -javaagent:c:\Users\MSI\.vscode\extensions\redhat.java-1.41.1-win32-x64\lombok\lombok-1.18.36.jar -XX:+HeapDumpOnOutOfMemoryError -XX:HeapDumpPath=c:\Users\MSI\AppData\Roaming\Code\User\workspaceStorage\3815725e1ac4c6c69b70af32f7c49045\redhat.java -Daether.dependencyCollector.impl=bf c:\Users\MSI\.vscode\extensions\redhat.java-1.41.1-win32-x64\server\plugins\org.eclipse.equinox.launcher_1.7.0.v20250331-1702.jar -configuration c:\Users\MSI\AppData\Roaming\Code\User\globalStorage\redhat.java\1.41.1\config_win -data c:\Users\MSI\AppData\Roaming\Code\User\workspaceStorage\3815725e1ac4c6c69b70af32f7c49045\redhat.java\jdt_ws --pipe=\\.\pipe\lsp-de633c3108ae14a7948f24a4281dc0dc-sock

Host: AMD Ryzen 7 5800H with Radeon Graphics         , 16 cores, 15G,  Windows 11 , 64 bit Build 26100 (10.0.26100.3775)
Time: Tue Apr 15 19:40:49 2025 SE Asia Standard Time elapsed time: 8.223092 seconds (0d 0h 0m 8s)

---------------  T H R E A D  ---------------

Current thread (0x000001f0785ac430):  JavaThread "C2 CompilerThread1" daemon [_thread_in_native, id=16176, stack(0x0000005d36500000,0x0000005d36600000) (1024K)]


Current CompileTask:
C2:8223 9694   !   4       lombok.core.FieldAugment$ReflectionFieldAugment::getAndSet (80 bytes)

Stack: [0x0000005d36500000,0x0000005d36600000]
Native frames: (J=compiled Java code, j=interpreted, Vv=VM code, C=native code)
V  [jvm.dll+0x6cdee9]
V  [jvm.dll+0x8a83d1]
V  [jvm.dll+0x8aa8fe]
V  [jvm.dll+0x8aafe3]
V  [jvm.dll+0x27f706]
V  [jvm.dll+0xc500d]
V  [jvm.dll+0xc5543]
V  [jvm.dll+0x3b678c]
V  [jvm.dll+0x1dfe13]
V  [jvm.dll+0x247b42]
V  [jvm.dll+0x246fcf]
V  [jvm.dll+0x1c75ee]
V  [jvm.dll+0x25685a]
V  [jvm.dll+0x254dfa]
V  [jvm.dll+0x3f0256]
V  [jvm.dll+0x851f8b]
V  [jvm.dll+0x6cc5ed]
C  [ucrtbase.dll+0x37b0]
C  [KERNEL32.DLL+0x2e8d7]
C  [ntdll.dll+0xb14fc]


---------------  P R O C E S S  ---------------

Threads class SMR info:
_java_thread_list=0x000001f0103a0b00, length=86, elements={
0x000001f021c8f050, 0x000001f0771f7060, 0x000001f021d31ad0, 0x000001f021d37160,
0x000001f0771f90e0, 0x000001f0771fb470, 0x000001f021d3c740, 0x000001f021d4b6a0,
0x000001f0785acb00, 0x000001f0786a24e0, 0x000001f0785ab690, 0x000001f0785abd60,
0x000001f0785a9b50, 0x000001f0785ac430, 0x000001f07e157820, 0x000001f0785aafc0,
0x000001f07e896e00, 0x000001f07e9d9510, 0x000001f07ed53950, 0x000001f07e6f0400,
0x000001f07f293df0, 0x000001f07ed610a0, 0x000001f07ecaf850, 0x000001f07ecad780,
0x000001f07ecade10, 0x000001f07ecb0c00, 0x000001f0785aa8f0, 0x000001f07ecaf1c0,
0x000001f07ecafee0, 0x000001f07ecae4a0, 0x000001f07ecaeb30, 0x000001f07ecb0570,
0x000001f07f485a40, 0x000001f07f484000, 0x000001f07f484690, 0x000001f07f482c50,
0x000001f07f4832e0, 0x000001f07f4860d0, 0x000001f07f486760, 0x000001f07f486df0,
0x000001f07f483970, 0x000001f07f4881a0, 0x000001f07f4853b0, 0x000001f07f487480,
0x000001f07f487b10, 0x000001f07f484d20, 0x000001f07f488ec0, 0x000001f07f489550,
0x000001f00097a990, 0x000001f000979bf0, 0x000001f00097a2c0, 0x000001f07f488830,
0x000001f07f489be0, 0x000001f07f48a270, 0x000001f001e17cb0, 0x000001f001e16900,
0x000001f001e16f90, 0x000001f001e196f0, 0x000001f001e19d80, 0x000001f001e189d0,
0x000001f001e1a410, 0x000001f001e17620, 0x000001f001e1aaa0, 0x000001f001e1be50,
0x000001f001e1b130, 0x000001f001e1b7c0, 0x000001f001e1c4e0, 0x000001f001e19060,
0x000001f001e1cb70, 0x000001f001e1d890, 0x000001f001e1d200, 0x000001f00d1ba760,
0x000001f00d1ba0d0, 0x000001f00d1bc1a0, 0x000001f00d1bbb10, 0x000001f00d1b9a40,
0x000001f00d1badf0, 0x000001f00d1b8d20, 0x000001f00d1bb480, 0x000001f00d1bc830,
0x000001f00d1b93b0, 0x000001f00d1bd550, 0x000001f00d1be270, 0x000001f00d1bf620,
0x000001f00d1bfcb0, 0x000001f000979520
}

Java Threads: ( => current thread )
  0x000001f021c8f050 JavaThread "main"                              [_thread_blocked, id=9660, stack(0x0000005d35500000,0x0000005d35600000) (1024K)]
  0x000001f0771f7060 JavaThread "Reference Handler"          daemon [_thread_blocked, id=13012, stack(0x0000005d35900000,0x0000005d35a00000) (1024K)]
  0x000001f021d31ad0 JavaThread "Finalizer"                  daemon [_thread_blocked, id=22672, stack(0x0000005d35a00000,0x0000005d35b00000) (1024K)]
  0x000001f021d37160 JavaThread "Signal Dispatcher"          daemon [_thread_blocked, id=20240, stack(0x0000005d35b00000,0x0000005d35c00000) (1024K)]
  0x000001f0771f90e0 JavaThread "Attach Listener"            daemon [_thread_blocked, id=22024, stack(0x0000005d35c00000,0x0000005d35d00000) (1024K)]
  0x000001f0771fb470 JavaThread "Service Thread"             daemon [_thread_blocked, id=17488, stack(0x0000005d35d00000,0x0000005d35e00000) (1024K)]
  0x000001f021d3c740 JavaThread "Monitor Deflation Thread"   daemon [_thread_blocked, id=20500, stack(0x0000005d35e00000,0x0000005d35f00000) (1024K)]
  0x000001f021d4b6a0 JavaThread "C2 CompilerThread0"         daemon [_thread_in_native, id=23356, stack(0x0000005d35f00000,0x0000005d36000000) (1024K)]
  0x000001f0785acb00 JavaThread "C1 CompilerThread0"         daemon [_thread_in_native, id=15504, stack(0x0000005d36000000,0x0000005d36100000) (1024K)]
  0x000001f0786a24e0 JavaThread "Common-Cleaner"             daemon [_thread_blocked, id=24436, stack(0x0000005d36100000,0x0000005d36200000) (1024K)]
  0x000001f0785ab690 JavaThread "C1 CompilerThread1"         daemon [_thread_in_native, id=3784, stack(0x0000005d36200000,0x0000005d36300000) (1024K)]
  0x000001f0785abd60 JavaThread "C1 CompilerThread2"         daemon [_thread_in_native, id=11116, stack(0x0000005d36300000,0x0000005d36400000) (1024K)]
  0x000001f0785a9b50 JavaThread "C1 CompilerThread3"         daemon [_thread_in_native, id=17704, stack(0x0000005d36400000,0x0000005d36500000) (1024K)]
=>0x000001f0785ac430 JavaThread "C2 CompilerThread1"         daemon [_thread_in_native, id=16176, stack(0x0000005d36500000,0x0000005d36600000) (1024K)]
  0x000001f07e157820 JavaThread "Notification Thread"        daemon [_thread_blocked, id=15444, stack(0x0000005d36600000,0x0000005d36700000) (1024K)]
  0x000001f0785aafc0 JavaThread "C2 CompilerThread2"         daemon [_thread_in_native, id=22800, stack(0x0000005d36700000,0x0000005d36800000) (1024K)]
  0x000001f07e896e00 JavaThread "Active Thread: Equinox Container: f2071c64-235a-4495-998d-109b5e2f6502"        [_thread_blocked, id=3052, stack(0x0000005d36f00000,0x0000005d37000000) (1024K)]
  0x000001f07e9d9510 JavaThread "Refresh Thread: Equinox Container: f2071c64-235a-4495-998d-109b5e2f6502" daemon [_thread_blocked, id=20324, stack(0x0000005d37100000,0x0000005d37200000) (1024K)]
  0x000001f07ed53950 JavaThread "Framework Event Dispatcher: Equinox Container: f2071c64-235a-4495-998d-109b5e2f6502" daemon [_thread_blocked, id=23716, stack(0x0000005d37200000,0x0000005d37300000) (1024K)]
  0x000001f07e6f0400 JavaThread "Start Level: Equinox Container: f2071c64-235a-4495-998d-109b5e2f6502" daemon [_thread_blocked, id=5436, stack(0x0000005d37300000,0x0000005d37400000) (1024K)]
  0x000001f07f293df0 JavaThread "Bundle File Closer"         daemon [_thread_blocked, id=9184, stack(0x0000005d37400000,0x0000005d37500000) (1024K)]
  0x000001f07ed610a0 JavaThread "SCR Component Actor"        daemon [_thread_blocked, id=14292, stack(0x0000005d36e00000,0x0000005d36f00000) (1024K)]
  0x000001f07ecaf850 JavaThread "Worker-JM"                         [_thread_blocked, id=20780, stack(0x0000005d37b00000,0x0000005d37c00000) (1024K)]
  0x000001f07ecad780 JavaThread "JNA Cleaner"                daemon [_thread_blocked, id=11948, stack(0x0000005d37c00000,0x0000005d37d00000) (1024K)]
  0x000001f07ecade10 JavaThread "Worker-0: Java indexing... "        [_thread_blocked, id=5852, stack(0x0000005d37d00000,0x0000005d37e00000) (1024K)]
  0x000001f07ecb0c00 JavaThread "Worker-1"                          [_thread_blocked, id=4040, stack(0x0000005d37e00000,0x0000005d37f00000) (1024K)]
  0x000001f0785aa8f0 JavaThread "C2 CompilerThread3"         daemon [_thread_in_native, id=20476, stack(0x0000005d37f00000,0x0000005d38000000) (1024K)]
  0x000001f07ecaf1c0 JavaThread "Java indexing"              daemon [_thread_in_Java, id=17984, stack(0x0000005d38000000,0x0000005d38100000) (1024K)]
  0x000001f07ecafee0 JavaThread "Worker-2"                          [_thread_blocked, id=23244, stack(0x0000005d38300000,0x0000005d38400000) (1024K)]
  0x000001f07ecae4a0 JavaThread "Worker-3"                          [_thread_blocked, id=20156, stack(0x0000005d38400000,0x0000005d38500000) (1024K)]
  0x000001f07ecaeb30 JavaThread "Thread-2"                   daemon [_thread_in_native, id=2208, stack(0x0000005d38500000,0x0000005d38600000) (1024K)]
  0x000001f07ecb0570 JavaThread "Thread-3"                   daemon [_thread_in_native, id=20104, stack(0x0000005d38600000,0x0000005d38700000) (1024K)]
  0x000001f07f485a40 JavaThread "Thread-4"                   daemon [_thread_in_native, id=24132, stack(0x0000005d38700000,0x0000005d38800000) (1024K)]
  0x000001f07f484000 JavaThread "Thread-5"                   daemon [_thread_in_native, id=16528, stack(0x0000005d38800000,0x0000005d38900000) (1024K)]
  0x000001f07f484690 JavaThread "Thread-6"                   daemon [_thread_in_native, id=19868, stack(0x0000005d38900000,0x0000005d38a00000) (1024K)]
  0x000001f07f482c50 JavaThread "Thread-7"                   daemon [_thread_in_native, id=5756, stack(0x0000005d38a00000,0x0000005d38b00000) (1024K)]
  0x000001f07f4832e0 JavaThread "Thread-8"                   daemon [_thread_in_native, id=15180, stack(0x0000005d38b00000,0x0000005d38c00000) (1024K)]
  0x000001f07f4860d0 JavaThread "Thread-9"                   daemon [_thread_in_native, id=2392, stack(0x0000005d38c00000,0x0000005d38d00000) (1024K)]
  0x000001f07f486760 JavaThread "Thread-10"                  daemon [_thread_in_native, id=14124, stack(0x0000005d38d00000,0x0000005d38e00000) (1024K)]
  0x000001f07f486df0 JavaThread "Thread-11"                  daemon [_thread_in_native, id=18528, stack(0x0000005d38e00000,0x0000005d38f00000) (1024K)]
  0x000001f07f483970 JavaThread "Thread-12"                  daemon [_thread_in_native, id=20532, stack(0x0000005d38f00000,0x0000005d39000000) (1024K)]
  0x000001f07f4881a0 JavaThread "Thread-13"                  daemon [_thread_in_native, id=24420, stack(0x0000005d39000000,0x0000005d39100000) (1024K)]
  0x000001f07f4853b0 JavaThread "Thread-14"                  daemon [_thread_in_native, id=18544, stack(0x0000005d39100000,0x0000005d39200000) (1024K)]
  0x000001f07f487480 JavaThread "Thread-15"                  daemon [_thread_in_native, id=3248, stack(0x0000005d39200000,0x0000005d39300000) (1024K)]
  0x000001f07f487b10 JavaThread "Thread-16"                  daemon [_thread_in_native, id=13100, stack(0x0000005d39300000,0x0000005d39400000) (1024K)]
  0x000001f07f484d20 JavaThread "Thread-17"                  daemon [_thread_in_native, id=19804, stack(0x0000005d39400000,0x0000005d39500000) (1024K)]
  0x000001f07f488ec0 JavaThread "Thread-18"                  daemon [_thread_in_native, id=21580, stack(0x0000005d39500000,0x0000005d39600000) (1024K)]
  0x000001f07f489550 JavaThread "pool-2-thread-1"                   [_thread_blocked, id=18844, stack(0x0000005d39600000,0x0000005d39700000) (1024K)]
  0x000001f00097a990 JavaThread "C2 CompilerThread4"         daemon [_thread_in_native, id=2768, stack(0x0000005d39700000,0x0000005d39800000) (1024K)]
  0x000001f000979bf0 JavaThread "C2 CompilerThread5"         daemon [_thread_in_native, id=11160, stack(0x0000005d39800000,0x0000005d39900000) (1024K)]
  0x000001f00097a2c0 JavaThread "C2 CompilerThread6"         daemon [_thread_blocked, id=21464, stack(0x0000005d39900000,0x0000005d39a00000) (1024K)]
  0x000001f07f488830 JavaThread "Worker-4: Building"                [_thread_in_Java, id=10716, stack(0x0000005d39a00000,0x0000005d39b00000) (1024K)]
  0x000001f07f489be0 JavaThread "Worker-5"                          [_thread_blocked, id=11868, stack(0x0000005d39b00000,0x0000005d39c00000) (1024K)]
  0x000001f07f48a270 JavaThread "WorkspaceEventsHandler"            [_thread_blocked, id=13604, stack(0x0000005d39c00000,0x0000005d39d00000) (1024K)]
  0x000001f001e17cb0 JavaThread "pool-1-thread-1"                   [_thread_blocked, id=8608, stack(0x0000005d39d00000,0x0000005d39e00000) (1024K)]
  0x000001f001e16900 JavaThread "LocalFile Deleter"          daemon [_thread_blocked, id=16444, stack(0x0000005d39f00000,0x0000005d3a000000) (1024K)]
  0x000001f001e16f90 JavaThread "LocalFile Deleter"          daemon [_thread_blocked, id=21616, stack(0x0000005d3a000000,0x0000005d3a100000) (1024K)]
  0x000001f001e196f0 JavaThread "LocalFile Deleter"          daemon [_thread_blocked, id=22576, stack(0x0000005d3a100000,0x0000005d3a200000) (1024K)]
  0x000001f001e19d80 JavaThread "LocalFile Deleter"          daemon [_thread_blocked, id=4436, stack(0x0000005d3a200000,0x0000005d3a300000) (1024K)]
  0x000001f001e189d0 JavaThread "LocalFile Deleter"          daemon [_thread_blocked, id=6372, stack(0x0000005d3a300000,0x0000005d3a400000) (1024K)]
  0x000001f001e1a410 JavaThread "LocalFile Deleter"          daemon [_thread_blocked, id=21384, stack(0x0000005d3a400000,0x0000005d3a500000) (1024K)]
  0x000001f001e17620 JavaThread "LocalFile Deleter"          daemon [_thread_blocked, id=24392, stack(0x0000005d3a500000,0x0000005d3a600000) (1024K)]
  0x000001f001e1aaa0 JavaThread "LocalFile Deleter"          daemon [_thread_blocked, id=7748, stack(0x0000005d3a600000,0x0000005d3a700000) (1024K)]
  0x000001f001e1be50 JavaThread "LocalFile Deleter"          daemon [_thread_blocked, id=12772, stack(0x0000005d3a700000,0x0000005d3a800000) (1024K)]
  0x000001f001e1b130 JavaThread "LocalFile Deleter"          daemon [_thread_blocked, id=19596, stack(0x0000005d3a800000,0x0000005d3a900000) (1024K)]
  0x000001f001e1b7c0 JavaThread "LocalFile Deleter"          daemon [_thread_blocked, id=2440, stack(0x0000005d3a900000,0x0000005d3aa00000) (1024K)]
  0x000001f001e1c4e0 JavaThread "LocalFile Deleter"          daemon [_thread_blocked, id=21828, stack(0x0000005d3aa00000,0x0000005d3ab00000) (1024K)]
  0x000001f001e19060 JavaThread "LocalFile Deleter"          daemon [_thread_blocked, id=22228, stack(0x0000005d3ab00000,0x0000005d3ac00000) (1024K)]
  0x000001f001e1cb70 JavaThread "LocalFile Deleter"          daemon [_thread_blocked, id=23536, stack(0x0000005d3ac00000,0x0000005d3ad00000) (1024K)]
  0x000001f001e1d890 JavaThread "LocalFile Deleter"          daemon [_thread_blocked, id=13440, stack(0x0000005d3ad00000,0x0000005d3ae00000) (1024K)]
  0x000001f001e1d200 JavaThread "LocalFile Deleter"          daemon [_thread_blocked, id=14284, stack(0x0000005d3ae00000,0x0000005d3af00000) (1024K)]
  0x000001f00d1ba760 JavaThread "Compiler Source File Reader" daemon [_thread_blocked, id=13520, stack(0x0000005d3af00000,0x0000005d3b000000) (1024K)]
  0x000001f00d1ba0d0 JavaThread "Compiler Source File Reader" daemon [_thread_blocked, id=23532, stack(0x0000005d3b000000,0x0000005d3b100000) (1024K)]
  0x000001f00d1bc1a0 JavaThread "Compiler Source File Reader" daemon [_thread_blocked, id=22092, stack(0x0000005d3b100000,0x0000005d3b200000) (1024K)]
  0x000001f00d1bbb10 JavaThread "Compiler Source File Reader" daemon [_thread_blocked, id=11048, stack(0x0000005d3b200000,0x0000005d3b300000) (1024K)]
  0x000001f00d1b9a40 JavaThread "Compiler Source File Reader" daemon [_thread_blocked, id=23172, stack(0x0000005d3b300000,0x0000005d3b400000) (1024K)]
  0x000001f00d1badf0 JavaThread "Compiler Source File Reader" daemon [_thread_blocked, id=10824, stack(0x0000005d3b400000,0x0000005d3b500000) (1024K)]
  0x000001f00d1b8d20 JavaThread "Compiler Source File Reader" daemon [_thread_blocked, id=13820, stack(0x0000005d3b500000,0x0000005d3b600000) (1024K)]
  0x000001f00d1bb480 JavaThread "Compiler Source File Reader" daemon [_thread_blocked, id=7796, stack(0x0000005d3b600000,0x0000005d3b700000) (1024K)]
  0x000001f00d1bc830 JavaThread "Compiler Source File Reader" daemon [_thread_blocked, id=2896, stack(0x0000005d3b700000,0x0000005d3b800000) (1024K)]
  0x000001f00d1b93b0 JavaThread "Compiler Source File Reader" daemon [_thread_blocked, id=2740, stack(0x0000005d3b800000,0x0000005d3b900000) (1024K)]
  0x000001f00d1bd550 JavaThread "Compiler Source File Reader" daemon [_thread_blocked, id=11044, stack(0x0000005d3b900000,0x0000005d3ba00000) (1024K)]
  0x000001f00d1be270 JavaThread "Compiler Source File Reader" daemon [_thread_blocked, id=11432, stack(0x0000005d3ba00000,0x0000005d3bb00000) (1024K)]
  0x000001f00d1bf620 JavaThread "Compiler Source File Reader" daemon [_thread_blocked, id=16052, stack(0x0000005d3bb00000,0x0000005d3bc00000) (1024K)]
  0x000001f00d1bfcb0 JavaThread "Compiler Source File Reader" daemon [_thread_blocked, id=21332, stack(0x0000005d3bc00000,0x0000005d3bd00000) (1024K)]
  0x000001f000979520 JavaThread "C2 CompilerThread7"         daemon [_thread_in_native, id=23860, stack(0x0000005d39e00000,0x0000005d39f00000) (1024K)]
Total: 86

Other Threads:
  0x000001f0771e4920 VMThread "VM Thread"                           [id=21104, stack(0x0000005d35800000,0x0000005d35900000) (1024K)]
  0x000001f0770dca00 WatcherThread "VM Periodic Task Thread"        [id=15284, stack(0x0000005d35700000,0x0000005d35800000) (1024K)]
  0x000001f021cad910 WorkerThread "GC Thread#0"                     [id=6096, stack(0x0000005d35600000,0x0000005d35700000) (1024K)]
  0x000001f07e0e37c0 WorkerThread "GC Thread#1"                     [id=20196, stack(0x0000005d36800000,0x0000005d36900000) (1024K)]
  0x000001f07e7de3c0 WorkerThread "GC Thread#2"                     [id=17384, stack(0x0000005d36900000,0x0000005d36a00000) (1024K)]
  0x000001f07e67cab0 WorkerThread "GC Thread#3"                     [id=14076, stack(0x0000005d36a00000,0x0000005d36b00000) (1024K)]
  0x000001f07e0e8000 WorkerThread "GC Thread#4"                     [id=23088, stack(0x0000005d36b00000,0x0000005d36c00000) (1024K)]
  0x000001f07e0e83a0 WorkerThread "GC Thread#5"                     [id=19368, stack(0x0000005d36c00000,0x0000005d36d00000) (1024K)]
  0x000001f07e7b98e0 WorkerThread "GC Thread#6"                     [id=22456, stack(0x0000005d36d00000,0x0000005d36e00000) (1024K)]
  0x000001f07ed1b8f0 WorkerThread "GC Thread#7"                     [id=21412, stack(0x0000005d37000000,0x0000005d37100000) (1024K)]
  0x000001f07ed1bc90 WorkerThread "GC Thread#8"                     [id=3648, stack(0x0000005d37500000,0x0000005d37600000) (1024K)]
  0x000001f07ed1c030 WorkerThread "GC Thread#9"                     [id=23176, stack(0x0000005d37600000,0x0000005d37700000) (1024K)]
  0x000001f07ed1b1b0 WorkerThread "GC Thread#10"                    [id=4304, stack(0x0000005d37800000,0x0000005d37900000) (1024K)]
  0x000001f07ed1aa70 WorkerThread "GC Thread#11"                    [id=1044, stack(0x0000005d37900000,0x0000005d37a00000) (1024K)]
  0x000001f07ed28480 WorkerThread "GC Thread#12"                    [id=14656, stack(0x0000005d37a00000,0x0000005d37b00000) (1024K)]
Total: 15

Threads with active compile tasks:
C2 CompilerThread0  8243 10442       4       org.eclipse.jdt.internal.compiler.lookup.PackageBinding::getType0 (18 bytes)
C1 CompilerThread0  8243 10446       3       org.eclipse.jdt.internal.compiler.lookup.LookupEnvironment::getType (205 bytes)
C1 CompilerThread1  8243 10424       3       org.eclipse.jdt.internal.compiler.ast.ASTNode::resolveAnnotations (1501 bytes)
C1 CompilerThread2  8243 10448       3       org.eclipse.jdt.internal.compiler.ast.ASTNode::resolveAnnotations (23 bytes)
C1 CompilerThread3  8244 10431       1       org.eclipse.jdt.internal.compiler.lookup.FieldBinding::kind (2 bytes)
C2 CompilerThread1  8244 9694   !   4       lombok.core.FieldAugment$ReflectionFieldAugment::getAndSet (80 bytes)
C2 CompilerThread2  8244 10450       4       org.eclipse.jdt.internal.compiler.lookup.TypeBinding::leafComponentType (2 bytes)
C2 CompilerThread3  8244 9712       4       lombok.eclipse.handlers.EclipseHandlerUtil::setGeneratedBy (10 bytes)
C2 CompilerThread4  8244 10301       4       org.lombokweb.asm.ClassReader::readCode (5117 bytes)
C2 CompilerThread5  8244 10357       4       org.eclipse.jdt.internal.compiler.lookup.BinaryTypeBinding::createMethod (1720 bytes)
C2 CompilerThread6  8244 10451       4       org.eclipse.core.runtime.Path::collapseSlashes (142 bytes)
C2 CompilerThread7  8245 10441 %     4       org.eclipse.jdt.internal.core.builder.NameEnvironment::getModulesDeclaringPackage @ 85 (336 bytes)
Total: 12

VM state: not at safepoint (normal execution)

VM Mutex/Monitor currently owned by a thread: None

Heap address: 0x00000000c0000000, size: 1024 MB, Compressed Oops mode: 32-bit

CDS archive(s) mapped at: [0x000001f036000000-0x000001f036ba0000-0x000001f036ba0000), size 12189696, SharedBaseAddress: 0x000001f036000000, ArchiveRelocationMode: 1.
Compressed class space mapped at: 0x000001f037000000-0x000001f077000000, reserved size: 1073741824
Narrow klass base: 0x000001f036000000, Narrow klass shift: 0, Narrow klass range: 0x100000000

GC Precious Log:
 CardTable entry size: 512
 CPUs: 16 total, 16 available
 Memory: 15752M
 Large Page Support: Disabled
 NUMA Support: Disabled
 Compressed Oops: Enabled (32-bit)
 Alignments: Space 512K, Generation 512K, Heap 2M
 Heap Min Capacity: 100M
 Heap Initial Capacity: 100M
 Heap Max Capacity: 1G
 Pre-touch: Disabled
 Parallel Workers: 13

Heap:
 PSYoungGen      total 6144K, used 5415K [0x00000000eab00000, 0x00000000ebe00000, 0x0000000100000000)
  eden space 4096K, 90% used [0x00000000eab00000,0x00000000eae9adf8,0x00000000eaf00000)
  from space 2048K, 84% used [0x00000000eaf00000,0x00000000eb0aef70,0x00000000eb100000)
  to   space 6144K, 0% used [0x00000000eb800000,0x00000000eb800000,0x00000000ebe00000)
 ParOldGen       total 377344K, used 377147K [0x00000000c0000000, 0x00000000d7080000, 0x00000000eab00000)
  object space 377344K, 99% used [0x00000000c0000000,0x00000000d704ef38,0x00000000d7080000)
 Metaspace       used 57932K, committed 59328K, reserved 1114112K
  class space    used 5911K, committed 6528K, reserved 1048576K

Card table byte_map: [0x000001f021630000,0x000001f021840000] _byte_map_base: 0x000001f021030000

Marking Bits: (ParMarkBitMap*) 0x00007ffb2fc83260
 Begin Bits: [0x000001f033e80000, 0x000001f034e80000)
 End Bits:   [0x000001f034e80000, 0x000001f035e80000)

Polling page: 0x000001f01f9f0000

Metaspace:

Usage:
  Non-class:     50.80 MB used.
      Class:      5.77 MB used.
       Both:     56.57 MB used.

Virtual space:
  Non-class space:       64.00 MB reserved,      51.56 MB ( 81%) committed,  1 nodes.
      Class space:        1.00 GB reserved,       6.38 MB ( <1%) committed,  1 nodes.
             Both:        1.06 GB reserved,      57.94 MB (  5%) committed. 

Chunk freelists:
   Non-Class:  11.73 MB
       Class:  9.61 MB
        Both:  21.34 MB

MaxMetaspaceSize: unlimited
CompressedClassSpaceSize: 1.00 GB
Initial GC threshold: 21.00 MB
Current GC threshold: 58.88 MB
CDS: on
 - commit_granule_bytes: 65536.
 - commit_granule_words: 8192.
 - virtual_space_node_default_size: 8388608.
 - enlarge_chunks_in_place: 1.
 - use_allocation_guard: 0.


Internal statistics:

num_allocs_failed_limit: 12.
num_arena_births: 1126.
num_arena_deaths: 14.
num_vsnodes_births: 2.
num_vsnodes_deaths: 0.
num_space_committed: 926.
num_space_uncommitted: 0.
num_chunks_returned_to_freelist: 26.
num_chunks_taken_from_freelist: 3787.
num_chunk_merges: 16.
num_chunk_splits: 2351.
num_chunks_enlarged: 1326.
num_inconsistent_stats: 0.

CodeHeap 'non-profiled nmethods': size=119168Kb used=7131Kb max_used=7131Kb free=112036Kb
 bounds [0x000001f02ca20000, 0x000001f02d120000, 0x000001f033e80000]
CodeHeap 'profiled nmethods': size=119104Kb used=22137Kb max_used=22137Kb free=96966Kb
 bounds [0x000001f024e80000, 0x000001f026420000, 0x000001f02c2d0000]
CodeHeap 'non-nmethods': size=7488Kb used=3105Kb max_used=3216Kb free=4382Kb
 bounds [0x000001f02c2d0000, 0x000001f02c600000, 0x000001f02ca20000]
 total_blobs=10534 nmethods=9806 adapters=631
 compilation: enabled
              stopped_count=0, restarted_count=0
 full_count=0

Compilation events (20 events):
Event: 7.212 Thread 0x000001f0785abd60 nmethod 10366 0x000001f0263d7890 code [0x000001f0263d7a60, 0x000001f0263d7e78]
Event: 7.212 Thread 0x000001f0785ab690 10368       3       org.eclipse.jdt.internal.compiler.lookup.LookupEnvironment::createUnresolvedAnnotation (26 bytes)
Event: 7.212 Thread 0x000001f0785abd60 10370       3       org.eclipse.jdt.internal.compiler.ast.Annotation::resolveType (1559 bytes)
Event: 7.212 Thread 0x000001f0785acb00 10371       3       org.eclipse.jdt.internal.compiler.lookup.BinaryTypeBinding::methods (127 bytes)
Event: 7.212 Thread 0x000001f0785ab690 nmethod 10368 0x000001f0263d8010 code [0x000001f0263d81e0, 0x000001f0263d8560]
Event: 7.212 Thread 0x000001f0785ab690 10376       3       org.eclipse.jdt.internal.compiler.lookup.Scope::getCurrentPackage (8 bytes)
Event: 7.213 Thread 0x000001f0785a9b50 nmethod 10358 0x000001f0263d8710 code [0x000001f0263d8ca0, 0x000001f0263dc3c0]
Event: 7.213 Thread 0x000001f0785ab690 nmethod 10376 0x000001f0263dd510 code [0x000001f0263dd6a0, 0x000001f0263dd7b8]
Event: 7.213 Thread 0x000001f0785acb00 nmethod 10371 0x000001f0263dd890 code [0x000001f0263ddaa0, 0x000001f0263de100]
Event: 7.213 Thread 0x000001f0785ab690 10369       3       org.eclipse.jdt.internal.compiler.ast.TypeReference::resolveType (7 bytes)
Event: 7.213 Thread 0x000001f0785acb00 10372       3       org.eclipse.jdt.internal.compiler.lookup.LookupEnvironment::createAnnotation (30 bytes)
Event: 7.213 Thread 0x000001f0785ab690 nmethod 10369 0x000001f0263de310 code [0x000001f0263de4c0, 0x000001f0263de778]
Event: 7.213 Thread 0x000001f0785aafc0 nmethod 10367 0x000001f02d10b610 code [0x000001f02d10b7a0, 0x000001f02d10b950]
Event: 7.213 Thread 0x000001f021d4b6a0 10380       4       java.util.Arrays::binarySearch (17 bytes)
Event: 7.213 Thread 0x000001f0785ab690 10378       3       org.eclipse.jdt.internal.compiler.lookup.ReferenceBinding::isPublic (13 bytes)
Event: 7.213 Thread 0x000001f0785acb00 nmethod 10372 0x000001f0263de890 code [0x000001f0263dea60, 0x000001f0263deda8]
Event: 7.214 Thread 0x000001f0785ab690 nmethod 10378 0x000001f0263def10 code [0x000001f0263df0c0, 0x000001f0263df238]
Event: 7.214 Thread 0x000001f0785acb00 10377       1       org.eclipse.jdt.internal.compiler.lookup.WildcardBinding::rank (5 bytes)
Event: 7.214 Thread 0x000001f0785ab690 10373       3       org.eclipse.jdt.internal.compiler.ast.Annotation::detectStandardAnnotation (697 bytes)
Event: 7.214 Thread 0x000001f0785acb00 nmethod 10377 0x000001f02d10ba10 code [0x000001f02d10bba0, 0x000001f02d10bc68]

GC Heap History (20 events):
Event: 6.581 GC heap after
{Heap after GC invocations=307 (full 2):
 PSYoungGen      total 14336K, used 3286K [0x00000000eab00000, 0x00000000ebc80000, 0x0000000100000000)
  eden space 10752K, 0% used [0x00000000eab00000,0x00000000eab00000,0x00000000eb580000)
  from space 3584K, 91% used [0x00000000eb580000,0x00000000eb8b5b10,0x00000000eb900000)
  to   space 3584K, 0% used [0x00000000eb900000,0x00000000eb900000,0x00000000ebc80000)
 ParOldGen       total 332800K, used 332377K [0x00000000c0000000, 0x00000000d4500000, 0x00000000eab00000)
  object space 332800K, 99% used [0x00000000c0000000,0x00000000d4496708,0x00000000d4500000)
 Metaspace       used 56377K, committed 57728K, reserved 1114112K
  class space    used 5807K, committed 6400K, reserved 1048576K
}
Event: 6.652 GC heap before
{Heap before GC invocations=308 (full 2):
 PSYoungGen      total 14336K, used 14038K [0x00000000eab00000, 0x00000000ebc80000, 0x0000000100000000)
  eden space 10752K, 100% used [0x00000000eab00000,0x00000000eb580000,0x00000000eb580000)
  from space 3584K, 91% used [0x00000000eb580000,0x00000000eb8b5b10,0x00000000eb900000)
  to   space 3584K, 0% used [0x00000000eb900000,0x00000000eb900000,0x00000000ebc80000)
 ParOldGen       total 332800K, used 332377K [0x00000000c0000000, 0x00000000d4500000, 0x00000000eab00000)
  object space 332800K, 99% used [0x00000000c0000000,0x00000000d4496708,0x00000000d4500000)
 Metaspace       used 56536K, committed 57856K, reserved 1114112K
  class space    used 5821K, committed 6400K, reserved 1048576K
}
Event: 6.655 GC heap after
{Heap after GC invocations=308 (full 2):
 PSYoungGen      total 13824K, used 2752K [0x00000000eab00000, 0x00000000ebc00000, 0x0000000100000000)
  eden space 10752K, 0% used [0x00000000eab00000,0x00000000eab00000,0x00000000eb580000)
  from space 3072K, 89% used [0x00000000eb900000,0x00000000ebbb0200,0x00000000ebc00000)
  to   space 3072K, 0% used [0x00000000eb600000,0x00000000eb600000,0x00000000eb900000)
 ParOldGen       total 335872K, used 335417K [0x00000000c0000000, 0x00000000d4800000, 0x00000000eab00000)
  object space 335872K, 99% used [0x00000000c0000000,0x00000000d478e730,0x00000000d4800000)
 Metaspace       used 56536K, committed 57856K, reserved 1114112K
  class space    used 5821K, committed 6400K, reserved 1048576K
}
Event: 6.711 GC heap before
{Heap before GC invocations=309 (full 2):
 PSYoungGen      total 13824K, used 13504K [0x00000000eab00000, 0x00000000ebc00000, 0x0000000100000000)
  eden space 10752K, 100% used [0x00000000eab00000,0x00000000eb580000,0x00000000eb580000)
  from space 3072K, 89% used [0x00000000eb900000,0x00000000ebbb0200,0x00000000ebc00000)
  to   space 3072K, 0% used [0x00000000eb600000,0x00000000eb600000,0x00000000eb900000)
 ParOldGen       total 335872K, used 335417K [0x00000000c0000000, 0x00000000d4800000, 0x00000000eab00000)
  object space 335872K, 99% used [0x00000000c0000000,0x00000000d478e730,0x00000000d4800000)
 Metaspace       used 56666K, committed 58048K, reserved 1114112K
  class space    used 5835K, committed 6464K, reserved 1048576K
}
Event: 6.714 GC heap after
{Heap after GC invocations=309 (full 2):
 PSYoungGen      total 13824K, used 3045K [0x00000000eab00000, 0x00000000ec280000, 0x0000000100000000)
  eden space 10752K, 0% used [0x00000000eab00000,0x00000000eab00000,0x00000000eb580000)
  from space 3072K, 99% used [0x00000000eb600000,0x00000000eb8f9420,0x00000000eb900000)
  to   space 6656K, 0% used [0x00000000ebc00000,0x00000000ebc00000,0x00000000ec280000)
 ParOldGen       total 338432K, used 338042K [0x00000000c0000000, 0x00000000d4a80000, 0x00000000eab00000)
  object space 338432K, 99% used [0x00000000c0000000,0x00000000d4a1eba0,0x00000000d4a80000)
 Metaspace       used 56666K, committed 58048K, reserved 1114112K
  class space    used 5835K, committed 6464K, reserved 1048576K
}
Event: 6.754 GC heap before
{Heap before GC invocations=310 (full 2):
 PSYoungGen      total 13824K, used 13797K [0x00000000eab00000, 0x00000000ec280000, 0x0000000100000000)
  eden space 10752K, 100% used [0x00000000eab00000,0x00000000eb580000,0x00000000eb580000)
  from space 3072K, 99% used [0x00000000eb600000,0x00000000eb8f9420,0x00000000eb900000)
  to   space 6656K, 0% used [0x00000000ebc00000,0x00000000ebc00000,0x00000000ec280000)
 ParOldGen       total 338432K, used 338042K [0x00000000c0000000, 0x00000000d4a80000, 0x00000000eab00000)
  object space 338432K, 99% used [0x00000000c0000000,0x00000000d4a1eba0,0x00000000d4a80000)
 Metaspace       used 56741K, committed 58112K, reserved 1114112K
  class space    used 5836K, committed 6464K, reserved 1048576K
}
Event: 6.757 GC heap after
{Heap after GC invocations=310 (full 2):
 PSYoungGen      total 14848K, used 4065K [0x00000000eab00000, 0x00000000ec000000, 0x0000000100000000)
  eden space 10752K, 0% used [0x00000000eab00000,0x00000000eab00000,0x00000000eb580000)
  from space 4096K, 99% used [0x00000000ebc00000,0x00000000ebff87b0,0x00000000ec000000)
  to   space 5120K, 0% used [0x00000000eb600000,0x00000000eb600000,0x00000000ebb00000)
 ParOldGen       total 340480K, used 340245K [0x00000000c0000000, 0x00000000d4c80000, 0x00000000eab00000)
  object space 340480K, 99% used [0x00000000c0000000,0x00000000d4c45408,0x00000000d4c80000)
 Metaspace       used 56741K, committed 58112K, reserved 1114112K
  class space    used 5836K, committed 6464K, reserved 1048576K
}
Event: 6.801 GC heap before
{Heap before GC invocations=311 (full 2):
 PSYoungGen      total 14848K, used 14817K [0x00000000eab00000, 0x00000000ec000000, 0x0000000100000000)
  eden space 10752K, 100% used [0x00000000eab00000,0x00000000eb580000,0x00000000eb580000)
  from space 4096K, 99% used [0x00000000ebc00000,0x00000000ebff87b0,0x00000000ec000000)
  to   space 5120K, 0% used [0x00000000eb600000,0x00000000eb600000,0x00000000ebb00000)
 ParOldGen       total 340480K, used 340245K [0x00000000c0000000, 0x00000000d4c80000, 0x00000000eab00000)
  object space 340480K, 99% used [0x00000000c0000000,0x00000000d4c45408,0x00000000d4c80000)
 Metaspace       used 56830K, committed 58240K, reserved 1114112K
  class space    used 5840K, committed 6464K, reserved 1048576K
}
Event: 6.804 GC heap after
{Heap after GC invocations=311 (full 2):
 PSYoungGen      total 14848K, used 3683K [0x00000000eab00000, 0x00000000ebd80000, 0x0000000100000000)
  eden space 10752K, 0% used [0x00000000eab00000,0x00000000eab00000,0x00000000eb580000)
  from space 4096K, 89% used [0x00000000eb600000,0x00000000eb998f60,0x00000000eba00000)
  to   space 3584K, 0% used [0x00000000eba00000,0x00000000eba00000,0x00000000ebd80000)
 ParOldGen       total 344576K, used 344084K [0x00000000c0000000, 0x00000000d5080000, 0x00000000eab00000)
  object space 344576K, 99% used [0x00000000c0000000,0x00000000d5005060,0x00000000d5080000)
 Metaspace       used 56830K, committed 58240K, reserved 1114112K
  class space    used 5840K, committed 6464K, reserved 1048576K
}
Event: 6.842 GC heap before
{Heap before GC invocations=312 (full 2):
 PSYoungGen      total 14848K, used 14435K [0x00000000eab00000, 0x00000000ebd80000, 0x0000000100000000)
  eden space 10752K, 100% used [0x00000000eab00000,0x00000000eb580000,0x00000000eb580000)
  from space 4096K, 89% used [0x00000000eb600000,0x00000000eb998f60,0x00000000eba00000)
  to   space 3584K, 0% used [0x00000000eba00000,0x00000000eba00000,0x00000000ebd80000)
 ParOldGen       total 344576K, used 344084K [0x00000000c0000000, 0x00000000d5080000, 0x00000000eab00000)
  object space 344576K, 99% used [0x00000000c0000000,0x00000000d5005060,0x00000000d5080000)
 Metaspace       used 56880K, committed 58304K, reserved 1114112K
  class space    used 5843K, committed 6464K, reserved 1048576K
}
Event: 6.845 GC heap after
{Heap after GC invocations=312 (full 2):
 PSYoungGen      total 14336K, used 3295K [0x00000000eab00000, 0x00000000ebd80000, 0x0000000100000000)
  eden space 10752K, 0% used [0x00000000eab00000,0x00000000eab00000,0x00000000eb580000)
  from space 3584K, 91% used [0x00000000eba00000,0x00000000ebd37fd0,0x00000000ebd80000)
  to   space 3584K, 0% used [0x00000000eb680000,0x00000000eb680000,0x00000000eba00000)
 ParOldGen       total 347648K, used 347561K [0x00000000c0000000, 0x00000000d5380000, 0x00000000eab00000)
  object space 347648K, 99% used [0x00000000c0000000,0x00000000d536a4f0,0x00000000d5380000)
 Metaspace       used 56880K, committed 58304K, reserved 1114112K
  class space    used 5843K, committed 6464K, reserved 1048576K
}
Event: 6.901 GC heap before
{Heap before GC invocations=313 (full 2):
 PSYoungGen      total 14336K, used 13528K [0x00000000eab00000, 0x00000000ebd80000, 0x0000000100000000)
  eden space 10752K, 95% used [0x00000000eab00000,0x00000000eb4fe168,0x00000000eb580000)
  from space 3584K, 91% used [0x00000000eba00000,0x00000000ebd37fd0,0x00000000ebd80000)
  to   space 3584K, 0% used [0x00000000eb680000,0x00000000eb680000,0x00000000eba00000)
 ParOldGen       total 347648K, used 347561K [0x00000000c0000000, 0x00000000d5380000, 0x00000000eab00000)
  object space 347648K, 99% used [0x00000000c0000000,0x00000000d536a4f0,0x00000000d5380000)
 Metaspace       used 56994K, committed 58368K, reserved 1114112K
  class space    used 5850K, committed 6464K, reserved 1048576K
}
Event: 6.905 GC heap after
{Heap after GC invocations=313 (full 2):
 PSYoungGen      total 14336K, used 3571K [0x00000000eab00000, 0x00000000eca80000, 0x0000000100000000)
  eden space 10752K, 0% used [0x00000000eab00000,0x00000000eab00000,0x00000000eb580000)
  from space 3584K, 99% used [0x00000000eb680000,0x00000000eb9fcdb8,0x00000000eba00000)
  to   space 10752K, 0% used [0x00000000ec000000,0x00000000ec000000,0x00000000eca80000)
 ParOldGen       total 353280K, used 353248K [0x00000000c0000000, 0x00000000d5900000, 0x00000000eab00000)
  object space 353280K, 99% used [0x00000000c0000000,0x00000000d58f8390,0x00000000d5900000)
 Metaspace       used 56994K, committed 58368K, reserved 1114112K
  class space    used 5850K, committed 6464K, reserved 1048576K
}
Event: 7.007 GC heap before
{Heap before GC invocations=314 (full 2):
 PSYoungGen      total 14336K, used 14323K [0x00000000eab00000, 0x00000000eca80000, 0x0000000100000000)
  eden space 10752K, 100% used [0x00000000eab00000,0x00000000eb580000,0x00000000eb580000)
  from space 3584K, 99% used [0x00000000eb680000,0x00000000eb9fcdb8,0x00000000eba00000)
  to   space 10752K, 0% used [0x00000000ec000000,0x00000000ec000000,0x00000000eca80000)
 ParOldGen       total 353280K, used 353248K [0x00000000c0000000, 0x00000000d5900000, 0x00000000eab00000)
  object space 353280K, 99% used [0x00000000c0000000,0x00000000d58f8390,0x00000000d5900000)
 Metaspace       used 57381K, committed 58752K, reserved 1114112K
  class space    used 5877K, committed 6464K, reserved 1048576K
}
Event: 7.012 GC heap after
{Heap after GC invocations=314 (full 2):
 PSYoungGen      total 17920K, used 7047K [0x00000000eab00000, 0x00000000ec700000, 0x0000000100000000)
  eden space 10752K, 0% used [0x00000000eab00000,0x00000000eab00000,0x00000000eb580000)
  from space 7168K, 98% used [0x00000000ec000000,0x00000000ec6e1ee8,0x00000000ec700000)
  to   space 8192K, 0% used [0x00000000eb700000,0x00000000eb700000,0x00000000ebf00000)
 ParOldGen       total 356864K, used 356841K [0x00000000c0000000, 0x00000000d5c80000, 0x00000000eab00000)
  object space 356864K, 99% used [0x00000000c0000000,0x00000000d5c7a488,0x00000000d5c80000)
 Metaspace       used 57381K, committed 58752K, reserved 1114112K
  class space    used 5877K, committed 6464K, reserved 1048576K
}
Event: 7.078 GC heap before
{Heap before GC invocations=315 (full 2):
 PSYoungGen      total 17920K, used 17799K [0x00000000eab00000, 0x00000000ec700000, 0x0000000100000000)
  eden space 10752K, 99% used [0x00000000eab00000,0x00000000eb57ff40,0x00000000eb580000)
  from space 7168K, 98% used [0x00000000ec000000,0x00000000ec6e1ee8,0x00000000ec700000)
  to   space 8192K, 0% used [0x00000000eb700000,0x00000000eb700000,0x00000000ebf00000)
 ParOldGen       total 356864K, used 356841K [0x00000000c0000000, 0x00000000d5c80000, 0x00000000eab00000)
  object space 356864K, 99% used [0x00000000c0000000,0x00000000d5c7a488,0x00000000d5c80000)
 Metaspace       used 57576K, committed 58880K, reserved 1114112K
  class space    used 5882K, committed 6464K, reserved 1048576K
}
Event: 7.083 GC heap after
{Heap after GC invocations=315 (full 2):
 PSYoungGen      total 17408K, used 6170K [0x00000000eab00000, 0x00000000ec280000, 0x0000000100000000)
  eden space 10752K, 0% used [0x00000000eab00000,0x00000000eab00000,0x00000000eb580000)
  from space 6656K, 92% used [0x00000000eb700000,0x00000000ebd069d8,0x00000000ebd80000)
  to   space 5120K, 0% used [0x00000000ebd80000,0x00000000ebd80000,0x00000000ec280000)
 ParOldGen       total 364032K, used 363684K [0x00000000c0000000, 0x00000000d6380000, 0x00000000eab00000)
  object space 364032K, 99% used [0x00000000c0000000,0x00000000d63292a0,0x00000000d6380000)
 Metaspace       used 57576K, committed 58880K, reserved 1114112K
  class space    used 5882K, committed 6464K, reserved 1048576K
}
Event: 7.178 GC heap before
{Heap before GC invocations=316 (full 2):
 PSYoungGen      total 17408K, used 16922K [0x00000000eab00000, 0x00000000ec280000, 0x0000000100000000)
  eden space 10752K, 100% used [0x00000000eab00000,0x00000000eb580000,0x00000000eb580000)
  from space 6656K, 92% used [0x00000000eb700000,0x00000000ebd069d8,0x00000000ebd80000)
  to   space 5120K, 0% used [0x00000000ebd80000,0x00000000ebd80000,0x00000000ec280000)
 ParOldGen       total 364032K, used 363684K [0x00000000c0000000, 0x00000000d6380000, 0x00000000eab00000)
  object space 364032K, 99% used [0x00000000c0000000,0x00000000d63292a0,0x00000000d6380000)
 Metaspace       used 57692K, committed 59008K, reserved 1114112K
  class space    used 5899K, committed 6464K, reserved 1048576K
}
Event: 7.184 GC heap after
{Heap after GC invocations=316 (full 2):
 PSYoungGen      total 9216K, used 5107K [0x00000000eab00000, 0x00000000ed280000, 0x0000000100000000)
  eden space 4096K, 0% used [0x00000000eab00000,0x00000000eab00000,0x00000000eaf00000)
  from space 5120K, 99% used [0x00000000ebd80000,0x00000000ec27cd10,0x00000000ec280000)
  to   space 14848K, 0% used [0x00000000eaf00000,0x00000000eaf00000,0x00000000ebd80000)
 ParOldGen       total 372224K, used 371973K [0x00000000c0000000, 0x00000000d6b80000, 0x00000000eab00000)
  object space 372224K, 99% used [0x00000000c0000000,0x00000000d6b416e0,0x00000000d6b80000)
 Metaspace       used 57692K, committed 59008K, reserved 1114112K
  class space    used 5899K, committed 6464K, reserved 1048576K
}
Event: 7.214 GC heap before
{Heap before GC invocations=317 (full 2):
 PSYoungGen      total 9216K, used 9203K [0x00000000eab00000, 0x00000000ed280000, 0x0000000100000000)
  eden space 4096K, 100% used [0x00000000eab00000,0x00000000eaf00000,0x00000000eaf00000)
  from space 5120K, 99% used [0x00000000ebd80000,0x00000000ec27cd10,0x00000000ec280000)
  to   space 14848K, 0% used [0x00000000eaf00000,0x00000000eaf00000,0x00000000ebd80000)
 ParOldGen       total 372224K, used 371973K [0x00000000c0000000, 0x00000000d6b80000, 0x00000000eab00000)
  object space 372224K, 99% used [0x00000000c0000000,0x00000000d6b416e0,0x00000000d6b80000)
 Metaspace       used 57852K, committed 59200K, reserved 1114112K
  class space    used 5911K, committed 6528K, reserved 1048576K
}

Dll operation events (10 events):
Event: 0.007 Loaded shared library c:\Users\MSI\.vscode\extensions\redhat.java-1.41.1-win32-x64\jre\21.0.6-win32-x86_64\bin\java.dll
Event: 0.038 Loaded shared library c:\Users\MSI\.vscode\extensions\redhat.java-1.41.1-win32-x64\jre\21.0.6-win32-x86_64\bin\zip.dll
Event: 0.072 Loaded shared library C:\Users\MSI\.vscode\extensions\redhat.java-1.41.1-win32-x64\jre\21.0.6-win32-x86_64\bin\instrument.dll
Event: 0.074 Loaded shared library C:\Users\MSI\.vscode\extensions\redhat.java-1.41.1-win32-x64\jre\21.0.6-win32-x86_64\bin\net.dll
Event: 0.076 Loaded shared library C:\Users\MSI\.vscode\extensions\redhat.java-1.41.1-win32-x64\jre\21.0.6-win32-x86_64\bin\nio.dll
Event: 0.077 Loaded shared library C:\Users\MSI\.vscode\extensions\redhat.java-1.41.1-win32-x64\jre\21.0.6-win32-x86_64\bin\zip.dll
Event: 0.088 Loaded shared library C:\Users\MSI\.vscode\extensions\redhat.java-1.41.1-win32-x64\jre\21.0.6-win32-x86_64\bin\jimage.dll
Event: 0.130 Loaded shared library c:\Users\MSI\.vscode\extensions\redhat.java-1.41.1-win32-x64\jre\21.0.6-win32-x86_64\bin\verify.dll
Event: 0.718 Loaded shared library C:\Users\MSI\AppData\Roaming\Code\User\globalStorage\redhat.java\1.41.1\config_win\org.eclipse.equinox.launcher\org.eclipse.equinox.launcher.win32.win32.x86_64_1.2.1300.v20250331-1702\eclipse_11911.dll
Event: 1.675 Loaded shared library C:\Users\MSI\AppData\Local\Temp\jna-76643\jna16605966259109866581.dll

Deoptimization events (20 events):
Event: 7.156 Thread 0x000001f07f488830 Uncommon trap: trap_request=0xffffff45 fr.pc=0x000001f02cf7ba78 relative=0x0000000000000fb8
Event: 7.156 Thread 0x000001f07f488830 Uncommon trap: reason=unstable_if action=reinterpret pc=0x000001f02cf7ba78 method=lombok.eclipse.agent.EclipsePatcher$1.shouldTransform(Ljava/lang/ClassLoader;Ljava/lang/String;Ljava/lang/Class;Ljava/security/ProtectionDomain;[B)Z @ 98 c2
Event: 7.156 Thread 0x000001f07f488830 DEOPT PACKING pc=0x000001f02cf7ba78 sp=0x0000005d39afc900
Event: 7.156 Thread 0x000001f07f488830 DEOPT UNPACKING pc=0x000001f02c323aa2 sp=0x0000005d39afc818 mode 2
Event: 7.159 Thread 0x000001f07f488830 DEOPT PACKING pc=0x000001f025803b7b sp=0x0000005d39afe080
Event: 7.159 Thread 0x000001f07f488830 DEOPT UNPACKING pc=0x000001f02c324242 sp=0x0000005d39afd4f0 mode 0
Event: 7.162 Thread 0x000001f07f488830 DEOPT PACKING pc=0x000001f025803b9c sp=0x0000005d39afe080
Event: 7.162 Thread 0x000001f07f488830 DEOPT UNPACKING pc=0x000001f02c324242 sp=0x0000005d39afd4f0 mode 0
Event: 7.188 Thread 0x000001f07f488830 Uncommon trap: trap_request=0xffffff45 fr.pc=0x000001f02cfde1c8 relative=0x0000000000000768
Event: 7.188 Thread 0x000001f07f488830 Uncommon trap: reason=unstable_if action=reinterpret pc=0x000001f02cfde1c8 method=org.eclipse.jdt.internal.compiler.classfmt.MethodInfo.decodeMethodAnnotations(IZLorg/eclipse/jdt/internal/compiler/classfmt/MethodInfo;)[Lorg/eclipse/jdt/internal/compiler/c
Event: 7.188 Thread 0x000001f07f488830 DEOPT PACKING pc=0x000001f02cfde1c8 sp=0x0000005d39afce10
Event: 7.188 Thread 0x000001f07f488830 DEOPT UNPACKING pc=0x000001f02c323aa2 sp=0x0000005d39afcdc0 mode 2
Event: 7.189 Thread 0x000001f07f488830 DEOPT PACKING pc=0x000001f0262b65e5 sp=0x0000005d39afcc20
Event: 7.189 Thread 0x000001f07f488830 DEOPT UNPACKING pc=0x000001f02c324242 sp=0x0000005d39afc0a8 mode 0
Event: 7.196 Thread 0x000001f07f488830 DEOPT PACKING pc=0x000001f0262b65e5 sp=0x0000005d39afd270
Event: 7.196 Thread 0x000001f07f488830 DEOPT UNPACKING pc=0x000001f02c324242 sp=0x0000005d39afc6f8 mode 0
Event: 7.201 Thread 0x000001f07f488830 DEOPT PACKING pc=0x000001f0262b656c sp=0x0000005d39afce90
Event: 7.201 Thread 0x000001f07f488830 DEOPT UNPACKING pc=0x000001f02c324242 sp=0x0000005d39afc318 mode 0
Event: 7.208 Thread 0x000001f07f488830 DEOPT PACKING pc=0x000001f0262b656c sp=0x0000005d39afd280
Event: 7.208 Thread 0x000001f07f488830 DEOPT UNPACKING pc=0x000001f02c324242 sp=0x0000005d39afc708 mode 0

Classes loaded (20 events):
Event: 5.465 Loading class java/util/stream/MatchOps$MatchKind
Event: 5.465 Loading class java/util/stream/MatchOps$MatchKind done
Event: 5.465 Loading class java/util/stream/MatchOps
Event: 5.465 Loading class java/util/stream/MatchOps done
Event: 5.465 Loading class java/util/stream/MatchOps$MatchOp
Event: 5.465 Loading class java/util/stream/MatchOps$MatchOp done
Event: 5.465 Loading class java/util/stream/MatchOps$BooleanTerminalSink
Event: 5.465 Loading class java/util/stream/MatchOps$BooleanTerminalSink done
Event: 5.466 Loading class java/util/stream/MatchOps$1MatchSink
Event: 5.466 Loading class java/util/stream/MatchOps$1MatchSink done
Event: 5.582 Loading class java/util/concurrent/ForkJoinTask$AdaptedCallable
Event: 5.582 Loading class java/util/concurrent/ForkJoinTask$AdaptedCallable done
Event: 5.633 Loading class java/lang/Runtime$VersionPattern
Event: 5.633 Loading class java/lang/Runtime$VersionPattern done
Event: 5.783 Loading class java/util/Vector$1
Event: 5.784 Loading class java/util/Vector$1 done
Event: 6.016 Loading class java/util/regex/Pattern$Caret
Event: 6.016 Loading class java/util/regex/Pattern$Caret done
Event: 6.041 Loading class java/util/regex/Pattern$LazyLoop
Event: 6.041 Loading class java/util/regex/Pattern$LazyLoop done

Classes unloaded (7 events):
Event: 1.984 Thread 0x000001f0771e4920 Unloading class 0x000001f03719f800 'java/lang/invoke/LambdaForm$MH+0x000001f03719f800'
Event: 1.984 Thread 0x000001f0771e4920 Unloading class 0x000001f03719f400 'java/lang/invoke/LambdaForm$MH+0x000001f03719f400'
Event: 1.984 Thread 0x000001f0771e4920 Unloading class 0x000001f03719f000 'java/lang/invoke/LambdaForm$MH+0x000001f03719f000'
Event: 1.984 Thread 0x000001f0771e4920 Unloading class 0x000001f03719ec00 'java/lang/invoke/LambdaForm$MH+0x000001f03719ec00'
Event: 1.984 Thread 0x000001f0771e4920 Unloading class 0x000001f03719e800 'java/lang/invoke/LambdaForm$BMH+0x000001f03719e800'
Event: 1.984 Thread 0x000001f0771e4920 Unloading class 0x000001f03719e400 'java/lang/invoke/LambdaForm$DMH+0x000001f03719e400'
Event: 1.984 Thread 0x000001f0771e4920 Unloading class 0x000001f03719d400 'java/lang/invoke/LambdaForm$DMH+0x000001f03719d400'

Classes redefined (0 events):
No events

Internal exceptions (20 events):
Event: 5.586 Thread 0x000001f001e1a410 Exception <a 'sun/nio/fs/WindowsException'{0x00000000eab04a30}> (0x00000000eab04a30) 
thrown [s\src\hotspot\share\prims\jni.cpp, line 520]
Event: 5.586 Thread 0x000001f001e1b130 Exception <a 'sun/nio/fs/WindowsException'{0x00000000eab1f688}> (0x00000000eab1f688) 
thrown [s\src\hotspot\share\prims\jni.cpp, line 520]
Event: 5.587 Thread 0x000001f001e17620 Exception <a 'sun/nio/fs/WindowsException'{0x00000000eab005a0}> (0x00000000eab005a0) 
thrown [s\src\hotspot\share\prims\jni.cpp, line 520]
Event: 5.587 Thread 0x000001f001e16f90 Exception <a 'sun/nio/fs/WindowsException'{0x00000000eab243e8}> (0x00000000eab243e8) 
thrown [s\src\hotspot\share\prims\jni.cpp, line 520]
Event: 5.587 Thread 0x000001f001e1cb70 Exception <a 'sun/nio/fs/WindowsException'{0x00000000eab41310}> (0x00000000eab41310) 
thrown [s\src\hotspot\share\prims\jni.cpp, line 520]
Event: 5.587 Thread 0x000001f001e1a410 Exception <a 'sun/nio/fs/WindowsException'{0x00000000eab05d50}> (0x00000000eab05d50) 
thrown [s\src\hotspot\share\prims\jni.cpp, line 520]
Event: 5.587 Thread 0x000001f001e1aaa0 Exception <a 'sun/nio/fs/WindowsException'{0x00000000eab432c8}> (0x00000000eab432c8) 
thrown [s\src\hotspot\share\prims\jni.cpp, line 520]
Event: 5.588 Thread 0x000001f001e1cb70 Exception <a 'sun/nio/fs/WindowsException'{0x00000000eab42698}> (0x00000000eab42698) 
thrown [s\src\hotspot\share\prims\jni.cpp, line 520]
Event: 5.588 Thread 0x000001f001e1b7c0 Exception <a 'sun/nio/fs/WindowsException'{0x00000000eab08238}> (0x00000000eab08238) 
thrown [s\src\hotspot\share\prims\jni.cpp, line 520]
Event: 5.589 Thread 0x000001f001e19d80 Exception <a 'sun/nio/fs/WindowsException'{0x00000000eab02a90}> (0x00000000eab02a90) 
thrown [s\src\hotspot\share\prims\jni.cpp, line 520]
Event: 5.589 Thread 0x000001f001e1a410 Exception <a 'sun/nio/fs/WindowsException'{0x00000000eab53758}> (0x00000000eab53758) 
thrown [s\src\hotspot\share\prims\jni.cpp, line 520]
Event: 5.589 Thread 0x000001f001e1a410 Exception <a 'sun/nio/fs/WindowsException'{0x00000000eab54bd8}> (0x00000000eab54bd8) 
thrown [s\src\hotspot\share\prims\jni.cpp, line 520]
Event: 5.589 Thread 0x000001f001e1cb70 Exception <a 'sun/nio/fs/WindowsException'{0x00000000eab51330}> (0x00000000eab51330) 
thrown [s\src\hotspot\share\prims\jni.cpp, line 520]
Event: 5.591 Thread 0x000001f001e19060 Exception <a 'sun/nio/fs/WindowsException'{0x00000000eab46c60}> (0x00000000eab46c60) 
thrown [s\src\hotspot\share\prims\jni.cpp, line 520]
Event: 5.593 Thread 0x000001f001e1b7c0 Exception <a 'sun/nio/fs/WindowsException'{0x00000000eab94958}> (0x00000000eab94958) 
thrown [s\src\hotspot\share\prims\jni.cpp, line 520]
Event: 6.544 Thread 0x000001f07f488830 Implicit null exception at 0x000001f02ce337da to 0x000001f02ce33833
Event: 6.625 Thread 0x000001f07f488830 Exception <a 'java/lang/NoSuchMethodError'{0x00000000eb1782e0}: 'java.lang.Object java.lang.invoke.DirectMethodHandle$Holder.invokeStatic(java.lang.Object, java.lang.Object, int, int)'> (0x00000000eb1782e0) 
thrown [s\src\hotspot\share\interpreter\linkResolver.cpp, line 773]
Event: 6.626 Thread 0x000001f07f488830 Exception <a 'java/lang/NoSuchMethodError'{0x00000000eb18e038}: 'java.lang.Object java.lang.invoke.DirectMethodHandle$Holder.invokeSpecial(java.lang.Object, java.lang.Object, java.lang.Object, int, int)'> (0x00000000eb18e038) 
thrown [s\src\hotspot\share\interpreter\linkResolver.cpp, line 773]
Event: 6.699 Thread 0x000001f07f488830 Exception <a 'java/lang/NoSuchMethodError'{0x00000000eb2fe5c8}: 'void java.lang.invoke.DelegatingMethodHandle$Holder.reinvoke_L(java.lang.Object, java.lang.Object, java.lang.Object, int, java.lang.Object, int, int)'> (0x00000000eb2fe5c8) 
thrown [s\src\hotspot\share\interpreter\linkResolver.cpp, line 773]
Event: 6.886 Thread 0x000001f07f488830 Exception <a 'java/lang/NoSuchMethodError'{0x00000000eb199e38}: 'int java.lang.invoke.DirectMethodHandle$Holder.invokeSpecialIFC(java.lang.Object, java.lang.Object, java.lang.Object)'> (0x00000000eb199e38) 
thrown [s\src\hotspot\share\interpreter\linkResolver.cpp, line 773]

ZGC Phase Switch (0 events):
No events

VM Operations (20 events):
Event: 6.757 Executing VM operation: ParallelGCFailedAllocation (Allocation Failure) done
Event: 6.801 Executing VM operation: ParallelGCFailedAllocation (Allocation Failure)
Event: 6.804 Executing VM operation: ParallelGCFailedAllocation (Allocation Failure) done
Event: 6.842 Executing VM operation: ParallelGCFailedAllocation (Allocation Failure)
Event: 6.845 Executing VM operation: ParallelGCFailedAllocation (Allocation Failure) done
Event: 6.901 Executing VM operation: ParallelGCFailedAllocation (Allocation Failure)
Event: 6.905 Executing VM operation: ParallelGCFailedAllocation (Allocation Failure) done
Event: 7.006 Executing VM operation: ParallelGCFailedAllocation (Allocation Failure)
Event: 7.012 Executing VM operation: ParallelGCFailedAllocation (Allocation Failure) done
Event: 7.016 Executing VM operation: HandshakeAllThreads (Deoptimize)
Event: 7.016 Executing VM operation: HandshakeAllThreads (Deoptimize) done
Event: 7.078 Executing VM operation: ParallelGCFailedAllocation (Allocation Failure)
Event: 7.083 Executing VM operation: ParallelGCFailedAllocation (Allocation Failure) done
Event: 7.088 Executing VM operation: HandshakeAllThreads (Deoptimize)
Event: 7.088 Executing VM operation: HandshakeAllThreads (Deoptimize) done
Event: 7.093 Executing VM operation: HandshakeAllThreads (Deoptimize)
Event: 7.093 Executing VM operation: HandshakeAllThreads (Deoptimize) done
Event: 7.178 Executing VM operation: ParallelGCFailedAllocation (Allocation Failure)
Event: 7.184 Executing VM operation: ParallelGCFailedAllocation (Allocation Failure) done
Event: 7.214 Executing VM operation: ParallelGCFailedAllocation (Allocation Failure)

Memory protections (0 events):
No events

Nmethod flushes (20 events):
Event: 3.082 Thread 0x000001f0771e4920 flushing  nmethod 0x000001f02559c690
Event: 3.082 Thread 0x000001f0771e4920 flushing  nmethod 0x000001f02559ce10
Event: 3.082 Thread 0x000001f0771e4920 flushing  nmethod 0x000001f02559d790
Event: 3.082 Thread 0x000001f0771e4920 flushing  nmethod 0x000001f02559dc90
Event: 3.082 Thread 0x000001f0771e4920 flushing  nmethod 0x000001f02559f590
Event: 3.082 Thread 0x000001f0771e4920 flushing  nmethod 0x000001f0255a0590
Event: 3.082 Thread 0x000001f0771e4920 flushing  nmethod 0x000001f0255a2010
Event: 3.082 Thread 0x000001f0771e4920 flushing  nmethod 0x000001f0255a3a90
Event: 3.082 Thread 0x000001f0771e4920 flushing  nmethod 0x000001f0255e5410
Event: 3.082 Thread 0x000001f0771e4920 flushing  nmethod 0x000001f0255eb590
Event: 3.082 Thread 0x000001f0771e4920 flushing  nmethod 0x000001f02560d090
Event: 3.082 Thread 0x000001f0771e4920 flushing  nmethod 0x000001f02568b690
Event: 3.082 Thread 0x000001f0771e4920 flushing  nmethod 0x000001f0256ad810
Event: 3.082 Thread 0x000001f0771e4920 flushing  nmethod 0x000001f0256e2890
Event: 3.082 Thread 0x000001f0771e4920 flushing  nmethod 0x000001f0256f8090
Event: 3.082 Thread 0x000001f0771e4920 flushing  nmethod 0x000001f0256f8510
Event: 3.082 Thread 0x000001f0771e4920 flushing  nmethod 0x000001f0256f9490
Event: 3.082 Thread 0x000001f0771e4920 flushing  nmethod 0x000001f025722e90
Event: 3.082 Thread 0x000001f0771e4920 flushing  nmethod 0x000001f025742b90
Event: 3.082 Thread 0x000001f0771e4920 flushing  nmethod 0x000001f02574ba90

Events (20 events):
Event: 5.586 Thread 0x000001f001e189d0 Thread added: 0x000001f001e1cb70
Event: 5.587 Thread 0x000001f001e196f0 Thread added: 0x000001f001e1d890
Event: 5.587 Thread 0x000001f001e1aaa0 Thread added: 0x000001f001e1d200
Event: 5.628 Thread 0x000001f07f488830 Thread added: 0x000001f00d1ba760
Event: 5.628 Thread 0x000001f07f488830 Thread added: 0x000001f00d1ba0d0
Event: 5.628 Thread 0x000001f07f488830 Thread added: 0x000001f00d1bc1a0
Event: 5.628 Thread 0x000001f07f488830 Thread added: 0x000001f00d1bbb10
Event: 5.628 Thread 0x000001f07f488830 Thread added: 0x000001f00d1b9a40
Event: 5.628 Thread 0x000001f07f488830 Thread added: 0x000001f00d1badf0
Event: 5.628 Thread 0x000001f00d1bbb10 Thread added: 0x000001f00d1b8d20
Event: 5.628 Thread 0x000001f00d1badf0 Thread added: 0x000001f00d1bb480
Event: 5.628 Thread 0x000001f00d1b8d20 Thread added: 0x000001f00d1bc830
Event: 5.628 Thread 0x000001f00d1bb480 Thread added: 0x000001f00d1b93b0
Event: 5.628 Thread 0x000001f00d1ba0d0 Thread added: 0x000001f00d1bd550
Event: 5.629 Thread 0x000001f00d1ba760 Thread added: 0x000001f00d1be270
Event: 5.629 Thread 0x000001f00d1b93b0 Thread added: 0x000001f00d1bf620
Event: 5.629 Thread 0x000001f00d1be270 Thread added: 0x000001f00d1bfcb0
Event: 6.023 Thread 0x000001f000979520 Thread exited: 0x000001f000979520
Event: 6.578 Thread 0x000001f0785a9b50 Thread added: 0x000001f000979520
Event: 7.027 Thread 0x000001f07efcf090 Thread exited: 0x000001f07efcf090


Dynamic libraries:
0x00007ff6c6cd0000 - 0x00007ff6c6cde000 	c:\Users\MSI\.vscode\extensions\redhat.java-1.41.1-win32-x64\jre\21.0.6-win32-x86_64\bin\java.exe
0x00007ffbc58e0000 - 0x00007ffbc5b40000 	C:\WINDOWS\SYSTEM32\ntdll.dll
0x00007ffbc4d10000 - 0x00007ffbc4dd7000 	C:\WINDOWS\System32\KERNEL32.DLL
0x00007ffbc3030000 - 0x00007ffbc33fa000 	C:\WINDOWS\System32\KERNELBASE.dll
0x00007ffbc2b80000 - 0x00007ffbc2ccb000 	C:\WINDOWS\System32\ucrtbase.dll
0x00007ffba39d0000 - 0x00007ffba39ee000 	c:\Users\MSI\.vscode\extensions\redhat.java-1.41.1-win32-x64\jre\21.0.6-win32-x86_64\bin\VCRUNTIME140.dll
0x00007ffba3db0000 - 0x00007ffba3dc8000 	c:\Users\MSI\.vscode\extensions\redhat.java-1.41.1-win32-x64\jre\21.0.6-win32-x86_64\bin\jli.dll
0x00007ffbc3880000 - 0x00007ffbc3a4c000 	C:\WINDOWS\System32\USER32.dll
0x00007ffbadf60000 - 0x00007ffbae1f7000 	C:\WINDOWS\WinSxS\amd64_microsoft.windows.common-controls_6595b64144ccf1df_6.0.26100.3624_none_3e086962e3345f24\COMCTL32.dll
0x00007ffbc2b50000 - 0x00007ffbc2b77000 	C:\WINDOWS\System32\win32u.dll
0x00007ffbc46f0000 - 0x00007ffbc4799000 	C:\WINDOWS\System32\msvcrt.dll
0x00007ffbc4930000 - 0x00007ffbc495a000 	C:\WINDOWS\System32\GDI32.dll
0x00007ffbc2ef0000 - 0x00007ffbc3021000 	C:\WINDOWS\System32\gdi32full.dll
0x00007ffbc2cd0000 - 0x00007ffbc2d73000 	C:\WINDOWS\System32\msvcp_win.dll
0x00007ffbc3a50000 - 0x00007ffbc3a7f000 	C:\WINDOWS\System32\IMM32.DLL
0x00007ffbb62a0000 - 0x00007ffbb62ac000 	c:\Users\MSI\.vscode\extensions\redhat.java-1.41.1-win32-x64\jre\21.0.6-win32-x86_64\bin\vcruntime140_1.dll
0x00007ffb91330000 - 0x00007ffb913bd000 	c:\Users\MSI\.vscode\extensions\redhat.java-1.41.1-win32-x64\jre\21.0.6-win32-x86_64\bin\msvcp140.dll
0x00007ffb2efd0000 - 0x00007ffb2fd60000 	c:\Users\MSI\.vscode\extensions\redhat.java-1.41.1-win32-x64\jre\21.0.6-win32-x86_64\bin\server\jvm.dll
0x00007ffbc47b0000 - 0x00007ffbc4862000 	C:\WINDOWS\System32\ADVAPI32.dll
0x00007ffbc4880000 - 0x00007ffbc4926000 	C:\WINDOWS\System32\sechost.dll
0x00007ffbc4960000 - 0x00007ffbc4a76000 	C:\WINDOWS\System32\RPCRT4.dll
0x00007ffbc3a90000 - 0x00007ffbc3b04000 	C:\WINDOWS\System32\WS2_32.dll
0x00007ffbc2910000 - 0x00007ffbc296e000 	C:\WINDOWS\SYSTEM32\POWRPROF.dll
0x00007ffbbc8e0000 - 0x00007ffbbc916000 	C:\WINDOWS\SYSTEM32\WINMM.dll
0x00007ffbbc920000 - 0x00007ffbbc92b000 	C:\WINDOWS\SYSTEM32\VERSION.dll
0x00007ffbc28f0000 - 0x00007ffbc2904000 	C:\WINDOWS\SYSTEM32\UMPDC.dll
0x00007ffbc18d0000 - 0x00007ffbc18ea000 	C:\WINDOWS\SYSTEM32\kernel.appcore.dll
0x00007ffbb5830000 - 0x00007ffbb583a000 	c:\Users\MSI\.vscode\extensions\redhat.java-1.41.1-win32-x64\jre\21.0.6-win32-x86_64\bin\jimage.dll
0x00007ffbb6840000 - 0x00007ffbb6a81000 	C:\WINDOWS\SYSTEM32\DBGHELP.DLL
0x00007ffbc4df0000 - 0x00007ffbc5172000 	C:\WINDOWS\System32\combase.dll
0x00007ffbc5200000 - 0x00007ffbc52d6000 	C:\WINDOWS\System32\OLEAUT32.dll
0x00007ffbab590000 - 0x00007ffbab5c9000 	C:\WINDOWS\SYSTEM32\dbgcore.DLL
0x00007ffbc34c0000 - 0x00007ffbc3559000 	C:\WINDOWS\System32\bcryptPrimitives.dll
0x00007ffbb2d00000 - 0x00007ffbb2d0f000 	c:\Users\MSI\.vscode\extensions\redhat.java-1.41.1-win32-x64\jre\21.0.6-win32-x86_64\bin\instrument.dll
0x00007ffba4b10000 - 0x00007ffba4b2f000 	c:\Users\MSI\.vscode\extensions\redhat.java-1.41.1-win32-x64\jre\21.0.6-win32-x86_64\bin\java.dll
0x00007ffbc3b30000 - 0x00007ffbc4259000 	C:\WINDOWS\System32\SHELL32.dll
0x00007ffbc2d80000 - 0x00007ffbc2ee8000 	C:\WINDOWS\System32\wintypes.dll
0x00007ffbc0740000 - 0x00007ffbc0f92000 	C:\WINDOWS\SYSTEM32\windows.storage.dll
0x00007ffbc5600000 - 0x00007ffbc56ed000 	C:\WINDOWS\System32\SHCORE.dll
0x00007ffbc4a80000 - 0x00007ffbc4ae4000 	C:\WINDOWS\System32\shlwapi.dll
0x00007ffbc29d0000 - 0x00007ffbc29ff000 	C:\WINDOWS\SYSTEM32\profapi.dll
0x00007ffb94060000 - 0x00007ffb94078000 	c:\Users\MSI\.vscode\extensions\redhat.java-1.41.1-win32-x64\jre\21.0.6-win32-x86_64\bin\zip.dll
0x00007ffbb2af0000 - 0x00007ffbb2b00000 	C:\Users\MSI\.vscode\extensions\redhat.java-1.41.1-win32-x64\jre\21.0.6-win32-x86_64\bin\net.dll
0x00007ffbbc650000 - 0x00007ffbbc76d000 	C:\WINDOWS\SYSTEM32\WINHTTP.dll
0x00007ffbc1df0000 - 0x00007ffbc1e5a000 	C:\WINDOWS\system32\mswsock.dll
0x00007ffb923d0000 - 0x00007ffb923e6000 	C:\Users\MSI\.vscode\extensions\redhat.java-1.41.1-win32-x64\jre\21.0.6-win32-x86_64\bin\nio.dll
0x00007ffbb29f0000 - 0x00007ffbb2a00000 	c:\Users\MSI\.vscode\extensions\redhat.java-1.41.1-win32-x64\jre\21.0.6-win32-x86_64\bin\verify.dll
0x00007ffbb56c0000 - 0x00007ffbb5705000 	C:\Users\MSI\AppData\Roaming\Code\User\globalStorage\redhat.java\1.41.1\config_win\org.eclipse.equinox.launcher\org.eclipse.equinox.launcher.win32.win32.x86_64_1.2.1300.v20250331-1702\eclipse_11911.dll
0x00007ffbc36e0000 - 0x00007ffbc3876000 	C:\WINDOWS\System32\ole32.dll
0x00007ffbc2090000 - 0x00007ffbc20ac000 	C:\WINDOWS\SYSTEM32\CRYPTSP.dll
0x00007ffbc1830000 - 0x00007ffbc186a000 	C:\WINDOWS\system32\rsaenh.dll
0x00007ffbc1e90000 - 0x00007ffbc1ebb000 	C:\WINDOWS\SYSTEM32\USERENV.dll
0x00007ffbc29a0000 - 0x00007ffbc29c6000 	C:\WINDOWS\SYSTEM32\bcrypt.dll
0x00007ffbc20b0000 - 0x00007ffbc20bc000 	C:\WINDOWS\SYSTEM32\CRYPTBASE.dll
0x00007ffbc1310000 - 0x00007ffbc1343000 	C:\WINDOWS\SYSTEM32\IPHLPAPI.DLL
0x00007ffbc47a0000 - 0x00007ffbc47aa000 	C:\WINDOWS\System32\NSI.dll
0x00007ffbb2d40000 - 0x00007ffbb2d89000 	C:\Users\MSI\AppData\Local\Temp\jna-76643\jna16605966259109866581.dll
0x00007ffbc4d00000 - 0x00007ffbc4d08000 	C:\WINDOWS\System32\PSAPI.DLL
0x00007ffbbc8b0000 - 0x00007ffbbc8cf000 	C:\WINDOWS\SYSTEM32\dhcpcsvc6.DLL
0x00007ffbbc7f0000 - 0x00007ffbbc815000 	C:\WINDOWS\SYSTEM32\dhcpcsvc.DLL

dbghelp: loaded successfully - version: 4.0.5 - missing functions: none
symbol engine: initialized successfully - sym options: 0x614 - pdb path: .;c:\Users\MSI\.vscode\extensions\redhat.java-1.41.1-win32-x64\jre\21.0.6-win32-x86_64\bin;C:\WINDOWS\SYSTEM32;C:\WINDOWS\WinSxS\amd64_microsoft.windows.common-controls_6595b64144ccf1df_6.0.26100.3624_none_3e086962e3345f24;c:\Users\MSI\.vscode\extensions\redhat.java-1.41.1-win32-x64\jre\21.0.6-win32-x86_64\bin\server;C:\Users\MSI\AppData\Roaming\Code\User\globalStorage\redhat.java\1.41.1\config_win\org.eclipse.equinox.launcher\org.eclipse.equinox.launcher.win32.win32.x86_64_1.2.1300.v20250331-1702;C:\Users\MSI\AppData\Local\Temp\jna-76643

VM Arguments:
jvm_args: --add-modules=ALL-SYSTEM --add-opens=java.base/java.util=ALL-UNNAMED --add-opens=java.base/java.lang=ALL-UNNAMED --add-opens=java.base/sun.nio.fs=ALL-UNNAMED -Declipse.application=org.eclipse.jdt.ls.core.id1 -Dosgi.bundles.defaultStartLevel=4 -Declipse.product=org.eclipse.jdt.ls.core.product -Djava.import.generatesMetadataFilesAtProjectRoot=false -DDetectVMInstallationsJob.disabled=true -Dfile.encoding=utf8 -XX:+UseParallelGC -XX:GCTimeRatio=4 -XX:AdaptiveSizePolicyWeight=90 -Dsun.zip.disableMemoryMapping=true -Xmx1G -Xms100m -Xlog:disable -javaagent:c:\Users\MSI\.vscode\extensions\redhat.java-1.41.1-win32-x64\lombok\lombok-1.18.36.jar -XX:+HeapDumpOnOutOfMemoryError -XX:HeapDumpPath=c:\Users\MSI\AppData\Roaming\Code\User\workspaceStorage\3815725e1ac4c6c69b70af32f7c49045\redhat.java -Daether.dependencyCollector.impl=bf 
java_command: c:\Users\MSI\.vscode\extensions\redhat.java-1.41.1-win32-x64\server\plugins\org.eclipse.equinox.launcher_1.7.0.v20250331-1702.jar -configuration c:\Users\MSI\AppData\Roaming\Code\User\globalStorage\redhat.java\1.41.1\config_win -data c:\Users\MSI\AppData\Roaming\Code\User\workspaceStorage\3815725e1ac4c6c69b70af32f7c49045\redhat.java\jdt_ws --pipe=\\.\pipe\lsp-de633c3108ae14a7948f24a4281dc0dc-sock
java_class_path (initial): c:\Users\MSI\.vscode\extensions\redhat.java-1.41.1-win32-x64\server\plugins\org.eclipse.equinox.launcher_1.7.0.v20250331-1702.jar
Launcher Type: SUN_STANDARD

[Global flags]
    uintx AdaptiveSizePolicyWeight                 = 90                                        {product} {command line}
     intx CICompilerCount                          = 12                                        {product} {ergonomic}
    uintx GCTimeRatio                              = 4                                         {product} {command line}
     bool HeapDumpOnOutOfMemoryError               = true                                   {manageable} {command line}
    ccstr HeapDumpPath                             = c:\Users\MSI\AppData\Roaming\Code\User\workspaceStorage\3815725e1ac4c6c69b70af32f7c49045\redhat.java         {manageable} {command line}
   size_t InitialHeapSize                          = 104857600                                 {product} {command line}
   size_t MaxHeapSize                              = 1073741824                                {product} {command line}
   size_t MaxNewSize                               = 357564416                                 {product} {ergonomic}
   size_t MinHeapDeltaBytes                        = 524288                                    {product} {ergonomic}
   size_t MinHeapSize                              = 104857600                                 {product} {command line}
   size_t NewSize                                  = 34603008                                  {product} {ergonomic}
    uintx NonNMethodCodeHeapSize                   = 7602480                                {pd product} {ergonomic}
    uintx NonProfiledCodeHeapSize                  = 122027880                              {pd product} {ergonomic}
   size_t OldSize                                  = 70254592                                  {product} {ergonomic}
    uintx ProfiledCodeHeapSize                     = 122027880                              {pd product} {ergonomic}
    uintx ReservedCodeCacheSize                    = 251658240                              {pd product} {ergonomic}
     bool SegmentedCodeCache                       = true                                      {product} {ergonomic}
   size_t SoftMaxHeapSize                          = 1073741824                             {manageable} {ergonomic}
     bool UseCompressedOops                        = true                           {product lp64_product} {ergonomic}
     bool UseLargePagesIndividualAllocation        = false                                  {pd product} {ergonomic}
     bool UseParallelGC                            = true                                      {product} {command line}

Logging:
Log output configuration:
 #0: stdout all=off uptime,level,tags foldmultilines=false
 #1: stderr all=off uptime,level,tags foldmultilines=false

Environment Variables:
JAVA_HOME=C:\Program Files\Java\jdk-17
PATH=C:\Program Files\Common Files\Oracle\Java\javapath;C:\Program Files (x86)\VMware\VMware Workstation\bin\;C:\Program Files\Microsoft MPI\Bin\;C:\WINDOWS\system32;C:\WINDOWS;C:\WINDOWS\System32\Wbem;C:\WINDOWS\System32\WindowsPowerShell\v1.0\;C:\WINDOWS\System32\OpenSSH\;C:\Program Files\nodejs\;C:\Program Files (x86)\Microsoft SQL Server\160\Tools\Binn\;C:\Program Files\Microsoft SQL Server\160\Tools\Binn\;C:\Program Files\Microsoft SQL Server\Client SDK\ODBC\170\Tools\Binn\;C:\Program Files\Microsoft SQL Server\160\DTS\Binn\;C:\Program Files (x86)\Microsoft SQL Server\160\DTS\Binn\;C:\Program Files\Git LFS;C:\Program Files\Git\cmd;C:\Program Files\PowerShell\7\;C:\Program Files\Java\jdk-17\bin;C:\Program Files\MySQL\MySQL Shell 8.0\bin\;C:\Users\MSI\AppData\Local\Programs\Python\Python313;C:\Users\MSI\AppData\Local\Microsoft\WindowsApps;C:\Users\MSI\AppData\Local\Programs\Microsoft VS Code\bin;C:\Users\MSI\AppData\Roaming\npm;C:\Program Files\JetBrains\IntelliJ IDEA 2024.3.1.1\bin;;
USERNAME=MSI
OS=Windows_NT
PROCESSOR_IDENTIFIER=AMD64 Family 25 Model 80 Stepping 0, AuthenticAMD
TMP=C:\Users\MSI\AppData\Local\Temp
TEMP=C:\Users\MSI\AppData\Local\Temp




Periodic native trim disabled

---------------  S Y S T E M  ---------------

OS:
 Windows 11 , 64 bit Build 26100 (10.0.26100.3775)
OS uptime: 0 days 18:01 hours
Hyper-V role detected

CPU: total 16 (initial active 16) (16 cores per cpu, 2 threads per core) family 25 model 80 stepping 0 microcode 0xa50000c, cx8, cmov, fxsr, ht, mmx, 3dnowpref, sse, sse2, sse3, ssse3, sse4a, sse4.1, sse4.2, popcnt, lzcnt, tsc, tscinvbit, avx, avx2, aes, erms, clmul, bmi1, bmi2, adx, sha, fma, vzeroupper, clflush, clflushopt, hv, rdtscp, rdpid, fsrm, f16c, cet_ss
Processor Information for processor 0
  Max Mhz: 3201, Current Mhz: 2555, Mhz Limit: 3201
Processor Information for processor 1
  Max Mhz: 3201, Current Mhz: 3201, Mhz Limit: 3201
Processor Information for processor 2
  Max Mhz: 3201, Current Mhz: 2555, Mhz Limit: 3201
Processor Information for processor 3
  Max Mhz: 3201, Current Mhz: 3201, Mhz Limit: 3201
Processor Information for processor 4
  Max Mhz: 3201, Current Mhz: 2555, Mhz Limit: 3201
Processor Information for processor 5
  Max Mhz: 3201, Current Mhz: 3201, Mhz Limit: 3201
Processor Information for processor 6
  Max Mhz: 3201, Current Mhz: 3201, Mhz Limit: 3201
Processor Information for processor 7
  Max Mhz: 3201, Current Mhz: 2555, Mhz Limit: 3201
Processor Information for processor 8
  Max Mhz: 3201, Current Mhz: 3201, Mhz Limit: 3201
Processor Information for processor 9
  Max Mhz: 3201, Current Mhz: 2555, Mhz Limit: 3201
Processor Information for processor 10
  Max Mhz: 3201, Current Mhz: 3201, Mhz Limit: 3201
Processor Information for processor 11
  Max Mhz: 3201, Current Mhz: 3201, Mhz Limit: 3201
Processor Information for processor 12
  Max Mhz: 3201, Current Mhz: 2555, Mhz Limit: 3201
Processor Information for processor 13
  Max Mhz: 3201, Current Mhz: 3201, Mhz Limit: 3201
Processor Information for processor 14
  Max Mhz: 3201, Current Mhz: 3201, Mhz Limit: 3201
Processor Information for processor 15
  Max Mhz: 3201, Current Mhz: 2555, Mhz Limit: 3201

Memory: 4k page, system-wide physical 15752M (4771M free)
TotalPageFile size 15752M (AvailPageFile size 26M)
current process WorkingSet (physical memory assigned to process): 802M, peak: 806M
current process commit charge ("private bytes"): 746M, peak: 765M

vm_info: OpenJDK 64-Bit Server VM (21.0.6+7-LTS) for windows-amd64 JRE (21.0.6+7-LTS), built on 2025-01-21T00:00:00Z by "admin" with MS VC++ 17.7 (VS2022)

END.
