#
# There is insufficient memory for the Java Runtime Environment to continue.
# Native memory allocation (malloc) failed to allocate 32784 bytes for Chunk::new
# Possible reasons:
#   The system is out of physical RAM or swap space
#   The process is running with CompressedOops enabled, and the Java Heap may be blocking the growth of the native heap
# Possible solutions:
#   Reduce memory load on the system
#   Increase physical memory or swap space
#   Check if swap backing store is full
#   Decrease Java heap size (-Xmx/-Xms)
#   Decrease number of Java threads
#   Decrease Java thread stack sizes (-Xss)
#   Set larger code cache with -XX:ReservedCodeCacheSize=
#   JVM is running with Zero Based Compressed Oops mode in which the Java heap is
#     placed in the first 32GB address space. The Java Heap base address is the
#     maximum limit for the native heap growth. Please use -XX:HeapBaseMinAddress
#     to set the Java Heap base and to place the Java Heap above 32GB virtual address.
# This output file may be truncated or incomplete.
#
#  Out of Memory Error (arena.cpp:189), pid=12672, tid=18972
#
# JRE version: Java(TM) SE Runtime Environment (17.0.11+7) (build 17.0.11+7-LTS-207)
# Java VM: Java HotSpot(TM) 64-Bit Server VM (17.0.11+7-LTS-207, mixed mode, sharing, tiered, compressed oops, compressed class ptrs, g1 gc, windows-amd64)
# No core dump will be written. Minidumps are not enabled by default on client versions of Windows
#

---------------  S U M M A R Y ------------

Command Line: -XX:+ShowCodeDetailsInExceptionMessages com.laptrinhoop.WebSalesApplication

Host: AMD Ryzen 7 5800H with Radeon Graphics         , 16 cores, 15G,  Windows 11 , 64 bit Build 26100 (10.0.26100.3775)
Time: Tue Apr 15 17:14:57 2025 SE Asia Standard Time elapsed time: 4.547144 seconds (0d 0h 0m 4s)

---------------  T H R E A D  ---------------

Current thread (0x000001a851272ef0):  JavaThread "C2 CompilerThread0" daemon [_thread_in_native, id=18972, stack(0x00000033a5300000,0x00000033a5400000)]


Current CompileTask:
C2:   4547 1596   !   4       java.net.URL::<init> (543 bytes)

Stack: [0x00000033a5300000,0x00000033a5400000]
Native frames: (J=compiled Java code, j=interpreted, Vv=VM code, C=native code)
V  [jvm.dll+0x679cca]
V  [jvm.dll+0x7da13d]
V  [jvm.dll+0x7dba83]
V  [jvm.dll+0x7dc0f3]
V  [jvm.dll+0x2449af]
V  [jvm.dll+0xab83b]
V  [jvm.dll+0xabe1c]
V  [jvm.dll+0xb8fad]
V  [jvm.dll+0x57209c]
V  [jvm.dll+0x5702e0]
V  [jvm.dll+0x570ca0]
V  [jvm.dll+0x5700f0]
V  [jvm.dll+0x570104]
V  [jvm.dll+0x570104]
V  [jvm.dll+0x570104]
V  [jvm.dll+0x570104]
V  [jvm.dll+0x570104]
V  [jvm.dll+0x582108]
V  [jvm.dll+0x21ed62]
V  [jvm.dll+0x21f13f]
V  [jvm.dll+0x218331]
V  [jvm.dll+0x215505]
V  [jvm.dll+0x1a2040]
V  [jvm.dll+0x225a2b]
V  [jvm.dll+0x223bcb]
V  [jvm.dll+0x7903ec]
V  [jvm.dll+0x78a85a]
V  [jvm.dll+0x678bb5]
C  [ucrtbase.dll+0x37b0]
C  [KERNEL32.DLL+0x2e8d7]
C  [ntdll.dll+0xb14fc]


---------------  P R O C E S S  ---------------

Threads class SMR info:
_java_thread_list=0x000001a89893dba0, length=16, elements={
0x000001a82c6352e0, 0x000001a851259030, 0x000001a8512599f0, 0x000001a85126bfd0,
0x000001a85126c990, 0x000001a85126d350, 0x000001a85126ec50, 0x000001a851272ef0,
0x000001a851277df0, 0x000001a851292830, 0x000001a851279dd0, 0x000001a85127a870,
0x000001a85128faa0, 0x000001a8512913f0, 0x000001a851292320, 0x000001a851278de0
}

Java Threads: ( => current thread )
  0x000001a82c6352e0 JavaThread "main" [_thread_in_native, id=24324, stack(0x00000033a4600000,0x00000033a4700000)]
  0x000001a851259030 JavaThread "Reference Handler" daemon [_thread_blocked, id=24412, stack(0x00000033a4d00000,0x00000033a4e00000)]
  0x000001a8512599f0 JavaThread "Finalizer" daemon [_thread_blocked, id=18164, stack(0x00000033a4e00000,0x00000033a4f00000)]
  0x000001a85126bfd0 JavaThread "Signal Dispatcher" daemon [_thread_blocked, id=7808, stack(0x00000033a4f00000,0x00000033a5000000)]
  0x000001a85126c990 JavaThread "Attach Listener" daemon [_thread_blocked, id=2012, stack(0x00000033a5000000,0x00000033a5100000)]
  0x000001a85126d350 JavaThread "Service Thread" daemon [_thread_blocked, id=22868, stack(0x00000033a5100000,0x00000033a5200000)]
  0x000001a85126ec50 JavaThread "Monitor Deflation Thread" daemon [_thread_blocked, id=15580, stack(0x00000033a5200000,0x00000033a5300000)]
=>0x000001a851272ef0 JavaThread "C2 CompilerThread0" daemon [_thread_in_native, id=18972, stack(0x00000033a5300000,0x00000033a5400000)]
  0x000001a851277df0 JavaThread "C1 CompilerThread0" daemon [_thread_blocked, id=15556, stack(0x00000033a5400000,0x00000033a5500000)]
  0x000001a851292830 JavaThread "Sweeper thread" daemon [_thread_blocked, id=19428, stack(0x00000033a5500000,0x00000033a5600000)]
  0x000001a851279dd0 JavaThread "C1 CompilerThread1" daemon [_thread_blocked, id=2192, stack(0x00000033a5600000,0x00000033a5700000)]
  0x000001a85127a870 JavaThread "C1 CompilerThread2" daemon [_thread_blocked, id=20280, stack(0x00000033a5700000,0x00000033a5800000)]
  0x000001a85128faa0 JavaThread "Notification Thread" daemon [_thread_blocked, id=6692, stack(0x00000033a5800000,0x00000033a5900000)]
  0x000001a8512913f0 JavaThread "Common-Cleaner" daemon [_thread_blocked, id=23980, stack(0x00000033a5a00000,0x00000033a5b00000)]
  0x000001a851292320 JavaThread "background-preinit" [_thread_in_vm, id=8892, stack(0x00000033a5e00000,0x00000033a5f00000)]
  0x000001a851278de0 JavaThread "C2 CompilerThread1" daemon [_thread_in_native, id=22652, stack(0x00000033a5b00000,0x00000033a5c00000)]

Other Threads:
  0x000001a851252ee0 VMThread "VM Thread" [stack: 0x00000033a4c00000,0x00000033a4d00000] [id=24228]
  0x000001a851d1db10 WatcherThread [stack: 0x00000033a5900000,0x00000033a5a00000] [id=9656]
  0x000001a82c6a9dd0 GCTaskThread "GC Thread#0" [stack: 0x00000033a4700000,0x00000033a4800000] [id=10448]
  0x000001a897fe8480 GCTaskThread "GC Thread#1" [stack: 0x00000033a5f00000,0x00000033a6000000] [id=22828]
  0x000001a898079d10 GCTaskThread "GC Thread#2" [stack: 0x00000033a6000000,0x00000033a6100000] [id=23100]
  0x000001a897fe7960 GCTaskThread "GC Thread#3" [stack: 0x00000033a6100000,0x00000033a6200000] [id=23752]
  0x000001a898106bf0 GCTaskThread "GC Thread#4" [stack: 0x00000033a6200000,0x00000033a6300000] [id=20488]
  0x000001a8980502a0 GCTaskThread "GC Thread#5" [stack: 0x00000033a6300000,0x00000033a6400000] [id=15024]
  0x000001a8988f58d0 GCTaskThread "GC Thread#6" [stack: 0x00000033a5d00000,0x00000033a5e00000] [id=14648]
  0x000001a8985bd580 GCTaskThread "GC Thread#7" [stack: 0x00000033a6400000,0x00000033a6500000] [id=12316]
  0x000001a897e1d6e0 GCTaskThread "GC Thread#8" [stack: 0x00000033a6500000,0x00000033a6600000] [id=22448]
  0x000001a82c6bdf50 ConcurrentGCThread "G1 Main Marker" [stack: 0x00000033a4800000,0x00000033a4900000] [id=22936]
  0x000001a82c6be860 ConcurrentGCThread "G1 Conc#0" [stack: 0x00000033a4900000,0x00000033a4a00000] [id=5724]
  0x000001a85118cf30 ConcurrentGCThread "G1 Refine#0" [stack: 0x00000033a4a00000,0x00000033a4b00000] [id=13300]
  0x000001a82c6eea70 ConcurrentGCThread "G1 Service" [stack: 0x00000033a4b00000,0x00000033a4c00000] [id=13104]

Threads with active compile tasks:
C2 CompilerThread0     4599 1596   !   4       java.net.URL::<init> (543 bytes)

VM state: not at safepoint (normal execution)

VM Mutex/Monitor currently owned by a thread: None

Heap address: 0x0000000709c00000, size: 3940 MB, Compressed Oops mode: Zero based, Oop shift amount: 3

CDS archive(s) mapped at: [0x000001a852000000-0x000001a852bd0000-0x000001a852bd0000), size 12386304, SharedBaseAddress: 0x000001a852000000, ArchiveRelocationMode: 1.
Compressed class space mapped at: 0x000001a853000000-0x000001a893000000, reserved size: 1073741824
Narrow klass base: 0x000001a852000000, Narrow klass shift: 0, Narrow klass range: 0x100000000

GC Precious Log:
 CPUs: 16 total, 16 available
 Memory: 15752M
 Large Page Support: Disabled
 NUMA Support: Disabled
 Compressed Oops: Enabled (Zero based)
 Heap Region Size: 2M
 Heap Min Capacity: 8M
 Heap Initial Capacity: 248M
 Heap Max Capacity: 3940M
 Pre-touch: Disabled
 Parallel Workers: 13
 Concurrent Workers: 3
 Concurrent Refinement Workers: 13
 Periodic GC: Disabled

Heap:
 garbage-first heap   total 253952K, used 12864K [0x0000000709c00000, 0x0000000800000000)
  region size 2048K, 3 young (6144K), 1 survivors (2048K)
 Metaspace       used 11004K, committed 11136K, reserved 1114112K
  class space    used 1457K, committed 1536K, reserved 1048576K

Heap Regions: E=young(eden), S=young(survivor), O=old, HS=humongous(starts), HC=humongous(continues), CS=collection set, F=free, OA=open archive, CA=closed archive, TAMS=top-at-mark-start (previous, next)
|   0|0x0000000709c00000, 0x0000000709e00000, 0x0000000709e00000|100%| O|  |TAMS 0x0000000709c00000, 0x0000000709c00000| Untracked 
|   1|0x0000000709e00000, 0x000000070a000000, 0x000000070a000000|100%| O|  |TAMS 0x0000000709e00000, 0x0000000709e00000| Untracked 
|   2|0x000000070a000000, 0x000000070a200000, 0x000000070a200000|100%| O|  |TAMS 0x000000070a000000, 0x000000070a000000| Untracked 
|   3|0x000000070a200000, 0x000000070a400000, 0x000000070a400000|100%| O|  |TAMS 0x000000070a200000, 0x000000070a200000| Untracked 
|   4|0x000000070a400000, 0x000000070a4b8408, 0x000000070a600000| 35%| O|  |TAMS 0x000000070a400000, 0x000000070a400000| Untracked 
|   5|0x000000070a600000, 0x000000070a600000, 0x000000070a800000|  0%| F|  |TAMS 0x000000070a600000, 0x000000070a600000| Untracked 
|   6|0x000000070a800000, 0x000000070a800000, 0x000000070aa00000|  0%| F|  |TAMS 0x000000070a800000, 0x000000070a800000| Untracked 
|   7|0x000000070aa00000, 0x000000070aa00000, 0x000000070ac00000|  0%| F|  |TAMS 0x000000070aa00000, 0x000000070aa00000| Untracked 
|   8|0x000000070ac00000, 0x000000070ac00000, 0x000000070ae00000|  0%| F|  |TAMS 0x000000070ac00000, 0x000000070ac00000| Untracked 
|   9|0x000000070ae00000, 0x000000070ae00000, 0x000000070b000000|  0%| F|  |TAMS 0x000000070ae00000, 0x000000070ae00000| Untracked 
|  10|0x000000070b000000, 0x000000070b000000, 0x000000070b200000|  0%| F|  |TAMS 0x000000070b000000, 0x000000070b000000| Untracked 
|  11|0x000000070b200000, 0x000000070b200000, 0x000000070b400000|  0%| F|  |TAMS 0x000000070b200000, 0x000000070b200000| Untracked 
|  12|0x000000070b400000, 0x000000070b400000, 0x000000070b600000|  0%| F|  |TAMS 0x000000070b400000, 0x000000070b400000| Untracked 
|  13|0x000000070b600000, 0x000000070b600000, 0x000000070b800000|  0%| F|  |TAMS 0x000000070b600000, 0x000000070b600000| Untracked 
|  14|0x000000070b800000, 0x000000070b800000, 0x000000070ba00000|  0%| F|  |TAMS 0x000000070b800000, 0x000000070b800000| Untracked 
|  15|0x000000070ba00000, 0x000000070ba00000, 0x000000070bc00000|  0%| F|  |TAMS 0x000000070ba00000, 0x000000070ba00000| Untracked 
|  16|0x000000070bc00000, 0x000000070bc00000, 0x000000070be00000|  0%| F|  |TAMS 0x000000070bc00000, 0x000000070bc00000| Untracked 
|  17|0x000000070be00000, 0x000000070be00000, 0x000000070c000000|  0%| F|  |TAMS 0x000000070be00000, 0x000000070be00000| Untracked 
|  18|0x000000070c000000, 0x000000070c000000, 0x000000070c200000|  0%| F|  |TAMS 0x000000070c000000, 0x000000070c000000| Untracked 
|  19|0x000000070c200000, 0x000000070c200000, 0x000000070c400000|  0%| F|  |TAMS 0x000000070c200000, 0x000000070c200000| Untracked 
|  20|0x000000070c400000, 0x000000070c400000, 0x000000070c600000|  0%| F|  |TAMS 0x000000070c400000, 0x000000070c400000| Untracked 
|  21|0x000000070c600000, 0x000000070c600000, 0x000000070c800000|  0%| F|  |TAMS 0x000000070c600000, 0x000000070c600000| Untracked 
|  22|0x000000070c800000, 0x000000070c800000, 0x000000070ca00000|  0%| F|  |TAMS 0x000000070c800000, 0x000000070c800000| Untracked 
|  23|0x000000070ca00000, 0x000000070ca00000, 0x000000070cc00000|  0%| F|  |TAMS 0x000000070ca00000, 0x000000070ca00000| Untracked 
|  24|0x000000070cc00000, 0x000000070cc00000, 0x000000070ce00000|  0%| F|  |TAMS 0x000000070cc00000, 0x000000070cc00000| Untracked 
|  25|0x000000070ce00000, 0x000000070ce00000, 0x000000070d000000|  0%| F|  |TAMS 0x000000070ce00000, 0x000000070ce00000| Untracked 
|  26|0x000000070d000000, 0x000000070d000000, 0x000000070d200000|  0%| F|  |TAMS 0x000000070d000000, 0x000000070d000000| Untracked 
|  27|0x000000070d200000, 0x000000070d200000, 0x000000070d400000|  0%| F|  |TAMS 0x000000070d200000, 0x000000070d200000| Untracked 
|  28|0x000000070d400000, 0x000000070d400000, 0x000000070d600000|  0%| F|  |TAMS 0x000000070d400000, 0x000000070d400000| Untracked 
|  29|0x000000070d600000, 0x000000070d600000, 0x000000070d800000|  0%| F|  |TAMS 0x000000070d600000, 0x000000070d600000| Untracked 
|  30|0x000000070d800000, 0x000000070d800000, 0x000000070da00000|  0%| F|  |TAMS 0x000000070d800000, 0x000000070d800000| Untracked 
|  31|0x000000070da00000, 0x000000070da00000, 0x000000070dc00000|  0%| F|  |TAMS 0x000000070da00000, 0x000000070da00000| Untracked 
|  32|0x000000070dc00000, 0x000000070dc00000, 0x000000070de00000|  0%| F|  |TAMS 0x000000070dc00000, 0x000000070dc00000| Untracked 
|  33|0x000000070de00000, 0x000000070de00000, 0x000000070e000000|  0%| F|  |TAMS 0x000000070de00000, 0x000000070de00000| Untracked 
|  34|0x000000070e000000, 0x000000070e000000, 0x000000070e200000|  0%| F|  |TAMS 0x000000070e000000, 0x000000070e000000| Untracked 
|  35|0x000000070e200000, 0x000000070e200000, 0x000000070e400000|  0%| F|  |TAMS 0x000000070e200000, 0x000000070e200000| Untracked 
|  36|0x000000070e400000, 0x000000070e400000, 0x000000070e600000|  0%| F|  |TAMS 0x000000070e400000, 0x000000070e400000| Untracked 
|  37|0x000000070e600000, 0x000000070e600000, 0x000000070e800000|  0%| F|  |TAMS 0x000000070e600000, 0x000000070e600000| Untracked 
|  38|0x000000070e800000, 0x000000070e800000, 0x000000070ea00000|  0%| F|  |TAMS 0x000000070e800000, 0x000000070e800000| Untracked 
|  39|0x000000070ea00000, 0x000000070ea00000, 0x000000070ec00000|  0%| F|  |TAMS 0x000000070ea00000, 0x000000070ea00000| Untracked 
|  40|0x000000070ec00000, 0x000000070ec00000, 0x000000070ee00000|  0%| F|  |TAMS 0x000000070ec00000, 0x000000070ec00000| Untracked 
|  41|0x000000070ee00000, 0x000000070ee00000, 0x000000070f000000|  0%| F|  |TAMS 0x000000070ee00000, 0x000000070ee00000| Untracked 
|  42|0x000000070f000000, 0x000000070f000000, 0x000000070f200000|  0%| F|  |TAMS 0x000000070f000000, 0x000000070f000000| Untracked 
|  43|0x000000070f200000, 0x000000070f200000, 0x000000070f400000|  0%| F|  |TAMS 0x000000070f200000, 0x000000070f200000| Untracked 
|  44|0x000000070f400000, 0x000000070f400000, 0x000000070f600000|  0%| F|  |TAMS 0x000000070f400000, 0x000000070f400000| Untracked 
|  45|0x000000070f600000, 0x000000070f600000, 0x000000070f800000|  0%| F|  |TAMS 0x000000070f600000, 0x000000070f600000| Untracked 
|  46|0x000000070f800000, 0x000000070f800000, 0x000000070fa00000|  0%| F|  |TAMS 0x000000070f800000, 0x000000070f800000| Untracked 
|  47|0x000000070fa00000, 0x000000070fa00000, 0x000000070fc00000|  0%| F|  |TAMS 0x000000070fa00000, 0x000000070fa00000| Untracked 
|  48|0x000000070fc00000, 0x000000070fc00000, 0x000000070fe00000|  0%| F|  |TAMS 0x000000070fc00000, 0x000000070fc00000| Untracked 
|  49|0x000000070fe00000, 0x000000070fe00000, 0x0000000710000000|  0%| F|  |TAMS 0x000000070fe00000, 0x000000070fe00000| Untracked 
|  50|0x0000000710000000, 0x0000000710000000, 0x0000000710200000|  0%| F|  |TAMS 0x0000000710000000, 0x0000000710000000| Untracked 
|  51|0x0000000710200000, 0x0000000710200000, 0x0000000710400000|  0%| F|  |TAMS 0x0000000710200000, 0x0000000710200000| Untracked 
|  52|0x0000000710400000, 0x0000000710400000, 0x0000000710600000|  0%| F|  |TAMS 0x0000000710400000, 0x0000000710400000| Untracked 
|  53|0x0000000710600000, 0x0000000710600000, 0x0000000710800000|  0%| F|  |TAMS 0x0000000710600000, 0x0000000710600000| Untracked 
|  54|0x0000000710800000, 0x0000000710800000, 0x0000000710a00000|  0%| F|  |TAMS 0x0000000710800000, 0x0000000710800000| Untracked 
|  55|0x0000000710a00000, 0x0000000710a00000, 0x0000000710c00000|  0%| F|  |TAMS 0x0000000710a00000, 0x0000000710a00000| Untracked 
|  56|0x0000000710c00000, 0x0000000710c00000, 0x0000000710e00000|  0%| F|  |TAMS 0x0000000710c00000, 0x0000000710c00000| Untracked 
|  57|0x0000000710e00000, 0x0000000710e00000, 0x0000000711000000|  0%| F|  |TAMS 0x0000000710e00000, 0x0000000710e00000| Untracked 
|  58|0x0000000711000000, 0x0000000711000000, 0x0000000711200000|  0%| F|  |TAMS 0x0000000711000000, 0x0000000711000000| Untracked 
|  59|0x0000000711200000, 0x0000000711200000, 0x0000000711400000|  0%| F|  |TAMS 0x0000000711200000, 0x0000000711200000| Untracked 
|  60|0x0000000711400000, 0x0000000711400000, 0x0000000711600000|  0%| F|  |TAMS 0x0000000711400000, 0x0000000711400000| Untracked 
|  61|0x0000000711600000, 0x0000000711600000, 0x0000000711800000|  0%| F|  |TAMS 0x0000000711600000, 0x0000000711600000| Untracked 
|  62|0x0000000711800000, 0x0000000711800000, 0x0000000711a00000|  0%| F|  |TAMS 0x0000000711800000, 0x0000000711800000| Untracked 
|  63|0x0000000711a00000, 0x0000000711a00000, 0x0000000711c00000|  0%| F|  |TAMS 0x0000000711a00000, 0x0000000711a00000| Untracked 
|  64|0x0000000711c00000, 0x0000000711c00000, 0x0000000711e00000|  0%| F|  |TAMS 0x0000000711c00000, 0x0000000711c00000| Untracked 
|  65|0x0000000711e00000, 0x0000000711e00000, 0x0000000712000000|  0%| F|  |TAMS 0x0000000711e00000, 0x0000000711e00000| Untracked 
|  66|0x0000000712000000, 0x0000000712000000, 0x0000000712200000|  0%| F|  |TAMS 0x0000000712000000, 0x0000000712000000| Untracked 
|  67|0x0000000712200000, 0x0000000712200000, 0x0000000712400000|  0%| F|  |TAMS 0x0000000712200000, 0x0000000712200000| Untracked 
|  68|0x0000000712400000, 0x0000000712400000, 0x0000000712600000|  0%| F|  |TAMS 0x0000000712400000, 0x0000000712400000| Untracked 
|  69|0x0000000712600000, 0x0000000712600000, 0x0000000712800000|  0%| F|  |TAMS 0x0000000712600000, 0x0000000712600000| Untracked 
|  70|0x0000000712800000, 0x0000000712800000, 0x0000000712a00000|  0%| F|  |TAMS 0x0000000712800000, 0x0000000712800000| Untracked 
|  71|0x0000000712a00000, 0x0000000712a00000, 0x0000000712c00000|  0%| F|  |TAMS 0x0000000712a00000, 0x0000000712a00000| Untracked 
|  72|0x0000000712c00000, 0x0000000712c00000, 0x0000000712e00000|  0%| F|  |TAMS 0x0000000712c00000, 0x0000000712c00000| Untracked 
|  73|0x0000000712e00000, 0x0000000712e00000, 0x0000000713000000|  0%| F|  |TAMS 0x0000000712e00000, 0x0000000712e00000| Untracked 
|  74|0x0000000713000000, 0x0000000713000000, 0x0000000713200000|  0%| F|  |TAMS 0x0000000713000000, 0x0000000713000000| Untracked 
|  75|0x0000000713200000, 0x0000000713200000, 0x0000000713400000|  0%| F|  |TAMS 0x0000000713200000, 0x0000000713200000| Untracked 
|  76|0x0000000713400000, 0x0000000713400000, 0x0000000713600000|  0%| F|  |TAMS 0x0000000713400000, 0x0000000713400000| Untracked 
|  77|0x0000000713600000, 0x0000000713600000, 0x0000000713800000|  0%| F|  |TAMS 0x0000000713600000, 0x0000000713600000| Untracked 
|  78|0x0000000713800000, 0x0000000713800000, 0x0000000713a00000|  0%| F|  |TAMS 0x0000000713800000, 0x0000000713800000| Untracked 
|  79|0x0000000713a00000, 0x0000000713a00000, 0x0000000713c00000|  0%| F|  |TAMS 0x0000000713a00000, 0x0000000713a00000| Untracked 
|  80|0x0000000713c00000, 0x0000000713c00000, 0x0000000713e00000|  0%| F|  |TAMS 0x0000000713c00000, 0x0000000713c00000| Untracked 
|  81|0x0000000713e00000, 0x0000000713e00000, 0x0000000714000000|  0%| F|  |TAMS 0x0000000713e00000, 0x0000000713e00000| Untracked 
|  82|0x0000000714000000, 0x0000000714000000, 0x0000000714200000|  0%| F|  |TAMS 0x0000000714000000, 0x0000000714000000| Untracked 
|  83|0x0000000714200000, 0x0000000714200000, 0x0000000714400000|  0%| F|  |TAMS 0x0000000714200000, 0x0000000714200000| Untracked 
|  84|0x0000000714400000, 0x0000000714400000, 0x0000000714600000|  0%| F|  |TAMS 0x0000000714400000, 0x0000000714400000| Untracked 
|  85|0x0000000714600000, 0x0000000714600000, 0x0000000714800000|  0%| F|  |TAMS 0x0000000714600000, 0x0000000714600000| Untracked 
|  86|0x0000000714800000, 0x0000000714800000, 0x0000000714a00000|  0%| F|  |TAMS 0x0000000714800000, 0x0000000714800000| Untracked 
|  87|0x0000000714a00000, 0x0000000714a00000, 0x0000000714c00000|  0%| F|  |TAMS 0x0000000714a00000, 0x0000000714a00000| Untracked 
|  88|0x0000000714c00000, 0x0000000714c00000, 0x0000000714e00000|  0%| F|  |TAMS 0x0000000714c00000, 0x0000000714c00000| Untracked 
|  89|0x0000000714e00000, 0x0000000714e00000, 0x0000000715000000|  0%| F|  |TAMS 0x0000000714e00000, 0x0000000714e00000| Untracked 
|  90|0x0000000715000000, 0x0000000715000000, 0x0000000715200000|  0%| F|  |TAMS 0x0000000715000000, 0x0000000715000000| Untracked 
|  91|0x0000000715200000, 0x0000000715200000, 0x0000000715400000|  0%| F|  |TAMS 0x0000000715200000, 0x0000000715200000| Untracked 
|  92|0x0000000715400000, 0x0000000715400000, 0x0000000715600000|  0%| F|  |TAMS 0x0000000715400000, 0x0000000715400000| Untracked 
|  93|0x0000000715600000, 0x0000000715600000, 0x0000000715800000|  0%| F|  |TAMS 0x0000000715600000, 0x0000000715600000| Untracked 
|  94|0x0000000715800000, 0x0000000715800000, 0x0000000715a00000|  0%| F|  |TAMS 0x0000000715800000, 0x0000000715800000| Untracked 
|  95|0x0000000715a00000, 0x0000000715a00000, 0x0000000715c00000|  0%| F|  |TAMS 0x0000000715a00000, 0x0000000715a00000| Untracked 
|  96|0x0000000715c00000, 0x0000000715c00000, 0x0000000715e00000|  0%| F|  |TAMS 0x0000000715c00000, 0x0000000715c00000| Untracked 
|  97|0x0000000715e00000, 0x0000000715e00000, 0x0000000716000000|  0%| F|  |TAMS 0x0000000715e00000, 0x0000000715e00000| Untracked 
|  98|0x0000000716000000, 0x0000000716000000, 0x0000000716200000|  0%| F|  |TAMS 0x0000000716000000, 0x0000000716000000| Untracked 
|  99|0x0000000716200000, 0x0000000716200000, 0x0000000716400000|  0%| F|  |TAMS 0x0000000716200000, 0x0000000716200000| Untracked 
| 100|0x0000000716400000, 0x0000000716400000, 0x0000000716600000|  0%| F|  |TAMS 0x0000000716400000, 0x0000000716400000| Untracked 
| 101|0x0000000716600000, 0x0000000716600000, 0x0000000716800000|  0%| F|  |TAMS 0x0000000716600000, 0x0000000716600000| Untracked 
| 102|0x0000000716800000, 0x0000000716800000, 0x0000000716a00000|  0%| F|  |TAMS 0x0000000716800000, 0x0000000716800000| Untracked 
| 103|0x0000000716a00000, 0x0000000716a00000, 0x0000000716c00000|  0%| F|  |TAMS 0x0000000716a00000, 0x0000000716a00000| Untracked 
| 104|0x0000000716c00000, 0x0000000716c00000, 0x0000000716e00000|  0%| F|  |TAMS 0x0000000716c00000, 0x0000000716c00000| Untracked 
| 105|0x0000000716e00000, 0x0000000716e00000, 0x0000000717000000|  0%| F|  |TAMS 0x0000000716e00000, 0x0000000716e00000| Untracked 
| 106|0x0000000717000000, 0x0000000717000000, 0x0000000717200000|  0%| F|  |TAMS 0x0000000717000000, 0x0000000717000000| Untracked 
| 107|0x0000000717200000, 0x0000000717200000, 0x0000000717400000|  0%| F|  |TAMS 0x0000000717200000, 0x0000000717200000| Untracked 
| 108|0x0000000717400000, 0x0000000717400000, 0x0000000717600000|  0%| F|  |TAMS 0x0000000717400000, 0x0000000717400000| Untracked 
| 109|0x0000000717600000, 0x0000000717600000, 0x0000000717800000|  0%| F|  |TAMS 0x0000000717600000, 0x0000000717600000| Untracked 
| 110|0x0000000717800000, 0x0000000717800000, 0x0000000717a00000|  0%| F|  |TAMS 0x0000000717800000, 0x0000000717800000| Untracked 
| 111|0x0000000717a00000, 0x0000000717a00000, 0x0000000717c00000|  0%| F|  |TAMS 0x0000000717a00000, 0x0000000717a00000| Untracked 
| 112|0x0000000717c00000, 0x0000000717c00000, 0x0000000717e00000|  0%| F|  |TAMS 0x0000000717c00000, 0x0000000717c00000| Untracked 
| 113|0x0000000717e00000, 0x0000000717fd7cb8, 0x0000000718000000| 92%| S|CS|TAMS 0x0000000717e00000, 0x0000000717e00000| Complete 
| 114|0x0000000718000000, 0x0000000718000000, 0x0000000718200000|  0%| F|  |TAMS 0x0000000718000000, 0x0000000718000000| Untracked 
| 115|0x0000000718200000, 0x0000000718200000, 0x0000000718400000|  0%| F|  |TAMS 0x0000000718200000, 0x0000000718200000| Untracked 
| 116|0x0000000718400000, 0x0000000718400000, 0x0000000718600000|  0%| F|  |TAMS 0x0000000718400000, 0x0000000718400000| Untracked 
| 117|0x0000000718600000, 0x0000000718600000, 0x0000000718800000|  0%| F|  |TAMS 0x0000000718600000, 0x0000000718600000| Untracked 
| 118|0x0000000718800000, 0x0000000718800000, 0x0000000718a00000|  0%| F|  |TAMS 0x0000000718800000, 0x0000000718800000| Untracked 
| 119|0x0000000718a00000, 0x0000000718a00000, 0x0000000718c00000|  0%| F|  |TAMS 0x0000000718a00000, 0x0000000718a00000| Untracked 
| 120|0x0000000718c00000, 0x0000000718c00000, 0x0000000718e00000|  0%| F|  |TAMS 0x0000000718c00000, 0x0000000718c00000| Untracked 
| 121|0x0000000718e00000, 0x0000000718e00000, 0x0000000719000000|  0%| F|  |TAMS 0x0000000718e00000, 0x0000000718e00000| Untracked 
| 122|0x0000000719000000, 0x0000000719200000, 0x0000000719200000|100%| E|  |TAMS 0x0000000719000000, 0x0000000719000000| Complete 
| 123|0x0000000719200000, 0x0000000719400000, 0x0000000719400000|100%| E|CS|TAMS 0x0000000719200000, 0x0000000719200000| Complete 

Card table byte_map: [0x000001a845f00000,0x000001a8466c0000] _byte_map_base: 0x000001a8426b2000

Marking Bits (Prev, Next): (CMBitMap*) 0x000001a82c6ad310, (CMBitMap*) 0x000001a82c6ad350
 Prev Bits: [0x000001a846e80000, 0x000001a84ac10000)
 Next Bits: [0x000001a84ac10000, 0x000001a84e9a0000)

Polling page: 0x000001a82c460000

Metaspace:

Usage:
  Non-class:      9.40 MB used.
      Class:      1.43 MB used.
       Both:     10.83 MB used.

Virtual space:
  Non-class space:       64.00 MB reserved,       9.50 MB ( 15%) committed,  1 nodes.
      Class space:        1.00 GB reserved,       1.50 MB ( <1%) committed,  1 nodes.
             Both:        1.06 GB reserved,      11.00 MB (  1%) committed. 

Chunk freelists:
   Non-Class:  5.86 MB
       Class:  14.31 MB
        Both:  20.17 MB

MaxMetaspaceSize: unlimited
CompressedClassSpaceSize: 1.00 GB
Initial GC threshold: 21.00 MB
Current GC threshold: 21.00 MB
CDS: on
MetaspaceReclaimPolicy: balanced
 - commit_granule_bytes: 65536.
 - commit_granule_words: 8192.
 - virtual_space_node_default_size: 8388608.
 - enlarge_chunks_in_place: 1.
 - new_chunks_are_fully_committed: 0.
 - uncommit_free_chunks: 1.
 - use_allocation_guard: 0.
 - handle_deallocations: 1.


Internal statistics:

num_allocs_failed_limit: 0.
num_arena_births: 102.
num_arena_deaths: 0.
num_vsnodes_births: 2.
num_vsnodes_deaths: 0.
num_space_committed: 176.
num_space_uncommitted: 0.
num_chunks_returned_to_freelist: 0.
num_chunks_taken_from_freelist: 465.
num_chunk_merges: 0.
num_chunk_splits: 294.
num_chunks_enlarged: 230.
num_inconsistent_stats: 0.

CodeHeap 'non-profiled nmethods': size=119168Kb used=612Kb max_used=612Kb free=118555Kb
 bounds [0x000001a83d3e0000, 0x000001a83d650000, 0x000001a844840000]
CodeHeap 'profiled nmethods': size=119104Kb used=3149Kb max_used=3149Kb free=115955Kb
 bounds [0x000001a835840000, 0x000001a835b60000, 0x000001a83cc90000]
CodeHeap 'non-nmethods': size=7488Kb used=2294Kb max_used=2866Kb free=5193Kb
 bounds [0x000001a83cc90000, 0x000001a83cf60000, 0x000001a83d3e0000]
 total_blobs=2142 nmethods=1682 adapters=371
 compilation: enabled
              stopped_count=0, restarted_count=0
 full_count=0

Compilation events (20 events):
Event: 2.437 Thread 0x000001a851277df0 nmethod 1637 0x000001a835b3fd10 code [0x000001a835b3fec0, 0x000001a835b40128]
Event: 2.437 Thread 0x000001a851277df0 1636       3       java.util.stream.StreamOpFlag::getMask (30 bytes)
Event: 2.437 Thread 0x000001a851279dd0 nmethod 1638 0x000001a835b40210 code [0x000001a835b403c0, 0x000001a835b40638]
Event: 2.437 Thread 0x000001a85127a320 nmethod 1628 0x000001a83d475c90 code [0x000001a83d475e00, 0x000001a83d475e98]
Event: 2.437 Thread 0x000001a851279dd0 1639       3       java.util.stream.AbstractPipeline::sourceSpliterator (265 bytes)
Event: 2.437 Thread 0x000001a85127a870 nmethod 1635 0x000001a835b40790 code [0x000001a835b40920, 0x000001a835b40ad8]
Event: 2.437 Thread 0x000001a85127a870 1640       3       java.util.stream.AbstractPipeline::evaluate (94 bytes)
Event: 2.437 Thread 0x000001a851277df0 nmethod 1636 0x000001a835b40b90 code [0x000001a835b40d20, 0x000001a835b40e98]
Event: 2.438 Thread 0x000001a85127a870 nmethod 1640 0x000001a835b40f10 code [0x000001a835b41140, 0x000001a835b417e8]
Event: 2.439 Thread 0x000001a851279dd0 nmethod 1639 0x000001a835b41a10 code [0x000001a835b41ca0, 0x000001a835b42c08]
Event: 2.440 Thread 0x000001a851279dd0 1641   !   3       jdk.internal.loader.BuiltinClassLoader$2::run (114 bytes)
Event: 2.441 Thread 0x000001a851279dd0 nmethod 1641 0x000001a835b43190 code [0x000001a835b43420, 0x000001a835b44298]
Event: 2.441 Thread 0x000001a851279dd0 1642       1       org.springframework.core.env.PropertySource$StubPropertySource::getProperty (2 bytes)
Event: 2.441 Thread 0x000001a851279dd0 nmethod 1642 0x000001a83d475f90 code [0x000001a83d476120, 0x000001a83d4761f8]
Event: 2.444 Thread 0x000001a851277df0 1643       3       java.util.LinkedHashMap::get (29 bytes)
Event: 2.444 Thread 0x000001a851277df0 nmethod 1643 0x000001a835b44790 code [0x000001a835b44940, 0x000001a835b44bf8]
Event: 2.448 Thread 0x000001a851279dd0 1644       1       java.security.PermissionCollection::isReadOnly (5 bytes)
Event: 2.448 Thread 0x000001a851279dd0 nmethod 1644 0x000001a83d476290 code [0x000001a83d476420, 0x000001a83d4764f8]
Event: 2.456 Thread 0x000001a851278890 1645       4       jdk.internal.loader.URLClassPath$JarLoader$2::getCodeSourceURL (8 bytes)
Event: 2.457 Thread 0x000001a851278890 nmethod 1645 0x000001a83d476590 code [0x000001a83d476700, 0x000001a83d476798]

GC Heap History (2 events):
Event: 1.030 GC heap before
{Heap before GC invocations=0 (full 0):
 garbage-first heap   total 253952K, used 22528K [0x0000000709c00000, 0x0000000800000000)
  region size 2048K, 11 young (22528K), 0 survivors (0K)
 Metaspace       used 4826K, committed 4992K, reserved 1114112K
  class space    used 533K, committed 640K, reserved 1048576K
}
Event: 1.035 GC heap after
{Heap after GC invocations=1 (full 0):
 garbage-first heap   total 253952K, used 9115K [0x0000000709c00000, 0x0000000800000000)
  region size 2048K, 2 young (4096K), 2 survivors (4096K)
 Metaspace       used 4826K, committed 4992K, reserved 1114112K
  class space    used 533K, committed 640K, reserved 1048576K
}

Deoptimization events (20 events):
Event: 2.376 Thread 0x000001a82c6352e0 Uncommon trap: trap_request=0xffffff45 fr.pc=0x000001a83d46ba80 relative=0x0000000000000240
Event: 2.376 Thread 0x000001a82c6352e0 Uncommon trap: reason=unstable_if action=reinterpret pc=0x000001a83d46ba80 method=org.springframework.boot.context.properties.source.ConfigurationPropertyName$ElementsParser.isAlpha(C)Z @ 9 c2
Event: 2.376 Thread 0x000001a82c6352e0 DEOPT PACKING pc=0x000001a83d46ba80 sp=0x00000033a46fe5b0
Event: 2.376 Thread 0x000001a82c6352e0 DEOPT UNPACKING pc=0x000001a83cce23a3 sp=0x00000033a46fe470 mode 2
Event: 2.387 Thread 0x000001a82c6352e0 Uncommon trap: trap_request=0xffffffbe fr.pc=0x000001a83d46c6c4 relative=0x0000000000000284
Event: 2.387 Thread 0x000001a82c6352e0 Uncommon trap: reason=profile_predicate action=maybe_recompile pc=0x000001a83d46c6c4 method=org.springframework.boot.context.properties.source.ConfigurationPropertyName$Elements.canShortcutWithSource(Lorg/springframework/boot/context/properties/source/Con
Event: 2.387 Thread 0x000001a82c6352e0 DEOPT PACKING pc=0x000001a83d46c6c4 sp=0x00000033a46fe600
Event: 2.387 Thread 0x000001a82c6352e0 DEOPT UNPACKING pc=0x000001a83cce23a3 sp=0x00000033a46fe4c8 mode 2
Event: 2.387 Thread 0x000001a82c6352e0 Uncommon trap: trap_request=0xffffffbe fr.pc=0x000001a83d46c6c4 relative=0x0000000000000284
Event: 2.387 Thread 0x000001a82c6352e0 Uncommon trap: reason=profile_predicate action=maybe_recompile pc=0x000001a83d46c6c4 method=org.springframework.boot.context.properties.source.ConfigurationPropertyName$Elements.canShortcutWithSource(Lorg/springframework/boot/context/properties/source/Con
Event: 2.387 Thread 0x000001a82c6352e0 DEOPT PACKING pc=0x000001a83d46c6c4 sp=0x00000033a46fe7f0
Event: 2.387 Thread 0x000001a82c6352e0 DEOPT UNPACKING pc=0x000001a83cce23a3 sp=0x00000033a46fe6b8 mode 2
Event: 2.387 Thread 0x000001a82c6352e0 Uncommon trap: trap_request=0xffffffbe fr.pc=0x000001a83d46c6c4 relative=0x0000000000000284
Event: 2.387 Thread 0x000001a82c6352e0 Uncommon trap: reason=profile_predicate action=maybe_recompile pc=0x000001a83d46c6c4 method=org.springframework.boot.context.properties.source.ConfigurationPropertyName$Elements.canShortcutWithSource(Lorg/springframework/boot/context/properties/source/Con
Event: 2.387 Thread 0x000001a82c6352e0 DEOPT PACKING pc=0x000001a83d46c6c4 sp=0x00000033a46fe7f0
Event: 2.387 Thread 0x000001a82c6352e0 DEOPT UNPACKING pc=0x000001a83cce23a3 sp=0x00000033a46fe6b8 mode 2
Event: 2.387 Thread 0x000001a82c6352e0 Uncommon trap: trap_request=0xffffffbe fr.pc=0x000001a83d46c6c4 relative=0x0000000000000284
Event: 2.387 Thread 0x000001a82c6352e0 Uncommon trap: reason=profile_predicate action=maybe_recompile pc=0x000001a83d46c6c4 method=org.springframework.boot.context.properties.source.ConfigurationPropertyName$Elements.canShortcutWithSource(Lorg/springframework/boot/context/properties/source/Con
Event: 2.387 Thread 0x000001a82c6352e0 DEOPT PACKING pc=0x000001a83d46c6c4 sp=0x00000033a46fe7f0
Event: 2.387 Thread 0x000001a82c6352e0 DEOPT UNPACKING pc=0x000001a83cce23a3 sp=0x00000033a46fe6b8 mode 2

Classes unloaded (0 events):
No events

Classes redefined (0 events):
No events

Internal exceptions (20 events):
Event: 0.823 Thread 0x000001a82c6352e0 Exception <a 'java/lang/NoSuchMethodError'{0x00000007182cbc00}: 'int java.lang.invoke.DirectMethodHandle$Holder.invokeStaticInit(java.lang.Object, java.lang.Object, java.lang.Object)'> (0x00000007182cbc00) 
thrown [s\open\src\hotspot\share\interpreter\linkResolver.cpp, line 759]
Event: 0.832 Thread 0x000001a82c6352e0 Exception <a 'java/lang/NoSuchMethodError'{0x00000007182f5fb8}: 'java.lang.Object java.lang.invoke.DirectMethodHandle$Holder.invokeVirtual(java.lang.Object, java.lang.Object, java.lang.Object)'> (0x00000007182f5fb8) 
thrown [s\open\src\hotspot\share\interpreter\linkResolver.cpp, line 759]
Event: 0.840 Thread 0x000001a82c6352e0 Exception <a 'java/lang/NoSuchMethodError'{0x0000000718322d80}: 'java.lang.Object java.lang.invoke.DirectMethodHandle$Holder.newInvokeSpecial(java.lang.Object, java.lang.Object, java.lang.Object, java.lang.Object, java.lang.Object)'> (0x0000000718322d80) 
thrown [s\open\src\hotspot\share\interpreter\linkResolver.cpp, line 759]
Event: 0.877 Thread 0x000001a82c6352e0 Exception <a 'java/lang/NoSuchMethodError'{0x00000007183d5d50}: 'void java.lang.invoke.DirectMethodHandle$Holder.invokeStatic(java.lang.Object, java.lang.Object, java.lang.Object)'> (0x00000007183d5d50) 
thrown [s\open\src\hotspot\share\interpreter\linkResolver.cpp, line 759]
Event: 0.929 Thread 0x000001a82c6352e0 Exception <a 'java/lang/NoSuchMethodError'{0x0000000718115e90}: 'java.lang.Object java.lang.invoke.DirectMethodHandle$Holder.invokeStaticInit(java.lang.Object)'> (0x0000000718115e90) 
thrown [s\open\src\hotspot\share\interpreter\linkResolver.cpp, line 759]
Event: 0.934 Thread 0x000001a82c6352e0 Exception <a 'sun/nio/fs/WindowsException'{0x0000000718129ea0}> (0x0000000718129ea0) 
thrown [s\open\src\hotspot\share\prims\jni.cpp, line 516]
Event: 1.096 Thread 0x000001a82c6352e0 Exception <a 'java/lang/NoSuchMethodError'{0x00000007190e1048}: 'void java.lang.invoke.DirectMethodHandle$Holder.invokeSpecial(java.lang.Object, java.lang.Object, java.lang.Object)'> (0x00000007190e1048) 
thrown [s\open\src\hotspot\share\interpreter\linkResolver.cpp, line 759]
Event: 1.107 Thread 0x000001a82c6352e0 Exception <a 'java/lang/NoSuchMethodError'{0x0000000719191e30}: 'java.lang.Object java.lang.invoke.DirectMethodHandle$Holder.newInvokeSpecial(java.lang.Object, java.lang.Object, int, java.lang.Object)'> (0x0000000719191e30) 
thrown [s\open\src\hotspot\share\interpreter\linkResolver.cpp, line 759]
Event: 1.108 Thread 0x000001a82c6352e0 Exception <a 'java/lang/NoSuchMethodError'{0x0000000719196210}: 'java.lang.Object java.lang.invoke.DirectMethodHandle$Holder.invokeSpecial(java.lang.Object, java.lang.Object, java.lang.Object, int, java.lang.Object)'> (0x0000000719196210) 
thrown [s\open\src\hotspot\share\interpreter\linkResolver.cpp, line 759]
Event: 1.112 Thread 0x000001a82c6352e0 Exception <a 'java/lang/NoSuchMethodError'{0x00000007191b77c0}: 'java.lang.Object java.lang.invoke.DirectMethodHandle$Holder.newInvokeSpecial(java.lang.Object, java.lang.Object, java.lang.Object, java.lang.Object, java.lang.Object, java.lang.Object)'> (0x00000007191b77c0) 
thrown [s\open\src\hotspot\share\interpreter\linkResolver.cpp, line 759]
Event: 1.113 Thread 0x000001a82c6352e0 Exception <a 'java/lang/NoSuchMethodError'{0x0000000718e050b8}: 'int java.lang.invoke.DirectMethodHandle$Holder.invokeSpecial(java.lang.Object, java.lang.Object, java.lang.Object, java.lang.Object)'> (0x0000000718e050b8) 
thrown [s\open\src\hotspot\share\interpreter\linkResolver.cpp, line 759]
Event: 1.135 Thread 0x000001a82c6352e0 Exception <a 'java/lang/NoSuchMethodError'{0x0000000718ef9440}: 'void java.lang.invoke.DirectMethodHandle$Holder.invokeSpecial(java.lang.Object, java.lang.Object, java.lang.Object, java.lang.Object, java.lang.Object)'> (0x0000000718ef9440) 
thrown [s\open\src\hotspot\share\interpreter\linkResolver.cpp, line 759]
Event: 2.242 Thread 0x000001a82c6352e0 Exception <a 'java/lang/NoSuchMethodError'{0x0000000718b3e5a8}: 'java.lang.Object java.lang.invoke.Invokers$Holder.invokeExact_MT(java.lang.Object, java.lang.Object, java.lang.Object, java.lang.Object, java.lang.Object, java.lang.Object)'> (0x0000000718b3e5a8) 
thrown [s\open\src\hotspot\share\interpreter\linkResolver.cpp, line 759]
Event: 2.264 Thread 0x000001a82c6352e0 Exception <a 'java/lang/NoSuchMethodError'{0x00000007188556c8}: 'int java.lang.invoke.DirectMethodHandle$Holder.invokeSpecial(java.lang.Object, java.lang.Object, java.lang.Object)'> (0x00000007188556c8) 
thrown [s\open\src\hotspot\share\interpreter\linkResolver.cpp, line 759]
Event: 2.275 Thread 0x000001a82c6352e0 Exception <a 'java/lang/NoSuchMethodError'{0x000000071888c858}: 'java.lang.Object java.lang.invoke.DirectMethodHandle$Holder.invokeSpecial(java.lang.Object, java.lang.Object, java.lang.Object, java.lang.Object, java.lang.Object, java.lang.Object, int)'> (0x000000071888c858) 
thrown [s\open\src\hotspot\share\interpreter\linkResolver.cpp, line 759]
Event: 2.276 Thread 0x000001a82c6352e0 Exception <a 'java/lang/NoSuchMethodError'{0x0000000718896db8}: 'java.lang.Object java.lang.invoke.DirectMethodHandle$Holder.newInvokeSpecial(java.lang.Object, java.lang.Object, java.lang.Object, java.lang.Object, java.lang.Object, java.lang.Object, int)'> (0x0000000718896db8) 
thrown [s\open\src\hotspot\share\interpreter\linkResolver.cpp, line 759]
Event: 2.277 Thread 0x000001a82c6352e0 Exception <a 'java/lang/NoSuchMethodError'{0x000000071889bdf8}: 'java.lang.Object java.lang.invoke.DirectMethodHandle$Holder.invokeSpecial(java.lang.Object, java.lang.Object, java.lang.Object, java.lang.Object, java.lang.Object, java.lang.Object, java.lang.Object, int)'> (0x000000071889bdf8) 
thrown [s\open\src\hotspot\share\interpreter\linkResolver.cpp, line 759]
Event: 2.280 Thread 0x000001a82c6352e0 Exception <a 'java/lang/NoSuchMethodError'{0x000000071891dbc0}: 'void java.lang.invoke.DirectMethodHandle$Holder.invokeStatic(java.lang.Object, java.lang.Object, java.lang.Object, java.lang.Object)'> (0x000000071891dbc0) 
thrown [s\open\src\hotspot\share\interpreter\linkResolver.cpp, line 759]
Event: 2.311 Thread 0x000001a82c6352e0 Exception <a 'java/lang/NoSuchMethodError'{0x000000071864e510}: 'void java.lang.invoke.DirectMethodHandle$Holder.invokeStatic(java.lang.Object, java.lang.Object)'> (0x000000071864e510) 
thrown [s\open\src\hotspot\share\interpreter\linkResolver.cpp, line 759]
Event: 2.311 Thread 0x000001a82c6352e0 Exception <a 'java/lang/NoSuchMethodError'{0x0000000718651a68}: 'void java.lang.invoke.DirectMethodHandle$Holder.invokeStaticInit(java.lang.Object, java.lang.Object)'> (0x0000000718651a68) 
thrown [s\open\src\hotspot\share\interpreter\linkResolver.cpp, line 759]

VM Operations (20 events):
Event: 0.450 Executing VM operation: HandshakeAllThreads
Event: 0.450 Executing VM operation: HandshakeAllThreads done
Event: 0.578 Executing VM operation: HandshakeAllThreads
Event: 0.578 Executing VM operation: HandshakeAllThreads done
Event: 0.596 Executing VM operation: HandshakeAllThreads
Event: 0.596 Executing VM operation: HandshakeAllThreads done
Event: 0.935 Executing VM operation: HandshakeAllThreads
Event: 0.935 Executing VM operation: HandshakeAllThreads done
Event: 1.030 Executing VM operation: G1CollectForAllocation
Event: 1.035 Executing VM operation: G1CollectForAllocation done
Event: 2.035 Executing VM operation: Cleanup
Event: 2.035 Executing VM operation: Cleanup done
Event: 2.241 Executing VM operation: HandshakeAllThreads
Event: 2.241 Executing VM operation: HandshakeAllThreads done
Event: 2.241 Executing VM operation: HandshakeAllThreads
Event: 2.241 Executing VM operation: HandshakeAllThreads done
Event: 2.418 Executing VM operation: HandshakeAllThreads
Event: 2.418 Executing VM operation: HandshakeAllThreads done
Event: 3.418 Executing VM operation: Cleanup
Event: 3.419 Executing VM operation: Cleanup done

Events (20 events):
Event: 2.395 loading class java/util/Stack
Event: 2.395 loading class java/util/Stack done
Event: 2.395 loading class java/util/Vector$Itr
Event: 2.395 loading class java/util/Vector$Itr done
Event: 2.424 loading class java/lang/invoke/MethodHandle$1
Event: 2.424 loading class java/lang/invoke/MethodHandle$1 done
Event: 2.441 loading class java/util/regex/Pattern$BnM
Event: 2.442 loading class java/util/regex/Pattern$BnM done
Event: 2.443 loading class java/io/Console
Event: 2.443 loading class java/io/Console done
Event: 2.443 loading class java/io/Console$2
Event: 2.443 loading class jdk/internal/access/JavaIOAccess
Event: 2.443 loading class jdk/internal/access/JavaIOAccess done
Event: 2.443 loading class java/io/Console$2 done
Event: 2.443 loading class java/io/Console$3
Event: 2.443 loading class java/io/PrintWriter
Event: 2.443 loading class java/io/PrintWriter done
Event: 2.444 loading class java/io/Console$3 done
Event: 2.444 loading class java/io/Console$LineReader
Event: 2.444 loading class java/io/Console$LineReader done


Dynamic libraries:
0x00007ff621060000 - 0x00007ff621070000 	C:\Program Files\Java\jdk-17\bin\java.exe
0x00007ffbc58e0000 - 0x00007ffbc5b40000 	C:\WINDOWS\SYSTEM32\ntdll.dll
0x00007ffbc4d10000 - 0x00007ffbc4dd7000 	C:\WINDOWS\System32\KERNEL32.DLL
0x00007ffbc3030000 - 0x00007ffbc33fa000 	C:\WINDOWS\System32\KERNELBASE.dll
0x00007ffbc2b80000 - 0x00007ffbc2ccb000 	C:\WINDOWS\System32\ucrtbase.dll
0x00007ffbb5660000 - 0x00007ffbb5679000 	C:\Program Files\Java\jdk-17\bin\jli.dll
0x00007ffbb2d10000 - 0x00007ffbb2d2b000 	C:\Program Files\Java\jdk-17\bin\VCRUNTIME140.dll
0x00007ffbc47b0000 - 0x00007ffbc4862000 	C:\WINDOWS\System32\ADVAPI32.dll
0x00007ffbc46f0000 - 0x00007ffbc4799000 	C:\WINDOWS\System32\msvcrt.dll
0x00007ffbc4880000 - 0x00007ffbc4926000 	C:\WINDOWS\System32\sechost.dll
0x00007ffbc4960000 - 0x00007ffbc4a76000 	C:\WINDOWS\System32\RPCRT4.dll
0x00007ffbc3880000 - 0x00007ffbc3a4c000 	C:\WINDOWS\System32\USER32.dll
0x00007ffbadf60000 - 0x00007ffbae1f7000 	C:\WINDOWS\WinSxS\amd64_microsoft.windows.common-controls_6595b64144ccf1df_6.0.26100.3624_none_3e086962e3345f24\COMCTL32.dll
0x00007ffbc2b50000 - 0x00007ffbc2b77000 	C:\WINDOWS\System32\win32u.dll
0x00007ffbc4930000 - 0x00007ffbc495a000 	C:\WINDOWS\System32\GDI32.dll
0x00007ffbc2ef0000 - 0x00007ffbc3021000 	C:\WINDOWS\System32\gdi32full.dll
0x00007ffbc2cd0000 - 0x00007ffbc2d73000 	C:\WINDOWS\System32\msvcp_win.dll
0x00007ffbbc920000 - 0x00007ffbbc92b000 	C:\WINDOWS\SYSTEM32\VERSION.dll
0x00007ffbc3a50000 - 0x00007ffbc3a7f000 	C:\WINDOWS\System32\IMM32.DLL
0x00007ffbb5cf0000 - 0x00007ffbb5cfc000 	C:\Program Files\Java\jdk-17\bin\vcruntime140_1.dll
0x00007ffb90020000 - 0x00007ffb900ae000 	C:\Program Files\Java\jdk-17\bin\msvcp140.dll
0x00007ffb26910000 - 0x00007ffb274f0000 	C:\Program Files\Java\jdk-17\bin\server\jvm.dll
0x00007ffbc4d00000 - 0x00007ffbc4d08000 	C:\WINDOWS\System32\PSAPI.DLL
0x00007ffbb29e0000 - 0x00007ffbb29ea000 	C:\WINDOWS\SYSTEM32\WSOCK32.dll
0x00007ffbbc8e0000 - 0x00007ffbbc916000 	C:\WINDOWS\SYSTEM32\WINMM.dll
0x00007ffbc3a90000 - 0x00007ffbc3b04000 	C:\WINDOWS\System32\WS2_32.dll
0x00007ffbc18d0000 - 0x00007ffbc18ea000 	C:\WINDOWS\SYSTEM32\kernel.appcore.dll
0x00007ffbb5790000 - 0x00007ffbb579a000 	C:\Program Files\Java\jdk-17\bin\jimage.dll
0x00007ffbb6840000 - 0x00007ffbb6a81000 	C:\WINDOWS\SYSTEM32\DBGHELP.DLL
0x00007ffbc4df0000 - 0x00007ffbc5172000 	C:\WINDOWS\System32\combase.dll
0x00007ffbc5200000 - 0x00007ffbc52d6000 	C:\WINDOWS\System32\OLEAUT32.dll
0x00007ffbab590000 - 0x00007ffbab5c9000 	C:\WINDOWS\SYSTEM32\dbgcore.DLL
0x00007ffbc34c0000 - 0x00007ffbc3559000 	C:\WINDOWS\System32\bcryptPrimitives.dll
0x00007ffba76e0000 - 0x00007ffba7705000 	C:\Program Files\Java\jdk-17\bin\java.dll
0x00007ffb875e0000 - 0x00007ffb876b7000 	C:\Program Files\Java\jdk-17\bin\jsvml.dll
0x00007ffbc3b30000 - 0x00007ffbc4259000 	C:\WINDOWS\System32\SHELL32.dll
0x00007ffbc2d80000 - 0x00007ffbc2ee8000 	C:\WINDOWS\System32\wintypes.dll
0x00007ffbc0740000 - 0x00007ffbc0f92000 	C:\WINDOWS\SYSTEM32\windows.storage.dll
0x00007ffbc5600000 - 0x00007ffbc56ed000 	C:\WINDOWS\System32\SHCORE.dll
0x00007ffbc4a80000 - 0x00007ffbc4ae4000 	C:\WINDOWS\System32\shlwapi.dll
0x00007ffbc29d0000 - 0x00007ffbc29ff000 	C:\WINDOWS\SYSTEM32\profapi.dll
0x00007ffbb2b10000 - 0x00007ffbb2b29000 	C:\Program Files\Java\jdk-17\bin\net.dll
0x00007ffbbc650000 - 0x00007ffbbc76d000 	C:\WINDOWS\SYSTEM32\WINHTTP.dll
0x00007ffbc1df0000 - 0x00007ffbc1e5a000 	C:\WINDOWS\system32\mswsock.dll
0x00007ffba8d30000 - 0x00007ffba8d46000 	C:\Program Files\Java\jdk-17\bin\nio.dll
0x00007ffba78c0000 - 0x00007ffba78d8000 	C:\Program Files\Java\jdk-17\bin\zip.dll
0x00007ffbb2d00000 - 0x00007ffbb2d10000 	C:\Program Files\Java\jdk-17\bin\verify.dll
0x00007ffbb0860000 - 0x00007ffbb086a000 	C:\Program Files\Java\jdk-17\bin\management.dll
0x00007ffbad710000 - 0x00007ffbad71b000 	C:\Program Files\Java\jdk-17\bin\management_ext.dll
0x00007ffba5920000 - 0x00007ffba5938000 	C:\WINDOWS\system32\napinsp.dll
0x00007ffbc13b0000 - 0x00007ffbc14d5000 	C:\WINDOWS\SYSTEM32\DNSAPI.dll
0x00007ffbc1310000 - 0x00007ffbc1343000 	C:\WINDOWS\SYSTEM32\IPHLPAPI.DLL
0x00007ffbc47a0000 - 0x00007ffbc47aa000 	C:\WINDOWS\System32\NSI.dll
0x00007ffbad7c0000 - 0x00007ffbad7d2000 	C:\WINDOWS\System32\winrnr.dll
0x00007ffbad780000 - 0x00007ffbad7b0000 	C:\WINDOWS\system32\nlansp_c.dll
0x00007ffbad7e0000 - 0x00007ffbad7f6000 	C:\WINDOWS\system32\wshbth.dll
0x00007ffbb9540000 - 0x00007ffbb954b000 	C:\Windows\System32\rasadhlp.dll
0x00007ffbbcd30000 - 0x00007ffbbcdb5000 	C:\WINDOWS\System32\fwpuclnt.dll

dbghelp: loaded successfully - version: 4.0.5 - missing functions: none
symbol engine: initialized successfully - sym options: 0x614 - pdb path: .;C:\Program Files\Java\jdk-17\bin;C:\WINDOWS\SYSTEM32;C:\WINDOWS\WinSxS\amd64_microsoft.windows.common-controls_6595b64144ccf1df_6.0.26100.3624_none_3e086962e3345f24;C:\Program Files\Java\jdk-17\bin\server

VM Arguments:
jvm_args: -XX:+ShowCodeDetailsInExceptionMessages 
java_command: com.laptrinhoop.WebSalesApplication
java_class_path (initial): F:\Website\GROUP_12\target\classes;C:\Users\MSI\.m2\repository\org\apache\logging\log4j\log4j-core\2.11.1\log4j-core-2.11.1.jar;C:\Users\MSI\.m2\repository\org\apache\logging\log4j\log4j-api\2.12.1\log4j-api-2.12.1.jar;C:\Users\MSI\.m2\repository\org\springframework\boot\spring-boot-starter-amqp\2.2.1.RELEASE\spring-boot-starter-amqp-2.2.1.RELEASE.jar;C:\Users\MSI\.m2\repository\org\springframework\boot\spring-boot-starter\2.2.1.RELEASE\spring-boot-starter-2.2.1.RELEASE.jar;C:\Users\MSI\.m2\repository\org\springframework\boot\spring-boot\2.2.1.RELEASE\spring-boot-2.2.1.RELEASE.jar;C:\Users\MSI\.m2\repository\org\springframework\boot\spring-boot-autoconfigure\2.2.1.RELEASE\spring-boot-autoconfigure-2.2.1.RELEASE.jar;C:\Users\MSI\.m2\repository\org\springframework\boot\spring-boot-starter-logging\2.2.1.RELEASE\spring-boot-starter-logging-2.2.1.RELEASE.jar;C:\Users\MSI\.m2\repository\ch\qos\logback\logback-classic\1.2.3\logback-classic-1.2.3.jar;C:\Users\MSI\.m2\repository\ch\qos\logback\logback-core\1.2.3\logback-core-1.2.3.jar;C:\Users\MSI\.m2\repository\org\apache\logging\log4j\log4j-to-slf4j\2.12.1\log4j-to-slf4j-2.12.1.jar;C:\Users\MSI\.m2\repository\org\slf4j\jul-to-slf4j\1.7.29\jul-to-slf4j-1.7.29.jar;C:\Users\MSI\.m2\repository\org\yaml\snakeyaml\1.25\snakeyaml-1.25.jar;C:\Users\MSI\.m2\repository\org\springframework\spring-messaging\5.2.1.RELEASE\spring-messaging-5.2.1.RELEASE.jar;C:\Users\MSI\.m2\repository\org\springframework\spring-beans\5.2.1.RELEASE\spring-beans-5.2.1.RELEASE.jar;C:\Users\MSI\.m2\repository\org\springframework\amqp\spring-rabbit\2.2.1.RELEASE\spring-rabbit-2.2.1.RELEASE.jar;C:\Users\MSI\.m2\repository\com\rabbitmq\amqp-client\5.7.3\amqp-client-5.7.3.jar;C:\Users\MSI\.m2\repository\org\springframework\amqp\spring-amqp\2.2.1.RELEASE\spring-amqp-2.2.1.RELEASE.jar;C:\Users\MSI\.m2\repository\org\springframework\retry\spring-retry\1.2.4.RELEASE\spring-retry-1.2.4.RELEASE.jar;C:\Users\MSI\.m2\repository\org\springfr
Launcher Type: SUN_STANDARD

[Global flags]
     intx CICompilerCount                          = 12                                        {product} {ergonomic}
     uint ConcGCThreads                            = 3                                         {product} {ergonomic}
     uint G1ConcRefinementThreads                  = 13                                        {product} {ergonomic}
   size_t G1HeapRegionSize                         = 2097152                                   {product} {ergonomic}
    uintx GCDrainStackTargetSize                   = 64                                        {product} {ergonomic}
   size_t InitialHeapSize                          = 260046848                                 {product} {ergonomic}
   size_t MarkStackSize                            = 4194304                                   {product} {ergonomic}
   size_t MaxHeapSize                              = 4131389440                                {product} {ergonomic}
   size_t MaxNewSize                               = 2478833664                                {product} {ergonomic}
   size_t MinHeapDeltaBytes                        = 2097152                                   {product} {ergonomic}
   size_t MinHeapSize                              = 8388608                                   {product} {ergonomic}
    uintx NonNMethodCodeHeapSize                   = 7602480                                {pd product} {ergonomic}
    uintx NonProfiledCodeHeapSize                  = 122027880                              {pd product} {ergonomic}
    uintx ProfiledCodeHeapSize                     = 122027880                              {pd product} {ergonomic}
    uintx ReservedCodeCacheSize                    = 251658240                              {pd product} {ergonomic}
     bool SegmentedCodeCache                       = true                                      {product} {ergonomic}
     bool ShowCodeDetailsInExceptionMessages       = true                                   {manageable} {command line}
   size_t SoftMaxHeapSize                          = 4131389440                             {manageable} {ergonomic}
     bool UseCompressedClassPointers               = true                           {product lp64_product} {ergonomic}
     bool UseCompressedOops                        = true                           {product lp64_product} {ergonomic}
     bool UseG1GC                                  = true                                      {product} {ergonomic}
     bool UseLargePagesIndividualAllocation        = false                                  {pd product} {ergonomic}

Logging:
Log output configuration:
 #0: stdout all=warning uptime,level,tags
 #1: stderr all=off uptime,level,tags

Environment Variables:
JAVA_HOME=C:\Program Files\Java\jdk-17
PATH=C:\Program Files\Common Files\Oracle\Java\javapath;C:\Program Files (x86)\VMware\VMware Workstation\bin\;C:\Program Files\Microsoft MPI\Bin\;C:\WINDOWS\system32;C:\WINDOWS;C:\WINDOWS\System32\Wbem;C:\WINDOWS\System32\WindowsPowerShell\v1.0\;C:\WINDOWS\System32\OpenSSH\;C:\Program Files\nodejs\;C:\Program Files (x86)\Microsoft SQL Server\160\Tools\Binn\;C:\Program Files\Microsoft SQL Server\160\Tools\Binn\;C:\Program Files\Microsoft SQL Server\Client SDK\ODBC\170\Tools\Binn\;C:\Program Files\Microsoft SQL Server\160\DTS\Binn\;C:\Program Files (x86)\Microsoft SQL Server\160\DTS\Binn\;C:\Program Files\Git LFS;C:\Program Files\Git\cmd;C:\Program Files\PowerShell\7\;C:\Program Files\Java\jdk-17\bin;C:\Program Files\MySQL\MySQL Shell 8.0\bin\;C:\Users\MSI\AppData\Local\Programs\Python\Python313;C:\Users\MSI\AppData\Local\Microsoft\WindowsApps;C:\Users\MSI\AppData\Local\Programs\Microsoft VS Code\bin;C:\Users\MSI\AppData\Roaming\npm;C:\Program Files\JetBrains\IntelliJ IDEA 2024.3.1.1\bin;;
USERNAME=MSI
LANG=en_US.UTF-8
OS=Windows_NT
PROCESSOR_IDENTIFIER=AMD64 Family 25 Model 80 Stepping 0, AuthenticAMD



---------------  S Y S T E M  ---------------

OS:
 Windows 11 , 64 bit Build 26100 (10.0.26100.3775)
OS uptime: 0 days 15:36 hours
Hyper-V role detected

CPU: total 16 (initial active 16) (16 cores per cpu, 2 threads per core) family 25 model 80 stepping 0 microcode 0xa50000c, cx8, cmov, fxsr, ht, mmx, 3dnowpref, sse, sse2, sse3, ssse3, sse4a, sse4.1, sse4.2, popcnt, lzcnt, tsc, tscinvbit, avx, avx2, aes, erms, clmul, bmi1, bmi2, adx, sha, fma, vzeroupper, clflush, clflushopt, hv

Memory: 4k page, system-wide physical 15752M (5176M free)
TotalPageFile size 15752M (AvailPageFile size 14M)
current process WorkingSet (physical memory assigned to process): 111M, peak: 111M
current process commit charge ("private bytes"): 382M, peak: 382M

vm_info: Java HotSpot(TM) 64-Bit Server VM (17.0.11+7-LTS-207) for windows-amd64 JRE (17.0.11+7-LTS-207), built on Mar 11 2024 19:01:50 by "mach5one" with MS VC++ 17.6 (VS2022)

END.
