#
# There is insufficient memory for the Java Runtime Environment to continue.
# Native memory allocation (malloc) failed to allocate 1404976 bytes for Chunk::new
# Possible reasons:
#   The system is out of physical RAM or swap space
#   The process is running with CompressedOops enabled, and the Java Heap may be blocking the growth of the native heap
# Possible solutions:
#   Reduce memory load on the system
#   Increase physical memory or swap space
#   Check if swap backing store is full
#   Decrease Java heap size (-Xmx/-Xms)
#   Decrease number of Java threads
#   Decrease Java thread stack sizes (-Xss)
#   Set larger code cache with -XX:ReservedCodeCacheSize=
#   JVM is running with Zero Based Compressed Oops mode in which the Java heap is
#     placed in the first 32GB address space. The Java Heap base address is the
#     maximum limit for the native heap growth. Please use -XX:HeapBaseMinAddress
#     to set the Java Heap base and to place the Java Heap above 32GB virtual address.
# This output file may be truncated or incomplete.
#
#  Out of Memory Error (arena.cpp:189), pid=18592, tid=22816
#
# JRE version: Java(TM) SE Runtime Environment (17.0.11+7) (build 17.0.11+7-LTS-207)
# Java VM: Java HotSpot(TM) 64-Bit Server VM (17.0.11+7-LTS-207, mixed mode, sharing, tiered, compressed oops, compressed class ptrs, g1 gc, windows-amd64)
# No core dump will be written. Minidumps are not enabled by default on client versions of Windows
#

---------------  S U M M A R Y ------------

Command Line: -XX:+ShowCodeDetailsInExceptionMessages com.laptrinhoop.WebSalesApplication

Host: AMD Ryzen 7 5800H with Radeon Graphics         , 16 cores, 15G,  Windows 11 , 64 bit Build 26100 (10.0.26100.3775)
Time: Mon Apr 14 20:06:41 2025 SE Asia Standard Time elapsed time: 13.564158 seconds (0d 0h 0m 13s)

---------------  T H R E A D  ---------------

Current thread (0x000001c9cf00fd20):  JavaThread "C2 CompilerThread0" daemon [_thread_in_native, id=22816, stack(0x000000404a800000,0x000000404a900000)]


Current CompileTask:
C2:  13564 9778       4       org.eclipse.jdt.internal.compiler.lookup.BinaryTypeBinding::createTypeVariables (359 bytes)

Stack: [0x000000404a800000,0x000000404a900000]
Native frames: (J=compiled Java code, j=interpreted, Vv=VM code, C=native code)
V  [jvm.dll+0x679cca]
V  [jvm.dll+0x7da13d]
V  [jvm.dll+0x7dba83]
V  [jvm.dll+0x7dc0f3]
V  [jvm.dll+0x2449af]
V  [jvm.dll+0xab83b]
V  [jvm.dll+0xabe1c]
V  [jvm.dll+0x36155f]
V  [jvm.dll+0x1b9dda]
V  [jvm.dll+0x216337]
V  [jvm.dll+0x21560f]
V  [jvm.dll+0x1a2040]
V  [jvm.dll+0x225a2b]
V  [jvm.dll+0x223bcb]
V  [jvm.dll+0x7903ec]
V  [jvm.dll+0x78a85a]
V  [jvm.dll+0x678bb5]
C  [ucrtbase.dll+0x37b0]
C  [KERNEL32.DLL+0x2e8d7]
C  [ntdll.dll+0xb14fc]


---------------  P R O C E S S  ---------------

Threads class SMR info:
_java_thread_list=0x000001c9cfd4f660, length=53, elements={
0x000001c9ff0f25c0, 0x000001c9ff0f3af0, 0x000001c9cf00a3a0, 0x000001c9cf00ac70,
0x000001c9cf00c0b0, 0x000001c9cf00f070, 0x000001c9cf00fd20, 0x000001c9cf012cd0,
0x000001c9cf0139e0, 0x000001c9cf0d9030, 0x000001c9cf0db560, 0x000001c9cf2b4860,
0x000001c9cf2c6f50, 0x000001c9d2575fc0, 0x000001c9d3e7eac0, 0x000001c9d377d320,
0x000001c9d7dc9f90, 0x000001c9d7dca4a0, 0x000001c9d7dc9570, 0x000001c9d7dcc810,
0x000001c9d7dccd20, 0x000001c9d7dcb8e0, 0x000001c9d7dc9a80, 0x000001c9d7dca9b0,
0x000001c9d7dcaec0, 0x000001c9d7dcb3d0, 0x000001c9d7dcbdf0, 0x000001c9d7dcc300,
0x000001c9d67d9860, 0x000001c9d67d9350, 0x000001c9d67db1b0, 0x000001c9d67dbbd0,
0x000001c9d67d8e40, 0x000001c9d67dd010, 0x000001c9d67d9d70, 0x000001c9d67da280,
0x000001c9d67db6c0, 0x000001c9d67daca0, 0x000001c9d67ddf40, 0x000001c9d67da790,
0x000001c9d67de960, 0x000001c9d67df380, 0x000001c9d67dcb00, 0x000001c9d67dee70,
0x000001c9d67dda30, 0x000001c9d67de450, 0x000001c9d67df890, 0x000001c9d2cc1060,
0x000001c9d2cc1b00, 0x000001c9d2cc15b0, 0x000001c9d2cc2050, 0x000001c9d2cc3ae0,
0x000001c9d2cc25a0
}

Java Threads: ( => current thread )
  0x000001c9ff0f25c0 JavaThread "Reference Handler" daemon [_thread_blocked, id=18020, stack(0x000000404a200000,0x000000404a300000)]
  0x000001c9ff0f3af0 JavaThread "Finalizer" daemon [_thread_blocked, id=4552, stack(0x000000404a300000,0x000000404a400000)]
  0x000001c9cf00a3a0 JavaThread "Signal Dispatcher" daemon [_thread_blocked, id=1008, stack(0x000000404a400000,0x000000404a500000)]
  0x000001c9cf00ac70 JavaThread "Attach Listener" daemon [_thread_blocked, id=3708, stack(0x000000404a500000,0x000000404a600000)]
  0x000001c9cf00c0b0 JavaThread "Service Thread" daemon [_thread_blocked, id=8120, stack(0x000000404a600000,0x000000404a700000)]
  0x000001c9cf00f070 JavaThread "Monitor Deflation Thread" daemon [_thread_blocked, id=22072, stack(0x000000404a700000,0x000000404a800000)]
=>0x000001c9cf00fd20 JavaThread "C2 CompilerThread0" daemon [_thread_in_native, id=22816, stack(0x000000404a800000,0x000000404a900000)]
  0x000001c9cf012cd0 JavaThread "C1 CompilerThread0" daemon [_thread_blocked, id=14996, stack(0x000000404a900000,0x000000404aa00000)]
  0x000001c9cf0139e0 JavaThread "Sweeper thread" daemon [_thread_blocked, id=13304, stack(0x000000404aa00000,0x000000404ab00000)]
  0x000001c9cf0d9030 JavaThread "C1 CompilerThread1" daemon [_thread_blocked, id=8828, stack(0x000000404ab00000,0x000000404ac00000)]
  0x000001c9cf0db560 JavaThread "C1 CompilerThread2" daemon [_thread_blocked, id=13144, stack(0x000000404ac00000,0x000000404ad00000)]
  0x000001c9cf2b4860 JavaThread "Notification Thread" daemon [_thread_blocked, id=4820, stack(0x000000404ae00000,0x000000404af00000)]
  0x000001c9cf2c6f50 JavaThread "Common-Cleaner" daemon [_thread_blocked, id=19572, stack(0x000000404b000000,0x000000404b100000)]
  0x000001c9d2575fc0 JavaThread "Catalina-utility-1" [_thread_blocked, id=15256, stack(0x000000404c600000,0x000000404c700000)]
  0x000001c9d3e7eac0 JavaThread "Catalina-utility-2" [_thread_blocked, id=10652, stack(0x000000404c700000,0x000000404c800000)]
  0x000001c9d377d320 JavaThread "container-0" [_thread_blocked, id=10688, stack(0x000000404c800000,0x000000404c900000)]
  0x000001c9d7dc9f90 JavaThread "pool-4-thread-1" [_thread_in_native, id=13148, stack(0x000000404ca00000,0x000000404cb00000)]
  0x000001c9d7dca4a0 JavaThread "I/O dispatcher 1" [_thread_in_native, id=17356, stack(0x000000404cb00000,0x000000404cc00000)]
  0x000001c9d7dc9570 JavaThread "I/O dispatcher 2" [_thread_in_native, id=21536, stack(0x000000404cc00000,0x000000404cd00000)]
  0x000001c9d7dcc810 JavaThread "I/O dispatcher 3" [_thread_in_native, id=14332, stack(0x000000404cd00000,0x000000404ce00000)]
  0x000001c9d7dccd20 JavaThread "I/O dispatcher 4" [_thread_in_native, id=11888, stack(0x000000404ce00000,0x000000404cf00000)]
  0x000001c9d7dcb8e0 JavaThread "I/O dispatcher 5" [_thread_in_native, id=22140, stack(0x000000404cf00000,0x000000404d000000)]
  0x000001c9d7dc9a80 JavaThread "I/O dispatcher 6" [_thread_in_native, id=16400, stack(0x000000404d000000,0x000000404d100000)]
  0x000001c9d7dca9b0 JavaThread "I/O dispatcher 7" [_thread_in_native, id=16464, stack(0x000000404d100000,0x000000404d200000)]
  0x000001c9d7dcaec0 JavaThread "I/O dispatcher 8" [_thread_in_native, id=22352, stack(0x000000404d200000,0x000000404d300000)]
  0x000001c9d7dcb3d0 JavaThread "I/O dispatcher 9" [_thread_in_native, id=23096, stack(0x000000404d300000,0x000000404d400000)]
  0x000001c9d7dcbdf0 JavaThread "I/O dispatcher 10" [_thread_in_native, id=2160, stack(0x000000404d400000,0x000000404d500000)]
  0x000001c9d7dcc300 JavaThread "I/O dispatcher 11" [_thread_in_native, id=13708, stack(0x000000404d500000,0x000000404d600000)]
  0x000001c9d67d9860 JavaThread "I/O dispatcher 12" [_thread_in_native, id=18100, stack(0x000000404d600000,0x000000404d700000)]
  0x000001c9d67d9350 JavaThread "I/O dispatcher 13" [_thread_in_native, id=18880, stack(0x000000404d700000,0x000000404d800000)]
  0x000001c9d67db1b0 JavaThread "I/O dispatcher 14" [_thread_in_native, id=20828, stack(0x000000404d800000,0x000000404d900000)]
  0x000001c9d67dbbd0 JavaThread "I/O dispatcher 15" [_thread_in_native, id=12740, stack(0x000000404d900000,0x000000404da00000)]
  0x000001c9d67d8e40 JavaThread "I/O dispatcher 16" [_thread_in_native, id=15936, stack(0x000000404da00000,0x000000404db00000)]
  0x000001c9d67dd010 JavaThread "http-nio-8081-BlockPoller" daemon [_thread_in_native, id=18132, stack(0x000000404db00000,0x000000404dc00000)]
  0x000001c9d67d9d70 JavaThread "http-nio-8081-exec-1" daemon [_thread_blocked, id=21460, stack(0x000000404dc00000,0x000000404dd00000)]
  0x000001c9d67da280 JavaThread "http-nio-8081-exec-2" daemon [_thread_blocked, id=22304, stack(0x000000404dd00000,0x000000404de00000)]
  0x000001c9d67db6c0 JavaThread "http-nio-8081-exec-3" daemon [_thread_blocked, id=21632, stack(0x000000404de00000,0x000000404df00000)]
  0x000001c9d67daca0 JavaThread "http-nio-8081-exec-4" daemon [_thread_blocked, id=15976, stack(0x000000404df00000,0x000000404e000000)]
  0x000001c9d67ddf40 JavaThread "http-nio-8081-exec-5" daemon [_thread_blocked, id=20472, stack(0x000000404e000000,0x000000404e100000)]
  0x000001c9d67da790 JavaThread "http-nio-8081-exec-6" daemon [_thread_blocked, id=6080, stack(0x000000404e100000,0x000000404e200000)]
  0x000001c9d67de960 JavaThread "http-nio-8081-exec-7" daemon [_thread_blocked, id=22532, stack(0x000000404e200000,0x000000404e300000)]
  0x000001c9d67df380 JavaThread "http-nio-8081-exec-8" daemon [_thread_blocked, id=21852, stack(0x000000404e300000,0x000000404e400000)]
  0x000001c9d67dcb00 JavaThread "http-nio-8081-exec-9" daemon [_thread_blocked, id=15272, stack(0x000000404e400000,0x000000404e500000)]
  0x000001c9d67dee70 JavaThread "http-nio-8081-exec-10" daemon [_thread_blocked, id=20812, stack(0x000000404e500000,0x000000404e600000)]
  0x000001c9d67dda30 JavaThread "http-nio-8081-ClientPoller" daemon [_thread_in_native, id=23008, stack(0x000000404e600000,0x000000404e700000)]
  0x000001c9d67de450 JavaThread "http-nio-8081-Acceptor" daemon [_thread_in_native, id=15336, stack(0x000000404e700000,0x000000404e800000)]
  0x000001c9d67df890 JavaThread "DestroyJavaVM" [_thread_blocked, id=22640, stack(0x0000004049b00000,0x0000004049c00000)]
  0x000001c9d2cc1060 JavaThread "C2 CompilerThread1" daemon [_thread_in_native, id=8088, stack(0x000000404ad00000,0x000000404ae00000)]
  0x000001c9d2cc1b00 JavaThread "C2 CompilerThread2" daemon [_thread_blocked, id=6760, stack(0x000000404b100000,0x000000404b200000)]
  0x000001c9d2cc15b0 JavaThread "C2 CompilerThread3" daemon [_thread_blocked, id=21288, stack(0x000000404b200000,0x000000404b300000)]
  0x000001c9d2cc2050 JavaThread "C2 CompilerThread4" daemon [_thread_in_native, id=19900, stack(0x000000404b300000,0x000000404b400000)]
  0x000001c9d2cc3ae0 JavaThread "C2 CompilerThread5" daemon [_thread_blocked, id=23468, stack(0x000000404c200000,0x000000404c300000)]
  0x000001c9d2cc25a0 JavaThread "C2 CompilerThread6" daemon [_thread_in_native, id=21060, stack(0x000000404c300000,0x000000404c400000)]

Other Threads:
  0x000001c9ff0ed0a0 VMThread "VM Thread" [stack: 0x000000404a100000,0x000000404a200000] [id=21540]
  0x000001c9cf2c1800 WatcherThread [stack: 0x000000404af00000,0x000000404b000000] [id=21880]
  0x000001c9e5c58d20 GCTaskThread "GC Thread#0" [stack: 0x0000004049c00000,0x0000004049d00000] [id=22112]
  0x000001c9d0338040 GCTaskThread "GC Thread#1" [stack: 0x000000404b500000,0x000000404b600000] [id=21360]
  0x000001c9d0bd0ca0 GCTaskThread "GC Thread#2" [stack: 0x000000404b600000,0x000000404b700000] [id=21356]
  0x000001c9d03f29f0 GCTaskThread "GC Thread#3" [stack: 0x000000404b700000,0x000000404b800000] [id=19660]
  0x000001c9d03f2cb0 GCTaskThread "GC Thread#4" [stack: 0x000000404b800000,0x000000404b900000] [id=21892]
  0x000001c9d0202da0 GCTaskThread "GC Thread#5" [stack: 0x000000404b900000,0x000000404ba00000] [id=21824]
  0x000001c9d0945360 GCTaskThread "GC Thread#6" [stack: 0x000000404ba00000,0x000000404bb00000] [id=16240]
  0x000001c9d02d1330 GCTaskThread "GC Thread#7" [stack: 0x000000404bb00000,0x000000404bc00000] [id=21220]
  0x000001c9d02d15f0 GCTaskThread "GC Thread#8" [stack: 0x000000404bc00000,0x000000404bd00000] [id=19604]
  0x000001c9d0dff020 GCTaskThread "GC Thread#9" [stack: 0x000000404b400000,0x000000404b500000] [id=6616]
  0x000001c9d0e48dd0 GCTaskThread "GC Thread#10" [stack: 0x000000404bd00000,0x000000404be00000] [id=21192]
  0x000001c9d0f3d010 GCTaskThread "GC Thread#11" [stack: 0x000000404be00000,0x000000404bf00000] [id=14184]
  0x000001c9d1af7600 GCTaskThread "GC Thread#12" [stack: 0x000000404bf00000,0x000000404c000000] [id=10908]
  0x000001c9e5c6b730 ConcurrentGCThread "G1 Main Marker" [stack: 0x0000004049d00000,0x0000004049e00000] [id=22092]
  0x000001c9e5c6e050 ConcurrentGCThread "G1 Conc#0" [stack: 0x0000004049e00000,0x0000004049f00000] [id=23428]
  0x000001c9d1af7e40 ConcurrentGCThread "G1 Conc#1" [stack: 0x000000404c000000,0x000000404c100000] [id=22680]
  0x000001c9d1af6840 ConcurrentGCThread "G1 Conc#2" [stack: 0x000000404c100000,0x000000404c200000] [id=20992]
  0x000001c9fefa45c0 ConcurrentGCThread "G1 Refine#0" [stack: 0x0000004049f00000,0x000000404a000000] [id=21636]
  0x000001c9fefa5da0 ConcurrentGCThread "G1 Service" [stack: 0x000000404a000000,0x000000404a100000] [id=23116]

Threads with active compile tasks:
C2 CompilerThread0    13590 9778       4       org.eclipse.jdt.internal.compiler.lookup.BinaryTypeBinding::createTypeVariables (359 bytes)
C2 CompilerThread1    13590 9843       4       org.springframework.util.AntPathMatcher::doMatch (619 bytes)
C2 CompilerThread4    13590 9710   !   4       org.eclipse.jdt.internal.compiler.lookup.BinaryTypeBinding::superclass (196 bytes)
C2 CompilerThread6    13590 9741       4       org.eclipse.jdt.internal.compiler.lookup.Scope::findField (879 bytes)

VM state: not at safepoint (normal execution)

VM Mutex/Monitor currently owned by a thread: None

Heap address: 0x0000000709c00000, size: 3940 MB, Compressed Oops mode: Zero based, Oop shift amount: 3

CDS archive(s) mapped at: [0x000001c98a000000-0x000001c98abd0000-0x000001c98abd0000), size 12386304, SharedBaseAddress: 0x000001c98a000000, ArchiveRelocationMode: 1.
Compressed class space mapped at: 0x000001c98b000000-0x000001c9cb000000, reserved size: 1073741824
Narrow klass base: 0x000001c98a000000, Narrow klass shift: 0, Narrow klass range: 0x100000000

GC Precious Log:
 CPUs: 16 total, 16 available
 Memory: 15752M
 Large Page Support: Disabled
 NUMA Support: Disabled
 Compressed Oops: Enabled (Zero based)
 Heap Region Size: 2M
 Heap Min Capacity: 8M
 Heap Initial Capacity: 248M
 Heap Max Capacity: 3940M
 Pre-touch: Disabled
 Parallel Workers: 13
 Concurrent Workers: 3
 Concurrent Refinement Workers: 13
 Periodic GC: Disabled

Heap:
 garbage-first heap   total 75776K, used 45616K [0x0000000709c00000, 0x0000000800000000)
  region size 2048K, 9 young (18432K), 2 survivors (4096K)
 Metaspace       used 77725K, committed 78208K, reserved 1179648K
  class space    used 9481K, committed 9728K, reserved 1048576K

Heap Regions: E=young(eden), S=young(survivor), O=old, HS=humongous(starts), HC=humongous(continues), CS=collection set, F=free, OA=open archive, CA=closed archive, TAMS=top-at-mark-start (previous, next)
|   0|0x0000000709c00000, 0x0000000709e00000, 0x0000000709e00000|100%| O|  |TAMS 0x0000000709e00000, 0x0000000709c00000| Untracked 
|   1|0x0000000709e00000, 0x000000070a000000, 0x000000070a000000|100%| O|  |TAMS 0x000000070a000000, 0x0000000709e00000| Untracked 
|   2|0x000000070a000000, 0x000000070a200000, 0x000000070a200000|100%| O|  |TAMS 0x000000070a200000, 0x000000070a000000| Untracked 
|   3|0x000000070a200000, 0x000000070a400000, 0x000000070a400000|100%| O|  |TAMS 0x000000070a400000, 0x000000070a200000| Untracked 
|   4|0x000000070a400000, 0x000000070a600000, 0x000000070a600000|100%| O|  |TAMS 0x000000070a600000, 0x000000070a400000| Untracked 
|   5|0x000000070a600000, 0x000000070a800000, 0x000000070a800000|100%| O|  |TAMS 0x000000070a800000, 0x000000070a600000| Untracked 
|   6|0x000000070a800000, 0x000000070aa00000, 0x000000070aa00000|100%| O|  |TAMS 0x000000070aa00000, 0x000000070a800000| Untracked 
|   7|0x000000070aa00000, 0x000000070ac00000, 0x000000070ac00000|100%| O|  |TAMS 0x000000070ac00000, 0x000000070aa00000| Untracked 
|   8|0x000000070ac00000, 0x000000070ae00000, 0x000000070ae00000|100%| O|  |TAMS 0x000000070ac00000, 0x000000070ac00000| Untracked 
|   9|0x000000070ae00000, 0x000000070b000000, 0x000000070b000000|100%| O|  |TAMS 0x000000070b000000, 0x000000070ae00000| Untracked 
|  10|0x000000070b000000, 0x000000070b200000, 0x000000070b200000|100%| O|  |TAMS 0x000000070b200000, 0x000000070b000000| Untracked 
|  11|0x000000070b200000, 0x000000070b400000, 0x000000070b400000|100%| O|  |TAMS 0x000000070b3ee800, 0x000000070b200000| Untracked 
|  12|0x000000070b400000, 0x000000070b600000, 0x000000070b600000|100%| O|  |TAMS 0x000000070b400000, 0x000000070b400000| Untracked 
|  13|0x000000070b600000, 0x000000070b800000, 0x000000070b800000|100%| O|  |TAMS 0x000000070b600000, 0x000000070b600000| Untracked 
|  14|0x000000070b800000, 0x000000070ba00000, 0x000000070ba00000|100%| O|  |TAMS 0x000000070b800000, 0x000000070b800000| Untracked 
|  15|0x000000070ba00000, 0x000000070bc00000, 0x000000070bc00000|100%| O|  |TAMS 0x000000070ba00000, 0x000000070ba00000| Untracked 
|  16|0x000000070bc00000, 0x000000070bc42c00, 0x000000070be00000| 13%| O|  |TAMS 0x000000070bc00000, 0x000000070bc00000| Untracked 
|  17|0x000000070be00000, 0x000000070be00000, 0x000000070c000000|  0%| F|  |TAMS 0x000000070be00000, 0x000000070be00000| Untracked 
|  18|0x000000070c000000, 0x000000070c000000, 0x000000070c200000|  0%| F|  |TAMS 0x000000070c000000, 0x000000070c000000| Untracked 
|  19|0x000000070c200000, 0x000000070c200000, 0x000000070c400000|  0%| F|  |TAMS 0x000000070c200000, 0x000000070c200000| Untracked 
|  20|0x000000070c400000, 0x000000070c400000, 0x000000070c600000|  0%| F|  |TAMS 0x000000070c400000, 0x000000070c400000| Untracked 
|  21|0x000000070c600000, 0x000000070c600000, 0x000000070c800000|  0%| F|  |TAMS 0x000000070c600000, 0x000000070c600000| Untracked 
|  22|0x000000070c800000, 0x000000070c849450, 0x000000070ca00000| 14%| S|CS|TAMS 0x000000070c800000, 0x000000070c800000| Complete 
|  23|0x000000070ca00000, 0x000000070ca00000, 0x000000070cc00000|  0%| F|  |TAMS 0x000000070ca00000, 0x000000070ca00000| Untracked 
|  24|0x000000070cc00000, 0x000000070ce00000, 0x000000070ce00000|100%| S|CS|TAMS 0x000000070cc00000, 0x000000070cc00000| Complete 
|  25|0x000000070ce00000, 0x000000070ce00000, 0x000000070d000000|  0%| F|  |TAMS 0x000000070ce00000, 0x000000070ce00000| Untracked 
|  26|0x000000070d000000, 0x000000070d000000, 0x000000070d200000|  0%| F|  |TAMS 0x000000070d000000, 0x000000070d000000| Untracked 
|  27|0x000000070d200000, 0x000000070d200000, 0x000000070d400000|  0%| F|  |TAMS 0x000000070d200000, 0x000000070d200000| Untracked 
|  28|0x000000070d400000, 0x000000070d400000, 0x000000070d600000|  0%| F|  |TAMS 0x000000070d400000, 0x000000070d400000| Untracked 
|  29|0x000000070d600000, 0x000000070d600000, 0x000000070d800000|  0%| F|  |TAMS 0x000000070d600000, 0x000000070d600000| Untracked 
|  30|0x000000070d800000, 0x000000070d9e2168, 0x000000070da00000| 94%| E|  |TAMS 0x000000070d800000, 0x000000070d800000| Complete 
|  31|0x000000070da00000, 0x000000070dc00000, 0x000000070dc00000|100%| E|CS|TAMS 0x000000070da00000, 0x000000070da00000| Complete 
|  32|0x000000070dc00000, 0x000000070de00000, 0x000000070de00000|100%| E|  |TAMS 0x000000070dc00000, 0x000000070dc00000| Complete 
|  33|0x000000070de00000, 0x000000070e000000, 0x000000070e000000|100%| E|CS|TAMS 0x000000070de00000, 0x000000070de00000| Complete 
|  62|0x0000000711800000, 0x0000000711a00000, 0x0000000711a00000|100%| E|CS|TAMS 0x0000000711800000, 0x0000000711800000| Complete 
|  63|0x0000000711a00000, 0x0000000711c00000, 0x0000000711c00000|100%| E|CS|TAMS 0x0000000711a00000, 0x0000000711a00000| Complete 
| 123|0x0000000719200000, 0x0000000719400000, 0x0000000719400000|100%| E|CS|TAMS 0x0000000719200000, 0x0000000719200000| Complete 

Card table byte_map: [0x000001c9fd4d0000,0x000001c9fdc90000] _byte_map_base: 0x000001c9f9c82000

Marking Bits (Prev, Next): (CMBitMap*) 0x000001c9e5c5a390, (CMBitMap*) 0x000001c9e5c5a350
 Prev Bits: [0x000001c983d90000, 0x000001c987b20000)
 Next Bits: [0x000001c980000000, 0x000001c983d90000)

Polling page: 0x000001c9e3930000

Metaspace:

Usage:
  Non-class:     66.64 MB used.
      Class:      9.26 MB used.
       Both:     75.90 MB used.

Virtual space:
  Non-class space:      128.00 MB reserved,      66.88 MB ( 52%) committed,  2 nodes.
      Class space:        1.00 GB reserved,       9.50 MB ( <1%) committed,  1 nodes.
             Both:        1.12 GB reserved,      76.38 MB (  7%) committed. 

Chunk freelists:
   Non-Class:  12.91 MB
       Class:  6.47 MB
        Both:  19.38 MB

MaxMetaspaceSize: unlimited
CompressedClassSpaceSize: 1.00 GB
Initial GC threshold: 21.00 MB
Current GC threshold: 98.25 MB
CDS: on
MetaspaceReclaimPolicy: balanced
 - commit_granule_bytes: 65536.
 - commit_granule_words: 8192.
 - virtual_space_node_default_size: 8388608.
 - enlarge_chunks_in_place: 1.
 - new_chunks_are_fully_committed: 0.
 - uncommit_free_chunks: 1.
 - use_allocation_guard: 0.
 - handle_deallocations: 1.


Internal statistics:

num_allocs_failed_limit: 9.
num_arena_births: 550.
num_arena_deaths: 0.
num_vsnodes_births: 3.
num_vsnodes_deaths: 0.
num_space_committed: 1222.
num_space_uncommitted: 0.
num_chunks_returned_to_freelist: 9.
num_chunks_taken_from_freelist: 3256.
num_chunk_merges: 9.
num_chunk_splits: 2324.
num_chunks_enlarged: 1821.
num_inconsistent_stats: 0.

CodeHeap 'non-profiled nmethods': size=119168Kb used=6089Kb max_used=6089Kb free=113078Kb
 bounds [0x000001c9f5030000, 0x000001c9f5630000, 0x000001c9fc490000]
CodeHeap 'profiled nmethods': size=119104Kb used=19448Kb max_used=19448Kb free=99655Kb
 bounds [0x000001c9ed490000, 0x000001c9ee7a0000, 0x000001c9f48e0000]
CodeHeap 'non-nmethods': size=7488Kb used=2514Kb max_used=3145Kb free=4973Kb
 bounds [0x000001c9f48e0000, 0x000001c9f4c00000, 0x000001c9f5030000]
 total_blobs=9321 nmethods=8592 adapters=637
 compilation: enabled
              stopped_count=0, restarted_count=0
 full_count=0

Compilation events (20 events):
Event: 12.533 Thread 0x000001c9cf0db560 9946   !   3       jdk.internal.loader.AbstractClassLoaderValue::computeIfAbsent (113 bytes)
Event: 12.533 Thread 0x000001c9cf012cd0 9947   !   3       jdk.proxy1.$Proxy7::annotationType (29 bytes)
Event: 12.534 Thread 0x000001c9cf012cd0 nmethod 9947 0x000001c9ee78a310 code [0x000001c9ee78a4e0, 0x000001c9ee78a8d8]
Event: 12.534 Thread 0x000001c9cf0db560 nmethod 9946 0x000001c9ee78aa90 code [0x000001c9ee78ad40, 0x000001c9ee78bda8]
Event: 12.537 Thread 0x000001c9cf0d9030 9948       3       java.lang.reflect.Constructor::getGenericParameterTypes (5 bytes)
Event: 12.537 Thread 0x000001c9d08b4fb0 9949       1       com.fasterxml.jackson.databind.type.TypeBase::getBindings (5 bytes)
Event: 12.537 Thread 0x000001c9cf0db560 9950       3       com.fasterxml.jackson.databind.AnnotationIntrospector::_findAnnotation (6 bytes)
Event: 12.537 Thread 0x000001c9d08b4fb0 nmethod 9949 0x000001c9f5621b90 code [0x000001c9f5621d20, 0x000001c9f5621df8]
Event: 12.537 Thread 0x000001c9d08b4fb0 9951       1       com.fasterxml.jackson.databind.JavaType::getReferencedType (2 bytes)
Event: 12.537 Thread 0x000001c9cf0db560 nmethod 9950 0x000001c9ee78c390 code [0x000001c9ee78c540, 0x000001c9ee78c728]
Event: 12.537 Thread 0x000001c9cf012cd0 9952       3       com.fasterxml.jackson.databind.introspect.AnnotatedMember::getAnnotation (18 bytes)
Event: 12.537 Thread 0x000001c9d08b4fb0 nmethod 9951 0x000001c9f5621e90 code [0x000001c9f5622020, 0x000001c9f56220f8]
Event: 12.537 Thread 0x000001c9cf0db560 9953       3       com.fasterxml.jackson.databind.introspect.AnnotationMap::get (21 bytes)
Event: 12.537 Thread 0x000001c9d08b4fb0 9954       1       com.fasterxml.jackson.databind.type.SimpleType::isContainerType (2 bytes)
Event: 12.537 Thread 0x000001c9d08b4fb0 nmethod 9954 0x000001c9f5622190 code [0x000001c9f5622320, 0x000001c9f56223f8]
Event: 12.538 Thread 0x000001c9cf0db560 nmethod 9953 0x000001c9ee78c810 code [0x000001c9ee78c9c0, 0x000001c9ee78cd28]
Event: 12.538 Thread 0x000001c9cf012cd0 nmethod 9952 0x000001c9ee78ce10 code [0x000001c9ee78cfe0, 0x000001c9ee78d3e8]
Event: 12.538 Thread 0x000001c9cf0d9030 nmethod 9948 0x000001c9ee78d510 code [0x000001c9ee78d7a0, 0x000001c9ee78e7b8]
Event: 13.317 Thread 0x000001c9cf0d9030 9955       1       org.apache.http.impl.nio.reactor.AbstractMultiworkerIOReactor$Worker::getThrowable (5 bytes)
Event: 13.442 Thread 0x000001c9cf0db560 9956   !   3       sun.nio.ch.WEPollSelectorImpl::doSelect (107 bytes)

GC Heap History (20 events):
Event: 3.684 GC heap before
{Heap before GC invocations=11 (full 0):
 garbage-first heap   total 75776K, used 25050K [0x0000000709c00000, 0x0000000800000000)
  region size 2048K, 4 young (8192K), 3 survivors (6144K)
 Metaspace       used 49438K, committed 49728K, reserved 1114112K
  class space    used 6296K, committed 6464K, reserved 1048576K
}
Event: 3.687 GC heap after
{Heap after GC invocations=12 (full 0):
 garbage-first heap   total 75776K, used 23310K [0x0000000709c00000, 0x0000000800000000)
  region size 2048K, 1 young (2048K), 1 survivors (2048K)
 Metaspace       used 49438K, committed 49728K, reserved 1114112K
  class space    used 6296K, committed 6464K, reserved 1048576K
}
Event: 4.051 GC heap before
{Heap before GC invocations=12 (full 0):
 garbage-first heap   total 75776K, used 56078K [0x0000000709c00000, 0x0000000800000000)
  region size 2048K, 17 young (34816K), 1 survivors (2048K)
 Metaspace       used 54311K, committed 54656K, reserved 1114112K
  class space    used 7057K, committed 7232K, reserved 1048576K
}
Event: 4.053 GC heap after
{Heap after GC invocations=13 (full 0):
 garbage-first heap   total 75776K, used 24059K [0x0000000709c00000, 0x0000000800000000)
  region size 2048K, 1 young (2048K), 1 survivors (2048K)
 Metaspace       used 54311K, committed 54656K, reserved 1114112K
  class space    used 7057K, committed 7232K, reserved 1048576K
}
Event: 4.763 GC heap before
{Heap before GC invocations=13 (full 0):
 garbage-first heap   total 75776K, used 56827K [0x0000000709c00000, 0x0000000800000000)
  region size 2048K, 17 young (34816K), 1 survivors (2048K)
 Metaspace       used 57796K, committed 58176K, reserved 1114112K
  class space    used 7479K, committed 7680K, reserved 1048576K
}
Event: 4.766 GC heap after
{Heap after GC invocations=14 (full 0):
 garbage-first heap   total 75776K, used 28128K [0x0000000709c00000, 0x0000000800000000)
  region size 2048K, 3 young (6144K), 3 survivors (6144K)
 Metaspace       used 57796K, committed 58176K, reserved 1114112K
  class space    used 7479K, committed 7680K, reserved 1048576K
}
Event: 5.167 GC heap before
{Heap before GC invocations=14 (full 0):
 garbage-first heap   total 75776K, used 40416K [0x0000000709c00000, 0x0000000800000000)
  region size 2048K, 10 young (20480K), 3 survivors (6144K)
 Metaspace       used 59961K, committed 60288K, reserved 1114112K
  class space    used 7822K, committed 8000K, reserved 1048576K
}
Event: 5.171 GC heap after
{Heap after GC invocations=15 (full 0):
 garbage-first heap   total 75776K, used 30425K [0x0000000709c00000, 0x0000000800000000)
  region size 2048K, 2 young (4096K), 2 survivors (4096K)
 Metaspace       used 59961K, committed 60288K, reserved 1114112K
  class space    used 7822K, committed 8000K, reserved 1048576K
}
Event: 10.474 GC heap before
{Heap before GC invocations=16 (full 0):
 garbage-first heap   total 75776K, used 52953K [0x0000000709c00000, 0x0000000800000000)
  region size 2048K, 14 young (28672K), 2 survivors (4096K)
 Metaspace       used 64548K, committed 64960K, reserved 1114112K
  class space    used 8425K, committed 8640K, reserved 1048576K
}
Event: 10.477 GC heap after
{Heap after GC invocations=17 (full 0):
 garbage-first heap   total 75776K, used 31949K [0x0000000709c00000, 0x0000000800000000)
  region size 2048K, 2 young (4096K), 2 survivors (4096K)
 Metaspace       used 64548K, committed 64960K, reserved 1114112K
  class space    used 8425K, committed 8640K, reserved 1048576K
}
Event: 10.847 GC heap before
{Heap before GC invocations=17 (full 0):
 garbage-first heap   total 75776K, used 56525K [0x0000000709c00000, 0x0000000800000000)
  region size 2048K, 15 young (30720K), 2 survivors (4096K)
 Metaspace       used 70860K, committed 71232K, reserved 1114112K
  class space    used 8922K, committed 9088K, reserved 1048576K
}
Event: 10.849 GC heap after
{Heap after GC invocations=18 (full 0):
 garbage-first heap   total 75776K, used 33023K [0x0000000709c00000, 0x0000000800000000)
  region size 2048K, 2 young (4096K), 2 survivors (4096K)
 Metaspace       used 70860K, committed 71232K, reserved 1114112K
  class space    used 8922K, committed 9088K, reserved 1048576K
}
Event: 11.143 GC heap before
{Heap before GC invocations=18 (full 0):
 garbage-first heap   total 75776K, used 57599K [0x0000000709c00000, 0x0000000800000000)
  region size 2048K, 14 young (28672K), 2 survivors (4096K)
 Metaspace       used 72229K, committed 72576K, reserved 1114112K
  class space    used 8989K, committed 9152K, reserved 1048576K
}
Event: 11.144 GC heap after
{Heap after GC invocations=19 (full 0):
 garbage-first heap   total 75776K, used 33451K [0x0000000709c00000, 0x0000000800000000)
  region size 2048K, 1 young (2048K), 1 survivors (2048K)
 Metaspace       used 72229K, committed 72576K, reserved 1114112K
  class space    used 8989K, committed 9152K, reserved 1048576K
}
Event: 11.495 GC heap before
{Heap before GC invocations=19 (full 0):
 garbage-first heap   total 75776K, used 58027K [0x0000000709c00000, 0x0000000800000000)
  region size 2048K, 14 young (28672K), 1 survivors (2048K)
 Metaspace       used 73697K, committed 74048K, reserved 1114112K
  class space    used 9124K, committed 9280K, reserved 1048576K
}
Event: 11.497 GC heap after
{Heap after GC invocations=20 (full 0):
 garbage-first heap   total 75776K, used 33789K [0x0000000709c00000, 0x0000000800000000)
  region size 2048K, 1 young (2048K), 1 survivors (2048K)
 Metaspace       used 73697K, committed 74048K, reserved 1114112K
  class space    used 9124K, committed 9280K, reserved 1048576K
}
Event: 11.922 GC heap before
{Heap before GC invocations=20 (full 0):
 garbage-first heap   total 75776K, used 60413K [0x0000000709c00000, 0x0000000800000000)
  region size 2048K, 14 young (28672K), 1 survivors (2048K)
 Metaspace       used 76530K, committed 76864K, reserved 1179648K
  class space    used 9391K, committed 9536K, reserved 1048576K
}
Event: 11.924 GC heap after
{Heap after GC invocations=21 (full 0):
 garbage-first heap   total 75776K, used 35099K [0x0000000709c00000, 0x0000000800000000)
  region size 2048K, 2 young (4096K), 2 survivors (4096K)
 Metaspace       used 76530K, committed 76864K, reserved 1179648K
  class space    used 9391K, committed 9536K, reserved 1048576K
}
Event: 12.220 GC heap before
{Heap before GC invocations=21 (full 0):
 garbage-first heap   total 75776K, used 57627K [0x0000000709c00000, 0x0000000800000000)
  region size 2048K, 14 young (28672K), 2 survivors (4096K)
 Metaspace       used 76970K, committed 77504K, reserved 1179648K
  class space    used 9406K, committed 9664K, reserved 1048576K
}
Event: 12.223 GC heap after
{Heap after GC invocations=22 (full 0):
 garbage-first heap   total 75776K, used 35376K [0x0000000709c00000, 0x0000000800000000)
  region size 2048K, 2 young (4096K), 2 survivors (4096K)
 Metaspace       used 76970K, committed 77504K, reserved 1179648K
  class space    used 9406K, committed 9664K, reserved 1048576K
}

Deoptimization events (20 events):
Event: 12.255 Thread 0x000001c9d67d9d70 Uncommon trap: trap_request=0xffffff6e fr.pc=0x000001c9f55ea4a0 relative=0x0000000000000200
Event: 12.255 Thread 0x000001c9d67d9d70 Uncommon trap: reason=loop_limit_check action=maybe_recompile pc=0x000001c9f55ea4a0 method=org.eclipse.jdt.internal.compiler.lookup.BlockScope.findVariable([C)Lorg/eclipse/jdt/internal/compiler/lookup/LocalVariableBinding; @ 49 c2
Event: 12.255 Thread 0x000001c9d67d9d70 DEOPT PACKING pc=0x000001c9f55ea4a0 sp=0x000000404dcfa010
Event: 12.255 Thread 0x000001c9d67d9d70 DEOPT UNPACKING pc=0x000001c9f49323a3 sp=0x000000404dcf9fa0 mode 2
Event: 12.264 Thread 0x000001c9d67d9d70 Uncommon trap: trap_request=0xffffff45 fr.pc=0x000001c9f52206b4 relative=0x0000000000000e34
Event: 12.264 Thread 0x000001c9d67d9d70 Uncommon trap: reason=unstable_if action=reinterpret pc=0x000001c9f52206b4 method=org.eclipse.jdt.internal.compiler.codegen.ConstantPool.literalIndex([C)I @ 119 c2
Event: 12.265 Thread 0x000001c9d67d9d70 DEOPT PACKING pc=0x000001c9f52206b4 sp=0x000000404dcf9c90
Event: 12.265 Thread 0x000001c9d67d9d70 DEOPT UNPACKING pc=0x000001c9f49323a3 sp=0x000000404dcf9c50 mode 2
Event: 12.278 Thread 0x000001c9d67d9d70 Uncommon trap: trap_request=0xffffff45 fr.pc=0x000001c9f55156f0 relative=0x0000000000001250
Event: 12.278 Thread 0x000001c9d67d9d70 Uncommon trap: reason=unstable_if action=reinterpret pc=0x000001c9f55156f0 method=org.eclipse.jdt.internal.compiler.parser.Scanner.internalScanIdentifierOrKeyword(II[C)I @ 1303 c2
Event: 12.278 Thread 0x000001c9d67d9d70 DEOPT PACKING pc=0x000001c9f55156f0 sp=0x000000404dcfae50
Event: 12.278 Thread 0x000001c9d67d9d70 DEOPT UNPACKING pc=0x000001c9f49323a3 sp=0x000000404dcfade0 mode 2
Event: 12.499 Thread 0x000001c9d67daca0 Uncommon trap: trap_request=0xffffff45 fr.pc=0x000001c9f54712e8 relative=0x0000000000001428
Event: 12.499 Thread 0x000001c9d67daca0 Uncommon trap: reason=unstable_if action=reinterpret pc=0x000001c9f54712e8 method=java.util.concurrent.ConcurrentHashMap.putVal(Ljava/lang/Object;Ljava/lang/Object;Z)Ljava/lang/Object; @ 162 c2
Event: 12.499 Thread 0x000001c9d67daca0 DEOPT PACKING pc=0x000001c9f54712e8 sp=0x000000404dffd220
Event: 12.499 Thread 0x000001c9d67daca0 DEOPT UNPACKING pc=0x000001c9f49323a3 sp=0x000000404dffd1b8 mode 2
Event: 12.534 Thread 0x000001c9d67daca0 Uncommon trap: trap_request=0xffffff45 fr.pc=0x000001c9f530bcc0 relative=0x0000000000000300
Event: 12.534 Thread 0x000001c9d67daca0 Uncommon trap: reason=unstable_if action=reinterpret pc=0x000001c9f530bcc0 method=java.util.HashMap.getNode(Ljava/lang/Object;)Ljava/util/HashMap$Node; @ 66 c2
Event: 12.534 Thread 0x000001c9d67daca0 DEOPT PACKING pc=0x000001c9f530bcc0 sp=0x000000404dffce40
Event: 12.534 Thread 0x000001c9d67daca0 DEOPT UNPACKING pc=0x000001c9f49323a3 sp=0x000000404dffcd50 mode 2

Classes unloaded (0 events):
No events

Classes redefined (0 events):
No events

Internal exceptions (20 events):
Event: 11.228 Thread 0x000001c9d67d9d70 Exception <a 'java/lang/ClassNotFoundException'{0x000000070df1c080}: org/apache/taglibs/standard/tag/common/core/WhenTagSupportCustomizer> (0x000000070df1c080) 
thrown [s\open\src\hotspot\share\classfile\systemDictionary.cpp, line 256]
Event: 11.230 Thread 0x000001c9d67d9d70 Exception <a 'java/lang/ClassNotFoundException'{0x000000070df26e50}: org/apache/taglibs/standard/tag/rt/core/WhenTagCustomizer> (0x000000070df26e50) 
thrown [s\open\src\hotspot\share\classfile\systemDictionary.cpp, line 256]
Event: 11.231 Thread 0x000001c9d67d9d70 Exception <a 'java/lang/ClassNotFoundException'{0x000000070df3a7a8}: org/apache/taglibs/standard/tag/common/core/OtherwiseTagBeanInfo> (0x000000070df3a7a8) 
thrown [s\open\src\hotspot\share\classfile\systemDictionary.cpp, line 256]
Event: 11.232 Thread 0x000001c9d67d9d70 Exception <a 'java/lang/ClassNotFoundException'{0x000000070df41638}: org/apache/taglibs/standard/tag/common/core/OtherwiseTagCustomizer> (0x000000070df41638) 
thrown [s\open\src\hotspot\share\classfile\systemDictionary.cpp, line 256]
Event: 11.233 Thread 0x000001c9d67d9d70 Exception <a 'java/lang/ClassNotFoundException'{0x000000070df4eac0}: org/apache/taglibs/standard/tag/rt/core/IfTagBeanInfo> (0x000000070df4eac0) 
thrown [s\open\src\hotspot\share\classfile\systemDictionary.cpp, line 256]
Event: 11.233 Thread 0x000001c9d67d9d70 Exception <a 'java/lang/ClassNotFoundException'{0x000000070df55630}: org/apache/taglibs/standard/tag/rt/core/IfTagCustomizer> (0x000000070df55630) 
thrown [s\open\src\hotspot\share\classfile\systemDictionary.cpp, line 256]
Event: 11.735 Thread 0x000001c9d67d9d70 Exception <a 'java/lang/ClassNotFoundException'{0x000000070dccfa38}: org/apache/taglibs/standard/tag/rt/core/ForEachTagBeanInfo> (0x000000070dccfa38) 
thrown [s\open\src\hotspot\share\classfile\systemDictionary.cpp, line 256]
Event: 11.736 Thread 0x000001c9d67d9d70 Exception <a 'java/lang/ClassNotFoundException'{0x000000070dcd85e8}: org/apache/taglibs/standard/tag/common/core/ForEachSupportBeanInfo> (0x000000070dcd85e8) 
thrown [s\open\src\hotspot\share\classfile\systemDictionary.cpp, line 256]
Event: 11.737 Thread 0x000001c9d67d9d70 Exception <a 'java/lang/ClassNotFoundException'{0x000000070dce0ab8}: javax/servlet/jsp/jstl/core/LoopTagSupportBeanInfo> (0x000000070dce0ab8) 
thrown [s\open\src\hotspot\share\classfile\systemDictionary.cpp, line 256]
Event: 11.738 Thread 0x000001c9d67d9d70 Exception <a 'java/lang/ClassNotFoundException'{0x000000070dce8f90}: javax/servlet/jsp/jstl/core/LoopTagSupportCustomizer> (0x000000070dce8f90) 
thrown [s\open\src\hotspot\share\classfile\systemDictionary.cpp, line 256]
Event: 11.740 Thread 0x000001c9d67d9d70 Exception <a 'java/lang/ClassNotFoundException'{0x000000070dd01b20}: org/apache/taglibs/standard/tag/common/core/ForEachSupportCustomizer> (0x000000070dd01b20) 
thrown [s\open\src\hotspot\share\classfile\systemDictionary.cpp, line 256]
Event: 11.741 Thread 0x000001c9d67d9d70 Exception <a 'java/lang/ClassNotFoundException'{0x000000070dd0fe90}: org/apache/taglibs/standard/tag/rt/core/ForEachTagCustomizer> (0x000000070dd0fe90) 
thrown [s\open\src\hotspot\share\classfile\systemDictionary.cpp, line 256]
Event: 11.742 Thread 0x000001c9d67d9d70 Exception <a 'java/lang/ClassNotFoundException'{0x000000070dd30740}: org/apache/taglibs/standard/tag/rt/fmt/FormatNumberTagBeanInfo> (0x000000070dd30740) 
thrown [s\open\src\hotspot\share\classfile\systemDictionary.cpp, line 256]
Event: 11.743 Thread 0x000001c9d67d9d70 Exception <a 'java/lang/ClassNotFoundException'{0x000000070dd390d8}: org/apache/taglibs/standard/tag/common/fmt/FormatNumberSupportBeanInfo> (0x000000070dd390d8) 
thrown [s\open\src\hotspot\share\classfile\systemDictionary.cpp, line 256]
Event: 11.743 Thread 0x000001c9d67d9d70 Exception <a 'java/lang/ClassNotFoundException'{0x000000070dd41dc0}: org/apache/taglibs/standard/tag/common/fmt/FormatNumberSupportCustomizer> (0x000000070dd41dc0) 
thrown [s\open\src\hotspot\share\classfile\systemDictionary.cpp, line 256]
Event: 11.744 Thread 0x000001c9d67d9d70 Exception <a 'java/lang/ClassNotFoundException'{0x000000070dd50ef8}: org/apache/taglibs/standard/tag/rt/fmt/FormatNumberTagCustomizer> (0x000000070dd50ef8) 
thrown [s\open\src\hotspot\share\classfile\systemDictionary.cpp, line 256]
Event: 11.805 Thread 0x000001c9d67d9d70 Exception <a 'java/lang/ClassNotFoundException'{0x000000070d465cb8}: com/laptrinhoop/entity/CategoryBeanInfo> (0x000000070d465cb8) 
thrown [s\open\src\hotspot\share\classfile\systemDictionary.cpp, line 256]
Event: 11.806 Thread 0x000001c9d67d9d70 Exception <a 'java/lang/ClassNotFoundException'{0x000000070d46e148}: com/laptrinhoop/entity/CategoryCustomizer> (0x000000070d46e148) 
thrown [s\open\src\hotspot\share\classfile\systemDictionary.cpp, line 256]
Event: 11.807 Thread 0x000001c9d67d9d70 Exception <a 'java/lang/ClassNotFoundException'{0x000000070d480c70}: com/laptrinhoop/entity/ProductBeanInfo> (0x000000070d480c70) 
thrown [s\open\src\hotspot\share\classfile\systemDictionary.cpp, line 256]
Event: 11.808 Thread 0x000001c9d67d9d70 Exception <a 'java/lang/ClassNotFoundException'{0x000000070d488e10}: com/laptrinhoop/entity/ProductCustomizer> (0x000000070d488e10) 
thrown [s\open\src\hotspot\share\classfile\systemDictionary.cpp, line 256]

VM Operations (20 events):
Event: 11.679 Executing VM operation: HandshakeAllThreads
Event: 11.679 Executing VM operation: HandshakeAllThreads done
Event: 11.821 Executing VM operation: HandshakeAllThreads
Event: 11.821 Executing VM operation: HandshakeAllThreads done
Event: 11.921 Executing VM operation: G1CollectForAllocation
Event: 11.925 Executing VM operation: G1CollectForAllocation done
Event: 11.953 Executing VM operation: HandshakeAllThreads
Event: 11.953 Executing VM operation: HandshakeAllThreads done
Event: 11.953 Executing VM operation: HandshakeAllThreads
Event: 11.953 Executing VM operation: HandshakeAllThreads done
Event: 11.955 Executing VM operation: HandshakeAllThreads
Event: 11.955 Executing VM operation: HandshakeAllThreads done
Event: 11.955 Executing VM operation: HandshakeAllThreads
Event: 11.955 Executing VM operation: HandshakeAllThreads done
Event: 12.220 Executing VM operation: G1CollectForAllocation
Event: 12.223 Executing VM operation: G1CollectForAllocation done
Event: 12.525 Executing VM operation: HandshakeAllThreads
Event: 12.525 Executing VM operation: HandshakeAllThreads done
Event: 13.535 Executing VM operation: Cleanup
Event: 13.536 Executing VM operation: Cleanup done

Events (20 events):
Event: 11.972 Thread 0x000001c9cf0139e0 flushing nmethod 0x000001c9ee492e90
Event: 12.019 loading class java/util/concurrent/locks/ReentrantReadWriteLock$Sync$HoldCounter
Event: 12.019 loading class java/util/concurrent/locks/ReentrantReadWriteLock$Sync$HoldCounter done
Event: 12.020 loading class java/util/concurrent/locks/AbstractQueuedSynchronizer$SharedNode
Event: 12.021 loading class java/util/concurrent/locks/AbstractQueuedSynchronizer$SharedNode done
Event: 12.028 loading class java/text/ParsePosition
Event: 12.028 loading class java/text/ParsePosition done
Event: 12.028 loading class java/text/CalendarBuilder
Event: 12.028 loading class java/text/CalendarBuilder done
Event: 12.384 loading class java/time/format/DateTimeParseException
Event: 12.384 loading class java/time/format/DateTimeParseException done
Event: 12.386 loading class java/time/format/DateTimeFormatterBuilder$ZoneTextPrinterParser
Event: 12.387 loading class java/time/format/DateTimeFormatterBuilder$ZoneTextPrinterParser done
Event: 12.388 loading class java/time/format/DateTimeFormatterBuilder$ReducedPrinterParser
Event: 12.389 loading class java/time/format/DateTimeFormatterBuilder$ReducedPrinterParser done
Event: 12.520 loading class java/util/stream/LongStream
Event: 12.520 loading class java/util/stream/LongStream done
Event: 12.521 loading class java/util/stream/DoubleStream
Event: 12.521 loading class java/util/stream/DoubleStream done
Event: 13.317 Thread 0x000001c9d08b4fb0 Thread exited: 0x000001c9d08b4fb0


Dynamic libraries:
0x00007ff7c4bd0000 - 0x00007ff7c4be0000 	C:\Program Files\Java\jdk-17\bin\java.exe
0x00007ffcb0980000 - 0x00007ffcb0be0000 	C:\WINDOWS\SYSTEM32\ntdll.dll
0x00007ffcafa70000 - 0x00007ffcafb37000 	C:\WINDOWS\System32\KERNEL32.DLL
0x00007ffcae2d0000 - 0x00007ffcae69a000 	C:\WINDOWS\System32\KERNELBASE.dll
0x00007ffcadeb0000 - 0x00007ffcadffb000 	C:\WINDOWS\System32\ucrtbase.dll
0x00007ffca15b0000 - 0x00007ffca15c9000 	C:\Program Files\Java\jdk-17\bin\jli.dll
0x00007ffcaee70000 - 0x00007ffcaef22000 	C:\WINDOWS\System32\ADVAPI32.dll
0x00007ffcaf850000 - 0x00007ffcaf8f9000 	C:\WINDOWS\System32\msvcrt.dll
0x00007ffcaf010000 - 0x00007ffcaf0b6000 	C:\WINDOWS\System32\sechost.dll
0x00007ffcaec90000 - 0x00007ffcaeda6000 	C:\WINDOWS\System32\RPCRT4.dll
0x00007ffca12e0000 - 0x00007ffca12fb000 	C:\Program Files\Java\jdk-17\bin\VCRUNTIME140.dll
0x00007ffcaf0c0000 - 0x00007ffcaf28c000 	C:\WINDOWS\System32\USER32.dll
0x00007ffcae6a0000 - 0x00007ffcae6c7000 	C:\WINDOWS\System32\win32u.dll
0x00007ffc990d0000 - 0x00007ffc99367000 	C:\WINDOWS\WinSxS\amd64_microsoft.windows.common-controls_6595b64144ccf1df_6.0.26100.3624_none_3e086962e3345f24\COMCTL32.dll
0x00007ffcaee40000 - 0x00007ffcaee6a000 	C:\WINDOWS\System32\GDI32.dll
0x00007ffcadb60000 - 0x00007ffcadc91000 	C:\WINDOWS\System32\gdi32full.dll
0x00007ffcae6d0000 - 0x00007ffcae773000 	C:\WINDOWS\System32\msvcp_win.dll
0x00007ffca7d00000 - 0x00007ffca7d0b000 	C:\WINDOWS\SYSTEM32\VERSION.dll
0x00007ffcafc20000 - 0x00007ffcafc4f000 	C:\WINDOWS\System32\IMM32.DLL
0x00007ffca0c10000 - 0x00007ffca0c1c000 	C:\Program Files\Java\jdk-17\bin\vcruntime140_1.dll
0x00007ffc9ffe0000 - 0x00007ffca006e000 	C:\Program Files\Java\jdk-17\bin\msvcp140.dll
0x00007ffc38210000 - 0x00007ffc38df0000 	C:\Program Files\Java\jdk-17\bin\server\jvm.dll
0x00007ffcafa60000 - 0x00007ffcafa68000 	C:\WINDOWS\System32\PSAPI.DLL
0x00007ffca7cc0000 - 0x00007ffca7cf6000 	C:\WINDOWS\SYSTEM32\WINMM.dll
0x00007ffcaaa70000 - 0x00007ffcaaa7a000 	C:\WINDOWS\SYSTEM32\WSOCK32.dll
0x00007ffcaf290000 - 0x00007ffcaf304000 	C:\WINDOWS\System32\WS2_32.dll
0x00007ffcac970000 - 0x00007ffcac98a000 	C:\WINDOWS\SYSTEM32\kernel.appcore.dll
0x00007ffc9ffd0000 - 0x00007ffc9ffda000 	C:\Program Files\Java\jdk-17\bin\jimage.dll
0x00007ffca19f0000 - 0x00007ffca1c31000 	C:\WINDOWS\SYSTEM32\DBGHELP.DLL
0x00007ffcafc70000 - 0x00007ffcafff2000 	C:\WINDOWS\System32\combase.dll
0x00007ffcafb40000 - 0x00007ffcafc16000 	C:\WINDOWS\System32\OLEAUT32.dll
0x00007ffc989a0000 - 0x00007ffc989d9000 	C:\WINDOWS\SYSTEM32\dbgcore.DLL
0x00007ffcadca0000 - 0x00007ffcadd39000 	C:\WINDOWS\System32\bcryptPrimitives.dll
0x00007ffc9ff90000 - 0x00007ffc9ffb5000 	C:\Program Files\Java\jdk-17\bin\java.dll
0x00007ffc9feb0000 - 0x00007ffc9ff87000 	C:\Program Files\Java\jdk-17\bin\jsvml.dll
0x00007ffcb0160000 - 0x00007ffcb0889000 	C:\WINDOWS\System32\SHELL32.dll
0x00007ffcadd40000 - 0x00007ffcadea8000 	C:\WINDOWS\System32\wintypes.dll
0x00007ffcab7e0000 - 0x00007ffcac032000 	C:\WINDOWS\SYSTEM32\windows.storage.dll
0x00007ffcb0050000 - 0x00007ffcb013d000 	C:\WINDOWS\System32\SHCORE.dll
0x00007ffcb0890000 - 0x00007ffcb08f4000 	C:\WINDOWS\System32\shlwapi.dll
0x00007ffcada70000 - 0x00007ffcada9f000 	C:\WINDOWS\SYSTEM32\profapi.dll
0x00007ffc9fe90000 - 0x00007ffc9fea9000 	C:\Program Files\Java\jdk-17\bin\net.dll
0x00007ffca79e0000 - 0x00007ffca7afd000 	C:\WINDOWS\SYSTEM32\WINHTTP.dll
0x00007ffcace90000 - 0x00007ffcacefa000 	C:\WINDOWS\system32\mswsock.dll
0x00007ffc9fe70000 - 0x00007ffc9fe86000 	C:\Program Files\Java\jdk-17\bin\nio.dll
0x00007ffc9d840000 - 0x00007ffc9d858000 	C:\Program Files\Java\jdk-17\bin\zip.dll
0x00007ffc9ffc0000 - 0x00007ffc9ffd0000 	C:\Program Files\Java\jdk-17\bin\verify.dll
0x00007ffc9d830000 - 0x00007ffc9d83a000 	C:\Program Files\Java\jdk-17\bin\management.dll
0x00007ffc9b940000 - 0x00007ffc9b94b000 	C:\Program Files\Java\jdk-17\bin\management_ext.dll
0x00007ffc912d0000 - 0x00007ffc912e8000 	C:\WINDOWS\system32\napinsp.dll
0x00007ffcac3f0000 - 0x00007ffcac515000 	C:\WINDOWS\SYSTEM32\DNSAPI.dll
0x00007ffcac3b0000 - 0x00007ffcac3e3000 	C:\WINDOWS\SYSTEM32\IPHLPAPI.DLL
0x00007ffcb0900000 - 0x00007ffcb090a000 	C:\WINDOWS\System32\NSI.dll
0x00007ffc900b0000 - 0x00007ffc900c2000 	C:\WINDOWS\System32\winrnr.dll
0x00007ffc8fa20000 - 0x00007ffc8fa50000 	C:\WINDOWS\system32\nlansp_c.dll
0x00007ffc8f830000 - 0x00007ffc8f846000 	C:\WINDOWS\system32\wshbth.dll
0x00007ffca49f0000 - 0x00007ffca49fb000 	C:\Windows\System32\rasadhlp.dll
0x00007ffca8180000 - 0x00007ffca8205000 	C:\WINDOWS\System32\fwpuclnt.dll
0x00007ffcad130000 - 0x00007ffcad14c000 	C:\WINDOWS\SYSTEM32\CRYPTSP.dll
0x00007ffcac8d0000 - 0x00007ffcac90a000 	C:\WINDOWS\system32\rsaenh.dll
0x00007ffcacf30000 - 0x00007ffcacf5b000 	C:\WINDOWS\SYSTEM32\USERENV.dll
0x00007ffcada40000 - 0x00007ffcada66000 	C:\WINDOWS\SYSTEM32\bcrypt.dll
0x00007ffcad150000 - 0x00007ffcad15c000 	C:\WINDOWS\SYSTEM32\CRYPTBASE.dll
0x00007ffca7c30000 - 0x00007ffca7c4f000 	C:\WINDOWS\SYSTEM32\dhcpcsvc6.DLL
0x00007ffca7b60000 - 0x00007ffca7b85000 	C:\WINDOWS\SYSTEM32\dhcpcsvc.DLL
0x00007ffc9b930000 - 0x00007ffc9b93e000 	C:\Program Files\Java\jdk-17\bin\sunmscapi.dll
0x00007ffcae0c0000 - 0x00007ffcae237000 	C:\WINDOWS\System32\CRYPT32.dll
0x00007ffcad330000 - 0x00007ffcad360000 	C:\WINDOWS\SYSTEM32\ncrypt.dll
0x00007ffcad2e0000 - 0x00007ffcad31f000 	C:\WINDOWS\SYSTEM32\NTASN1.dll
0x00007ffc7ecc0000 - 0x00007ffc7ecc8000 	C:\WINDOWS\system32\wshunix.dll

dbghelp: loaded successfully - version: 4.0.5 - missing functions: none
symbol engine: initialized successfully - sym options: 0x614 - pdb path: .;C:\Program Files\Java\jdk-17\bin;C:\WINDOWS\SYSTEM32;C:\WINDOWS\WinSxS\amd64_microsoft.windows.common-controls_6595b64144ccf1df_6.0.26100.3624_none_3e086962e3345f24;C:\Program Files\Java\jdk-17\bin\server

VM Arguments:
jvm_args: -XX:+ShowCodeDetailsInExceptionMessages 
java_command: com.laptrinhoop.WebSalesApplication
java_class_path (initial): F:\Website\GROUP_12\target\classes;C:\Users\MSI\.m2\repository\org\apache\logging\log4j\log4j-core\2.11.1\log4j-core-2.11.1.jar;C:\Users\MSI\.m2\repository\org\apache\logging\log4j\log4j-api\2.12.1\log4j-api-2.12.1.jar;C:\Users\MSI\.m2\repository\org\springframework\boot\spring-boot-starter-amqp\2.2.1.RELEASE\spring-boot-starter-amqp-2.2.1.RELEASE.jar;C:\Users\MSI\.m2\repository\org\springframework\boot\spring-boot-starter\2.2.1.RELEASE\spring-boot-starter-2.2.1.RELEASE.jar;C:\Users\MSI\.m2\repository\org\springframework\boot\spring-boot\2.2.1.RELEASE\spring-boot-2.2.1.RELEASE.jar;C:\Users\MSI\.m2\repository\org\springframework\boot\spring-boot-autoconfigure\2.2.1.RELEASE\spring-boot-autoconfigure-2.2.1.RELEASE.jar;C:\Users\MSI\.m2\repository\org\springframework\boot\spring-boot-starter-logging\2.2.1.RELEASE\spring-boot-starter-logging-2.2.1.RELEASE.jar;C:\Users\MSI\.m2\repository\ch\qos\logback\logback-classic\1.2.3\logback-classic-1.2.3.jar;C:\Users\MSI\.m2\repository\ch\qos\logback\logback-core\1.2.3\logback-core-1.2.3.jar;C:\Users\MSI\.m2\repository\org\apache\logging\log4j\log4j-to-slf4j\2.12.1\log4j-to-slf4j-2.12.1.jar;C:\Users\MSI\.m2\repository\org\slf4j\jul-to-slf4j\1.7.29\jul-to-slf4j-1.7.29.jar;C:\Users\MSI\.m2\repository\org\yaml\snakeyaml\1.25\snakeyaml-1.25.jar;C:\Users\MSI\.m2\repository\org\springframework\spring-messaging\5.2.1.RELEASE\spring-messaging-5.2.1.RELEASE.jar;C:\Users\MSI\.m2\repository\org\springframework\spring-beans\5.2.1.RELEASE\spring-beans-5.2.1.RELEASE.jar;C:\Users\MSI\.m2\repository\org\springframework\amqp\spring-rabbit\2.2.1.RELEASE\spring-rabbit-2.2.1.RELEASE.jar;C:\Users\MSI\.m2\repository\com\rabbitmq\amqp-client\5.7.3\amqp-client-5.7.3.jar;C:\Users\MSI\.m2\repository\org\springframework\amqp\spring-amqp\2.2.1.RELEASE\spring-amqp-2.2.1.RELEASE.jar;C:\Users\MSI\.m2\repository\org\springframework\retry\spring-retry\1.2.4.RELEASE\spring-retry-1.2.4.RELEASE.jar;C:\Users\MSI\.m2\repository\org\springfr
Launcher Type: SUN_STANDARD

[Global flags]
     intx CICompilerCount                          = 12                                        {product} {ergonomic}
     uint ConcGCThreads                            = 3                                         {product} {ergonomic}
     uint G1ConcRefinementThreads                  = 13                                        {product} {ergonomic}
   size_t G1HeapRegionSize                         = 2097152                                   {product} {ergonomic}
    uintx GCDrainStackTargetSize                   = 64                                        {product} {ergonomic}
   size_t InitialHeapSize                          = 260046848                                 {product} {ergonomic}
   size_t MarkStackSize                            = 4194304                                   {product} {ergonomic}
   size_t MaxHeapSize                              = 4131389440                                {product} {ergonomic}
   size_t MaxNewSize                               = 2478833664                                {product} {ergonomic}
   size_t MinHeapDeltaBytes                        = 2097152                                   {product} {ergonomic}
   size_t MinHeapSize                              = 8388608                                   {product} {ergonomic}
    uintx NonNMethodCodeHeapSize                   = 7602480                                {pd product} {ergonomic}
    uintx NonProfiledCodeHeapSize                  = 122027880                              {pd product} {ergonomic}
    uintx ProfiledCodeHeapSize                     = 122027880                              {pd product} {ergonomic}
    uintx ReservedCodeCacheSize                    = 251658240                              {pd product} {ergonomic}
     bool SegmentedCodeCache                       = true                                      {product} {ergonomic}
     bool ShowCodeDetailsInExceptionMessages       = true                                   {manageable} {command line}
   size_t SoftMaxHeapSize                          = 4131389440                             {manageable} {ergonomic}
     bool UseCompressedClassPointers               = true                           {product lp64_product} {ergonomic}
     bool UseCompressedOops                        = true                           {product lp64_product} {ergonomic}
     bool UseG1GC                                  = true                                      {product} {ergonomic}
     bool UseLargePagesIndividualAllocation        = false                                  {pd product} {ergonomic}

Logging:
Log output configuration:
 #0: stdout all=warning uptime,level,tags
 #1: stderr all=off uptime,level,tags

Environment Variables:
JAVA_HOME=C:\Program Files\Java\jdk-17
PATH=C:\Program Files\Common Files\Oracle\Java\javapath;C:\Program Files (x86)\VMware\VMware Workstation\bin\;C:\Program Files\Microsoft MPI\Bin\;C:\WINDOWS\system32;C:\WINDOWS;C:\WINDOWS\System32\Wbem;C:\WINDOWS\System32\WindowsPowerShell\v1.0\;C:\WINDOWS\System32\OpenSSH\;C:\Program Files\nodejs\;C:\Program Files (x86)\Microsoft SQL Server\160\Tools\Binn\;C:\Program Files\Microsoft SQL Server\160\Tools\Binn\;C:\Program Files\Microsoft SQL Server\Client SDK\ODBC\170\Tools\Binn\;C:\Program Files\Microsoft SQL Server\160\DTS\Binn\;C:\Program Files (x86)\Microsoft SQL Server\160\DTS\Binn\;C:\Program Files\Git LFS;C:\Program Files\Git\cmd;C:\Program Files\PowerShell\7\;C:\Program Files\Java\jdk-17\bin;C:\Program Files\MySQL\MySQL Shell 8.0\bin\;C:\Users\MSI\AppData\Local\Programs\Python\Python313;C:\Users\MSI\AppData\Local\Microsoft\WindowsApps;C:\Users\MSI\AppData\Local\Programs\Microsoft VS Code\bin;C:\Users\MSI\AppData\Roaming\npm;C:\Program Files\JetBrains\IntelliJ IDEA 2024.3.1.1\bin;;
USERNAME=MSI
LANG=en_US.UTF-8
OS=Windows_NT
PROCESSOR_IDENTIFIER=AMD64 Family 25 Model 80 Stepping 0, AuthenticAMD



---------------  S Y S T E M  ---------------

OS:
 Windows 11 , 64 bit Build 26100 (10.0.26100.3775)
OS uptime: 0 days 0:12 hours
Hyper-V role detected

CPU: total 16 (initial active 16) (16 cores per cpu, 2 threads per core) family 25 model 80 stepping 0 microcode 0xa50000c, cx8, cmov, fxsr, ht, mmx, 3dnowpref, sse, sse2, sse3, ssse3, sse4a, sse4.1, sse4.2, popcnt, lzcnt, tsc, tscinvbit, avx, avx2, aes, erms, clmul, bmi1, bmi2, adx, sha, fma, vzeroupper, clflush, clflushopt, hv

Memory: 4k page, system-wide physical 15752M (3946M free)
TotalPageFile size 15752M (AvailPageFile size 23M)
current process WorkingSet (physical memory assigned to process): 396M, peak: 403M
current process commit charge ("private bytes"): 444M, peak: 450M

vm_info: Java HotSpot(TM) 64-Bit Server VM (17.0.11+7-LTS-207) for windows-amd64 JRE (17.0.11+7-LTS-207), built on Mar 11 2024 19:01:50 by "mach5one" with MS VC++ 17.6 (VS2022)

END.
