#
# There is insufficient memory for the Java Runtime Environment to continue.
# Native memory allocation (malloc) failed to allocate 316016 bytes. Error detail: Chunk::new
# Possible reasons:
#   The system is out of physical RAM or swap space
#   This process is running with CompressedOops enabled, and the Java Heap may be blocking the growth of the native heap
# Possible solutions:
#   Reduce memory load on the system
#   Increase physical memory or swap space
#   Check if swap backing store is full
#   Decrease Java heap size (-Xmx/-Xms)
#   Decrease number of Java threads
#   Decrease Java thread stack sizes (-Xss)
#   Set larger code cache with -XX:ReservedCodeCacheSize=
#   JVM is running with Unscaled Compressed Oops mode in which the Java heap is
#     placed in the first 4GB address space. The Java Heap base address is the
#     maximum limit for the native heap growth. Please use -XX:HeapBaseMinAddress
#     to set the Java Heap base and to place the Java Heap above 4GB virtual address.
# This output file may be truncated or incomplete.
#
#  Out of Memory Error (arena.cpp:168), pid=16344, tid=22472
#
# JRE version: OpenJDK Runtime Environment Temurin-21.0.6+7 (21.0.6+7) (build 21.0.6+7-LTS)
# Java VM: OpenJDK 64-Bit Server VM Temurin-21.0.6+7 (21.0.6+7-LTS, mixed mode, sharing, tiered, compressed oops, compressed class ptrs, parallel gc, windows-amd64)
# No core dump will be written. Minidumps are not enabled by default on client versions of Windows
#

---------------  S U M M A R Y ------------

Command Line: --add-modules=ALL-SYSTEM --add-opens=java.base/java.util=ALL-UNNAMED --add-opens=java.base/java.lang=ALL-UNNAMED --add-opens=java.base/sun.nio.fs=ALL-UNNAMED -Declipse.application=org.eclipse.jdt.ls.core.id1 -Dosgi.bundles.defaultStartLevel=4 -Declipse.product=org.eclipse.jdt.ls.core.product -Djava.import.generatesMetadataFilesAtProjectRoot=false -DDetectVMInstallationsJob.disabled=true -Dfile.encoding=utf8 -XX:+UseParallelGC -XX:GCTimeRatio=4 -XX:AdaptiveSizePolicyWeight=90 -Dsun.zip.disableMemoryMapping=true -Xmx1G -Xms100m -Xlog:disable -javaagent:c:\Users\MSI\.vscode\extensions\redhat.java-1.41.1-win32-x64\lombok\lombok-1.18.36.jar -XX:+HeapDumpOnOutOfMemoryError -XX:HeapDumpPath=c:\Users\MSI\AppData\Roaming\Code\User\workspaceStorage\3815725e1ac4c6c69b70af32f7c49045\redhat.java -Daether.dependencyCollector.impl=bf c:\Users\MSI\.vscode\extensions\redhat.java-1.41.1-win32-x64\server\plugins\org.eclipse.equinox.launcher_1.7.0.v20250331-1702.jar -configuration c:\Users\MSI\AppData\Roaming\Code\User\globalStorage\redhat.java\1.41.1\config_win -data c:\Users\MSI\AppData\Roaming\Code\User\workspaceStorage\3815725e1ac4c6c69b70af32f7c49045\redhat.java\jdt_ws --pipe=\\.\pipe\lsp-9e44be4e20836e759a2fd6d85cb722f9-sock

Host: AMD Ryzen 7 5800H with Radeon Graphics         , 16 cores, 15G,  Windows 11 , 64 bit Build 26100 (10.0.26100.3775)
Time: Tue Apr 15 19:40:04 2025 SE Asia Standard Time elapsed time: 10.461233 seconds (0d 0h 0m 10s)

---------------  T H R E A D  ---------------

Current thread (0x000002d60cd46890):  JavaThread "C2 CompilerThread2" daemon [_thread_in_native, id=22472, stack(0x000000dcac900000,0x000000dcaca00000) (1024K)]


Current CompileTask:
C2:10461 9878       4       org.eclipse.jdt.internal.compiler.parser.Parser::consumeRule (7755 bytes)

Stack: [0x000000dcac900000,0x000000dcaca00000]
Native frames: (J=compiled Java code, j=interpreted, Vv=VM code, C=native code)
V  [jvm.dll+0x6cdee9]
V  [jvm.dll+0x8a83d1]
V  [jvm.dll+0x8aa8fe]
V  [jvm.dll+0x8aafe3]
V  [jvm.dll+0x27f706]
V  [jvm.dll+0xc500d]
V  [jvm.dll+0xc5543]
V  [jvm.dll+0x5d7147]
V  [jvm.dll+0x1e001f]
V  [jvm.dll+0x247b42]
V  [jvm.dll+0x246fcf]
V  [jvm.dll+0x1c75ee]
V  [jvm.dll+0x25685a]
V  [jvm.dll+0x254dfa]
V  [jvm.dll+0x3f0256]
V  [jvm.dll+0x851f8b]
V  [jvm.dll+0x6cc5ed]
C  [ucrtbase.dll+0x37b0]
C  [KERNEL32.DLL+0x2e8d7]
C  [ntdll.dll+0xb14fc]


---------------  P R O C E S S  ---------------

Threads class SMR info:
_java_thread_list=0x000002d61aeb5670, length=86, elements={
0x000002d5af5bc660, 0x000002d5c39a9370, 0x000002d5c39ac330, 0x000002d6061774a0,
0x000002d6061753d0, 0x000002d6061746b0, 0x000002d606175a60, 0x000002d606186350,
0x000002d60618de60, 0x000002d606174020, 0x000002d60628faa0, 0x000002d606295be0,
0x000002d6063e44d0, 0x000002d6063d63c0, 0x000002d606174d40, 0x000002d6061760f0,
0x000002d606176780, 0x000002d606176e10, 0x000002d60cd07bd0, 0x000002d60cd09610,
0x000002d60cd06820, 0x000002d60cd09ca0, 0x000002d60cd06eb0, 0x000002d60cd08260,
0x000002d60cd0a9c0, 0x000002d60cd07540, 0x000002d60cd46890, 0x000002d60cd0b6e0,
0x000002d60cd0b050, 0x000002d60cd0bd70, 0x000002d60cd088f0, 0x000002d60cd0c400,
0x000002d60cd08f80, 0x000002d60cd0ca90, 0x000002d60cd0de40, 0x000002d60cd0d7b0,
0x000002d60cd0d120, 0x000002d60d501d20, 0x000002d60d502a40, 0x000002d60d504480,
0x000002d60d5023b0, 0x000002d60d5030d0, 0x000002d60d501000, 0x000002d60d503760,
0x000002d60d503df0, 0x000002d60d504b10, 0x000002d60d501690, 0x000002d60cd46f60,
0x000002d60cd47630, 0x000002d60cd47d00, 0x000002d60d508620, 0x000002d60cd49170,
0x000002d60cd483d0, 0x000002d60d507f90, 0x000002d60d505830, 0x000002d60d505ec0,
0x000002d60d506be0, 0x000002d60d506550, 0x000002d60d507270, 0x000002d60d507900,
0x000002d60d5051a0, 0x000002d6183665e0, 0x000002d6183658c0, 0x000002d618363e80,
0x000002d618364ba0, 0x000002d618365f50, 0x000002d618366c70, 0x000002d618365230,
0x000002d618364510, 0x000002d618367300, 0x000002d618368020, 0x000002d61836a0f0,
0x000002d61836a780, 0x000002d61836ae10, 0x000002d6183693d0, 0x000002d618367990,
0x000002d61836b4a0, 0x000002d6183686b0, 0x000002d618369a60, 0x000002d618368d40,
0x000002d61cb0c7c0, 0x000002d61cb0b410, 0x000002d61cb0baa0, 0x000002d61cb0c130,
0x000002d61cb0a6f0, 0x000002d61cb0ce50
}

Java Threads: ( => current thread )
  0x000002d5af5bc660 JavaThread "main"                              [_thread_blocked, id=16068, stack(0x000000dcab700000,0x000000dcab800000) (1024K)]
  0x000002d5c39a9370 JavaThread "Reference Handler"          daemon [_thread_blocked, id=21844, stack(0x000000dcabb00000,0x000000dcabc00000) (1024K)]
  0x000002d5c39ac330 JavaThread "Finalizer"                  daemon [_thread_blocked, id=23776, stack(0x000000dcabc00000,0x000000dcabd00000) (1024K)]
  0x000002d6061774a0 JavaThread "Signal Dispatcher"          daemon [_thread_blocked, id=12100, stack(0x000000dcabd00000,0x000000dcabe00000) (1024K)]
  0x000002d6061753d0 JavaThread "Attach Listener"            daemon [_thread_blocked, id=1928, stack(0x000000dcabe00000,0x000000dcabf00000) (1024K)]
  0x000002d6061746b0 JavaThread "Service Thread"             daemon [_thread_blocked, id=23736, stack(0x000000dcabf00000,0x000000dcac000000) (1024K)]
  0x000002d606175a60 JavaThread "Monitor Deflation Thread"   daemon [_thread_blocked, id=14052, stack(0x000000dcac000000,0x000000dcac100000) (1024K)]
  0x000002d606186350 JavaThread "C2 CompilerThread0"         daemon [_thread_blocked, id=13264, stack(0x000000dcac100000,0x000000dcac200000) (1024K)]
  0x000002d60618de60 JavaThread "C1 CompilerThread0"         daemon [_thread_blocked, id=17592, stack(0x000000dcac200000,0x000000dcac300000) (1024K)]
  0x000002d606174020 JavaThread "Common-Cleaner"             daemon [_thread_blocked, id=13916, stack(0x000000dcac300000,0x000000dcac400000) (1024K)]
  0x000002d60628faa0 JavaThread "C1 CompilerThread1"         daemon [_thread_blocked, id=22632, stack(0x000000dcac400000,0x000000dcac500000) (1024K)]
  0x000002d606295be0 JavaThread "C1 CompilerThread2"         daemon [_thread_blocked, id=6556, stack(0x000000dcac500000,0x000000dcac600000) (1024K)]
  0x000002d6063e44d0 JavaThread "C2 CompilerThread1"         daemon [_thread_blocked, id=17480, stack(0x000000dcac600000,0x000000dcac700000) (1024K)]
  0x000002d6063d63c0 JavaThread "C1 CompilerThread3"         daemon [_thread_blocked, id=11144, stack(0x000000dcac700000,0x000000dcac800000) (1024K)]
  0x000002d606174d40 JavaThread "Notification Thread"        daemon [_thread_blocked, id=23124, stack(0x000000dcac800000,0x000000dcac900000) (1024K)]
  0x000002d6061760f0 JavaThread "Active Thread: Equinox Container: f199cedf-25f3-4bb6-a80a-cd27b46213c2"        [_thread_blocked, id=2112, stack(0x000000dcad000000,0x000000dcad100000) (1024K)]
  0x000002d606176780 JavaThread "Refresh Thread: Equinox Container: f199cedf-25f3-4bb6-a80a-cd27b46213c2" daemon [_thread_blocked, id=1580, stack(0x000000dcad300000,0x000000dcad400000) (1024K)]
  0x000002d606176e10 JavaThread "Framework Event Dispatcher: Equinox Container: f199cedf-25f3-4bb6-a80a-cd27b46213c2" daemon [_thread_blocked, id=16416, stack(0x000000dcad400000,0x000000dcad500000) (1024K)]
  0x000002d60cd07bd0 JavaThread "Start Level: Equinox Container: f199cedf-25f3-4bb6-a80a-cd27b46213c2" daemon [_thread_blocked, id=19436, stack(0x000000dcad500000,0x000000dcad600000) (1024K)]
  0x000002d60cd09610 JavaThread "Bundle File Closer"         daemon [_thread_blocked, id=8224, stack(0x000000dcad600000,0x000000dcad700000) (1024K)]
  0x000002d60cd06820 JavaThread "SCR Component Actor"        daemon [_thread_blocked, id=23740, stack(0x000000dcad900000,0x000000dcada00000) (1024K)]
  0x000002d60cd09ca0 JavaThread "Worker-JM"                         [_thread_blocked, id=4948, stack(0x000000dcade00000,0x000000dcadf00000) (1024K)]
  0x000002d60cd06eb0 JavaThread "JNA Cleaner"                daemon [_thread_blocked, id=18580, stack(0x000000dcadf00000,0x000000dcae000000) (1024K)]
  0x000002d60cd08260 JavaThread "Worker-0: Building"                [_thread_blocked, id=16968, stack(0x000000dcae000000,0x000000dcae100000) (1024K)]
  0x000002d60cd0a9c0 JavaThread "Worker-1"                          [_thread_blocked, id=8520, stack(0x000000dcae100000,0x000000dcae200000) (1024K)]
  0x000002d60cd07540 JavaThread "Java indexing"              daemon [_thread_blocked, id=3492, stack(0x000000dcae200000,0x000000dcae300000) (1024K)]
=>0x000002d60cd46890 JavaThread "C2 CompilerThread2"         daemon [_thread_in_native, id=22472, stack(0x000000dcac900000,0x000000dcaca00000) (1024K)]
  0x000002d60cd0b6e0 JavaThread "Worker-2"                          [_thread_blocked, id=23864, stack(0x000000dcaca00000,0x000000dcacb00000) (1024K)]
  0x000002d60cd0b050 JavaThread "Worker-3: Java indexing... "        [_thread_blocked, id=12940, stack(0x000000dcae500000,0x000000dcae600000) (1024K)]
  0x000002d60cd0bd70 JavaThread "Thread-2"                   daemon [_thread_in_native, id=23444, stack(0x000000dcae600000,0x000000dcae700000) (1024K)]
  0x000002d60cd088f0 JavaThread "Thread-3"                   daemon [_thread_in_native, id=20428, stack(0x000000dcae700000,0x000000dcae800000) (1024K)]
  0x000002d60cd0c400 JavaThread "Thread-4"                   daemon [_thread_in_native, id=6580, stack(0x000000dcae800000,0x000000dcae900000) (1024K)]
  0x000002d60cd08f80 JavaThread "Thread-5"                   daemon [_thread_in_native, id=21308, stack(0x000000dcae900000,0x000000dcaea00000) (1024K)]
  0x000002d60cd0ca90 JavaThread "Thread-6"                   daemon [_thread_in_native, id=14572, stack(0x000000dcaea00000,0x000000dcaeb00000) (1024K)]
  0x000002d60cd0de40 JavaThread "Thread-7"                   daemon [_thread_in_native, id=240, stack(0x000000dcaeb00000,0x000000dcaec00000) (1024K)]
  0x000002d60cd0d7b0 JavaThread "Thread-8"                   daemon [_thread_in_native, id=6492, stack(0x000000dcaec00000,0x000000dcaed00000) (1024K)]
  0x000002d60cd0d120 JavaThread "Thread-9"                   daemon [_thread_in_native, id=23512, stack(0x000000dcaed00000,0x000000dcaee00000) (1024K)]
  0x000002d60d501d20 JavaThread "Thread-10"                  daemon [_thread_in_native, id=16904, stack(0x000000dcaee00000,0x000000dcaef00000) (1024K)]
  0x000002d60d502a40 JavaThread "Thread-11"                  daemon [_thread_in_native, id=22872, stack(0x000000dcaef00000,0x000000dcaf000000) (1024K)]
  0x000002d60d504480 JavaThread "Thread-12"                  daemon [_thread_in_native, id=22620, stack(0x000000dcaf000000,0x000000dcaf100000) (1024K)]
  0x000002d60d5023b0 JavaThread "Thread-13"                  daemon [_thread_in_native, id=6220, stack(0x000000dcaf100000,0x000000dcaf200000) (1024K)]
  0x000002d60d5030d0 JavaThread "Thread-14"                  daemon [_thread_in_native, id=9640, stack(0x000000dcaf200000,0x000000dcaf300000) (1024K)]
  0x000002d60d501000 JavaThread "Thread-15"                  daemon [_thread_in_native, id=4684, stack(0x000000dcaf300000,0x000000dcaf400000) (1024K)]
  0x000002d60d503760 JavaThread "Thread-16"                  daemon [_thread_in_native, id=20044, stack(0x000000dcaf400000,0x000000dcaf500000) (1024K)]
  0x000002d60d503df0 JavaThread "Thread-17"                  daemon [_thread_in_native, id=16004, stack(0x000000dcaf500000,0x000000dcaf600000) (1024K)]
  0x000002d60d504b10 JavaThread "Thread-18"                  daemon [_thread_in_native, id=16160, stack(0x000000dcaf600000,0x000000dcaf700000) (1024K)]
  0x000002d60d501690 JavaThread "pool-2-thread-1"                   [_thread_blocked, id=19280, stack(0x000000dcaf700000,0x000000dcaf800000) (1024K)]
  0x000002d60cd46f60 JavaThread "C2 CompilerThread3"         daemon [_thread_blocked, id=10252, stack(0x000000dcaf800000,0x000000dcaf900000) (1024K)]
  0x000002d60cd47630 JavaThread "C2 CompilerThread4"         daemon [_thread_blocked, id=8872, stack(0x000000dcaf900000,0x000000dcafa00000) (1024K)]
  0x000002d60cd47d00 JavaThread "C2 CompilerThread5"         daemon [_thread_blocked, id=3700, stack(0x000000dcafa00000,0x000000dcafb00000) (1024K)]
  0x000002d60d508620 JavaThread "Worker-4"                          [_thread_blocked, id=24552, stack(0x000000dcafb00000,0x000000dcafc00000) (1024K)]
  0x000002d60cd49170 JavaThread "C2 CompilerThread6"         daemon [_thread_blocked, id=5204, stack(0x000000dcafc00000,0x000000dcafd00000) (1024K)]
  0x000002d60cd483d0 JavaThread "C2 CompilerThread7"         daemon [_thread_blocked, id=19108, stack(0x000000dcafd00000,0x000000dcafe00000) (1024K)]
  0x000002d60d507f90 JavaThread "WorkspaceEventsHandler"            [_thread_blocked, id=7780, stack(0x000000dcafe00000,0x000000dcaff00000) (1024K)]
  0x000002d60d505830 JavaThread "pool-1-thread-1"                   [_thread_blocked, id=21848, stack(0x000000dcaff00000,0x000000dcb0000000) (1024K)]
  0x000002d60d505ec0 JavaThread "Worker-5"                          [_thread_blocked, id=13688, stack(0x000000dcb0000000,0x000000dcb0100000) (1024K)]
  0x000002d60d506be0 JavaThread "LocalFile Deleter"          daemon [_thread_blocked, id=17176, stack(0x000000dcb0100000,0x000000dcb0200000) (1024K)]
  0x000002d60d506550 JavaThread "LocalFile Deleter"          daemon [_thread_blocked, id=24064, stack(0x000000dcb0200000,0x000000dcb0300000) (1024K)]
  0x000002d60d507270 JavaThread "LocalFile Deleter"          daemon [_thread_blocked, id=22524, stack(0x000000dcb0300000,0x000000dcb0400000) (1024K)]
  0x000002d60d507900 JavaThread "LocalFile Deleter"          daemon [_thread_blocked, id=14896, stack(0x000000dcb0400000,0x000000dcb0500000) (1024K)]
  0x000002d60d5051a0 JavaThread "LocalFile Deleter"          daemon [_thread_blocked, id=5712, stack(0x000000dcb0500000,0x000000dcb0600000) (1024K)]
  0x000002d6183665e0 JavaThread "LocalFile Deleter"          daemon [_thread_blocked, id=5996, stack(0x000000dcb0600000,0x000000dcb0700000) (1024K)]
  0x000002d6183658c0 JavaThread "LocalFile Deleter"          daemon [_thread_blocked, id=16596, stack(0x000000dcb0700000,0x000000dcb0800000) (1024K)]
  0x000002d618363e80 JavaThread "LocalFile Deleter"          daemon [_thread_blocked, id=3484, stack(0x000000dcb0800000,0x000000dcb0900000) (1024K)]
  0x000002d618364ba0 JavaThread "LocalFile Deleter"          daemon [_thread_blocked, id=10728, stack(0x000000dcb0900000,0x000000dcb0a00000) (1024K)]
  0x000002d618365f50 JavaThread "LocalFile Deleter"          daemon [_thread_blocked, id=17720, stack(0x000000dcb0a00000,0x000000dcb0b00000) (1024K)]
  0x000002d618366c70 JavaThread "LocalFile Deleter"          daemon [_thread_blocked, id=9160, stack(0x000000dcb0b00000,0x000000dcb0c00000) (1024K)]
  0x000002d618365230 JavaThread "LocalFile Deleter"          daemon [_thread_blocked, id=23020, stack(0x000000dcb0c00000,0x000000dcb0d00000) (1024K)]
  0x000002d618364510 JavaThread "LocalFile Deleter"          daemon [_thread_blocked, id=23108, stack(0x000000dcb0d00000,0x000000dcb0e00000) (1024K)]
  0x000002d618367300 JavaThread "LocalFile Deleter"          daemon [_thread_blocked, id=16408, stack(0x000000dcb0e00000,0x000000dcb0f00000) (1024K)]
  0x000002d618368020 JavaThread "LocalFile Deleter"          daemon [_thread_blocked, id=22656, stack(0x000000dcb0f00000,0x000000dcb1000000) (1024K)]
  0x000002d61836a0f0 JavaThread "LocalFile Deleter"          daemon [_thread_blocked, id=18020, stack(0x000000dcb1000000,0x000000dcb1100000) (1024K)]
  0x000002d61836a780 JavaThread "Compiler Source File Reader" daemon [_thread_blocked, id=17100, stack(0x000000dcb1100000,0x000000dcb1200000) (1024K)]
  0x000002d61836ae10 JavaThread "Compiler Source File Reader" daemon [_thread_blocked, id=22340, stack(0x000000dcb1200000,0x000000dcb1300000) (1024K)]
  0x000002d6183693d0 JavaThread "Compiler Source File Reader" daemon [_thread_blocked, id=16556, stack(0x000000dcb1300000,0x000000dcb1400000) (1024K)]
  0x000002d618367990 JavaThread "Compiler Source File Reader" daemon [_thread_blocked, id=10080, stack(0x000000dcb1400000,0x000000dcb1500000) (1024K)]
  0x000002d61836b4a0 JavaThread "Compiler Source File Reader" daemon [_thread_blocked, id=8404, stack(0x000000dcb1500000,0x000000dcb1600000) (1024K)]
  0x000002d6183686b0 JavaThread "Compiler Source File Reader" daemon [_thread_blocked, id=19144, stack(0x000000dcb1600000,0x000000dcb1700000) (1024K)]
  0x000002d618369a60 JavaThread "Compiler Source File Reader" daemon [_thread_blocked, id=17996, stack(0x000000dcb1700000,0x000000dcb1800000) (1024K)]
  0x000002d618368d40 JavaThread "Compiler Source File Reader" daemon [_thread_blocked, id=8820, stack(0x000000dcb1800000,0x000000dcb1900000) (1024K)]
  0x000002d61cb0c7c0 JavaThread "Compiler Source File Reader" daemon [_thread_blocked, id=18340, stack(0x000000dcb1900000,0x000000dcb1a00000) (1024K)]
  0x000002d61cb0b410 JavaThread "Compiler Source File Reader" daemon [_thread_blocked, id=9460, stack(0x000000dcb1a00000,0x000000dcb1b00000) (1024K)]
  0x000002d61cb0baa0 JavaThread "Compiler Source File Reader" daemon [_thread_blocked, id=13252, stack(0x000000dcb1b00000,0x000000dcb1c00000) (1024K)]
  0x000002d61cb0c130 JavaThread "Compiler Source File Reader" daemon [_thread_blocked, id=13464, stack(0x000000dcb1c00000,0x000000dcb1d00000) (1024K)]
  0x000002d61cb0a6f0 JavaThread "Compiler Source File Reader" daemon [_thread_blocked, id=20716, stack(0x000000dcb1d00000,0x000000dcb1e00000) (1024K)]
  0x000002d61cb0ce50 JavaThread "Compiler Source File Reader" daemon [_thread_blocked, id=24156, stack(0x000000dcb1e00000,0x000000dcb1f00000) (1024K)]
Total: 86

Other Threads:
  0x000002d5af67ea00 VMThread "VM Thread"                           [id=3792, stack(0x000000dcaba00000,0x000000dcabb00000) (1024K)]
  0x000002d5c388ca00 WatcherThread "VM Periodic Task Thread"        [id=18608, stack(0x000000dcab900000,0x000000dcaba00000) (1024K)]
  0x000002d5af5da370 WorkerThread "GC Thread#0"                     [id=17288, stack(0x000000dcab800000,0x000000dcab900000) (1024K)]
  0x000002d60c35bc70 WorkerThread "GC Thread#1"                     [id=19760, stack(0x000000dcacb00000,0x000000dcacc00000) (1024K)]
  0x000002d60ca9aa60 WorkerThread "GC Thread#2"                     [id=20308, stack(0x000000dcacc00000,0x000000dcacd00000) (1024K)]
  0x000002d60ce65940 WorkerThread "GC Thread#3"                     [id=21788, stack(0x000000dcacd00000,0x000000dcace00000) (1024K)]
  0x000002d60cb10330 WorkerThread "GC Thread#4"                     [id=8436, stack(0x000000dcace00000,0x000000dcacf00000) (1024K)]
  0x000002d60cb106d0 WorkerThread "GC Thread#5"                     [id=14248, stack(0x000000dcacf00000,0x000000dcad000000) (1024K)]
  0x000002d60cc6f160 WorkerThread "GC Thread#6"                     [id=21260, stack(0x000000dcad100000,0x000000dcad200000) (1024K)]
  0x000002d60cc6f8a0 WorkerThread "GC Thread#7"                     [id=9632, stack(0x000000dcad200000,0x000000dcad300000) (1024K)]
  0x000002d60cc70380 WorkerThread "GC Thread#8"                     [id=23840, stack(0x000000dcad700000,0x000000dcad800000) (1024K)]
  0x000002d60cc6ea20 WorkerThread "GC Thread#9"                     [id=16800, stack(0x000000dcad800000,0x000000dcad900000) (1024K)]
  0x000002d60cc6f500 WorkerThread "GC Thread#10"                    [id=17564, stack(0x000000dcadb00000,0x000000dcadc00000) (1024K)]
  0x000002d60d1a4ef0 WorkerThread "GC Thread#11"                    [id=23544, stack(0x000000dcadc00000,0x000000dcadd00000) (1024K)]
  0x000002d60d1a3590 WorkerThread "GC Thread#12"                    [id=15088, stack(0x000000dcadd00000,0x000000dcade00000) (1024K)]
Total: 15

Threads with active compile tasks:
C2 CompilerThread0  11500 9796   !   4       lombok.core.AST::buildWithField0 (121 bytes)
C2 CompilerThread1  11500 9758       4       org.eclipse.jdt.internal.compiler.parser.Scanner::internalScanIdentifierOrKeyword (5081 bytes)
C2 CompilerThread2  11500 9878       4       org.eclipse.jdt.internal.compiler.parser.Parser::consumeRule (7755 bytes)
C2 CompilerThread3  11500 9979       4       org.eclipse.jdt.internal.compiler.parser.Parser::consumeToken (2264 bytes)
C2 CompilerThread4  11500 9932       4       lombok.eclipse.EclipseAST::drill (80 bytes)
C2 CompilerThread5  11500 9826       4       lombok.eclipse.handlers.EclipseHandlerUtil::setGeneratedBy (10 bytes)
C2 CompilerThread6  11500 9652   !   4       lombok.core.FieldAugment$ReflectionFieldAugment::getAndSet (80 bytes)
C2 CompilerThread7  11500 9795       4       lombok.core.AST::buildWithField (21 bytes)
Total: 8

VM state: at safepoint (normal execution)

VM Mutex/Monitor currently owned by a thread:  ([mutex/lock_event])
[0x00007ffb2fc7e380] Threads_lock - owner thread: 0x000002d5af67ea00
[0x00007ffb2fc7e480] Heap_lock - owner thread: 0x000002d60cd07540
[0x00007ffb2fc7e900] PSOldGenExpand_lock - owner thread: 0x000002d60cc6f160

Heap address: 0x00000000c0000000, size: 1024 MB, Compressed Oops mode: 32-bit

CDS archive(s) mapped at: [0x000002d5c4000000-0x000002d5c4ba0000-0x000002d5c4ba0000), size 12189696, SharedBaseAddress: 0x000002d5c4000000, ArchiveRelocationMode: 1.
Compressed class space mapped at: 0x000002d5c5000000-0x000002d605000000, reserved size: 1073741824
Narrow klass base: 0x000002d5c4000000, Narrow klass shift: 0, Narrow klass range: 0x100000000

GC Precious Log:
 CardTable entry size: 512
 CPUs: 16 total, 16 available
 Memory: 15752M
 Large Page Support: Disabled
 NUMA Support: Disabled
 Compressed Oops: Enabled (32-bit)
 Alignments: Space 512K, Generation 512K, Heap 2M
 Heap Min Capacity: 100M
 Heap Initial Capacity: 100M
 Heap Max Capacity: 1G
 Pre-touch: Disabled
 Parallel Workers: 13

Heap:
 PSYoungGen      total 6656K, used 5524K [0x00000000eab00000, 0x00000000eb380000, 0x0000000100000000)
  eden space 4096K, 100% used [0x00000000eab00000,0x00000000eaf00000,0x00000000eaf00000)
  from space 2560K, 55% used [0x00000000eb100000,0x00000000eb265180,0x00000000eb380000)
  to   space 2048K, 56% used [0x00000000eaf00000,0x00000000eb020700,0x00000000eb100000)
 ParOldGen       total 297984K, used 297983K [0x00000000c0000000, 0x00000000d2300000, 0x00000000eab00000)
  object space 297984K, 99% used [0x00000000c0000000,0x00000000d22ffe48,0x00000000d2300000)
 Metaspace       used 57173K, committed 58496K, reserved 1114112K
  class space    used 5860K, committed 6464K, reserved 1048576K

Card table byte_map: [0x000002d5aef60000,0x000002d5af170000] _byte_map_base: 0x000002d5ae960000

Marking Bits: (ParMarkBitMap*) 0x00007ffb2fc83260
 Begin Bits: [0x000002d5c17b0000, 0x000002d5c27b0000)
 End Bits:   [0x000002d5c27b0000, 0x000002d5c37b0000)

Polling page: 0x000002d5ad1b0000

Metaspace:

Usage:
  Non-class:     50.11 MB used.
      Class:      5.72 MB used.
       Both:     55.83 MB used.

Virtual space:
  Non-class space:       64.00 MB reserved,      50.81 MB ( 79%) committed,  1 nodes.
      Class space:        1.00 GB reserved,       6.31 MB ( <1%) committed,  1 nodes.
             Both:        1.06 GB reserved,      57.12 MB (  5%) committed. 

Chunk freelists:
   Non-Class:  12.52 MB
       Class:  9.67 MB
        Both:  22.19 MB

MaxMetaspaceSize: unlimited
CompressedClassSpaceSize: 1.00 GB
Initial GC threshold: 21.00 MB
Current GC threshold: 58.38 MB
CDS: on
 - commit_granule_bytes: 65536.
 - commit_granule_words: 8192.
 - virtual_space_node_default_size: 8388608.
 - enlarge_chunks_in_place: 1.
 - use_allocation_guard: 0.


Internal statistics:

num_allocs_failed_limit: 8.
num_arena_births: 1118.
num_arena_deaths: 14.
num_vsnodes_births: 2.
num_vsnodes_deaths: 0.
num_space_committed: 913.
num_space_uncommitted: 0.
num_chunks_returned_to_freelist: 22.
num_chunks_taken_from_freelist: 3796.
num_chunk_merges: 12.
num_chunk_splits: 2317.
num_chunks_enlarged: 1255.
num_inconsistent_stats: 0.

CodeHeap 'non-profiled nmethods': size=119168Kb used=6933Kb max_used=6933Kb free=112234Kb
 bounds [0x000002d5ba350000, 0x000002d5baa20000, 0x000002d5c17b0000]
CodeHeap 'profiled nmethods': size=119104Kb used=21041Kb max_used=21041Kb free=98063Kb
 bounds [0x000002d5b27b0000, 0x000002d5b3c40000, 0x000002d5b9c00000]
CodeHeap 'non-nmethods': size=7488Kb used=3117Kb max_used=3188Kb free=4370Kb
 bounds [0x000002d5b9c00000, 0x000002d5b9f30000, 0x000002d5ba350000]
 total_blobs=10083 nmethods=9355 adapters=629
 compilation: enabled
              stopped_count=0, restarted_count=0
 full_count=0

Compilation events (20 events):
Event: 8.422 Thread 0x000002d60628faa0 nmethod 10013 0x000002d5b3c29410 code [0x000002d5b3c295e0, 0x000002d5b3c29968]
Event: 8.422 Thread 0x000002d60618de60 nmethod 10010 0x000002d5b3c29a90 code [0x000002d5b3c29d40, 0x000002d5b3c2adf8]
Event: 8.423 Thread 0x000002d60618de60 10017       3       org.eclipse.jdt.internal.core.builder.ClasspathDirectory::isPackage (164 bytes)
Event: 8.423 Thread 0x000002d60628faa0 10018       3       org.eclipse.jdt.internal.compiler.lookup.CompilationUnitScope::resolveImports (309 bytes)
Event: 8.424 Thread 0x000002d606295be0 nmethod 10014 0x000002d5b3c2b290 code [0x000002d5b3c2b640, 0x000002d5b3c2d7e8]
Event: 8.424 Thread 0x000002d60618de60 nmethod 10017 0x000002d5b3c2e510 code [0x000002d5b3c2e840, 0x000002d5b3c2f9b8]
Event: 8.424 Thread 0x000002d606295be0 10021       1       org.eclipse.jdt.internal.compiler.util.CharArrayMap::size (5 bytes)
Event: 8.425 Thread 0x000002d606295be0 nmethod 10021 0x000002d5baa15310 code [0x000002d5baa154a0, 0x000002d5baa15568]
Event: 8.425 Thread 0x000002d60628faa0 nmethod 10018 0x000002d5b3c30110 code [0x000002d5b3c30460, 0x000002d5b3c31e58]
Event: 8.426 Thread 0x000002d6063d63c0 nmethod 10015 0x000002d5b3c32790 code [0x000002d5b3c32d60, 0x000002d5b3c365d8]
Event: 8.426 Thread 0x000002d606295be0 10022       3       org.eclipse.jdt.internal.compiler.lookup.Scope::module (8 bytes)
Event: 8.426 Thread 0x000002d60628faa0 10023       3       java.util.HashMap::afterNodeAccess (1 bytes)
Event: 8.426 Thread 0x000002d606295be0 nmethod 10022 0x000002d5b3c37b10 code [0x000002d5b3c37cc0, 0x000002d5b3c37e38]
Event: 8.426 Thread 0x000002d60628faa0 nmethod 10023 0x000002d5b3c37f10 code [0x000002d5b3c380a0, 0x000002d5b3c381a8]
Event: 8.426 Thread 0x000002d60618de60 10024       3       org.eclipse.jdt.internal.core.builder.NameEnvironment::getModulesDeclaringPackage (336 bytes)
Event: 8.426 Thread 0x000002d606295be0 10025       3       org.eclipse.core.internal.resources.Container::findMember (46 bytes)
Event: 8.427 Thread 0x000002d606295be0 nmethod 10025 0x000002d5b3c38210 code [0x000002d5b3c38400, 0x000002d5b3c388e8]
Event: 8.428 Thread 0x000002d6063d63c0 10026       3       org.eclipse.jdt.internal.compiler.util.HashtableOfType::get (68 bytes)
Event: 8.428 Thread 0x000002d60618de60 nmethod 10024 0x000002d5b3c38b90 code [0x000002d5b3c38fe0, 0x000002d5b3c3afb8]
Event: 8.428 Thread 0x000002d6063d63c0 nmethod 10026 0x000002d5b3c3ba90 code [0x000002d5b3c3bc80, 0x000002d5b3c3c110]

GC Heap History (20 events):
Event: 8.370 GC heap after
{Heap after GC invocations=189 (full 2):
 PSYoungGen      total 4608K, used 882K [0x00000000eab00000, 0x00000000eb180000, 0x0000000100000000)
  eden space 3584K, 0% used [0x00000000eab00000,0x00000000eab00000,0x00000000eae80000)
  from space 1024K, 86% used [0x00000000eae80000,0x00000000eaf5cb70,0x00000000eaf80000)
  to   space 1536K, 0% used [0x00000000eb000000,0x00000000eb000000,0x00000000eb180000)
 ParOldGen       total 289280K, used 289078K [0x00000000c0000000, 0x00000000d1a80000, 0x00000000eab00000)
  object space 289280K, 99% used [0x00000000c0000000,0x00000000d1a4d938,0x00000000d1a80000)
 Metaspace       used 57006K, committed 58304K, reserved 1114112K
  class space    used 5844K, committed 6400K, reserved 1048576K
}
Event: 8.376 GC heap before
{Heap before GC invocations=190 (full 2):
 PSYoungGen      total 4608K, used 4466K [0x00000000eab00000, 0x00000000eb180000, 0x0000000100000000)
  eden space 3584K, 100% used [0x00000000eab00000,0x00000000eae80000,0x00000000eae80000)
  from space 1024K, 86% used [0x00000000eae80000,0x00000000eaf5cb70,0x00000000eaf80000)
  to   space 1536K, 0% used [0x00000000eb000000,0x00000000eb000000,0x00000000eb180000)
 ParOldGen       total 289280K, used 289078K [0x00000000c0000000, 0x00000000d1a80000, 0x00000000eab00000)
  object space 289280K, 99% used [0x00000000c0000000,0x00000000d1a4d938,0x00000000d1a80000)
 Metaspace       used 57014K, committed 58304K, reserved 1114112K
  class space    used 5844K, committed 6400K, reserved 1048576K
}
Event: 8.377 GC heap after
{Heap after GC invocations=190 (full 2):
 PSYoungGen      total 5120K, used 1042K [0x00000000eab00000, 0x00000000eb180000, 0x0000000100000000)
  eden space 3584K, 0% used [0x00000000eab00000,0x00000000eab00000,0x00000000eae80000)
  from space 1536K, 67% used [0x00000000eb000000,0x00000000eb104990,0x00000000eb180000)
  to   space 1536K, 0% used [0x00000000eae80000,0x00000000eae80000,0x00000000eb000000)
 ParOldGen       total 289792K, used 289761K [0x00000000c0000000, 0x00000000d1b00000, 0x00000000eab00000)
  object space 289792K, 99% used [0x00000000c0000000,0x00000000d1af86d8,0x00000000d1b00000)
 Metaspace       used 57014K, committed 58304K, reserved 1114112K
  class space    used 5844K, committed 6400K, reserved 1048576K
}
Event: 8.384 GC heap before
{Heap before GC invocations=191 (full 2):
 PSYoungGen      total 5120K, used 4626K [0x00000000eab00000, 0x00000000eb180000, 0x0000000100000000)
  eden space 3584K, 100% used [0x00000000eab00000,0x00000000eae80000,0x00000000eae80000)
  from space 1536K, 67% used [0x00000000eb000000,0x00000000eb104990,0x00000000eb180000)
  to   space 1536K, 0% used [0x00000000eae80000,0x00000000eae80000,0x00000000eb000000)
 ParOldGen       total 289792K, used 289761K [0x00000000c0000000, 0x00000000d1b00000, 0x00000000eab00000)
  object space 289792K, 99% used [0x00000000c0000000,0x00000000d1af86d8,0x00000000d1b00000)
 Metaspace       used 57038K, committed 58304K, reserved 1114112K
  class space    used 5847K, committed 6400K, reserved 1048576K
}
Event: 8.385 GC heap after
{Heap after GC invocations=191 (full 2):
 PSYoungGen      total 5120K, used 1241K [0x00000000eab00000, 0x00000000eb180000, 0x0000000100000000)
  eden space 3584K, 0% used [0x00000000eab00000,0x00000000eab00000,0x00000000eae80000)
  from space 1536K, 80% used [0x00000000eae80000,0x00000000eafb6410,0x00000000eb000000)
  to   space 1536K, 0% used [0x00000000eb000000,0x00000000eb000000,0x00000000eb180000)
 ParOldGen       total 290816K, used 290574K [0x00000000c0000000, 0x00000000d1c00000, 0x00000000eab00000)
  object space 290816K, 99% used [0x00000000c0000000,0x00000000d1bc3ab0,0x00000000d1c00000)
 Metaspace       used 57038K, committed 58304K, reserved 1114112K
  class space    used 5847K, committed 6400K, reserved 1048576K
}
Event: 8.392 GC heap before
{Heap before GC invocations=192 (full 2):
 PSYoungGen      total 5120K, used 4824K [0x00000000eab00000, 0x00000000eb180000, 0x0000000100000000)
  eden space 3584K, 99% used [0x00000000eab00000,0x00000000eae7ffb8,0x00000000eae80000)
  from space 1536K, 80% used [0x00000000eae80000,0x00000000eafb6410,0x00000000eb000000)
  to   space 1536K, 0% used [0x00000000eb000000,0x00000000eb000000,0x00000000eb180000)
 ParOldGen       total 290816K, used 290574K [0x00000000c0000000, 0x00000000d1c00000, 0x00000000eab00000)
  object space 290816K, 99% used [0x00000000c0000000,0x00000000d1bc3ab0,0x00000000d1c00000)
 Metaspace       used 57052K, committed 58368K, reserved 1114112K
  class space    used 5847K, committed 6400K, reserved 1048576K
}
Event: 8.393 GC heap after
{Heap after GC invocations=192 (full 2):
 PSYoungGen      total 5120K, used 964K [0x00000000eab00000, 0x00000000eb180000, 0x0000000100000000)
  eden space 3584K, 0% used [0x00000000eab00000,0x00000000eab00000,0x00000000eae80000)
  from space 1536K, 62% used [0x00000000eb000000,0x00000000eb0f1210,0x00000000eb180000)
  to   space 1536K, 0% used [0x00000000eae80000,0x00000000eae80000,0x00000000eb000000)
 ParOldGen       total 291840K, used 291596K [0x00000000c0000000, 0x00000000d1d00000, 0x00000000eab00000)
  object space 291840K, 99% used [0x00000000c0000000,0x00000000d1cc3050,0x00000000d1d00000)
 Metaspace       used 57052K, committed 58368K, reserved 1114112K
  class space    used 5847K, committed 6400K, reserved 1048576K
}
Event: 8.402 GC heap before
{Heap before GC invocations=193 (full 2):
 PSYoungGen      total 5120K, used 4548K [0x00000000eab00000, 0x00000000eb180000, 0x0000000100000000)
  eden space 3584K, 100% used [0x00000000eab00000,0x00000000eae80000,0x00000000eae80000)
  from space 1536K, 62% used [0x00000000eb000000,0x00000000eb0f1210,0x00000000eb180000)
  to   space 1536K, 0% used [0x00000000eae80000,0x00000000eae80000,0x00000000eb000000)
 ParOldGen       total 291840K, used 291596K [0x00000000c0000000, 0x00000000d1d00000, 0x00000000eab00000)
  object space 291840K, 99% used [0x00000000c0000000,0x00000000d1cc3050,0x00000000d1d00000)
 Metaspace       used 57055K, committed 58368K, reserved 1114112K
  class space    used 5847K, committed 6400K, reserved 1048576K
}
Event: 8.404 GC heap after
{Heap after GC invocations=193 (full 2):
 PSYoungGen      total 5120K, used 1080K [0x00000000eab00000, 0x00000000eb180000, 0x0000000100000000)
  eden space 3584K, 0% used [0x00000000eab00000,0x00000000eab00000,0x00000000eae80000)
  from space 1536K, 70% used [0x00000000eae80000,0x00000000eaf8e170,0x00000000eb000000)
  to   space 1536K, 0% used [0x00000000eb000000,0x00000000eb000000,0x00000000eb180000)
 ParOldGen       total 292864K, used 292484K [0x00000000c0000000, 0x00000000d1e00000, 0x00000000eab00000)
  object space 292864K, 99% used [0x00000000c0000000,0x00000000d1da1040,0x00000000d1e00000)
 Metaspace       used 57055K, committed 58368K, reserved 1114112K
  class space    used 5847K, committed 6400K, reserved 1048576K
}
Event: 8.411 GC heap before
{Heap before GC invocations=194 (full 2):
 PSYoungGen      total 5120K, used 4664K [0x00000000eab00000, 0x00000000eb180000, 0x0000000100000000)
  eden space 3584K, 100% used [0x00000000eab00000,0x00000000eae80000,0x00000000eae80000)
  from space 1536K, 70% used [0x00000000eae80000,0x00000000eaf8e170,0x00000000eb000000)
  to   space 1536K, 0% used [0x00000000eb000000,0x00000000eb000000,0x00000000eb180000)
 ParOldGen       total 292864K, used 292484K [0x00000000c0000000, 0x00000000d1e00000, 0x00000000eab00000)
  object space 292864K, 99% used [0x00000000c0000000,0x00000000d1da1040,0x00000000d1e00000)
 Metaspace       used 57068K, committed 58368K, reserved 1114112K
  class space    used 5850K, committed 6400K, reserved 1048576K
}
Event: 8.412 GC heap after
{Heap after GC invocations=194 (full 2):
 PSYoungGen      total 5120K, used 1003K [0x00000000eab00000, 0x00000000eb180000, 0x0000000100000000)
  eden space 3584K, 0% used [0x00000000eab00000,0x00000000eab00000,0x00000000eae80000)
  from space 1536K, 65% used [0x00000000eb000000,0x00000000eb0fafe8,0x00000000eb180000)
  to   space 1536K, 0% used [0x00000000eae80000,0x00000000eae80000,0x00000000eb000000)
 ParOldGen       total 293376K, used 293368K [0x00000000c0000000, 0x00000000d1e80000, 0x00000000eab00000)
  object space 293376K, 99% used [0x00000000c0000000,0x00000000d1e7e3c8,0x00000000d1e80000)
 Metaspace       used 57068K, committed 58368K, reserved 1114112K
  class space    used 5850K, committed 6400K, reserved 1048576K
}
Event: 8.421 GC heap before
{Heap before GC invocations=195 (full 2):
 PSYoungGen      total 5120K, used 4587K [0x00000000eab00000, 0x00000000eb180000, 0x0000000100000000)
  eden space 3584K, 100% used [0x00000000eab00000,0x00000000eae80000,0x00000000eae80000)
  from space 1536K, 65% used [0x00000000eb000000,0x00000000eb0fafe8,0x00000000eb180000)
  to   space 1536K, 0% used [0x00000000eae80000,0x00000000eae80000,0x00000000eb000000)
 ParOldGen       total 293376K, used 293368K [0x00000000c0000000, 0x00000000d1e80000, 0x00000000eab00000)
  object space 293376K, 99% used [0x00000000c0000000,0x00000000d1e7e3c8,0x00000000d1e80000)
 Metaspace       used 57094K, committed 58368K, reserved 1114112K
  class space    used 5853K, committed 6400K, reserved 1048576K
}
Event: 8.422 GC heap after
{Heap after GC invocations=195 (full 2):
 PSYoungGen      total 4608K, used 1017K [0x00000000eab00000, 0x00000000eb080000, 0x0000000100000000)
  eden space 3584K, 0% used [0x00000000eab00000,0x00000000eab00000,0x00000000eae80000)
  from space 1024K, 99% used [0x00000000eae80000,0x00000000eaf7e580,0x00000000eaf80000)
  to   space 1024K, 0% used [0x00000000eaf80000,0x00000000eaf80000,0x00000000eb080000)
 ParOldGen       total 294400K, used 294220K [0x00000000c0000000, 0x00000000d1f80000, 0x00000000eab00000)
  object space 294400K, 99% used [0x00000000c0000000,0x00000000d1f532f0,0x00000000d1f80000)
 Metaspace       used 57094K, committed 58368K, reserved 1114112K
  class space    used 5853K, committed 6400K, reserved 1048576K
}
Event: 8.429 GC heap before
{Heap before GC invocations=196 (full 2):
 PSYoungGen      total 4608K, used 4601K [0x00000000eab00000, 0x00000000eb080000, 0x0000000100000000)
  eden space 3584K, 100% used [0x00000000eab00000,0x00000000eae80000,0x00000000eae80000)
  from space 1024K, 99% used [0x00000000eae80000,0x00000000eaf7e580,0x00000000eaf80000)
  to   space 1024K, 0% used [0x00000000eaf80000,0x00000000eaf80000,0x00000000eb080000)
 ParOldGen       total 294400K, used 294220K [0x00000000c0000000, 0x00000000d1f80000, 0x00000000eab00000)
  object space 294400K, 99% used [0x00000000c0000000,0x00000000d1f532f0,0x00000000d1f80000)
 Metaspace       used 57115K, committed 58368K, reserved 1114112K
  class space    used 5853K, committed 6400K, reserved 1048576K
}
Event: 8.430 GC heap after
{Heap after GC invocations=196 (full 2):
 PSYoungGen      total 4608K, used 1005K [0x00000000eab00000, 0x00000000eb080000, 0x0000000100000000)
  eden space 3584K, 0% used [0x00000000eab00000,0x00000000eab00000,0x00000000eae80000)
  from space 1024K, 98% used [0x00000000eaf80000,0x00000000eb07b7d8,0x00000000eb080000)
  to   space 1024K, 0% used [0x00000000eae80000,0x00000000eae80000,0x00000000eaf80000)
 ParOldGen       total 295424K, used 295348K [0x00000000c0000000, 0x00000000d2080000, 0x00000000eab00000)
  object space 295424K, 99% used [0x00000000c0000000,0x00000000d206d2b0,0x00000000d2080000)
 Metaspace       used 57115K, committed 58368K, reserved 1114112K
  class space    used 5853K, committed 6400K, reserved 1048576K
}
Event: 8.435 GC heap before
{Heap before GC invocations=197 (full 2):
 PSYoungGen      total 4608K, used 4574K [0x00000000eab00000, 0x00000000eb080000, 0x0000000100000000)
  eden space 3584K, 99% used [0x00000000eab00000,0x00000000eae7c0f0,0x00000000eae80000)
  from space 1024K, 98% used [0x00000000eaf80000,0x00000000eb07b7d8,0x00000000eb080000)
  to   space 1024K, 0% used [0x00000000eae80000,0x00000000eae80000,0x00000000eaf80000)
 ParOldGen       total 295424K, used 295348K [0x00000000c0000000, 0x00000000d2080000, 0x00000000eab00000)
  object space 295424K, 99% used [0x00000000c0000000,0x00000000d206d2b0,0x00000000d2080000)
 Metaspace       used 57149K, committed 58432K, reserved 1114112K
  class space    used 5856K, committed 6400K, reserved 1048576K
}
Event: 8.437 GC heap after
{Heap after GC invocations=197 (full 2):
 PSYoungGen      total 4608K, used 1020K [0x00000000eab00000, 0x00000000eb380000, 0x0000000100000000)
  eden space 3584K, 0% used [0x00000000eab00000,0x00000000eab00000,0x00000000eae80000)
  from space 1024K, 99% used [0x00000000eae80000,0x00000000eaf7f018,0x00000000eaf80000)
  to   space 2560K, 0% used [0x00000000eb100000,0x00000000eb100000,0x00000000eb380000)
 ParOldGen       total 296448K, used 296274K [0x00000000c0000000, 0x00000000d2180000, 0x00000000eab00000)
  object space 296448K, 99% used [0x00000000c0000000,0x00000000d2154bb0,0x00000000d2180000)
 Metaspace       used 57149K, committed 58432K, reserved 1114112K
  class space    used 5856K, committed 6400K, reserved 1048576K
}
Event: 8.441 GC heap before
{Heap before GC invocations=198 (full 2):
 PSYoungGen      total 4608K, used 4595K [0x00000000eab00000, 0x00000000eb380000, 0x0000000100000000)
  eden space 3584K, 99% used [0x00000000eab00000,0x00000000eae7dee8,0x00000000eae80000)
  from space 1024K, 99% used [0x00000000eae80000,0x00000000eaf7f018,0x00000000eaf80000)
  to   space 2560K, 0% used [0x00000000eb100000,0x00000000eb100000,0x00000000eb380000)
 ParOldGen       total 296448K, used 296274K [0x00000000c0000000, 0x00000000d2180000, 0x00000000eab00000)
  object space 296448K, 99% used [0x00000000c0000000,0x00000000d2154bb0,0x00000000d2180000)
 Metaspace       used 57172K, committed 58496K, reserved 1114112K
  class space    used 5860K, committed 6464K, reserved 1048576K
}
Event: 8.443 GC heap after
{Heap after GC invocations=198 (full 2):
 PSYoungGen      total 6656K, used 1428K [0x00000000eab00000, 0x00000000eb380000, 0x0000000100000000)
  eden space 4096K, 0% used [0x00000000eab00000,0x00000000eab00000,0x00000000eaf00000)
  from space 2560K, 55% used [0x00000000eb100000,0x00000000eb265180,0x00000000eb380000)
  to   space 2048K, 0% used [0x00000000eaf00000,0x00000000eaf00000,0x00000000eb100000)
 ParOldGen       total 297472K, used 297138K [0x00000000c0000000, 0x00000000d2280000, 0x00000000eab00000)
  object space 297472K, 99% used [0x00000000c0000000,0x00000000d222cb80,0x00000000d2280000)
 Metaspace       used 57172K, committed 58496K, reserved 1114112K
  class space    used 5860K, committed 6464K, reserved 1048576K
}
Event: 8.449 GC heap before
{Heap before GC invocations=199 (full 2):
 PSYoungGen      total 6656K, used 5524K [0x00000000eab00000, 0x00000000eb380000, 0x0000000100000000)
  eden space 4096K, 100% used [0x00000000eab00000,0x00000000eaf00000,0x00000000eaf00000)
  from space 2560K, 55% used [0x00000000eb100000,0x00000000eb265180,0x00000000eb380000)
  to   space 2048K, 0% used [0x00000000eaf00000,0x00000000eaf00000,0x00000000eb100000)
 ParOldGen       total 297472K, used 297138K [0x00000000c0000000, 0x00000000d2280000, 0x00000000eab00000)
  object space 297472K, 99% used [0x00000000c0000000,0x00000000d222cb80,0x00000000d2280000)
 Metaspace       used 57173K, committed 58496K, reserved 1114112K
  class space    used 5860K, committed 6464K, reserved 1048576K
}

Dll operation events (10 events):
Event: 0.006 Loaded shared library c:\Users\MSI\.vscode\extensions\redhat.java-1.41.1-win32-x64\jre\21.0.6-win32-x86_64\bin\java.dll
Event: 0.029 Loaded shared library c:\Users\MSI\.vscode\extensions\redhat.java-1.41.1-win32-x64\jre\21.0.6-win32-x86_64\bin\zip.dll
Event: 0.086 Loaded shared library C:\Users\MSI\.vscode\extensions\redhat.java-1.41.1-win32-x64\jre\21.0.6-win32-x86_64\bin\instrument.dll
Event: 0.090 Loaded shared library C:\Users\MSI\.vscode\extensions\redhat.java-1.41.1-win32-x64\jre\21.0.6-win32-x86_64\bin\net.dll
Event: 0.093 Loaded shared library C:\Users\MSI\.vscode\extensions\redhat.java-1.41.1-win32-x64\jre\21.0.6-win32-x86_64\bin\nio.dll
Event: 0.096 Loaded shared library C:\Users\MSI\.vscode\extensions\redhat.java-1.41.1-win32-x64\jre\21.0.6-win32-x86_64\bin\zip.dll
Event: 0.113 Loaded shared library C:\Users\MSI\.vscode\extensions\redhat.java-1.41.1-win32-x64\jre\21.0.6-win32-x86_64\bin\jimage.dll
Event: 0.179 Loaded shared library c:\Users\MSI\.vscode\extensions\redhat.java-1.41.1-win32-x64\jre\21.0.6-win32-x86_64\bin\verify.dll
Event: 1.085 Loaded shared library C:\Users\MSI\AppData\Roaming\Code\User\globalStorage\redhat.java\1.41.1\config_win\org.eclipse.equinox.launcher\org.eclipse.equinox.launcher.win32.win32.x86_64_1.2.1300.v20250331-1702\eclipse_11911.dll
Event: 2.218 Loaded shared library C:\Users\MSI\AppData\Local\Temp\jna-76643\jna210702285915004606.dll

Deoptimization events (20 events):
Event: 8.410 Thread 0x000002d60cd08260 Uncommon trap: trap_request=0xffffffc6 fr.pc=0x000002d5ba55c7d8 relative=0x0000000000000698
Event: 8.411 Thread 0x000002d60cd08260 Uncommon trap: reason=bimorphic_or_optimized_type_check action=maybe_recompile pc=0x000002d5ba55c7d8 method=java.util.HashMap.putVal(ILjava/lang/Object;Ljava/lang/Object;ZZ)Ljava/lang/Object; @ 203 c2
Event: 8.411 Thread 0x000002d60cd08260 DEOPT PACKING pc=0x000002d5ba55c7d8 sp=0x000000dcae0fe340
Event: 8.411 Thread 0x000002d60cd08260 DEOPT UNPACKING pc=0x000002d5b9c53aa2 sp=0x000000dcae0fe2b0 mode 2
Event: 8.415 Thread 0x000002d60cd08260 Uncommon trap: trap_request=0xffffffc6 fr.pc=0x000002d5ba55c7d8 relative=0x0000000000000698
Event: 8.415 Thread 0x000002d60cd08260 Uncommon trap: reason=bimorphic_or_optimized_type_check action=maybe_recompile pc=0x000002d5ba55c7d8 method=java.util.HashMap.putVal(ILjava/lang/Object;Ljava/lang/Object;ZZ)Ljava/lang/Object; @ 203 c2
Event: 8.415 Thread 0x000002d60cd08260 DEOPT PACKING pc=0x000002d5ba55c7d8 sp=0x000000dcae0fe340
Event: 8.415 Thread 0x000002d60cd08260 DEOPT UNPACKING pc=0x000002d5b9c53aa2 sp=0x000000dcae0fe2b0 mode 2
Event: 8.438 Thread 0x000002d60cd08260 Uncommon trap: trap_request=0xffffff45 fr.pc=0x000002d5ba90bb14 relative=0x0000000000000074
Event: 8.438 Thread 0x000002d60cd08260 Uncommon trap: reason=unstable_if action=reinterpret pc=0x000002d5ba90bb14 method=org.eclipse.jdt.internal.compiler.classfmt.ClassFileReader.getInnerSourceName()[C @ 4 c2
Event: 8.438 Thread 0x000002d60cd08260 DEOPT PACKING pc=0x000002d5ba90bb14 sp=0x000000dcae0fdef0
Event: 8.438 Thread 0x000002d60cd08260 DEOPT UNPACKING pc=0x000002d5b9c53aa2 sp=0x000000dcae0fde80 mode 2
Event: 8.438 Thread 0x000002d60cd08260 Uncommon trap: trap_request=0xffffff45 fr.pc=0x000002d5ba85f8ac relative=0x000000000000008c
Event: 8.438 Thread 0x000002d60cd08260 Uncommon trap: reason=unstable_if action=reinterpret pc=0x000002d5ba85f8ac method=org.eclipse.jdt.internal.compiler.classfmt.ClassFileReader.isAnonymous()Z @ 4 c2
Event: 8.438 Thread 0x000002d60cd08260 DEOPT PACKING pc=0x000002d5ba85f8ac sp=0x000000dcae0fdef0
Event: 8.438 Thread 0x000002d60cd08260 DEOPT UNPACKING pc=0x000002d5b9c53aa2 sp=0x000000dcae0fde78 mode 2
Event: 8.439 Thread 0x000002d60cd08260 Uncommon trap: trap_request=0xffffff45 fr.pc=0x000002d5ba801a98 relative=0x0000000000000078
Event: 8.439 Thread 0x000002d60cd08260 Uncommon trap: reason=unstable_if action=reinterpret pc=0x000002d5ba801a98 method=org.eclipse.jdt.internal.compiler.classfmt.MethodInfo.getModifiers()I @ 5 c2
Event: 8.439 Thread 0x000002d60cd08260 DEOPT PACKING pc=0x000002d5ba801a98 sp=0x000000dcae0fdca0
Event: 8.439 Thread 0x000002d60cd08260 DEOPT UNPACKING pc=0x000002d5b9c53aa2 sp=0x000000dcae0fdc38 mode 2

Classes loaded (20 events):
Event: 6.875 Loading class java/util/stream/MatchOps$MatchKind
Event: 6.875 Loading class java/util/stream/MatchOps$MatchKind done
Event: 6.876 Loading class java/util/stream/MatchOps
Event: 6.876 Loading class java/util/stream/MatchOps done
Event: 6.876 Loading class java/util/stream/MatchOps$MatchOp
Event: 6.876 Loading class java/util/stream/MatchOps$MatchOp done
Event: 6.876 Loading class java/util/stream/MatchOps$BooleanTerminalSink
Event: 6.877 Loading class java/util/stream/MatchOps$BooleanTerminalSink done
Event: 6.877 Loading class java/util/stream/MatchOps$1MatchSink
Event: 6.877 Loading class java/util/stream/MatchOps$1MatchSink done
Event: 7.016 Loading class java/util/concurrent/ForkJoinTask$AdaptedCallable
Event: 7.016 Loading class java/util/concurrent/ForkJoinTask$AdaptedCallable done
Event: 7.073 Loading class java/lang/Runtime$VersionPattern
Event: 7.073 Loading class java/lang/Runtime$VersionPattern done
Event: 7.224 Loading class java/util/Vector$1
Event: 7.224 Loading class java/util/Vector$1 done
Event: 7.476 Loading class java/util/regex/Pattern$Caret
Event: 7.476 Loading class java/util/regex/Pattern$Caret done
Event: 7.508 Loading class java/util/regex/Pattern$LazyLoop
Event: 7.509 Loading class java/util/regex/Pattern$LazyLoop done

Classes unloaded (7 events):
Event: 2.619 Thread 0x000002d5af67ea00 Unloading class 0x000002d5c51a1000 'java/lang/invoke/LambdaForm$MH+0x000002d5c51a1000'
Event: 2.619 Thread 0x000002d5af67ea00 Unloading class 0x000002d5c51a0c00 'java/lang/invoke/LambdaForm$MH+0x000002d5c51a0c00'
Event: 2.619 Thread 0x000002d5af67ea00 Unloading class 0x000002d5c51a0800 'java/lang/invoke/LambdaForm$MH+0x000002d5c51a0800'
Event: 2.619 Thread 0x000002d5af67ea00 Unloading class 0x000002d5c51a0400 'java/lang/invoke/LambdaForm$MH+0x000002d5c51a0400'
Event: 2.619 Thread 0x000002d5af67ea00 Unloading class 0x000002d5c51a0000 'java/lang/invoke/LambdaForm$BMH+0x000002d5c51a0000'
Event: 2.619 Thread 0x000002d5af67ea00 Unloading class 0x000002d5c519fc00 'java/lang/invoke/LambdaForm$DMH+0x000002d5c519fc00'
Event: 2.619 Thread 0x000002d5af67ea00 Unloading class 0x000002d5c519ec00 'java/lang/invoke/LambdaForm$DMH+0x000002d5c519ec00'

Classes redefined (0 events):
No events

Internal exceptions (20 events):
Event: 7.021 Thread 0x000002d618363e80 Exception <a 'sun/nio/fs/WindowsException'{0x00000000eb02d1a8}> (0x00000000eb02d1a8) 
thrown [s\src\hotspot\share\prims\jni.cpp, line 520]
Event: 7.021 Thread 0x000002d60d507270 Exception <a 'sun/nio/fs/WindowsException'{0x00000000eafba760}> (0x00000000eafba760) 
thrown [s\src\hotspot\share\prims\jni.cpp, line 520]
Event: 7.021 Thread 0x000002d618363e80 Exception <a 'sun/nio/fs/WindowsException'{0x00000000eb02e310}> (0x00000000eb02e310) 
thrown [s\src\hotspot\share\prims\jni.cpp, line 520]
Event: 7.021 Thread 0x000002d60d5051a0 Exception <a 'sun/nio/fs/WindowsException'{0x00000000eafcaf10}> (0x00000000eafcaf10) 
thrown [s\src\hotspot\share\prims\jni.cpp, line 520]
Event: 7.021 Thread 0x000002d618365f50 Exception <a 'sun/nio/fs/WindowsException'{0x00000000eb03ea28}> (0x00000000eb03ea28) 
thrown [s\src\hotspot\share\prims\jni.cpp, line 520]
Event: 7.021 Thread 0x000002d618367300 Exception <a 'sun/nio/fs/WindowsException'{0x00000000eb0b1de8}> (0x00000000eb0b1de8) 
thrown [s\src\hotspot\share\prims\jni.cpp, line 520]
Event: 7.022 Thread 0x000002d618364510 Exception <a 'sun/nio/fs/WindowsException'{0x00000000eb0a9150}> (0x00000000eb0a9150) 
thrown [s\src\hotspot\share\prims\jni.cpp, line 520]
Event: 7.022 Thread 0x000002d60d506550 Exception <a 'sun/nio/fs/WindowsException'{0x00000000eaf8d318}> (0x00000000eaf8d318) 
thrown [s\src\hotspot\share\prims\jni.cpp, line 520]
Event: 7.022 Thread 0x000002d618363e80 Exception <a 'sun/nio/fs/WindowsException'{0x00000000eb030600}> (0x00000000eb030600) 
thrown [s\src\hotspot\share\prims\jni.cpp, line 520]
Event: 7.022 Thread 0x000002d6183658c0 Exception <a 'sun/nio/fs/WindowsException'{0x00000000eb003600}> (0x00000000eb003600) 
thrown [s\src\hotspot\share\prims\jni.cpp, line 520]
Event: 7.023 Thread 0x000002d618364510 Exception <a 'sun/nio/fs/WindowsException'{0x00000000eb0aa830}> (0x00000000eb0aa830) 
thrown [s\src\hotspot\share\prims\jni.cpp, line 520]
Event: 7.024 Thread 0x000002d618365f50 Exception <a 'sun/nio/fs/WindowsException'{0x00000000eb046750}> (0x00000000eb046750) 
thrown [s\src\hotspot\share\prims\jni.cpp, line 520]
Event: 7.026 Thread 0x000002d60d507270 Exception <a 'sun/nio/fs/WindowsException'{0x00000000eafbc790}> (0x00000000eafbc790) 
thrown [s\src\hotspot\share\prims\jni.cpp, line 520]
Event: 7.030 Thread 0x000002d60cd08260 Exception <a 'sun/nio/fs/WindowsException'{0x00000000eb221128}> (0x00000000eb221128) 
thrown [s\src\hotspot\share\prims\jni.cpp, line 520]
Event: 7.030 Thread 0x000002d60d506be0 Exception <a 'sun/nio/fs/WindowsException'{0x00000000eb0e8d48}> (0x00000000eb0e8d48) 
thrown [s\src\hotspot\share\prims\jni.cpp, line 520]
Event: 7.998 Thread 0x000002d60cd08260 Implicit null exception at 0x000002d5ba77cc5a to 0x000002d5ba77ccb3
Event: 8.088 Thread 0x000002d60cd08260 Exception <a 'java/lang/NoSuchMethodError'{0x00000000eac98780}: 'java.lang.Object java.lang.invoke.DirectMethodHandle$Holder.invokeStatic(java.lang.Object, java.lang.Object, int, int)'> (0x00000000eac98780) 
thrown [s\src\hotspot\share\interpreter\linkResolver.cpp, line 773]
Event: 8.088 Thread 0x000002d60cd08260 Exception <a 'java/lang/NoSuchMethodError'{0x00000000eacc5610}: 'java.lang.Object java.lang.invoke.DirectMethodHandle$Holder.invokeSpecial(java.lang.Object, java.lang.Object, java.lang.Object, int, int)'> (0x00000000eacc5610) 
thrown [s\src\hotspot\share\interpreter\linkResolver.cpp, line 773]
Event: 8.182 Thread 0x000002d60cd08260 Exception <a 'java/lang/NoSuchMethodError'{0x00000000ead71f28}: 'void java.lang.invoke.DelegatingMethodHandle$Holder.reinvoke_L(java.lang.Object, java.lang.Object, java.lang.Object, int, java.lang.Object, int, int)'> (0x00000000ead71f28) 
thrown [s\src\hotspot\share\interpreter\linkResolver.cpp, line 773]
Event: 8.413 Thread 0x000002d60cd08260 Exception <a 'java/lang/NoSuchMethodError'{0x00000000eab00680}: 'int java.lang.invoke.DirectMethodHandle$Holder.invokeSpecialIFC(java.lang.Object, java.lang.Object, java.lang.Object)'> (0x00000000eab00680) 
thrown [s\src\hotspot\share\interpreter\linkResolver.cpp, line 773]

ZGC Phase Switch (0 events):
No events

VM Operations (20 events):
Event: 8.370 Executing VM operation: ParallelGCFailedAllocation (Allocation Failure) done
Event: 8.376 Executing VM operation: ParallelGCFailedAllocation (Allocation Failure)
Event: 8.377 Executing VM operation: ParallelGCFailedAllocation (Allocation Failure) done
Event: 8.384 Executing VM operation: ParallelGCFailedAllocation (Allocation Failure)
Event: 8.385 Executing VM operation: ParallelGCFailedAllocation (Allocation Failure) done
Event: 8.392 Executing VM operation: ParallelGCFailedAllocation (Allocation Failure)
Event: 8.393 Executing VM operation: ParallelGCFailedAllocation (Allocation Failure) done
Event: 8.402 Executing VM operation: ParallelGCFailedAllocation (Allocation Failure)
Event: 8.404 Executing VM operation: ParallelGCFailedAllocation (Allocation Failure) done
Event: 8.411 Executing VM operation: ParallelGCFailedAllocation (Allocation Failure)
Event: 8.412 Executing VM operation: ParallelGCFailedAllocation (Allocation Failure) done
Event: 8.421 Executing VM operation: ParallelGCFailedAllocation (Allocation Failure)
Event: 8.422 Executing VM operation: ParallelGCFailedAllocation (Allocation Failure) done
Event: 8.429 Executing VM operation: ParallelGCFailedAllocation (Allocation Failure)
Event: 8.431 Executing VM operation: ParallelGCFailedAllocation (Allocation Failure) done
Event: 8.435 Executing VM operation: ParallelGCFailedAllocation (Allocation Failure)
Event: 8.437 Executing VM operation: ParallelGCFailedAllocation (Allocation Failure) done
Event: 8.441 Executing VM operation: ParallelGCFailedAllocation (Allocation Failure)
Event: 8.443 Executing VM operation: ParallelGCFailedAllocation (Allocation Failure) done
Event: 8.449 Executing VM operation: ParallelGCFailedAllocation (Allocation Failure)

Memory protections (0 events):
No events

Nmethod flushes (20 events):
Event: 3.838 Thread 0x000002d5af67ea00 flushing  nmethod 0x000002d5b2ec7810
Event: 3.838 Thread 0x000002d5af67ea00 flushing  nmethod 0x000002d5b2ec7d10
Event: 3.838 Thread 0x000002d5af67ea00 flushing  nmethod 0x000002d5b2ec8610
Event: 3.838 Thread 0x000002d5af67ea00 flushing  nmethod 0x000002d5b2ec9610
Event: 3.838 Thread 0x000002d5af67ea00 flushing  nmethod 0x000002d5b2ecb090
Event: 3.838 Thread 0x000002d5af67ea00 flushing  nmethod 0x000002d5b2eccb10
Event: 3.838 Thread 0x000002d5af67ea00 flushing  nmethod 0x000002d5b2f0c990
Event: 3.838 Thread 0x000002d5af67ea00 flushing  nmethod 0x000002d5b2f11f90
Event: 3.838 Thread 0x000002d5af67ea00 flushing  nmethod 0x000002d5b2f1a010
Event: 3.838 Thread 0x000002d5af67ea00 flushing  nmethod 0x000002d5b2fb2010
Event: 3.838 Thread 0x000002d5af67ea00 flushing  nmethod 0x000002d5b2fd3b10
Event: 3.838 Thread 0x000002d5af67ea00 flushing  nmethod 0x000002d5b3010b10
Event: 3.838 Thread 0x000002d5af67ea00 flushing  nmethod 0x000002d5b3020410
Event: 3.838 Thread 0x000002d5af67ea00 flushing  nmethod 0x000002d5b3020890
Event: 3.838 Thread 0x000002d5af67ea00 flushing  nmethod 0x000002d5b3021810
Event: 3.838 Thread 0x000002d5af67ea00 flushing  nmethod 0x000002d5b3049010
Event: 3.838 Thread 0x000002d5af67ea00 flushing  nmethod 0x000002d5b304ae90
Event: 3.838 Thread 0x000002d5af67ea00 flushing  nmethod 0x000002d5b304b490
Event: 3.838 Thread 0x000002d5af67ea00 flushing  nmethod 0x000002d5b3070710
Event: 3.838 Thread 0x000002d5af67ea00 flushing  nmethod 0x000002d5b3094d90

Events (20 events):
Event: 7.020 Thread 0x000002d60d507900 Thread added: 0x000002d618365230
Event: 7.020 Thread 0x000002d60d5051a0 Thread added: 0x000002d618364510
Event: 7.021 Thread 0x000002d6183658c0 Thread added: 0x000002d618367300
Event: 7.021 Thread 0x000002d618363e80 Thread added: 0x000002d618368020
Event: 7.021 Thread 0x000002d618365f50 Thread added: 0x000002d61836a0f0
Event: 7.068 Thread 0x000002d60cd08260 Thread added: 0x000002d61836a780
Event: 7.068 Thread 0x000002d60cd08260 Thread added: 0x000002d61836ae10
Event: 7.068 Thread 0x000002d60cd08260 Thread added: 0x000002d6183693d0
Event: 7.068 Thread 0x000002d60cd08260 Thread added: 0x000002d618367990
Event: 7.068 Thread 0x000002d60cd08260 Thread added: 0x000002d61836b4a0
Event: 7.068 Thread 0x000002d60cd08260 Thread added: 0x000002d6183686b0
Event: 7.068 Thread 0x000002d618367990 Thread added: 0x000002d618369a60
Event: 7.068 Thread 0x000002d6183686b0 Thread added: 0x000002d618368d40
Event: 7.069 Thread 0x000002d61836ae10 Thread added: 0x000002d61cb0c7c0
Event: 7.069 Thread 0x000002d618368d40 Thread added: 0x000002d61cb0b410
Event: 7.069 Thread 0x000002d61836a780 Thread added: 0x000002d61cb0baa0
Event: 7.069 Thread 0x000002d61cb0b410 Thread added: 0x000002d61cb0c130
Event: 7.069 Thread 0x000002d61cb0c7c0 Thread added: 0x000002d61cb0a6f0
Event: 7.069 Thread 0x000002d618369a60 Thread added: 0x000002d61cb0ce50
Event: 7.691 Thread 0x000002d60cd0a330 Thread exited: 0x000002d60cd0a330


Dynamic libraries:
0x00007ff6c6cd0000 - 0x00007ff6c6cde000 	c:\Users\MSI\.vscode\extensions\redhat.java-1.41.1-win32-x64\jre\21.0.6-win32-x86_64\bin\java.exe
0x00007ffbc58e0000 - 0x00007ffbc5b40000 	C:\WINDOWS\SYSTEM32\ntdll.dll
0x00007ffbc4d10000 - 0x00007ffbc4dd7000 	C:\WINDOWS\System32\KERNEL32.DLL
0x00007ffbc3030000 - 0x00007ffbc33fa000 	C:\WINDOWS\System32\KERNELBASE.dll
0x00007ffbc2b80000 - 0x00007ffbc2ccb000 	C:\WINDOWS\System32\ucrtbase.dll
0x00007ffba39d0000 - 0x00007ffba39ee000 	c:\Users\MSI\.vscode\extensions\redhat.java-1.41.1-win32-x64\jre\21.0.6-win32-x86_64\bin\VCRUNTIME140.dll
0x00007ffba3db0000 - 0x00007ffba3dc8000 	c:\Users\MSI\.vscode\extensions\redhat.java-1.41.1-win32-x64\jre\21.0.6-win32-x86_64\bin\jli.dll
0x00007ffbc3880000 - 0x00007ffbc3a4c000 	C:\WINDOWS\System32\USER32.dll
0x00007ffbadf60000 - 0x00007ffbae1f7000 	C:\WINDOWS\WinSxS\amd64_microsoft.windows.common-controls_6595b64144ccf1df_6.0.26100.3624_none_3e086962e3345f24\COMCTL32.dll
0x00007ffbc2b50000 - 0x00007ffbc2b77000 	C:\WINDOWS\System32\win32u.dll
0x00007ffbc46f0000 - 0x00007ffbc4799000 	C:\WINDOWS\System32\msvcrt.dll
0x00007ffbc4930000 - 0x00007ffbc495a000 	C:\WINDOWS\System32\GDI32.dll
0x00007ffbc2ef0000 - 0x00007ffbc3021000 	C:\WINDOWS\System32\gdi32full.dll
0x00007ffbc2cd0000 - 0x00007ffbc2d73000 	C:\WINDOWS\System32\msvcp_win.dll
0x00007ffbc3a50000 - 0x00007ffbc3a7f000 	C:\WINDOWS\System32\IMM32.DLL
0x00007ffbb62a0000 - 0x00007ffbb62ac000 	c:\Users\MSI\.vscode\extensions\redhat.java-1.41.1-win32-x64\jre\21.0.6-win32-x86_64\bin\vcruntime140_1.dll
0x00007ffb91330000 - 0x00007ffb913bd000 	c:\Users\MSI\.vscode\extensions\redhat.java-1.41.1-win32-x64\jre\21.0.6-win32-x86_64\bin\msvcp140.dll
0x00007ffb2efd0000 - 0x00007ffb2fd60000 	c:\Users\MSI\.vscode\extensions\redhat.java-1.41.1-win32-x64\jre\21.0.6-win32-x86_64\bin\server\jvm.dll
0x00007ffbc47b0000 - 0x00007ffbc4862000 	C:\WINDOWS\System32\ADVAPI32.dll
0x00007ffbc4880000 - 0x00007ffbc4926000 	C:\WINDOWS\System32\sechost.dll
0x00007ffbc4960000 - 0x00007ffbc4a76000 	C:\WINDOWS\System32\RPCRT4.dll
0x00007ffbc3a90000 - 0x00007ffbc3b04000 	C:\WINDOWS\System32\WS2_32.dll
0x00007ffbc2910000 - 0x00007ffbc296e000 	C:\WINDOWS\SYSTEM32\POWRPROF.dll
0x00007ffbbc8e0000 - 0x00007ffbbc916000 	C:\WINDOWS\SYSTEM32\WINMM.dll
0x00007ffbbc920000 - 0x00007ffbbc92b000 	C:\WINDOWS\SYSTEM32\VERSION.dll
0x00007ffbc28f0000 - 0x00007ffbc2904000 	C:\WINDOWS\SYSTEM32\UMPDC.dll
0x00007ffbc18d0000 - 0x00007ffbc18ea000 	C:\WINDOWS\SYSTEM32\kernel.appcore.dll
0x00007ffbb5830000 - 0x00007ffbb583a000 	c:\Users\MSI\.vscode\extensions\redhat.java-1.41.1-win32-x64\jre\21.0.6-win32-x86_64\bin\jimage.dll
0x00007ffbb6840000 - 0x00007ffbb6a81000 	C:\WINDOWS\SYSTEM32\DBGHELP.DLL
0x00007ffbc4df0000 - 0x00007ffbc5172000 	C:\WINDOWS\System32\combase.dll
0x00007ffbc5200000 - 0x00007ffbc52d6000 	C:\WINDOWS\System32\OLEAUT32.dll
0x00007ffbab590000 - 0x00007ffbab5c9000 	C:\WINDOWS\SYSTEM32\dbgcore.DLL
0x00007ffbc34c0000 - 0x00007ffbc3559000 	C:\WINDOWS\System32\bcryptPrimitives.dll
0x00007ffbb2d00000 - 0x00007ffbb2d0f000 	c:\Users\MSI\.vscode\extensions\redhat.java-1.41.1-win32-x64\jre\21.0.6-win32-x86_64\bin\instrument.dll
0x00007ffba4b10000 - 0x00007ffba4b2f000 	c:\Users\MSI\.vscode\extensions\redhat.java-1.41.1-win32-x64\jre\21.0.6-win32-x86_64\bin\java.dll
0x00007ffbc3b30000 - 0x00007ffbc4259000 	C:\WINDOWS\System32\SHELL32.dll
0x00007ffbc2d80000 - 0x00007ffbc2ee8000 	C:\WINDOWS\System32\wintypes.dll
0x00007ffbc0740000 - 0x00007ffbc0f92000 	C:\WINDOWS\SYSTEM32\windows.storage.dll
0x00007ffbc5600000 - 0x00007ffbc56ed000 	C:\WINDOWS\System32\SHCORE.dll
0x00007ffbc4a80000 - 0x00007ffbc4ae4000 	C:\WINDOWS\System32\shlwapi.dll
0x00007ffbc29d0000 - 0x00007ffbc29ff000 	C:\WINDOWS\SYSTEM32\profapi.dll
0x00007ffb94060000 - 0x00007ffb94078000 	c:\Users\MSI\.vscode\extensions\redhat.java-1.41.1-win32-x64\jre\21.0.6-win32-x86_64\bin\zip.dll
0x00007ffbb2af0000 - 0x00007ffbb2b00000 	C:\Users\MSI\.vscode\extensions\redhat.java-1.41.1-win32-x64\jre\21.0.6-win32-x86_64\bin\net.dll
0x00007ffbbc650000 - 0x00007ffbbc76d000 	C:\WINDOWS\SYSTEM32\WINHTTP.dll
0x00007ffbc1df0000 - 0x00007ffbc1e5a000 	C:\WINDOWS\system32\mswsock.dll
0x00007ffb923d0000 - 0x00007ffb923e6000 	C:\Users\MSI\.vscode\extensions\redhat.java-1.41.1-win32-x64\jre\21.0.6-win32-x86_64\bin\nio.dll
0x00007ffbb29f0000 - 0x00007ffbb2a00000 	c:\Users\MSI\.vscode\extensions\redhat.java-1.41.1-win32-x64\jre\21.0.6-win32-x86_64\bin\verify.dll
0x00007ffb87860000 - 0x00007ffb878a5000 	C:\Users\MSI\AppData\Roaming\Code\User\globalStorage\redhat.java\1.41.1\config_win\org.eclipse.equinox.launcher\org.eclipse.equinox.launcher.win32.win32.x86_64_1.2.1300.v20250331-1702\eclipse_11911.dll
0x00007ffbc36e0000 - 0x00007ffbc3876000 	C:\WINDOWS\System32\ole32.dll
0x00007ffbc2090000 - 0x00007ffbc20ac000 	C:\WINDOWS\SYSTEM32\CRYPTSP.dll
0x00007ffbc1830000 - 0x00007ffbc186a000 	C:\WINDOWS\system32\rsaenh.dll
0x00007ffbc1e90000 - 0x00007ffbc1ebb000 	C:\WINDOWS\SYSTEM32\USERENV.dll
0x00007ffbc29a0000 - 0x00007ffbc29c6000 	C:\WINDOWS\SYSTEM32\bcrypt.dll
0x00007ffbc20b0000 - 0x00007ffbc20bc000 	C:\WINDOWS\SYSTEM32\CRYPTBASE.dll
0x00007ffbc1310000 - 0x00007ffbc1343000 	C:\WINDOWS\SYSTEM32\IPHLPAPI.DLL
0x00007ffbc47a0000 - 0x00007ffbc47aa000 	C:\WINDOWS\System32\NSI.dll
0x00007ffb8e740000 - 0x00007ffb8e789000 	C:\Users\MSI\AppData\Local\Temp\jna-76643\jna210702285915004606.dll
0x00007ffbc4d00000 - 0x00007ffbc4d08000 	C:\WINDOWS\System32\PSAPI.DLL
0x00007ffbbc8b0000 - 0x00007ffbbc8cf000 	C:\WINDOWS\SYSTEM32\dhcpcsvc6.DLL
0x00007ffbbc7f0000 - 0x00007ffbbc815000 	C:\WINDOWS\SYSTEM32\dhcpcsvc.DLL

dbghelp: loaded successfully - version: 4.0.5 - missing functions: none
symbol engine: initialized successfully - sym options: 0x614 - pdb path: .;c:\Users\MSI\.vscode\extensions\redhat.java-1.41.1-win32-x64\jre\21.0.6-win32-x86_64\bin;C:\WINDOWS\SYSTEM32;C:\WINDOWS\WinSxS\amd64_microsoft.windows.common-controls_6595b64144ccf1df_6.0.26100.3624_none_3e086962e3345f24;c:\Users\MSI\.vscode\extensions\redhat.java-1.41.1-win32-x64\jre\21.0.6-win32-x86_64\bin\server;C:\Users\MSI\AppData\Roaming\Code\User\globalStorage\redhat.java\1.41.1\config_win\org.eclipse.equinox.launcher\org.eclipse.equinox.launcher.win32.win32.x86_64_1.2.1300.v20250331-1702;C:\Users\MSI\AppData\Local\Temp\jna-76643

VM Arguments:
jvm_args: --add-modules=ALL-SYSTEM --add-opens=java.base/java.util=ALL-UNNAMED --add-opens=java.base/java.lang=ALL-UNNAMED --add-opens=java.base/sun.nio.fs=ALL-UNNAMED -Declipse.application=org.eclipse.jdt.ls.core.id1 -Dosgi.bundles.defaultStartLevel=4 -Declipse.product=org.eclipse.jdt.ls.core.product -Djava.import.generatesMetadataFilesAtProjectRoot=false -DDetectVMInstallationsJob.disabled=true -Dfile.encoding=utf8 -XX:+UseParallelGC -XX:GCTimeRatio=4 -XX:AdaptiveSizePolicyWeight=90 -Dsun.zip.disableMemoryMapping=true -Xmx1G -Xms100m -Xlog:disable -javaagent:c:\Users\MSI\.vscode\extensions\redhat.java-1.41.1-win32-x64\lombok\lombok-1.18.36.jar -XX:+HeapDumpOnOutOfMemoryError -XX:HeapDumpPath=c:\Users\MSI\AppData\Roaming\Code\User\workspaceStorage\3815725e1ac4c6c69b70af32f7c49045\redhat.java -Daether.dependencyCollector.impl=bf 
java_command: c:\Users\MSI\.vscode\extensions\redhat.java-1.41.1-win32-x64\server\plugins\org.eclipse.equinox.launcher_1.7.0.v20250331-1702.jar -configuration c:\Users\MSI\AppData\Roaming\Code\User\globalStorage\redhat.java\1.41.1\config_win -data c:\Users\MSI\AppData\Roaming\Code\User\workspaceStorage\3815725e1ac4c6c69b70af32f7c49045\redhat.java\jdt_ws --pipe=\\.\pipe\lsp-9e44be4e20836e759a2fd6d85cb722f9-sock
java_class_path (initial): c:\Users\MSI\.vscode\extensions\redhat.java-1.41.1-win32-x64\server\plugins\org.eclipse.equinox.launcher_1.7.0.v20250331-1702.jar
Launcher Type: SUN_STANDARD

[Global flags]
    uintx AdaptiveSizePolicyWeight                 = 90                                        {product} {command line}
     intx CICompilerCount                          = 12                                        {product} {ergonomic}
    uintx GCTimeRatio                              = 4                                         {product} {command line}
     bool HeapDumpOnOutOfMemoryError               = true                                   {manageable} {command line}
    ccstr HeapDumpPath                             = c:\Users\MSI\AppData\Roaming\Code\User\workspaceStorage\3815725e1ac4c6c69b70af32f7c49045\redhat.java         {manageable} {command line}
   size_t InitialHeapSize                          = 104857600                                 {product} {command line}
   size_t MaxHeapSize                              = 1073741824                                {product} {command line}
   size_t MaxNewSize                               = 357564416                                 {product} {ergonomic}
   size_t MinHeapDeltaBytes                        = 524288                                    {product} {ergonomic}
   size_t MinHeapSize                              = 104857600                                 {product} {command line}
   size_t NewSize                                  = 34603008                                  {product} {ergonomic}
    uintx NonNMethodCodeHeapSize                   = 7602480                                {pd product} {ergonomic}
    uintx NonProfiledCodeHeapSize                  = 122027880                              {pd product} {ergonomic}
   size_t OldSize                                  = 70254592                                  {product} {ergonomic}
    uintx ProfiledCodeHeapSize                     = 122027880                              {pd product} {ergonomic}
    uintx ReservedCodeCacheSize                    = 251658240                              {pd product} {ergonomic}
     bool SegmentedCodeCache                       = true                                      {product} {ergonomic}
   size_t SoftMaxHeapSize                          = 1073741824                             {manageable} {ergonomic}
     bool UseCompressedOops                        = true                           {product lp64_product} {ergonomic}
     bool UseLargePagesIndividualAllocation        = false                                  {pd product} {ergonomic}
     bool UseParallelGC                            = true                                      {product} {command line}

Logging:
Log output configuration:
 #0: stdout all=off uptime,level,tags foldmultilines=false
 #1: stderr all=off uptime,level,tags foldmultilines=false

Environment Variables:
JAVA_HOME=C:\Program Files\Java\jdk-17
PATH=C:\Program Files\Common Files\Oracle\Java\javapath;C:\Program Files (x86)\VMware\VMware Workstation\bin\;C:\Program Files\Microsoft MPI\Bin\;C:\WINDOWS\system32;C:\WINDOWS;C:\WINDOWS\System32\Wbem;C:\WINDOWS\System32\WindowsPowerShell\v1.0\;C:\WINDOWS\System32\OpenSSH\;C:\Program Files\nodejs\;C:\Program Files (x86)\Microsoft SQL Server\160\Tools\Binn\;C:\Program Files\Microsoft SQL Server\160\Tools\Binn\;C:\Program Files\Microsoft SQL Server\Client SDK\ODBC\170\Tools\Binn\;C:\Program Files\Microsoft SQL Server\160\DTS\Binn\;C:\Program Files (x86)\Microsoft SQL Server\160\DTS\Binn\;C:\Program Files\Git LFS;C:\Program Files\Git\cmd;C:\Program Files\PowerShell\7\;C:\Program Files\Java\jdk-17\bin;C:\Program Files\MySQL\MySQL Shell 8.0\bin\;C:\Users\MSI\AppData\Local\Programs\Python\Python313;C:\Users\MSI\AppData\Local\Microsoft\WindowsApps;C:\Users\MSI\AppData\Local\Programs\Microsoft VS Code\bin;C:\Users\MSI\AppData\Roaming\npm;C:\Program Files\JetBrains\IntelliJ IDEA 2024.3.1.1\bin;;
USERNAME=MSI
OS=Windows_NT
PROCESSOR_IDENTIFIER=AMD64 Family 25 Model 80 Stepping 0, AuthenticAMD
TMP=C:\Users\MSI\AppData\Local\Temp
TEMP=C:\Users\MSI\AppData\Local\Temp




Periodic native trim disabled

---------------  S Y S T E M  ---------------

OS:
 Windows 11 , 64 bit Build 26100 (10.0.26100.3775)
OS uptime: 0 days 18:01 hours
Hyper-V role detected

CPU: total 16 (initial active 16) (16 cores per cpu, 2 threads per core) family 25 model 80 stepping 0 microcode 0xa50000c, cx8, cmov, fxsr, ht, mmx, 3dnowpref, sse, sse2, sse3, ssse3, sse4a, sse4.1, sse4.2, popcnt, lzcnt, tsc, tscinvbit, avx, avx2, aes, erms, clmul, bmi1, bmi2, adx, sha, fma, vzeroupper, clflush, clflushopt, hv, rdtscp, rdpid, fsrm, f16c, cet_ss
Processor Information for processor 0
  Max Mhz: 3201, Current Mhz: 3201, Mhz Limit: 3201
Processor Information for processor 1
  Max Mhz: 3201, Current Mhz: 3201, Mhz Limit: 3201
Processor Information for processor 2
  Max Mhz: 3201, Current Mhz: 3201, Mhz Limit: 3201
Processor Information for processor 3
  Max Mhz: 3201, Current Mhz: 2555, Mhz Limit: 3201
Processor Information for processor 4
  Max Mhz: 3201, Current Mhz: 3201, Mhz Limit: 3201
Processor Information for processor 5
  Max Mhz: 3201, Current Mhz: 3201, Mhz Limit: 3201
Processor Information for processor 6
  Max Mhz: 3201, Current Mhz: 2555, Mhz Limit: 3201
Processor Information for processor 7
  Max Mhz: 3201, Current Mhz: 2555, Mhz Limit: 3201
Processor Information for processor 8
  Max Mhz: 3201, Current Mhz: 2555, Mhz Limit: 3201
Processor Information for processor 9
  Max Mhz: 3201, Current Mhz: 2555, Mhz Limit: 3201
Processor Information for processor 10
  Max Mhz: 3201, Current Mhz: 3201, Mhz Limit: 3201
Processor Information for processor 11
  Max Mhz: 3201, Current Mhz: 2555, Mhz Limit: 3201
Processor Information for processor 12
  Max Mhz: 3201, Current Mhz: 3201, Mhz Limit: 3201
Processor Information for processor 13
  Max Mhz: 3201, Current Mhz: 3201, Mhz Limit: 3201
Processor Information for processor 14
  Max Mhz: 3201, Current Mhz: 3201, Mhz Limit: 3201
Processor Information for processor 15
  Max Mhz: 3201, Current Mhz: 2555, Mhz Limit: 3201

Memory: 4k page, system-wide physical 15752M (4862M free)
TotalPageFile size 15752M (AvailPageFile size 47M)
current process WorkingSet (physical memory assigned to process): 647M, peak: 694M
current process commit charge ("private bytes"): 1005M, peak: 1052M

vm_info: OpenJDK 64-Bit Server VM (21.0.6+7-LTS) for windows-amd64 JRE (21.0.6+7-LTS), built on 2025-01-21T00:00:00Z by "admin" with MS VC++ 17.7 (VS2022)

END.
