#
# There is insufficient memory for the Java Runtime Environment to continue.
# Native memory allocation (malloc) failed to allocate 1402736 bytes. Error detail: Chunk::new
# Possible reasons:
#   The system is out of physical RAM or swap space
#   This process is running with CompressedOops enabled, and the Java Heap may be blocking the growth of the native heap
# Possible solutions:
#   Reduce memory load on the system
#   Increase physical memory or swap space
#   Check if swap backing store is full
#   Decrease Java heap size (-Xmx/-Xms)
#   Decrease number of Java threads
#   Decrease Java thread stack sizes (-Xss)
#   Set larger code cache with -XX:ReservedCodeCacheSize=
#   JVM is running with Unscaled Compressed Oops mode in which the Java heap is
#     placed in the first 4GB address space. The Java Heap base address is the
#     maximum limit for the native heap growth. Please use -XX:HeapBaseMinAddress
#     to set the Java Heap base and to place the Java Heap above 4GB virtual address.
# This output file may be truncated or incomplete.
#
#  Out of Memory Error (arena.cpp:168), pid=5968, tid=10904
#
# JRE version: OpenJDK Runtime Environment Temurin-21.0.6+7 (21.0.6+7) (build 21.0.6+7-LTS)
# Java VM: OpenJDK 64-Bit Server VM Temurin-21.0.6+7 (21.0.6+7-LTS, mixed mode, sharing, tiered, compressed oops, compressed class ptrs, parallel gc, windows-amd64)
# No core dump will be written. Minidumps are not enabled by default on client versions of Windows
#

---------------  S U M M A R Y ------------

Command Line: --add-modules=ALL-SYSTEM --add-opens=java.base/java.util=ALL-UNNAMED --add-opens=java.base/java.lang=ALL-UNNAMED --add-opens=java.base/sun.nio.fs=ALL-UNNAMED -Declipse.application=org.eclipse.jdt.ls.core.id1 -Dosgi.bundles.defaultStartLevel=4 -Declipse.product=org.eclipse.jdt.ls.core.product -Djava.import.generatesMetadataFilesAtProjectRoot=false -DDetectVMInstallationsJob.disabled=true -Dfile.encoding=utf8 -XX:+UseParallelGC -XX:GCTimeRatio=4 -XX:AdaptiveSizePolicyWeight=90 -Dsun.zip.disableMemoryMapping=true -Xmx1G -Xms100m -Xlog:disable -javaagent:c:\Users\MSI\.vscode\extensions\redhat.java-1.41.1-win32-x64\lombok\lombok-1.18.36.jar -XX:+HeapDumpOnOutOfMemoryError -XX:HeapDumpPath=c:\Users\MSI\AppData\Roaming\Code\User\workspaceStorage\3815725e1ac4c6c69b70af32f7c49045\redhat.java -Daether.dependencyCollector.impl=bf c:\Users\MSI\.vscode\extensions\redhat.java-1.41.1-win32-x64\server\plugins\org.eclipse.equinox.launcher_1.7.0.v20250331-1702.jar -configuration c:\Users\MSI\AppData\Roaming\Code\User\globalStorage\redhat.java\1.41.1\config_win -data c:\Users\MSI\AppData\Roaming\Code\User\workspaceStorage\3815725e1ac4c6c69b70af32f7c49045\redhat.java\jdt_ws --pipe=\\.\pipe\lsp-9eae391189afd93ceb0d689140a9eb8e-sock

Host: AMD Ryzen 7 5800H with Radeon Graphics         , 16 cores, 15G,  Windows 11 , 64 bit Build 26100 (10.0.26100.3775)
Time: Tue Apr 15 19:40:41 2025 SE Asia Standard Time elapsed time: 11.240084 seconds (0d 0h 0m 11s)

---------------  T H R E A D  ---------------

Current thread (0x000001947d52ca90):  JavaThread "C2 CompilerThread2" daemon [_thread_in_native, id=10904, stack(0x0000003f08400000,0x0000003f08500000) (1024K)]


Current CompileTask:
C2:11240 13164   !   4       org.codehaus.plexus.interpolation.StringSearchInterpolator::interpolate (668 bytes)

Stack: [0x0000003f08400000,0x0000003f08500000]
Native frames: (J=compiled Java code, j=interpreted, Vv=VM code, C=native code)
V  [jvm.dll+0x6cdee9]
V  [jvm.dll+0x8a83d1]
V  [jvm.dll+0x8aa8fe]
V  [jvm.dll+0x8aafe3]
V  [jvm.dll+0x27f706]
V  [jvm.dll+0xc500d]
V  [jvm.dll+0xc5543]
V  [jvm.dll+0x3b678c]
V  [jvm.dll+0x1dfe13]
V  [jvm.dll+0x247b42]
V  [jvm.dll+0x246fcf]
V  [jvm.dll+0x1c75ee]
V  [jvm.dll+0x25685a]
V  [jvm.dll+0x254dfa]
V  [jvm.dll+0x3f0256]
V  [jvm.dll+0x851f8b]
V  [jvm.dll+0x6cc5ed]
C  [ucrtbase.dll+0x37b0]
C  [KERNEL32.DLL+0x2e8d7]
C  [ntdll.dll+0xb14fc]


---------------  P R O C E S S  ---------------

Threads class SMR info:
_java_thread_list=0x0000019463648b10, length=99, elements={
0x00000194766cd690, 0x000001947baba650, 0x000001947babced0, 0x000001947d1a8b10,
0x000001947d1a9660, 0x000001947d1ac360, 0x000001947d1b9a50, 0x000001947d1c5df0,
0x000001947d1c69b0, 0x000001947d1b93c0, 0x000001947d322f20, 0x000001947d1ba0e0,
0x000001947d52ca90, 0x000001947d1b6c60, 0x000001947d1b72f0, 0x000001947d1b7980,
0x000001947d1b8010, 0x000001947d1b86a0, 0x000001947d1b8d30, 0x0000019454ab2080,
0x0000019454ab2da0, 0x0000019454ab4e70, 0x0000019454ab3430, 0x0000019454ab3ac0,
0x0000019454ab47e0, 0x0000019454ab5500, 0x0000019454ab5b90, 0x0000019454ab2710,
0x0000019454ab8980, 0x0000019454ab6220, 0x0000019454ab6f40, 0x0000019454ab68b0,
0x0000019454ab75d0, 0x0000019454ab7c60, 0x0000019454ab82f0, 0x0000019454ab9010,
0x0000019454ab96a0, 0x00000194561668e0, 0x0000019456167c90, 0x0000019456166250,
0x0000019456164ea0, 0x0000019456164810, 0x0000019456166f70, 0x0000019456167600,
0x0000019455d8fcd0, 0x00000194561b5a10, 0x0000019455d43fa0, 0x0000019456165530,
0x0000019456168320, 0x00000194561689b0, 0x0000019456169040, 0x0000019456991d00,
0x00000194565fa550, 0x0000019456165bc0, 0x00000194561696d0, 0x0000019456169d60,
0x000001945616b7a0, 0x000001945616a3f0, 0x000001945616aa80, 0x000001945616b110,
0x000001945616be30, 0x00000194646811d0, 0x0000019464680b40, 0x0000019464682580,
0x000001946467f790, 0x0000019464681860, 0x0000019464681ef0, 0x000001946467f100,
0x0000019464682c10, 0x00000194646832a0, 0x000001946467fe20, 0x0000019464683930,
0x00000194646804b0, 0x0000019464683fc0, 0x0000019464684650, 0x0000019464685a00,
0x0000019464684ce0, 0x0000019464686720, 0x0000019464686090, 0x0000019464685370,
0x0000019460aad840, 0x0000019460aad1b0, 0x0000019460aac490, 0x0000019460aabe00,
0x0000019460aab770, 0x0000019460aaded0, 0x0000019460aacb20, 0x0000019460aae560,
0x0000019460aab0e0, 0x0000019460aaebf0, 0x0000019460aaf280, 0x0000019460ab1350,
0x0000019460ab19e0, 0x0000019460ab0630, 0x0000019460aaffa0, 0x0000019460aaf910,
0x00000194600108b0, 0x000001946000f440, 0x000001946000fb10
}

Java Threads: ( => current thread )
  0x00000194766cd690 JavaThread "main"                              [_thread_blocked, id=19204, stack(0x0000003f07200000,0x0000003f07300000) (1024K)]
  0x000001947baba650 JavaThread "Reference Handler"          daemon [_thread_blocked, id=10760, stack(0x0000003f07600000,0x0000003f07700000) (1024K)]
  0x000001947babced0 JavaThread "Finalizer"                  daemon [_thread_blocked, id=20700, stack(0x0000003f07700000,0x0000003f07800000) (1024K)]
  0x000001947d1a8b10 JavaThread "Signal Dispatcher"          daemon [_thread_blocked, id=22188, stack(0x0000003f07800000,0x0000003f07900000) (1024K)]
  0x000001947d1a9660 JavaThread "Attach Listener"            daemon [_thread_blocked, id=14460, stack(0x0000003f07900000,0x0000003f07a00000) (1024K)]
  0x000001947d1ac360 JavaThread "Service Thread"             daemon [_thread_blocked, id=14060, stack(0x0000003f07a00000,0x0000003f07b00000) (1024K)]
  0x000001947d1b9a50 JavaThread "Monitor Deflation Thread"   daemon [_thread_blocked, id=23332, stack(0x0000003f07b00000,0x0000003f07c00000) (1024K)]
  0x000001947d1c5df0 JavaThread "C2 CompilerThread0"         daemon [_thread_in_native, id=20360, stack(0x0000003f07c00000,0x0000003f07d00000) (1024K)]
  0x000001947d1c69b0 JavaThread "C1 CompilerThread0"         daemon [_thread_blocked, id=16188, stack(0x0000003f07d00000,0x0000003f07e00000) (1024K)]
  0x000001947d1b93c0 JavaThread "Common-Cleaner"             daemon [_thread_blocked, id=8800, stack(0x0000003f07e00000,0x0000003f07f00000) (1024K)]
  0x000001947d322f20 JavaThread "C2 CompilerThread1"         daemon [_thread_in_native, id=10248, stack(0x0000003f08100000,0x0000003f08200000) (1024K)]
  0x000001947d1ba0e0 JavaThread "Notification Thread"        daemon [_thread_blocked, id=17084, stack(0x0000003f08300000,0x0000003f08400000) (1024K)]
=>0x000001947d52ca90 JavaThread "C2 CompilerThread2"         daemon [_thread_in_native, id=10904, stack(0x0000003f08400000,0x0000003f08500000) (1024K)]
  0x000001947d1b6c60 JavaThread "Active Thread: Equinox Container: abb84fb9-9b2e-4622-8bf5-9242f6dbe4e5"        [_thread_blocked, id=14132, stack(0x0000003f08b00000,0x0000003f08c00000) (1024K)]
  0x000001947d1b72f0 JavaThread "Refresh Thread: Equinox Container: abb84fb9-9b2e-4622-8bf5-9242f6dbe4e5" daemon [_thread_blocked, id=1816, stack(0x0000003f08e00000,0x0000003f08f00000) (1024K)]
  0x000001947d1b7980 JavaThread "Framework Event Dispatcher: Equinox Container: abb84fb9-9b2e-4622-8bf5-9242f6dbe4e5" daemon [_thread_blocked, id=9172, stack(0x0000003f08f00000,0x0000003f09000000) (1024K)]
  0x000001947d1b8010 JavaThread "Start Level: Equinox Container: abb84fb9-9b2e-4622-8bf5-9242f6dbe4e5" daemon [_thread_blocked, id=1636, stack(0x0000003f09000000,0x0000003f09100000) (1024K)]
  0x000001947d1b86a0 JavaThread "Bundle File Closer"         daemon [_thread_blocked, id=22880, stack(0x0000003f09100000,0x0000003f09200000) (1024K)]
  0x000001947d1b8d30 JavaThread "SCR Component Actor"        daemon [_thread_blocked, id=23160, stack(0x0000003f08500000,0x0000003f08600000) (1024K)]
  0x0000019454ab2080 JavaThread "Worker-JM"                         [_thread_blocked, id=22920, stack(0x0000003f09800000,0x0000003f09900000) (1024K)]
  0x0000019454ab2da0 JavaThread "JNA Cleaner"                daemon [_thread_blocked, id=12768, stack(0x0000003f09900000,0x0000003f09a00000) (1024K)]
  0x0000019454ab4e70 JavaThread "Worker-0: Java indexing... "        [_thread_blocked, id=17700, stack(0x0000003f09a00000,0x0000003f09b00000) (1024K)]
  0x0000019454ab3430 JavaThread "Worker-1"                          [_thread_blocked, id=19348, stack(0x0000003f09b00000,0x0000003f09c00000) (1024K)]
  0x0000019454ab3ac0 JavaThread "Java indexing"              daemon [_thread_in_Java, id=19944, stack(0x0000003f09c00000,0x0000003f09d00000) (1024K)]
  0x0000019454ab47e0 JavaThread "Worker-2"                          [_thread_blocked, id=5736, stack(0x0000003f09f00000,0x0000003f0a000000) (1024K)]
  0x0000019454ab5500 JavaThread "Worker-3"                          [_thread_blocked, id=6212, stack(0x0000003f0a000000,0x0000003f0a100000) (1024K)]
  0x0000019454ab5b90 JavaThread "Thread-2"                   daemon [_thread_in_native, id=24172, stack(0x0000003f0a100000,0x0000003f0a200000) (1024K)]
  0x0000019454ab2710 JavaThread "Thread-3"                   daemon [_thread_in_native, id=20328, stack(0x0000003f0a200000,0x0000003f0a300000) (1024K)]
  0x0000019454ab8980 JavaThread "Thread-4"                   daemon [_thread_in_native, id=14268, stack(0x0000003f0a300000,0x0000003f0a400000) (1024K)]
  0x0000019454ab6220 JavaThread "Thread-5"                   daemon [_thread_in_native, id=8020, stack(0x0000003f0a400000,0x0000003f0a500000) (1024K)]
  0x0000019454ab6f40 JavaThread "Thread-6"                   daemon [_thread_in_native, id=18512, stack(0x0000003f0a500000,0x0000003f0a600000) (1024K)]
  0x0000019454ab68b0 JavaThread "Thread-7"                   daemon [_thread_in_native, id=8336, stack(0x0000003f0a600000,0x0000003f0a700000) (1024K)]
  0x0000019454ab75d0 JavaThread "Thread-8"                   daemon [_thread_in_native, id=24556, stack(0x0000003f0a700000,0x0000003f0a800000) (1024K)]
  0x0000019454ab7c60 JavaThread "Thread-9"                   daemon [_thread_in_native, id=15660, stack(0x0000003f0a800000,0x0000003f0a900000) (1024K)]
  0x0000019454ab82f0 JavaThread "Thread-10"                  daemon [_thread_in_native, id=6592, stack(0x0000003f0a900000,0x0000003f0aa00000) (1024K)]
  0x0000019454ab9010 JavaThread "Thread-11"                  daemon [_thread_in_native, id=14852, stack(0x0000003f0aa00000,0x0000003f0ab00000) (1024K)]
  0x0000019454ab96a0 JavaThread "Thread-12"                  daemon [_thread_in_native, id=13724, stack(0x0000003f0ab00000,0x0000003f0ac00000) (1024K)]
  0x00000194561668e0 JavaThread "Thread-13"                  daemon [_thread_in_native, id=20724, stack(0x0000003f0ac00000,0x0000003f0ad00000) (1024K)]
  0x0000019456167c90 JavaThread "Thread-14"                  daemon [_thread_in_native, id=21648, stack(0x0000003f0ad00000,0x0000003f0ae00000) (1024K)]
  0x0000019456166250 JavaThread "Thread-15"                  daemon [_thread_in_native, id=22796, stack(0x0000003f0ae00000,0x0000003f0af00000) (1024K)]
  0x0000019456164ea0 JavaThread "Thread-16"                  daemon [_thread_in_native, id=13468, stack(0x0000003f0af00000,0x0000003f0b000000) (1024K)]
  0x0000019456164810 JavaThread "Thread-17"                  daemon [_thread_in_native, id=15304, stack(0x0000003f0b000000,0x0000003f0b100000) (1024K)]
  0x0000019456166f70 JavaThread "Thread-18"                  daemon [_thread_in_native, id=20280, stack(0x0000003f0b100000,0x0000003f0b200000) (1024K)]
  0x0000019456167600 JavaThread "pool-2-thread-1"                   [_thread_blocked, id=3368, stack(0x0000003f0b200000,0x0000003f0b300000) (1024K)]
  0x0000019455d8fcd0 JavaThread "C2 CompilerThread3"         daemon [_thread_in_native, id=11144, stack(0x0000003f0b300000,0x0000003f0b400000) (1024K)]
  0x00000194561b5a10 JavaThread "C2 CompilerThread4"         daemon [_thread_in_native, id=6556, stack(0x0000003f0b400000,0x0000003f0b500000) (1024K)]
  0x0000019455d43fa0 JavaThread "C2 CompilerThread5"         daemon [_thread_in_native, id=16460, stack(0x0000003f0b500000,0x0000003f0b600000) (1024K)]
  0x0000019456165530 JavaThread "Worker-4"                          [_thread_blocked, id=18316, stack(0x0000003f0b600000,0x0000003f0b700000) (1024K)]
  0x0000019456168320 JavaThread "Worker-5: Building"                [_thread_in_vm, id=17412, stack(0x0000003f0b700000,0x0000003f0b800000) (1024K)]
  0x00000194561689b0 JavaThread "WorkspaceEventsHandler"            [_thread_blocked, id=15676, stack(0x0000003f0b800000,0x0000003f0b900000) (1024K)]
  0x0000019456169040 JavaThread "pool-1-thread-1"                   [_thread_blocked, id=17288, stack(0x0000003f0b900000,0x0000003f0ba00000) (1024K)]
  0x0000019456991d00 JavaThread "C2 CompilerThread6"         daemon [_thread_in_native, id=18608, stack(0x0000003f0ba00000,0x0000003f0bb00000) (1024K)]
  0x00000194565fa550 JavaThread "C2 CompilerThread7"         daemon [_thread_in_native, id=3792, stack(0x0000003f0bb00000,0x0000003f0bc00000) (1024K)]
  0x0000019456165bc0 JavaThread "LocalFile Deleter"          daemon [_thread_blocked, id=17592, stack(0x0000003f0bc00000,0x0000003f0bd00000) (1024K)]
  0x00000194561696d0 JavaThread "LocalFile Deleter"          daemon [_thread_blocked, id=13916, stack(0x0000003f0bd00000,0x0000003f0be00000) (1024K)]
  0x0000019456169d60 JavaThread "LocalFile Deleter"          daemon [_thread_blocked, id=22632, stack(0x0000003f0be00000,0x0000003f0bf00000) (1024K)]
  0x000001945616b7a0 JavaThread "LocalFile Deleter"          daemon [_thread_blocked, id=17480, stack(0x0000003f0bf00000,0x0000003f0c000000) (1024K)]
  0x000001945616a3f0 JavaThread "LocalFile Deleter"          daemon [_thread_blocked, id=23124, stack(0x0000003f0c000000,0x0000003f0c100000) (1024K)]
  0x000001945616aa80 JavaThread "LocalFile Deleter"          daemon [_thread_blocked, id=19760, stack(0x0000003f0c100000,0x0000003f0c200000) (1024K)]
  0x000001945616b110 JavaThread "LocalFile Deleter"          daemon [_thread_blocked, id=20308, stack(0x0000003f0c200000,0x0000003f0c300000) (1024K)]
  0x000001945616be30 JavaThread "LocalFile Deleter"          daemon [_thread_blocked, id=21788, stack(0x0000003f0c300000,0x0000003f0c400000) (1024K)]
  0x00000194646811d0 JavaThread "LocalFile Deleter"          daemon [_thread_blocked, id=8436, stack(0x0000003f0c400000,0x0000003f0c500000) (1024K)]
  0x0000019464680b40 JavaThread "LocalFile Deleter"          daemon [_thread_blocked, id=14248, stack(0x0000003f0c500000,0x0000003f0c600000) (1024K)]
  0x0000019464682580 JavaThread "LocalFile Deleter"          daemon [_thread_blocked, id=21260, stack(0x0000003f0c600000,0x0000003f0c700000) (1024K)]
  0x000001946467f790 JavaThread "LocalFile Deleter"          daemon [_thread_blocked, id=2112, stack(0x0000003f0c700000,0x0000003f0c800000) (1024K)]
  0x0000019464681860 JavaThread "LocalFile Deleter"          daemon [_thread_blocked, id=9632, stack(0x0000003f0c800000,0x0000003f0c900000) (1024K)]
  0x0000019464681ef0 JavaThread "LocalFile Deleter"          daemon [_thread_blocked, id=1580, stack(0x0000003f0c900000,0x0000003f0ca00000) (1024K)]
  0x000001946467f100 JavaThread "Compiler Source File Reader" daemon [_thread_blocked, id=16416, stack(0x0000003f0ca00000,0x0000003f0cb00000) (1024K)]
  0x0000019464682c10 JavaThread "Compiler Source File Reader" daemon [_thread_blocked, id=23544, stack(0x0000003f0cb00000,0x0000003f0cc00000) (1024K)]
  0x00000194646832a0 JavaThread "Compiler Source File Reader" daemon [_thread_blocked, id=23864, stack(0x0000003f0cc00000,0x0000003f0cd00000) (1024K)]
  0x000001946467fe20 JavaThread "Compiler Source File Reader" daemon [_thread_blocked, id=17564, stack(0x0000003f0cd00000,0x0000003f0ce00000) (1024K)]
  0x0000019464683930 JavaThread "Compiler Source File Reader" daemon [_thread_blocked, id=16068, stack(0x0000003f0ce00000,0x0000003f0cf00000) (1024K)]
  0x00000194646804b0 JavaThread "Compiler Source File Reader" daemon [_thread_blocked, id=4948, stack(0x0000003f0cf00000,0x0000003f0d000000) (1024K)]
  0x0000019464683fc0 JavaThread "Compiler Source File Reader" daemon [_thread_blocked, id=16596, stack(0x0000003f0d000000,0x0000003f0d100000) (1024K)]
  0x0000019464684650 JavaThread "Compiler Source File Reader" daemon [_thread_blocked, id=23740, stack(0x0000003f0d100000,0x0000003f0d200000) (1024K)]
  0x0000019464685a00 JavaThread "Compiler Source File Reader" daemon [_thread_blocked, id=12940, stack(0x0000003f0d200000,0x0000003f0d300000) (1024K)]
  0x0000019464684ce0 JavaThread "Compiler Source File Reader" daemon [_thread_blocked, id=8224, stack(0x0000003f0d300000,0x0000003f0d400000) (1024K)]
  0x0000019464686720 JavaThread "Compiler Source File Reader" daemon [_thread_blocked, id=23840, stack(0x0000003f0d400000,0x0000003f0d500000) (1024K)]
  0x0000019464686090 JavaThread "Compiler Source File Reader" daemon [_thread_blocked, id=16800, stack(0x0000003f0d500000,0x0000003f0d600000) (1024K)]
  0x0000019464685370 JavaThread "Compiler Source File Reader" daemon [_thread_blocked, id=4952, stack(0x0000003f0d600000,0x0000003f0d700000) (1024K)]
  0x0000019460aad840 JavaThread "Compiler Source File Reader" daemon [_thread_blocked, id=15088, stack(0x0000003f0d700000,0x0000003f0d800000) (1024K)]
  0x0000019460aad1b0 JavaThread "Compiler Processing Task"   daemon [_thread_blocked, id=11184, stack(0x0000003f09400000,0x0000003f09500000) (1024K)]
  0x0000019460aac490 JavaThread "Compiler Class File Writer" daemon [_thread_blocked, id=2540, stack(0x0000003f0d800000,0x0000003f0d900000) (1024K)]
  0x0000019460aabe00 JavaThread "Compiler Class File Writer" daemon [_thread_blocked, id=10596, stack(0x0000003f0d900000,0x0000003f0da00000) (1024K)]
  0x0000019460aab770 JavaThread "Compiler Class File Writer" daemon [_thread_blocked, id=19892, stack(0x0000003f0da00000,0x0000003f0db00000) (1024K)]
  0x0000019460aaded0 JavaThread "Compiler Class File Writer" daemon [_thread_blocked, id=14252, stack(0x0000003f0db00000,0x0000003f0dc00000) (1024K)]
  0x0000019460aacb20 JavaThread "Compiler Class File Writer" daemon [_thread_blocked, id=8924, stack(0x0000003f0dc00000,0x0000003f0dd00000) (1024K)]
  0x0000019460aae560 JavaThread "Compiler Class File Writer" daemon [_thread_blocked, id=19820, stack(0x0000003f0dd00000,0x0000003f0de00000) (1024K)]
  0x0000019460aab0e0 JavaThread "Compiler Class File Writer" daemon [_thread_blocked, id=24320, stack(0x0000003f0de00000,0x0000003f0df00000) (1024K)]
  0x0000019460aaebf0 JavaThread "Compiler Class File Writer" daemon [_thread_blocked, id=10592, stack(0x0000003f0df00000,0x0000003f0e000000) (1024K)]
  0x0000019460aaf280 JavaThread "Compiler Class File Writer" daemon [_thread_blocked, id=19976, stack(0x0000003f0e000000,0x0000003f0e100000) (1024K)]
  0x0000019460ab1350 JavaThread "Compiler Class File Writer" daemon [_thread_blocked, id=21744, stack(0x0000003f0e100000,0x0000003f0e200000) (1024K)]
  0x0000019460ab19e0 JavaThread "Compiler Class File Writer" daemon [_thread_blocked, id=19188, stack(0x0000003f0e200000,0x0000003f0e300000) (1024K)]
  0x0000019460ab0630 JavaThread "Compiler Class File Writer" daemon [_thread_blocked, id=4076, stack(0x0000003f0e300000,0x0000003f0e400000) (1024K)]
  0x0000019460aaffa0 JavaThread "Compiler Class File Writer" daemon [_thread_blocked, id=19980, stack(0x0000003f0e400000,0x0000003f0e500000) (1024K)]
  0x0000019460aaf910 JavaThread "Compiler Class File Writer" daemon [_thread_blocked, id=20764, stack(0x0000003f0e500000,0x0000003f0e600000) (1024K)]
  0x00000194600108b0 JavaThread "C1 CompilerThread1"         daemon [_thread_blocked, id=20876, stack(0x0000003f07f00000,0x0000003f08000000) (1024K)]
  0x000001946000f440 JavaThread "C1 CompilerThread2"         daemon [_thread_blocked, id=5600, stack(0x0000003f08000000,0x0000003f08100000) (1024K)]
  0x000001946000fb10 JavaThread "C1 CompilerThread3"         daemon [_thread_blocked, id=13288, stack(0x0000003f08200000,0x0000003f08300000) (1024K)]
Total: 99

Other Threads:
  0x000001947d1a32d0 VMThread "VM Thread"                           [id=23448, stack(0x0000003f07500000,0x0000003f07600000) (1024K)]
  0x000001947b99ca00 WatcherThread "VM Periodic Task Thread"        [id=21488, stack(0x0000003f07400000,0x0000003f07500000) (1024K)]
  0x00000194766eb9f0 WorkerThread "GC Thread#0"                     [id=24560, stack(0x0000003f07300000,0x0000003f07400000) (1024K)]
  0x000001945424f1b0 WorkerThread "GC Thread#1"                     [id=9692, stack(0x0000003f08600000,0x0000003f08700000) (1024K)]
  0x000001945421f4c0 WorkerThread "GC Thread#2"                     [id=13016, stack(0x0000003f08700000,0x0000003f08800000) (1024K)]
  0x000001945424f550 WorkerThread "GC Thread#3"                     [id=3856, stack(0x0000003f08800000,0x0000003f08900000) (1024K)]
  0x000001945424f8f0 WorkerThread "GC Thread#4"                     [id=22124, stack(0x0000003f08900000,0x0000003f08a00000) (1024K)]
  0x000001945424fc90 WorkerThread "GC Thread#5"                     [id=20804, stack(0x0000003f08a00000,0x0000003f08b00000) (1024K)]
  0x000001947ebc0900 WorkerThread "GC Thread#6"                     [id=17552, stack(0x0000003f08c00000,0x0000003f08d00000) (1024K)]
  0x0000019454023270 WorkerThread "GC Thread#7"                     [id=9336, stack(0x0000003f08d00000,0x0000003f08e00000) (1024K)]
  0x000001945440e660 WorkerThread "GC Thread#8"                     [id=18008, stack(0x0000003f09200000,0x0000003f09300000) (1024K)]
  0x0000019454aca460 WorkerThread "GC Thread#9"                     [id=16508, stack(0x0000003f09300000,0x0000003f09400000) (1024K)]
  0x0000019454acba20 WorkerThread "GC Thread#10"                    [id=24204, stack(0x0000003f09500000,0x0000003f09600000) (1024K)]
  0x0000019454acb680 WorkerThread "GC Thread#11"                    [id=1312, stack(0x0000003f09600000,0x0000003f09700000) (1024K)]
  0x0000019454aca800 WorkerThread "GC Thread#12"                    [id=14692, stack(0x0000003f09700000,0x0000003f09800000) (1024K)]
Total: 15

Threads with active compile tasks:
C2 CompilerThread0  11283 13857       4       com.google.inject.internal.InternalContext::close (38 bytes)
C2 CompilerThread1  11284 13787       4       org.eclipse.aether.util.graph.transformer.ConflictResolver$State::pop (76 bytes)
C2 CompilerThread2  11284 13164   !   4       org.codehaus.plexus.interpolation.StringSearchInterpolator::interpolate (668 bytes)
C2 CompilerThread3  11284 13771       4       org.eclipse.aether.util.graph.transformer.ConflictResolver::gatherConflictItems (111 bytes)
C2 CompilerThread4  11284 13879 %     4       java.util.concurrent.ConcurrentHashMap::putAll @ 22 (63 bytes)
C2 CompilerThread5  11284 13469       4       org.apache.maven.model.merge.ModelMerger$MergingList::mergeAll (348 bytes)
C2 CompilerThread6  11284 13818       4       org.eclipse.jdt.internal.core.index.DiskIndex::writeDocumentNumbers (384 bytes)
C2 CompilerThread7  11285 13855       4       com.google.inject.internal.InjectorImpl::enterContext (65 bytes)
Total: 8

VM state: synchronizing (normal execution)

VM Mutex/Monitor currently owned by a thread:  ([mutex/lock_event])
[0x00007ffb2fc7e380] Threads_lock - owner thread: 0x000001947d1a32d0
[0x00007ffb2fc7e480] Heap_lock - owner thread: 0x0000019454ab3ac0

Heap address: 0x00000000c0000000, size: 1024 MB, Compressed Oops mode: 32-bit

CDS archive(s) mapped at: [0x000001940f000000-0x000001940fba0000-0x000001940fba0000), size 12189696, SharedBaseAddress: 0x000001940f000000, ArchiveRelocationMode: 1.
Compressed class space mapped at: 0x0000019410000000-0x0000019450000000, reserved size: 1073741824
Narrow klass base: 0x000001940f000000, Narrow klass shift: 0, Narrow klass range: 0x100000000

GC Precious Log:
 CardTable entry size: 512
 CPUs: 16 total, 16 available
 Memory: 15752M
 Large Page Support: Disabled
 NUMA Support: Disabled
 Compressed Oops: Enabled (32-bit)
 Alignments: Space 512K, Generation 512K, Heap 2M
 Heap Min Capacity: 100M
 Heap Initial Capacity: 100M
 Heap Max Capacity: 1G
 Pre-touch: Disabled
 Parallel Workers: 13

Heap:
 PSYoungGen      total 5120K, used 4800K [0x00000000eab00000, 0x00000000eb100000, 0x0000000100000000)
  eden space 4096K, 100% used [0x00000000eab00000,0x00000000eaf00000,0x00000000eaf00000)
  from space 1024K, 68% used [0x00000000eaf00000,0x00000000eafb0000,0x00000000eb000000)
  to   space 1024K, 0% used [0x00000000eb000000,0x00000000eb000000,0x00000000eb100000)
 ParOldGen       total 428032K, used 427899K [0x00000000c0000000, 0x00000000da200000, 0x00000000eab00000)
  object space 428032K, 99% used [0x00000000c0000000,0x00000000da1dee58,0x00000000da200000)
 Metaspace       used 63591K, committed 65024K, reserved 1114112K
  class space    used 6267K, committed 6912K, reserved 1048576K

Card table byte_map: [0x0000019476070000,0x0000019476280000] _byte_map_base: 0x0000019475a70000

Marking Bits: (ParMarkBitMap*) 0x00007ffb2fc83260
 Begin Bits: [0x00000194798c0000, 0x000001947a8c0000)
 End Bits:   [0x000001947a8c0000, 0x000001947b8c0000)

Polling page: 0x0000019474520000

Metaspace:

Usage:
  Non-class:     55.98 MB used.
      Class:      6.12 MB used.
       Both:     62.10 MB used.

Virtual space:
  Non-class space:       64.00 MB reserved,      56.75 MB ( 89%) committed,  1 nodes.
      Class space:        1.00 GB reserved,       6.75 MB ( <1%) committed,  1 nodes.
             Both:        1.06 GB reserved,      63.50 MB (  6%) committed. 

Chunk freelists:
   Non-Class:  6.71 MB
       Class:  9.28 MB
        Both:  16.00 MB

MaxMetaspaceSize: unlimited
CompressedClassSpaceSize: 1.00 GB
Initial GC threshold: 21.00 MB
Current GC threshold: 97.31 MB
CDS: on
 - commit_granule_bytes: 65536.
 - commit_granule_words: 8192.
 - virtual_space_node_default_size: 8388608.
 - enlarge_chunks_in_place: 1.
 - use_allocation_guard: 0.


Internal statistics:

num_allocs_failed_limit: 9.
num_arena_births: 1246.
num_arena_deaths: 14.
num_vsnodes_births: 2.
num_vsnodes_deaths: 0.
num_space_committed: 1015.
num_space_uncommitted: 0.
num_chunks_returned_to_freelist: 23.
num_chunks_taken_from_freelist: 4237.
num_chunk_merges: 14.
num_chunk_splits: 2601.
num_chunks_enlarged: 1462.
num_inconsistent_stats: 0.

CodeHeap 'non-profiled nmethods': size=119168Kb used=10485Kb max_used=10485Kb free=108682Kb
 bounds [0x0000019407ba0000, 0x00000194085e0000, 0x000001940f000000]
CodeHeap 'profiled nmethods': size=119104Kb used=32169Kb max_used=32169Kb free=86934Kb
 bounds [0x0000019400000000, 0x0000019401f70000, 0x0000019407450000]
CodeHeap 'non-nmethods': size=7488Kb used=3147Kb max_used=3214Kb free=4341Kb
 bounds [0x0000019407450000, 0x0000019407780000, 0x0000019407ba0000]
 total_blobs=13740 nmethods=12997 adapters=643
 compilation: enabled
              stopped_count=0, restarted_count=0
 full_count=0

Compilation events (20 events):
Event: 10.222 Thread 0x000001947d1c5df0 13697       4       org.apache.maven.model.merge.MavenModelMerger::getPluginKey (5 bytes)
Event: 10.224 Thread 0x000001947d322f20 13280   !   4       org.codehaus.plexus.interpolation.reflection.ClassMap::findMethod (107 bytes)
Event: 10.225 Thread 0x00000194565fa550 nmethod 13772 0x00000194085c0790 code [0x00000194085c0c80, 0x00000194085c3978]
Event: 10.227 Thread 0x00000194565fa550 13281       4       org.codehaus.plexus.interpolation.reflection.ClassMap::makeMethodKey (75 bytes)
Event: 10.227 Thread 0x00000194565fa550 nmethod 13281 0x00000194085c5e90 code [0x00000194085c6020, 0x00000194085c60c8]
Event: 10.227 Thread 0x00000194565fa550 13273       4       org.apache.maven.model.merge.ModelMerger$DependencyKeyComputer::key (9 bytes)
Event: 10.228 Thread 0x000001947d1c5df0 nmethod 13697 0x00000194085c6190 code [0x00000194085c6340, 0x00000194085c6810]
Event: 10.228 Thread 0x000001947d1c5df0 13377  s    4       java.util.Stack::pop (19 bytes)
Event: 10.231 Thread 0x000001947d1c5df0 nmethod 13377 0x00000194085c6990 code [0x00000194085c6b40, 0x00000194085c6e30]
Event: 10.232 Thread 0x000001947d1c5df0 13376  s    4       java.util.Vector::removeElementAt (115 bytes)
Event: 10.232 Thread 0x00000194561b5a10 nmethod 13429 0x00000194085c7090 code [0x00000194085c72a0, 0x00000194085c7fa8]
Event: 10.233 Thread 0x00000194561b5a10 13785       4       org.eclipse.aether.util.graph.transformer.ConflictResolver$State::deriveScope (83 bytes)
Event: 10.234 Thread 0x000001947d1c5df0 nmethod 13376 0x00000194085c8710 code [0x00000194085c88a0, 0x00000194085c8b40]
Event: 10.234 Thread 0x000001947d1c5df0 13786       4       org.eclipse.aether.util.graph.transformer.ConflictResolver$State::deriveOptional (101 bytes)
Event: 10.234 Thread 0x000001947d322f20 nmethod 13280 0x00000194085c8c90 code [0x00000194085c8ec0, 0x00000194085c98f8]
Event: 10.234 Thread 0x000001947d322f20 13787       4       org.eclipse.aether.util.graph.transformer.ConflictResolver$State::pop (76 bytes)
Event: 10.237 Thread 0x00000194565fa550 nmethod 13273 0x00000194085c9f10 code [0x00000194085ca140, 0x00000194085ca818]
Event: 10.237 Thread 0x00000194565fa550 13661       4       org.codehaus.plexus.util.StringUtils::isNotEmpty (17 bytes)
Event: 10.238 Thread 0x00000194565fa550 nmethod 13661 0x00000194085cac90 code [0x00000194085cae20, 0x00000194085caec8]
Event: 10.238 Thread 0x00000194565fa550 13648       4       org.apache.maven.model.merge.ModelMerger::merge (15 bytes)

GC Heap History (20 events):
Event: 10.167 GC heap after
{Heap after GC invocations=614 (full 3):
 PSYoungGen      total 2560K, used 480K [0x00000000eab00000, 0x00000000eaf80000, 0x0000000100000000)
  eden space 2048K, 0% used [0x00000000eab00000,0x00000000eab00000,0x00000000ead00000)
  from space 512K, 93% used [0x00000000ead00000,0x00000000ead78008,0x00000000ead80000)
  to   space 1024K, 0% used [0x00000000eae80000,0x00000000eae80000,0x00000000eaf80000)
 ParOldGen       total 422400K, used 422273K [0x00000000c0000000, 0x00000000d9c80000, 0x00000000eab00000)
  object space 422400K, 99% used [0x00000000c0000000,0x00000000d9c60498,0x00000000d9c80000)
 Metaspace       used 63521K, committed 64960K, reserved 1114112K
  class space    used 6257K, committed 6912K, reserved 1048576K
}
Event: 10.171 GC heap before
{Heap before GC invocations=615 (full 3):
 PSYoungGen      total 2560K, used 2528K [0x00000000eab00000, 0x00000000eaf80000, 0x0000000100000000)
  eden space 2048K, 100% used [0x00000000eab00000,0x00000000ead00000,0x00000000ead00000)
  from space 512K, 93% used [0x00000000ead00000,0x00000000ead78008,0x00000000ead80000)
  to   space 1024K, 0% used [0x00000000eae80000,0x00000000eae80000,0x00000000eaf80000)
 ParOldGen       total 422400K, used 422273K [0x00000000c0000000, 0x00000000d9c80000, 0x00000000eab00000)
  object space 422400K, 99% used [0x00000000c0000000,0x00000000d9c60498,0x00000000d9c80000)
 Metaspace       used 63521K, committed 64960K, reserved 1114112K
  class space    used 6257K, committed 6912K, reserved 1048576K
}
Event: 10.172 GC heap after
{Heap after GC invocations=615 (full 3):
 PSYoungGen      total 2560K, used 416K [0x00000000eab00000, 0x00000000eaf00000, 0x0000000100000000)
  eden space 2048K, 0% used [0x00000000eab00000,0x00000000eab00000,0x00000000ead00000)
  from space 512K, 81% used [0x00000000eae80000,0x00000000eaee8000,0x00000000eaf00000)
  to   space 1024K, 0% used [0x00000000ead00000,0x00000000ead00000,0x00000000eae00000)
 ParOldGen       total 422912K, used 422501K [0x00000000c0000000, 0x00000000d9d00000, 0x00000000eab00000)
  object space 422912K, 99% used [0x00000000c0000000,0x00000000d9c99498,0x00000000d9d00000)
 Metaspace       used 63521K, committed 64960K, reserved 1114112K
  class space    used 6257K, committed 6912K, reserved 1048576K
}
Event: 10.175 GC heap before
{Heap before GC invocations=616 (full 3):
 PSYoungGen      total 2560K, used 2451K [0x00000000eab00000, 0x00000000eaf00000, 0x0000000100000000)
  eden space 2048K, 99% used [0x00000000eab00000,0x00000000eacfcf60,0x00000000ead00000)
  from space 512K, 81% used [0x00000000eae80000,0x00000000eaee8000,0x00000000eaf00000)
  to   space 1024K, 0% used [0x00000000ead00000,0x00000000ead00000,0x00000000eae00000)
 ParOldGen       total 422912K, used 422501K [0x00000000c0000000, 0x00000000d9d00000, 0x00000000eab00000)
  object space 422912K, 99% used [0x00000000c0000000,0x00000000d9c99498,0x00000000d9d00000)
 Metaspace       used 63521K, committed 64960K, reserved 1114112K
  class space    used 6257K, committed 6912K, reserved 1048576K
}
Event: 10.176 GC heap after
{Heap after GC invocations=616 (full 3):
 PSYoungGen      total 3072K, used 544K [0x00000000eab00000, 0x00000000eaf00000, 0x0000000100000000)
  eden space 2048K, 0% used [0x00000000eab00000,0x00000000eab00000,0x00000000ead00000)
  from space 1024K, 53% used [0x00000000ead00000,0x00000000ead88000,0x00000000eae00000)
  to   space 1024K, 0% used [0x00000000eae00000,0x00000000eae00000,0x00000000eaf00000)
 ParOldGen       total 422912K, used 422789K [0x00000000c0000000, 0x00000000d9d00000, 0x00000000eab00000)
  object space 422912K, 99% used [0x00000000c0000000,0x00000000d9ce1498,0x00000000d9d00000)
 Metaspace       used 63521K, committed 64960K, reserved 1114112K
  class space    used 6257K, committed 6912K, reserved 1048576K
}
Event: 10.179 GC heap before
{Heap before GC invocations=617 (full 3):
 PSYoungGen      total 3072K, used 2592K [0x00000000eab00000, 0x00000000eaf00000, 0x0000000100000000)
  eden space 2048K, 100% used [0x00000000eab00000,0x00000000ead00000,0x00000000ead00000)
  from space 1024K, 53% used [0x00000000ead00000,0x00000000ead88000,0x00000000eae00000)
  to   space 1024K, 0% used [0x00000000eae00000,0x00000000eae00000,0x00000000eaf00000)
 ParOldGen       total 422912K, used 422789K [0x00000000c0000000, 0x00000000d9d00000, 0x00000000eab00000)
  object space 422912K, 99% used [0x00000000c0000000,0x00000000d9ce1498,0x00000000d9d00000)
 Metaspace       used 63521K, committed 64960K, reserved 1114112K
  class space    used 6257K, committed 6912K, reserved 1048576K
}
Event: 10.180 GC heap after
{Heap after GC invocations=617 (full 3):
 PSYoungGen      total 3072K, used 576K [0x00000000eab00000, 0x00000000eaf00000, 0x0000000100000000)
  eden space 2048K, 0% used [0x00000000eab00000,0x00000000eab00000,0x00000000ead00000)
  from space 1024K, 56% used [0x00000000eae00000,0x00000000eae90000,0x00000000eaf00000)
  to   space 1024K, 0% used [0x00000000ead00000,0x00000000ead00000,0x00000000eae00000)
 ParOldGen       total 423424K, used 423061K [0x00000000c0000000, 0x00000000d9d80000, 0x00000000eab00000)
  object space 423424K, 99% used [0x00000000c0000000,0x00000000d9d25498,0x00000000d9d80000)
 Metaspace       used 63521K, committed 64960K, reserved 1114112K
  class space    used 6257K, committed 6912K, reserved 1048576K
}
Event: 10.183 GC heap before
{Heap before GC invocations=618 (full 3):
 PSYoungGen      total 3072K, used 2624K [0x00000000eab00000, 0x00000000eaf00000, 0x0000000100000000)
  eden space 2048K, 100% used [0x00000000eab00000,0x00000000ead00000,0x00000000ead00000)
  from space 1024K, 56% used [0x00000000eae00000,0x00000000eae90000,0x00000000eaf00000)
  to   space 1024K, 0% used [0x00000000ead00000,0x00000000ead00000,0x00000000eae00000)
 ParOldGen       total 423424K, used 423061K [0x00000000c0000000, 0x00000000d9d80000, 0x00000000eab00000)
  object space 423424K, 99% used [0x00000000c0000000,0x00000000d9d25498,0x00000000d9d80000)
 Metaspace       used 63521K, committed 64960K, reserved 1114112K
  class space    used 6257K, committed 6912K, reserved 1048576K
}
Event: 10.184 GC heap after
{Heap after GC invocations=618 (full 3):
 PSYoungGen      total 3072K, used 448K [0x00000000eab00000, 0x00000000eae80000, 0x0000000100000000)
  eden space 2048K, 0% used [0x00000000eab00000,0x00000000eab00000,0x00000000ead00000)
  from space 1024K, 43% used [0x00000000ead00000,0x00000000ead70000,0x00000000eae00000)
  to   space 512K, 0% used [0x00000000eae00000,0x00000000eae00000,0x00000000eae80000)
 ParOldGen       total 423424K, used 423384K [0x00000000c0000000, 0x00000000d9d80000, 0x00000000eab00000)
  object space 423424K, 99% used [0x00000000c0000000,0x00000000d9d760a0,0x00000000d9d80000)
 Metaspace       used 63521K, committed 64960K, reserved 1114112K
  class space    used 6257K, committed 6912K, reserved 1048576K
}
Event: 10.186 GC heap before
{Heap before GC invocations=619 (full 3):
 PSYoungGen      total 3072K, used 2496K [0x00000000eab00000, 0x00000000eae80000, 0x0000000100000000)
  eden space 2048K, 100% used [0x00000000eab00000,0x00000000ead00000,0x00000000ead00000)
  from space 1024K, 43% used [0x00000000ead00000,0x00000000ead70000,0x00000000eae00000)
  to   space 512K, 0% used [0x00000000eae00000,0x00000000eae00000,0x00000000eae80000)
 ParOldGen       total 423424K, used 423384K [0x00000000c0000000, 0x00000000d9d80000, 0x00000000eab00000)
  object space 423424K, 99% used [0x00000000c0000000,0x00000000d9d760a0,0x00000000d9d80000)
 Metaspace       used 63521K, committed 64960K, reserved 1114112K
  class space    used 6257K, committed 6912K, reserved 1048576K
}
Event: 10.187 GC heap after
{Heap after GC invocations=619 (full 3):
 PSYoungGen      total 2560K, used 488K [0x00000000eab00000, 0x00000000eae80000, 0x0000000100000000)
  eden space 2048K, 0% used [0x00000000eab00000,0x00000000eab00000,0x00000000ead00000)
  from space 512K, 95% used [0x00000000eae00000,0x00000000eae7a358,0x00000000eae80000)
  to   space 512K, 0% used [0x00000000ead80000,0x00000000ead80000,0x00000000eae00000)
 ParOldGen       total 423936K, used 423680K [0x00000000c0000000, 0x00000000d9e00000, 0x00000000eab00000)
  object space 423936K, 99% used [0x00000000c0000000,0x00000000d9dc00a0,0x00000000d9e00000)
 Metaspace       used 63521K, committed 64960K, reserved 1114112K
  class space    used 6257K, committed 6912K, reserved 1048576K
}
Event: 10.194 GC heap before
{Heap before GC invocations=620 (full 3):
 PSYoungGen      total 2560K, used 2536K [0x00000000eab00000, 0x00000000eae80000, 0x0000000100000000)
  eden space 2048K, 100% used [0x00000000eab00000,0x00000000ead00000,0x00000000ead00000)
  from space 512K, 95% used [0x00000000eae00000,0x00000000eae7a358,0x00000000eae80000)
  to   space 512K, 0% used [0x00000000ead80000,0x00000000ead80000,0x00000000eae00000)
 ParOldGen       total 423936K, used 423680K [0x00000000c0000000, 0x00000000d9e00000, 0x00000000eab00000)
  object space 423936K, 99% used [0x00000000c0000000,0x00000000d9dc00a0,0x00000000d9e00000)
 Metaspace       used 63539K, committed 64960K, reserved 1114112K
  class space    used 6257K, committed 6912K, reserved 1048576K
}
Event: 10.195 GC heap after
{Heap after GC invocations=620 (full 3):
 PSYoungGen      total 2560K, used 502K [0x00000000eab00000, 0x00000000eaf00000, 0x0000000100000000)
  eden space 2048K, 0% used [0x00000000eab00000,0x00000000eab00000,0x00000000ead00000)
  from space 512K, 98% used [0x00000000ead80000,0x00000000eadfd808,0x00000000eae00000)
  to   space 1024K, 0% used [0x00000000eae00000,0x00000000eae00000,0x00000000eaf00000)
 ParOldGen       total 424448K, used 424050K [0x00000000c0000000, 0x00000000d9e80000, 0x00000000eab00000)
  object space 424448K, 99% used [0x00000000c0000000,0x00000000d9e1caa0,0x00000000d9e80000)
 Metaspace       used 63539K, committed 64960K, reserved 1114112K
  class space    used 6257K, committed 6912K, reserved 1048576K
}
Event: 10.226 GC heap before
{Heap before GC invocations=621 (full 3):
 PSYoungGen      total 2560K, used 2550K [0x00000000eab00000, 0x00000000eaf00000, 0x0000000100000000)
  eden space 2048K, 100% used [0x00000000eab00000,0x00000000ead00000,0x00000000ead00000)
  from space 512K, 98% used [0x00000000ead80000,0x00000000eadfd808,0x00000000eae00000)
  to   space 1024K, 0% used [0x00000000eae00000,0x00000000eae00000,0x00000000eaf00000)
 ParOldGen       total 424448K, used 424050K [0x00000000c0000000, 0x00000000d9e80000, 0x00000000eab00000)
  object space 424448K, 99% used [0x00000000c0000000,0x00000000d9e1caa0,0x00000000d9e80000)
 Metaspace       used 63558K, committed 65024K, reserved 1114112K
  class space    used 6257K, committed 6912K, reserved 1048576K
}
Event: 10.227 GC heap after
{Heap after GC invocations=621 (full 3):
 PSYoungGen      total 3072K, used 561K [0x00000000eab00000, 0x00000000eaf00000, 0x0000000100000000)
  eden space 2048K, 0% used [0x00000000eab00000,0x00000000eab00000,0x00000000ead00000)
  from space 1024K, 54% used [0x00000000eae00000,0x00000000eae8c710,0x00000000eaf00000)
  to   space 1024K, 0% used [0x00000000ead00000,0x00000000ead00000,0x00000000eae00000)
 ParOldGen       total 424448K, used 424360K [0x00000000c0000000, 0x00000000d9e80000, 0x00000000eab00000)
  object space 424448K, 99% used [0x00000000c0000000,0x00000000d9e6a2a8,0x00000000d9e80000)
 Metaspace       used 63558K, committed 65024K, reserved 1114112K
  class space    used 6257K, committed 6912K, reserved 1048576K
}
Event: 10.230 GC heap before
{Heap before GC invocations=622 (full 3):
 PSYoungGen      total 3072K, used 2609K [0x00000000eab00000, 0x00000000eaf00000, 0x0000000100000000)
  eden space 2048K, 100% used [0x00000000eab00000,0x00000000ead00000,0x00000000ead00000)
  from space 1024K, 54% used [0x00000000eae00000,0x00000000eae8c710,0x00000000eaf00000)
  to   space 1024K, 0% used [0x00000000ead00000,0x00000000ead00000,0x00000000eae00000)
 ParOldGen       total 424448K, used 424360K [0x00000000c0000000, 0x00000000d9e80000, 0x00000000eab00000)
  object space 424448K, 99% used [0x00000000c0000000,0x00000000d9e6a2a8,0x00000000d9e80000)
 Metaspace       used 63558K, committed 65024K, reserved 1114112K
  class space    used 6257K, committed 6912K, reserved 1048576K
}
Event: 10.231 GC heap after
{Heap after GC invocations=622 (full 3):
 PSYoungGen      total 3072K, used 544K [0x00000000eab00000, 0x00000000eaf00000, 0x0000000100000000)
  eden space 2048K, 0% used [0x00000000eab00000,0x00000000eab00000,0x00000000ead00000)
  from space 1024K, 53% used [0x00000000ead00000,0x00000000ead88000,0x00000000eae00000)
  to   space 1024K, 0% used [0x00000000eae00000,0x00000000eae00000,0x00000000eaf00000)
 ParOldGen       total 424960K, used 424730K [0x00000000c0000000, 0x00000000d9f00000, 0x00000000eab00000)
  object space 424960K, 99% used [0x00000000c0000000,0x00000000d9ec6a48,0x00000000d9f00000)
 Metaspace       used 63558K, committed 65024K, reserved 1114112K
  class space    used 6257K, committed 6912K, reserved 1048576K
}
Event: 10.235 GC heap before
{Heap before GC invocations=623 (full 3):
 PSYoungGen      total 3072K, used 2580K [0x00000000eab00000, 0x00000000eaf00000, 0x0000000100000000)
  eden space 2048K, 99% used [0x00000000eab00000,0x00000000eacfd0d8,0x00000000ead00000)
  from space 1024K, 53% used [0x00000000ead00000,0x00000000ead88000,0x00000000eae00000)
  to   space 1024K, 0% used [0x00000000eae00000,0x00000000eae00000,0x00000000eaf00000)
 ParOldGen       total 424960K, used 424730K [0x00000000c0000000, 0x00000000d9f00000, 0x00000000eab00000)
  object space 424960K, 99% used [0x00000000c0000000,0x00000000d9ec6a48,0x00000000d9f00000)
 Metaspace       used 63558K, committed 65024K, reserved 1114112K
  class space    used 6257K, committed 6912K, reserved 1048576K
}
Event: 10.236 GC heap after
{Heap after GC invocations=623 (full 3):
 PSYoungGen      total 3072K, used 608K [0x00000000eab00000, 0x00000000eaf00000, 0x0000000100000000)
  eden space 2048K, 0% used [0x00000000eab00000,0x00000000eab00000,0x00000000ead00000)
  from space 1024K, 59% used [0x00000000eae00000,0x00000000eae98000,0x00000000eaf00000)
  to   space 1024K, 0% used [0x00000000ead00000,0x00000000ead00000,0x00000000eae00000)
 ParOldGen       total 425472K, used 425130K [0x00000000c0000000, 0x00000000d9f80000, 0x00000000eab00000)
  object space 425472K, 99% used [0x00000000c0000000,0x00000000d9f2aa48,0x00000000d9f80000)
 Metaspace       used 63558K, committed 65024K, reserved 1114112K
  class space    used 6257K, committed 6912K, reserved 1048576K
}
Event: 10.239 GC heap before
{Heap before GC invocations=624 (full 3):
 PSYoungGen      total 3072K, used 2645K [0x00000000eab00000, 0x00000000eaf00000, 0x0000000100000000)
  eden space 2048K, 99% used [0x00000000eab00000,0x00000000eacfd5c8,0x00000000ead00000)
  from space 1024K, 59% used [0x00000000eae00000,0x00000000eae98000,0x00000000eaf00000)
  to   space 1024K, 0% used [0x00000000ead00000,0x00000000ead00000,0x00000000eae00000)
 ParOldGen       total 425472K, used 425130K [0x00000000c0000000, 0x00000000d9f80000, 0x00000000eab00000)
  object space 425472K, 99% used [0x00000000c0000000,0x00000000d9f2aa48,0x00000000d9f80000)
 Metaspace       used 63558K, committed 65024K, reserved 1114112K
  class space    used 6257K, committed 6912K, reserved 1048576K
}

Dll operation events (10 events):
Event: 0.008 Loaded shared library c:\Users\MSI\.vscode\extensions\redhat.java-1.41.1-win32-x64\jre\21.0.6-win32-x86_64\bin\java.dll
Event: 0.040 Loaded shared library c:\Users\MSI\.vscode\extensions\redhat.java-1.41.1-win32-x64\jre\21.0.6-win32-x86_64\bin\zip.dll
Event: 0.077 Loaded shared library C:\Users\MSI\.vscode\extensions\redhat.java-1.41.1-win32-x64\jre\21.0.6-win32-x86_64\bin\instrument.dll
Event: 0.079 Loaded shared library C:\Users\MSI\.vscode\extensions\redhat.java-1.41.1-win32-x64\jre\21.0.6-win32-x86_64\bin\net.dll
Event: 0.080 Loaded shared library C:\Users\MSI\.vscode\extensions\redhat.java-1.41.1-win32-x64\jre\21.0.6-win32-x86_64\bin\nio.dll
Event: 0.082 Loaded shared library C:\Users\MSI\.vscode\extensions\redhat.java-1.41.1-win32-x64\jre\21.0.6-win32-x86_64\bin\zip.dll
Event: 0.092 Loaded shared library C:\Users\MSI\.vscode\extensions\redhat.java-1.41.1-win32-x64\jre\21.0.6-win32-x86_64\bin\jimage.dll
Event: 0.137 Loaded shared library c:\Users\MSI\.vscode\extensions\redhat.java-1.41.1-win32-x64\jre\21.0.6-win32-x86_64\bin\verify.dll
Event: 0.752 Loaded shared library C:\Users\MSI\AppData\Roaming\Code\User\globalStorage\redhat.java\1.41.1\config_win\org.eclipse.equinox.launcher\org.eclipse.equinox.launcher.win32.win32.x86_64_1.2.1300.v20250331-1702\eclipse_11911.dll
Event: 1.699 Loaded shared library C:\Users\MSI\AppData\Local\Temp\jna-76643\jna3097106892366472408.dll

Deoptimization events (20 events):
Event: 10.099 Thread 0x0000019456168320 Uncommon trap: trap_request=0xffffff45 fr.pc=0x00000194083da384 relative=0x0000000000000244
Event: 10.099 Thread 0x0000019456168320 Uncommon trap: reason=unstable_if action=reinterpret pc=0x00000194083da384 method=java.util.HashMap.getNode(Ljava/lang/Object;)Ljava/util/HashMap$Node; @ 57 c2
Event: 10.099 Thread 0x0000019456168320 DEOPT PACKING pc=0x00000194083da384 sp=0x0000003f0b7fd660
Event: 10.099 Thread 0x0000019456168320 DEOPT UNPACKING pc=0x00000194074a3aa2 sp=0x0000003f0b7fd570 mode 2
Event: 10.099 Thread 0x0000019456168320 Uncommon trap: trap_request=0xffffff45 fr.pc=0x00000194084e937c relative=0x000000000000023c
Event: 10.099 Thread 0x0000019456168320 Uncommon trap: reason=unstable_if action=reinterpret pc=0x00000194084e937c method=java.util.HashMap.getNode(Ljava/lang/Object;)Ljava/util/HashMap$Node; @ 57 c2
Event: 10.099 Thread 0x0000019456168320 DEOPT PACKING pc=0x00000194084e937c sp=0x0000003f0b7fd5f0
Event: 10.099 Thread 0x0000019456168320 DEOPT UNPACKING pc=0x00000194074a3aa2 sp=0x0000003f0b7fd570 mode 2
Event: 10.117 Thread 0x0000019456168320 Uncommon trap: trap_request=0xffffff45 fr.pc=0x0000019408166e40 relative=0x0000000000000120
Event: 10.117 Thread 0x0000019456168320 Uncommon trap: reason=unstable_if action=reinterpret pc=0x0000019408166e40 method=java.util.ArrayDeque.addFirst(Ljava/lang/Object;)V @ 42 c2
Event: 10.117 Thread 0x0000019456168320 DEOPT PACKING pc=0x0000019408166e40 sp=0x0000003f0b7fd590
Event: 10.117 Thread 0x0000019456168320 DEOPT UNPACKING pc=0x00000194074a3aa2 sp=0x0000003f0b7fd4a8 mode 2
Event: 10.117 Thread 0x0000019456168320 Uncommon trap: trap_request=0xffffff45 fr.pc=0x00000194081352c0 relative=0x0000000000000120
Event: 10.117 Thread 0x0000019456168320 Uncommon trap: reason=unstable_if action=reinterpret pc=0x00000194081352c0 method=java.util.ArrayDeque.addFirst(Ljava/lang/Object;)V @ 42 c2
Event: 10.117 Thread 0x0000019456168320 DEOPT PACKING pc=0x00000194081352c0 sp=0x0000003f0b7fd510
Event: 10.117 Thread 0x0000019456168320 DEOPT UNPACKING pc=0x00000194074a3aa2 sp=0x0000003f0b7fd4a0 mode 2
Event: 10.136 Thread 0x0000019456168320 DEOPT PACKING pc=0x00000194010a66a6 sp=0x0000003f0b7fd310
Event: 10.136 Thread 0x0000019456168320 DEOPT UNPACKING pc=0x00000194074a4242 sp=0x0000003f0b7fc800 mode 0
Event: 10.164 Thread 0x0000019456168320 DEOPT PACKING pc=0x00000194010a66a6 sp=0x0000003f0b7fd310
Event: 10.164 Thread 0x0000019456168320 DEOPT UNPACKING pc=0x00000194074a4242 sp=0x0000003f0b7fc800 mode 0

Classes loaded (20 events):
Event: 8.057 Loading class java/util/stream/Nodes$IntFixedNodeBuilder
Event: 8.057 Loading class java/util/stream/Node$Builder$OfInt
Event: 8.058 Loading class java/util/stream/Sink$OfInt
Event: 8.058 Loading class java/util/stream/Sink$OfInt done
Event: 8.058 Loading class java/util/stream/Node$Builder$OfInt done
Event: 8.058 Loading class java/util/stream/Nodes$IntArrayNode
Event: 8.058 Loading class java/util/stream/Nodes$IntArrayNode done
Event: 8.058 Loading class java/util/stream/Nodes$IntFixedNodeBuilder done
Event: 8.059 Loading class java/util/stream/ReferencePipeline$4$1
Event: 8.059 Loading class java/util/stream/ReferencePipeline$4$1 done
Event: 8.277 Loading class sun/nio/fs/WindowsFileCopy
Event: 8.277 Loading class sun/nio/fs/WindowsFileCopy done
Event: 9.056 Loading class jdk/internal/module/IllegalAccessLogger
Event: 9.056 Loading class jdk/internal/module/IllegalAccessLogger done
Event: 9.250 Loading class java/util/stream/IntPipeline$Head
Event: 9.250 Loading class java/util/stream/IntPipeline$Head done
Event: 9.353 Loading class java/util/stream/Streams$RangeIntSpliterator
Event: 9.353 Loading class java/util/stream/Streams$RangeIntSpliterator done
Event: 9.728 Loading class sun/nio/cs/ISO_8859_1$Decoder
Event: 9.729 Loading class sun/nio/cs/ISO_8859_1$Decoder done

Classes unloaded (7 events):
Event: 2.011 Thread 0x000001947d1a32d0 Unloading class 0x000001941019f800 'java/lang/invoke/LambdaForm$MH+0x000001941019f800'
Event: 2.011 Thread 0x000001947d1a32d0 Unloading class 0x000001941019f400 'java/lang/invoke/LambdaForm$MH+0x000001941019f400'
Event: 2.011 Thread 0x000001947d1a32d0 Unloading class 0x000001941019f000 'java/lang/invoke/LambdaForm$MH+0x000001941019f000'
Event: 2.011 Thread 0x000001947d1a32d0 Unloading class 0x000001941019ec00 'java/lang/invoke/LambdaForm$MH+0x000001941019ec00'
Event: 2.011 Thread 0x000001947d1a32d0 Unloading class 0x000001941019e800 'java/lang/invoke/LambdaForm$BMH+0x000001941019e800'
Event: 2.011 Thread 0x000001947d1a32d0 Unloading class 0x000001941019e400 'java/lang/invoke/LambdaForm$DMH+0x000001941019e400'
Event: 2.011 Thread 0x000001947d1a32d0 Unloading class 0x000001941019d400 'java/lang/invoke/LambdaForm$DMH+0x000001941019d400'

Classes redefined (0 events):
No events

Internal exceptions (20 events):
Event: 9.085 Thread 0x0000019456168320 Exception <a 'sun/nio/fs/WindowsException'{0x00000000eac343b0}> (0x00000000eac343b0) 
thrown [s\src\hotspot\share\prims\jni.cpp, line 520]
Event: 9.085 Thread 0x0000019456168320 Exception <a 'sun/nio/fs/WindowsException'{0x00000000eac349e0}> (0x00000000eac349e0) 
thrown [s\src\hotspot\share\prims\jni.cpp, line 520]
Event: 9.113 Thread 0x0000019454ab3ac0 Exception <a 'sun/nio/fs/WindowsException'{0x00000000eab37380}> (0x00000000eab37380) 
thrown [s\src\hotspot\share\prims\jni.cpp, line 520]
Event: 9.138 Thread 0x0000019454ab3ac0 Exception <a 'sun/nio/fs/WindowsException'{0x00000000eabd2170}> (0x00000000eabd2170) 
thrown [s\src\hotspot\share\prims\jni.cpp, line 520]
Event: 9.198 Thread 0x0000019454ab3ac0 Exception <a 'sun/nio/fs/WindowsException'{0x00000000eab68d10}> (0x00000000eab68d10) 
thrown [s\src\hotspot\share\prims\jni.cpp, line 520]
Event: 9.251 Thread 0x0000019456168320 Exception <a 'java/lang/NoSuchMethodError'{0x00000000eab002f0}: 'void java.lang.invoke.DirectMethodHandle$Holder.invokeStatic(java.lang.Object, java.lang.Object, java.lang.Object, int)'> (0x00000000eab002f0) 
thrown [s\src\hotspot\share\interpreter\linkResolver.cpp, line 773]
Event: 9.263 Thread 0x0000019456168320 Exception <a 'java/lang/NoSuchMethodError'{0x00000000eab1b590}: 'void java.lang.invoke.DirectMethodHandle$Holder.invokeVirtual(java.lang.Object, java.lang.Object, int)'> (0x00000000eab1b590) 
thrown [s\src\hotspot\share\interpreter\linkResolver.cpp, line 773]
Event: 9.280 Thread 0x0000019454ab3ac0 Exception <a 'sun/nio/fs/WindowsException'{0x00000000eab2b3b8}> (0x00000000eab2b3b8) 
thrown [s\src\hotspot\share\prims\jni.cpp, line 520]
Event: 9.312 Thread 0x0000019454ab3ac0 Exception <a 'sun/nio/fs/WindowsException'{0x00000000eab61700}> (0x00000000eab61700) 
thrown [s\src\hotspot\share\prims\jni.cpp, line 520]
Event: 9.329 Thread 0x0000019454ab3ac0 Exception <a 'sun/nio/fs/WindowsException'{0x00000000eacbf610}> (0x00000000eacbf610) 
thrown [s\src\hotspot\share\prims\jni.cpp, line 520]
Event: 9.394 Thread 0x0000019454ab3ac0 Exception <a 'sun/nio/fs/WindowsException'{0x00000000eab40688}> (0x00000000eab40688) 
thrown [s\src\hotspot\share\prims\jni.cpp, line 520]
Event: 9.492 Thread 0x0000019454ab3ac0 Exception <a 'sun/nio/fs/WindowsException'{0x00000000eab218f8}> (0x00000000eab218f8) 
thrown [s\src\hotspot\share\prims\jni.cpp, line 520]
Event: 9.594 Thread 0x0000019456168320 Exception <a 'java/lang/NoSuchMethodError'{0x00000000eab133b8}: 'void java.lang.invoke.DirectMethodHandle$Holder.invokeInterface(java.lang.Object, java.lang.Object)'> (0x00000000eab133b8) 
thrown [s\src\hotspot\share\interpreter\linkResolver.cpp, line 773]
Event: 9.598 Thread 0x0000019454ab3ac0 Exception <a 'sun/nio/fs/WindowsException'{0x00000000eab48378}> (0x00000000eab48378) 
thrown [s\src\hotspot\share\prims\jni.cpp, line 520]
Event: 9.690 Thread 0x0000019454ab3ac0 Exception <a 'sun/nio/fs/WindowsException'{0x00000000eae962f8}> (0x00000000eae962f8) 
thrown [s\src\hotspot\share\prims\jni.cpp, line 520]
Event: 9.840 Thread 0x0000019454ab3ac0 Exception <a 'sun/nio/fs/WindowsException'{0x00000000eab02098}> (0x00000000eab02098) 
thrown [s\src\hotspot\share\prims\jni.cpp, line 520]
Event: 9.911 Thread 0x0000019454ab3ac0 Exception <a 'sun/nio/fs/WindowsException'{0x00000000eabf01f0}> (0x00000000eabf01f0) 
thrown [s\src\hotspot\share\prims\jni.cpp, line 520]
Event: 9.976 Thread 0x0000019454ab3ac0 Exception <a 'sun/nio/fs/WindowsException'{0x00000000eabb1710}> (0x00000000eabb1710) 
thrown [s\src\hotspot\share\prims\jni.cpp, line 520]
Event: 10.152 Thread 0x0000019454ab3ac0 Exception <a 'sun/nio/fs/WindowsException'{0x00000000eabf6c80}> (0x00000000eabf6c80) 
thrown [s\src\hotspot\share\prims\jni.cpp, line 520]
Event: 10.212 Thread 0x0000019454ab3ac0 Exception <a 'sun/nio/fs/WindowsException'{0x00000000eab15fa0}> (0x00000000eab15fa0) 
thrown [s\src\hotspot\share\prims\jni.cpp, line 520]

ZGC Phase Switch (0 events):
No events

VM Operations (20 events):
Event: 10.167 Executing VM operation: ParallelGCFailedAllocation (Allocation Failure) done
Event: 10.171 Executing VM operation: ParallelGCFailedAllocation (Allocation Failure)
Event: 10.172 Executing VM operation: ParallelGCFailedAllocation (Allocation Failure) done
Event: 10.175 Executing VM operation: ParallelGCFailedAllocation (Allocation Failure)
Event: 10.176 Executing VM operation: ParallelGCFailedAllocation (Allocation Failure) done
Event: 10.179 Executing VM operation: ParallelGCFailedAllocation (Allocation Failure)
Event: 10.180 Executing VM operation: ParallelGCFailedAllocation (Allocation Failure) done
Event: 10.183 Executing VM operation: ParallelGCFailedAllocation (Allocation Failure)
Event: 10.184 Executing VM operation: ParallelGCFailedAllocation (Allocation Failure) done
Event: 10.186 Executing VM operation: ParallelGCFailedAllocation (Allocation Failure)
Event: 10.187 Executing VM operation: ParallelGCFailedAllocation (Allocation Failure) done
Event: 10.193 Executing VM operation: ParallelGCFailedAllocation (Allocation Failure)
Event: 10.195 Executing VM operation: ParallelGCFailedAllocation (Allocation Failure) done
Event: 10.226 Executing VM operation: ParallelGCFailedAllocation (Allocation Failure)
Event: 10.227 Executing VM operation: ParallelGCFailedAllocation (Allocation Failure) done
Event: 10.230 Executing VM operation: ParallelGCFailedAllocation (Allocation Failure)
Event: 10.231 Executing VM operation: ParallelGCFailedAllocation (Allocation Failure) done
Event: 10.235 Executing VM operation: ParallelGCFailedAllocation (Allocation Failure)
Event: 10.236 Executing VM operation: ParallelGCFailedAllocation (Allocation Failure) done
Event: 10.239 Executing VM operation: ParallelGCFailedAllocation (Allocation Failure)

Memory protections (0 events):
No events

Nmethod flushes (20 events):
Event: 7.667 Thread 0x000001947d1a32d0 flushing  nmethod 0x00000194009ee890
Event: 7.667 Thread 0x000001947d1a32d0 flushing  nmethod 0x00000194009ef110
Event: 7.667 Thread 0x000001947d1a32d0 flushing  nmethod 0x00000194009f0c10
Event: 7.667 Thread 0x000001947d1a32d0 flushing  nmethod 0x0000019400a4f910
Event: 7.667 Thread 0x000001947d1a32d0 flushing  nmethod 0x0000019400a85710
Event: 7.667 Thread 0x000001947d1a32d0 flushing  nmethod 0x0000019400a89d10
Event: 7.667 Thread 0x000001947d1a32d0 flushing  nmethod 0x0000019400ad6390
Event: 7.667 Thread 0x000001947d1a32d0 flushing  nmethod 0x0000019400ad7c90
Event: 7.667 Thread 0x000001947d1a32d0 flushing  nmethod 0x0000019400ad9790
Event: 7.667 Thread 0x000001947d1a32d0 flushing  nmethod 0x0000019400adbf10
Event: 7.667 Thread 0x000001947d1a32d0 flushing  nmethod 0x0000019400ae5110
Event: 7.667 Thread 0x000001947d1a32d0 flushing  nmethod 0x0000019400ae5890
Event: 7.667 Thread 0x000001947d1a32d0 flushing  nmethod 0x0000019400ae5c10
Event: 7.667 Thread 0x000001947d1a32d0 flushing  nmethod 0x0000019400ae5f90
Event: 7.667 Thread 0x000001947d1a32d0 flushing  nmethod 0x0000019400ae6510
Event: 7.667 Thread 0x000001947d1a32d0 flushing  nmethod 0x0000019400af5410
Event: 7.667 Thread 0x000001947d1a32d0 flushing  nmethod 0x0000019400b06990
Event: 7.667 Thread 0x000001947d1a32d0 flushing  nmethod 0x0000019400b22e90
Event: 7.667 Thread 0x000001947d1a32d0 flushing  nmethod 0x0000019400b36990
Event: 7.667 Thread 0x000001947d1a32d0 flushing  nmethod 0x0000019400b36e10

Events (20 events):
Event: 7.949 Thread 0x0000019456168320 Thread added: 0x0000019460aacb20
Event: 7.965 Thread 0x0000019456168320 Thread added: 0x0000019460aae560
Event: 7.968 Thread 0x0000019456168320 Thread added: 0x0000019460aab0e0
Event: 7.971 Thread 0x0000019456168320 Thread added: 0x0000019460aaebf0
Event: 7.998 Thread 0x0000019456168320 Thread added: 0x0000019460aaf280
Event: 8.000 Thread 0x0000019456168320 Thread added: 0x0000019460ab1350
Event: 8.007 Thread 0x0000019456168320 Thread added: 0x0000019460ab19e0
Event: 8.008 Thread 0x0000019456168320 Thread added: 0x0000019460ab0630
Event: 8.008 Thread 0x0000019456168320 Thread added: 0x0000019460aaffa0
Event: 8.008 Thread 0x0000019456168320 Thread added: 0x0000019460aaf910
Event: 9.600 Thread 0x0000019456168320 Thread added: 0x000001947ead4a20
Event: 9.600 Thread 0x0000019456168320 Thread added: 0x000001947ead4390
Event: 9.600 Thread 0x0000019456168320 Thread added: 0x000001947ead2950
Event: 9.601 Thread 0x0000019456168320 Thread added: 0x000001947ead50b0
Event: 9.601 Thread 0x0000019456168320 Thread added: 0x000001947ead22c0
Event: 10.084 Thread 0x000001947ead2950 Thread exited: 0x000001947ead2950
Event: 10.084 Thread 0x000001947ead4a20 Thread exited: 0x000001947ead4a20
Event: 10.084 Thread 0x000001947ead4390 Thread exited: 0x000001947ead4390
Event: 10.084 Thread 0x000001947ead22c0 Thread exited: 0x000001947ead22c0
Event: 10.084 Thread 0x000001947ead50b0 Thread exited: 0x000001947ead50b0


Dynamic libraries:
0x00007ff6c6cd0000 - 0x00007ff6c6cde000 	c:\Users\MSI\.vscode\extensions\redhat.java-1.41.1-win32-x64\jre\21.0.6-win32-x86_64\bin\java.exe
0x00007ffbc58e0000 - 0x00007ffbc5b40000 	C:\WINDOWS\SYSTEM32\ntdll.dll
0x00007ffbc4d10000 - 0x00007ffbc4dd7000 	C:\WINDOWS\System32\KERNEL32.DLL
0x00007ffbc3030000 - 0x00007ffbc33fa000 	C:\WINDOWS\System32\KERNELBASE.dll
0x00007ffbc2b80000 - 0x00007ffbc2ccb000 	C:\WINDOWS\System32\ucrtbase.dll
0x00007ffba3db0000 - 0x00007ffba3dc8000 	c:\Users\MSI\.vscode\extensions\redhat.java-1.41.1-win32-x64\jre\21.0.6-win32-x86_64\bin\jli.dll
0x00007ffba39d0000 - 0x00007ffba39ee000 	c:\Users\MSI\.vscode\extensions\redhat.java-1.41.1-win32-x64\jre\21.0.6-win32-x86_64\bin\VCRUNTIME140.dll
0x00007ffbc3880000 - 0x00007ffbc3a4c000 	C:\WINDOWS\System32\USER32.dll
0x00007ffbadf60000 - 0x00007ffbae1f7000 	C:\WINDOWS\WinSxS\amd64_microsoft.windows.common-controls_6595b64144ccf1df_6.0.26100.3624_none_3e086962e3345f24\COMCTL32.dll
0x00007ffbc2b50000 - 0x00007ffbc2b77000 	C:\WINDOWS\System32\win32u.dll
0x00007ffbc46f0000 - 0x00007ffbc4799000 	C:\WINDOWS\System32\msvcrt.dll
0x00007ffbc4930000 - 0x00007ffbc495a000 	C:\WINDOWS\System32\GDI32.dll
0x00007ffbc2ef0000 - 0x00007ffbc3021000 	C:\WINDOWS\System32\gdi32full.dll
0x00007ffbc2cd0000 - 0x00007ffbc2d73000 	C:\WINDOWS\System32\msvcp_win.dll
0x00007ffbc3a50000 - 0x00007ffbc3a7f000 	C:\WINDOWS\System32\IMM32.DLL
0x00007ffbb62a0000 - 0x00007ffbb62ac000 	c:\Users\MSI\.vscode\extensions\redhat.java-1.41.1-win32-x64\jre\21.0.6-win32-x86_64\bin\vcruntime140_1.dll
0x00007ffb91330000 - 0x00007ffb913bd000 	c:\Users\MSI\.vscode\extensions\redhat.java-1.41.1-win32-x64\jre\21.0.6-win32-x86_64\bin\msvcp140.dll
0x00007ffb2efd0000 - 0x00007ffb2fd60000 	c:\Users\MSI\.vscode\extensions\redhat.java-1.41.1-win32-x64\jre\21.0.6-win32-x86_64\bin\server\jvm.dll
0x00007ffbc47b0000 - 0x00007ffbc4862000 	C:\WINDOWS\System32\ADVAPI32.dll
0x00007ffbc4880000 - 0x00007ffbc4926000 	C:\WINDOWS\System32\sechost.dll
0x00007ffbc4960000 - 0x00007ffbc4a76000 	C:\WINDOWS\System32\RPCRT4.dll
0x00007ffbc3a90000 - 0x00007ffbc3b04000 	C:\WINDOWS\System32\WS2_32.dll
0x00007ffbc2910000 - 0x00007ffbc296e000 	C:\WINDOWS\SYSTEM32\POWRPROF.dll
0x00007ffbbc8e0000 - 0x00007ffbbc916000 	C:\WINDOWS\SYSTEM32\WINMM.dll
0x00007ffbbc920000 - 0x00007ffbbc92b000 	C:\WINDOWS\SYSTEM32\VERSION.dll
0x00007ffbc28f0000 - 0x00007ffbc2904000 	C:\WINDOWS\SYSTEM32\UMPDC.dll
0x00007ffbc18d0000 - 0x00007ffbc18ea000 	C:\WINDOWS\SYSTEM32\kernel.appcore.dll
0x00007ffbb5830000 - 0x00007ffbb583a000 	c:\Users\MSI\.vscode\extensions\redhat.java-1.41.1-win32-x64\jre\21.0.6-win32-x86_64\bin\jimage.dll
0x00007ffbb6840000 - 0x00007ffbb6a81000 	C:\WINDOWS\SYSTEM32\DBGHELP.DLL
0x00007ffbc4df0000 - 0x00007ffbc5172000 	C:\WINDOWS\System32\combase.dll
0x00007ffbc5200000 - 0x00007ffbc52d6000 	C:\WINDOWS\System32\OLEAUT32.dll
0x00007ffbab590000 - 0x00007ffbab5c9000 	C:\WINDOWS\SYSTEM32\dbgcore.DLL
0x00007ffbc34c0000 - 0x00007ffbc3559000 	C:\WINDOWS\System32\bcryptPrimitives.dll
0x00007ffbb2d00000 - 0x00007ffbb2d0f000 	c:\Users\MSI\.vscode\extensions\redhat.java-1.41.1-win32-x64\jre\21.0.6-win32-x86_64\bin\instrument.dll
0x00007ffba4b10000 - 0x00007ffba4b2f000 	c:\Users\MSI\.vscode\extensions\redhat.java-1.41.1-win32-x64\jre\21.0.6-win32-x86_64\bin\java.dll
0x00007ffbc3b30000 - 0x00007ffbc4259000 	C:\WINDOWS\System32\SHELL32.dll
0x00007ffbc2d80000 - 0x00007ffbc2ee8000 	C:\WINDOWS\System32\wintypes.dll
0x00007ffbc0740000 - 0x00007ffbc0f92000 	C:\WINDOWS\SYSTEM32\windows.storage.dll
0x00007ffbc5600000 - 0x00007ffbc56ed000 	C:\WINDOWS\System32\SHCORE.dll
0x00007ffbc4a80000 - 0x00007ffbc4ae4000 	C:\WINDOWS\System32\shlwapi.dll
0x00007ffbc29d0000 - 0x00007ffbc29ff000 	C:\WINDOWS\SYSTEM32\profapi.dll
0x00007ffb94060000 - 0x00007ffb94078000 	c:\Users\MSI\.vscode\extensions\redhat.java-1.41.1-win32-x64\jre\21.0.6-win32-x86_64\bin\zip.dll
0x00007ffbb2af0000 - 0x00007ffbb2b00000 	C:\Users\MSI\.vscode\extensions\redhat.java-1.41.1-win32-x64\jre\21.0.6-win32-x86_64\bin\net.dll
0x00007ffbbc650000 - 0x00007ffbbc76d000 	C:\WINDOWS\SYSTEM32\WINHTTP.dll
0x00007ffbc1df0000 - 0x00007ffbc1e5a000 	C:\WINDOWS\system32\mswsock.dll
0x00007ffb923d0000 - 0x00007ffb923e6000 	C:\Users\MSI\.vscode\extensions\redhat.java-1.41.1-win32-x64\jre\21.0.6-win32-x86_64\bin\nio.dll
0x00007ffbb29f0000 - 0x00007ffbb2a00000 	c:\Users\MSI\.vscode\extensions\redhat.java-1.41.1-win32-x64\jre\21.0.6-win32-x86_64\bin\verify.dll
0x00007ffbb56c0000 - 0x00007ffbb5705000 	C:\Users\MSI\AppData\Roaming\Code\User\globalStorage\redhat.java\1.41.1\config_win\org.eclipse.equinox.launcher\org.eclipse.equinox.launcher.win32.win32.x86_64_1.2.1300.v20250331-1702\eclipse_11911.dll
0x00007ffbc36e0000 - 0x00007ffbc3876000 	C:\WINDOWS\System32\ole32.dll
0x00007ffbc2090000 - 0x00007ffbc20ac000 	C:\WINDOWS\SYSTEM32\CRYPTSP.dll
0x00007ffbc1830000 - 0x00007ffbc186a000 	C:\WINDOWS\system32\rsaenh.dll
0x00007ffbc1e90000 - 0x00007ffbc1ebb000 	C:\WINDOWS\SYSTEM32\USERENV.dll
0x00007ffbc29a0000 - 0x00007ffbc29c6000 	C:\WINDOWS\SYSTEM32\bcrypt.dll
0x00007ffbc20b0000 - 0x00007ffbc20bc000 	C:\WINDOWS\SYSTEM32\CRYPTBASE.dll
0x00007ffbc1310000 - 0x00007ffbc1343000 	C:\WINDOWS\SYSTEM32\IPHLPAPI.DLL
0x00007ffbc47a0000 - 0x00007ffbc47aa000 	C:\WINDOWS\System32\NSI.dll
0x00007ffb8e740000 - 0x00007ffb8e789000 	C:\Users\MSI\AppData\Local\Temp\jna-76643\jna3097106892366472408.dll
0x00007ffbc4d00000 - 0x00007ffbc4d08000 	C:\WINDOWS\System32\PSAPI.DLL
0x00007ffbbc8b0000 - 0x00007ffbbc8cf000 	C:\WINDOWS\SYSTEM32\dhcpcsvc6.DLL
0x00007ffbbc7f0000 - 0x00007ffbbc815000 	C:\WINDOWS\SYSTEM32\dhcpcsvc.DLL

dbghelp: loaded successfully - version: 4.0.5 - missing functions: none
symbol engine: initialized successfully - sym options: 0x614 - pdb path: .;c:\Users\MSI\.vscode\extensions\redhat.java-1.41.1-win32-x64\jre\21.0.6-win32-x86_64\bin;C:\WINDOWS\SYSTEM32;C:\WINDOWS\WinSxS\amd64_microsoft.windows.common-controls_6595b64144ccf1df_6.0.26100.3624_none_3e086962e3345f24;c:\Users\MSI\.vscode\extensions\redhat.java-1.41.1-win32-x64\jre\21.0.6-win32-x86_64\bin\server;C:\Users\MSI\AppData\Roaming\Code\User\globalStorage\redhat.java\1.41.1\config_win\org.eclipse.equinox.launcher\org.eclipse.equinox.launcher.win32.win32.x86_64_1.2.1300.v20250331-1702;C:\Users\MSI\AppData\Local\Temp\jna-76643

VM Arguments:
jvm_args: --add-modules=ALL-SYSTEM --add-opens=java.base/java.util=ALL-UNNAMED --add-opens=java.base/java.lang=ALL-UNNAMED --add-opens=java.base/sun.nio.fs=ALL-UNNAMED -Declipse.application=org.eclipse.jdt.ls.core.id1 -Dosgi.bundles.defaultStartLevel=4 -Declipse.product=org.eclipse.jdt.ls.core.product -Djava.import.generatesMetadataFilesAtProjectRoot=false -DDetectVMInstallationsJob.disabled=true -Dfile.encoding=utf8 -XX:+UseParallelGC -XX:GCTimeRatio=4 -XX:AdaptiveSizePolicyWeight=90 -Dsun.zip.disableMemoryMapping=true -Xmx1G -Xms100m -Xlog:disable -javaagent:c:\Users\MSI\.vscode\extensions\redhat.java-1.41.1-win32-x64\lombok\lombok-1.18.36.jar -XX:+HeapDumpOnOutOfMemoryError -XX:HeapDumpPath=c:\Users\MSI\AppData\Roaming\Code\User\workspaceStorage\3815725e1ac4c6c69b70af32f7c49045\redhat.java -Daether.dependencyCollector.impl=bf 
java_command: c:\Users\MSI\.vscode\extensions\redhat.java-1.41.1-win32-x64\server\plugins\org.eclipse.equinox.launcher_1.7.0.v20250331-1702.jar -configuration c:\Users\MSI\AppData\Roaming\Code\User\globalStorage\redhat.java\1.41.1\config_win -data c:\Users\MSI\AppData\Roaming\Code\User\workspaceStorage\3815725e1ac4c6c69b70af32f7c49045\redhat.java\jdt_ws --pipe=\\.\pipe\lsp-9eae391189afd93ceb0d689140a9eb8e-sock
java_class_path (initial): c:\Users\MSI\.vscode\extensions\redhat.java-1.41.1-win32-x64\server\plugins\org.eclipse.equinox.launcher_1.7.0.v20250331-1702.jar
Launcher Type: SUN_STANDARD

[Global flags]
    uintx AdaptiveSizePolicyWeight                 = 90                                        {product} {command line}
     intx CICompilerCount                          = 12                                        {product} {ergonomic}
    uintx GCTimeRatio                              = 4                                         {product} {command line}
     bool HeapDumpOnOutOfMemoryError               = true                                   {manageable} {command line}
    ccstr HeapDumpPath                             = c:\Users\MSI\AppData\Roaming\Code\User\workspaceStorage\3815725e1ac4c6c69b70af32f7c49045\redhat.java         {manageable} {command line}
   size_t InitialHeapSize                          = 104857600                                 {product} {command line}
   size_t MaxHeapSize                              = 1073741824                                {product} {command line}
   size_t MaxNewSize                               = 357564416                                 {product} {ergonomic}
   size_t MinHeapDeltaBytes                        = 524288                                    {product} {ergonomic}
   size_t MinHeapSize                              = 104857600                                 {product} {command line}
   size_t NewSize                                  = 34603008                                  {product} {ergonomic}
    uintx NonNMethodCodeHeapSize                   = 7602480                                {pd product} {ergonomic}
    uintx NonProfiledCodeHeapSize                  = 122027880                              {pd product} {ergonomic}
   size_t OldSize                                  = 70254592                                  {product} {ergonomic}
    uintx ProfiledCodeHeapSize                     = 122027880                              {pd product} {ergonomic}
    uintx ReservedCodeCacheSize                    = 251658240                              {pd product} {ergonomic}
     bool SegmentedCodeCache                       = true                                      {product} {ergonomic}
   size_t SoftMaxHeapSize                          = 1073741824                             {manageable} {ergonomic}
     bool UseCompressedOops                        = true                           {product lp64_product} {ergonomic}
     bool UseLargePagesIndividualAllocation        = false                                  {pd product} {ergonomic}
     bool UseParallelGC                            = true                                      {product} {command line}

Logging:
Log output configuration:
 #0: stdout all=off uptime,level,tags foldmultilines=false
 #1: stderr all=off uptime,level,tags foldmultilines=false

Environment Variables:
JAVA_HOME=C:\Program Files\Java\jdk-17
PATH=C:\Program Files\Common Files\Oracle\Java\javapath;C:\Program Files (x86)\VMware\VMware Workstation\bin\;C:\Program Files\Microsoft MPI\Bin\;C:\WINDOWS\system32;C:\WINDOWS;C:\WINDOWS\System32\Wbem;C:\WINDOWS\System32\WindowsPowerShell\v1.0\;C:\WINDOWS\System32\OpenSSH\;C:\Program Files\nodejs\;C:\Program Files (x86)\Microsoft SQL Server\160\Tools\Binn\;C:\Program Files\Microsoft SQL Server\160\Tools\Binn\;C:\Program Files\Microsoft SQL Server\Client SDK\ODBC\170\Tools\Binn\;C:\Program Files\Microsoft SQL Server\160\DTS\Binn\;C:\Program Files (x86)\Microsoft SQL Server\160\DTS\Binn\;C:\Program Files\Git LFS;C:\Program Files\Git\cmd;C:\Program Files\PowerShell\7\;C:\Program Files\Java\jdk-17\bin;C:\Program Files\MySQL\MySQL Shell 8.0\bin\;C:\Users\MSI\AppData\Local\Programs\Python\Python313;C:\Users\MSI\AppData\Local\Microsoft\WindowsApps;C:\Users\MSI\AppData\Local\Programs\Microsoft VS Code\bin;C:\Users\MSI\AppData\Roaming\npm;C:\Program Files\JetBrains\IntelliJ IDEA 2024.3.1.1\bin;;
USERNAME=MSI
OS=Windows_NT
PROCESSOR_IDENTIFIER=AMD64 Family 25 Model 80 Stepping 0, AuthenticAMD
TMP=C:\Users\MSI\AppData\Local\Temp
TEMP=C:\Users\MSI\AppData\Local\Temp




Periodic native trim disabled

---------------  S Y S T E M  ---------------

OS:
 Windows 11 , 64 bit Build 26100 (10.0.26100.3775)
OS uptime: 0 days 18:01 hours
Hyper-V role detected

CPU: total 16 (initial active 16) (16 cores per cpu, 2 threads per core) family 25 model 80 stepping 0 microcode 0xa50000c, cx8, cmov, fxsr, ht, mmx, 3dnowpref, sse, sse2, sse3, ssse3, sse4a, sse4.1, sse4.2, popcnt, lzcnt, tsc, tscinvbit, avx, avx2, aes, erms, clmul, bmi1, bmi2, adx, sha, fma, vzeroupper, clflush, clflushopt, hv, rdtscp, rdpid, fsrm, f16c, cet_ss
Processor Information for processor 0
  Max Mhz: 3201, Current Mhz: 3201, Mhz Limit: 3201
Processor Information for processor 1
  Max Mhz: 3201, Current Mhz: 3201, Mhz Limit: 3201
Processor Information for processor 2
  Max Mhz: 3201, Current Mhz: 3201, Mhz Limit: 3201
Processor Information for processor 3
  Max Mhz: 3201, Current Mhz: 3201, Mhz Limit: 3201
Processor Information for processor 4
  Max Mhz: 3201, Current Mhz: 3201, Mhz Limit: 3201
Processor Information for processor 5
  Max Mhz: 3201, Current Mhz: 3201, Mhz Limit: 3201
Processor Information for processor 6
  Max Mhz: 3201, Current Mhz: 3201, Mhz Limit: 3201
Processor Information for processor 7
  Max Mhz: 3201, Current Mhz: 3201, Mhz Limit: 3201
Processor Information for processor 8
  Max Mhz: 3201, Current Mhz: 3201, Mhz Limit: 3201
Processor Information for processor 9
  Max Mhz: 3201, Current Mhz: 3201, Mhz Limit: 3201
Processor Information for processor 10
  Max Mhz: 3201, Current Mhz: 3201, Mhz Limit: 3201
Processor Information for processor 11
  Max Mhz: 3201, Current Mhz: 2555, Mhz Limit: 3201
Processor Information for processor 12
  Max Mhz: 3201, Current Mhz: 3201, Mhz Limit: 3201
Processor Information for processor 13
  Max Mhz: 3201, Current Mhz: 3201, Mhz Limit: 3201
Processor Information for processor 14
  Max Mhz: 3201, Current Mhz: 3201, Mhz Limit: 3201
Processor Information for processor 15
  Max Mhz: 3201, Current Mhz: 3201, Mhz Limit: 3201

Memory: 4k page, system-wide physical 15752M (4762M free)
TotalPageFile size 15752M (AvailPageFile size 78M)
current process WorkingSet (physical memory assigned to process): 796M, peak: 863M
current process commit charge ("private bytes"): 724M, peak: 789M

vm_info: OpenJDK 64-Bit Server VM (21.0.6+7-LTS) for windows-amd64 JRE (21.0.6+7-LTS), built on 2025-01-21T00:00:00Z by "admin" with MS VC++ 17.7 (VS2022)

END.
