#
# There is insufficient memory for the Java Runtime Environment to continue.
# Native memory allocation (malloc) failed to allocate 1153696 bytes. Error detail: Chunk::new
# Possible reasons:
#   The system is out of physical RAM or swap space
#   This process is running with CompressedOops enabled, and the Java Heap may be blocking the growth of the native heap
# Possible solutions:
#   Reduce memory load on the system
#   Increase physical memory or swap space
#   Check if swap backing store is full
#   Decrease Java heap size (-Xmx/-Xms)
#   Decrease number of Java threads
#   Decrease Java thread stack sizes (-Xss)
#   Set larger code cache with -XX:ReservedCodeCacheSize=
#   JVM is running with Unscaled Compressed Oops mode in which the Java heap is
#     placed in the first 4GB address space. The Java Heap base address is the
#     maximum limit for the native heap growth. Please use -XX:HeapBaseMinAddress
#     to set the Java Heap base and to place the Java Heap above 4GB virtual address.
# This output file may be truncated or incomplete.
#
#  Out of Memory Error (arena.cpp:168), pid=8036, tid=14212
#
# JRE version: OpenJDK Runtime Environment Temurin-21.0.6+7 (21.0.6+7) (build 21.0.6+7-LTS)
# Java VM: OpenJDK 64-Bit Server VM Temurin-21.0.6+7 (21.0.6+7-LTS, mixed mode, sharing, tiered, compressed oops, compressed class ptrs, parallel gc, windows-amd64)
# No core dump will be written. Minidumps are not enabled by default on client versions of Windows
#

---------------  S U M M A R Y ------------

Command Line: --add-modules=ALL-SYSTEM --add-opens=java.base/java.util=ALL-UNNAMED --add-opens=java.base/java.lang=ALL-UNNAMED --add-opens=java.base/sun.nio.fs=ALL-UNNAMED -Declipse.application=org.eclipse.jdt.ls.core.id1 -Dosgi.bundles.defaultStartLevel=4 -Declipse.product=org.eclipse.jdt.ls.core.product -Djava.import.generatesMetadataFilesAtProjectRoot=false -DDetectVMInstallationsJob.disabled=true -Dfile.encoding=utf8 -XX:+UseParallelGC -XX:GCTimeRatio=4 -XX:AdaptiveSizePolicyWeight=90 -Dsun.zip.disableMemoryMapping=true -Xmx1G -Xms100m -Xlog:disable -javaagent:c:\Users\MSI\.vscode\extensions\redhat.java-1.41.1-win32-x64\lombok\lombok-1.18.36.jar -XX:+HeapDumpOnOutOfMemoryError -XX:HeapDumpPath=c:\Users\MSI\AppData\Roaming\Code\User\workspaceStorage\3815725e1ac4c6c69b70af32f7c49045\redhat.java -Daether.dependencyCollector.impl=bf c:\Users\MSI\.vscode\extensions\redhat.java-1.41.1-win32-x64\server\plugins\org.eclipse.equinox.launcher_1.7.0.v20250331-1702.jar -configuration c:\Users\MSI\AppData\Roaming\Code\User\globalStorage\redhat.java\1.41.1\config_win -data c:\Users\MSI\AppData\Roaming\Code\User\workspaceStorage\3815725e1ac4c6c69b70af32f7c49045\redhat.java\jdt_ws --pipe=\\.\pipe\lsp-15627131a3979f7e8bbff9198b9495d3-sock

Host: AMD Ryzen 7 5800H with Radeon Graphics         , 16 cores, 15G,  Windows 11 , 64 bit Build 26100 (10.0.26100.3775)
Time: Thu Apr 24 16:15:39 2025 SE Asia Standard Time elapsed time: 8.801328 seconds (0d 0h 0m 8s)

---------------  T H R E A D  ---------------

Current thread (0x000001ecee89d7c0):  JavaThread "C2 CompilerThread2" daemon [_thread_in_native, id=14212, stack(0x00000027ab200000,0x00000027ab300000) (1024K)]


Current CompileTask:
C2:8801 9008       4       org.lombokweb.asm.ClassReader::readMethod (1070 bytes)

Stack: [0x00000027ab200000,0x00000027ab300000]
Native frames: (J=compiled Java code, j=interpreted, Vv=VM code, C=native code)
V  [jvm.dll+0x6cdee9]
V  [jvm.dll+0x8a83d1]
V  [jvm.dll+0x8aa8fe]
V  [jvm.dll+0x8aafe3]
V  [jvm.dll+0x27f706]
V  [jvm.dll+0xc500d]
V  [jvm.dll+0xc5543]
V  [jvm.dll+0x3b678c]
V  [jvm.dll+0x382935]
V  [jvm.dll+0x381d9a]
V  [jvm.dll+0x2479f0]
V  [jvm.dll+0x246fcf]
V  [jvm.dll+0x1c75ee]
V  [jvm.dll+0x25685a]
V  [jvm.dll+0x254dfa]
V  [jvm.dll+0x3f0256]
V  [jvm.dll+0x851f8b]
V  [jvm.dll+0x6cc5ed]
C  [ucrtbase.dll+0x37b0]
C  [KERNEL32.DLL+0x2e8d7]
C  [ntdll.dll+0xb14fc]


---------------  P R O C E S S  ---------------

Threads class SMR info:
_java_thread_list=0x000001ecf7d18ad0, length=82, elements={
0x000001ecd8dcb860, 0x000001eced1b5d60, 0x000001eced1b6d20, 0x000001ecee88a600,
0x000001ecee88b2d0, 0x000001eced1bb2f0, 0x000001eced1be4f0, 0x000001ecee899db0,
0x000001ecee89d0f0, 0x000001ecee9966e0, 0x000001ecee89bc80, 0x000001ecf4024960,
0x000001ecf4bc1100, 0x000001ecf487fc10, 0x000001ecf447a3d0, 0x000001ecf44742e0,
0x000001ecf5273b10, 0x000001ecf4b51f70, 0x000001ecf50b1c20, 0x000001ecf50b01e0,
0x000001ecf50b0870, 0x000001ecf50af4c0, 0x000001ecf50b0f00, 0x000001ecee89ca20,
0x000001ecee89d7c0, 0x000001ecf50b1590, 0x000001ecf50b22b0, 0x000001ecf50afb50,
0x000001ecf50b2940, 0x000001ecf65cb080, 0x000001ecf65cc430, 0x000001ecf65cb710,
0x000001ecf65cbda0, 0x000001ecf65ca360, 0x000001ecf65c9cd0, 0x000001ecf65ca9f0,
0x000001ecf65ccac0, 0x000001ecf65c9640, 0x000001ecf65cf8b0, 0x000001ecf65ceb90,
0x000001ecf65cff40, 0x000001ecf65d05d0, 0x000001ecf65cf220, 0x000001ecf65cd150,
0x000001ecf65d0c60, 0x000001ecee89de90, 0x000001ecf78c1900, 0x000001ecf65cde70,
0x000001ecf65cd7e0, 0x000001ecf65ce500, 0x000001ecf72db070, 0x000001ecf72db700,
0x000001ecf72dcab0, 0x000001ecf72dbd90, 0x000001ecf72dc420, 0x000001ecf72d9630,
0x000001ecf72d9cc0, 0x000001ecf72dd140, 0x000001ecf72dd7d0, 0x000001ecf72da350,
0x000001ecf72dde60, 0x000001ecf72da9e0, 0x000001ecf72df210, 0x000001ecf72e0c50,
0x000001ecf72df8a0, 0x000001ecf72dff30, 0x000001ecf72e05c0, 0x000001ecf72de4f0,
0x000001ecf72deb80, 0x000001ecfc64c120, 0x000001ecfc648ca0, 0x000001ecfc649330,
0x000001ecfc64ce40, 0x000001ecfc64b400, 0x000001ecfc64ba90, 0x000001ecfc6499c0,
0x000001ecfc64a6e0, 0x000001ecfc64c7b0, 0x000001ecfc64a050, 0x000001ecfc64ad70,
0x000001ecfc64d4d0, 0x000001ecf78bf6f0
}

Java Threads: ( => current thread )
  0x000001ecd8dcb860 JavaThread "main"                              [_thread_blocked, id=17920, stack(0x00000027aa000000,0x00000027aa100000) (1024K)]
  0x000001eced1b5d60 JavaThread "Reference Handler"          daemon [_thread_blocked, id=18768, stack(0x00000027aa400000,0x00000027aa500000) (1024K)]
  0x000001eced1b6d20 JavaThread "Finalizer"                  daemon [_thread_blocked, id=9420, stack(0x00000027aa500000,0x00000027aa600000) (1024K)]
  0x000001ecee88a600 JavaThread "Signal Dispatcher"          daemon [_thread_blocked, id=22304, stack(0x00000027aa600000,0x00000027aa700000) (1024K)]
  0x000001ecee88b2d0 JavaThread "Attach Listener"            daemon [_thread_blocked, id=15376, stack(0x00000027aa700000,0x00000027aa800000) (1024K)]
  0x000001eced1bb2f0 JavaThread "Service Thread"             daemon [_thread_blocked, id=11140, stack(0x00000027aa800000,0x00000027aa900000) (1024K)]
  0x000001eced1be4f0 JavaThread "Monitor Deflation Thread"   daemon [_thread_blocked, id=1424, stack(0x00000027aa900000,0x00000027aaa00000) (1024K)]
  0x000001ecee899db0 JavaThread "C2 CompilerThread0"         daemon [_thread_in_native, id=20908, stack(0x00000027aaa00000,0x00000027aab00000) (1024K)]
  0x000001ecee89d0f0 JavaThread "C1 CompilerThread0"         daemon [_thread_blocked, id=15432, stack(0x00000027aab00000,0x00000027aac00000) (1024K)]
  0x000001ecee9966e0 JavaThread "Common-Cleaner"             daemon [_thread_blocked, id=3604, stack(0x00000027aac00000,0x00000027aad00000) (1024K)]
  0x000001ecee89bc80 JavaThread "C1 CompilerThread1"         daemon [_thread_blocked, id=7900, stack(0x00000027aad00000,0x00000027aae00000) (1024K)]
  0x000001ecf4024960 JavaThread "Notification Thread"        daemon [_thread_blocked, id=17600, stack(0x00000027ab100000,0x00000027ab200000) (1024K)]
  0x000001ecf4bc1100 JavaThread "Active Thread: Equinox Container: cc7a9bd7-935a-4137-8f8d-e6981fd4f1d0"        [_thread_blocked, id=6224, stack(0x00000027ab900000,0x00000027aba00000) (1024K)]
  0x000001ecf487fc10 JavaThread "Refresh Thread: Equinox Container: cc7a9bd7-935a-4137-8f8d-e6981fd4f1d0" daemon [_thread_blocked, id=9060, stack(0x00000027abc00000,0x00000027abd00000) (1024K)]
  0x000001ecf447a3d0 JavaThread "Framework Event Dispatcher: Equinox Container: cc7a9bd7-935a-4137-8f8d-e6981fd4f1d0" daemon [_thread_blocked, id=10672, stack(0x00000027abd00000,0x00000027abe00000) (1024K)]
  0x000001ecf44742e0 JavaThread "Start Level: Equinox Container: cc7a9bd7-935a-4137-8f8d-e6981fd4f1d0" daemon [_thread_blocked, id=9220, stack(0x00000027abe00000,0x00000027abf00000) (1024K)]
  0x000001ecf5273b10 JavaThread "Bundle File Closer"         daemon [_thread_blocked, id=20332, stack(0x00000027abf00000,0x00000027ac000000) (1024K)]
  0x000001ecf4b51f70 JavaThread "SCR Component Actor"        daemon [_thread_blocked, id=9616, stack(0x00000027ac200000,0x00000027ac300000) (1024K)]
  0x000001ecf50b1c20 JavaThread "Worker-JM"                         [_thread_blocked, id=13356, stack(0x00000027ac700000,0x00000027ac800000) (1024K)]
  0x000001ecf50b01e0 JavaThread "JNA Cleaner"                daemon [_thread_blocked, id=22196, stack(0x00000027ab800000,0x00000027ab900000) (1024K)]
  0x000001ecf50b0870 JavaThread "Worker-0"                          [_thread_blocked, id=15340, stack(0x00000027ac800000,0x00000027ac900000) (1024K)]
  0x000001ecf50af4c0 JavaThread "Worker-1"                          [_thread_blocked, id=21664, stack(0x00000027ac900000,0x00000027aca00000) (1024K)]
  0x000001ecf50b0f00 JavaThread "Java indexing"              daemon [_thread_in_Java, id=8656, stack(0x00000027aca00000,0x00000027acb00000) (1024K)]
  0x000001ecee89ca20 JavaThread "C2 CompilerThread1"         daemon [_thread_blocked, id=22308, stack(0x00000027ab000000,0x00000027ab100000) (1024K)]
=>0x000001ecee89d7c0 JavaThread "C2 CompilerThread2"         daemon [_thread_in_native, id=14212, stack(0x00000027ab200000,0x00000027ab300000) (1024K)]
  0x000001ecf50b1590 JavaThread "Worker-2: Building"                [_thread_in_native, id=16608, stack(0x00000027acd00000,0x00000027ace00000) (1024K)]
  0x000001ecf50b22b0 JavaThread "Worker-3: Java indexing... "        [_thread_blocked, id=18640, stack(0x00000027ace00000,0x00000027acf00000) (1024K)]
  0x000001ecf50afb50 JavaThread "Thread-2"                   daemon [_thread_in_native, id=3384, stack(0x00000027acf00000,0x00000027ad000000) (1024K)]
  0x000001ecf50b2940 JavaThread "Thread-3"                   daemon [_thread_in_native, id=4992, stack(0x00000027ad000000,0x00000027ad100000) (1024K)]
  0x000001ecf65cb080 JavaThread "Thread-4"                   daemon [_thread_in_native, id=3176, stack(0x00000027ad100000,0x00000027ad200000) (1024K)]
  0x000001ecf65cc430 JavaThread "Thread-5"                   daemon [_thread_in_native, id=13200, stack(0x00000027ad200000,0x00000027ad300000) (1024K)]
  0x000001ecf65cb710 JavaThread "Thread-6"                   daemon [_thread_in_native, id=1936, stack(0x00000027ad300000,0x00000027ad400000) (1024K)]
  0x000001ecf65cbda0 JavaThread "Thread-7"                   daemon [_thread_in_native, id=10368, stack(0x00000027ad400000,0x00000027ad500000) (1024K)]
  0x000001ecf65ca360 JavaThread "Thread-8"                   daemon [_thread_in_native, id=15072, stack(0x00000027ad500000,0x00000027ad600000) (1024K)]
  0x000001ecf65c9cd0 JavaThread "Thread-9"                   daemon [_thread_in_native, id=9372, stack(0x00000027ad600000,0x00000027ad700000) (1024K)]
  0x000001ecf65ca9f0 JavaThread "Thread-10"                  daemon [_thread_in_native, id=19504, stack(0x00000027ad700000,0x00000027ad800000) (1024K)]
  0x000001ecf65ccac0 JavaThread "Thread-11"                  daemon [_thread_in_native, id=20796, stack(0x00000027ad800000,0x00000027ad900000) (1024K)]
  0x000001ecf65c9640 JavaThread "Thread-12"                  daemon [_thread_in_native, id=9344, stack(0x00000027ad900000,0x00000027ada00000) (1024K)]
  0x000001ecf65cf8b0 JavaThread "Thread-13"                  daemon [_thread_in_native, id=9548, stack(0x00000027ada00000,0x00000027adb00000) (1024K)]
  0x000001ecf65ceb90 JavaThread "Thread-14"                  daemon [_thread_in_native, id=17660, stack(0x00000027adb00000,0x00000027adc00000) (1024K)]
  0x000001ecf65cff40 JavaThread "Thread-15"                  daemon [_thread_in_native, id=11232, stack(0x00000027adc00000,0x00000027add00000) (1024K)]
  0x000001ecf65d05d0 JavaThread "Thread-16"                  daemon [_thread_in_native, id=10600, stack(0x00000027add00000,0x00000027ade00000) (1024K)]
  0x000001ecf65cf220 JavaThread "Thread-17"                  daemon [_thread_in_native, id=22472, stack(0x00000027ade00000,0x00000027adf00000) (1024K)]
  0x000001ecf65cd150 JavaThread "Thread-18"                  daemon [_thread_in_native, id=12788, stack(0x00000027adf00000,0x00000027ae000000) (1024K)]
  0x000001ecf65d0c60 JavaThread "pool-2-thread-1"                   [_thread_blocked, id=22224, stack(0x00000027ae000000,0x00000027ae100000) (1024K)]
  0x000001ecee89de90 JavaThread "C2 CompilerThread3"         daemon [_thread_in_native, id=19748, stack(0x00000027ae100000,0x00000027ae200000) (1024K)]
  0x000001ecf78c1900 JavaThread "C2 CompilerThread4"         daemon [_thread_blocked, id=19640, stack(0x00000027ae200000,0x00000027ae300000) (1024K)]
  0x000001ecf65cde70 JavaThread "Worker-4"                          [_thread_blocked, id=13164, stack(0x00000027ae400000,0x00000027ae500000) (1024K)]
  0x000001ecf65cd7e0 JavaThread "Worker-5"                          [_thread_blocked, id=18420, stack(0x00000027ae500000,0x00000027ae600000) (1024K)]
  0x000001ecf65ce500 JavaThread "WorkspaceEventsHandler"            [_thread_blocked, id=2952, stack(0x00000027ae600000,0x00000027ae700000) (1024K)]
  0x000001ecf72db070 JavaThread "pool-1-thread-1"                   [_thread_blocked, id=2976, stack(0x00000027ae700000,0x00000027ae800000) (1024K)]
  0x000001ecf72db700 JavaThread "LocalFile Deleter"          daemon [_thread_blocked, id=12748, stack(0x00000027aea00000,0x00000027aeb00000) (1024K)]
  0x000001ecf72dcab0 JavaThread "LocalFile Deleter"          daemon [_thread_blocked, id=14288, stack(0x00000027aeb00000,0x00000027aec00000) (1024K)]
  0x000001ecf72dbd90 JavaThread "LocalFile Deleter"          daemon [_thread_blocked, id=5952, stack(0x00000027aec00000,0x00000027aed00000) (1024K)]
  0x000001ecf72dc420 JavaThread "LocalFile Deleter"          daemon [_thread_blocked, id=14304, stack(0x00000027aed00000,0x00000027aee00000) (1024K)]
  0x000001ecf72d9630 JavaThread "LocalFile Deleter"          daemon [_thread_blocked, id=6352, stack(0x00000027aee00000,0x00000027aef00000) (1024K)]
  0x000001ecf72d9cc0 JavaThread "LocalFile Deleter"          daemon [_thread_blocked, id=9772, stack(0x00000027aef00000,0x00000027af000000) (1024K)]
  0x000001ecf72dd140 JavaThread "LocalFile Deleter"          daemon [_thread_blocked, id=460, stack(0x00000027af000000,0x00000027af100000) (1024K)]
  0x000001ecf72dd7d0 JavaThread "LocalFile Deleter"          daemon [_thread_blocked, id=4064, stack(0x00000027af100000,0x00000027af200000) (1024K)]
  0x000001ecf72da350 JavaThread "LocalFile Deleter"          daemon [_thread_blocked, id=4756, stack(0x00000027af200000,0x00000027af300000) (1024K)]
  0x000001ecf72dde60 JavaThread "LocalFile Deleter"          daemon [_thread_blocked, id=1404, stack(0x00000027af300000,0x00000027af400000) (1024K)]
  0x000001ecf72da9e0 JavaThread "LocalFile Deleter"          daemon [_thread_blocked, id=9320, stack(0x00000027af400000,0x00000027af500000) (1024K)]
  0x000001ecf72df210 JavaThread "LocalFile Deleter"          daemon [_thread_blocked, id=19704, stack(0x00000027af500000,0x00000027af600000) (1024K)]
  0x000001ecf72e0c50 JavaThread "LocalFile Deleter"          daemon [_thread_blocked, id=15964, stack(0x00000027af600000,0x00000027af700000) (1024K)]
  0x000001ecf72df8a0 JavaThread "LocalFile Deleter"          daemon [_thread_blocked, id=20888, stack(0x00000027af700000,0x00000027af800000) (1024K)]
  0x000001ecf72dff30 JavaThread "LocalFile Deleter"          daemon [_thread_blocked, id=2916, stack(0x00000027af800000,0x00000027af900000) (1024K)]
  0x000001ecf72e05c0 JavaThread "LocalFile Deleter"          daemon [_thread_blocked, id=3564, stack(0x00000027af900000,0x00000027afa00000) (1024K)]
  0x000001ecf72de4f0 JavaThread "Compiler Source File Reader" daemon [_thread_blocked, id=1968, stack(0x00000027afa00000,0x00000027afb00000) (1024K)]
  0x000001ecf72deb80 JavaThread "Compiler Source File Reader" daemon [_thread_blocked, id=22368, stack(0x00000027afb00000,0x00000027afc00000) (1024K)]
  0x000001ecfc64c120 JavaThread "Compiler Source File Reader" daemon [_thread_blocked, id=20492, stack(0x00000027afc00000,0x00000027afd00000) (1024K)]
  0x000001ecfc648ca0 JavaThread "Compiler Source File Reader" daemon [_thread_blocked, id=1868, stack(0x00000027afd00000,0x00000027afe00000) (1024K)]
  0x000001ecfc649330 JavaThread "Compiler Source File Reader" daemon [_thread_blocked, id=10236, stack(0x00000027afe00000,0x00000027aff00000) (1024K)]
  0x000001ecfc64ce40 JavaThread "Compiler Source File Reader" daemon [_thread_blocked, id=20984, stack(0x00000027aff00000,0x00000027b0000000) (1024K)]
  0x000001ecfc64b400 JavaThread "Compiler Source File Reader" daemon [_thread_blocked, id=16284, stack(0x00000027b0000000,0x00000027b0100000) (1024K)]
  0x000001ecfc64ba90 JavaThread "Compiler Source File Reader" daemon [_thread_blocked, id=21440, stack(0x00000027b0100000,0x00000027b0200000) (1024K)]
  0x000001ecfc6499c0 JavaThread "Compiler Source File Reader" daemon [_thread_blocked, id=10284, stack(0x00000027b0200000,0x00000027b0300000) (1024K)]
  0x000001ecfc64a6e0 JavaThread "Compiler Source File Reader" daemon [_thread_blocked, id=21104, stack(0x00000027b0300000,0x00000027b0400000) (1024K)]
  0x000001ecfc64c7b0 JavaThread "Compiler Source File Reader" daemon [_thread_blocked, id=1900, stack(0x00000027b0400000,0x00000027b0500000) (1024K)]
  0x000001ecfc64a050 JavaThread "Compiler Source File Reader" daemon [_thread_blocked, id=3944, stack(0x00000027b0500000,0x00000027b0600000) (1024K)]
  0x000001ecfc64ad70 JavaThread "Compiler Source File Reader" daemon [_thread_blocked, id=13836, stack(0x00000027b0600000,0x00000027b0700000) (1024K)]
  0x000001ecfc64d4d0 JavaThread "Compiler Source File Reader" daemon [_thread_blocked, id=7936, stack(0x00000027b0700000,0x00000027b0800000) (1024K)]
  0x000001ecf78bf6f0 JavaThread "C2 CompilerThread5"         daemon [_thread_blocked, id=19720, stack(0x00000027aaf00000,0x00000027ab000000) (1024K)]
Total: 82

Other Threads:
  0x000001eced1a4070 VMThread "VM Thread"                           [id=22060, stack(0x00000027aa300000,0x00000027aa400000) (1024K)]
  0x000001eced09ca00 WatcherThread "VM Periodic Task Thread"        [id=5336, stack(0x00000027aa200000,0x00000027aa300000) (1024K)]
  0x000001ecd8de9c90 WorkerThread "GC Thread#0"                     [id=19668, stack(0x00000027aa100000,0x00000027aa200000) (1024K)]
  0x000001ecf4494130 WorkerThread "GC Thread#1"                     [id=10564, stack(0x00000027ab300000,0x00000027ab400000) (1024K)]
  0x000001ecf4ad29a0 WorkerThread "GC Thread#2"                     [id=12848, stack(0x00000027ab400000,0x00000027ab500000) (1024K)]
  0x000001ecf485cf60 WorkerThread "GC Thread#3"                     [id=3880, stack(0x00000027ab500000,0x00000027ab600000) (1024K)]
  0x000001ecf4bd9ad0 WorkerThread "GC Thread#4"                     [id=9044, stack(0x00000027ab600000,0x00000027ab700000) (1024K)]
  0x000001ecf4c48540 WorkerThread "GC Thread#5"                     [id=12216, stack(0x00000027ab700000,0x00000027ab800000) (1024K)]
  0x000001ecf4969b10 WorkerThread "GC Thread#6"                     [id=8016, stack(0x00000027aba00000,0x00000027abb00000) (1024K)]
  0x000001ecf4a0c390 WorkerThread "GC Thread#7"                     [id=12376, stack(0x00000027abb00000,0x00000027abc00000) (1024K)]
  0x000001ecf4a0daa0 WorkerThread "GC Thread#8"                     [id=18708, stack(0x00000027ac000000,0x00000027ac100000) (1024K)]
  0x000001ecf4a0d700 WorkerThread "GC Thread#9"                     [id=16064, stack(0x00000027ac100000,0x00000027ac200000) (1024K)]
  0x000001ecf4a0c880 WorkerThread "GC Thread#10"                    [id=13024, stack(0x00000027ac400000,0x00000027ac500000) (1024K)]
  0x000001ecf4a0cfc0 WorkerThread "GC Thread#11"                    [id=7172, stack(0x00000027ac500000,0x00000027ac600000) (1024K)]
  0x000001ecf4a0d360 WorkerThread "GC Thread#12"                    [id=21012, stack(0x00000027ac600000,0x00000027ac700000) (1024K)]
Total: 15

Threads with active compile tasks:
C2 CompilerThread0  8828 8988 %     4       org.lombokweb.asm.SymbolTable::<init> @ 98 (536 bytes)
C2 CompilerThread2  8828 9008       4       org.lombokweb.asm.ClassReader::readMethod (1070 bytes)
C2 CompilerThread3  8828 9022 %     4       org.lombokweb.asm.ClassReader::readCode @ 2187 (5117 bytes)
Total: 3

VM state: not at safepoint (normal execution)

VM Mutex/Monitor currently owned by a thread: None

Heap address: 0x00000000c0000000, size: 1024 MB, Compressed Oops mode: 32-bit

CDS archive(s) mapped at: [0x000001ec80000000-0x000001ec80ba0000-0x000001ec80ba0000), size 12189696, SharedBaseAddress: 0x000001ec80000000, ArchiveRelocationMode: 1.
Compressed class space mapped at: 0x000001ec81000000-0x000001ecc1000000, reserved size: 1073741824
Narrow klass base: 0x000001ec80000000, Narrow klass shift: 0, Narrow klass range: 0x100000000

GC Precious Log:
 CardTable entry size: 512
 CPUs: 16 total, 16 available
 Memory: 15752M
 Large Page Support: Disabled
 NUMA Support: Disabled
 Compressed Oops: Enabled (32-bit)
 Alignments: Space 512K, Generation 512K, Heap 2M
 Heap Min Capacity: 100M
 Heap Initial Capacity: 100M
 Heap Max Capacity: 1G
 Pre-touch: Disabled
 Parallel Workers: 13

Heap:
 PSYoungGen      total 8704K, used 4088K [0x00000000eab00000, 0x00000000eb580000, 0x0000000100000000)
  eden space 7168K, 37% used [0x00000000eab00000,0x00000000ead9aee0,0x00000000eb200000)
  from space 1536K, 92% used [0x00000000eb400000,0x00000000eb5631e0,0x00000000eb580000)
  to   space 1536K, 0% used [0x00000000eb280000,0x00000000eb280000,0x00000000eb400000)
 ParOldGen       total 278016K, used 277996K [0x00000000c0000000, 0x00000000d0f80000, 0x00000000eab00000)
  object space 278016K, 99% used [0x00000000c0000000,0x00000000d0f7b120,0x00000000d0f80000)
 Metaspace       used 55737K, committed 57088K, reserved 1114112K
  class space    used 5758K, committed 6400K, reserved 1048576K

Card table byte_map: [0x000001ecd8770000,0x000001ecd8980000] _byte_map_base: 0x000001ecd8170000

Marking Bits: (ParMarkBitMap*) 0x00007ffe5e023260
 Begin Bits: [0x000001eceafc0000, 0x000001ecebfc0000)
 End Bits:   [0x000001ecebfc0000, 0x000001ececfc0000)

Polling page: 0x000001ecd69f0000

Metaspace:

Usage:
  Non-class:     48.81 MB used.
      Class:      5.62 MB used.
       Both:     54.43 MB used.

Virtual space:
  Non-class space:       64.00 MB reserved,      49.50 MB ( 77%) committed,  1 nodes.
      Class space:        1.00 GB reserved,       6.25 MB ( <1%) committed,  1 nodes.
             Both:        1.06 GB reserved,      55.75 MB (  5%) committed. 

Chunk freelists:
   Non-Class:  13.62 MB
       Class:  9.72 MB
        Both:  23.34 MB

MaxMetaspaceSize: unlimited
CompressedClassSpaceSize: 1.00 GB
Initial GC threshold: 21.00 MB
Current GC threshold: 58.38 MB
CDS: on
 - commit_granule_bytes: 65536.
 - commit_granule_words: 8192.
 - virtual_space_node_default_size: 8388608.
 - enlarge_chunks_in_place: 1.
 - use_allocation_guard: 0.


Internal statistics:

num_allocs_failed_limit: 6.
num_arena_births: 1030.
num_arena_deaths: 14.
num_vsnodes_births: 2.
num_vsnodes_deaths: 0.
num_space_committed: 891.
num_space_uncommitted: 0.
num_chunks_returned_to_freelist: 20.
num_chunks_taken_from_freelist: 3592.
num_chunk_merges: 10.
num_chunk_splits: 2208.
num_chunks_enlarged: 1236.
num_inconsistent_stats: 0.

CodeHeap 'non-profiled nmethods': size=119168Kb used=5967Kb max_used=5967Kb free=113200Kb
 bounds [0x000001ece3b60000, 0x000001ece4140000, 0x000001eceafc0000]
CodeHeap 'profiled nmethods': size=119104Kb used=18563Kb max_used=18563Kb free=100540Kb
 bounds [0x000001ecdbfc0000, 0x000001ecdd1f0000, 0x000001ece3410000]
CodeHeap 'non-nmethods': size=7488Kb used=1970Kb max_used=3190Kb free=5517Kb
 bounds [0x000001ece3410000, 0x000001ece3740000, 0x000001ece3b60000]
 total_blobs=9162 nmethods=8445 adapters=622
 compilation: enabled
              stopped_count=0, restarted_count=0
 full_count=0

Compilation events (20 events):
Event: 7.751 Thread 0x000001ecf78c1900 nmethod 9081 0x000001ece4126590 code [0x000001ece4126760, 0x000001ece4126d20]
Event: 7.751 Thread 0x000001ecf78c1900 9082       4       org.eclipse.jdt.core.Signature::appendTypeSignature (513 bytes)
Event: 7.752 Thread 0x000001ecf78c1900 nmethod 9082 0x000001ece4127110 code [0x000001ece41272c0, 0x000001ece4127428]
Event: 7.752 Thread 0x000001ecf78c1900 9004       4       java.util.Collections::unmodifiableList (51 bytes)
Event: 7.757 Thread 0x000001ecf78c1900 nmethod 9004 0x000001ece4127590 code [0x000001ece4127740, 0x000001ece4127948]
Event: 7.757 Thread 0x000001ecf78c1900 9075       4       java.util.regex.Pattern$LastNode::match (45 bytes)
Event: 7.758 Thread 0x000001ecf78c1900 nmethod 9075 0x000001ece4127a90 code [0x000001ece4127c20, 0x000001ece4127d20]
Event: 7.758 Thread 0x000001ecf78c1900 9076       4       java.lang.String::subSequence (7 bytes)
Event: 7.764 Thread 0x000001ecf78c1900 nmethod 9076 0x000001ece4127e10 code [0x000001ece4127fe0, 0x000001ece4128628]
Event: 7.765 Thread 0x000001ecf78c1900 9027       4       org.lombokweb.asm.Label::addLineNumber (106 bytes)
Event: 7.766 Thread 0x000001ecf78c1900 nmethod 9027 0x000001ece4128990 code [0x000001ece4128b20, 0x000001ece4128be8]
Event: 7.766 Thread 0x000001ecf78c1900 9028       4       org.lombokweb.asm.MethodWriter::visitLineNumber (50 bytes)
Event: 7.776 Thread 0x000001ecf78c1900 nmethod 9028 0x000001ece4128c90 code [0x000001ece4128e60, 0x000001ece4129350]
Event: 7.776 Thread 0x000001ecf78c1900 9033       4       org.lombokweb.asm.MethodVisitor::visitLineNumber (17 bytes)
Event: 7.783 Thread 0x000001ecf78c1900 nmethod 9033 0x000001ece4129690 code [0x000001ece4129880, 0x000001ece4129db8]
Event: 7.783 Thread 0x000001ecf78c1900 9090       4       java.lang.ref.ReferenceQueue::poll0 (65 bytes)
Event: 7.786 Thread 0x000001ecf78c1900 nmethod 9090 0x000001ece412a190 code [0x000001ece412a320, 0x000001ece412a448]
Event: 7.787 Thread 0x000001ecf78c1900 9060       4       org.eclipse.core.internal.events.ResourceDelta::getKind (9 bytes)
Event: 7.787 Thread 0x000001ecf78c1900 nmethod 9060 0x000001ece412a510 code [0x000001ece412a6a0, 0x000001ece412a738]
Event: 7.792 Thread 0x000001ecee89d0f0 9091       3       org.eclipse.jdt.internal.compiler.classfmt.MethodInfo::decodeMethodParameters (129 bytes)

GC Heap History (20 events):
Event: 6.656 GC heap after
{Heap after GC invocations=257 (full 2):
 PSYoungGen      total 6144K, used 1524K [0x00000000eab00000, 0x00000000eb580000, 0x0000000100000000)
  eden space 4608K, 0% used [0x00000000eab00000,0x00000000eab00000,0x00000000eaf80000)
  from space 1536K, 99% used [0x00000000eaf80000,0x00000000eb0fd0d0,0x00000000eb100000)
  to   space 3072K, 0% used [0x00000000eb280000,0x00000000eb280000,0x00000000eb580000)
 ParOldGen       total 267776K, used 267567K [0x00000000c0000000, 0x00000000d0580000, 0x00000000eab00000)
  object space 267776K, 99% used [0x00000000c0000000,0x00000000d054bff8,0x00000000d0580000)
 Metaspace       used 54576K, committed 55936K, reserved 1114112K
  class space    used 5644K, committed 6272K, reserved 1048576K
}
Event: 6.660 GC heap before
{Heap before GC invocations=258 (full 2):
 PSYoungGen      total 6144K, used 6132K [0x00000000eab00000, 0x00000000eb580000, 0x0000000100000000)
  eden space 4608K, 100% used [0x00000000eab00000,0x00000000eaf80000,0x00000000eaf80000)
  from space 1536K, 99% used [0x00000000eaf80000,0x00000000eb0fd0d0,0x00000000eb100000)
  to   space 3072K, 0% used [0x00000000eb280000,0x00000000eb280000,0x00000000eb580000)
 ParOldGen       total 267776K, used 267567K [0x00000000c0000000, 0x00000000d0580000, 0x00000000eab00000)
  object space 267776K, 99% used [0x00000000c0000000,0x00000000d054bff8,0x00000000d0580000)
 Metaspace       used 54577K, committed 55936K, reserved 1114112K
  class space    used 5644K, committed 6272K, reserved 1048576K
}
Event: 7.674 GC heap after
{Heap after GC invocations=258 (full 2):
 PSYoungGen      total 7680K, used 1240K [0x00000000eab00000, 0x00000000eb480000, 0x0000000100000000)
  eden space 5632K, 0% used [0x00000000eab00000,0x00000000eab00000,0x00000000eb080000)
  from space 2048K, 60% used [0x00000000eb280000,0x00000000eb3b63d0,0x00000000eb480000)
  to   space 2048K, 0% used [0x00000000eb080000,0x00000000eb080000,0x00000000eb280000)
 ParOldGen       total 268800K, used 268517K [0x00000000c0000000, 0x00000000d0680000, 0x00000000eab00000)
  object space 268800K, 99% used [0x00000000c0000000,0x00000000d0639658,0x00000000d0680000)
 Metaspace       used 54577K, committed 55936K, reserved 1114112K
  class space    used 5644K, committed 6272K, reserved 1048576K
}
Event: 7.678 GC heap before
{Heap before GC invocations=259 (full 2):
 PSYoungGen      total 7680K, used 6872K [0x00000000eab00000, 0x00000000eb480000, 0x0000000100000000)
  eden space 5632K, 100% used [0x00000000eab00000,0x00000000eb080000,0x00000000eb080000)
  from space 2048K, 60% used [0x00000000eb280000,0x00000000eb3b63d0,0x00000000eb480000)
  to   space 2048K, 0% used [0x00000000eb080000,0x00000000eb080000,0x00000000eb280000)
 ParOldGen       total 268800K, used 268517K [0x00000000c0000000, 0x00000000d0680000, 0x00000000eab00000)
  object space 268800K, 99% used [0x00000000c0000000,0x00000000d0639658,0x00000000d0680000)
 Metaspace       used 54597K, committed 55936K, reserved 1114112K
  class space    used 5644K, committed 6272K, reserved 1048576K
}
Event: 7.679 GC heap after
{Heap after GC invocations=259 (full 2):
 PSYoungGen      total 7680K, used 1227K [0x00000000eab00000, 0x00000000eb500000, 0x0000000100000000)
  eden space 5632K, 0% used [0x00000000eab00000,0x00000000eab00000,0x00000000eb080000)
  from space 2048K, 59% used [0x00000000eb080000,0x00000000eb1b2d00,0x00000000eb280000)
  to   space 1536K, 0% used [0x00000000eb380000,0x00000000eb380000,0x00000000eb500000)
 ParOldGen       total 269312K, used 269159K [0x00000000c0000000, 0x00000000d0700000, 0x00000000eab00000)
  object space 269312K, 99% used [0x00000000c0000000,0x00000000d06d9c60,0x00000000d0700000)
 Metaspace       used 54597K, committed 55936K, reserved 1114112K
  class space    used 5644K, committed 6272K, reserved 1048576K
}
Event: 7.682 GC heap before
{Heap before GC invocations=260 (full 2):
 PSYoungGen      total 7680K, used 6859K [0x00000000eab00000, 0x00000000eb500000, 0x0000000100000000)
  eden space 5632K, 100% used [0x00000000eab00000,0x00000000eb080000,0x00000000eb080000)
  from space 2048K, 59% used [0x00000000eb080000,0x00000000eb1b2d00,0x00000000eb280000)
  to   space 1536K, 0% used [0x00000000eb380000,0x00000000eb380000,0x00000000eb500000)
 ParOldGen       total 269312K, used 269159K [0x00000000c0000000, 0x00000000d0700000, 0x00000000eab00000)
  object space 269312K, 99% used [0x00000000c0000000,0x00000000d06d9c60,0x00000000d0700000)
 Metaspace       used 54605K, committed 55936K, reserved 1114112K
  class space    used 5645K, committed 6272K, reserved 1048576K
}
Event: 7.684 GC heap after
{Heap after GC invocations=260 (full 2):
 PSYoungGen      total 7168K, used 1521K [0x00000000eab00000, 0x00000000eb800000, 0x0000000100000000)
  eden space 5632K, 0% used [0x00000000eab00000,0x00000000eab00000,0x00000000eb080000)
  from space 1536K, 99% used [0x00000000eb380000,0x00000000eb4fc688,0x00000000eb500000)
  to   space 3072K, 0% used [0x00000000eb080000,0x00000000eb080000,0x00000000eb380000)
 ParOldGen       total 270336K, used 270064K [0x00000000c0000000, 0x00000000d0800000, 0x00000000eab00000)
  object space 270336K, 99% used [0x00000000c0000000,0x00000000d07bc088,0x00000000d0800000)
 Metaspace       used 54605K, committed 55936K, reserved 1114112K
  class space    used 5645K, committed 6272K, reserved 1048576K
}
Event: 7.687 GC heap before
{Heap before GC invocations=261 (full 2):
 PSYoungGen      total 7168K, used 7153K [0x00000000eab00000, 0x00000000eb800000, 0x0000000100000000)
  eden space 5632K, 100% used [0x00000000eab00000,0x00000000eb080000,0x00000000eb080000)
  from space 1536K, 99% used [0x00000000eb380000,0x00000000eb4fc688,0x00000000eb500000)
  to   space 3072K, 0% used [0x00000000eb080000,0x00000000eb080000,0x00000000eb380000)
 ParOldGen       total 270336K, used 270064K [0x00000000c0000000, 0x00000000d0800000, 0x00000000eab00000)
  object space 270336K, 99% used [0x00000000c0000000,0x00000000d07bc088,0x00000000d0800000)
 Metaspace       used 54615K, committed 56000K, reserved 1114112K
  class space    used 5647K, committed 6272K, reserved 1048576K
}
Event: 7.688 GC heap after
{Heap after GC invocations=261 (full 2):
 PSYoungGen      total 8704K, used 1292K [0x00000000eab00000, 0x00000000eb600000, 0x0000000100000000)
  eden space 5632K, 0% used [0x00000000eab00000,0x00000000eab00000,0x00000000eb080000)
  from space 3072K, 42% used [0x00000000eb080000,0x00000000eb1c3180,0x00000000eb380000)
  to   space 2048K, 0% used [0x00000000eb400000,0x00000000eb400000,0x00000000eb600000)
 ParOldGen       total 271360K, used 270911K [0x00000000c0000000, 0x00000000d0900000, 0x00000000eab00000)
  object space 271360K, 99% used [0x00000000c0000000,0x00000000d088fde0,0x00000000d0900000)
 Metaspace       used 54615K, committed 56000K, reserved 1114112K
  class space    used 5647K, committed 6272K, reserved 1048576K
}
Event: 7.711 GC heap before
{Heap before GC invocations=262 (full 2):
 PSYoungGen      total 8704K, used 6924K [0x00000000eab00000, 0x00000000eb600000, 0x0000000100000000)
  eden space 5632K, 100% used [0x00000000eab00000,0x00000000eb080000,0x00000000eb080000)
  from space 3072K, 42% used [0x00000000eb080000,0x00000000eb1c3180,0x00000000eb380000)
  to   space 2048K, 0% used [0x00000000eb400000,0x00000000eb400000,0x00000000eb600000)
 ParOldGen       total 271360K, used 270911K [0x00000000c0000000, 0x00000000d0900000, 0x00000000eab00000)
  object space 271360K, 99% used [0x00000000c0000000,0x00000000d088fde0,0x00000000d0900000)
 Metaspace       used 54707K, committed 56064K, reserved 1114112K
  class space    used 5657K, committed 6272K, reserved 1048576K
}
Event: 7.712 GC heap after
{Heap after GC invocations=262 (full 2):
 PSYoungGen      total 9216K, used 1751K [0x00000000eab00000, 0x00000000eb600000, 0x0000000100000000)
  eden space 7168K, 0% used [0x00000000eab00000,0x00000000eab00000,0x00000000eb200000)
  from space 2048K, 85% used [0x00000000eb400000,0x00000000eb5b5d88,0x00000000eb600000)
  to   space 2048K, 0% used [0x00000000eb200000,0x00000000eb200000,0x00000000eb400000)
 ParOldGen       total 271872K, used 271362K [0x00000000c0000000, 0x00000000d0980000, 0x00000000eab00000)
  object space 271872K, 99% used [0x00000000c0000000,0x00000000d0900b38,0x00000000d0980000)
 Metaspace       used 54707K, committed 56064K, reserved 1114112K
  class space    used 5657K, committed 6272K, reserved 1048576K
}
Event: 7.724 GC heap before
{Heap before GC invocations=263 (full 2):
 PSYoungGen      total 9216K, used 8919K [0x00000000eab00000, 0x00000000eb600000, 0x0000000100000000)
  eden space 7168K, 100% used [0x00000000eab00000,0x00000000eb200000,0x00000000eb200000)
  from space 2048K, 85% used [0x00000000eb400000,0x00000000eb5b5d88,0x00000000eb600000)
  to   space 2048K, 0% used [0x00000000eb200000,0x00000000eb200000,0x00000000eb400000)
 ParOldGen       total 271872K, used 271362K [0x00000000c0000000, 0x00000000d0980000, 0x00000000eab00000)
  object space 271872K, 99% used [0x00000000c0000000,0x00000000d0900b38,0x00000000d0980000)
 Metaspace       used 55007K, committed 56384K, reserved 1114112K
  class space    used 5677K, committed 6336K, reserved 1048576K
}
Event: 7.725 GC heap after
{Heap after GC invocations=263 (full 2):
 PSYoungGen      total 8704K, used 1236K [0x00000000eab00000, 0x00000000eb500000, 0x0000000100000000)
  eden space 7168K, 0% used [0x00000000eab00000,0x00000000eab00000,0x00000000eb200000)
  from space 1536K, 80% used [0x00000000eb200000,0x00000000eb3353b0,0x00000000eb380000)
  to   space 1536K, 0% used [0x00000000eb380000,0x00000000eb380000,0x00000000eb500000)
 ParOldGen       total 272384K, used 271996K [0x00000000c0000000, 0x00000000d0a00000, 0x00000000eab00000)
  object space 272384K, 99% used [0x00000000c0000000,0x00000000d099f1c8,0x00000000d0a00000)
 Metaspace       used 55007K, committed 56384K, reserved 1114112K
  class space    used 5677K, committed 6336K, reserved 1048576K
}
Event: 7.736 GC heap before
{Heap before GC invocations=264 (full 2):
 PSYoungGen      total 8704K, used 8404K [0x00000000eab00000, 0x00000000eb500000, 0x0000000100000000)
  eden space 7168K, 100% used [0x00000000eab00000,0x00000000eb200000,0x00000000eb200000)
  from space 1536K, 80% used [0x00000000eb200000,0x00000000eb3353b0,0x00000000eb380000)
  to   space 1536K, 0% used [0x00000000eb380000,0x00000000eb380000,0x00000000eb500000)
 ParOldGen       total 272384K, used 271996K [0x00000000c0000000, 0x00000000d0a00000, 0x00000000eab00000)
  object space 272384K, 99% used [0x00000000c0000000,0x00000000d099f1c8,0x00000000d0a00000)
 Metaspace       used 55108K, committed 56512K, reserved 1114112K
  class space    used 5692K, committed 6336K, reserved 1048576K
}
Event: 7.738 GC heap after
{Heap after GC invocations=264 (full 2):
 PSYoungGen      total 7168K, used 1523K [0x00000000eab00000, 0x00000000eb800000, 0x0000000100000000)
  eden space 5632K, 0% used [0x00000000eab00000,0x00000000eab00000,0x00000000eb080000)
  from space 1536K, 99% used [0x00000000eb380000,0x00000000eb4fcc80,0x00000000eb500000)
  to   space 3072K, 0% used [0x00000000eb080000,0x00000000eb080000,0x00000000eb380000)
 ParOldGen       total 273408K, used 273013K [0x00000000c0000000, 0x00000000d0b00000, 0x00000000eab00000)
  object space 273408K, 99% used [0x00000000c0000000,0x00000000d0a9d770,0x00000000d0b00000)
 Metaspace       used 55108K, committed 56512K, reserved 1114112K
  class space    used 5692K, committed 6336K, reserved 1048576K
}
Event: 7.754 GC heap before
{Heap before GC invocations=265 (full 2):
 PSYoungGen      total 7168K, used 7153K [0x00000000eab00000, 0x00000000eb800000, 0x0000000100000000)
  eden space 5632K, 99% used [0x00000000eab00000,0x00000000eb07f830,0x00000000eb080000)
  from space 1536K, 99% used [0x00000000eb380000,0x00000000eb4fcc80,0x00000000eb500000)
  to   space 3072K, 0% used [0x00000000eb080000,0x00000000eb080000,0x00000000eb380000)
 ParOldGen       total 273408K, used 273013K [0x00000000c0000000, 0x00000000d0b00000, 0x00000000eab00000)
  object space 273408K, 99% used [0x00000000c0000000,0x00000000d0a9d770,0x00000000d0b00000)
 Metaspace       used 55267K, committed 56640K, reserved 1114112K
  class space    used 5707K, committed 6336K, reserved 1048576K
}
Event: 7.756 GC heap after
{Heap after GC invocations=265 (full 2):
 PSYoungGen      total 7168K, used 1460K [0x00000000eab00000, 0x00000000eb480000, 0x0000000100000000)
  eden space 5632K, 0% used [0x00000000eab00000,0x00000000eab00000,0x00000000eb080000)
  from space 1536K, 95% used [0x00000000eb080000,0x00000000eb1ed170,0x00000000eb200000)
  to   space 2048K, 0% used [0x00000000eb280000,0x00000000eb280000,0x00000000eb480000)
 ParOldGen       total 274432K, used 274406K [0x00000000c0000000, 0x00000000d0c00000, 0x00000000eab00000)
  object space 274432K, 99% used [0x00000000c0000000,0x00000000d0bf9ba0,0x00000000d0c00000)
 Metaspace       used 55267K, committed 56640K, reserved 1114112K
  class space    used 5707K, committed 6336K, reserved 1048576K
}
Event: 7.773 GC heap before
{Heap before GC invocations=266 (full 2):
 PSYoungGen      total 7168K, used 7092K [0x00000000eab00000, 0x00000000eb480000, 0x0000000100000000)
  eden space 5632K, 100% used [0x00000000eab00000,0x00000000eb080000,0x00000000eb080000)
  from space 1536K, 95% used [0x00000000eb080000,0x00000000eb1ed170,0x00000000eb200000)
  to   space 2048K, 0% used [0x00000000eb280000,0x00000000eb280000,0x00000000eb480000)
 ParOldGen       total 274432K, used 274406K [0x00000000c0000000, 0x00000000d0c00000, 0x00000000eab00000)
  object space 274432K, 99% used [0x00000000c0000000,0x00000000d0bf9ba0,0x00000000d0c00000)
 Metaspace       used 55428K, committed 56768K, reserved 1114112K
  class space    used 5725K, committed 6336K, reserved 1048576K
}
Event: 7.776 GC heap after
{Heap after GC invocations=266 (full 2):
 PSYoungGen      total 7168K, used 1311K [0x00000000eab00000, 0x00000000eb400000, 0x0000000100000000)
  eden space 5632K, 0% used [0x00000000eab00000,0x00000000eab00000,0x00000000eb080000)
  from space 1536K, 85% used [0x00000000eb280000,0x00000000eb3c7e90,0x00000000eb400000)
  to   space 1536K, 0% used [0x00000000eb080000,0x00000000eb080000,0x00000000eb200000)
 ParOldGen       total 275968K, used 275632K [0x00000000c0000000, 0x00000000d0d80000, 0x00000000eab00000)
  object space 275968K, 99% used [0x00000000c0000000,0x00000000d0d2c368,0x00000000d0d80000)
 Metaspace       used 55428K, committed 56768K, reserved 1114112K
  class space    used 5725K, committed 6336K, reserved 1048576K
}
Event: 7.795 GC heap before
{Heap before GC invocations=267 (full 2):
 PSYoungGen      total 7168K, used 6943K [0x00000000eab00000, 0x00000000eb400000, 0x0000000100000000)
  eden space 5632K, 100% used [0x00000000eab00000,0x00000000eb080000,0x00000000eb080000)
  from space 1536K, 85% used [0x00000000eb280000,0x00000000eb3c7e90,0x00000000eb400000)
  to   space 1536K, 0% used [0x00000000eb080000,0x00000000eb080000,0x00000000eb200000)
 ParOldGen       total 275968K, used 275632K [0x00000000c0000000, 0x00000000d0d80000, 0x00000000eab00000)
  object space 275968K, 99% used [0x00000000c0000000,0x00000000d0d2c368,0x00000000d0d80000)
 Metaspace       used 55509K, committed 56832K, reserved 1114112K
  class space    used 5734K, committed 6336K, reserved 1048576K
}

Dll operation events (10 events):
Event: 0.008 Loaded shared library c:\Users\MSI\.vscode\extensions\redhat.java-1.41.1-win32-x64\jre\21.0.6-win32-x86_64\bin\java.dll
Event: 0.053 Loaded shared library c:\Users\MSI\.vscode\extensions\redhat.java-1.41.1-win32-x64\jre\21.0.6-win32-x86_64\bin\zip.dll
Event: 0.090 Loaded shared library C:\Users\MSI\.vscode\extensions\redhat.java-1.41.1-win32-x64\jre\21.0.6-win32-x86_64\bin\instrument.dll
Event: 0.093 Loaded shared library C:\Users\MSI\.vscode\extensions\redhat.java-1.41.1-win32-x64\jre\21.0.6-win32-x86_64\bin\net.dll
Event: 0.095 Loaded shared library C:\Users\MSI\.vscode\extensions\redhat.java-1.41.1-win32-x64\jre\21.0.6-win32-x86_64\bin\nio.dll
Event: 0.097 Loaded shared library C:\Users\MSI\.vscode\extensions\redhat.java-1.41.1-win32-x64\jre\21.0.6-win32-x86_64\bin\zip.dll
Event: 0.108 Loaded shared library C:\Users\MSI\.vscode\extensions\redhat.java-1.41.1-win32-x64\jre\21.0.6-win32-x86_64\bin\jimage.dll
Event: 0.153 Loaded shared library c:\Users\MSI\.vscode\extensions\redhat.java-1.41.1-win32-x64\jre\21.0.6-win32-x86_64\bin\verify.dll
Event: 0.817 Loaded shared library C:\Users\MSI\AppData\Roaming\Code\User\globalStorage\redhat.java\1.41.1\config_win\org.eclipse.equinox.launcher\org.eclipse.equinox.launcher.win32.win32.x86_64_1.2.1300.v20250331-1702\eclipse_11911.dll
Event: 1.759 Loaded shared library C:\Users\MSI\AppData\Local\Temp\jna-76643\jna4809392614109438415.dll

Deoptimization events (20 events):
Event: 6.611 Thread 0x000001ecf50b1590 DEOPT PACKING pc=0x000001ece3d87d68 sp=0x00000027acdfa780
Event: 6.611 Thread 0x000001ecf50b1590 DEOPT UNPACKING pc=0x000001ece3463aa2 sp=0x00000027acdfa728 mode 2
Event: 6.611 Thread 0x000001ecf50b1590 Uncommon trap: trap_request=0xffffffde fr.pc=0x000001ece3d87d68 relative=0x0000000000007aa8
Event: 6.611 Thread 0x000001ecf50b1590 Uncommon trap: reason=class_check action=maybe_recompile pc=0x000001ece3d87d68 method=lombok.patcher.PatchScript$MethodPatcher.visitMethod(ILjava/lang/String;Ljava/lang/String;Ljava/lang/String;[Ljava/lang/String;)Lorg/lombokweb/asm/MethodVisitor; @ 101 c
Event: 6.611 Thread 0x000001ecf50b1590 DEOPT PACKING pc=0x000001ece3d87d68 sp=0x00000027acdfa780
Event: 6.611 Thread 0x000001ecf50b1590 DEOPT UNPACKING pc=0x000001ece3463aa2 sp=0x00000027acdfa728 mode 2
Event: 6.611 Thread 0x000001ecf50b1590 Uncommon trap: trap_request=0xffffffde fr.pc=0x000001ece3d87d68 relative=0x0000000000007aa8
Event: 6.611 Thread 0x000001ecf50b1590 Uncommon trap: reason=class_check action=maybe_recompile pc=0x000001ece3d87d68 method=lombok.patcher.PatchScript$MethodPatcher.visitMethod(ILjava/lang/String;Ljava/lang/String;Ljava/lang/String;[Ljava/lang/String;)Lorg/lombokweb/asm/MethodVisitor; @ 101 c
Event: 6.611 Thread 0x000001ecf50b1590 DEOPT PACKING pc=0x000001ece3d87d68 sp=0x00000027acdfa780
Event: 6.611 Thread 0x000001ecf50b1590 DEOPT UNPACKING pc=0x000001ece3463aa2 sp=0x00000027acdfa728 mode 2
Event: 6.611 Thread 0x000001ecf50b1590 Uncommon trap: trap_request=0xffffffde fr.pc=0x000001ece3d87d68 relative=0x0000000000007aa8
Event: 6.611 Thread 0x000001ecf50b1590 Uncommon trap: reason=class_check action=maybe_recompile pc=0x000001ece3d87d68 method=lombok.patcher.PatchScript$MethodPatcher.visitMethod(ILjava/lang/String;Ljava/lang/String;Ljava/lang/String;[Ljava/lang/String;)Lorg/lombokweb/asm/MethodVisitor; @ 101 c
Event: 6.611 Thread 0x000001ecf50b1590 DEOPT PACKING pc=0x000001ece3d87d68 sp=0x00000027acdfa780
Event: 6.611 Thread 0x000001ecf50b1590 DEOPT UNPACKING pc=0x000001ece3463aa2 sp=0x00000027acdfa728 mode 2
Event: 6.611 Thread 0x000001ecf50b1590 Uncommon trap: trap_request=0xffffffde fr.pc=0x000001ece3d45730 relative=0x0000000000000ff0
Event: 6.611 Thread 0x000001ecf50b1590 Uncommon trap: reason=class_check action=maybe_recompile pc=0x000001ece3d45730 method=lombok.patcher.PatchScript$MethodPatcher.visitMethod(ILjava/lang/String;Ljava/lang/String;Ljava/lang/String;[Ljava/lang/String;)Lorg/lombokweb/asm/MethodVisitor; @ 101 c
Event: 6.611 Thread 0x000001ecf50b1590 DEOPT PACKING pc=0x000001ece3d45730 sp=0x00000027acdfa740
Event: 6.611 Thread 0x000001ecf50b1590 DEOPT UNPACKING pc=0x000001ece3463aa2 sp=0x00000027acdfa728 mode 2
Event: 6.623 Thread 0x000001ecf50b1590 DEOPT PACKING pc=0x000001ecdc92d433 sp=0x00000027acdfa8e0
Event: 6.623 Thread 0x000001ecf50b1590 DEOPT UNPACKING pc=0x000001ece3464242 sp=0x00000027acdf9e10 mode 0

Classes loaded (20 events):
Event: 5.749 Loading class java/util/stream/MatchOps$MatchKind
Event: 5.750 Loading class java/util/stream/MatchOps$MatchKind done
Event: 5.750 Loading class java/util/stream/MatchOps
Event: 5.750 Loading class java/util/stream/MatchOps done
Event: 5.750 Loading class java/util/stream/MatchOps$MatchOp
Event: 5.750 Loading class java/util/stream/MatchOps$MatchOp done
Event: 5.750 Loading class java/util/stream/MatchOps$BooleanTerminalSink
Event: 5.751 Loading class java/util/stream/MatchOps$BooleanTerminalSink done
Event: 5.751 Loading class java/util/stream/MatchOps$1MatchSink
Event: 5.751 Loading class java/util/stream/MatchOps$1MatchSink done
Event: 5.908 Loading class java/util/concurrent/ForkJoinTask$AdaptedCallable
Event: 5.908 Loading class java/util/concurrent/ForkJoinTask$AdaptedCallable done
Event: 5.947 Loading class java/lang/Runtime$VersionPattern
Event: 5.947 Loading class java/lang/Runtime$VersionPattern done
Event: 6.121 Loading class java/util/Vector$1
Event: 6.121 Loading class java/util/Vector$1 done
Event: 6.384 Loading class java/util/regex/Pattern$Caret
Event: 6.384 Loading class java/util/regex/Pattern$Caret done
Event: 6.423 Loading class java/util/regex/Pattern$LazyLoop
Event: 6.424 Loading class java/util/regex/Pattern$LazyLoop done

Classes unloaded (7 events):
Event: 2.089 Thread 0x000001eced1a4070 Unloading class 0x000001ec81194800 'java/lang/invoke/LambdaForm$MH+0x000001ec81194800'
Event: 2.089 Thread 0x000001eced1a4070 Unloading class 0x000001ec81194400 'java/lang/invoke/LambdaForm$MH+0x000001ec81194400'
Event: 2.089 Thread 0x000001eced1a4070 Unloading class 0x000001ec81194000 'java/lang/invoke/LambdaForm$MH+0x000001ec81194000'
Event: 2.089 Thread 0x000001eced1a4070 Unloading class 0x000001ec81193c00 'java/lang/invoke/LambdaForm$MH+0x000001ec81193c00'
Event: 2.089 Thread 0x000001eced1a4070 Unloading class 0x000001ec81193800 'java/lang/invoke/LambdaForm$BMH+0x000001ec81193800'
Event: 2.089 Thread 0x000001eced1a4070 Unloading class 0x000001ec81193400 'java/lang/invoke/LambdaForm$DMH+0x000001ec81193400'
Event: 2.089 Thread 0x000001eced1a4070 Unloading class 0x000001ec81192400 'java/lang/invoke/LambdaForm$DMH+0x000001ec81192400'

Classes redefined (0 events):
No events

Internal exceptions (20 events):
Event: 4.678 Thread 0x000001ecf50b1590 Exception <a 'sun/nio/fs/WindowsException'{0x00000000eac09200}> (0x00000000eac09200) 
thrown [s\src\hotspot\share\prims\jni.cpp, line 520]
Event: 4.726 Thread 0x000001ecf50b1590 Exception <a 'java/io/FileNotFoundException'{0x00000000eb19af10}> (0x00000000eb19af10) 
thrown [s\src\hotspot\share\prims\jni.cpp, line 520]
Event: 4.726 Thread 0x000001ecf50b1590 Exception <a 'java/io/FileNotFoundException'{0x00000000eb1d99d8}> (0x00000000eb1d99d8) 
thrown [s\src\hotspot\share\prims\jni.cpp, line 520]
Event: 4.732 Thread 0x000001ecf50b1590 Exception <a 'java/io/FileNotFoundException'{0x00000000eac16578}> (0x00000000eac16578) 
thrown [s\src\hotspot\share\prims\jni.cpp, line 520]
Event: 4.732 Thread 0x000001ecf50b1590 Exception <a 'java/io/FileNotFoundException'{0x00000000eac178f8}> (0x00000000eac178f8) 
thrown [s\src\hotspot\share\prims\jni.cpp, line 520]
Event: 4.732 Thread 0x000001ecf50b1590 Exception <a 'java/io/FileNotFoundException'{0x00000000eac18900}> (0x00000000eac18900) 
thrown [s\src\hotspot\share\prims\jni.cpp, line 520]
Event: 4.952 Thread 0x000001ecf50b0870 Exception <a 'java/lang/ExceptionInInitializerError'{0x00000000ead4a768}> (0x00000000ead4a768) 
thrown [s\src\hotspot\share\oops\instanceKlass.cpp, line 1220]
Event: 4.985 Thread 0x000001ecf50b0870 Implicit null exception at 0x000001ece3cae6fe to 0x000001ece3cae970
Event: 4.985 Thread 0x000001ecf50b0870 Implicit null exception at 0x000001ece3c0e11c to 0x000001ece3c0efe0
Event: 4.987 Thread 0x000001ecf50b0870 Exception <a 'java/lang/NoSuchMethodError'{0x00000000eaca7518}: 'java.lang.Object java.lang.invoke.Invokers$Holder.invokeExact_MT(java.lang.Object, int, java.lang.Object)'> (0x00000000eaca7518) 
thrown [s\src\hotspot\share\interpreter\linkResolver.cpp, line 773]
Event: 5.359 Thread 0x000001ecf50b0870 Exception <a 'java/lang/NoClassDefFoundError'{0x00000000ead9d268}: com/google/inject/servlet/ServletModuleTargetVisitor> (0x00000000ead9d268) 
thrown [s\src\hotspot\share\classfile\systemDictionary.cpp, line 301]
Event: 5.481 Thread 0x000001ecf50b0f00 Implicit null exception at 0x000001ece3fde9e4 to 0x000001ece3fe3e90
Event: 5.658 Thread 0x000001ecf72db070 Exception <a 'java/lang/IncompatibleClassChangeError'{0x00000000eab10c50}: Found class java.lang.Object, but interface was expected> (0x00000000eab10c50) 
thrown [s\src\hotspot\share\interpreter\linkResolver.cpp, line 840]
Event: 5.907 Thread 0x000001ecf50b1590 Exception <a 'sun/nio/fs/WindowsException'{0x00000000eae2e2e0}> (0x00000000eae2e2e0) 
thrown [s\src\hotspot\share\prims\jni.cpp, line 520]
Event: 5.911 Thread 0x000001ecf72db700 Exception <a 'sun/nio/fs/WindowsException'{0x00000000eab3f398}> (0x00000000eab3f398) 
thrown [s\src\hotspot\share\prims\jni.cpp, line 520]
Event: 5.912 Thread 0x000001ecf72dcab0 Exception <a 'sun/nio/fs/WindowsException'{0x00000000eab841a0}> (0x00000000eab841a0) 
thrown [s\src\hotspot\share\prims\jni.cpp, line 520]
Event: 5.912 Thread 0x000001ecf72dbd90 Exception <a 'sun/nio/fs/WindowsException'{0x00000000eaba0ff0}> (0x00000000eaba0ff0) 
thrown [s\src\hotspot\share\prims\jni.cpp, line 520]
Event: 5.912 Thread 0x000001ecf72d9cc0 Exception <a 'sun/nio/fs/WindowsException'{0x00000000eabd5b00}> (0x00000000eabd5b00) 
thrown [s\src\hotspot\share\prims\jni.cpp, line 520]
Event: 5.912 Thread 0x000001ecf72dc420 Exception <a 'sun/nio/fs/WindowsException'{0x00000000eabb9470}> (0x00000000eabb9470) 
thrown [s\src\hotspot\share\prims\jni.cpp, line 520]
Event: 6.512 Thread 0x000001ecf50b1590 Implicit null exception at 0x000001ece3d13482 to 0x000001ece3d1357c

ZGC Phase Switch (0 events):
No events

VM Operations (20 events):
Event: 7.674 Executing VM operation: ParallelGCFailedAllocation (Allocation Failure) done
Event: 7.678 Executing VM operation: ParallelGCFailedAllocation (Allocation Failure)
Event: 7.679 Executing VM operation: ParallelGCFailedAllocation (Allocation Failure) done
Event: 7.682 Executing VM operation: ParallelGCFailedAllocation (Allocation Failure)
Event: 7.684 Executing VM operation: ParallelGCFailedAllocation (Allocation Failure) done
Event: 7.687 Executing VM operation: ParallelGCFailedAllocation (Allocation Failure)
Event: 7.688 Executing VM operation: ParallelGCFailedAllocation (Allocation Failure) done
Event: 7.694 Executing VM operation: ParallelGCFailedAllocation (Allocation Failure)
Event: 7.712 Executing VM operation: ParallelGCFailedAllocation (Allocation Failure) done
Event: 7.712 Executing VM operation: HandshakeAllThreads (Deoptimize)
Event: 7.712 Executing VM operation: HandshakeAllThreads (Deoptimize) done
Event: 7.724 Executing VM operation: ParallelGCFailedAllocation (Allocation Failure)
Event: 7.725 Executing VM operation: ParallelGCFailedAllocation (Allocation Failure) done
Event: 7.736 Executing VM operation: ParallelGCFailedAllocation (Allocation Failure)
Event: 7.738 Executing VM operation: ParallelGCFailedAllocation (Allocation Failure) done
Event: 7.754 Executing VM operation: ParallelGCFailedAllocation (Allocation Failure)
Event: 7.756 Executing VM operation: ParallelGCFailedAllocation (Allocation Failure) done
Event: 7.772 Executing VM operation: ParallelGCFailedAllocation (Allocation Failure)
Event: 7.776 Executing VM operation: ParallelGCFailedAllocation (Allocation Failure) done
Event: 7.795 Executing VM operation: ParallelGCFailedAllocation (Allocation Failure)

Memory protections (0 events):
No events

Nmethod flushes (20 events):
Event: 3.217 Thread 0x000001eced1a4070 flushing  nmethod 0x000001ecdc6dbe90
Event: 3.217 Thread 0x000001eced1a4070 flushing  nmethod 0x000001ecdc6dc390
Event: 3.217 Thread 0x000001eced1a4070 flushing  nmethod 0x000001ecdc6dcc90
Event: 3.217 Thread 0x000001eced1a4070 flushing  nmethod 0x000001ecdc6de090
Event: 3.217 Thread 0x000001eced1a4070 flushing  nmethod 0x000001ecdc6dfb10
Event: 3.217 Thread 0x000001eced1a4070 flushing  nmethod 0x000001ecdc6e1590
Event: 3.217 Thread 0x000001eced1a4070 flushing  nmethod 0x000001ecdc723510
Event: 3.217 Thread 0x000001eced1a4070 flushing  nmethod 0x000001ecdc729c90
Event: 3.217 Thread 0x000001eced1a4070 flushing  nmethod 0x000001ecdc74b010
Event: 3.217 Thread 0x000001eced1a4070 flushing  nmethod 0x000001ecdc7c8290
Event: 3.217 Thread 0x000001eced1a4070 flushing osr nmethod 0x000001ecdc7cd790
Event: 3.217 Thread 0x000001eced1a4070 flushing  nmethod 0x000001ecdc7ea990
Event: 3.217 Thread 0x000001eced1a4070 flushing  nmethod 0x000001ecdc823310
Event: 3.217 Thread 0x000001eced1a4070 flushing  nmethod 0x000001ecdc834410
Event: 3.217 Thread 0x000001eced1a4070 flushing  nmethod 0x000001ecdc834890
Event: 3.217 Thread 0x000001eced1a4070 flushing  nmethod 0x000001ecdc835810
Event: 3.217 Thread 0x000001eced1a4070 flushing  nmethod 0x000001ecdc85f610
Event: 3.217 Thread 0x000001eced1a4070 flushing  nmethod 0x000001ecdc85fc10
Event: 3.217 Thread 0x000001eced1a4070 flushing  nmethod 0x000001ecdc885f90
Event: 3.217 Thread 0x000001eced1a4070 flushing  nmethod 0x000001ecdc8a9f10

Events (20 events):
Event: 5.941 Thread 0x000001ecf50b1590 Thread added: 0x000001ecf72de4f0
Event: 5.941 Thread 0x000001ecf50b1590 Thread added: 0x000001ecf72deb80
Event: 5.941 Thread 0x000001ecf50b1590 Thread added: 0x000001ecfc64c120
Event: 5.941 Thread 0x000001ecf50b1590 Thread added: 0x000001ecfc648ca0
Event: 5.942 Thread 0x000001ecf50b1590 Thread added: 0x000001ecfc649330
Event: 5.942 Thread 0x000001ecfc64c120 Thread added: 0x000001ecfc64ce40
Event: 5.942 Thread 0x000001ecf72deb80 Thread added: 0x000001ecfc64b400
Event: 5.942 Thread 0x000001ecf72de4f0 Thread added: 0x000001ecfc64ba90
Event: 5.942 Thread 0x000001ecfc64b400 Thread added: 0x000001ecfc6499c0
Event: 5.942 Thread 0x000001ecfc64ba90 Thread added: 0x000001ecfc64a6e0
Event: 5.942 Thread 0x000001ecfc64ce40 Thread added: 0x000001ecfc64c7b0
Event: 5.943 Thread 0x000001ecfc64a6e0 Thread added: 0x000001ecfc64a050
Event: 5.943 Thread 0x000001ecfc64c7b0 Thread added: 0x000001ecfc64ad70
Event: 5.943 Thread 0x000001ecfc649330 Thread added: 0x000001ecfc64d4d0
Event: 6.379 Thread 0x000001ecf78c0490 Thread exited: 0x000001ecf78c0490
Event: 6.425 Thread 0x000001ecf78bfdc0 Thread exited: 0x000001ecf78bfdc0
Event: 6.425 Thread 0x000001ecf78bf6f0 Thread exited: 0x000001ecf78bf6f0
Event: 7.674 Thread 0x000001ecee89b5b0 Thread exited: 0x000001ecee89b5b0
Event: 7.674 Thread 0x000001ecf4d1a9a0 Thread exited: 0x000001ecf4d1a9a0
Event: 7.675 Thread 0x000001ecee89c350 Thread added: 0x000001ecf78bf6f0


Dynamic libraries:
0x00007ff65c9b0000 - 0x00007ff65c9be000 	c:\Users\MSI\.vscode\extensions\redhat.java-1.41.1-win32-x64\jre\21.0.6-win32-x86_64\bin\java.exe
0x00007ffee5c80000 - 0x00007ffee5ee0000 	C:\WINDOWS\SYSTEM32\ntdll.dll
0x00007ffee47b0000 - 0x00007ffee4877000 	C:\WINDOWS\System32\KERNEL32.DLL
0x00007ffee3680000 - 0x00007ffee3a4a000 	C:\WINDOWS\System32\KERNELBASE.dll
0x00007ffee2e60000 - 0x00007ffee2fab000 	C:\WINDOWS\System32\ucrtbase.dll
0x00007ffec7270000 - 0x00007ffec7288000 	c:\Users\MSI\.vscode\extensions\redhat.java-1.41.1-win32-x64\jre\21.0.6-win32-x86_64\bin\jli.dll
0x00007ffed82d0000 - 0x00007ffed82ee000 	c:\Users\MSI\.vscode\extensions\redhat.java-1.41.1-win32-x64\jre\21.0.6-win32-x86_64\bin\VCRUNTIME140.dll
0x00007ffee4ef0000 - 0x00007ffee50bc000 	C:\WINDOWS\System32\USER32.dll
0x00007ffecebf0000 - 0x00007ffecee87000 	C:\WINDOWS\WinSxS\amd64_microsoft.windows.common-controls_6595b64144ccf1df_6.0.26100.3624_none_3e086962e3345f24\COMCTL32.dll
0x00007ffee3a50000 - 0x00007ffee3a77000 	C:\WINDOWS\System32\win32u.dll
0x00007ffee5b10000 - 0x00007ffee5bb9000 	C:\WINDOWS\System32\msvcrt.dll
0x00007ffee5120000 - 0x00007ffee514a000 	C:\WINDOWS\System32\GDI32.dll
0x00007ffee2fb0000 - 0x00007ffee30e1000 	C:\WINDOWS\System32\gdi32full.dll
0x00007ffee3460000 - 0x00007ffee3503000 	C:\WINDOWS\System32\msvcp_win.dll
0x00007ffee41b0000 - 0x00007ffee41df000 	C:\WINDOWS\System32\IMM32.DLL
0x00007ffede080000 - 0x00007ffede08c000 	c:\Users\MSI\.vscode\extensions\redhat.java-1.41.1-win32-x64\jre\21.0.6-win32-x86_64\bin\vcruntime140_1.dll
0x00007ffe87fa0000 - 0x00007ffe8802d000 	c:\Users\MSI\.vscode\extensions\redhat.java-1.41.1-win32-x64\jre\21.0.6-win32-x86_64\bin\msvcp140.dll
0x00007ffe5d370000 - 0x00007ffe5e100000 	c:\Users\MSI\.vscode\extensions\redhat.java-1.41.1-win32-x64\jre\21.0.6-win32-x86_64\bin\server\jvm.dll
0x00007ffee46f0000 - 0x00007ffee47a2000 	C:\WINDOWS\System32\ADVAPI32.dll
0x00007ffee58a0000 - 0x00007ffee5946000 	C:\WINDOWS\System32\sechost.dll
0x00007ffee4dc0000 - 0x00007ffee4ed6000 	C:\WINDOWS\System32\RPCRT4.dll
0x00007ffee5820000 - 0x00007ffee5894000 	C:\WINDOWS\System32\WS2_32.dll
0x00007ffee2cb0000 - 0x00007ffee2d0e000 	C:\WINDOWS\SYSTEM32\POWRPROF.dll
0x00007ffedcf10000 - 0x00007ffedcf46000 	C:\WINDOWS\SYSTEM32\WINMM.dll
0x00007ffedcf50000 - 0x00007ffedcf5b000 	C:\WINDOWS\SYSTEM32\VERSION.dll
0x00007ffee2c90000 - 0x00007ffee2ca4000 	C:\WINDOWS\SYSTEM32\UMPDC.dll
0x00007ffee1c70000 - 0x00007ffee1c8a000 	C:\WINDOWS\SYSTEM32\kernel.appcore.dll
0x00007ffedd300000 - 0x00007ffedd30a000 	c:\Users\MSI\.vscode\extensions\redhat.java-1.41.1-win32-x64\jre\21.0.6-win32-x86_64\bin\jimage.dll
0x00007ffed6c20000 - 0x00007ffed6e61000 	C:\WINDOWS\SYSTEM32\DBGHELP.DLL
0x00007ffee4880000 - 0x00007ffee4c02000 	C:\WINDOWS\System32\combase.dll
0x00007ffee4430000 - 0x00007ffee4506000 	C:\WINDOWS\System32\OLEAUT32.dll
0x00007ffecc630000 - 0x00007ffecc669000 	C:\WINDOWS\SYSTEM32\dbgcore.DLL
0x00007ffee31b0000 - 0x00007ffee3249000 	C:\WINDOWS\System32\bcryptPrimitives.dll
0x00007ffed9c70000 - 0x00007ffed9c7f000 	c:\Users\MSI\.vscode\extensions\redhat.java-1.41.1-win32-x64\jre\21.0.6-win32-x86_64\bin\instrument.dll
0x00007ffec5040000 - 0x00007ffec505f000 	c:\Users\MSI\.vscode\extensions\redhat.java-1.41.1-win32-x64\jre\21.0.6-win32-x86_64\bin\java.dll
0x00007ffee3a80000 - 0x00007ffee41a9000 	C:\WINDOWS\System32\SHELL32.dll
0x00007ffee3510000 - 0x00007ffee3678000 	C:\WINDOWS\System32\wintypes.dll
0x00007ffee0ae0000 - 0x00007ffee1332000 	C:\WINDOWS\SYSTEM32\windows.storage.dll
0x00007ffee5150000 - 0x00007ffee523d000 	C:\WINDOWS\System32\SHCORE.dll
0x00007ffee4200000 - 0x00007ffee4264000 	C:\WINDOWS\System32\shlwapi.dll
0x00007ffee2d70000 - 0x00007ffee2d9f000 	C:\WINDOWS\SYSTEM32\profapi.dll
0x00007ffec5020000 - 0x00007ffec5038000 	c:\Users\MSI\.vscode\extensions\redhat.java-1.41.1-win32-x64\jre\21.0.6-win32-x86_64\bin\zip.dll
0x00007ffed8d40000 - 0x00007ffed8d50000 	C:\Users\MSI\.vscode\extensions\redhat.java-1.41.1-win32-x64\jre\21.0.6-win32-x86_64\bin\net.dll
0x00007ffedcb20000 - 0x00007ffedcc3d000 	C:\WINDOWS\SYSTEM32\WINHTTP.dll
0x00007ffee2190000 - 0x00007ffee21fa000 	C:\WINDOWS\system32\mswsock.dll
0x00007ffec5000000 - 0x00007ffec5016000 	C:\Users\MSI\.vscode\extensions\redhat.java-1.41.1-win32-x64\jre\21.0.6-win32-x86_64\bin\nio.dll
0x00007ffed8c60000 - 0x00007ffed8c70000 	c:\Users\MSI\.vscode\extensions\redhat.java-1.41.1-win32-x64\jre\21.0.6-win32-x86_64\bin\verify.dll
0x00007ffed58a0000 - 0x00007ffed58e5000 	C:\Users\MSI\AppData\Roaming\Code\User\globalStorage\redhat.java\1.41.1\config_win\org.eclipse.equinox.launcher\org.eclipse.equinox.launcher.win32.win32.x86_64_1.2.1300.v20250331-1702\eclipse_11911.dll
0x00007ffee4c10000 - 0x00007ffee4da6000 	C:\WINDOWS\System32\ole32.dll
0x00007ffee2430000 - 0x00007ffee244c000 	C:\WINDOWS\SYSTEM32\CRYPTSP.dll
0x00007ffee1bd0000 - 0x00007ffee1c0a000 	C:\WINDOWS\system32\rsaenh.dll
0x00007ffee2230000 - 0x00007ffee225b000 	C:\WINDOWS\SYSTEM32\USERENV.dll
0x00007ffee2d40000 - 0x00007ffee2d66000 	C:\WINDOWS\SYSTEM32\bcrypt.dll
0x00007ffee2450000 - 0x00007ffee245c000 	C:\WINDOWS\SYSTEM32\CRYPTBASE.dll
0x00007ffee16b0000 - 0x00007ffee16e3000 	C:\WINDOWS\SYSTEM32\IPHLPAPI.DLL
0x00007ffee4db0000 - 0x00007ffee4dba000 	C:\WINDOWS\System32\NSI.dll
0x00007ffec4400000 - 0x00007ffec4449000 	C:\Users\MSI\AppData\Local\Temp\jna-76643\jna4809392614109438415.dll
0x00007ffee41f0000 - 0x00007ffee41f8000 	C:\WINDOWS\System32\PSAPI.DLL
0x00007ffedcee0000 - 0x00007ffedceff000 	C:\WINDOWS\SYSTEM32\dhcpcsvc6.DLL
0x00007ffedceb0000 - 0x00007ffedced5000 	C:\WINDOWS\SYSTEM32\dhcpcsvc.DLL

dbghelp: loaded successfully - version: 4.0.5 - missing functions: none
symbol engine: initialized successfully - sym options: 0x614 - pdb path: .;c:\Users\MSI\.vscode\extensions\redhat.java-1.41.1-win32-x64\jre\21.0.6-win32-x86_64\bin;C:\WINDOWS\SYSTEM32;C:\WINDOWS\WinSxS\amd64_microsoft.windows.common-controls_6595b64144ccf1df_6.0.26100.3624_none_3e086962e3345f24;c:\Users\MSI\.vscode\extensions\redhat.java-1.41.1-win32-x64\jre\21.0.6-win32-x86_64\bin\server;C:\Users\MSI\AppData\Roaming\Code\User\globalStorage\redhat.java\1.41.1\config_win\org.eclipse.equinox.launcher\org.eclipse.equinox.launcher.win32.win32.x86_64_1.2.1300.v20250331-1702;C:\Users\MSI\AppData\Local\Temp\jna-76643

VM Arguments:
jvm_args: --add-modules=ALL-SYSTEM --add-opens=java.base/java.util=ALL-UNNAMED --add-opens=java.base/java.lang=ALL-UNNAMED --add-opens=java.base/sun.nio.fs=ALL-UNNAMED -Declipse.application=org.eclipse.jdt.ls.core.id1 -Dosgi.bundles.defaultStartLevel=4 -Declipse.product=org.eclipse.jdt.ls.core.product -Djava.import.generatesMetadataFilesAtProjectRoot=false -DDetectVMInstallationsJob.disabled=true -Dfile.encoding=utf8 -XX:+UseParallelGC -XX:GCTimeRatio=4 -XX:AdaptiveSizePolicyWeight=90 -Dsun.zip.disableMemoryMapping=true -Xmx1G -Xms100m -Xlog:disable -javaagent:c:\Users\MSI\.vscode\extensions\redhat.java-1.41.1-win32-x64\lombok\lombok-1.18.36.jar -XX:+HeapDumpOnOutOfMemoryError -XX:HeapDumpPath=c:\Users\MSI\AppData\Roaming\Code\User\workspaceStorage\3815725e1ac4c6c69b70af32f7c49045\redhat.java -Daether.dependencyCollector.impl=bf 
java_command: c:\Users\MSI\.vscode\extensions\redhat.java-1.41.1-win32-x64\server\plugins\org.eclipse.equinox.launcher_1.7.0.v20250331-1702.jar -configuration c:\Users\MSI\AppData\Roaming\Code\User\globalStorage\redhat.java\1.41.1\config_win -data c:\Users\MSI\AppData\Roaming\Code\User\workspaceStorage\3815725e1ac4c6c69b70af32f7c49045\redhat.java\jdt_ws --pipe=\\.\pipe\lsp-15627131a3979f7e8bbff9198b9495d3-sock
java_class_path (initial): c:\Users\MSI\.vscode\extensions\redhat.java-1.41.1-win32-x64\server\plugins\org.eclipse.equinox.launcher_1.7.0.v20250331-1702.jar
Launcher Type: SUN_STANDARD

[Global flags]
    uintx AdaptiveSizePolicyWeight                 = 90                                        {product} {command line}
     intx CICompilerCount                          = 12                                        {product} {ergonomic}
    uintx GCTimeRatio                              = 4                                         {product} {command line}
     bool HeapDumpOnOutOfMemoryError               = true                                   {manageable} {command line}
    ccstr HeapDumpPath                             = c:\Users\MSI\AppData\Roaming\Code\User\workspaceStorage\3815725e1ac4c6c69b70af32f7c49045\redhat.java         {manageable} {command line}
   size_t InitialHeapSize                          = 104857600                                 {product} {command line}
   size_t MaxHeapSize                              = 1073741824                                {product} {command line}
   size_t MaxNewSize                               = 357564416                                 {product} {ergonomic}
   size_t MinHeapDeltaBytes                        = 524288                                    {product} {ergonomic}
   size_t MinHeapSize                              = 104857600                                 {product} {command line}
   size_t NewSize                                  = 34603008                                  {product} {ergonomic}
    uintx NonNMethodCodeHeapSize                   = 7602480                                {pd product} {ergonomic}
    uintx NonProfiledCodeHeapSize                  = 122027880                              {pd product} {ergonomic}
   size_t OldSize                                  = 70254592                                  {product} {ergonomic}
    uintx ProfiledCodeHeapSize                     = 122027880                              {pd product} {ergonomic}
    uintx ReservedCodeCacheSize                    = 251658240                              {pd product} {ergonomic}
     bool SegmentedCodeCache                       = true                                      {product} {ergonomic}
   size_t SoftMaxHeapSize                          = 1073741824                             {manageable} {ergonomic}
     bool UseCompressedOops                        = true                           {product lp64_product} {ergonomic}
     bool UseLargePagesIndividualAllocation        = false                                  {pd product} {ergonomic}
     bool UseParallelGC                            = true                                      {product} {command line}

Logging:
Log output configuration:
 #0: stdout all=off uptime,level,tags foldmultilines=false
 #1: stderr all=off uptime,level,tags foldmultilines=false

Environment Variables:
JAVA_HOME=C:\Program Files\Java\jdk-17
PATH=C:\Program Files\Common Files\Oracle\Java\javapath;C:\Program Files (x86)\VMware\VMware Workstation\bin\;C:\Program Files\Microsoft MPI\Bin\;C:\WINDOWS\system32;C:\WINDOWS;C:\WINDOWS\System32\Wbem;C:\WINDOWS\System32\WindowsPowerShell\v1.0\;C:\WINDOWS\System32\OpenSSH\;C:\Program Files\nodejs\;C:\Program Files (x86)\Microsoft SQL Server\160\Tools\Binn\;C:\Program Files\Microsoft SQL Server\160\Tools\Binn\;C:\Program Files\Microsoft SQL Server\Client SDK\ODBC\170\Tools\Binn\;C:\Program Files\Microsoft SQL Server\160\DTS\Binn\;C:\Program Files (x86)\Microsoft SQL Server\160\DTS\Binn\;C:\Program Files\Git LFS;C:\Program Files\Git\cmd;C:\Program Files\PowerShell\7\;C:\Program Files\Java\jdk-17\bin;C:\Program Files\MySQL\MySQL Shell 8.0\bin\;C:\Users\MSI\AppData\Local\Programs\Python\Python313;C:\Users\MSI\AppData\Local\Microsoft\WindowsApps;C:\Users\MSI\AppData\Local\Programs\Microsoft VS Code\bin;C:\Users\MSI\AppData\Roaming\npm;C:\Program Files\JetBrains\IntelliJ IDEA 2024.3.1.1\bin;;
USERNAME=MSI
OS=Windows_NT
PROCESSOR_IDENTIFIER=AMD64 Family 25 Model 80 Stepping 0, AuthenticAMD
TMP=C:\Users\MSI\AppData\Local\Temp
TEMP=C:\Users\MSI\AppData\Local\Temp




Periodic native trim disabled

---------------  S Y S T E M  ---------------

OS:
 Windows 11 , 64 bit Build 26100 (10.0.26100.3775)
OS uptime: 0 days 1:26 hours
Hyper-V role detected

CPU: total 16 (initial active 16) (16 cores per cpu, 2 threads per core) family 25 model 80 stepping 0 microcode 0xa50000c, cx8, cmov, fxsr, ht, mmx, 3dnowpref, sse, sse2, sse3, ssse3, sse4a, sse4.1, sse4.2, popcnt, lzcnt, tsc, tscinvbit, avx, avx2, aes, erms, clmul, bmi1, bmi2, adx, sha, fma, vzeroupper, clflush, clflushopt, hv, rdtscp, rdpid, fsrm, f16c, cet_ss
Processor Information for the first 16 processors :
  Max Mhz: 3201, Current Mhz: 3201, Mhz Limit: 3201

Memory: 4k page, system-wide physical 15752M (5360M free)
TotalPageFile size 15752M (AvailPageFile size 5M)
current process WorkingSet (physical memory assigned to process): 674M, peak: 674M
current process commit charge ("private bytes"): 649M, peak: 649M

vm_info: OpenJDK 64-Bit Server VM (21.0.6+7-LTS) for windows-amd64 JRE (21.0.6+7-LTS), built on 2025-01-21T00:00:00Z by "admin" with MS VC++ 17.7 (VS2022)

END.
