#
# There is insufficient memory for the Java Runtime Environment to continue.
# Native memory allocation (malloc) failed to allocate 1103184 bytes. Error detail: Chunk::new
# Possible reasons:
#   The system is out of physical RAM or swap space
#   This process is running with CompressedOops enabled, and the Java Heap may be blocking the growth of the native heap
# Possible solutions:
#   Reduce memory load on the system
#   Increase physical memory or swap space
#   Check if swap backing store is full
#   Decrease Java heap size (-Xmx/-Xms)
#   Decrease number of Java threads
#   Decrease Java thread stack sizes (-Xss)
#   Set larger code cache with -XX:ReservedCodeCacheSize=
#   JVM is running with Unscaled Compressed Oops mode in which the Java heap is
#     placed in the first 4GB address space. The Java Heap base address is the
#     maximum limit for the native heap growth. Please use -XX:HeapBaseMinAddress
#     to set the Java Heap base and to place the Java Heap above 4GB virtual address.
# This output file may be truncated or incomplete.
#
#  Out of Memory Error (arena.cpp:168), pid=11604, tid=17312
#
# JRE version: OpenJDK Runtime Environment Temurin-21.0.6+7 (21.0.6+7) (build 21.0.6+7-LTS)
# Java VM: OpenJDK 64-Bit Server VM Temurin-21.0.6+7 (21.0.6+7-LTS, mixed mode, sharing, tiered, compressed oops, compressed class ptrs, parallel gc, windows-amd64)
# No core dump will be written. Minidumps are not enabled by default on client versions of Windows
#

---------------  S U M M A R Y ------------

Command Line: --add-modules=ALL-SYSTEM --add-opens=java.base/java.util=ALL-UNNAMED --add-opens=java.base/java.lang=ALL-UNNAMED --add-opens=java.base/sun.nio.fs=ALL-UNNAMED -Declipse.application=org.eclipse.jdt.ls.core.id1 -Dosgi.bundles.defaultStartLevel=4 -Declipse.product=org.eclipse.jdt.ls.core.product -Djava.import.generatesMetadataFilesAtProjectRoot=false -DDetectVMInstallationsJob.disabled=true -Dfile.encoding=utf8 -XX:+UseParallelGC -XX:GCTimeRatio=4 -XX:AdaptiveSizePolicyWeight=90 -Dsun.zip.disableMemoryMapping=true -Xmx1G -Xms100m -Xlog:disable -javaagent:c:\Users\MSI\.vscode\extensions\redhat.java-1.41.1-win32-x64\lombok\lombok-1.18.36.jar -XX:+HeapDumpOnOutOfMemoryError -XX:HeapDumpPath=c:\Users\MSI\AppData\Roaming\Code\User\workspaceStorage\3815725e1ac4c6c69b70af32f7c49045\redhat.java -Daether.dependencyCollector.impl=bf c:\Users\MSI\.vscode\extensions\redhat.java-1.41.1-win32-x64\server\plugins\org.eclipse.equinox.launcher_1.7.0.v20250331-1702.jar -configuration c:\Users\MSI\AppData\Roaming\Code\User\globalStorage\redhat.java\1.41.1\config_win -data c:\Users\MSI\AppData\Roaming\Code\User\workspaceStorage\3815725e1ac4c6c69b70af32f7c49045\redhat.java\jdt_ws --pipe=\\.\pipe\lsp-53bf1d989aa040ed6bb8d30b360772ab-sock

Host: AMD Ryzen 7 5800H with Radeon Graphics         , 16 cores, 15G,  Windows 11 , 64 bit Build 26100 (10.0.26100.3775)
Time: Tue Apr 15 19:41:00 2025 SE Asia Standard Time elapsed time: 10.035502 seconds (0d 0h 0m 10s)

---------------  T H R E A D  ---------------

Current thread (0x0000018ae9f50740):  JavaThread "C2 CompilerThread4" daemon [_thread_in_native, id=17312, stack(0x0000002fca600000,0x0000002fca700000) (1024K)]


Current CompileTask:
C2:10035 10984       4       org.eclipse.jdt.internal.compiler.lookup.BinaryTypeBinding::createMethod (1720 bytes)

Stack: [0x0000002fca600000,0x0000002fca700000]
Native frames: (J=compiled Java code, j=interpreted, Vv=VM code, C=native code)
V  [jvm.dll+0x6cdee9]
V  [jvm.dll+0x8a83d1]
V  [jvm.dll+0x8aa8fe]
V  [jvm.dll+0x8aafe3]
V  [jvm.dll+0x27f706]
V  [jvm.dll+0xc500d]
V  [jvm.dll+0xc5543]
V  [jvm.dll+0x3b678c]
V  [jvm.dll+0x1e0009]
V  [jvm.dll+0x247b42]
V  [jvm.dll+0x246fcf]
V  [jvm.dll+0x1c75ee]
V  [jvm.dll+0x25685a]
V  [jvm.dll+0x254dfa]
V  [jvm.dll+0x3f0256]
V  [jvm.dll+0x851f8b]
V  [jvm.dll+0x6cc5ed]
C  [ucrtbase.dll+0x37b0]
C  [KERNEL32.DLL+0x2e8d7]
C  [ntdll.dll+0xb14fc]


---------------  P R O C E S S  ---------------

Threads class SMR info:
_java_thread_list=0x0000018ae861bbf0, length=100, elements={
0x0000018acb6fddd0, 0x0000018adfae5d10, 0x0000018ae11b6b00, 0x0000018ae11b97a0,
0x0000018ae11baa30, 0x0000018adfae7fd0, 0x0000018adfaee440, 0x0000018ae11d4ba0,
0x0000018ae11f7650, 0x0000018ae12eb830, 0x0000018ae12f3910, 0x0000018ae12f4fd0,
0x0000018ae1366100, 0x0000018ae14f0b00, 0x0000018ae7987440, 0x0000018ae7e79160,
0x0000018ae7e007a0, 0x0000018ae7d20b80, 0x0000018ae84403e0, 0x0000018ae82f4aa0,
0x0000018ae7c92e80, 0x0000018ae7c92160, 0x0000018ae7c93ba0, 0x0000018ae7c927f0,
0x0000018ae7c94230, 0x0000018ae8f662e0, 0x0000018ae7c93510, 0x0000018ae7c948c0,
0x0000018ae7c94f50, 0x0000018ae7c91ad0, 0x0000018ae87668e0, 0x0000018ae8764180,
0x0000018ae8763460, 0x0000018ae8765530, 0x0000018ae8763af0, 0x0000018ae8764ea0,
0x0000018ae8765bc0, 0x0000018ae8766250, 0x0000018ae8764810, 0x0000018ae9c91ba0,
0x0000018ae9c907f0, 0x0000018ae9c92230, 0x0000018ae9c90e80, 0x0000018ae9c8edb0,
0x0000018ae9c928c0, 0x0000018ae9c90160, 0x0000018ae94fa790, 0x0000018ae9f50740,
0x0000018aeab0ee00, 0x0000018aea33ec10, 0x0000018ae9c91510, 0x0000018ae9c8f440,
0x0000018ae9c92f50, 0x0000018ae9c8fad0, 0x0000018ae9c94990, 0x0000018ae9c935e0,
0x0000018ae9c95020, 0x0000018ae9c93c70, 0x0000018ae9c94300, 0x0000018ae9e82010,
0x0000018ae9e84e00, 0x0000018ae9e83a50, 0x0000018ae9e833c0, 0x0000018ae9e826a0,
0x0000018ae9e861b0, 0x0000018ae9e84770, 0x0000018ae9e82d30, 0x0000018ae9e86840,
0x0000018ae9e840e0, 0x0000018ae9e86ed0, 0x0000018ae9e87bf0, 0x0000018ae9e85490,
0x0000018ae9e88fa0, 0x0000018ae9e85b20, 0x0000018ae9e87560, 0x0000018ae9e88280,
0x0000018ae9e89630, 0x0000018aea033430, 0x0000018aea032080, 0x0000018aea0347e0,
0x0000018aea033ac0, 0x0000018aea034150, 0x0000018aea035500, 0x0000018aea035b90,
0x0000018af5c4b1c0, 0x0000018aea034e70, 0x0000018aea036f40, 0x0000018aea037c60,
0x0000018aea039010, 0x0000018aea0396a0, 0x0000018aea0375d0, 0x0000018aea0382f0,
0x0000018aea038980, 0x0000018af703abf0, 0x0000018af703b280, 0x0000018af703b910,
0x0000018af7039ed0, 0x0000018af7039840, 0x0000018af703c630, 0x0000018af703bfa0
}

Java Threads: ( => current thread )
  0x0000018acb6fddd0 JavaThread "main"                              [_thread_blocked, id=20548, stack(0x0000002fc6400000,0x0000002fc6500000) (1024K)]
  0x0000018adfae5d10 JavaThread "Reference Handler"          daemon [_thread_blocked, id=1128, stack(0x0000002fc6800000,0x0000002fc6900000) (1024K)]
  0x0000018ae11b6b00 JavaThread "Finalizer"                  daemon [_thread_blocked, id=17904, stack(0x0000002fc6900000,0x0000002fc6a00000) (1024K)]
  0x0000018ae11b97a0 JavaThread "Signal Dispatcher"          daemon [_thread_blocked, id=11576, stack(0x0000002fc6a00000,0x0000002fc6b00000) (1024K)]
  0x0000018ae11baa30 JavaThread "Attach Listener"            daemon [_thread_blocked, id=9864, stack(0x0000002fc6b00000,0x0000002fc6c00000) (1024K)]
  0x0000018adfae7fd0 JavaThread "Service Thread"             daemon [_thread_blocked, id=3640, stack(0x0000002fc6c00000,0x0000002fc6d00000) (1024K)]
  0x0000018adfaee440 JavaThread "Monitor Deflation Thread"   daemon [_thread_blocked, id=8412, stack(0x0000002fc6d00000,0x0000002fc6e00000) (1024K)]
  0x0000018ae11d4ba0 JavaThread "C2 CompilerThread0"         daemon [_thread_in_native, id=3796, stack(0x0000002fc6e00000,0x0000002fc6f00000) (1024K)]
  0x0000018ae11f7650 JavaThread "C1 CompilerThread0"         daemon [_thread_blocked, id=6064, stack(0x0000002fc6f00000,0x0000002fc7000000) (1024K)]
  0x0000018ae12eb830 JavaThread "Common-Cleaner"             daemon [_thread_blocked, id=4120, stack(0x0000002fc7000000,0x0000002fc7100000) (1024K)]
  0x0000018ae12f3910 JavaThread "C1 CompilerThread1"         daemon [_thread_blocked, id=2692, stack(0x0000002fc7100000,0x0000002fc7200000) (1024K)]
  0x0000018ae12f4fd0 JavaThread "C1 CompilerThread2"         daemon [_thread_blocked, id=20184, stack(0x0000002fc7200000,0x0000002fc7300000) (1024K)]
  0x0000018ae1366100 JavaThread "C2 CompilerThread1"         daemon [_thread_in_native, id=20712, stack(0x0000002fc7300000,0x0000002fc7400000) (1024K)]
  0x0000018ae14f0b00 JavaThread "Notification Thread"        daemon [_thread_blocked, id=18296, stack(0x0000002fc7500000,0x0000002fc7600000) (1024K)]
  0x0000018ae7987440 JavaThread "Active Thread: Equinox Container: ce6bfc90-aca6-4a6f-9907-9cd4fe060d8f"        [_thread_blocked, id=21264, stack(0x0000002fc7e00000,0x0000002fc7f00000) (1024K)]
  0x0000018ae7e79160 JavaThread "Refresh Thread: Equinox Container: ce6bfc90-aca6-4a6f-9907-9cd4fe060d8f" daemon [_thread_blocked, id=21248, stack(0x0000002fc8000000,0x0000002fc8100000) (1024K)]
  0x0000018ae7e007a0 JavaThread "Framework Event Dispatcher: Equinox Container: ce6bfc90-aca6-4a6f-9907-9cd4fe060d8f" daemon [_thread_blocked, id=16880, stack(0x0000002fc8100000,0x0000002fc8200000) (1024K)]
  0x0000018ae7d20b80 JavaThread "Start Level: Equinox Container: ce6bfc90-aca6-4a6f-9907-9cd4fe060d8f" daemon [_thread_blocked, id=19624, stack(0x0000002fc8200000,0x0000002fc8300000) (1024K)]
  0x0000018ae84403e0 JavaThread "Bundle File Closer"         daemon [_thread_blocked, id=18716, stack(0x0000002fc8300000,0x0000002fc8400000) (1024K)]
  0x0000018ae82f4aa0 JavaThread "SCR Component Actor"        daemon [_thread_blocked, id=9564, stack(0x0000002fc8600000,0x0000002fc8700000) (1024K)]
  0x0000018ae7c92e80 JavaThread "Worker-JM"                         [_thread_blocked, id=17600, stack(0x0000002fc8a00000,0x0000002fc8b00000) (1024K)]
  0x0000018ae7c92160 JavaThread "JNA Cleaner"                daemon [_thread_blocked, id=14172, stack(0x0000002fc8c00000,0x0000002fc8d00000) (1024K)]
  0x0000018ae7c93ba0 JavaThread "Worker-0"                          [_thread_blocked, id=8720, stack(0x0000002fc8d00000,0x0000002fc8e00000) (1024K)]
  0x0000018ae7c927f0 JavaThread "Worker-1: Java indexing... "        [_thread_blocked, id=2296, stack(0x0000002fc8e00000,0x0000002fc8f00000) (1024K)]
  0x0000018ae7c94230 JavaThread "Java indexing"              daemon [_thread_in_vm, id=24520, stack(0x0000002fc7d00000,0x0000002fc7e00000) (1024K)]
  0x0000018ae8f662e0 JavaThread "C2 CompilerThread2"         daemon [_thread_in_native, id=20600, stack(0x0000002fc7600000,0x0000002fc7700000) (1024K)]
  0x0000018ae7c93510 JavaThread "Worker-2: Building"                [_thread_blocked, id=23296, stack(0x0000002fc9100000,0x0000002fc9200000) (1024K)]
  0x0000018ae7c948c0 JavaThread "Worker-3"                          [_thread_blocked, id=12036, stack(0x0000002fc9200000,0x0000002fc9300000) (1024K)]
  0x0000018ae7c94f50 JavaThread "Thread-2"                   daemon [_thread_in_native, id=16940, stack(0x0000002fc9300000,0x0000002fc9400000) (1024K)]
  0x0000018ae7c91ad0 JavaThread "Thread-3"                   daemon [_thread_in_native, id=24252, stack(0x0000002fc9400000,0x0000002fc9500000) (1024K)]
  0x0000018ae87668e0 JavaThread "Thread-4"                   daemon [_thread_in_native, id=15960, stack(0x0000002fc9500000,0x0000002fc9600000) (1024K)]
  0x0000018ae8764180 JavaThread "Thread-5"                   daemon [_thread_in_native, id=24440, stack(0x0000002fc9600000,0x0000002fc9700000) (1024K)]
  0x0000018ae8763460 JavaThread "Thread-6"                   daemon [_thread_in_native, id=16884, stack(0x0000002fc9700000,0x0000002fc9800000) (1024K)]
  0x0000018ae8765530 JavaThread "Thread-7"                   daemon [_thread_in_native, id=15372, stack(0x0000002fc9800000,0x0000002fc9900000) (1024K)]
  0x0000018ae8763af0 JavaThread "Thread-8"                   daemon [_thread_in_native, id=22712, stack(0x0000002fc9900000,0x0000002fc9a00000) (1024K)]
  0x0000018ae8764ea0 JavaThread "Thread-9"                   daemon [_thread_in_native, id=8152, stack(0x0000002fc9a00000,0x0000002fc9b00000) (1024K)]
  0x0000018ae8765bc0 JavaThread "Thread-10"                  daemon [_thread_in_native, id=16116, stack(0x0000002fc9b00000,0x0000002fc9c00000) (1024K)]
  0x0000018ae8766250 JavaThread "Thread-11"                  daemon [_thread_in_native, id=2552, stack(0x0000002fc9c00000,0x0000002fc9d00000) (1024K)]
  0x0000018ae8764810 JavaThread "Thread-12"                  daemon [_thread_in_native, id=13976, stack(0x0000002fc9d00000,0x0000002fc9e00000) (1024K)]
  0x0000018ae9c91ba0 JavaThread "Thread-13"                  daemon [_thread_in_native, id=10956, stack(0x0000002fc9e00000,0x0000002fc9f00000) (1024K)]
  0x0000018ae9c907f0 JavaThread "Thread-14"                  daemon [_thread_in_native, id=12780, stack(0x0000002fc9f00000,0x0000002fca000000) (1024K)]
  0x0000018ae9c92230 JavaThread "Thread-15"                  daemon [_thread_in_native, id=2760, stack(0x0000002fca000000,0x0000002fca100000) (1024K)]
  0x0000018ae9c90e80 JavaThread "Thread-16"                  daemon [_thread_in_native, id=19200, stack(0x0000002fca100000,0x0000002fca200000) (1024K)]
  0x0000018ae9c8edb0 JavaThread "Thread-17"                  daemon [_thread_in_native, id=1056, stack(0x0000002fca200000,0x0000002fca300000) (1024K)]
  0x0000018ae9c928c0 JavaThread "Thread-18"                  daemon [_thread_in_native, id=18884, stack(0x0000002fca300000,0x0000002fca400000) (1024K)]
  0x0000018ae9c90160 JavaThread "pool-2-thread-1"                   [_thread_blocked, id=6168, stack(0x0000002fca400000,0x0000002fca500000) (1024K)]
  0x0000018ae94fa790 JavaThread "C2 CompilerThread3"         daemon [_thread_in_native, id=12744, stack(0x0000002fca500000,0x0000002fca600000) (1024K)]
=>0x0000018ae9f50740 JavaThread "C2 CompilerThread4"         daemon [_thread_in_native, id=17312, stack(0x0000002fca600000,0x0000002fca700000) (1024K)]
  0x0000018aeab0ee00 JavaThread "C2 CompilerThread5"         daemon [_thread_in_native, id=23132, stack(0x0000002fca700000,0x0000002fca800000) (1024K)]
  0x0000018aea33ec10 JavaThread "C2 CompilerThread6"         daemon [_thread_in_native, id=2828, stack(0x0000002fca800000,0x0000002fca900000) (1024K)]
  0x0000018ae9c91510 JavaThread "Worker-4: Updating workspace"        [_thread_in_vm, id=15100, stack(0x0000002fcaa00000,0x0000002fcab00000) (1024K)]
  0x0000018ae9c8f440 JavaThread "Worker-5"                          [_thread_blocked, id=23192, stack(0x0000002fcab00000,0x0000002fcac00000) (1024K)]
  0x0000018ae9c92f50 JavaThread "WorkspaceEventsHandler"            [_thread_blocked, id=23680, stack(0x0000002fcac00000,0x0000002fcad00000) (1024K)]
  0x0000018ae9c8fad0 JavaThread "pool-1-thread-1"                   [_thread_blocked, id=15404, stack(0x0000002fcad00000,0x0000002fcae00000) (1024K)]
  0x0000018ae9c94990 JavaThread "LocalFile Deleter"          daemon [_thread_blocked, id=16996, stack(0x0000002fcae00000,0x0000002fcaf00000) (1024K)]
  0x0000018ae9c935e0 JavaThread "LocalFile Deleter"          daemon [_thread_blocked, id=16792, stack(0x0000002fcaf00000,0x0000002fcb000000) (1024K)]
  0x0000018ae9c95020 JavaThread "LocalFile Deleter"          daemon [_thread_blocked, id=12116, stack(0x0000002fcb000000,0x0000002fcb100000) (1024K)]
  0x0000018ae9c93c70 JavaThread "LocalFile Deleter"          daemon [_thread_blocked, id=2080, stack(0x0000002fcb100000,0x0000002fcb200000) (1024K)]
  0x0000018ae9c94300 JavaThread "LocalFile Deleter"          daemon [_thread_blocked, id=2688, stack(0x0000002fcb200000,0x0000002fcb300000) (1024K)]
  0x0000018ae9e82010 JavaThread "LocalFile Deleter"          daemon [_thread_blocked, id=2908, stack(0x0000002fcb300000,0x0000002fcb400000) (1024K)]
  0x0000018ae9e84e00 JavaThread "LocalFile Deleter"          daemon [_thread_blocked, id=1060, stack(0x0000002fcb400000,0x0000002fcb500000) (1024K)]
  0x0000018ae9e83a50 JavaThread "LocalFile Deleter"          daemon [_thread_blocked, id=18728, stack(0x0000002fcb500000,0x0000002fcb600000) (1024K)]
  0x0000018ae9e833c0 JavaThread "LocalFile Deleter"          daemon [_thread_blocked, id=14764, stack(0x0000002fcb600000,0x0000002fcb700000) (1024K)]
  0x0000018ae9e826a0 JavaThread "LocalFile Deleter"          daemon [_thread_blocked, id=22636, stack(0x0000002fcb700000,0x0000002fcb800000) (1024K)]
  0x0000018ae9e861b0 JavaThread "LocalFile Deleter"          daemon [_thread_blocked, id=10704, stack(0x0000002fcb800000,0x0000002fcb900000) (1024K)]
  0x0000018ae9e84770 JavaThread "LocalFile Deleter"          daemon [_thread_blocked, id=22568, stack(0x0000002fcb900000,0x0000002fcba00000) (1024K)]
  0x0000018ae9e82d30 JavaThread "LocalFile Deleter"          daemon [_thread_blocked, id=24548, stack(0x0000002fcba00000,0x0000002fcbb00000) (1024K)]
  0x0000018ae9e86840 JavaThread "LocalFile Deleter"          daemon [_thread_blocked, id=2752, stack(0x0000002fcbb00000,0x0000002fcbc00000) (1024K)]
  0x0000018ae9e840e0 JavaThread "LocalFile Deleter"          daemon [_thread_blocked, id=22000, stack(0x0000002fcbc00000,0x0000002fcbd00000) (1024K)]
  0x0000018ae9e86ed0 JavaThread "LocalFile Deleter"          daemon [_thread_blocked, id=24272, stack(0x0000002fcbd00000,0x0000002fcbe00000) (1024K)]
  0x0000018ae9e87bf0 JavaThread "Compiler Source File Reader" daemon [_thread_blocked, id=3736, stack(0x0000002fcbe00000,0x0000002fcbf00000) (1024K)]
  0x0000018ae9e85490 JavaThread "Compiler Source File Reader" daemon [_thread_blocked, id=24496, stack(0x0000002fcbf00000,0x0000002fcc000000) (1024K)]
  0x0000018ae9e88fa0 JavaThread "Compiler Source File Reader" daemon [_thread_blocked, id=9528, stack(0x0000002fcc000000,0x0000002fcc100000) (1024K)]
  0x0000018ae9e85b20 JavaThread "Compiler Source File Reader" daemon [_thread_blocked, id=13836, stack(0x0000002fcc100000,0x0000002fcc200000) (1024K)]
  0x0000018ae9e87560 JavaThread "Compiler Source File Reader" daemon [_thread_blocked, id=16736, stack(0x0000002fcc200000,0x0000002fcc300000) (1024K)]
  0x0000018ae9e88280 JavaThread "Compiler Source File Reader" daemon [_thread_blocked, id=11912, stack(0x0000002fcc300000,0x0000002fcc400000) (1024K)]
  0x0000018ae9e89630 JavaThread "Compiler Source File Reader" daemon [_thread_blocked, id=22660, stack(0x0000002fcc400000,0x0000002fcc500000) (1024K)]
  0x0000018aea033430 JavaThread "Compiler Source File Reader" daemon [_thread_blocked, id=9152, stack(0x0000002fcc500000,0x0000002fcc600000) (1024K)]
  0x0000018aea032080 JavaThread "Compiler Source File Reader" daemon [_thread_blocked, id=21232, stack(0x0000002fcc600000,0x0000002fcc700000) (1024K)]
  0x0000018aea0347e0 JavaThread "Compiler Source File Reader" daemon [_thread_blocked, id=13428, stack(0x0000002fcc700000,0x0000002fcc800000) (1024K)]
  0x0000018aea033ac0 JavaThread "Compiler Source File Reader" daemon [_thread_blocked, id=19948, stack(0x0000002fcc800000,0x0000002fcc900000) (1024K)]
  0x0000018aea034150 JavaThread "Compiler Source File Reader" daemon [_thread_blocked, id=24316, stack(0x0000002fcc900000,0x0000002fcca00000) (1024K)]
  0x0000018aea035500 JavaThread "Compiler Source File Reader" daemon [_thread_blocked, id=22700, stack(0x0000002fcca00000,0x0000002fccb00000) (1024K)]
  0x0000018aea035b90 JavaThread "Compiler Source File Reader" daemon [_thread_blocked, id=10572, stack(0x0000002fccb00000,0x0000002fccc00000) (1024K)]
  0x0000018af5c4b1c0 JavaThread "C2 CompilerThread7"         daemon [_thread_in_native, id=23964, stack(0x0000002fca900000,0x0000002fcaa00000) (1024K)]
  0x0000018aea034e70 JavaThread "Compiler Processing Task"   daemon [_thread_in_Java, id=2648, stack(0x0000002fc8700000,0x0000002fc8800000) (1024K)]
  0x0000018aea036f40 JavaThread "Compiler Class File Writer" daemon [_thread_blocked, id=12668, stack(0x0000002fccc00000,0x0000002fccd00000) (1024K)]
  0x0000018aea037c60 JavaThread "Compiler Class File Writer" daemon [_thread_blocked, id=10060, stack(0x0000002fccd00000,0x0000002fcce00000) (1024K)]
  0x0000018aea039010 JavaThread "Compiler Class File Writer" daemon [_thread_blocked, id=19284, stack(0x0000002fcce00000,0x0000002fccf00000) (1024K)]
  0x0000018aea0396a0 JavaThread "Compiler Class File Writer" daemon [_thread_blocked, id=19580, stack(0x0000002fccf00000,0x0000002fcd000000) (1024K)]
  0x0000018aea0375d0 JavaThread "Compiler Class File Writer" daemon [_thread_blocked, id=24304, stack(0x0000002fcd000000,0x0000002fcd100000) (1024K)]
  0x0000018aea0382f0 JavaThread "Compiler Class File Writer" daemon [_thread_blocked, id=13452, stack(0x0000002fcd100000,0x0000002fcd200000) (1024K)]
  0x0000018aea038980 JavaThread "Compiler Class File Writer" daemon [_thread_blocked, id=3540, stack(0x0000002fcd200000,0x0000002fcd300000) (1024K)]
  0x0000018af703abf0 JavaThread "Compiler Class File Writer" daemon [_thread_blocked, id=4920, stack(0x0000002fcd300000,0x0000002fcd400000) (1024K)]
  0x0000018af703b280 JavaThread "Compiler Class File Writer" daemon [_thread_blocked, id=13444, stack(0x0000002fcd400000,0x0000002fcd500000) (1024K)]
  0x0000018af703b910 JavaThread "Compiler Class File Writer" daemon [_thread_blocked, id=24224, stack(0x0000002fcd500000,0x0000002fcd600000) (1024K)]
  0x0000018af7039ed0 JavaThread "Compiler Class File Writer" daemon [_thread_blocked, id=452, stack(0x0000002fcd600000,0x0000002fcd700000) (1024K)]
  0x0000018af7039840 JavaThread "Compiler Class File Writer" daemon [_thread_blocked, id=19656, stack(0x0000002fcd700000,0x0000002fcd800000) (1024K)]
  0x0000018af703c630 JavaThread "Compiler Class File Writer" daemon [_thread_blocked, id=17740, stack(0x0000002fcd800000,0x0000002fcd900000) (1024K)]
  0x0000018af703bfa0 JavaThread "Compiler Class File Writer" daemon [_thread_blocked, id=18792, stack(0x0000002fcd900000,0x0000002fcda00000) (1024K)]
Total: 100

Other Threads:
  0x0000018acb7bebb0 VMThread "VM Thread"                           [id=16720, stack(0x0000002fc6700000,0x0000002fc6800000) (1024K)]
  0x0000018adf9cca00 WatcherThread "VM Periodic Task Thread"        [id=12580, stack(0x0000002fc6600000,0x0000002fc6700000) (1024K)]
  0x0000018acb71bda0 WorkerThread "GC Thread#0"                     [id=4676, stack(0x0000002fc6500000,0x0000002fc6600000) (1024K)]
  0x0000018ae77a2910 WorkerThread "GC Thread#1"                     [id=18756, stack(0x0000002fc7700000,0x0000002fc7800000) (1024K)]
  0x0000018ae76b4840 WorkerThread "GC Thread#2"                     [id=23104, stack(0x0000002fc7800000,0x0000002fc7900000) (1024K)]
  0x0000018ae76b4be0 WorkerThread "GC Thread#3"                     [id=6164, stack(0x0000002fc7900000,0x0000002fc7a00000) (1024K)]
  0x0000018ae76b5390 WorkerThread "GC Thread#4"                     [id=10548, stack(0x0000002fc7a00000,0x0000002fc7b00000) (1024K)]
  0x0000018ae71b6db0 WorkerThread "GC Thread#5"                     [id=21612, stack(0x0000002fc7b00000,0x0000002fc7c00000) (1024K)]
  0x0000018ae71b7150 WorkerThread "GC Thread#6"                     [id=18144, stack(0x0000002fc7c00000,0x0000002fc7d00000) (1024K)]
  0x0000018ae7940450 WorkerThread "GC Thread#7"                     [id=13432, stack(0x0000002fc7f00000,0x0000002fc8000000) (1024K)]
  0x0000018ae7918260 WorkerThread "GC Thread#8"                     [id=20204, stack(0x0000002fc8400000,0x0000002fc8500000) (1024K)]
  0x0000018ae7919480 WorkerThread "GC Thread#9"                     [id=5180, stack(0x0000002fc8500000,0x0000002fc8600000) (1024K)]
  0x0000018ae7918d40 WorkerThread "GC Thread#10"                    [id=24308, stack(0x0000002fc8800000,0x0000002fc8900000) (1024K)]
  0x0000018ae7917b20 WorkerThread "GC Thread#11"                    [id=9576, stack(0x0000002fc8900000,0x0000002fc8a00000) (1024K)]
  0x0000018ae79190e0 WorkerThread "GC Thread#12"                    [id=16164, stack(0x0000002fc8b00000,0x0000002fc8c00000) (1024K)]
Total: 15

Threads with active compile tasks:
C2 CompilerThread0  12079 11218       4       org.eclipse.jdt.internal.core.search.indexing.AbstractIndexer::addConstructorReference (58 bytes)
C1 CompilerThread0  12079 11426   !   3       org.eclipse.core.runtime.SafeRunner::run (20 bytes)
C1 CompilerThread1  12079 11411       3       org.eclipse.jdt.internal.compiler.flow.UnconditionalFlowInfo::mergedWith (2848 bytes)
C1 CompilerThread2  12079 11423       3       org.eclipse.jdt.internal.compiler.lookup.Scope::tagAsAccessingEnclosingInstanceStateOf (342 bytes)
C2 CompilerThread1  12079 11210       4       org.eclipse.jdt.internal.core.search.indexing.AbstractIndexer::addTypeDeclaration (109 bytes)
C2 CompilerThread2  12079 10784       4       lombok.core.AST::buildWithField (21 bytes)
C2 CompilerThread3  12079 10523       4       org.eclipse.jdt.internal.compiler.lookup.Scope::getTypeOrPackage (1568 bytes)
C2 CompilerThread4  12079 10984       4       org.eclipse.jdt.internal.compiler.lookup.BinaryTypeBinding::createMethod (1720 bytes)
C2 CompilerThread5  12079 10785   !   4       lombok.core.AST::buildWithField0 (121 bytes)
C2 CompilerThread6  12079 11215       4       org.eclipse.jdt.internal.core.search.indexing.BinaryIndexer::extractReferenceFromConstantPool (358 bytes)
C2 CompilerThread7  12079 10862       4       lombok.eclipse.EclipseAST::drill (80 bytes)
Total: 11

VM state: at safepoint (normal execution)

VM Mutex/Monitor currently owned by a thread:  ([mutex/lock_event])
[0x00007ffb2fc7e380] Threads_lock - owner thread: 0x0000018acb7bebb0
[0x00007ffb2fc7e480] Heap_lock - owner thread: 0x0000018ae7c94230

Heap address: 0x00000000c0000000, size: 1024 MB, Compressed Oops mode: 32-bit

CDS archive(s) mapped at: [0x0000018a80000000-0x0000018a80ba0000-0x0000018a80ba0000), size 12189696, SharedBaseAddress: 0x0000018a80000000, ArchiveRelocationMode: 1.
Compressed class space mapped at: 0x0000018a81000000-0x0000018ac1000000, reserved size: 1073741824
Narrow klass base: 0x0000018a80000000, Narrow klass shift: 0, Narrow klass range: 0x100000000

GC Precious Log:
 CardTable entry size: 512
 CPUs: 16 total, 16 available
 Memory: 15752M
 Large Page Support: Disabled
 NUMA Support: Disabled
 Compressed Oops: Enabled (32-bit)
 Alignments: Space 512K, Generation 512K, Heap 2M
 Heap Min Capacity: 100M
 Heap Initial Capacity: 100M
 Heap Max Capacity: 1G
 Pre-touch: Disabled
 Parallel Workers: 13

Heap:
 PSYoungGen      total 2560K, used 2560K [0x00000000eab00000, 0x00000000eaf00000, 0x0000000100000000)
  eden space 2048K, 100% used [0x00000000eab00000,0x00000000ead00000,0x00000000ead00000)
  from space 512K, 100% used [0x00000000eae80000,0x00000000eaf00000,0x00000000eaf00000)
  to   space 1024K, 0% used [0x00000000ead00000,0x00000000ead00000,0x00000000eae00000)
 ParOldGen       total 389632K, used 321424K [0x00000000c0000000, 0x00000000d7c80000, 0x00000000eab00000)
  object space 389632K, 82% used [0x00000000c0000000,0x00000000d39e41c8,0x00000000d7c80000)
 Metaspace       used 60240K, committed 61696K, reserved 1114112K
  class space    used 6084K, committed 6784K, reserved 1048576K

Card table byte_map: [0x0000018acb0a0000,0x0000018acb2b0000] _byte_map_base: 0x0000018acaaa0000

Marking Bits: (ParMarkBitMap*) 0x00007ffb2fc83260
 Begin Bits: [0x0000018add8f0000, 0x0000018ade8f0000)
 End Bits:   [0x0000018ade8f0000, 0x0000018adf8f0000)

Polling page: 0x0000018ac94e0000

Metaspace:

Usage:
  Non-class:     52.89 MB used.
      Class:      5.94 MB used.
       Both:     58.83 MB used.

Virtual space:
  Non-class space:       64.00 MB reserved,      53.62 MB ( 84%) committed,  1 nodes.
      Class space:        1.00 GB reserved,       6.62 MB ( <1%) committed,  1 nodes.
             Both:        1.06 GB reserved,      60.25 MB (  6%) committed. 

Chunk freelists:
   Non-Class:  9.81 MB
       Class:  9.41 MB
        Both:  19.22 MB

MaxMetaspaceSize: unlimited
CompressedClassSpaceSize: 1.00 GB
Initial GC threshold: 21.00 MB
Current GC threshold: 97.31 MB
CDS: on
 - commit_granule_bytes: 65536.
 - commit_granule_words: 8192.
 - virtual_space_node_default_size: 8388608.
 - enlarge_chunks_in_place: 1.
 - use_allocation_guard: 0.


Internal statistics:

num_allocs_failed_limit: 9.
num_arena_births: 1206.
num_arena_deaths: 14.
num_vsnodes_births: 2.
num_vsnodes_deaths: 0.
num_space_committed: 963.
num_space_uncommitted: 0.
num_chunks_returned_to_freelist: 23.
num_chunks_taken_from_freelist: 4015.
num_chunk_merges: 10.
num_chunk_splits: 2460.
num_chunks_enlarged: 1398.
num_inconsistent_stats: 0.

CodeHeap 'non-profiled nmethods': size=119168Kb used=7727Kb max_used=7727Kb free=111440Kb
 bounds [0x0000018ad6490000, 0x0000018ad6c20000, 0x0000018add8f0000]
CodeHeap 'profiled nmethods': size=119104Kb used=25568Kb max_used=25568Kb free=93535Kb
 bounds [0x0000018ace8f0000, 0x0000018ad01f0000, 0x0000018ad5d40000]
CodeHeap 'non-nmethods': size=7488Kb used=2555Kb max_used=3223Kb free=4932Kb
 bounds [0x0000018ad5d40000, 0x0000018ad6070000, 0x0000018ad6490000]
 total_blobs=11239 nmethods=10500 adapters=642
 compilation: enabled
              stopped_count=0, restarted_count=0
 full_count=0

Compilation events (20 events):
Event: 9.014 Thread 0x0000018ae12f4fd0 nmethod 11321 0x0000018ad0140f10 code [0x0000018ad01410c0, 0x0000018ad01412b8]
Event: 9.014 Thread 0x0000018ae12f4fd0 11319       3       org.eclipse.core.internal.dtree.NodeComparison::asReverseComparison (67 bytes)
Event: 9.015 Thread 0x0000018ae12f4fd0 nmethod 11319 0x0000018ad0141390 code [0x0000018ad0141540, 0x0000018ad01417a8]
Event: 9.015 Thread 0x0000018ae12f4fd0 11330       3       org.eclipse.jdt.internal.compiler.parser.Scanner::addTokenToLookBack (137 bytes)
Event: 9.016 Thread 0x0000018ae12f4fd0 nmethod 11330 0x0000018ad0141910 code [0x0000018ad0141b20, 0x0000018ad01423d0]
Event: 9.016 Thread 0x0000018ae12f4fd0 11329       3       org.eclipse.m2e.jdt.internal.BuildPathManager$ModuleInfoDetector::visit (53 bytes)
Event: 9.017 Thread 0x0000018ae1366100 11195   !   4       org.eclipse.jdt.internal.core.search.indexing.AbstractIndexer::addMethodDeclaration (42 bytes)
Event: 9.017 Thread 0x0000018ae12f4fd0 nmethod 11329 0x0000018ad0142690 code [0x0000018ad01428e0, 0x0000018ad01432d0]
Event: 9.017 Thread 0x0000018ae11d4ba0 nmethod 11219 0x0000018ad6c17910 code [0x0000018ad6c17ac0, 0x0000018ad6c17c60]
Event: 9.017 Thread 0x0000018ae12f4fd0 11328       3       org.eclipse.debug.internal.core.LaunchManager$LaunchManagerVisitor::visit (204 bytes)
Event: 9.019 Thread 0x0000018ae11d4ba0 11218       4       org.eclipse.jdt.internal.core.search.indexing.AbstractIndexer::addConstructorReference (58 bytes)
Event: 9.020 Thread 0x0000018ae12f3910 nmethod 11326 0x0000018ad0143710 code [0x0000018ad0144460, 0x0000018ad014c820]
Event: 9.020 Thread 0x0000018ae12f4fd0 nmethod 11328 0x0000018ad014fb10 code [0x0000018ad014fe80, 0x0000018ad0151450]
Event: 9.021 Thread 0x0000018ae12f4fd0 11331       3       java.util.concurrent.ConcurrentHashMap::addCount (280 bytes)
Event: 9.022 Thread 0x0000018ae12f3910 11332       3       lombok.eclipse.EclipseAST::buildStatement (57 bytes)
Event: 9.022 Thread 0x0000018ae12f4fd0 nmethod 11331 0x0000018ad0151b10 code [0x0000018ad0151d60, 0x0000018ad0152650]
Event: 9.022 Thread 0x0000018ae12f4fd0 11335       3       org.eclipse.jdt.internal.compiler.lookup.ParameterizedMethodBinding::<init> (789 bytes)
Event: 9.022 Thread 0x0000018ae12f3910 nmethod 11332 0x0000018ad0152990 code [0x0000018ad0152bc0, 0x0000018ad01534d0]
Event: 9.023 Thread 0x0000018ae12f3910 11324       3       org.eclipse.core.internal.events.NodeIDMap::shouldGrow (23 bytes)
Event: 9.023 Thread 0x0000018ae1366100 nmethod 11195 0x0000018ad6c17e90 code [0x0000018ad6c18060, 0x0000018ad6c18318]

GC Heap History (20 events):
Event: 7.926 GC heap before
{Heap before GC invocations=252 (full 3):
 PSYoungGen      total 1536K, used 1529K [0x00000000eab00000, 0x00000000eb080000, 0x0000000100000000)
  eden space 512K, 99% used [0x00000000eab00000,0x00000000eab7f6c8,0x00000000eab80000)
  from space 1024K, 99% used [0x00000000ead80000,0x00000000eae7efa0,0x00000000eae80000)
  to   space 2048K, 0% used [0x00000000eab80000,0x00000000eab80000,0x00000000ead80000)
 ParOldGen       total 389632K, used 318628K [0x00000000c0000000, 0x00000000d7c80000, 0x00000000eab00000)
  object space 389632K, 81% used [0x00000000c0000000,0x00000000d3729050,0x00000000d7c80000)
 Metaspace       used 59901K, committed 61376K, reserved 1114112K
  class space    used 6064K, committed 6784K, reserved 1048576K
}
Event: 7.927 GC heap after
{Heap after GC invocations=252 (full 3):
 PSYoungGen      total 1024K, used 432K [0x00000000eab00000, 0x00000000eae00000, 0x0000000100000000)
  eden space 512K, 0% used [0x00000000eab00000,0x00000000eab00000,0x00000000eab80000)
  from space 512K, 84% used [0x00000000eab80000,0x00000000eabec010,0x00000000eac00000)
  to   space 1024K, 0% used [0x00000000ead00000,0x00000000ead00000,0x00000000eae00000)
 ParOldGen       total 389632K, used 319012K [0x00000000c0000000, 0x00000000d7c80000, 0x00000000eab00000)
  object space 389632K, 81% used [0x00000000c0000000,0x00000000d3789050,0x00000000d7c80000)
 Metaspace       used 59901K, committed 61376K, reserved 1114112K
  class space    used 6064K, committed 6784K, reserved 1048576K
}
Event: 7.930 GC heap before
{Heap before GC invocations=253 (full 3):
 PSYoungGen      total 1024K, used 944K [0x00000000eab00000, 0x00000000eae00000, 0x0000000100000000)
  eden space 512K, 100% used [0x00000000eab00000,0x00000000eab80000,0x00000000eab80000)
  from space 512K, 84% used [0x00000000eab80000,0x00000000eabec010,0x00000000eac00000)
  to   space 1024K, 0% used [0x00000000ead00000,0x00000000ead00000,0x00000000eae00000)
 ParOldGen       total 389632K, used 319012K [0x00000000c0000000, 0x00000000d7c80000, 0x00000000eab00000)
  object space 389632K, 81% used [0x00000000c0000000,0x00000000d3789050,0x00000000d7c80000)
 Metaspace       used 59907K, committed 61376K, reserved 1114112K
  class space    used 6064K, committed 6784K, reserved 1048576K
}
Event: 7.932 GC heap after
{Heap after GC invocations=253 (full 3):
 PSYoungGen      total 1536K, used 368K [0x00000000eab00000, 0x00000000ead80000, 0x0000000100000000)
  eden space 1024K, 0% used [0x00000000eab00000,0x00000000eab00000,0x00000000eac00000)
  from space 512K, 71% used [0x00000000ead00000,0x00000000ead5c010,0x00000000ead80000)
  to   space 512K, 0% used [0x00000000eac80000,0x00000000eac80000,0x00000000ead00000)
 ParOldGen       total 389632K, used 319124K [0x00000000c0000000, 0x00000000d7c80000, 0x00000000eab00000)
  object space 389632K, 81% used [0x00000000c0000000,0x00000000d37a5050,0x00000000d7c80000)
 Metaspace       used 59907K, committed 61376K, reserved 1114112K
  class space    used 6064K, committed 6784K, reserved 1048576K
}
Event: 7.935 GC heap before
{Heap before GC invocations=254 (full 3):
 PSYoungGen      total 1536K, used 1392K [0x00000000eab00000, 0x00000000ead80000, 0x0000000100000000)
  eden space 1024K, 100% used [0x00000000eab00000,0x00000000eac00000,0x00000000eac00000)
  from space 512K, 71% used [0x00000000ead00000,0x00000000ead5c010,0x00000000ead80000)
  to   space 512K, 0% used [0x00000000eac80000,0x00000000eac80000,0x00000000ead00000)
 ParOldGen       total 389632K, used 319124K [0x00000000c0000000, 0x00000000d7c80000, 0x00000000eab00000)
  object space 389632K, 81% used [0x00000000c0000000,0x00000000d37a5050,0x00000000d7c80000)
 Metaspace       used 59919K, committed 61376K, reserved 1114112K
  class space    used 6064K, committed 6784K, reserved 1048576K
}
Event: 7.936 GC heap after
{Heap after GC invocations=254 (full 3):
 PSYoungGen      total 2048K, used 427K [0x00000000eab00000, 0x00000000ead80000, 0x0000000100000000)
  eden space 1536K, 0% used [0x00000000eab00000,0x00000000eab00000,0x00000000eac80000)
  from space 512K, 83% used [0x00000000eac80000,0x00000000eaceac18,0x00000000ead00000)
  to   space 512K, 0% used [0x00000000ead00000,0x00000000ead00000,0x00000000ead80000)
 ParOldGen       total 389632K, used 319220K [0x00000000c0000000, 0x00000000d7c80000, 0x00000000eab00000)
  object space 389632K, 81% used [0x00000000c0000000,0x00000000d37bd050,0x00000000d7c80000)
 Metaspace       used 59919K, committed 61376K, reserved 1114112K
  class space    used 6064K, committed 6784K, reserved 1048576K
}
Event: 7.939 GC heap before
{Heap before GC invocations=255 (full 3):
 PSYoungGen      total 2048K, used 1963K [0x00000000eab00000, 0x00000000ead80000, 0x0000000100000000)
  eden space 1536K, 100% used [0x00000000eab00000,0x00000000eac80000,0x00000000eac80000)
  from space 512K, 83% used [0x00000000eac80000,0x00000000eaceac18,0x00000000ead00000)
  to   space 512K, 0% used [0x00000000ead00000,0x00000000ead00000,0x00000000ead80000)
 ParOldGen       total 389632K, used 319220K [0x00000000c0000000, 0x00000000d7c80000, 0x00000000eab00000)
  object space 389632K, 81% used [0x00000000c0000000,0x00000000d37bd050,0x00000000d7c80000)
 Metaspace       used 59919K, committed 61376K, reserved 1114112K
  class space    used 6064K, committed 6784K, reserved 1048576K
}
Event: 8.938 GC heap after
{Heap after GC invocations=255 (full 3):
 PSYoungGen      total 1536K, used 512K [0x00000000eab00000, 0x00000000eaf00000, 0x0000000100000000)
  eden space 1024K, 0% used [0x00000000eab00000,0x00000000eab00000,0x00000000eac00000)
  from space 512K, 100% used [0x00000000ead00000,0x00000000ead80000,0x00000000ead80000)
  to   space 1024K, 0% used [0x00000000eac00000,0x00000000eac00000,0x00000000ead00000)
 ParOldGen       total 389632K, used 319399K [0x00000000c0000000, 0x00000000d7c80000, 0x00000000eab00000)
  object space 389632K, 81% used [0x00000000c0000000,0x00000000d37e9c58,0x00000000d7c80000)
 Metaspace       used 59919K, committed 61376K, reserved 1114112K
  class space    used 6064K, committed 6784K, reserved 1048576K
}
Event: 8.951 GC heap before
{Heap before GC invocations=256 (full 3):
 PSYoungGen      total 1536K, used 1536K [0x00000000eab00000, 0x00000000eaf00000, 0x0000000100000000)
  eden space 1024K, 100% used [0x00000000eab00000,0x00000000eac00000,0x00000000eac00000)
  from space 512K, 100% used [0x00000000ead00000,0x00000000ead80000,0x00000000ead80000)
  to   space 1024K, 0% used [0x00000000eac00000,0x00000000eac00000,0x00000000ead00000)
 ParOldGen       total 389632K, used 319399K [0x00000000c0000000, 0x00000000d7c80000, 0x00000000eab00000)
  object space 389632K, 81% used [0x00000000c0000000,0x00000000d37e9c58,0x00000000d7c80000)
 Metaspace       used 59919K, committed 61376K, reserved 1114112K
  class space    used 6064K, committed 6784K, reserved 1048576K
}
Event: 8.951 GC heap after
{Heap after GC invocations=256 (full 3):
 PSYoungGen      total 2048K, used 416K [0x00000000eab00000, 0x00000000ead80000, 0x0000000100000000)
  eden space 1024K, 0% used [0x00000000eab00000,0x00000000eab00000,0x00000000eac00000)
  from space 1024K, 40% used [0x00000000eac00000,0x00000000eac68000,0x00000000ead00000)
  to   space 512K, 0% used [0x00000000ead00000,0x00000000ead00000,0x00000000ead80000)
 ParOldGen       total 389632K, used 319655K [0x00000000c0000000, 0x00000000d7c80000, 0x00000000eab00000)
  object space 389632K, 82% used [0x00000000c0000000,0x00000000d3829c58,0x00000000d7c80000)
 Metaspace       used 59919K, committed 61376K, reserved 1114112K
  class space    used 6064K, committed 6784K, reserved 1048576K
}
Event: 8.953 GC heap before
{Heap before GC invocations=257 (full 3):
 PSYoungGen      total 2048K, used 1440K [0x00000000eab00000, 0x00000000ead80000, 0x0000000100000000)
  eden space 1024K, 100% used [0x00000000eab00000,0x00000000eac00000,0x00000000eac00000)
  from space 1024K, 40% used [0x00000000eac00000,0x00000000eac68000,0x00000000ead00000)
  to   space 512K, 0% used [0x00000000ead00000,0x00000000ead00000,0x00000000ead80000)
 ParOldGen       total 389632K, used 319655K [0x00000000c0000000, 0x00000000d7c80000, 0x00000000eab00000)
  object space 389632K, 82% used [0x00000000c0000000,0x00000000d3829c58,0x00000000d7c80000)
 Metaspace       used 59919K, committed 61376K, reserved 1114112K
  class space    used 6064K, committed 6784K, reserved 1048576K
}
Event: 8.954 GC heap after
{Heap after GC invocations=257 (full 3):
 PSYoungGen      total 2048K, used 491K [0x00000000eab00000, 0x00000000ead80000, 0x0000000100000000)
  eden space 1536K, 0% used [0x00000000eab00000,0x00000000eab00000,0x00000000eac80000)
  from space 512K, 95% used [0x00000000ead00000,0x00000000ead7ad68,0x00000000ead80000)
  to   space 512K, 0% used [0x00000000eac80000,0x00000000eac80000,0x00000000ead00000)
 ParOldGen       total 389632K, used 319866K [0x00000000c0000000, 0x00000000d7c80000, 0x00000000eab00000)
  object space 389632K, 82% used [0x00000000c0000000,0x00000000d385e9c0,0x00000000d7c80000)
 Metaspace       used 59919K, committed 61376K, reserved 1114112K
  class space    used 6064K, committed 6784K, reserved 1048576K
}
Event: 8.957 GC heap before
{Heap before GC invocations=258 (full 3):
 PSYoungGen      total 2048K, used 2027K [0x00000000eab00000, 0x00000000ead80000, 0x0000000100000000)
  eden space 1536K, 100% used [0x00000000eab00000,0x00000000eac80000,0x00000000eac80000)
  from space 512K, 95% used [0x00000000ead00000,0x00000000ead7ad68,0x00000000ead80000)
  to   space 512K, 0% used [0x00000000eac80000,0x00000000eac80000,0x00000000ead00000)
 ParOldGen       total 389632K, used 319866K [0x00000000c0000000, 0x00000000d7c80000, 0x00000000eab00000)
  object space 389632K, 82% used [0x00000000c0000000,0x00000000d385e9c0,0x00000000d7c80000)
 Metaspace       used 59926K, committed 61376K, reserved 1114112K
  class space    used 6065K, committed 6784K, reserved 1048576K
}
Event: 8.958 GC heap after
{Heap after GC invocations=258 (full 3):
 PSYoungGen      total 2048K, used 512K [0x00000000eab00000, 0x00000000eaf00000, 0x0000000100000000)
  eden space 1536K, 0% used [0x00000000eab00000,0x00000000eab00000,0x00000000eac80000)
  from space 512K, 100% used [0x00000000eac80000,0x00000000ead00000,0x00000000ead00000)
  to   space 1024K, 0% used [0x00000000eae00000,0x00000000eae00000,0x00000000eaf00000)
 ParOldGen       total 389632K, used 320042K [0x00000000c0000000, 0x00000000d7c80000, 0x00000000eab00000)
  object space 389632K, 82% used [0x00000000c0000000,0x00000000d388a9c0,0x00000000d7c80000)
 Metaspace       used 59926K, committed 61376K, reserved 1114112K
  class space    used 6065K, committed 6784K, reserved 1048576K
}
Event: 8.962 GC heap before
{Heap before GC invocations=259 (full 3):
 PSYoungGen      total 2048K, used 2041K [0x00000000eab00000, 0x00000000eaf00000, 0x0000000100000000)
  eden space 1536K, 99% used [0x00000000eab00000,0x00000000eac7e5a8,0x00000000eac80000)
  from space 512K, 100% used [0x00000000eac80000,0x00000000ead00000,0x00000000ead00000)
  to   space 1024K, 0% used [0x00000000eae00000,0x00000000eae00000,0x00000000eaf00000)
 ParOldGen       total 389632K, used 320042K [0x00000000c0000000, 0x00000000d7c80000, 0x00000000eab00000)
  object space 389632K, 82% used [0x00000000c0000000,0x00000000d388a9c0,0x00000000d7c80000)
 Metaspace       used 59936K, committed 61376K, reserved 1114112K
  class space    used 6066K, committed 6784K, reserved 1048576K
}
Event: 8.963 GC heap after
{Heap after GC invocations=259 (full 3):
 PSYoungGen      total 3072K, used 470K [0x00000000eab00000, 0x00000000eaf00000, 0x0000000100000000)
  eden space 2048K, 0% used [0x00000000eab00000,0x00000000eab00000,0x00000000ead00000)
  from space 1024K, 45% used [0x00000000eae00000,0x00000000eae75808,0x00000000eaf00000)
  to   space 1024K, 0% used [0x00000000ead00000,0x00000000ead00000,0x00000000eae00000)
 ParOldGen       total 389632K, used 320322K [0x00000000c0000000, 0x00000000d7c80000, 0x00000000eab00000)
  object space 389632K, 82% used [0x00000000c0000000,0x00000000d38d09c0,0x00000000d7c80000)
 Metaspace       used 59936K, committed 61376K, reserved 1114112K
  class space    used 6066K, committed 6784K, reserved 1048576K
}
Event: 8.978 GC heap before
{Heap before GC invocations=260 (full 3):
 PSYoungGen      total 3072K, used 2503K [0x00000000eab00000, 0x00000000eaf00000, 0x0000000100000000)
  eden space 2048K, 99% used [0x00000000eab00000,0x00000000eacfc520,0x00000000ead00000)
  from space 1024K, 45% used [0x00000000eae00000,0x00000000eae75808,0x00000000eaf00000)
  to   space 1024K, 0% used [0x00000000ead00000,0x00000000ead00000,0x00000000eae00000)
 ParOldGen       total 389632K, used 320322K [0x00000000c0000000, 0x00000000d7c80000, 0x00000000eab00000)
  object space 389632K, 82% used [0x00000000c0000000,0x00000000d38d09c0,0x00000000d7c80000)
 Metaspace       used 59941K, committed 61376K, reserved 1114112K
  class space    used 6066K, committed 6784K, reserved 1048576K
}
Event: 8.980 GC heap after
{Heap after GC invocations=260 (full 3):
 PSYoungGen      total 3072K, used 544K [0x00000000eab00000, 0x00000000eaf80000, 0x0000000100000000)
  eden space 2048K, 0% used [0x00000000eab00000,0x00000000eab00000,0x00000000ead00000)
  from space 1024K, 53% used [0x00000000ead00000,0x00000000ead88000,0x00000000eae00000)
  to   space 1024K, 0% used [0x00000000eae80000,0x00000000eae80000,0x00000000eaf80000)
 ParOldGen       total 389632K, used 320600K [0x00000000c0000000, 0x00000000d7c80000, 0x00000000eab00000)
  object space 389632K, 82% used [0x00000000c0000000,0x00000000d39161c8,0x00000000d7c80000)
 Metaspace       used 59941K, committed 61376K, reserved 1114112K
  class space    used 6066K, committed 6784K, reserved 1048576K
}
Event: 9.018 GC heap before
{Heap before GC invocations=261 (full 3):
 PSYoungGen      total 3072K, used 2591K [0x00000000eab00000, 0x00000000eaf80000, 0x0000000100000000)
  eden space 2048K, 99% used [0x00000000eab00000,0x00000000eacfffd0,0x00000000ead00000)
  from space 1024K, 53% used [0x00000000ead00000,0x00000000ead88000,0x00000000eae00000)
  to   space 1024K, 0% used [0x00000000eae80000,0x00000000eae80000,0x00000000eaf80000)
 ParOldGen       total 389632K, used 320600K [0x00000000c0000000, 0x00000000d7c80000, 0x00000000eab00000)
  object space 389632K, 82% used [0x00000000c0000000,0x00000000d39161c8,0x00000000d7c80000)
 Metaspace       used 60087K, committed 61568K, reserved 1114112K
  class space    used 6076K, committed 6784K, reserved 1048576K
}
Event: 9.019 GC heap after
{Heap after GC invocations=261 (full 3):
 PSYoungGen      total 2560K, used 480K [0x00000000eab00000, 0x00000000eaf00000, 0x0000000100000000)
  eden space 2048K, 0% used [0x00000000eab00000,0x00000000eab00000,0x00000000ead00000)
  from space 512K, 93% used [0x00000000eae80000,0x00000000eaef8000,0x00000000eaf00000)
  to   space 512K, 0% used [0x00000000eae00000,0x00000000eae00000,0x00000000eae80000)
 ParOldGen       total 389632K, used 320848K [0x00000000c0000000, 0x00000000d7c80000, 0x00000000eab00000)
  object space 389632K, 82% used [0x00000000c0000000,0x00000000d39541c8,0x00000000d7c80000)
 Metaspace       used 60087K, committed 61568K, reserved 1114112K
  class space    used 6076K, committed 6784K, reserved 1048576K
}

Dll operation events (10 events):
Event: 0.008 Loaded shared library c:\Users\MSI\.vscode\extensions\redhat.java-1.41.1-win32-x64\jre\21.0.6-win32-x86_64\bin\java.dll
Event: 0.043 Loaded shared library c:\Users\MSI\.vscode\extensions\redhat.java-1.41.1-win32-x64\jre\21.0.6-win32-x86_64\bin\zip.dll
Event: 0.077 Loaded shared library C:\Users\MSI\.vscode\extensions\redhat.java-1.41.1-win32-x64\jre\21.0.6-win32-x86_64\bin\instrument.dll
Event: 0.079 Loaded shared library C:\Users\MSI\.vscode\extensions\redhat.java-1.41.1-win32-x64\jre\21.0.6-win32-x86_64\bin\net.dll
Event: 0.081 Loaded shared library C:\Users\MSI\.vscode\extensions\redhat.java-1.41.1-win32-x64\jre\21.0.6-win32-x86_64\bin\nio.dll
Event: 0.082 Loaded shared library C:\Users\MSI\.vscode\extensions\redhat.java-1.41.1-win32-x64\jre\21.0.6-win32-x86_64\bin\zip.dll
Event: 0.093 Loaded shared library C:\Users\MSI\.vscode\extensions\redhat.java-1.41.1-win32-x64\jre\21.0.6-win32-x86_64\bin\jimage.dll
Event: 0.138 Loaded shared library c:\Users\MSI\.vscode\extensions\redhat.java-1.41.1-win32-x64\jre\21.0.6-win32-x86_64\bin\verify.dll
Event: 0.740 Loaded shared library C:\Users\MSI\AppData\Roaming\Code\User\globalStorage\redhat.java\1.41.1\config_win\org.eclipse.equinox.launcher\org.eclipse.equinox.launcher.win32.win32.x86_64_1.2.1300.v20250331-1702\eclipse_11911.dll
Event: 1.684 Loaded shared library C:\Users\MSI\AppData\Local\Temp\jna-76643\jna16964878448625655367.dll

Deoptimization events (20 events):
Event: 8.993 Thread 0x0000018aea034e70 Uncommon trap: trap_request=0xffffffde fr.pc=0x0000018ad6c01638 relative=0x0000000000007618
Event: 8.993 Thread 0x0000018aea034e70 Uncommon trap: reason=class_check action=maybe_recompile pc=0x0000018ad6c01638 method=lombok.eclipse.EclipseAST.buildStatement(Lorg/eclipse/jdt/internal/compiler/ast/Statement;)Llombok/eclipse/EclipseNode; @ 31 c2
Event: 8.993 Thread 0x0000018aea034e70 DEOPT PACKING pc=0x0000018ad6c01638 sp=0x0000002fc87fda00
Event: 8.993 Thread 0x0000018aea034e70 DEOPT UNPACKING pc=0x0000018ad5d93aa2 sp=0x0000002fc87fdaa8 mode 2
Event: 9.004 Thread 0x0000018aea034e70 Uncommon trap: trap_request=0xffffff45 fr.pc=0x0000018ad6affe2c relative=0x000000000000016c
Event: 9.004 Thread 0x0000018aea034e70 Uncommon trap: reason=unstable_if action=reinterpret pc=0x0000018ad6affe2c method=org.eclipse.jdt.internal.compiler.parser.Scanner.addTokenToLookBack(Lorg/eclipse/jdt/internal/compiler/parser/TerminalToken;)V @ 45 c2
Event: 9.004 Thread 0x0000018aea034e70 DEOPT PACKING pc=0x0000018ad6affe2c sp=0x0000002fc87fe990
Event: 9.004 Thread 0x0000018aea034e70 DEOPT UNPACKING pc=0x0000018ad5d93aa2 sp=0x0000002fc87fe928 mode 2
Event: 9.004 Thread 0x0000018aea034e70 Uncommon trap: trap_request=0xffffff45 fr.pc=0x0000018ad6b01e0c relative=0x000000000000006c
Event: 9.005 Thread 0x0000018aea034e70 Uncommon trap: reason=unstable_if action=reinterpret pc=0x0000018ad6b01e0c method=org.eclipse.jdt.internal.compiler.parser.Scanner.atMultiCaseComma()Z @ 4 c2
Event: 9.005 Thread 0x0000018aea034e70 DEOPT PACKING pc=0x0000018ad6b01e0c sp=0x0000002fc87fe9a0
Event: 9.005 Thread 0x0000018aea034e70 DEOPT UNPACKING pc=0x0000018ad5d93aa2 sp=0x0000002fc87fe938 mode 2
Event: 9.005 Thread 0x0000018aea034e70 Uncommon trap: trap_request=0x00000d48 fr.pc=0x0000018ad6bc29f4 relative=0x0000000000004414
Event: 9.005 Thread 0x0000018aea034e70 Uncommon trap: reason=unloaded action=reinterpret pc=0x0000018ad6bc29f4 method=org.eclipse.jdt.internal.compiler.parser.Parser.consumeRule(I)V @ 5205 c2
Event: 9.005 Thread 0x0000018aea034e70 DEOPT PACKING pc=0x0000018ad6bc29f4 sp=0x0000002fc87fea20
Event: 9.005 Thread 0x0000018aea034e70 DEOPT UNPACKING pc=0x0000018ad5d93aa2 sp=0x0000002fc87fe9b0 mode 2
Event: 9.019 Thread 0x0000018aea034e70 Uncommon trap: trap_request=0xffffff45 fr.pc=0x0000018ad6c00618 relative=0x00000000000065f8
Event: 9.019 Thread 0x0000018aea034e70 Uncommon trap: reason=unstable_if action=reinterpret pc=0x0000018ad6c00618 method=lombok.core.AST.buildWithField0(Ljava/lang/Class;Ljava/lang/Object;Llombok/core/AST$FieldAccess;Ljava/util/Collection;)V @ 67 c2
Event: 9.019 Thread 0x0000018aea034e70 DEOPT PACKING pc=0x0000018ad6c00618 sp=0x0000002fc87fdfc0
Event: 9.020 Thread 0x0000018aea034e70 DEOPT UNPACKING pc=0x0000018ad5d93aa2 sp=0x0000002fc87fdec8 mode 2

Classes loaded (20 events):
Event: 7.618 Loading class sun/nio/fs/WindowsFileCopy
Event: 7.619 Loading class sun/nio/fs/WindowsFileCopy done
Event: 7.688 Loading class java/util/stream/ReferencePipeline$4
Event: 7.688 Loading class java/util/stream/IntPipeline$StatelessOp
Event: 7.688 Loading class java/util/stream/IntPipeline
Event: 7.689 Loading class java/util/stream/IntStream
Event: 7.689 Loading class java/util/stream/IntStream done
Event: 7.689 Loading class java/util/stream/IntPipeline done
Event: 7.689 Loading class java/util/stream/IntPipeline$StatelessOp done
Event: 7.689 Loading class java/util/stream/ReferencePipeline$4 done
Event: 7.691 Loading class java/util/stream/Nodes$IntFixedNodeBuilder
Event: 7.691 Loading class java/util/stream/Node$Builder$OfInt
Event: 7.691 Loading class java/util/stream/Sink$OfInt
Event: 7.691 Loading class java/util/stream/Sink$OfInt done
Event: 7.692 Loading class java/util/stream/Node$Builder$OfInt done
Event: 7.692 Loading class java/util/stream/Nodes$IntArrayNode
Event: 7.692 Loading class java/util/stream/Nodes$IntArrayNode done
Event: 7.692 Loading class java/util/stream/Nodes$IntFixedNodeBuilder done
Event: 7.692 Loading class java/util/stream/ReferencePipeline$4$1
Event: 7.692 Loading class java/util/stream/ReferencePipeline$4$1 done

Classes unloaded (7 events):
Event: 1.999 Thread 0x0000018acb7bebb0 Unloading class 0x0000018a81194800 'java/lang/invoke/LambdaForm$MH+0x0000018a81194800'
Event: 1.999 Thread 0x0000018acb7bebb0 Unloading class 0x0000018a81194400 'java/lang/invoke/LambdaForm$MH+0x0000018a81194400'
Event: 1.999 Thread 0x0000018acb7bebb0 Unloading class 0x0000018a81194000 'java/lang/invoke/LambdaForm$MH+0x0000018a81194000'
Event: 1.999 Thread 0x0000018acb7bebb0 Unloading class 0x0000018a81193c00 'java/lang/invoke/LambdaForm$MH+0x0000018a81193c00'
Event: 1.999 Thread 0x0000018acb7bebb0 Unloading class 0x0000018a81193800 'java/lang/invoke/LambdaForm$BMH+0x0000018a81193800'
Event: 1.999 Thread 0x0000018acb7bebb0 Unloading class 0x0000018a81193400 'java/lang/invoke/LambdaForm$DMH+0x0000018a81193400'
Event: 1.999 Thread 0x0000018acb7bebb0 Unloading class 0x0000018a81192400 'java/lang/invoke/LambdaForm$DMH+0x0000018a81192400'

Classes redefined (0 events):
No events

Internal exceptions (20 events):
Event: 5.234 Thread 0x0000018ae9c8fad0 Exception <a 'java/lang/IncompatibleClassChangeError'{0x00000000eab2a760}: Found class java.lang.Object, but interface was expected> (0x00000000eab2a760) 
thrown [s\src\hotspot\share\interpreter\linkResolver.cpp, line 840]
Event: 5.459 Thread 0x0000018ae7c93510 Exception <a 'sun/nio/fs/WindowsException'{0x00000000eade0a38}> (0x00000000eade0a38) 
thrown [s\src\hotspot\share\prims\jni.cpp, line 520]
Event: 5.462 Thread 0x0000018ae9c94990 Exception <a 'sun/nio/fs/WindowsException'{0x00000000eaf8bfa8}> (0x00000000eaf8bfa8) 
thrown [s\src\hotspot\share\prims\jni.cpp, line 520]
Event: 5.463 Thread 0x0000018ae9c935e0 Exception <a 'sun/nio/fs/WindowsException'{0x00000000eb02a200}> (0x00000000eb02a200) 
thrown [s\src\hotspot\share\prims\jni.cpp, line 520]
Event: 5.463 Thread 0x0000018ae9c95020 Exception <a 'sun/nio/fs/WindowsException'{0x00000000eb07d800}> (0x00000000eb07d800) 
thrown [s\src\hotspot\share\prims\jni.cpp, line 520]
Event: 5.463 Thread 0x0000018ae9c93c70 Exception <a 'sun/nio/fs/WindowsException'{0x00000000eb087ce0}> (0x00000000eb087ce0) 
thrown [s\src\hotspot\share\prims\jni.cpp, line 520]
Event: 5.464 Thread 0x0000018ae9c94300 Exception <a 'sun/nio/fs/WindowsException'{0x00000000eb0b71f8}> (0x00000000eb0b71f8) 
thrown [s\src\hotspot\share\prims\jni.cpp, line 520]
Event: 6.345 Thread 0x0000018ae7c93510 Implicit null exception at 0x0000018ad687e6da to 0x0000018ad687e733
Event: 6.410 Thread 0x0000018ae7c93510 Exception <a 'java/lang/NoSuchMethodError'{0x00000000ead09028}: 'java.lang.Object java.lang.invoke.DirectMethodHandle$Holder.invokeStatic(java.lang.Object, java.lang.Object, int, int)'> (0x00000000ead09028) 
thrown [s\src\hotspot\share\interpreter\linkResolver.cpp, line 773]
Event: 6.411 Thread 0x0000018ae7c93510 Exception <a 'java/lang/NoSuchMethodError'{0x00000000ead0d338}: 'java.lang.Object java.lang.invoke.DirectMethodHandle$Holder.invokeSpecial(java.lang.Object, java.lang.Object, java.lang.Object, int, int)'> (0x00000000ead0d338) 
thrown [s\src\hotspot\share\interpreter\linkResolver.cpp, line 773]
Event: 6.486 Thread 0x0000018ae7c93510 Exception <a 'java/lang/NoSuchMethodError'{0x00000000eae3fd08}: 'void java.lang.invoke.DelegatingMethodHandle$Holder.reinvoke_L(java.lang.Object, java.lang.Object, java.lang.Object, int, java.lang.Object, int, int)'> (0x00000000eae3fd08) 
thrown [s\src\hotspot\share\interpreter\linkResolver.cpp, line 773]
Event: 6.689 Thread 0x0000018ae7c93510 Exception <a 'java/lang/NoSuchMethodError'{0x00000000eb048cf0}: 'int java.lang.invoke.DirectMethodHandle$Holder.invokeSpecialIFC(java.lang.Object, java.lang.Object, java.lang.Object)'> (0x00000000eb048cf0) 
thrown [s\src\hotspot\share\interpreter\linkResolver.cpp, line 773]
Event: 7.513 Thread 0x0000018ae7c93510 Exception <a 'java/lang/NoSuchMethodError'{0x00000000eabf40e0}: 'java.lang.Object java.lang.invoke.DirectMethodHandle$Holder.newInvokeSpecial(java.lang.Object, java.lang.Object, int, int, java.lang.Object)'> (0x00000000eabf40e0) 
thrown [s\src\hotspot\share\interpreter\linkResolver.cpp, line 773]
Event: 7.538 Thread 0x0000018aea034e70 Exception <a 'java/lang/NoSuchMethodError'{0x00000000eae1d3b8}: 'void java.lang.invoke.DirectMethodHandle$Holder.invokeStatic(java.lang.Object, int, java.lang.Object)'> (0x00000000eae1d3b8) 
thrown [s\src\hotspot\share\interpreter\linkResolver.cpp, line 773]
Event: 7.619 Thread 0x0000018ae7c94230 Exception <a 'sun/nio/fs/WindowsException'{0x00000000eabc4440}> (0x00000000eabc4440) 
thrown [s\src\hotspot\share\prims\jni.cpp, line 520]
Event: 7.785 Thread 0x0000018aea034e70 Exception <a 'java/lang/NoSuchMethodError'{0x00000000eabab968}: 'java.lang.Object java.lang.invoke.DirectMethodHandle$Holder.newInvokeSpecial(java.lang.Object, int, int, java.lang.Object)'> (0x00000000eabab968) 
thrown [s\src\hotspot\share\interpreter\linkResolver.cpp, line 773]
Event: 7.785 Thread 0x0000018aea034e70 Exception <a 'java/lang/NoSuchMethodError'{0x00000000eabe1a38}: 'java.lang.Object java.lang.invoke.DirectMethodHandle$Holder.invokeSpecial(java.lang.Object, java.lang.Object, int, int, java.lang.Object)'> (0x00000000eabe1a38) 
thrown [s\src\hotspot\share\interpreter\linkResolver.cpp, line 773]
Event: 7.891 Thread 0x0000018ae7c94230 Exception <a 'sun/nio/fs/WindowsException'{0x00000000eab342e0}> (0x00000000eab342e0) 
thrown [s\src\hotspot\share\prims\jni.cpp, line 520]
Event: 8.994 Thread 0x0000018ae7c94230 Exception <a 'sun/nio/fs/WindowsException'{0x00000000eabb3548}> (0x00000000eabb3548) 
thrown [s\src\hotspot\share\prims\jni.cpp, line 520]
Event: 9.014 Thread 0x0000018ae7c94230 Exception <a 'sun/nio/fs/WindowsException'{0x00000000eac94760}> (0x00000000eac94760) 
thrown [s\src\hotspot\share\prims\jni.cpp, line 520]

ZGC Phase Switch (0 events):
No events

VM Operations (20 events):
Event: 7.927 Executing VM operation: ParallelGCFailedAllocation (Allocation Failure) done
Event: 7.930 Executing VM operation: ParallelGCFailedAllocation (Allocation Failure)
Event: 7.932 Executing VM operation: ParallelGCFailedAllocation (Allocation Failure) done
Event: 7.935 Executing VM operation: ParallelGCFailedAllocation (Allocation Failure)
Event: 7.936 Executing VM operation: ParallelGCFailedAllocation (Allocation Failure) done
Event: 7.939 Executing VM operation: ParallelGCFailedAllocation (Allocation Failure)
Event: 8.938 Executing VM operation: ParallelGCFailedAllocation (Allocation Failure) done
Event: 8.951 Executing VM operation: ParallelGCFailedAllocation (Allocation Failure)
Event: 8.951 Executing VM operation: ParallelGCFailedAllocation (Allocation Failure) done
Event: 8.953 Executing VM operation: ParallelGCFailedAllocation (Allocation Failure)
Event: 8.954 Executing VM operation: ParallelGCFailedAllocation (Allocation Failure) done
Event: 8.957 Executing VM operation: ParallelGCFailedAllocation (Allocation Failure)
Event: 8.958 Executing VM operation: ParallelGCFailedAllocation (Allocation Failure) done
Event: 8.962 Executing VM operation: ParallelGCFailedAllocation (Allocation Failure)
Event: 8.963 Executing VM operation: ParallelGCFailedAllocation (Allocation Failure) done
Event: 8.978 Executing VM operation: ParallelGCFailedAllocation (Allocation Failure)
Event: 8.980 Executing VM operation: ParallelGCFailedAllocation (Allocation Failure) done
Event: 9.017 Executing VM operation: ParallelGCFailedAllocation (Allocation Failure)
Event: 9.019 Executing VM operation: ParallelGCFailedAllocation (Allocation Failure) done
Event: 10.023 Executing VM operation: Cleanup

Memory protections (0 events):
No events

Nmethod flushes (20 events):
Event: 7.356 Thread 0x0000018acb7bebb0 flushing  nmethod 0x0000018acf2d9810
Event: 7.356 Thread 0x0000018acb7bebb0 flushing  nmethod 0x0000018acf2db310
Event: 7.356 Thread 0x0000018acb7bebb0 flushing  nmethod 0x0000018acf305f90
Event: 7.356 Thread 0x0000018acb7bebb0 flushing  nmethod 0x0000018acf339890
Event: 7.356 Thread 0x0000018acb7bebb0 flushing  nmethod 0x0000018acf368990
Event: 7.356 Thread 0x0000018acb7bebb0 flushing  nmethod 0x0000018acf374290
Event: 7.356 Thread 0x0000018acb7bebb0 flushing  nmethod 0x0000018acf37a310
Event: 7.356 Thread 0x0000018acb7bebb0 flushing  nmethod 0x0000018acf3c6b10
Event: 7.356 Thread 0x0000018acb7bebb0 flushing  nmethod 0x0000018acf3c7510
Event: 7.356 Thread 0x0000018acb7bebb0 flushing  nmethod 0x0000018acf3c9010
Event: 7.356 Thread 0x0000018acb7bebb0 flushing  nmethod 0x0000018acf3c9490
Event: 7.356 Thread 0x0000018acb7bebb0 flushing  nmethod 0x0000018acf3cad90
Event: 7.356 Thread 0x0000018acb7bebb0 flushing  nmethod 0x0000018acf3cb110
Event: 7.356 Thread 0x0000018acb7bebb0 flushing  nmethod 0x0000018acf3cd890
Event: 7.356 Thread 0x0000018acb7bebb0 flushing  nmethod 0x0000018acf3da110
Event: 7.356 Thread 0x0000018acb7bebb0 flushing  nmethod 0x0000018acf3e2a90
Event: 7.356 Thread 0x0000018acb7bebb0 flushing  nmethod 0x0000018acf3eaa10
Event: 7.356 Thread 0x0000018acb7bebb0 flushing  nmethod 0x0000018acf404290
Event: 7.356 Thread 0x0000018acb7bebb0 flushing  nmethod 0x0000018acf41c390
Event: 7.356 Thread 0x0000018acb7bebb0 flushing  nmethod 0x0000018acf41ce10

Events (20 events):
Event: 5.496 Thread 0x0000018ae7c93510 Thread added: 0x0000018aea035b90
Event: 5.866 Thread 0x0000018aea9fb030 Thread exited: 0x0000018aea9fb030
Event: 6.356 Thread 0x0000018ae14e8ad0 Thread added: 0x0000018af5c4b1c0
Event: 7.061 Thread 0x0000018ae83ccfc0 Thread exited: 0x0000018ae83ccfc0
Event: 7.257 Thread 0x0000018ae7c93510 Thread added: 0x0000018aea034e70
Event: 7.514 Thread 0x0000018ae7c93510 Thread added: 0x0000018aea036f40
Event: 7.529 Thread 0x0000018ae7c93510 Thread added: 0x0000018aea037c60
Event: 7.542 Thread 0x0000018ae7c93510 Thread added: 0x0000018aea039010
Event: 7.576 Thread 0x0000018ae7c93510 Thread added: 0x0000018aea0396a0
Event: 7.578 Thread 0x0000018ae7c93510 Thread added: 0x0000018aea0375d0
Event: 7.594 Thread 0x0000018ae7c93510 Thread added: 0x0000018aea0382f0
Event: 7.597 Thread 0x0000018ae7c93510 Thread added: 0x0000018aea038980
Event: 7.600 Thread 0x0000018ae7c93510 Thread added: 0x0000018af703abf0
Event: 7.624 Thread 0x0000018ae7c93510 Thread added: 0x0000018af703b280
Event: 7.626 Thread 0x0000018ae7c93510 Thread added: 0x0000018af703b910
Event: 7.632 Thread 0x0000018ae7c93510 Thread added: 0x0000018af7039ed0
Event: 7.632 Thread 0x0000018ae7c93510 Thread added: 0x0000018af7039840
Event: 7.633 Thread 0x0000018ae7c93510 Thread added: 0x0000018af703c630
Event: 7.633 Thread 0x0000018ae7c93510 Thread added: 0x0000018af703bfa0
Event: 8.954 Thread 0x0000018ae14e8ad0 Thread exited: 0x0000018ae14e8ad0


Dynamic libraries:
0x00007ff6c6cd0000 - 0x00007ff6c6cde000 	c:\Users\MSI\.vscode\extensions\redhat.java-1.41.1-win32-x64\jre\21.0.6-win32-x86_64\bin\java.exe
0x00007ffbc58e0000 - 0x00007ffbc5b40000 	C:\WINDOWS\SYSTEM32\ntdll.dll
0x00007ffbc4d10000 - 0x00007ffbc4dd7000 	C:\WINDOWS\System32\KERNEL32.DLL
0x00007ffbc3030000 - 0x00007ffbc33fa000 	C:\WINDOWS\System32\KERNELBASE.dll
0x00007ffbc2b80000 - 0x00007ffbc2ccb000 	C:\WINDOWS\System32\ucrtbase.dll
0x00007ffba3db0000 - 0x00007ffba3dc8000 	c:\Users\MSI\.vscode\extensions\redhat.java-1.41.1-win32-x64\jre\21.0.6-win32-x86_64\bin\jli.dll
0x00007ffba39d0000 - 0x00007ffba39ee000 	c:\Users\MSI\.vscode\extensions\redhat.java-1.41.1-win32-x64\jre\21.0.6-win32-x86_64\bin\VCRUNTIME140.dll
0x00007ffbc3880000 - 0x00007ffbc3a4c000 	C:\WINDOWS\System32\USER32.dll
0x00007ffbadf60000 - 0x00007ffbae1f7000 	C:\WINDOWS\WinSxS\amd64_microsoft.windows.common-controls_6595b64144ccf1df_6.0.26100.3624_none_3e086962e3345f24\COMCTL32.dll
0x00007ffbc2b50000 - 0x00007ffbc2b77000 	C:\WINDOWS\System32\win32u.dll
0x00007ffbc46f0000 - 0x00007ffbc4799000 	C:\WINDOWS\System32\msvcrt.dll
0x00007ffbc4930000 - 0x00007ffbc495a000 	C:\WINDOWS\System32\GDI32.dll
0x00007ffbc2ef0000 - 0x00007ffbc3021000 	C:\WINDOWS\System32\gdi32full.dll
0x00007ffbc2cd0000 - 0x00007ffbc2d73000 	C:\WINDOWS\System32\msvcp_win.dll
0x00007ffbc3a50000 - 0x00007ffbc3a7f000 	C:\WINDOWS\System32\IMM32.DLL
0x00007ffbb62a0000 - 0x00007ffbb62ac000 	c:\Users\MSI\.vscode\extensions\redhat.java-1.41.1-win32-x64\jre\21.0.6-win32-x86_64\bin\vcruntime140_1.dll
0x00007ffb91330000 - 0x00007ffb913bd000 	c:\Users\MSI\.vscode\extensions\redhat.java-1.41.1-win32-x64\jre\21.0.6-win32-x86_64\bin\msvcp140.dll
0x00007ffb2efd0000 - 0x00007ffb2fd60000 	c:\Users\MSI\.vscode\extensions\redhat.java-1.41.1-win32-x64\jre\21.0.6-win32-x86_64\bin\server\jvm.dll
0x00007ffbc47b0000 - 0x00007ffbc4862000 	C:\WINDOWS\System32\ADVAPI32.dll
0x00007ffbc4880000 - 0x00007ffbc4926000 	C:\WINDOWS\System32\sechost.dll
0x00007ffbc4960000 - 0x00007ffbc4a76000 	C:\WINDOWS\System32\RPCRT4.dll
0x00007ffbc3a90000 - 0x00007ffbc3b04000 	C:\WINDOWS\System32\WS2_32.dll
0x00007ffbc2910000 - 0x00007ffbc296e000 	C:\WINDOWS\SYSTEM32\POWRPROF.dll
0x00007ffbbc920000 - 0x00007ffbbc92b000 	C:\WINDOWS\SYSTEM32\VERSION.dll
0x00007ffbbc8e0000 - 0x00007ffbbc916000 	C:\WINDOWS\SYSTEM32\WINMM.dll
0x00007ffbc28f0000 - 0x00007ffbc2904000 	C:\WINDOWS\SYSTEM32\UMPDC.dll
0x00007ffbc18d0000 - 0x00007ffbc18ea000 	C:\WINDOWS\SYSTEM32\kernel.appcore.dll
0x00007ffbb5830000 - 0x00007ffbb583a000 	c:\Users\MSI\.vscode\extensions\redhat.java-1.41.1-win32-x64\jre\21.0.6-win32-x86_64\bin\jimage.dll
0x00007ffbb6840000 - 0x00007ffbb6a81000 	C:\WINDOWS\SYSTEM32\DBGHELP.DLL
0x00007ffbc4df0000 - 0x00007ffbc5172000 	C:\WINDOWS\System32\combase.dll
0x00007ffbc5200000 - 0x00007ffbc52d6000 	C:\WINDOWS\System32\OLEAUT32.dll
0x00007ffbab590000 - 0x00007ffbab5c9000 	C:\WINDOWS\SYSTEM32\dbgcore.DLL
0x00007ffbc34c0000 - 0x00007ffbc3559000 	C:\WINDOWS\System32\bcryptPrimitives.dll
0x00007ffbb2d00000 - 0x00007ffbb2d0f000 	c:\Users\MSI\.vscode\extensions\redhat.java-1.41.1-win32-x64\jre\21.0.6-win32-x86_64\bin\instrument.dll
0x00007ffba4b10000 - 0x00007ffba4b2f000 	c:\Users\MSI\.vscode\extensions\redhat.java-1.41.1-win32-x64\jre\21.0.6-win32-x86_64\bin\java.dll
0x00007ffbc3b30000 - 0x00007ffbc4259000 	C:\WINDOWS\System32\SHELL32.dll
0x00007ffbc2d80000 - 0x00007ffbc2ee8000 	C:\WINDOWS\System32\wintypes.dll
0x00007ffbc0740000 - 0x00007ffbc0f92000 	C:\WINDOWS\SYSTEM32\windows.storage.dll
0x00007ffbc5600000 - 0x00007ffbc56ed000 	C:\WINDOWS\System32\SHCORE.dll
0x00007ffbc4a80000 - 0x00007ffbc4ae4000 	C:\WINDOWS\System32\shlwapi.dll
0x00007ffbc29d0000 - 0x00007ffbc29ff000 	C:\WINDOWS\SYSTEM32\profapi.dll
0x00007ffb94060000 - 0x00007ffb94078000 	c:\Users\MSI\.vscode\extensions\redhat.java-1.41.1-win32-x64\jre\21.0.6-win32-x86_64\bin\zip.dll
0x00007ffbb2af0000 - 0x00007ffbb2b00000 	C:\Users\MSI\.vscode\extensions\redhat.java-1.41.1-win32-x64\jre\21.0.6-win32-x86_64\bin\net.dll
0x00007ffbbc650000 - 0x00007ffbbc76d000 	C:\WINDOWS\SYSTEM32\WINHTTP.dll
0x00007ffbc1df0000 - 0x00007ffbc1e5a000 	C:\WINDOWS\system32\mswsock.dll
0x00007ffb923d0000 - 0x00007ffb923e6000 	C:\Users\MSI\.vscode\extensions\redhat.java-1.41.1-win32-x64\jre\21.0.6-win32-x86_64\bin\nio.dll
0x00007ffbb29f0000 - 0x00007ffbb2a00000 	c:\Users\MSI\.vscode\extensions\redhat.java-1.41.1-win32-x64\jre\21.0.6-win32-x86_64\bin\verify.dll
0x00007ffbb56c0000 - 0x00007ffbb5705000 	C:\Users\MSI\AppData\Roaming\Code\User\globalStorage\redhat.java\1.41.1\config_win\org.eclipse.equinox.launcher\org.eclipse.equinox.launcher.win32.win32.x86_64_1.2.1300.v20250331-1702\eclipse_11911.dll
0x00007ffbc36e0000 - 0x00007ffbc3876000 	C:\WINDOWS\System32\ole32.dll
0x00007ffbc2090000 - 0x00007ffbc20ac000 	C:\WINDOWS\SYSTEM32\CRYPTSP.dll
0x00007ffbc1830000 - 0x00007ffbc186a000 	C:\WINDOWS\system32\rsaenh.dll
0x00007ffbc1e90000 - 0x00007ffbc1ebb000 	C:\WINDOWS\SYSTEM32\USERENV.dll
0x00007ffbc29a0000 - 0x00007ffbc29c6000 	C:\WINDOWS\SYSTEM32\bcrypt.dll
0x00007ffbc20b0000 - 0x00007ffbc20bc000 	C:\WINDOWS\SYSTEM32\CRYPTBASE.dll
0x00007ffbc1310000 - 0x00007ffbc1343000 	C:\WINDOWS\SYSTEM32\IPHLPAPI.DLL
0x00007ffbc47a0000 - 0x00007ffbc47aa000 	C:\WINDOWS\System32\NSI.dll
0x00007ffbb2d40000 - 0x00007ffbb2d89000 	C:\Users\MSI\AppData\Local\Temp\jna-76643\jna16964878448625655367.dll
0x00007ffbc4d00000 - 0x00007ffbc4d08000 	C:\WINDOWS\System32\PSAPI.DLL
0x00007ffbbc8b0000 - 0x00007ffbbc8cf000 	C:\WINDOWS\SYSTEM32\dhcpcsvc6.DLL
0x00007ffbbc7f0000 - 0x00007ffbbc815000 	C:\WINDOWS\SYSTEM32\dhcpcsvc.DLL

dbghelp: loaded successfully - version: 4.0.5 - missing functions: none
symbol engine: initialized successfully - sym options: 0x614 - pdb path: .;c:\Users\MSI\.vscode\extensions\redhat.java-1.41.1-win32-x64\jre\21.0.6-win32-x86_64\bin;C:\WINDOWS\SYSTEM32;C:\WINDOWS\WinSxS\amd64_microsoft.windows.common-controls_6595b64144ccf1df_6.0.26100.3624_none_3e086962e3345f24;c:\Users\MSI\.vscode\extensions\redhat.java-1.41.1-win32-x64\jre\21.0.6-win32-x86_64\bin\server;C:\Users\MSI\AppData\Roaming\Code\User\globalStorage\redhat.java\1.41.1\config_win\org.eclipse.equinox.launcher\org.eclipse.equinox.launcher.win32.win32.x86_64_1.2.1300.v20250331-1702;C:\Users\MSI\AppData\Local\Temp\jna-76643

VM Arguments:
jvm_args: --add-modules=ALL-SYSTEM --add-opens=java.base/java.util=ALL-UNNAMED --add-opens=java.base/java.lang=ALL-UNNAMED --add-opens=java.base/sun.nio.fs=ALL-UNNAMED -Declipse.application=org.eclipse.jdt.ls.core.id1 -Dosgi.bundles.defaultStartLevel=4 -Declipse.product=org.eclipse.jdt.ls.core.product -Djava.import.generatesMetadataFilesAtProjectRoot=false -DDetectVMInstallationsJob.disabled=true -Dfile.encoding=utf8 -XX:+UseParallelGC -XX:GCTimeRatio=4 -XX:AdaptiveSizePolicyWeight=90 -Dsun.zip.disableMemoryMapping=true -Xmx1G -Xms100m -Xlog:disable -javaagent:c:\Users\MSI\.vscode\extensions\redhat.java-1.41.1-win32-x64\lombok\lombok-1.18.36.jar -XX:+HeapDumpOnOutOfMemoryError -XX:HeapDumpPath=c:\Users\MSI\AppData\Roaming\Code\User\workspaceStorage\3815725e1ac4c6c69b70af32f7c49045\redhat.java -Daether.dependencyCollector.impl=bf 
java_command: c:\Users\MSI\.vscode\extensions\redhat.java-1.41.1-win32-x64\server\plugins\org.eclipse.equinox.launcher_1.7.0.v20250331-1702.jar -configuration c:\Users\MSI\AppData\Roaming\Code\User\globalStorage\redhat.java\1.41.1\config_win -data c:\Users\MSI\AppData\Roaming\Code\User\workspaceStorage\3815725e1ac4c6c69b70af32f7c49045\redhat.java\jdt_ws --pipe=\\.\pipe\lsp-53bf1d989aa040ed6bb8d30b360772ab-sock
java_class_path (initial): c:\Users\MSI\.vscode\extensions\redhat.java-1.41.1-win32-x64\server\plugins\org.eclipse.equinox.launcher_1.7.0.v20250331-1702.jar
Launcher Type: SUN_STANDARD

[Global flags]
    uintx AdaptiveSizePolicyWeight                 = 90                                        {product} {command line}
     intx CICompilerCount                          = 12                                        {product} {ergonomic}
    uintx GCTimeRatio                              = 4                                         {product} {command line}
     bool HeapDumpOnOutOfMemoryError               = true                                   {manageable} {command line}
    ccstr HeapDumpPath                             = c:\Users\MSI\AppData\Roaming\Code\User\workspaceStorage\3815725e1ac4c6c69b70af32f7c49045\redhat.java         {manageable} {command line}
   size_t InitialHeapSize                          = 104857600                                 {product} {command line}
   size_t MaxHeapSize                              = 1073741824                                {product} {command line}
   size_t MaxNewSize                               = 357564416                                 {product} {ergonomic}
   size_t MinHeapDeltaBytes                        = 524288                                    {product} {ergonomic}
   size_t MinHeapSize                              = 104857600                                 {product} {command line}
   size_t NewSize                                  = 34603008                                  {product} {ergonomic}
    uintx NonNMethodCodeHeapSize                   = 7602480                                {pd product} {ergonomic}
    uintx NonProfiledCodeHeapSize                  = 122027880                              {pd product} {ergonomic}
   size_t OldSize                                  = 70254592                                  {product} {ergonomic}
    uintx ProfiledCodeHeapSize                     = 122027880                              {pd product} {ergonomic}
    uintx ReservedCodeCacheSize                    = 251658240                              {pd product} {ergonomic}
     bool SegmentedCodeCache                       = true                                      {product} {ergonomic}
   size_t SoftMaxHeapSize                          = 1073741824                             {manageable} {ergonomic}
     bool UseCompressedOops                        = true                           {product lp64_product} {ergonomic}
     bool UseLargePagesIndividualAllocation        = false                                  {pd product} {ergonomic}
     bool UseParallelGC                            = true                                      {product} {command line}

Logging:
Log output configuration:
 #0: stdout all=off uptime,level,tags foldmultilines=false
 #1: stderr all=off uptime,level,tags foldmultilines=false

Environment Variables:
JAVA_HOME=C:\Program Files\Java\jdk-17
PATH=C:\Program Files\Common Files\Oracle\Java\javapath;C:\Program Files (x86)\VMware\VMware Workstation\bin\;C:\Program Files\Microsoft MPI\Bin\;C:\WINDOWS\system32;C:\WINDOWS;C:\WINDOWS\System32\Wbem;C:\WINDOWS\System32\WindowsPowerShell\v1.0\;C:\WINDOWS\System32\OpenSSH\;C:\Program Files\nodejs\;C:\Program Files (x86)\Microsoft SQL Server\160\Tools\Binn\;C:\Program Files\Microsoft SQL Server\160\Tools\Binn\;C:\Program Files\Microsoft SQL Server\Client SDK\ODBC\170\Tools\Binn\;C:\Program Files\Microsoft SQL Server\160\DTS\Binn\;C:\Program Files (x86)\Microsoft SQL Server\160\DTS\Binn\;C:\Program Files\Git LFS;C:\Program Files\Git\cmd;C:\Program Files\PowerShell\7\;C:\Program Files\Java\jdk-17\bin;C:\Program Files\MySQL\MySQL Shell 8.0\bin\;C:\Users\MSI\AppData\Local\Programs\Python\Python313;C:\Users\MSI\AppData\Local\Microsoft\WindowsApps;C:\Users\MSI\AppData\Local\Programs\Microsoft VS Code\bin;C:\Users\MSI\AppData\Roaming\npm;C:\Program Files\JetBrains\IntelliJ IDEA 2024.3.1.1\bin;;
USERNAME=MSI
OS=Windows_NT
PROCESSOR_IDENTIFIER=AMD64 Family 25 Model 80 Stepping 0, AuthenticAMD
TMP=C:\Users\MSI\AppData\Local\Temp
TEMP=C:\Users\MSI\AppData\Local\Temp




Periodic native trim disabled

---------------  S Y S T E M  ---------------

OS:
 Windows 11 , 64 bit Build 26100 (10.0.26100.3775)
OS uptime: 0 days 18:02 hours
Hyper-V role detected

CPU: total 16 (initial active 16) (16 cores per cpu, 2 threads per core) family 25 model 80 stepping 0 microcode 0xa50000c, cx8, cmov, fxsr, ht, mmx, 3dnowpref, sse, sse2, sse3, ssse3, sse4a, sse4.1, sse4.2, popcnt, lzcnt, tsc, tscinvbit, avx, avx2, aes, erms, clmul, bmi1, bmi2, adx, sha, fma, vzeroupper, clflush, clflushopt, hv, rdtscp, rdpid, fsrm, f16c, cet_ss
Processor Information for processor 0
  Max Mhz: 3201, Current Mhz: 3201, Mhz Limit: 3201
Processor Information for processor 1
  Max Mhz: 3201, Current Mhz: 2555, Mhz Limit: 3201
Processor Information for processor 2
  Max Mhz: 3201, Current Mhz: 2555, Mhz Limit: 3201
Processor Information for processor 3
  Max Mhz: 3201, Current Mhz: 2555, Mhz Limit: 3201
Processor Information for processor 4
  Max Mhz: 3201, Current Mhz: 3201, Mhz Limit: 3201
Processor Information for processor 5
  Max Mhz: 3201, Current Mhz: 3201, Mhz Limit: 3201
Processor Information for processor 6
  Max Mhz: 3201, Current Mhz: 3201, Mhz Limit: 3201
Processor Information for processor 7
  Max Mhz: 3201, Current Mhz: 3201, Mhz Limit: 3201
Processor Information for processor 8
  Max Mhz: 3201, Current Mhz: 3201, Mhz Limit: 3201
Processor Information for processor 9
  Max Mhz: 3201, Current Mhz: 3201, Mhz Limit: 3201
Processor Information for processor 10
  Max Mhz: 3201, Current Mhz: 3201, Mhz Limit: 3201
Processor Information for processor 11
  Max Mhz: 3201, Current Mhz: 3201, Mhz Limit: 3201
Processor Information for processor 12
  Max Mhz: 3201, Current Mhz: 3201, Mhz Limit: 3201
Processor Information for processor 13
  Max Mhz: 3201, Current Mhz: 3201, Mhz Limit: 3201
Processor Information for processor 14
  Max Mhz: 3201, Current Mhz: 3201, Mhz Limit: 3201
Processor Information for processor 15
  Max Mhz: 3201, Current Mhz: 3201, Mhz Limit: 3201

Memory: 4k page, system-wide physical 15752M (4746M free)
TotalPageFile size 15752M (AvailPageFile size 18M)
current process WorkingSet (physical memory assigned to process): 832M, peak: 847M
current process commit charge ("private bytes"): 760M, peak: 775M

vm_info: OpenJDK 64-Bit Server VM (21.0.6+7-LTS) for windows-amd64 JRE (21.0.6+7-LTS), built on 2025-01-21T00:00:00Z by "admin" with MS VC++ 17.7 (VS2022)

END.
