#
# There is insufficient memory for the Java Runtime Environment to continue.
# Native memory allocation (malloc) failed to allocate 1876176 bytes. Error detail: Chunk::new
# Possible reasons:
#   The system is out of physical RAM or swap space
#   This process is running with CompressedOops enabled, and the Java Heap may be blocking the growth of the native heap
# Possible solutions:
#   Reduce memory load on the system
#   Increase physical memory or swap space
#   Check if swap backing store is full
#   Decrease Java heap size (-Xmx/-Xms)
#   Decrease number of Java threads
#   Decrease Java thread stack sizes (-Xss)
#   Set larger code cache with -XX:ReservedCodeCacheSize=
#   JVM is running with Unscaled Compressed Oops mode in which the Java heap is
#     placed in the first 4GB address space. The Java Heap base address is the
#     maximum limit for the native heap growth. Please use -XX:HeapBaseMinAddress
#     to set the Java Heap base and to place the Java Heap above 4GB virtual address.
# This output file may be truncated or incomplete.
#
#  Out of Memory Error (arena.cpp:168), pid=23068, tid=3044
#
# JRE version: OpenJDK Runtime Environment Temurin-21.0.6+7 (21.0.6+7) (build 21.0.6+7-LTS)
# Java VM: OpenJDK 64-Bit Server VM Temurin-21.0.6+7 (21.0.6+7-LTS, mixed mode, sharing, tiered, compressed oops, compressed class ptrs, parallel gc, windows-amd64)
# No core dump will be written. Minidumps are not enabled by default on client versions of Windows
#

---------------  S U M M A R Y ------------

Command Line: --add-modules=ALL-SYSTEM --add-opens=java.base/java.util=ALL-UNNAMED --add-opens=java.base/java.lang=ALL-UNNAMED --add-opens=java.base/sun.nio.fs=ALL-UNNAMED -Declipse.application=org.eclipse.jdt.ls.core.id1 -Dosgi.bundles.defaultStartLevel=4 -Declipse.product=org.eclipse.jdt.ls.core.product -Djava.import.generatesMetadataFilesAtProjectRoot=false -DDetectVMInstallationsJob.disabled=true -Dfile.encoding=utf8 -XX:+UseParallelGC -XX:GCTimeRatio=4 -XX:AdaptiveSizePolicyWeight=90 -Dsun.zip.disableMemoryMapping=true -Xmx1G -Xms100m -Xlog:disable -javaagent:c:\Users\MSI\.vscode\extensions\redhat.java-1.41.1-win32-x64\lombok\lombok-1.18.36.jar -XX:+HeapDumpOnOutOfMemoryError -XX:HeapDumpPath=c:\Users\MSI\AppData\Roaming\Code\User\workspaceStorage\3815725e1ac4c6c69b70af32f7c49045\redhat.java -Daether.dependencyCollector.impl=bf c:\Users\MSI\.vscode\extensions\redhat.java-1.41.1-win32-x64\server\plugins\org.eclipse.equinox.launcher_1.7.0.v20250331-1702.jar -configuration c:\Users\MSI\AppData\Roaming\Code\User\globalStorage\redhat.java\1.41.1\config_win -data c:\Users\MSI\AppData\Roaming\Code\User\workspaceStorage\3815725e1ac4c6c69b70af32f7c49045\redhat.java\jdt_ws --pipe=\\.\pipe\lsp-33f65179cfbeb66bb5a3c59dcd98dbf7-sock

Host: AMD Ryzen 7 5800H with Radeon Graphics         , 16 cores, 15G,  Windows 11 , 64 bit Build 26100 (10.0.26100.3775)
Time: Mon Apr 14 20:02:27 2025 SE Asia Standard Time elapsed time: 7.886632 seconds (0d 0h 0m 7s)

---------------  T H R E A D  ---------------

Current thread (0x000001ab8f15ec20):  JavaThread "C2 CompilerThread5" daemon [_thread_in_native, id=3044, stack(0x0000007094100000,0x0000007094200000) (1024K)]


Current CompileTask:
C2:7886 9594 % !   4       org.eclipse.jdt.internal.core.search.indexing.BinaryIndexer::indexDocument @ 595 (1204 bytes)

Stack: [0x0000007094100000,0x0000007094200000]
Native frames: (J=compiled Java code, j=interpreted, Vv=VM code, C=native code)
V  [jvm.dll+0x6cdee9]
V  [jvm.dll+0x8a83d1]
V  [jvm.dll+0x8aa8fe]
V  [jvm.dll+0x8aafe3]
V  [jvm.dll+0x27f706]
V  [jvm.dll+0xc500d]
V  [jvm.dll+0xc5543]
V  [jvm.dll+0x3b678c]
V  [jvm.dll+0x1e0009]
V  [jvm.dll+0x247b42]
V  [jvm.dll+0x246fcf]
V  [jvm.dll+0x1c75ee]
V  [jvm.dll+0x25685a]
V  [jvm.dll+0x254dfa]
V  [jvm.dll+0x3f0256]
V  [jvm.dll+0x851f8b]
V  [jvm.dll+0x6cc5ed]
C  [ucrtbase.dll+0x37b0]
C  [KERNEL32.DLL+0x2e8d7]
C  [ntdll.dll+0xb14fc]


---------------  P R O C E S S  ---------------

Threads class SMR info:
_java_thread_list=0x000001ab9b7f9ac0, length=88, elements={
0x000001ab2ef0c6a0, 0x000001ab432f5680, 0x000001ab2efb3b70, 0x000001ab2efb6070,
0x000001ab2efb7070, 0x000001ab432fc300, 0x000001ab432fe870, 0x000001ab2efc55b0,
0x000001ab2efc75b0, 0x000001ab858ec2d0, 0x000001ab858f1820, 0x000001ab858f2ed0,
0x000001ab85947e00, 0x000001ab85b31d60, 0x000001ab87139d00, 0x000001ab871e77e0,
0x000001ab8c008290, 0x000001ab8c38a750, 0x000001ab8c1d2b40, 0x000001ab8c4dfc10,
0x000001ab8c5cfeb0, 0x000001ab8cb846e0, 0x000001ab8c8aa8b0, 0x000001ab8ca320d0,
0x000001ab8ca341a0, 0x000001ab8ca33480, 0x000001ab8ca32760, 0x000001ab8ca34ec0,
0x000001ab8cc94620, 0x000001ab8ca35550, 0x000001ab8e53ba00, 0x000001ab8f15ec20,
0x000001ab8e53dad0, 0x000001ab8e53f510, 0x000001ab8e53e160, 0x000001ab8e53c090,
0x000001ab8e53fba0, 0x000001ab8e53e7f0, 0x000001ab8e53c720, 0x000001ab8e5415e0,
0x000001ab8e543020, 0x000001ab8e540230, 0x000001ab8e541c70, 0x000001ab8e5408c0,
0x000001ab8e540f50, 0x000001ab8e542990, 0x000001ab8e542300, 0x000001ab8dc9d870,
0x000001ab8dc9f2b0, 0x000001ab8dc9f940, 0x000001ab8dc9cb50, 0x000001ab8dc9df00,
0x000001ab8789e8e0, 0x000001ab8dc9e590, 0x000001ab8dca0660, 0x000001ab8dca0cf0,
0x000001ab8dca1380, 0x000001ab8dca3450, 0x000001ab8dca3ae0, 0x000001ab8dca4170,
0x000001ab8ca33b10, 0x000001ab99fd2470, 0x000001ab99fd3190, 0x000001ab99fd2b00,
0x000001ab99fd03a0, 0x000001ab99fd1750, 0x000001ab99fcfd10, 0x000001ab99fd3820,
0x000001ab99fd3eb0, 0x000001ab99fd0a30, 0x000001ab99fd4540, 0x000001ab99fd1de0,
0x000001ab99fd10c0, 0x000001ab99fd58f0, 0x000001ab99fd5260, 0x000001ab99fd5f80,
0x000001ab99fd4bd0, 0x000001ab99fd6610, 0x000001ab99fd6ca0, 0x000001ab99fd7330,
0x000001ab9e0f4d50, 0x000001ab9e0f4030, 0x000001ab9e0f53e0, 0x000001ab9e0f39a0,
0x000001ab9e0f3310, 0x000001ab9e0f5a70, 0x000001ab9e0f2c80, 0x000001ab9e531890
}

Java Threads: ( => current thread )
  0x000001ab2ef0c6a0 JavaThread "main"                              [_thread_blocked, id=21516, stack(0x0000007091200000,0x0000007091300000) (1024K)]
  0x000001ab432f5680 JavaThread "Reference Handler"          daemon [_thread_blocked, id=22472, stack(0x0000007091600000,0x0000007091700000) (1024K)]
  0x000001ab2efb3b70 JavaThread "Finalizer"                  daemon [_thread_blocked, id=22468, stack(0x0000007091700000,0x0000007091800000) (1024K)]
  0x000001ab2efb6070 JavaThread "Signal Dispatcher"          daemon [_thread_blocked, id=21552, stack(0x0000007091800000,0x0000007091900000) (1024K)]
  0x000001ab2efb7070 JavaThread "Attach Listener"            daemon [_thread_blocked, id=21548, stack(0x0000007091900000,0x0000007091a00000) (1024K)]
  0x000001ab432fc300 JavaThread "Service Thread"             daemon [_thread_blocked, id=21540, stack(0x0000007091a00000,0x0000007091b00000) (1024K)]
  0x000001ab432fe870 JavaThread "Monitor Deflation Thread"   daemon [_thread_blocked, id=20408, stack(0x0000007091b00000,0x0000007091c00000) (1024K)]
  0x000001ab2efc55b0 JavaThread "C2 CompilerThread0"         daemon [_thread_in_vm, id=21592, stack(0x0000007091c00000,0x0000007091d00000) (1024K)]
  0x000001ab2efc75b0 JavaThread "C1 CompilerThread0"         daemon [_thread_blocked, id=22516, stack(0x0000007091d00000,0x0000007091e00000) (1024K)]
  0x000001ab858ec2d0 JavaThread "Common-Cleaner"             daemon [_thread_blocked, id=20308, stack(0x0000007091e00000,0x0000007091f00000) (1024K)]
  0x000001ab858f1820 JavaThread "C1 CompilerThread1"         daemon [_thread_blocked, id=19796, stack(0x0000007091f00000,0x0000007092000000) (1024K)]
  0x000001ab858f2ed0 JavaThread "C1 CompilerThread2"         daemon [_thread_blocked, id=21636, stack(0x0000007092000000,0x0000007092100000) (1024K)]
  0x000001ab85947e00 JavaThread "C2 CompilerThread1"         daemon [_thread_in_native, id=4000, stack(0x0000007092100000,0x0000007092200000) (1024K)]
  0x000001ab85b31d60 JavaThread "C1 CompilerThread3"         daemon [_thread_blocked, id=4532, stack(0x0000007092200000,0x0000007092300000) (1024K)]
  0x000001ab87139d00 JavaThread "Notification Thread"        daemon [_thread_blocked, id=20524, stack(0x0000007092300000,0x0000007092400000) (1024K)]
  0x000001ab871e77e0 JavaThread "C2 CompilerThread2"         daemon [_thread_in_native, id=12316, stack(0x0000007092400000,0x0000007092500000) (1024K)]
  0x000001ab8c008290 JavaThread "C2 CompilerThread3"         daemon [_thread_in_native, id=21520, stack(0x0000007092a00000,0x0000007092b00000) (1024K)]
  0x000001ab8c38a750 JavaThread "Active Thread: Equinox Container: 81d8b564-178a-4e76-aa56-256ca9b6bbcf"        [_thread_blocked, id=21860, stack(0x0000007092c00000,0x0000007092d00000) (1024K)]
  0x000001ab8c1d2b40 JavaThread "Refresh Thread: Equinox Container: 81d8b564-178a-4e76-aa56-256ca9b6bbcf" daemon [_thread_blocked, id=12388, stack(0x0000007092f00000,0x0000007093000000) (1024K)]
  0x000001ab8c4dfc10 JavaThread "Framework Event Dispatcher: Equinox Container: 81d8b564-178a-4e76-aa56-256ca9b6bbcf" daemon [_thread_blocked, id=20264, stack(0x0000007093000000,0x0000007093100000) (1024K)]
  0x000001ab8c5cfeb0 JavaThread "Start Level: Equinox Container: 81d8b564-178a-4e76-aa56-256ca9b6bbcf" daemon [_thread_blocked, id=18872, stack(0x0000007093100000,0x0000007093200000) (1024K)]
  0x000001ab8cb846e0 JavaThread "Bundle File Closer"         daemon [_thread_blocked, id=22052, stack(0x0000007093200000,0x0000007093300000) (1024K)]
  0x000001ab8c8aa8b0 JavaThread "SCR Component Actor"        daemon [_thread_blocked, id=21224, stack(0x0000007093500000,0x0000007093600000) (1024K)]
  0x000001ab8ca320d0 JavaThread "Worker-JM"                         [_thread_blocked, id=21376, stack(0x0000007093a00000,0x0000007093b00000) (1024K)]
  0x000001ab8ca341a0 JavaThread "JNA Cleaner"                daemon [_thread_blocked, id=20236, stack(0x0000007092b00000,0x0000007092c00000) (1024K)]
  0x000001ab8ca33480 JavaThread "Worker-0"                          [_thread_blocked, id=20720, stack(0x0000007093b00000,0x0000007093c00000) (1024K)]
  0x000001ab8ca32760 JavaThread "Worker-1"                          [_thread_blocked, id=4440, stack(0x0000007093c00000,0x0000007093d00000) (1024K)]
  0x000001ab8ca34ec0 JavaThread "Worker-2: Java indexing... "        [_thread_blocked, id=9708, stack(0x0000007093d00000,0x0000007093e00000) (1024K)]
  0x000001ab8cc94620 JavaThread "C2 CompilerThread4"         daemon [_thread_in_vm, id=15108, stack(0x0000007093e00000,0x0000007093f00000) (1024K)]
  0x000001ab8ca35550 JavaThread "Java indexing"              daemon [_thread_in_Java, id=21044, stack(0x0000007093f00000,0x0000007094000000) (1024K)]
  0x000001ab8e53ba00 JavaThread "Worker-3"                          [_thread_blocked, id=5332, stack(0x0000007094000000,0x0000007094100000) (1024K)]
=>0x000001ab8f15ec20 JavaThread "C2 CompilerThread5"         daemon [_thread_in_native, id=3044, stack(0x0000007094100000,0x0000007094200000) (1024K)]
  0x000001ab8e53dad0 JavaThread "Worker-4"                          [_thread_blocked, id=22632, stack(0x0000007094400000,0x0000007094500000) (1024K)]
  0x000001ab8e53f510 JavaThread "Worker-5"                          [_thread_blocked, id=22696, stack(0x0000007094500000,0x0000007094600000) (1024K)]
  0x000001ab8e53e160 JavaThread "Thread-2"                   daemon [_thread_in_native, id=22556, stack(0x0000007094600000,0x0000007094700000) (1024K)]
  0x000001ab8e53c090 JavaThread "Thread-3"                   daemon [_thread_in_native, id=22488, stack(0x0000007094700000,0x0000007094800000) (1024K)]
  0x000001ab8e53fba0 JavaThread "Thread-4"                   daemon [_thread_in_native, id=8216, stack(0x0000007094800000,0x0000007094900000) (1024K)]
  0x000001ab8e53e7f0 JavaThread "Thread-5"                   daemon [_thread_in_native, id=5652, stack(0x0000007094900000,0x0000007094a00000) (1024K)]
  0x000001ab8e53c720 JavaThread "Thread-6"                   daemon [_thread_in_native, id=20072, stack(0x0000007094a00000,0x0000007094b00000) (1024K)]
  0x000001ab8e5415e0 JavaThread "Thread-7"                   daemon [_thread_in_native, id=15612, stack(0x0000007094b00000,0x0000007094c00000) (1024K)]
  0x000001ab8e543020 JavaThread "Thread-8"                   daemon [_thread_in_native, id=17972, stack(0x0000007094c00000,0x0000007094d00000) (1024K)]
  0x000001ab8e540230 JavaThread "Thread-9"                   daemon [_thread_in_native, id=8820, stack(0x0000007094d00000,0x0000007094e00000) (1024K)]
  0x000001ab8e541c70 JavaThread "Thread-10"                  daemon [_thread_in_native, id=12336, stack(0x0000007094e00000,0x0000007094f00000) (1024K)]
  0x000001ab8e5408c0 JavaThread "Thread-11"                  daemon [_thread_in_native, id=13952, stack(0x0000007094f00000,0x0000007095000000) (1024K)]
  0x000001ab8e540f50 JavaThread "Thread-12"                  daemon [_thread_in_native, id=7540, stack(0x0000007095000000,0x0000007095100000) (1024K)]
  0x000001ab8e542990 JavaThread "Thread-13"                  daemon [_thread_in_native, id=12628, stack(0x0000007095100000,0x0000007095200000) (1024K)]
  0x000001ab8e542300 JavaThread "Thread-14"                  daemon [_thread_in_native, id=20652, stack(0x0000007095200000,0x0000007095300000) (1024K)]
  0x000001ab8dc9d870 JavaThread "Thread-15"                  daemon [_thread_in_native, id=19324, stack(0x0000007095300000,0x0000007095400000) (1024K)]
  0x000001ab8dc9f2b0 JavaThread "Thread-16"                  daemon [_thread_in_native, id=20516, stack(0x0000007095400000,0x0000007095500000) (1024K)]
  0x000001ab8dc9f940 JavaThread "Thread-17"                  daemon [_thread_in_native, id=19284, stack(0x0000007095500000,0x0000007095600000) (1024K)]
  0x000001ab8dc9cb50 JavaThread "Thread-18"                  daemon [_thread_in_native, id=19540, stack(0x0000007095600000,0x0000007095700000) (1024K)]
  0x000001ab8dc9df00 JavaThread "pool-2-thread-1"                   [_thread_blocked, id=13328, stack(0x0000007095700000,0x0000007095800000) (1024K)]
  0x000001ab8789e8e0 JavaThread "C2 CompilerThread6"         daemon [_thread_in_native, id=20828, stack(0x0000007095800000,0x0000007095900000) (1024K)]
  0x000001ab8dc9e590 JavaThread "Worker-6: Building"                [_thread_in_native, id=13656, stack(0x0000007095a00000,0x0000007095b00000) (1024K)]
  0x000001ab8dca0660 JavaThread "Worker-7"                          [_thread_blocked, id=19960, stack(0x0000007095b00000,0x0000007095c00000) (1024K)]
  0x000001ab8dca0cf0 JavaThread "WorkspaceEventsHandler"            [_thread_blocked, id=8012, stack(0x0000007095c00000,0x0000007095d00000) (1024K)]
  0x000001ab8dca1380 JavaThread "pool-1-thread-1"                   [_thread_blocked, id=20532, stack(0x0000007095d00000,0x0000007095e00000) (1024K)]
  0x000001ab8dca3450 JavaThread "LocalFile Deleter"          daemon [_thread_blocked, id=8360, stack(0x0000007095e00000,0x0000007095f00000) (1024K)]
  0x000001ab8dca3ae0 JavaThread "LocalFile Deleter"          daemon [_thread_blocked, id=12184, stack(0x0000007095f00000,0x0000007096000000) (1024K)]
  0x000001ab8dca4170 JavaThread "LocalFile Deleter"          daemon [_thread_blocked, id=8324, stack(0x0000007096000000,0x0000007096100000) (1024K)]
  0x000001ab8ca33b10 JavaThread "LocalFile Deleter"          daemon [_thread_blocked, id=12512, stack(0x0000007096100000,0x0000007096200000) (1024K)]
  0x000001ab99fd2470 JavaThread "LocalFile Deleter"          daemon [_thread_blocked, id=19428, stack(0x0000007096200000,0x0000007096300000) (1024K)]
  0x000001ab99fd3190 JavaThread "LocalFile Deleter"          daemon [_thread_blocked, id=19824, stack(0x0000007096300000,0x0000007096400000) (1024K)]
  0x000001ab99fd2b00 JavaThread "LocalFile Deleter"          daemon [_thread_blocked, id=11912, stack(0x0000007096400000,0x0000007096500000) (1024K)]
  0x000001ab99fd03a0 JavaThread "LocalFile Deleter"          daemon [_thread_blocked, id=3676, stack(0x0000007096500000,0x0000007096600000) (1024K)]
  0x000001ab99fd1750 JavaThread "LocalFile Deleter"          daemon [_thread_blocked, id=14452, stack(0x0000007096600000,0x0000007096700000) (1024K)]
  0x000001ab99fcfd10 JavaThread "LocalFile Deleter"          daemon [_thread_blocked, id=20916, stack(0x0000007096700000,0x0000007096800000) (1024K)]
  0x000001ab99fd3820 JavaThread "LocalFile Deleter"          daemon [_thread_blocked, id=3400, stack(0x0000007096800000,0x0000007096900000) (1024K)]
  0x000001ab99fd3eb0 JavaThread "LocalFile Deleter"          daemon [_thread_blocked, id=19716, stack(0x0000007096900000,0x0000007096a00000) (1024K)]
  0x000001ab99fd0a30 JavaThread "LocalFile Deleter"          daemon [_thread_blocked, id=10704, stack(0x0000007096a00000,0x0000007096b00000) (1024K)]
  0x000001ab99fd4540 JavaThread "LocalFile Deleter"          daemon [_thread_blocked, id=13716, stack(0x0000007096b00000,0x0000007096c00000) (1024K)]
  0x000001ab99fd1de0 JavaThread "LocalFile Deleter"          daemon [_thread_blocked, id=2416, stack(0x0000007096c00000,0x0000007096d00000) (1024K)]
  0x000001ab99fd10c0 JavaThread "LocalFile Deleter"          daemon [_thread_blocked, id=22768, stack(0x0000007096d00000,0x0000007096e00000) (1024K)]
  0x000001ab99fd58f0 JavaThread "Compiler Source File Reader" daemon [_thread_blocked, id=7424, stack(0x0000007096e00000,0x0000007096f00000) (1024K)]
  0x000001ab99fd5260 JavaThread "Compiler Source File Reader" daemon [_thread_blocked, id=3904, stack(0x0000007096f00000,0x0000007097000000) (1024K)]
  0x000001ab99fd5f80 JavaThread "Compiler Source File Reader" daemon [_thread_blocked, id=14180, stack(0x0000007097000000,0x0000007097100000) (1024K)]
  0x000001ab99fd4bd0 JavaThread "Compiler Source File Reader" daemon [_thread_blocked, id=22888, stack(0x0000007097100000,0x0000007097200000) (1024K)]
  0x000001ab99fd6610 JavaThread "Compiler Source File Reader" daemon [_thread_blocked, id=22772, stack(0x0000007097200000,0x0000007097300000) (1024K)]
  0x000001ab99fd6ca0 JavaThread "Compiler Source File Reader" daemon [_thread_blocked, id=21628, stack(0x0000007097300000,0x0000007097400000) (1024K)]
  0x000001ab99fd7330 JavaThread "Compiler Source File Reader" daemon [_thread_blocked, id=21632, stack(0x0000007097400000,0x0000007097500000) (1024K)]
  0x000001ab9e0f4d50 JavaThread "Compiler Source File Reader" daemon [_thread_blocked, id=21644, stack(0x0000007097500000,0x0000007097600000) (1024K)]
  0x000001ab9e0f4030 JavaThread "Compiler Source File Reader" daemon [_thread_blocked, id=21640, stack(0x0000007097600000,0x0000007097700000) (1024K)]
  0x000001ab9e0f53e0 JavaThread "Compiler Source File Reader" daemon [_thread_blocked, id=23028, stack(0x0000007097700000,0x0000007097800000) (1024K)]
  0x000001ab9e0f39a0 JavaThread "Compiler Source File Reader" daemon [_thread_blocked, id=22980, stack(0x0000007097800000,0x0000007097900000) (1024K)]
  0x000001ab9e0f3310 JavaThread "Compiler Source File Reader" daemon [_thread_blocked, id=21588, stack(0x0000007097900000,0x0000007097a00000) (1024K)]
  0x000001ab9e0f5a70 JavaThread "Compiler Source File Reader" daemon [_thread_blocked, id=22876, stack(0x0000007097a00000,0x0000007097b00000) (1024K)]
  0x000001ab9e0f2c80 JavaThread "Compiler Source File Reader" daemon [_thread_blocked, id=19424, stack(0x0000007097b00000,0x0000007097c00000) (1024K)]
  0x000001ab9e531890 JavaThread "C2 CompilerThread7"         daemon [_thread_in_native, id=22756, stack(0x0000007095900000,0x0000007095a00000) (1024K)]
Total: 88

Other Threads:
  0x000001ab2efaeb80 VMThread "VM Thread"                           [id=21532, stack(0x0000007091500000,0x0000007091600000) (1024K)]
  0x000001ab431dca00 WatcherThread "VM Periodic Task Thread"        [id=22532, stack(0x0000007091400000,0x0000007091500000) (1024K)]
  0x000001ab2ef2a900 WorkerThread "GC Thread#0"                     [id=12664, stack(0x0000007091300000,0x0000007091400000) (1024K)]
  0x000001ab877b4510 WorkerThread "GC Thread#1"                     [id=19936, stack(0x0000007092500000,0x0000007092600000) (1024K)]
  0x000001ab877b4cc0 WorkerThread "GC Thread#2"                     [id=10072, stack(0x0000007092600000,0x0000007092700000) (1024K)]
  0x000001ab8c25ea00 WorkerThread "GC Thread#3"                     [id=21528, stack(0x0000007092700000,0x0000007092800000) (1024K)]
  0x000001ab8c25eda0 WorkerThread "GC Thread#4"                     [id=21648, stack(0x0000007092800000,0x0000007092900000) (1024K)]
  0x000001ab8728c460 WorkerThread "GC Thread#5"                     [id=22552, stack(0x0000007092900000,0x0000007092a00000) (1024K)]
  0x000001ab8c2aecc0 WorkerThread "GC Thread#6"                     [id=22548, stack(0x0000007092d00000,0x0000007092e00000) (1024K)]
  0x000001ab8c2af060 WorkerThread "GC Thread#7"                     [id=21948, stack(0x0000007092e00000,0x0000007092f00000) (1024K)]
  0x000001ab8c4d8ae0 WorkerThread "GC Thread#8"                     [id=22048, stack(0x0000007093300000,0x0000007093400000) (1024K)]
  0x000001ab8c4d8e80 WorkerThread "GC Thread#9"                     [id=21172, stack(0x0000007093400000,0x0000007093500000) (1024K)]
  0x000001ab8c4d9220 WorkerThread "GC Thread#10"                    [id=21408, stack(0x0000007093700000,0x0000007093800000) (1024K)]
  0x000001ab8c4d9d00 WorkerThread "GC Thread#11"                    [id=4740, stack(0x0000007093800000,0x0000007093900000) (1024K)]
  0x000001ab8c4d8740 WorkerThread "GC Thread#12"                    [id=19800, stack(0x0000007093900000,0x0000007093a00000) (1024K)]
Total: 15

Threads with active compile tasks:
C2 CompilerThread0  7911 9423       4       org.eclipse.jdt.internal.compiler.parser.Parser::consumeToken (2264 bytes)
C2 CompilerThread1  7911 10305       4       java.io.BufferedReader::implReadLine (301 bytes)
C2 CompilerThread2  7911 10101   !   4       org.eclipse.jdt.internal.compiler.classfmt.ClassFileReader::<init> (2135 bytes)
C2 CompilerThread3  7911 9846   !   4       lombok.core.FieldAugment$ReflectionFieldAugment::getAndSet (80 bytes)
C2 CompilerThread4  7911 10309       4       java.util.TimSort::sort (229 bytes)
C2 CompilerThread5  7911 9594 % !   4       org.eclipse.jdt.internal.core.search.indexing.BinaryIndexer::indexDocument @ 595 (1204 bytes)
C2 CompilerThread6  7911 9863       4       lombok.eclipse.handlers.EclipseHandlerUtil::setGeneratedBy (10 bytes)
C2 CompilerThread7  7911 9580 %     4       org.eclipse.jdt.internal.core.search.indexing.BinaryIndexer::extractReferenceFromConstantPool @ 15 (358 bytes)
Total: 8

VM state: not at safepoint (normal execution)

VM Mutex/Monitor currently owned by a thread: None

Heap address: 0x00000000c0000000, size: 1024 MB, Compressed Oops mode: 32-bit

CDS archive(s) mapped at: [0x000001ab44000000-0x000001ab44ba0000-0x000001ab44ba0000), size 12189696, SharedBaseAddress: 0x000001ab44000000, ArchiveRelocationMode: 1.
Compressed class space mapped at: 0x000001ab45000000-0x000001ab85000000, reserved size: 1073741824
Narrow klass base: 0x000001ab44000000, Narrow klass shift: 0, Narrow klass range: 0x100000000

GC Precious Log:
 CardTable entry size: 512
 CPUs: 16 total, 16 available
 Memory: 15752M
 Large Page Support: Disabled
 NUMA Support: Disabled
 Compressed Oops: Enabled (32-bit)
 Alignments: Space 512K, Generation 512K, Heap 2M
 Heap Min Capacity: 100M
 Heap Initial Capacity: 100M
 Heap Max Capacity: 1G
 Pre-touch: Disabled
 Parallel Workers: 13

Heap:
 PSYoungGen      total 17408K, used 6478K [0x00000000eab00000, 0x00000000ebe00000, 0x0000000100000000)
  eden space 15360K, 30% used [0x00000000eab00000,0x00000000eaf8b838,0x00000000eba00000)
  from space 2048K, 89% used [0x00000000eba00000,0x00000000ebbc8000,0x00000000ebc00000)
  to   space 2048K, 0% used [0x00000000ebc00000,0x00000000ebc00000,0x00000000ebe00000)
 ParOldGen       total 351744K, used 351407K [0x00000000c0000000, 0x00000000d5780000, 0x00000000eab00000)
  object space 351744K, 99% used [0x00000000c0000000,0x00000000d572bf90,0x00000000d5780000)
 Metaspace       used 57736K, committed 59072K, reserved 1114112K
  class space    used 5897K, committed 6464K, reserved 1048576K

Card table byte_map: [0x000001ab2e8b0000,0x000001ab2eac0000] _byte_map_base: 0x000001ab2e2b0000

Marking Bits: (ParMarkBitMap*) 0x00007ffc098d3260
 Begin Bits: [0x000001ab41100000, 0x000001ab42100000)
 End Bits:   [0x000001ab42100000, 0x000001ab43100000)

Polling page: 0x000001ab2caa0000

Metaspace:

Usage:
  Non-class:     50.62 MB used.
      Class:      5.76 MB used.
       Both:     56.38 MB used.

Virtual space:
  Non-class space:       64.00 MB reserved,      51.38 MB ( 80%) committed,  1 nodes.
      Class space:        1.00 GB reserved,       6.31 MB ( <1%) committed,  1 nodes.
             Both:        1.06 GB reserved,      57.69 MB (  5%) committed. 

Chunk freelists:
   Non-Class:  12.35 MB
       Class:  9.63 MB
        Both:  21.99 MB

MaxMetaspaceSize: unlimited
CompressedClassSpaceSize: 1.00 GB
Initial GC threshold: 21.00 MB
Current GC threshold: 58.38 MB
CDS: on
 - commit_granule_bytes: 65536.
 - commit_granule_words: 8192.
 - virtual_space_node_default_size: 8388608.
 - enlarge_chunks_in_place: 1.
 - use_allocation_guard: 0.


Internal statistics:

num_allocs_failed_limit: 6.
num_arena_births: 1130.
num_arena_deaths: 14.
num_vsnodes_births: 2.
num_vsnodes_deaths: 0.
num_space_committed: 922.
num_space_uncommitted: 0.
num_chunks_returned_to_freelist: 20.
num_chunks_taken_from_freelist: 3828.
num_chunk_merges: 10.
num_chunk_splits: 2361.
num_chunks_enlarged: 1300.
num_inconsistent_stats: 0.

CodeHeap 'non-profiled nmethods': size=119168Kb used=6855Kb max_used=6855Kb free=112312Kb
 bounds [0x000001ab39ca0000, 0x000001ab3a360000, 0x000001ab41100000]
CodeHeap 'profiled nmethods': size=119104Kb used=21754Kb max_used=21754Kb free=97349Kb
 bounds [0x000001ab32100000, 0x000001ab33640000, 0x000001ab39550000]
CodeHeap 'non-nmethods': size=7488Kb used=3107Kb max_used=3239Kb free=4381Kb
 bounds [0x000001ab39550000, 0x000001ab39890000, 0x000001ab39ca0000]
 total_blobs=10377 nmethods=9649 adapters=631
 compilation: enabled
              stopped_count=0, restarted_count=0
 full_count=0

Compilation events (20 events):
Event: 6.863 Thread 0x000001ab858f2ed0 nmethod 10288 0x000001ab33631510 code [0x000001ab33631800, 0x000001ab33632c20]
Event: 6.863 Thread 0x000001ab2efc75b0 10294       3       com.sun.org.apache.xerces.internal.util.XMLAttributesImpl::addAttribute (9 bytes)
Event: 6.864 Thread 0x000001ab85b31d60 10295       3       com.sun.org.apache.xerces.internal.dom.DeferredAttrImpl::synchronizeData (86 bytes)
Event: 6.864 Thread 0x000001ab2efc75b0 nmethod 10294 0x000001ab33633310 code [0x000001ab336334c0, 0x000001ab33633688]
Event: 6.864 Thread 0x000001ab2efc75b0 10296       3       com.sun.org.apache.xerces.internal.dom.DeferredDocumentImpl::getTypeInfo (99 bytes)
Event: 6.864 Thread 0x000001ab858f2ed0 10297       3       java.util.ArrayList::set (24 bytes)
Event: 6.865 Thread 0x000001ab2efc75b0 nmethod 10296 0x000001ab33633790 code [0x000001ab33633980, 0x000001ab33634000]
Event: 6.865 Thread 0x000001ab858f2ed0 nmethod 10297 0x000001ab33634290 code [0x000001ab33634460, 0x000001ab33634868]
Event: 6.865 Thread 0x000001ab85b31d60 nmethod 10295 0x000001ab33634a10 code [0x000001ab33634c60, 0x000001ab33635718]
Event: 6.867 Thread 0x000001ab858f1820 nmethod 10291 0x000001ab33635a90 code [0x000001ab33635fa0, 0x000001ab33639698]
Event: 6.877 Thread 0x000001ab2efc55b0 nmethod 9990 0x000001ab3a337090 code [0x000001ab3a33b2a0, 0x000001ab3a3411f0]
Event: 6.879 Thread 0x000001ab85947e00 nmethod 10184 0x000001ab3a348b90 code [0x000001ab3a348d80, 0x000001ab3a349b28]
Event: 6.880 Thread 0x000001ab85947e00 10293       4       com.sun.org.apache.xerces.internal.impl.XMLEntityScanner::scanName (329 bytes)
Event: 6.881 Thread 0x000001ab2efc55b0 10298       4       org.eclipse.jdt.internal.compiler.util.Util::isClassFileName (82 bytes)
Event: 6.885 Thread 0x000001ab2efc55b0 nmethod 10298 0x000001ab3a349f10 code [0x000001ab3a34a0c0, 0x000001ab3a34a2a8]
Event: 6.885 Thread 0x000001ab2efc55b0 10158   !   4       org.eclipse.jdt.internal.core.builder.ClasspathJar::findClass (122 bytes)
Event: 7.011 Thread 0x000001ab858f1820 10299       1       org.eclipse.jdt.apt.core.internal.util.FactoryPath$Attributes::runInBatchMode (5 bytes)
Event: 7.491 Thread 0x000001ab85b31d60 10300       3       java.util.stream.Collectors$$Lambda/0x800000039::accept (14 bytes)
Event: 7.715 Thread 0x000001ab858f2ed0 10301   !   3       java.lang.Thread::sleep (82 bytes)
Event: 7.715 Thread 0x000001ab2efc75b0 10302   !   3       java.lang.Thread::beforeSleep (33 bytes)

GC Heap History (20 events):
Event: 6.225 GC heap before
{Heap before GC invocations=195 (full 2):
 PSYoungGen      total 17408K, used 17120K [0x00000000eab00000, 0x00000000ebe80000, 0x0000000100000000)
  eden space 15360K, 100% used [0x00000000eab00000,0x00000000eba00000,0x00000000eba00000)
  from space 2048K, 85% used [0x00000000ebc80000,0x00000000ebe38000,0x00000000ebe80000)
  to   space 2048K, 0% used [0x00000000eba00000,0x00000000eba00000,0x00000000ebc00000)
 ParOldGen       total 332800K, used 332567K [0x00000000c0000000, 0x00000000d4500000, 0x00000000eab00000)
  object space 332800K, 99% used [0x00000000c0000000,0x00000000d44c5e38,0x00000000d4500000)
 Metaspace       used 56443K, committed 57728K, reserved 1114112K
  class space    used 5811K, committed 6400K, reserved 1048576K
}
Event: 6.227 GC heap after
{Heap after GC invocations=195 (full 2):
 PSYoungGen      total 17408K, used 1920K [0x00000000eab00000, 0x00000000ebe00000, 0x0000000100000000)
  eden space 15360K, 0% used [0x00000000eab00000,0x00000000eab00000,0x00000000eba00000)
  from space 2048K, 93% used [0x00000000eba00000,0x00000000ebbe0000,0x00000000ebc00000)
  to   space 2048K, 0% used [0x00000000ebc00000,0x00000000ebc00000,0x00000000ebe00000)
 ParOldGen       total 334336K, used 334116K [0x00000000c0000000, 0x00000000d4680000, 0x00000000eab00000)
  object space 334336K, 99% used [0x00000000c0000000,0x00000000d46492a8,0x00000000d4680000)
 Metaspace       used 56443K, committed 57728K, reserved 1114112K
  class space    used 5811K, committed 6400K, reserved 1048576K
}
Event: 6.359 GC heap before
{Heap before GC invocations=196 (full 2):
 PSYoungGen      total 17408K, used 17280K [0x00000000eab00000, 0x00000000ebe00000, 0x0000000100000000)
  eden space 15360K, 100% used [0x00000000eab00000,0x00000000eba00000,0x00000000eba00000)
  from space 2048K, 93% used [0x00000000eba00000,0x00000000ebbe0000,0x00000000ebc00000)
  to   space 2048K, 0% used [0x00000000ebc00000,0x00000000ebc00000,0x00000000ebe00000)
 ParOldGen       total 334336K, used 334116K [0x00000000c0000000, 0x00000000d4680000, 0x00000000eab00000)
  object space 334336K, 99% used [0x00000000c0000000,0x00000000d46492a8,0x00000000d4680000)
 Metaspace       used 56740K, committed 58048K, reserved 1114112K
  class space    used 5836K, committed 6400K, reserved 1048576K
}
Event: 6.361 GC heap after
{Heap after GC invocations=196 (full 2):
 PSYoungGen      total 17408K, used 1560K [0x00000000eab00000, 0x00000000ebe00000, 0x0000000100000000)
  eden space 15360K, 0% used [0x00000000eab00000,0x00000000eab00000,0x00000000eba00000)
  from space 2048K, 76% used [0x00000000ebc00000,0x00000000ebd86008,0x00000000ebe00000)
  to   space 2048K, 0% used [0x00000000eba00000,0x00000000eba00000,0x00000000ebc00000)
 ParOldGen       total 336384K, used 335899K [0x00000000c0000000, 0x00000000d4880000, 0x00000000eab00000)
  object space 336384K, 99% used [0x00000000c0000000,0x00000000d4806c88,0x00000000d4880000)
 Metaspace       used 56740K, committed 58048K, reserved 1114112K
  class space    used 5836K, committed 6400K, reserved 1048576K
}
Event: 6.402 GC heap before
{Heap before GC invocations=197 (full 2):
 PSYoungGen      total 17408K, used 16920K [0x00000000eab00000, 0x00000000ebe00000, 0x0000000100000000)
  eden space 15360K, 100% used [0x00000000eab00000,0x00000000eba00000,0x00000000eba00000)
  from space 2048K, 76% used [0x00000000ebc00000,0x00000000ebd86008,0x00000000ebe00000)
  to   space 2048K, 0% used [0x00000000eba00000,0x00000000eba00000,0x00000000ebc00000)
 ParOldGen       total 336384K, used 335899K [0x00000000c0000000, 0x00000000d4880000, 0x00000000eab00000)
  object space 336384K, 99% used [0x00000000c0000000,0x00000000d4806c88,0x00000000d4880000)
 Metaspace       used 56820K, committed 58176K, reserved 1114112K
  class space    used 5845K, committed 6464K, reserved 1048576K
}
Event: 6.404 GC heap after
{Heap after GC invocations=197 (full 2):
 PSYoungGen      total 17408K, used 1830K [0x00000000eab00000, 0x00000000ebe00000, 0x0000000100000000)
  eden space 15360K, 0% used [0x00000000eab00000,0x00000000eab00000,0x00000000eba00000)
  from space 2048K, 89% used [0x00000000eba00000,0x00000000ebbc9818,0x00000000ebc00000)
  to   space 2048K, 0% used [0x00000000ebc00000,0x00000000ebc00000,0x00000000ebe00000)
 ParOldGen       total 337408K, used 337289K [0x00000000c0000000, 0x00000000d4980000, 0x00000000eab00000)
  object space 337408K, 99% used [0x00000000c0000000,0x00000000d49624f0,0x00000000d4980000)
 Metaspace       used 56820K, committed 58176K, reserved 1114112K
  class space    used 5845K, committed 6464K, reserved 1048576K
}
Event: 6.476 GC heap before
{Heap before GC invocations=198 (full 2):
 PSYoungGen      total 17408K, used 17190K [0x00000000eab00000, 0x00000000ebe00000, 0x0000000100000000)
  eden space 15360K, 100% used [0x00000000eab00000,0x00000000eba00000,0x00000000eba00000)
  from space 2048K, 89% used [0x00000000eba00000,0x00000000ebbc9818,0x00000000ebc00000)
  to   space 2048K, 0% used [0x00000000ebc00000,0x00000000ebc00000,0x00000000ebe00000)
 ParOldGen       total 337408K, used 337289K [0x00000000c0000000, 0x00000000d4980000, 0x00000000eab00000)
  object space 337408K, 99% used [0x00000000c0000000,0x00000000d49624f0,0x00000000d4980000)
 Metaspace       used 56960K, committed 58304K, reserved 1114112K
  class space    used 5852K, committed 6464K, reserved 1048576K
}
Event: 6.479 GC heap after
{Heap after GC invocations=198 (full 2):
 PSYoungGen      total 17408K, used 1696K [0x00000000eab00000, 0x00000000ebe00000, 0x0000000100000000)
  eden space 15360K, 0% used [0x00000000eab00000,0x00000000eab00000,0x00000000eba00000)
  from space 2048K, 82% used [0x00000000ebc00000,0x00000000ebda8040,0x00000000ebe00000)
  to   space 2048K, 0% used [0x00000000eba00000,0x00000000eba00000,0x00000000ebc00000)
 ParOldGen       total 338944K, used 338939K [0x00000000c0000000, 0x00000000d4b00000, 0x00000000eab00000)
  object space 338944K, 99% used [0x00000000c0000000,0x00000000d4afed28,0x00000000d4b00000)
 Metaspace       used 56960K, committed 58304K, reserved 1114112K
  class space    used 5852K, committed 6464K, reserved 1048576K
}
Event: 6.517 GC heap before
{Heap before GC invocations=199 (full 2):
 PSYoungGen      total 17408K, used 17056K [0x00000000eab00000, 0x00000000ebe00000, 0x0000000100000000)
  eden space 15360K, 100% used [0x00000000eab00000,0x00000000eba00000,0x00000000eba00000)
  from space 2048K, 82% used [0x00000000ebc00000,0x00000000ebda8040,0x00000000ebe00000)
  to   space 2048K, 0% used [0x00000000eba00000,0x00000000eba00000,0x00000000ebc00000)
 ParOldGen       total 338944K, used 338939K [0x00000000c0000000, 0x00000000d4b00000, 0x00000000eab00000)
  object space 338944K, 99% used [0x00000000c0000000,0x00000000d4afed28,0x00000000d4b00000)
 Metaspace       used 57013K, committed 58304K, reserved 1114112K
  class space    used 5853K, committed 6464K, reserved 1048576K
}
Event: 6.519 GC heap after
{Heap after GC invocations=199 (full 2):
 PSYoungGen      total 17408K, used 2022K [0x00000000eab00000, 0x00000000ebf00000, 0x0000000100000000)
  eden space 15360K, 0% used [0x00000000eab00000,0x00000000eab00000,0x00000000eba00000)
  from space 2048K, 98% used [0x00000000eba00000,0x00000000ebbf9818,0x00000000ebc00000)
  to   space 2560K, 0% used [0x00000000ebc80000,0x00000000ebc80000,0x00000000ebf00000)
 ParOldGen       total 340480K, used 340415K [0x00000000c0000000, 0x00000000d4c80000, 0x00000000eab00000)
  object space 340480K, 99% used [0x00000000c0000000,0x00000000d4c6fcc8,0x00000000d4c80000)
 Metaspace       used 57013K, committed 58304K, reserved 1114112K
  class space    used 5853K, committed 6464K, reserved 1048576K
}
Event: 6.557 GC heap before
{Heap before GC invocations=200 (full 2):
 PSYoungGen      total 17408K, used 17382K [0x00000000eab00000, 0x00000000ebf00000, 0x0000000100000000)
  eden space 15360K, 100% used [0x00000000eab00000,0x00000000eba00000,0x00000000eba00000)
  from space 2048K, 98% used [0x00000000eba00000,0x00000000ebbf9818,0x00000000ebc00000)
  to   space 2560K, 0% used [0x00000000ebc80000,0x00000000ebc80000,0x00000000ebf00000)
 ParOldGen       total 340480K, used 340415K [0x00000000c0000000, 0x00000000d4c80000, 0x00000000eab00000)
  object space 340480K, 99% used [0x00000000c0000000,0x00000000d4c6fcc8,0x00000000d4c80000)
 Metaspace       used 57053K, committed 58432K, reserved 1114112K
  class space    used 5856K, committed 6464K, reserved 1048576K
}
Event: 6.559 GC heap after
{Heap after GC invocations=200 (full 2):
 PSYoungGen      total 17408K, used 1980K [0x00000000eab00000, 0x00000000ebe80000, 0x0000000100000000)
  eden space 15360K, 0% used [0x00000000eab00000,0x00000000eab00000,0x00000000eba00000)
  from space 2048K, 96% used [0x00000000ebc80000,0x00000000ebe6f038,0x00000000ebe80000)
  to   space 2048K, 0% used [0x00000000eba00000,0x00000000eba00000,0x00000000ebc00000)
 ParOldGen       total 342528K, used 342175K [0x00000000c0000000, 0x00000000d4e80000, 0x00000000eab00000)
  object space 342528K, 99% used [0x00000000c0000000,0x00000000d4e27d68,0x00000000d4e80000)
 Metaspace       used 57053K, committed 58432K, reserved 1114112K
  class space    used 5856K, committed 6464K, reserved 1048576K
}
Event: 6.600 GC heap before
{Heap before GC invocations=201 (full 2):
 PSYoungGen      total 17408K, used 17340K [0x00000000eab00000, 0x00000000ebe80000, 0x0000000100000000)
  eden space 15360K, 100% used [0x00000000eab00000,0x00000000eba00000,0x00000000eba00000)
  from space 2048K, 96% used [0x00000000ebc80000,0x00000000ebe6f038,0x00000000ebe80000)
  to   space 2048K, 0% used [0x00000000eba00000,0x00000000eba00000,0x00000000ebc00000)
 ParOldGen       total 342528K, used 342175K [0x00000000c0000000, 0x00000000d4e80000, 0x00000000eab00000)
  object space 342528K, 99% used [0x00000000c0000000,0x00000000d4e27d68,0x00000000d4e80000)
 Metaspace       used 57097K, committed 58432K, reserved 1114112K
  class space    used 5856K, committed 6464K, reserved 1048576K
}
Event: 6.601 GC heap after
{Heap after GC invocations=201 (full 2):
 PSYoungGen      total 17408K, used 2032K [0x00000000eab00000, 0x00000000ec200000, 0x0000000100000000)
  eden space 15360K, 0% used [0x00000000eab00000,0x00000000eab00000,0x00000000eba00000)
  from space 2048K, 99% used [0x00000000eba00000,0x00000000ebbfc030,0x00000000ebc00000)
  to   space 4096K, 0% used [0x00000000ebe00000,0x00000000ebe00000,0x00000000ec200000)
 ParOldGen       total 344064K, used 343907K [0x00000000c0000000, 0x00000000d5000000, 0x00000000eab00000)
  object space 344064K, 99% used [0x00000000c0000000,0x00000000d4fd8d90,0x00000000d5000000)
 Metaspace       used 57097K, committed 58432K, reserved 1114112K
  class space    used 5856K, committed 6464K, reserved 1048576K
}
Event: 6.711 GC heap before
{Heap before GC invocations=202 (full 2):
 PSYoungGen      total 17408K, used 17392K [0x00000000eab00000, 0x00000000ec200000, 0x0000000100000000)
  eden space 15360K, 100% used [0x00000000eab00000,0x00000000eba00000,0x00000000eba00000)
  from space 2048K, 99% used [0x00000000eba00000,0x00000000ebbfc030,0x00000000ebc00000)
  to   space 4096K, 0% used [0x00000000ebe00000,0x00000000ebe00000,0x00000000ec200000)
 ParOldGen       total 344064K, used 343907K [0x00000000c0000000, 0x00000000d5000000, 0x00000000eab00000)
  object space 344064K, 99% used [0x00000000c0000000,0x00000000d4fd8d90,0x00000000d5000000)
 Metaspace       used 57394K, committed 58688K, reserved 1114112K
  class space    used 5883K, committed 6464K, reserved 1048576K
}
Event: 6.713 GC heap after
{Heap after GC invocations=202 (full 2):
 PSYoungGen      total 17408K, used 1920K [0x00000000eab00000, 0x00000000ec000000, 0x0000000100000000)
  eden space 15360K, 0% used [0x00000000eab00000,0x00000000eab00000,0x00000000eba00000)
  from space 2048K, 93% used [0x00000000ebe00000,0x00000000ebfe0010,0x00000000ec000000)
  to   space 3072K, 0% used [0x00000000eba00000,0x00000000eba00000,0x00000000ebd00000)
 ParOldGen       total 346112K, used 345818K [0x00000000c0000000, 0x00000000d5200000, 0x00000000eab00000)
  object space 346112K, 99% used [0x00000000c0000000,0x00000000d51b6920,0x00000000d5200000)
 Metaspace       used 57394K, committed 58688K, reserved 1114112K
  class space    used 5883K, committed 6464K, reserved 1048576K
}
Event: 6.761 GC heap before
{Heap before GC invocations=203 (full 2):
 PSYoungGen      total 17408K, used 17280K [0x00000000eab00000, 0x00000000ec000000, 0x0000000100000000)
  eden space 15360K, 100% used [0x00000000eab00000,0x00000000eba00000,0x00000000eba00000)
  from space 2048K, 93% used [0x00000000ebe00000,0x00000000ebfe0010,0x00000000ec000000)
  to   space 3072K, 0% used [0x00000000eba00000,0x00000000eba00000,0x00000000ebd00000)
 ParOldGen       total 346112K, used 345818K [0x00000000c0000000, 0x00000000d5200000, 0x00000000eab00000)
  object space 346112K, 99% used [0x00000000c0000000,0x00000000d51b6948,0x00000000d5200000)
 Metaspace       used 57523K, committed 58816K, reserved 1114112K
  class space    used 5893K, committed 6464K, reserved 1048576K
}
Event: 6.764 GC heap after
{Heap after GC invocations=203 (full 2):
 PSYoungGen      total 18432K, used 2604K [0x00000000eab00000, 0x00000000ec000000, 0x0000000100000000)
  eden space 15360K, 0% used [0x00000000eab00000,0x00000000eab00000,0x00000000eba00000)
  from space 3072K, 84% used [0x00000000eba00000,0x00000000ebc8b008,0x00000000ebd00000)
  to   space 3072K, 0% used [0x00000000ebd00000,0x00000000ebd00000,0x00000000ec000000)
 ParOldGen       total 347648K, used 347450K [0x00000000c0000000, 0x00000000d5380000, 0x00000000eab00000)
  object space 347648K, 99% used [0x00000000c0000000,0x00000000d534e948,0x00000000d5380000)
 Metaspace       used 57523K, committed 58816K, reserved 1114112K
  class space    used 5893K, committed 6464K, reserved 1048576K
}
Event: 6.822 GC heap before
{Heap before GC invocations=204 (full 2):
 PSYoungGen      total 18432K, used 17964K [0x00000000eab00000, 0x00000000ec000000, 0x0000000100000000)
  eden space 15360K, 100% used [0x00000000eab00000,0x00000000eba00000,0x00000000eba00000)
  from space 3072K, 84% used [0x00000000eba00000,0x00000000ebc8b008,0x00000000ebd00000)
  to   space 3072K, 0% used [0x00000000ebd00000,0x00000000ebd00000,0x00000000ec000000)
 ParOldGen       total 347648K, used 347454K [0x00000000c0000000, 0x00000000d5380000, 0x00000000eab00000)
  object space 347648K, 99% used [0x00000000c0000000,0x00000000d534f978,0x00000000d5380000)
 Metaspace       used 57608K, committed 58880K, reserved 1114112K
  class space    used 5893K, committed 6464K, reserved 1048576K
}
Event: 6.825 GC heap after
{Heap after GC invocations=204 (full 2):
 PSYoungGen      total 17408K, used 1856K [0x00000000eab00000, 0x00000000ebf00000, 0x0000000100000000)
  eden space 15360K, 0% used [0x00000000eab00000,0x00000000eab00000,0x00000000eba00000)
  from space 2048K, 90% used [0x00000000ebd00000,0x00000000ebed0000,0x00000000ebf00000)
  to   space 2560K, 0% used [0x00000000eba00000,0x00000000eba00000,0x00000000ebc80000)
 ParOldGen       total 350208K, used 349770K [0x00000000c0000000, 0x00000000d5600000, 0x00000000eab00000)
  object space 350208K, 99% used [0x00000000c0000000,0x00000000d5592980,0x00000000d5600000)
 Metaspace       used 57608K, committed 58880K, reserved 1114112K
  class space    used 5893K, committed 6464K, reserved 1048576K
}

Dll operation events (10 events):
Event: 0.007 Loaded shared library c:\Users\MSI\.vscode\extensions\redhat.java-1.41.1-win32-x64\jre\21.0.6-win32-x86_64\bin\java.dll
Event: 0.058 Loaded shared library c:\Users\MSI\.vscode\extensions\redhat.java-1.41.1-win32-x64\jre\21.0.6-win32-x86_64\bin\zip.dll
Event: 0.099 Loaded shared library C:\Users\MSI\.vscode\extensions\redhat.java-1.41.1-win32-x64\jre\21.0.6-win32-x86_64\bin\instrument.dll
Event: 0.101 Loaded shared library C:\Users\MSI\.vscode\extensions\redhat.java-1.41.1-win32-x64\jre\21.0.6-win32-x86_64\bin\net.dll
Event: 0.103 Loaded shared library C:\Users\MSI\.vscode\extensions\redhat.java-1.41.1-win32-x64\jre\21.0.6-win32-x86_64\bin\nio.dll
Event: 0.105 Loaded shared library C:\Users\MSI\.vscode\extensions\redhat.java-1.41.1-win32-x64\jre\21.0.6-win32-x86_64\bin\zip.dll
Event: 0.116 Loaded shared library C:\Users\MSI\.vscode\extensions\redhat.java-1.41.1-win32-x64\jre\21.0.6-win32-x86_64\bin\jimage.dll
Event: 0.158 Loaded shared library c:\Users\MSI\.vscode\extensions\redhat.java-1.41.1-win32-x64\jre\21.0.6-win32-x86_64\bin\verify.dll
Event: 0.768 Loaded shared library C:\Users\MSI\AppData\Roaming\Code\User\globalStorage\redhat.java\1.41.1\config_win\org.eclipse.equinox.launcher\org.eclipse.equinox.launcher.win32.win32.x86_64_1.2.1300.v20250331-1702\eclipse_11911.dll
Event: 1.693 Loaded shared library C:\Users\MSI\AppData\Local\Temp\jna-76643\jna10050323180453575175.dll

Deoptimization events (20 events):
Event: 6.770 Thread 0x000001ab8dc9e590 Uncommon trap: trap_request=0xffffffd6 fr.pc=0x000001ab3a296694 relative=0x0000000000000714
Event: 6.770 Thread 0x000001ab8dc9e590 Uncommon trap: reason=array_check action=maybe_recompile pc=0x000001ab3a296694 method=java.util.TimSort.reverseRange([Ljava/lang/Object;II)V @ 20 c2
Event: 6.770 Thread 0x000001ab8dc9e590 DEOPT PACKING pc=0x000001ab3a296694 sp=0x0000007095afcfa0
Event: 6.770 Thread 0x000001ab8dc9e590 DEOPT UNPACKING pc=0x000001ab395a3aa2 sp=0x0000007095afcef0 mode 2
Event: 6.770 Thread 0x000001ab8dc9e590 Uncommon trap: trap_request=0xffffffd6 fr.pc=0x000001ab3a296694 relative=0x0000000000000714
Event: 6.770 Thread 0x000001ab8dc9e590 Uncommon trap: reason=array_check action=maybe_recompile pc=0x000001ab3a296694 method=java.util.TimSort.reverseRange([Ljava/lang/Object;II)V @ 20 c2
Event: 6.770 Thread 0x000001ab8dc9e590 DEOPT PACKING pc=0x000001ab3a296694 sp=0x0000007095afdeb0
Event: 6.770 Thread 0x000001ab8dc9e590 DEOPT UNPACKING pc=0x000001ab395a3aa2 sp=0x0000007095afde00 mode 2
Event: 6.778 Thread 0x000001ab8ca35550 DEOPT PACKING pc=0x000001ab3351a42a sp=0x0000007093ffec30
Event: 6.778 Thread 0x000001ab8ca35550 DEOPT UNPACKING pc=0x000001ab395a4242 sp=0x0000007093ffe1b8 mode 0
Event: 6.784 Thread 0x000001ab8dc9e590 Uncommon trap: trap_request=0xffffffd6 fr.pc=0x000001ab3a296694 relative=0x0000000000000714
Event: 6.784 Thread 0x000001ab8dc9e590 Uncommon trap: reason=array_check action=maybe_recompile pc=0x000001ab3a296694 method=java.util.TimSort.reverseRange([Ljava/lang/Object;II)V @ 20 c2
Event: 6.784 Thread 0x000001ab8dc9e590 DEOPT PACKING pc=0x000001ab3a296694 sp=0x0000007095afdeb0
Event: 6.784 Thread 0x000001ab8dc9e590 DEOPT UNPACKING pc=0x000001ab395a3aa2 sp=0x0000007095afde00 mode 2
Event: 6.797 Thread 0x000001ab8ca35550 DEOPT PACKING pc=0x000001ab3351a42a sp=0x0000007093ffec30
Event: 6.797 Thread 0x000001ab8ca35550 DEOPT UNPACKING pc=0x000001ab395a4242 sp=0x0000007093ffe1b8 mode 0
Event: 6.816 Thread 0x000001ab8ca35550 DEOPT PACKING pc=0x000001ab3351a42a sp=0x0000007093ffec30
Event: 6.816 Thread 0x000001ab8ca35550 DEOPT UNPACKING pc=0x000001ab395a4242 sp=0x0000007093ffe1b8 mode 0
Event: 6.834 Thread 0x000001ab8ca35550 DEOPT PACKING pc=0x000001ab3351a42a sp=0x0000007093ffec30
Event: 6.835 Thread 0x000001ab8ca35550 DEOPT UNPACKING pc=0x000001ab395a4242 sp=0x0000007093ffe1b8 mode 0

Classes loaded (20 events):
Event: 5.239 Loading class java/util/stream/MatchOps
Event: 5.239 Loading class java/util/stream/MatchOps done
Event: 5.239 Loading class java/util/stream/MatchOps$MatchOp
Event: 5.239 Loading class java/util/stream/MatchOps$MatchOp done
Event: 5.240 Loading class java/util/stream/MatchOps$BooleanTerminalSink
Event: 5.240 Loading class java/util/stream/MatchOps$BooleanTerminalSink done
Event: 5.240 Loading class java/util/stream/MatchOps$1MatchSink
Event: 5.240 Loading class java/util/stream/MatchOps$1MatchSink done
Event: 5.372 Loading class java/util/concurrent/ForkJoinTask$AdaptedCallable
Event: 5.372 Loading class java/util/concurrent/ForkJoinTask$AdaptedCallable done
Event: 5.417 Loading class java/lang/Runtime$VersionPattern
Event: 5.417 Loading class java/lang/Runtime$VersionPattern done
Event: 5.585 Loading class java/util/Vector$1
Event: 5.585 Loading class java/util/Vector$1 done
Event: 5.793 Loading class java/util/regex/Pattern$Caret
Event: 5.793 Loading class java/util/regex/Pattern$Caret done
Event: 5.819 Loading class java/util/regex/Pattern$LazyLoop
Event: 5.819 Loading class java/util/regex/Pattern$LazyLoop done
Event: 6.339 Loading class sun/nio/fs/WindowsFileCopy
Event: 6.339 Loading class sun/nio/fs/WindowsFileCopy done

Classes unloaded (7 events):
Event: 1.989 Thread 0x000001ab2efaeb80 Unloading class 0x000001ab45198800 'java/lang/invoke/LambdaForm$MH+0x000001ab45198800'
Event: 1.989 Thread 0x000001ab2efaeb80 Unloading class 0x000001ab45198400 'java/lang/invoke/LambdaForm$MH+0x000001ab45198400'
Event: 1.989 Thread 0x000001ab2efaeb80 Unloading class 0x000001ab45198000 'java/lang/invoke/LambdaForm$MH+0x000001ab45198000'
Event: 1.989 Thread 0x000001ab2efaeb80 Unloading class 0x000001ab45197c00 'java/lang/invoke/LambdaForm$MH+0x000001ab45197c00'
Event: 1.989 Thread 0x000001ab2efaeb80 Unloading class 0x000001ab45197800 'java/lang/invoke/LambdaForm$BMH+0x000001ab45197800'
Event: 1.989 Thread 0x000001ab2efaeb80 Unloading class 0x000001ab45197400 'java/lang/invoke/LambdaForm$DMH+0x000001ab45197400'
Event: 1.989 Thread 0x000001ab2efaeb80 Unloading class 0x000001ab45196400 'java/lang/invoke/LambdaForm$DMH+0x000001ab45196400'

Classes redefined (0 events):
No events

Internal exceptions (20 events):
Event: 4.604 Thread 0x000001ab8e53f510 Exception <a 'java/lang/NoSuchMethodError'{0x00000000eafa0700}: 'java.lang.Object java.lang.invoke.Invokers$Holder.invokeExact_MT(java.lang.Object, int, java.lang.Object)'> (0x00000000eafa0700) 
thrown [s\src\hotspot\share\interpreter\linkResolver.cpp, line 773]
Event: 4.935 Thread 0x000001ab8e53f510 Exception <a 'java/lang/NoClassDefFoundError'{0x00000000eaf080a0}: com/google/inject/servlet/ServletModuleTargetVisitor> (0x00000000eaf080a0) 
thrown [s\src\hotspot\share\classfile\systemDictionary.cpp, line 301]
Event: 4.940 Thread 0x000001ab8ca35550 Implicit null exception at 0x000001ab3a0f0d0b to 0x000001ab3a0f6540
Event: 5.177 Thread 0x000001ab8dca1380 Exception <a 'java/lang/IncompatibleClassChangeError'{0x00000000eaf69ea0}: Found class java.lang.Object, but interface was expected> (0x00000000eaf69ea0) 
thrown [s\src\hotspot\share\interpreter\linkResolver.cpp, line 840]
Event: 5.371 Thread 0x000001ab8dc9e590 Exception <a 'sun/nio/fs/WindowsException'{0x00000000eace8f20}> (0x00000000eace8f20) 
thrown [s\src\hotspot\share\prims\jni.cpp, line 520]
Event: 5.374 Thread 0x000001ab8dca3450 Exception <a 'sun/nio/fs/WindowsException'{0x00000000eaea0a28}> (0x00000000eaea0a28) 
thrown [s\src\hotspot\share\prims\jni.cpp, line 520]
Event: 5.375 Thread 0x000001ab8dca3ae0 Exception <a 'sun/nio/fs/WindowsException'{0x00000000eaf1f808}> (0x00000000eaf1f808) 
thrown [s\src\hotspot\share\prims\jni.cpp, line 520]
Event: 5.375 Thread 0x000001ab8dca4170 Exception <a 'sun/nio/fs/WindowsException'{0x00000000eaf63a60}> (0x00000000eaf63a60) 
thrown [s\src\hotspot\share\prims\jni.cpp, line 520]
Event: 5.375 Thread 0x000001ab8ca33b10 Exception <a 'sun/nio/fs/WindowsException'{0x00000000eafa8588}> (0x00000000eafa8588) 
thrown [s\src\hotspot\share\prims\jni.cpp, line 520]
Event: 5.376 Thread 0x000001ab99fd2470 Exception <a 'sun/nio/fs/WindowsException'{0x00000000eafb2058}> (0x00000000eafb2058) 
thrown [s\src\hotspot\share\prims\jni.cpp, line 520]
Event: 6.241 Thread 0x000001ab8dc9e590 Implicit null exception at 0x000001ab39f7b4da to 0x000001ab39f7b533
Event: 6.318 Thread 0x000001ab8dc9e590 Exception <a 'java/lang/NoSuchMethodError'{0x00000000eb6801e8}: 'java.lang.Object java.lang.invoke.DirectMethodHandle$Holder.invokeStatic(java.lang.Object, java.lang.Object, int, int)'> (0x00000000eb6801e8) 
thrown [s\src\hotspot\share\interpreter\linkResolver.cpp, line 773]
Event: 6.319 Thread 0x000001ab8dc9e590 Exception <a 'java/lang/NoSuchMethodError'{0x00000000eb684738}: 'java.lang.Object java.lang.invoke.DirectMethodHandle$Holder.invokeSpecial(java.lang.Object, java.lang.Object, java.lang.Object, int, int)'> (0x00000000eb684738) 
thrown [s\src\hotspot\share\interpreter\linkResolver.cpp, line 773]
Event: 6.340 Thread 0x000001ab8ca35550 Exception <a 'sun/nio/fs/WindowsException'{0x00000000eb5a0c00}> (0x00000000eb5a0c00) 
thrown [s\src\hotspot\share\prims\jni.cpp, line 520]
Event: 6.396 Thread 0x000001ab8dc9e590 Exception <a 'java/lang/NoSuchMethodError'{0x00000000eb914020}: 'void java.lang.invoke.DelegatingMethodHandle$Holder.reinvoke_L(java.lang.Object, java.lang.Object, java.lang.Object, int, java.lang.Object, int, int)'> (0x00000000eb914020) 
thrown [s\src\hotspot\share\interpreter\linkResolver.cpp, line 773]
Event: 6.421 Thread 0x000001ab8ca35550 Exception <a 'sun/nio/fs/WindowsException'{0x00000000ead735b8}> (0x00000000ead735b8) 
thrown [s\src\hotspot\share\prims\jni.cpp, line 520]
Event: 6.438 Thread 0x000001ab8ca35550 Exception <a 'sun/nio/fs/WindowsException'{0x00000000ead82e98}> (0x00000000ead82e98) 
thrown [s\src\hotspot\share\prims\jni.cpp, line 520]
Event: 6.454 Thread 0x000001ab8ca35550 Exception <a 'sun/nio/fs/WindowsException'{0x00000000ead92670}> (0x00000000ead92670) 
thrown [s\src\hotspot\share\prims\jni.cpp, line 520]
Event: 6.622 Thread 0x000001ab8dc9e590 Exception <a 'java/lang/NoSuchMethodError'{0x00000000eaf46b68}: 'int java.lang.invoke.DirectMethodHandle$Holder.invokeSpecialIFC(java.lang.Object, java.lang.Object, java.lang.Object)'> (0x00000000eaf46b68) 
thrown [s\src\hotspot\share\interpreter\linkResolver.cpp, line 773]
Event: 6.673 Thread 0x000001ab8ca35550 Exception <a 'sun/nio/fs/WindowsException'{0x00000000eb1022a8}> (0x00000000eb1022a8) 
thrown [s\src\hotspot\share\prims\jni.cpp, line 520]

ZGC Phase Switch (0 events):
No events

VM Operations (20 events):
Event: 6.404 Executing VM operation: ParallelGCFailedAllocation (Allocation Failure) done
Event: 6.476 Executing VM operation: ParallelGCFailedAllocation (Allocation Failure)
Event: 6.479 Executing VM operation: ParallelGCFailedAllocation (Allocation Failure) done
Event: 6.517 Executing VM operation: ParallelGCFailedAllocation (Allocation Failure)
Event: 6.519 Executing VM operation: ParallelGCFailedAllocation (Allocation Failure) done
Event: 6.557 Executing VM operation: ParallelGCFailedAllocation (Allocation Failure)
Event: 6.559 Executing VM operation: ParallelGCFailedAllocation (Allocation Failure) done
Event: 6.599 Executing VM operation: ParallelGCFailedAllocation (Allocation Failure)
Event: 6.601 Executing VM operation: ParallelGCFailedAllocation (Allocation Failure) done
Event: 6.711 Executing VM operation: ParallelGCFailedAllocation (Allocation Failure)
Event: 6.713 Executing VM operation: ParallelGCFailedAllocation (Allocation Failure) done
Event: 6.761 Executing VM operation: ParallelGCFailedAllocation (Allocation Failure)
Event: 6.761 Executing VM operation: ParallelGCFailedAllocation (Allocation Failure) done
Event: 6.761 Executing VM operation: ParallelGCSystemGC (GCLocker Initiated GC)
Event: 6.764 Executing VM operation: ParallelGCSystemGC (GCLocker Initiated GC) done
Event: 6.776 Executing VM operation: HandshakeAllThreads (Deoptimize)
Event: 6.776 Executing VM operation: HandshakeAllThreads (Deoptimize) done
Event: 6.822 Executing VM operation: ParallelGCFailedAllocation (Allocation Failure)
Event: 6.826 Executing VM operation: ParallelGCFailedAllocation (Allocation Failure) done
Event: 7.826 Executing VM operation: Cleanup

Memory protections (0 events):
No events

Nmethod flushes (20 events):
Event: 2.991 Thread 0x000001ab2efaeb80 flushing  nmethod 0x000001ab3284b090
Event: 2.991 Thread 0x000001ab2efaeb80 flushing  nmethod 0x000001ab3284b490
Event: 2.991 Thread 0x000001ab2efaeb80 flushing  nmethod 0x000001ab3284c590
Event: 2.991 Thread 0x000001ab2efaeb80 flushing  nmethod 0x000001ab3284d790
Event: 2.991 Thread 0x000001ab2efaeb80 flushing  nmethod 0x000001ab3284df10
Event: 2.991 Thread 0x000001ab2efaeb80 flushing  nmethod 0x000001ab3284f490
Event: 2.991 Thread 0x000001ab2efaeb80 flushing  nmethod 0x000001ab3284f990
Event: 2.991 Thread 0x000001ab2efaeb80 flushing  nmethod 0x000001ab32850290
Event: 2.991 Thread 0x000001ab2efaeb80 flushing  nmethod 0x000001ab32851690
Event: 2.991 Thread 0x000001ab2efaeb80 flushing  nmethod 0x000001ab32852b90
Event: 2.991 Thread 0x000001ab2efaeb80 flushing  nmethod 0x000001ab32854f90
Event: 2.991 Thread 0x000001ab2efaeb80 flushing  nmethod 0x000001ab32893f10
Event: 2.991 Thread 0x000001ab2efaeb80 flushing  nmethod 0x000001ab32894a10
Event: 2.991 Thread 0x000001ab2efaeb80 flushing  nmethod 0x000001ab328a2f10
Event: 2.991 Thread 0x000001ab2efaeb80 flushing  nmethod 0x000001ab328be890
Event: 2.991 Thread 0x000001ab2efaeb80 flushing  nmethod 0x000001ab3293a510
Event: 2.991 Thread 0x000001ab2efaeb80 flushing  nmethod 0x000001ab32949290
Event: 2.991 Thread 0x000001ab2efaeb80 flushing  nmethod 0x000001ab32968a90
Event: 2.991 Thread 0x000001ab2efaeb80 flushing  nmethod 0x000001ab32968f10
Event: 2.991 Thread 0x000001ab2efaeb80 flushing  nmethod 0x000001ab32991b90

Events (20 events):
Event: 5.376 Thread 0x000001ab8ca33b10 Thread added: 0x000001ab99fd0a30
Event: 5.376 Thread 0x000001ab8dca4170 Thread added: 0x000001ab99fd4540
Event: 5.376 Thread 0x000001ab8dca3ae0 Thread added: 0x000001ab99fd1de0
Event: 5.376 Thread 0x000001ab99fd1750 Thread added: 0x000001ab99fd10c0
Event: 5.411 Thread 0x000001ab8dc9e590 Thread added: 0x000001ab99fd58f0
Event: 5.411 Thread 0x000001ab8dc9e590 Thread added: 0x000001ab99fd5260
Event: 5.411 Thread 0x000001ab8dc9e590 Thread added: 0x000001ab99fd5f80
Event: 5.411 Thread 0x000001ab8dc9e590 Thread added: 0x000001ab99fd4bd0
Event: 5.411 Thread 0x000001ab8dc9e590 Thread added: 0x000001ab99fd6610
Event: 5.412 Thread 0x000001ab8dc9e590 Thread added: 0x000001ab99fd6ca0
Event: 5.412 Thread 0x000001ab99fd5f80 Thread added: 0x000001ab99fd7330
Event: 5.412 Thread 0x000001ab99fd6610 Thread added: 0x000001ab9e0f4d50
Event: 5.412 Thread 0x000001ab99fd7330 Thread added: 0x000001ab9e0f4030
Event: 5.412 Thread 0x000001ab9e0f4d50 Thread added: 0x000001ab9e0f53e0
Event: 5.412 Thread 0x000001ab99fd58f0 Thread added: 0x000001ab9e0f39a0
Event: 5.413 Thread 0x000001ab9e0f53e0 Thread added: 0x000001ab9e0f3310
Event: 5.413 Thread 0x000001ab9e0f4030 Thread added: 0x000001ab9e0f5a70
Event: 5.413 Thread 0x000001ab99fd6ca0 Thread added: 0x000001ab9e0f2c80
Event: 5.930 Thread 0x000001ab8c1c5c90 Thread exited: 0x000001ab8c1c5c90
Event: 6.291 Thread 0x000001ab85b31d60 Thread added: 0x000001ab9e531890


Dynamic libraries:
0x00007ff6a6360000 - 0x00007ff6a636e000 	c:\Users\MSI\.vscode\extensions\redhat.java-1.41.1-win32-x64\jre\21.0.6-win32-x86_64\bin\java.exe
0x00007ffcb0980000 - 0x00007ffcb0be0000 	C:\WINDOWS\SYSTEM32\ntdll.dll
0x00007ffcafa70000 - 0x00007ffcafb37000 	C:\WINDOWS\System32\KERNEL32.DLL
0x00007ffcae2d0000 - 0x00007ffcae69a000 	C:\WINDOWS\System32\KERNELBASE.dll
0x00007ffcadeb0000 - 0x00007ffcadffb000 	C:\WINDOWS\System32\ucrtbase.dll
0x00007ffca31e0000 - 0x00007ffca31fe000 	c:\Users\MSI\.vscode\extensions\redhat.java-1.41.1-win32-x64\jre\21.0.6-win32-x86_64\bin\VCRUNTIME140.dll
0x00007ffca8970000 - 0x00007ffca8988000 	c:\Users\MSI\.vscode\extensions\redhat.java-1.41.1-win32-x64\jre\21.0.6-win32-x86_64\bin\jli.dll
0x00007ffcaf0c0000 - 0x00007ffcaf28c000 	C:\WINDOWS\System32\USER32.dll
0x00007ffcae6a0000 - 0x00007ffcae6c7000 	C:\WINDOWS\System32\win32u.dll
0x00007ffc990d0000 - 0x00007ffc99367000 	C:\WINDOWS\WinSxS\amd64_microsoft.windows.common-controls_6595b64144ccf1df_6.0.26100.3624_none_3e086962e3345f24\COMCTL32.dll
0x00007ffcaee40000 - 0x00007ffcaee6a000 	C:\WINDOWS\System32\GDI32.dll
0x00007ffcaf850000 - 0x00007ffcaf8f9000 	C:\WINDOWS\System32\msvcrt.dll
0x00007ffcadb60000 - 0x00007ffcadc91000 	C:\WINDOWS\System32\gdi32full.dll
0x00007ffcae6d0000 - 0x00007ffcae773000 	C:\WINDOWS\System32\msvcp_win.dll
0x00007ffcafc20000 - 0x00007ffcafc4f000 	C:\WINDOWS\System32\IMM32.DLL
0x00007ffca31d0000 - 0x00007ffca31dc000 	c:\Users\MSI\.vscode\extensions\redhat.java-1.41.1-win32-x64\jre\21.0.6-win32-x86_64\bin\vcruntime140_1.dll
0x00007ffc59b80000 - 0x00007ffc59c0d000 	c:\Users\MSI\.vscode\extensions\redhat.java-1.41.1-win32-x64\jre\21.0.6-win32-x86_64\bin\msvcp140.dll
0x00007ffc08c20000 - 0x00007ffc099b0000 	c:\Users\MSI\.vscode\extensions\redhat.java-1.41.1-win32-x64\jre\21.0.6-win32-x86_64\bin\server\jvm.dll
0x00007ffcaee70000 - 0x00007ffcaef22000 	C:\WINDOWS\System32\ADVAPI32.dll
0x00007ffcaf010000 - 0x00007ffcaf0b6000 	C:\WINDOWS\System32\sechost.dll
0x00007ffcaec90000 - 0x00007ffcaeda6000 	C:\WINDOWS\System32\RPCRT4.dll
0x00007ffcaf290000 - 0x00007ffcaf304000 	C:\WINDOWS\System32\WS2_32.dll
0x00007ffcad9b0000 - 0x00007ffcada0e000 	C:\WINDOWS\SYSTEM32\POWRPROF.dll
0x00007ffca7d00000 - 0x00007ffca7d0b000 	C:\WINDOWS\SYSTEM32\VERSION.dll
0x00007ffca7cc0000 - 0x00007ffca7cf6000 	C:\WINDOWS\SYSTEM32\WINMM.dll
0x00007ffcad990000 - 0x00007ffcad9a4000 	C:\WINDOWS\SYSTEM32\UMPDC.dll
0x00007ffcac970000 - 0x00007ffcac98a000 	C:\WINDOWS\SYSTEM32\kernel.appcore.dll
0x00007ffc9fd80000 - 0x00007ffc9fd8a000 	c:\Users\MSI\.vscode\extensions\redhat.java-1.41.1-win32-x64\jre\21.0.6-win32-x86_64\bin\jimage.dll
0x00007ffca19f0000 - 0x00007ffca1c31000 	C:\WINDOWS\SYSTEM32\DBGHELP.DLL
0x00007ffcafc70000 - 0x00007ffcafff2000 	C:\WINDOWS\System32\combase.dll
0x00007ffcafb40000 - 0x00007ffcafc16000 	C:\WINDOWS\System32\OLEAUT32.dll
0x00007ffc989a0000 - 0x00007ffc989d9000 	C:\WINDOWS\SYSTEM32\dbgcore.DLL
0x00007ffcadca0000 - 0x00007ffcadd39000 	C:\WINDOWS\System32\bcryptPrimitives.dll
0x00007ffc9bd30000 - 0x00007ffc9bd3f000 	c:\Users\MSI\.vscode\extensions\redhat.java-1.41.1-win32-x64\jre\21.0.6-win32-x86_64\bin\instrument.dll
0x00007ffc800c0000 - 0x00007ffc800df000 	c:\Users\MSI\.vscode\extensions\redhat.java-1.41.1-win32-x64\jre\21.0.6-win32-x86_64\bin\java.dll
0x00007ffcb0160000 - 0x00007ffcb0889000 	C:\WINDOWS\System32\SHELL32.dll
0x00007ffcadd40000 - 0x00007ffcadea8000 	C:\WINDOWS\System32\wintypes.dll
0x00007ffcab7e0000 - 0x00007ffcac032000 	C:\WINDOWS\SYSTEM32\windows.storage.dll
0x00007ffcb0050000 - 0x00007ffcb013d000 	C:\WINDOWS\System32\SHCORE.dll
0x00007ffcb0890000 - 0x00007ffcb08f4000 	C:\WINDOWS\System32\shlwapi.dll
0x00007ffcada70000 - 0x00007ffcada9f000 	C:\WINDOWS\SYSTEM32\profapi.dll
0x00007ffc7ec20000 - 0x00007ffc7ec38000 	c:\Users\MSI\.vscode\extensions\redhat.java-1.41.1-win32-x64\jre\21.0.6-win32-x86_64\bin\zip.dll
0x00007ffc93820000 - 0x00007ffc93830000 	C:\Users\MSI\.vscode\extensions\redhat.java-1.41.1-win32-x64\jre\21.0.6-win32-x86_64\bin\net.dll
0x00007ffca79e0000 - 0x00007ffca7afd000 	C:\WINDOWS\SYSTEM32\WINHTTP.dll
0x00007ffcace90000 - 0x00007ffcacefa000 	C:\WINDOWS\system32\mswsock.dll
0x00007ffc7bd10000 - 0x00007ffc7bd26000 	C:\Users\MSI\.vscode\extensions\redhat.java-1.41.1-win32-x64\jre\21.0.6-win32-x86_64\bin\nio.dll
0x00007ffc89910000 - 0x00007ffc89920000 	c:\Users\MSI\.vscode\extensions\redhat.java-1.41.1-win32-x64\jre\21.0.6-win32-x86_64\bin\verify.dll
0x00007ffc84ca0000 - 0x00007ffc84ce5000 	C:\Users\MSI\AppData\Roaming\Code\User\globalStorage\redhat.java\1.41.1\config_win\org.eclipse.equinox.launcher\org.eclipse.equinox.launcher.win32.win32.x86_64_1.2.1300.v20250331-1702\eclipse_11911.dll
0x00007ffcaeaf0000 - 0x00007ffcaec86000 	C:\WINDOWS\System32\ole32.dll
0x00007ffcad130000 - 0x00007ffcad14c000 	C:\WINDOWS\SYSTEM32\CRYPTSP.dll
0x00007ffcac8d0000 - 0x00007ffcac90a000 	C:\WINDOWS\system32\rsaenh.dll
0x00007ffcacf30000 - 0x00007ffcacf5b000 	C:\WINDOWS\SYSTEM32\USERENV.dll
0x00007ffcada40000 - 0x00007ffcada66000 	C:\WINDOWS\SYSTEM32\bcrypt.dll
0x00007ffcad150000 - 0x00007ffcad15c000 	C:\WINDOWS\SYSTEM32\CRYPTBASE.dll
0x00007ffcac3b0000 - 0x00007ffcac3e3000 	C:\WINDOWS\SYSTEM32\IPHLPAPI.DLL
0x00007ffcb0900000 - 0x00007ffcb090a000 	C:\WINDOWS\System32\NSI.dll
0x00007ffc5aca0000 - 0x00007ffc5ace9000 	C:\Users\MSI\AppData\Local\Temp\jna-76643\jna10050323180453575175.dll
0x00007ffcafa60000 - 0x00007ffcafa68000 	C:\WINDOWS\System32\PSAPI.DLL
0x00007ffca7c30000 - 0x00007ffca7c4f000 	C:\WINDOWS\SYSTEM32\dhcpcsvc6.DLL
0x00007ffca7b60000 - 0x00007ffca7b85000 	C:\WINDOWS\SYSTEM32\dhcpcsvc.DLL

dbghelp: loaded successfully - version: 4.0.5 - missing functions: none
symbol engine: initialized successfully - sym options: 0x614 - pdb path: .;c:\Users\MSI\.vscode\extensions\redhat.java-1.41.1-win32-x64\jre\21.0.6-win32-x86_64\bin;C:\WINDOWS\SYSTEM32;C:\WINDOWS\WinSxS\amd64_microsoft.windows.common-controls_6595b64144ccf1df_6.0.26100.3624_none_3e086962e3345f24;c:\Users\MSI\.vscode\extensions\redhat.java-1.41.1-win32-x64\jre\21.0.6-win32-x86_64\bin\server;C:\Users\MSI\AppData\Roaming\Code\User\globalStorage\redhat.java\1.41.1\config_win\org.eclipse.equinox.launcher\org.eclipse.equinox.launcher.win32.win32.x86_64_1.2.1300.v20250331-1702;C:\Users\MSI\AppData\Local\Temp\jna-76643

VM Arguments:
jvm_args: --add-modules=ALL-SYSTEM --add-opens=java.base/java.util=ALL-UNNAMED --add-opens=java.base/java.lang=ALL-UNNAMED --add-opens=java.base/sun.nio.fs=ALL-UNNAMED -Declipse.application=org.eclipse.jdt.ls.core.id1 -Dosgi.bundles.defaultStartLevel=4 -Declipse.product=org.eclipse.jdt.ls.core.product -Djava.import.generatesMetadataFilesAtProjectRoot=false -DDetectVMInstallationsJob.disabled=true -Dfile.encoding=utf8 -XX:+UseParallelGC -XX:GCTimeRatio=4 -XX:AdaptiveSizePolicyWeight=90 -Dsun.zip.disableMemoryMapping=true -Xmx1G -Xms100m -Xlog:disable -javaagent:c:\Users\MSI\.vscode\extensions\redhat.java-1.41.1-win32-x64\lombok\lombok-1.18.36.jar -XX:+HeapDumpOnOutOfMemoryError -XX:HeapDumpPath=c:\Users\MSI\AppData\Roaming\Code\User\workspaceStorage\3815725e1ac4c6c69b70af32f7c49045\redhat.java -Daether.dependencyCollector.impl=bf 
java_command: c:\Users\MSI\.vscode\extensions\redhat.java-1.41.1-win32-x64\server\plugins\org.eclipse.equinox.launcher_1.7.0.v20250331-1702.jar -configuration c:\Users\MSI\AppData\Roaming\Code\User\globalStorage\redhat.java\1.41.1\config_win -data c:\Users\MSI\AppData\Roaming\Code\User\workspaceStorage\3815725e1ac4c6c69b70af32f7c49045\redhat.java\jdt_ws --pipe=\\.\pipe\lsp-33f65179cfbeb66bb5a3c59dcd98dbf7-sock
java_class_path (initial): c:\Users\MSI\.vscode\extensions\redhat.java-1.41.1-win32-x64\server\plugins\org.eclipse.equinox.launcher_1.7.0.v20250331-1702.jar
Launcher Type: SUN_STANDARD

[Global flags]
    uintx AdaptiveSizePolicyWeight                 = 90                                        {product} {command line}
     intx CICompilerCount                          = 12                                        {product} {ergonomic}
    uintx GCTimeRatio                              = 4                                         {product} {command line}
     bool HeapDumpOnOutOfMemoryError               = true                                   {manageable} {command line}
    ccstr HeapDumpPath                             = c:\Users\MSI\AppData\Roaming\Code\User\workspaceStorage\3815725e1ac4c6c69b70af32f7c49045\redhat.java         {manageable} {command line}
   size_t InitialHeapSize                          = 104857600                                 {product} {command line}
   size_t MaxHeapSize                              = 1073741824                                {product} {command line}
   size_t MaxNewSize                               = 357564416                                 {product} {ergonomic}
   size_t MinHeapDeltaBytes                        = 524288                                    {product} {ergonomic}
   size_t MinHeapSize                              = 104857600                                 {product} {command line}
   size_t NewSize                                  = 34603008                                  {product} {ergonomic}
    uintx NonNMethodCodeHeapSize                   = 7602480                                {pd product} {ergonomic}
    uintx NonProfiledCodeHeapSize                  = 122027880                              {pd product} {ergonomic}
   size_t OldSize                                  = 70254592                                  {product} {ergonomic}
    uintx ProfiledCodeHeapSize                     = 122027880                              {pd product} {ergonomic}
    uintx ReservedCodeCacheSize                    = 251658240                              {pd product} {ergonomic}
     bool SegmentedCodeCache                       = true                                      {product} {ergonomic}
   size_t SoftMaxHeapSize                          = 1073741824                             {manageable} {ergonomic}
     bool UseCompressedOops                        = true                           {product lp64_product} {ergonomic}
     bool UseLargePagesIndividualAllocation        = false                                  {pd product} {ergonomic}
     bool UseParallelGC                            = true                                      {product} {command line}

Logging:
Log output configuration:
 #0: stdout all=off uptime,level,tags foldmultilines=false
 #1: stderr all=off uptime,level,tags foldmultilines=false

Environment Variables:
JAVA_HOME=C:\Program Files\Java\jdk-17
PATH=C:\Program Files\Common Files\Oracle\Java\javapath;C:\Program Files (x86)\VMware\VMware Workstation\bin\;C:\Program Files\Microsoft MPI\Bin\;C:\WINDOWS\system32;C:\WINDOWS;C:\WINDOWS\System32\Wbem;C:\WINDOWS\System32\WindowsPowerShell\v1.0\;C:\WINDOWS\System32\OpenSSH\;C:\Program Files\nodejs\;C:\Program Files (x86)\Microsoft SQL Server\160\Tools\Binn\;C:\Program Files\Microsoft SQL Server\160\Tools\Binn\;C:\Program Files\Microsoft SQL Server\Client SDK\ODBC\170\Tools\Binn\;C:\Program Files\Microsoft SQL Server\160\DTS\Binn\;C:\Program Files (x86)\Microsoft SQL Server\160\DTS\Binn\;C:\Program Files\Git LFS;C:\Program Files\Git\cmd;C:\Program Files\PowerShell\7\;C:\Program Files\Java\jdk-17\bin;C:\Program Files\MySQL\MySQL Shell 8.0\bin\;C:\Users\MSI\AppData\Local\Programs\Python\Python313;C:\Users\MSI\AppData\Local\Microsoft\WindowsApps;C:\Users\MSI\AppData\Local\Programs\Microsoft VS Code\bin;C:\Users\MSI\AppData\Roaming\npm;C:\Program Files\JetBrains\IntelliJ IDEA 2024.3.1.1\bin;;
USERNAME=MSI
OS=Windows_NT
PROCESSOR_IDENTIFIER=AMD64 Family 25 Model 80 Stepping 0, AuthenticAMD
TMP=C:\Users\MSI\AppData\Local\Temp
TEMP=C:\Users\MSI\AppData\Local\Temp




Periodic native trim disabled

---------------  S Y S T E M  ---------------

OS:
 Windows 11 , 64 bit Build 26100 (10.0.26100.3775)
OS uptime: 0 days 0:08 hours
Hyper-V role detected

CPU: total 16 (initial active 16) (16 cores per cpu, 2 threads per core) family 25 model 80 stepping 0 microcode 0xa50000c, cx8, cmov, fxsr, ht, mmx, 3dnowpref, sse, sse2, sse3, ssse3, sse4a, sse4.1, sse4.2, popcnt, lzcnt, tsc, tscinvbit, avx, avx2, aes, erms, clmul, bmi1, bmi2, adx, sha, fma, vzeroupper, clflush, clflushopt, hv, rdtscp, rdpid, fsrm, f16c, cet_ss
Processor Information for the first 16 processors :
  Max Mhz: 3201, Current Mhz: 3201, Mhz Limit: 3201

Memory: 4k page, system-wide physical 15752M (4574M free)
TotalPageFile size 15752M (AvailPageFile size 26M)
current process WorkingSet (physical memory assigned to process): 782M, peak: 782M
current process commit charge ("private bytes"): 725M, peak: 726M

vm_info: OpenJDK 64-Bit Server VM (21.0.6+7-LTS) for windows-amd64 JRE (21.0.6+7-LTS), built on 2025-01-21T00:00:00Z by "admin" with MS VC++ 17.7 (VS2022)

END.
