#
# There is insufficient memory for the Java Runtime Environment to continue.
# Native memory allocation (malloc) failed to allocate 32744 bytes. Error detail: Chunk::new
# Possible reasons:
#   The system is out of physical RAM or swap space
#   This process is running with CompressedOops enabled, and the Java Heap may be blocking the growth of the native heap
# Possible solutions:
#   Reduce memory load on the system
#   Increase physical memory or swap space
#   Check if swap backing store is full
#   Decrease Java heap size (-Xmx/-Xms)
#   Decrease number of Java threads
#   Decrease Java thread stack sizes (-Xss)
#   Set larger code cache with -XX:ReservedCodeCacheSize=
#   JVM is running with Unscaled Compressed Oops mode in which the Java heap is
#     placed in the first 4GB address space. The Java Heap base address is the
#     maximum limit for the native heap growth. Please use -XX:HeapBaseMinAddress
#     to set the Java Heap base and to place the Java Heap above 4GB virtual address.
# This output file may be truncated or incomplete.
#
#  Out of Memory Error (arena.cpp:168), pid=16272, tid=11236
#
# JRE version: OpenJDK Runtime Environment Temurin-21.0.6+7 (21.0.6+7) (build 21.0.6+7-LTS)
# Java VM: OpenJDK 64-Bit Server VM Temurin-21.0.6+7 (21.0.6+7-LTS, mixed mode, sharing, tiered, compressed oops, compressed class ptrs, parallel gc, windows-amd64)
# No core dump will be written. Minidumps are not enabled by default on client versions of Windows
#

---------------  S U M M A R Y ------------

Command Line: --add-modules=ALL-SYSTEM --add-opens=java.base/java.util=ALL-UNNAMED --add-opens=java.base/java.lang=ALL-UNNAMED --add-opens=java.base/sun.nio.fs=ALL-UNNAMED -Declipse.application=org.eclipse.jdt.ls.core.id1 -Dosgi.bundles.defaultStartLevel=4 -Declipse.product=org.eclipse.jdt.ls.core.product -Djava.import.generatesMetadataFilesAtProjectRoot=false -DDetectVMInstallationsJob.disabled=true -Dfile.encoding=utf8 -XX:+UseParallelGC -XX:GCTimeRatio=4 -XX:AdaptiveSizePolicyWeight=90 -Dsun.zip.disableMemoryMapping=true -Xmx1G -Xms100m -Xlog:disable -javaagent:c:\Users\MSI\.vscode\extensions\redhat.java-1.41.1-win32-x64\lombok\lombok-1.18.36.jar -XX:+HeapDumpOnOutOfMemoryError -XX:HeapDumpPath=c:\Users\MSI\AppData\Roaming\Code\User\workspaceStorage\3815725e1ac4c6c69b70af32f7c49045\redhat.java -Daether.dependencyCollector.impl=bf c:\Users\MSI\.vscode\extensions\redhat.java-1.41.1-win32-x64\server\plugins\org.eclipse.equinox.launcher_1.7.0.v20250331-1702.jar -configuration c:\Users\MSI\AppData\Roaming\Code\User\globalStorage\redhat.java\1.41.1\config_win -data c:\Users\MSI\AppData\Roaming\Code\User\workspaceStorage\3815725e1ac4c6c69b70af32f7c49045\redhat.java\jdt_ws --pipe=\\.\pipe\lsp-1b3330fc083de575cd591c5c64d99de5-sock

Host: AMD Ryzen 7 5800H with Radeon Graphics         , 16 cores, 15G,  Windows 11 , 64 bit Build 26100 (10.0.26100.3912)
Time: Tue May  6 17:56:37 2025 SE Asia Standard Time elapsed time: 38.406350 seconds (0d 0h 0m 38s)

---------------  T H R E A D  ---------------

Current thread (0x00000277716c9d20):  JavaThread "C2 CompilerThread0" daemon [_thread_in_native, id=11236, stack(0x000000d49be00000,0x000000d49bf00000) (1024K)]


Current CompileTask:
C2:38406 15599   !   4       org.eclipse.jdt.internal.core.search.indexing.BinaryIndexer::indexDocument (1204 bytes)

Stack: [0x000000d49be00000,0x000000d49bf00000]
Native frames: (J=compiled Java code, j=interpreted, Vv=VM code, C=native code)
V  [jvm.dll+0x6cdee9]
V  [jvm.dll+0x8a83d1]
V  [jvm.dll+0x8aa8fe]
V  [jvm.dll+0x8aafe3]
V  [jvm.dll+0x27f706]
V  [jvm.dll+0xc500d]
V  [jvm.dll+0xc5543]
V  [jvm.dll+0x865c27]
V  [jvm.dll+0x866337]
V  [jvm.dll+0x85fccd]
V  [jvm.dll+0x86d8da]
V  [jvm.dll+0x86c93f]
V  [jvm.dll+0x1db189]
V  [jvm.dll+0x6f761a]
V  [jvm.dll+0x6f5a83]
V  [jvm.dll+0x6143bd]
V  [jvm.dll+0x2499c5]
V  [jvm.dll+0x246ec4]
V  [jvm.dll+0x1c75ee]
V  [jvm.dll+0x25685a]
V  [jvm.dll+0x254dfa]
V  [jvm.dll+0x3f0256]
V  [jvm.dll+0x851f8b]
V  [jvm.dll+0x6cc5ed]
C  [ucrtbase.dll+0x37b0]
C  [KERNEL32.DLL+0x2e8d7]
C  [ntdll.dll+0x9c5dc]


---------------  P R O C E S S  ---------------

Threads class SMR info:
_java_thread_list=0x0000027711c87d90, length=92, elements={
0x000002771ab1cb10, 0x00000277716b3fd0, 0x00000277716b84a0, 0x00000277716ba480,
0x00000277716bb0d0, 0x00000277716bc710, 0x00000277716c3d90, 0x00000277716c9d20,
0x00000277716ce3c0, 0x000002771ab88750, 0x0000027771a44bf0, 0x00000277773f4470,
0x0000027777ad0130, 0x0000027777730570, 0x0000027777c4e270, 0x00000277783c8070,
0x0000027777d10660, 0x0000027777faf800, 0x0000027777faddc0, 0x0000027777faf170,
0x0000027777fafe90, 0x0000027777fad730, 0x0000027777fb0520, 0x0000027777fae450,
0x0000027777fb0bb0, 0x0000027777faeae0, 0x0000027779b9bae0, 0x0000027779b9e240,
0x0000027779b9e8d0, 0x0000027779b9c800, 0x0000027779b9b450, 0x0000027779b9ce90,
0x0000027779b9ef60, 0x0000027779b9f5f0, 0x0000027779b9c170, 0x0000027779ba0310,
0x0000027779ba09a0, 0x0000027779b9fc80, 0x0000027779b9d520, 0x0000027779ba1030,
0x0000027779b9dbb0, 0x0000027779ba16c0, 0x0000027779ba2a70, 0x0000027779ba23e0,
0x0000027779ba1d50, 0x000002777a2336d0, 0x000002777a231600, 0x000002777a232320,
0x000002777a230f70, 0x000002777a233d60, 0x000002777a2308e0, 0x000002777a2329b0,
0x000002777a2343f0, 0x000002777a234a80, 0x000002777a235110, 0x000002777a231c90,
0x000002777a2371e0, 0x000002777a2364c0, 0x000002777a235e30, 0x000002777a2357a0,
0x000002777a236b50, 0x000002777a237870, 0x000002777a237f00, 0x000002777ead18d0,
0x000002777ead2c80, 0x000002777ead1f60, 0x000002777ead25f0, 0x000002777ead3310,
0x000002777ead39a0, 0x000002777ead4030, 0x000002777ead0bb0, 0x000002777ead46c0,
0x000002777ead1240, 0x000002777ead7b40, 0x000002777ead81d0, 0x000002777ead6790,
0x000002777ead4d50, 0x000002777ead6100, 0x000002777ead6e20, 0x000002777ead74b0,
0x000002777ead5a70, 0x0000027779b95b90, 0x0000027779b94150, 0x0000027779b947e0,
0x0000027779b96220, 0x0000027779b94e70, 0x0000027779b93ac0, 0x0000027779b968b0,
0x0000027779b93430, 0x0000027779b97c60, 0x0000027779b975d0, 0x0000027779b98980
}

Java Threads: ( => current thread )
  0x000002771ab1cb10 JavaThread "main"                              [_thread_blocked, id=15080, stack(0x000000d49b400000,0x000000d49b500000) (1024K)]
  0x00000277716b3fd0 JavaThread "Reference Handler"          daemon [_thread_blocked, id=10424, stack(0x000000d49b800000,0x000000d49b900000) (1024K)]
  0x00000277716b84a0 JavaThread "Finalizer"                  daemon [_thread_blocked, id=22524, stack(0x000000d49b900000,0x000000d49ba00000) (1024K)]
  0x00000277716ba480 JavaThread "Signal Dispatcher"          daemon [_thread_blocked, id=16536, stack(0x000000d49ba00000,0x000000d49bb00000) (1024K)]
  0x00000277716bb0d0 JavaThread "Attach Listener"            daemon [_thread_blocked, id=3520, stack(0x000000d49bb00000,0x000000d49bc00000) (1024K)]
  0x00000277716bc710 JavaThread "Service Thread"             daemon [_thread_blocked, id=18292, stack(0x000000d49bc00000,0x000000d49bd00000) (1024K)]
  0x00000277716c3d90 JavaThread "Monitor Deflation Thread"   daemon [_thread_blocked, id=8868, stack(0x000000d49bd00000,0x000000d49be00000) (1024K)]
=>0x00000277716c9d20 JavaThread "C2 CompilerThread0"         daemon [_thread_in_native, id=11236, stack(0x000000d49be00000,0x000000d49bf00000) (1024K)]
  0x00000277716ce3c0 JavaThread "C1 CompilerThread0"         daemon [_thread_blocked, id=5964, stack(0x000000d49bf00000,0x000000d49c000000) (1024K)]
  0x000002771ab88750 JavaThread "Common-Cleaner"             daemon [_thread_blocked, id=18364, stack(0x000000d49c000000,0x000000d49c100000) (1024K)]
  0x0000027771a44bf0 JavaThread "Notification Thread"        daemon [_thread_blocked, id=19284, stack(0x000000d49c500000,0x000000d49c600000) (1024K)]
  0x00000277773f4470 JavaThread "Active Thread: Equinox Container: 0b65dc6c-0a3f-4a99-818e-fb6d1875605a"        [_thread_blocked, id=24568, stack(0x000000d49ce00000,0x000000d49cf00000) (1024K)]
  0x0000027777ad0130 JavaThread "Refresh Thread: Equinox Container: 0b65dc6c-0a3f-4a99-818e-fb6d1875605a" daemon [_thread_blocked, id=22000, stack(0x000000d49d100000,0x000000d49d200000) (1024K)]
  0x0000027777730570 JavaThread "Framework Event Dispatcher: Equinox Container: 0b65dc6c-0a3f-4a99-818e-fb6d1875605a" daemon [_thread_blocked, id=10596, stack(0x000000d49d200000,0x000000d49d300000) (1024K)]
  0x0000027777c4e270 JavaThread "Start Level: Equinox Container: 0b65dc6c-0a3f-4a99-818e-fb6d1875605a" daemon [_thread_blocked, id=9972, stack(0x000000d49d300000,0x000000d49d400000) (1024K)]
  0x00000277783c8070 JavaThread "Bundle File Closer"         daemon [_thread_blocked, id=10540, stack(0x000000d49cd00000,0x000000d49ce00000) (1024K)]
  0x0000027777d10660 JavaThread "SCR Component Actor"        daemon [_thread_blocked, id=15500, stack(0x000000d49d600000,0x000000d49d700000) (1024K)]
  0x0000027777faf800 JavaThread "Worker-JM"                         [_thread_blocked, id=2828, stack(0x000000d49d900000,0x000000d49da00000) (1024K)]
  0x0000027777faddc0 JavaThread "JNA Cleaner"                daemon [_thread_blocked, id=16276, stack(0x000000d49c600000,0x000000d49c700000) (1024K)]
  0x0000027777faf170 JavaThread "Worker-0"                          [_thread_blocked, id=12916, stack(0x000000d49db00000,0x000000d49dc00000) (1024K)]
  0x0000027777fafe90 JavaThread "Worker-1"                          [_thread_blocked, id=23100, stack(0x000000d49dc00000,0x000000d49dd00000) (1024K)]
  0x0000027777fad730 JavaThread "Java indexing"              daemon [_thread_in_native, id=7120, stack(0x000000d49de00000,0x000000d49df00000) (1024K)]
  0x0000027777fb0520 JavaThread "Worker-2"                          [_thread_blocked, id=22376, stack(0x000000d49e100000,0x000000d49e200000) (1024K)]
  0x0000027777fae450 JavaThread "Worker-3: Java indexing... "        [_thread_blocked, id=13452, stack(0x000000d49e200000,0x000000d49e300000) (1024K)]
  0x0000027777fb0bb0 JavaThread "Worker-4"                          [_thread_blocked, id=7632, stack(0x000000d49e300000,0x000000d49e400000) (1024K)]
  0x0000027777faeae0 JavaThread "Thread-2"                   daemon [_thread_in_native, id=5780, stack(0x000000d49e400000,0x000000d49e500000) (1024K)]
  0x0000027779b9bae0 JavaThread "Thread-3"                   daemon [_thread_in_native, id=8512, stack(0x000000d49e500000,0x000000d49e600000) (1024K)]
  0x0000027779b9e240 JavaThread "Thread-4"                   daemon [_thread_in_native, id=17412, stack(0x000000d49e600000,0x000000d49e700000) (1024K)]
  0x0000027779b9e8d0 JavaThread "Thread-5"                   daemon [_thread_in_native, id=2980, stack(0x000000d49e700000,0x000000d49e800000) (1024K)]
  0x0000027779b9c800 JavaThread "Thread-6"                   daemon [_thread_in_native, id=5224, stack(0x000000d49e800000,0x000000d49e900000) (1024K)]
  0x0000027779b9b450 JavaThread "Thread-7"                   daemon [_thread_in_native, id=6796, stack(0x000000d49e900000,0x000000d49ea00000) (1024K)]
  0x0000027779b9ce90 JavaThread "Thread-8"                   daemon [_thread_in_native, id=17600, stack(0x000000d49ea00000,0x000000d49eb00000) (1024K)]
  0x0000027779b9ef60 JavaThread "Thread-9"                   daemon [_thread_in_native, id=12504, stack(0x000000d49eb00000,0x000000d49ec00000) (1024K)]
  0x0000027779b9f5f0 JavaThread "Thread-10"                  daemon [_thread_in_native, id=11960, stack(0x000000d49ec00000,0x000000d49ed00000) (1024K)]
  0x0000027779b9c170 JavaThread "Thread-11"                  daemon [_thread_in_native, id=21676, stack(0x000000d49ed00000,0x000000d49ee00000) (1024K)]
  0x0000027779ba0310 JavaThread "Thread-12"                  daemon [_thread_in_native, id=20280, stack(0x000000d49ee00000,0x000000d49ef00000) (1024K)]
  0x0000027779ba09a0 JavaThread "Thread-13"                  daemon [_thread_in_native, id=2748, stack(0x000000d49ef00000,0x000000d49f000000) (1024K)]
  0x0000027779b9fc80 JavaThread "Thread-14"                  daemon [_thread_in_native, id=2440, stack(0x000000d49f000000,0x000000d49f100000) (1024K)]
  0x0000027779b9d520 JavaThread "Thread-15"                  daemon [_thread_in_native, id=23012, stack(0x000000d49f100000,0x000000d49f200000) (1024K)]
  0x0000027779ba1030 JavaThread "Thread-16"                  daemon [_thread_in_native, id=14352, stack(0x000000d49f200000,0x000000d49f300000) (1024K)]
  0x0000027779b9dbb0 JavaThread "Thread-17"                  daemon [_thread_in_native, id=14492, stack(0x000000d49f300000,0x000000d49f400000) (1024K)]
  0x0000027779ba16c0 JavaThread "Thread-18"                  daemon [_thread_in_native, id=24560, stack(0x000000d49f400000,0x000000d49f500000) (1024K)]
  0x0000027779ba2a70 JavaThread "pool-2-thread-1"                   [_thread_blocked, id=17436, stack(0x000000d49f500000,0x000000d49f600000) (1024K)]
  0x0000027779ba23e0 JavaThread "Worker-5"                          [_thread_blocked, id=14632, stack(0x000000d49fc00000,0x000000d49fd00000) (1024K)]
  0x0000027779ba1d50 JavaThread "Worker-6"                          [_thread_blocked, id=6424, stack(0x000000d49fd00000,0x000000d49fe00000) (1024K)]
  0x000002777a2336d0 JavaThread "WorkspaceEventsHandler"            [_thread_blocked, id=16216, stack(0x000000d49fe00000,0x000000d49ff00000) (1024K)]
  0x000002777a231600 JavaThread "pool-1-thread-1"                   [_thread_blocked, id=13220, stack(0x000000d49ff00000,0x000000d4a0000000) (1024K)]
  0x000002777a232320 JavaThread "LocalFile Deleter"          daemon [_thread_blocked, id=24184, stack(0x000000d4a0100000,0x000000d4a0200000) (1024K)]
  0x000002777a230f70 JavaThread "Compiler Source File Reader" daemon [_thread_blocked, id=2140, stack(0x000000d4a0200000,0x000000d4a0300000) (1024K)]
  0x000002777a233d60 JavaThread "Compiler Processing Task"   daemon [_thread_blocked, id=8584, stack(0x000000d49d700000,0x000000d49d800000) (1024K)]
  0x000002777a2308e0 JavaThread "Compiler Class File Writer" daemon [_thread_blocked, id=6992, stack(0x000000d49f800000,0x000000d49f900000) (1024K)]
  0x000002777a2329b0 JavaThread "LocalFile Deleter"          daemon [_thread_blocked, id=23240, stack(0x000000d4a0300000,0x000000d4a0400000) (1024K)]
  0x000002777a2343f0 JavaThread "LocalFile Deleter"          daemon [_thread_blocked, id=5052, stack(0x000000d4a0400000,0x000000d4a0500000) (1024K)]
  0x000002777a234a80 JavaThread "LocalFile Deleter"          daemon [_thread_blocked, id=14856, stack(0x000000d4a0500000,0x000000d4a0600000) (1024K)]
  0x000002777a235110 JavaThread "LocalFile Deleter"          daemon [_thread_blocked, id=8812, stack(0x000000d4a0600000,0x000000d4a0700000) (1024K)]
  0x000002777a231c90 JavaThread "LocalFile Deleter"          daemon [_thread_blocked, id=19864, stack(0x000000d4a0700000,0x000000d4a0800000) (1024K)]
  0x000002777a2371e0 JavaThread "LocalFile Deleter"          daemon [_thread_blocked, id=8996, stack(0x000000d4a0800000,0x000000d4a0900000) (1024K)]
  0x000002777a2364c0 JavaThread "LocalFile Deleter"          daemon [_thread_blocked, id=996, stack(0x000000d4a0900000,0x000000d4a0a00000) (1024K)]
  0x000002777a235e30 JavaThread "LocalFile Deleter"          daemon [_thread_blocked, id=11848, stack(0x000000d4a0a00000,0x000000d4a0b00000) (1024K)]
  0x000002777a2357a0 JavaThread "LocalFile Deleter"          daemon [_thread_blocked, id=14056, stack(0x000000d4a0b00000,0x000000d4a0c00000) (1024K)]
  0x000002777a236b50 JavaThread "LocalFile Deleter"          daemon [_thread_blocked, id=2100, stack(0x000000d4a0c00000,0x000000d4a0d00000) (1024K)]
  0x000002777a237870 JavaThread "LocalFile Deleter"          daemon [_thread_blocked, id=7820, stack(0x000000d4a0d00000,0x000000d4a0e00000) (1024K)]
  0x000002777a237f00 JavaThread "LocalFile Deleter"          daemon [_thread_blocked, id=20484, stack(0x000000d4a0e00000,0x000000d4a0f00000) (1024K)]
  0x000002777ead18d0 JavaThread "LocalFile Deleter"          daemon [_thread_blocked, id=23176, stack(0x000000d4a0f00000,0x000000d4a1000000) (1024K)]
  0x000002777ead2c80 JavaThread "LocalFile Deleter"          daemon [_thread_blocked, id=21040, stack(0x000000d4a1000000,0x000000d4a1100000) (1024K)]
  0x000002777ead1f60 JavaThread "LocalFile Deleter"          daemon [_thread_blocked, id=18960, stack(0x000000d4a1100000,0x000000d4a1200000) (1024K)]
  0x000002777ead25f0 JavaThread "Compiler Source File Reader" daemon [_thread_blocked, id=20684, stack(0x000000d4a1200000,0x000000d4a1300000) (1024K)]
  0x000002777ead3310 JavaThread "Compiler Source File Reader" daemon [_thread_blocked, id=8352, stack(0x000000d4a1300000,0x000000d4a1400000) (1024K)]
  0x000002777ead39a0 JavaThread "Compiler Source File Reader" daemon [_thread_blocked, id=10404, stack(0x000000d4a1400000,0x000000d4a1500000) (1024K)]
  0x000002777ead4030 JavaThread "Compiler Source File Reader" daemon [_thread_blocked, id=12424, stack(0x000000d4a1500000,0x000000d4a1600000) (1024K)]
  0x000002777ead0bb0 JavaThread "Compiler Source File Reader" daemon [_thread_blocked, id=24452, stack(0x000000d4a1600000,0x000000d4a1700000) (1024K)]
  0x000002777ead46c0 JavaThread "Compiler Source File Reader" daemon [_thread_blocked, id=23844, stack(0x000000d4a1700000,0x000000d4a1800000) (1024K)]
  0x000002777ead1240 JavaThread "Compiler Source File Reader" daemon [_thread_blocked, id=21020, stack(0x000000d4a1800000,0x000000d4a1900000) (1024K)]
  0x000002777ead7b40 JavaThread "Compiler Source File Reader" daemon [_thread_blocked, id=21544, stack(0x000000d4a1900000,0x000000d4a1a00000) (1024K)]
  0x000002777ead81d0 JavaThread "Compiler Source File Reader" daemon [_thread_blocked, id=15900, stack(0x000000d4a1a00000,0x000000d4a1b00000) (1024K)]
  0x000002777ead6790 JavaThread "Compiler Source File Reader" daemon [_thread_blocked, id=21540, stack(0x000000d4a1b00000,0x000000d4a1c00000) (1024K)]
  0x000002777ead4d50 JavaThread "Compiler Source File Reader" daemon [_thread_blocked, id=5952, stack(0x000000d4a1c00000,0x000000d4a1d00000) (1024K)]
  0x000002777ead6100 JavaThread "Compiler Source File Reader" daemon [_thread_blocked, id=20244, stack(0x000000d4a1d00000,0x000000d4a1e00000) (1024K)]
  0x000002777ead6e20 JavaThread "Compiler Source File Reader" daemon [_thread_blocked, id=3316, stack(0x000000d4a1e00000,0x000000d4a1f00000) (1024K)]
  0x000002777ead74b0 JavaThread "Compiler Class File Writer" daemon [_thread_blocked, id=23040, stack(0x000000d4a2000000,0x000000d4a2100000) (1024K)]
  0x000002777ead5a70 JavaThread "Compiler Class File Writer" daemon [_thread_blocked, id=15288, stack(0x000000d4a2100000,0x000000d4a2200000) (1024K)]
  0x0000027779b95b90 JavaThread "Compiler Class File Writer" daemon [_thread_blocked, id=16704, stack(0x000000d4a2200000,0x000000d4a2300000) (1024K)]
  0x0000027779b94150 JavaThread "Compiler Class File Writer" daemon [_thread_blocked, id=19380, stack(0x000000d4a2300000,0x000000d4a2400000) (1024K)]
  0x0000027779b947e0 JavaThread "Compiler Class File Writer" daemon [_thread_blocked, id=9928, stack(0x000000d4a2400000,0x000000d4a2500000) (1024K)]
  0x0000027779b96220 JavaThread "Compiler Class File Writer" daemon [_thread_blocked, id=18052, stack(0x000000d4a2500000,0x000000d4a2600000) (1024K)]
  0x0000027779b94e70 JavaThread "Compiler Class File Writer" daemon [_thread_blocked, id=16860, stack(0x000000d4a2600000,0x000000d4a2700000) (1024K)]
  0x0000027779b93ac0 JavaThread "Compiler Class File Writer" daemon [_thread_blocked, id=11552, stack(0x000000d4a2700000,0x000000d4a2800000) (1024K)]
  0x0000027779b968b0 JavaThread "Compiler Class File Writer" daemon [_thread_blocked, id=22240, stack(0x000000d4a2800000,0x000000d4a2900000) (1024K)]
  0x0000027779b93430 JavaThread "Compiler Class File Writer" daemon [_thread_blocked, id=8688, stack(0x000000d4a2900000,0x000000d4a2a00000) (1024K)]
  0x0000027779b97c60 JavaThread "Compiler Class File Writer" daemon [_thread_blocked, id=23624, stack(0x000000d4a2a00000,0x000000d4a2b00000) (1024K)]
  0x0000027779b975d0 JavaThread "Compiler Class File Writer" daemon [_thread_blocked, id=12792, stack(0x000000d4a2b00000,0x000000d4a2c00000) (1024K)]
  0x0000027779b98980 JavaThread "Compiler Class File Writer" daemon [_thread_blocked, id=8544, stack(0x000000d4a2c00000,0x000000d4a2d00000) (1024K)]
Total: 92

Other Threads:
  0x000002772eef4920 VMThread "VM Thread"                           [id=10132, stack(0x000000d49b700000,0x000000d49b800000) (1024K)]
  0x000002772edeca00 WatcherThread "VM Periodic Task Thread"        [id=19872, stack(0x000000d49b600000,0x000000d49b700000) (1024K)]
  0x000002771ab3ae80 WorkerThread "GC Thread#0"                     [id=2220, stack(0x000000d49b500000,0x000000d49b600000) (1024K)]
  0x00000277779e7cc0 WorkerThread "GC Thread#1"                     [id=12120, stack(0x000000d49c800000,0x000000d49c900000) (1024K)]
  0x0000027777de1800 WorkerThread "GC Thread#2"                     [id=13444, stack(0x000000d49c900000,0x000000d49ca00000) (1024K)]
  0x0000027777de1ba0 WorkerThread "GC Thread#3"                     [id=3200, stack(0x000000d49ca00000,0x000000d49cb00000) (1024K)]
  0x0000027777db1010 WorkerThread "GC Thread#4"                     [id=17300, stack(0x000000d49cb00000,0x000000d49cc00000) (1024K)]
  0x0000027777db13b0 WorkerThread "GC Thread#5"                     [id=17044, stack(0x000000d49cc00000,0x000000d49cd00000) (1024K)]
  0x0000027777753a40 WorkerThread "GC Thread#6"                     [id=8268, stack(0x000000d49cf00000,0x000000d49d000000) (1024K)]
  0x0000027777753de0 WorkerThread "GC Thread#7"                     [id=12460, stack(0x000000d49d000000,0x000000d49d100000) (1024K)]
  0x0000027777752480 WorkerThread "GC Thread#8"                     [id=13512, stack(0x000000d49d400000,0x000000d49d500000) (1024K)]
  0x0000027777752820 WorkerThread "GC Thread#9"                     [id=22576, stack(0x000000d49d500000,0x000000d49d600000) (1024K)]
  0x000002777798d940 WorkerThread "GC Thread#10"                    [id=12544, stack(0x000000d49c700000,0x000000d49c800000) (1024K)]
  0x000002777798e080 WorkerThread "GC Thread#11"                    [id=21944, stack(0x000000d49d800000,0x000000d49d900000) (1024K)]
  0x000002777798e420 WorkerThread "GC Thread#12"                    [id=19496, stack(0x000000d49da00000,0x000000d49db00000) (1024K)]
Total: 15

Threads with active compile tasks:
C2 CompilerThread0  38444 15599   !   4       org.eclipse.jdt.internal.core.search.indexing.BinaryIndexer::indexDocument (1204 bytes)
Total: 1

VM state: at safepoint (normal execution)

VM Mutex/Monitor currently owned by a thread:  ([mutex/lock_event])
[0x00007ffb72ece380] Threads_lock - owner thread: 0x000002772eef4920
[0x00007ffb72ece480] Heap_lock - owner thread: 0x0000027777fad730

Heap address: 0x00000000c0000000, size: 1024 MB, Compressed Oops mode: 32-bit

CDS archive(s) mapped at: [0x000002772f000000-0x000002772fba0000-0x000002772fba0000), size 12189696, SharedBaseAddress: 0x000002772f000000, ArchiveRelocationMode: 1.
Compressed class space mapped at: 0x0000027730000000-0x0000027770000000, reserved size: 1073741824
Narrow klass base: 0x000002772f000000, Narrow klass shift: 0, Narrow klass range: 0x100000000

GC Precious Log:
 CardTable entry size: 512
 CPUs: 16 total, 16 available
 Memory: 15752M
 Large Page Support: Disabled
 NUMA Support: Disabled
 Compressed Oops: Enabled (32-bit)
 Alignments: Space 512K, Generation 512K, Heap 2M
 Heap Min Capacity: 100M
 Heap Initial Capacity: 100M
 Heap Max Capacity: 1G
 Pre-touch: Disabled
 Parallel Workers: 13

Heap:
 PSYoungGen      total 3072K, used 3030K [0x00000000eab00000, 0x00000000eaf80000, 0x0000000100000000)
  eden space 2560K, 100% used [0x00000000eab00000,0x00000000ead80000,0x00000000ead80000)
  from space 512K, 91% used [0x00000000eaf00000,0x00000000eaf75808,0x00000000eaf80000)
  to   space 1024K, 46% used [0x00000000ead80000,0x00000000eadf8000,0x00000000eae80000)
 ParOldGen       total 502272K, used 502004K [0x00000000c0000000, 0x00000000dea80000, 0x00000000eab00000)
  object space 502272K, 99% used [0x00000000c0000000,0x00000000dea3d0e0,0x00000000dea80000)
 Metaspace       used 70764K, committed 72256K, reserved 1114112K
  class space    used 7082K, committed 7744K, reserved 1048576K

Card table byte_map: [0x000002771a4c0000,0x000002771a6d0000] _byte_map_base: 0x0000027719ec0000

Marking Bits: (ParMarkBitMap*) 0x00007ffb72ed3260
 Begin Bits: [0x000002772cd10000, 0x000002772dd10000)
 End Bits:   [0x000002772dd10000, 0x000002772ed10000)

Polling page: 0x0000027718740000

Metaspace:

Usage:
  Non-class:     62.19 MB used.
      Class:      6.92 MB used.
       Both:     69.11 MB used.

Virtual space:
  Non-class space:       64.00 MB reserved,      63.00 MB ( 98%) committed,  1 nodes.
      Class space:        1.00 GB reserved,       7.56 MB ( <1%) committed,  1 nodes.
             Both:        1.06 GB reserved,      70.56 MB (  6%) committed. 

Chunk freelists:
   Non-Class:  198.00 KB
       Class:  8.48 MB
        Both:  8.68 MB

MaxMetaspaceSize: unlimited
CompressedClassSpaceSize: 1.00 GB
Initial GC threshold: 21.00 MB
Current GC threshold: 117.44 MB
CDS: on
 - commit_granule_bytes: 65536.
 - commit_granule_words: 8192.
 - virtual_space_node_default_size: 8388608.
 - enlarge_chunks_in_place: 1.
 - use_allocation_guard: 0.


Internal statistics:

num_allocs_failed_limit: 9.
num_arena_births: 1326.
num_arena_deaths: 22.
num_vsnodes_births: 2.
num_vsnodes_deaths: 0.
num_space_committed: 1128.
num_space_uncommitted: 0.
num_chunks_returned_to_freelist: 35.
num_chunks_taken_from_freelist: 4618.
num_chunk_merges: 14.
num_chunk_splits: 2741.
num_chunks_enlarged: 1443.
num_inconsistent_stats: 0.

CodeHeap 'non-profiled nmethods': size=119168Kb used=12317Kb max_used=12562Kb free=106850Kb
 bounds [0x00000277258b0000, 0x0000027726510000, 0x000002772cd10000]
CodeHeap 'profiled nmethods': size=119104Kb used=32162Kb max_used=34840Kb free=86942Kb
 bounds [0x000002771dd10000, 0x000002771ff50000, 0x0000027725160000]
CodeHeap 'non-nmethods': size=7488Kb used=1473Kb max_used=3303Kb free=6014Kb
 bounds [0x0000027725160000, 0x00000277254a0000, 0x00000277258b0000]
 total_blobs=14298 nmethods=13511 adapters=691
 compilation: enabled
              stopped_count=0, restarted_count=0
 full_count=0

Compilation events (20 events):
Event: 35.505 Thread 0x00000277716ce3c0 nmethod 15593 0x000002771e96da90 code [0x000002771e96dc60, 0x000002771e96e010]
Event: 35.506 Thread 0x00000277716ce3c0 15594       3       org.eclipse.jdt.internal.core.index.DiskIndex::<init> (22 bytes)
Event: 35.506 Thread 0x00000277716ce3c0 nmethod 15594 0x000002771df15910 code [0x000002771df15ae0, 0x000002771df15d48]
Event: 35.506 Thread 0x00000277716ce3c0 15595       3       org.eclipse.jdt.internal.core.index.DiskIndex::<init> (66 bytes)
Event: 35.506 Thread 0x00000277716ce3c0 nmethod 15595 0x000002771def6310 code [0x000002771def64c0, 0x000002771def66d0]
Event: 35.545 Thread 0x00000277716c9d20 15596       4       java.nio.charset.CoderResult::isOverflow (14 bytes)
Event: 35.545 Thread 0x00000277716c9d20 nmethod 15596 0x0000027725a6bc10 code [0x0000027725a6bda0, 0x0000027725a6be38]
Event: 35.797 Thread 0x00000277716c9d20 15597       4       org.eclipse.jdt.internal.compiler.classfmt.MethodInfo::createMethod (710 bytes)
Event: 35.936 Thread 0x00000277716c9d20 nmethod 15597 0x0000027725b0c990 code [0x0000027725b0cca0, 0x0000027725b0fa70]
Event: 35.937 Thread 0x00000277716c9d20 15599   !   4       org.eclipse.jdt.internal.core.search.indexing.BinaryIndexer::indexDocument (1204 bytes)
Event: 36.202 Thread 0x00000277716ce3c0 15602       3       org.eclipse.jdt.internal.core.index.FileIndexLocation::createNewFile (32 bytes)
Event: 36.203 Thread 0x00000277716ce3c0 nmethod 15602 0x000002771e143c90 code [0x000002771e143ec0, 0x000002771e144478]
Event: 36.236 Thread 0x00000277716ce3c0 15603       3       org.eclipse.jdt.internal.core.index.Index::hasChanged (8 bytes)
Event: 36.236 Thread 0x00000277716ce3c0 nmethod 15603 0x000002771df1dc10 code [0x000002771df1ddc0, 0x000002771df1df90]
Event: 36.265 Thread 0x00000277716ce3c0 15605   !   3       sun.nio.fs.WindowsFileCopy::asWin32Path (13 bytes)
Event: 36.265 Thread 0x00000277716ce3c0 nmethod 15605 0x000002771eb8e210 code [0x000002771eb8e3e0, 0x000002771eb8e710]
Event: 36.272 Thread 0x00000277716ce3c0 15607       1       org.eclipse.jdt.internal.core.search.indexing.IndexRequest::waitNeeded (2 bytes)
Event: 36.272 Thread 0x00000277716ce3c0 nmethod 15607 0x0000027725d5d690 code [0x0000027725d5d820, 0x0000027725d5d8e8]
Event: 36.280 Thread 0x00000277716ce3c0 15608   !   3       org.eclipse.jdt.internal.core.index.DiskIndex::initialize (486 bytes)
Event: 36.286 Thread 0x00000277716ce3c0 nmethod 15608 0x000002771e70cb10 code [0x000002771e70d140, 0x000002771e70fe18]

GC Heap History (20 events):
Event: 35.928 GC heap before
{Heap before GC invocations=1856 (full 4):
 PSYoungGen      total 3072K, used 3052K [0x00000000eab00000, 0x00000000eaf80000, 0x0000000100000000)
  eden space 2560K, 100% used [0x00000000eab00000,0x00000000ead80000,0x00000000ead80000)
  from space 512K, 96% used [0x00000000eae80000,0x00000000eaefb008,0x00000000eaf00000)
  to   space 1024K, 0% used [0x00000000ead80000,0x00000000ead80000,0x00000000eae80000)
 ParOldGen       total 496640K, used 496222K [0x00000000c0000000, 0x00000000de500000, 0x00000000eab00000)
  object space 496640K, 99% used [0x00000000c0000000,0x00000000de497b58,0x00000000de500000)
 Metaspace       used 70757K, committed 72256K, reserved 1114112K
  class space    used 7082K, committed 7744K, reserved 1048576K
}
Event: 35.930 GC heap after
{Heap after GC invocations=1856 (full 4):
 PSYoungGen      total 3584K, used 512K [0x00000000eab00000, 0x00000000eaf80000, 0x0000000100000000)
  eden space 2560K, 0% used [0x00000000eab00000,0x00000000eab00000,0x00000000ead80000)
  from space 1024K, 50% used [0x00000000ead80000,0x00000000eae00000,0x00000000eae80000)
  to   space 1024K, 0% used [0x00000000eae80000,0x00000000eae80000,0x00000000eaf80000)
 ParOldGen       total 496640K, used 496626K [0x00000000c0000000, 0x00000000de500000, 0x00000000eab00000)
  object space 496640K, 99% used [0x00000000c0000000,0x00000000de4fcb60,0x00000000de500000)
 Metaspace       used 70757K, committed 72256K, reserved 1114112K
  class space    used 7082K, committed 7744K, reserved 1048576K
}
Event: 35.960 GC heap before
{Heap before GC invocations=1857 (full 4):
 PSYoungGen      total 3584K, used 3072K [0x00000000eab00000, 0x00000000eaf80000, 0x0000000100000000)
  eden space 2560K, 100% used [0x00000000eab00000,0x00000000ead80000,0x00000000ead80000)
  from space 1024K, 50% used [0x00000000ead80000,0x00000000eae00000,0x00000000eae80000)
  to   space 1024K, 0% used [0x00000000eae80000,0x00000000eae80000,0x00000000eaf80000)
 ParOldGen       total 496640K, used 496626K [0x00000000c0000000, 0x00000000de500000, 0x00000000eab00000)
  object space 496640K, 99% used [0x00000000c0000000,0x00000000de4fcb60,0x00000000de500000)
 Metaspace       used 70757K, committed 72256K, reserved 1114112K
  class space    used 7082K, committed 7744K, reserved 1048576K
}
Event: 35.962 GC heap after
{Heap after GC invocations=1857 (full 4):
 PSYoungGen      total 3584K, used 512K [0x00000000eab00000, 0x00000000eaf80000, 0x0000000100000000)
  eden space 2560K, 0% used [0x00000000eab00000,0x00000000eab00000,0x00000000ead80000)
  from space 1024K, 50% used [0x00000000eae80000,0x00000000eaf00000,0x00000000eaf80000)
  to   space 1024K, 0% used [0x00000000ead80000,0x00000000ead80000,0x00000000eae80000)
 ParOldGen       total 497152K, used 496970K [0x00000000c0000000, 0x00000000de580000, 0x00000000eab00000)
  object space 497152K, 99% used [0x00000000c0000000,0x00000000de552b60,0x00000000de580000)
 Metaspace       used 70757K, committed 72256K, reserved 1114112K
  class space    used 7082K, committed 7744K, reserved 1048576K
}
Event: 35.990 GC heap before
{Heap before GC invocations=1858 (full 4):
 PSYoungGen      total 3584K, used 3072K [0x00000000eab00000, 0x00000000eaf80000, 0x0000000100000000)
  eden space 2560K, 100% used [0x00000000eab00000,0x00000000ead80000,0x00000000ead80000)
  from space 1024K, 50% used [0x00000000eae80000,0x00000000eaf00000,0x00000000eaf80000)
  to   space 1024K, 0% used [0x00000000ead80000,0x00000000ead80000,0x00000000eae80000)
 ParOldGen       total 497152K, used 496970K [0x00000000c0000000, 0x00000000de580000, 0x00000000eab00000)
  object space 497152K, 99% used [0x00000000c0000000,0x00000000de552b60,0x00000000de580000)
 Metaspace       used 70757K, committed 72256K, reserved 1114112K
  class space    used 7082K, committed 7744K, reserved 1048576K
}
Event: 35.992 GC heap after
{Heap after GC invocations=1858 (full 4):
 PSYoungGen      total 3584K, used 512K [0x00000000eab00000, 0x00000000eaf80000, 0x0000000100000000)
  eden space 2560K, 0% used [0x00000000eab00000,0x00000000eab00000,0x00000000ead80000)
  from space 1024K, 50% used [0x00000000ead80000,0x00000000eae00000,0x00000000eae80000)
  to   space 1024K, 0% used [0x00000000eae80000,0x00000000eae80000,0x00000000eaf80000)
 ParOldGen       total 497664K, used 497314K [0x00000000c0000000, 0x00000000de600000, 0x00000000eab00000)
  object space 497664K, 99% used [0x00000000c0000000,0x00000000de5a8b60,0x00000000de600000)
 Metaspace       used 70757K, committed 72256K, reserved 1114112K
  class space    used 7082K, committed 7744K, reserved 1048576K
}
Event: 36.039 GC heap before
{Heap before GC invocations=1859 (full 4):
 PSYoungGen      total 3584K, used 3072K [0x00000000eab00000, 0x00000000eaf80000, 0x0000000100000000)
  eden space 2560K, 100% used [0x00000000eab00000,0x00000000ead80000,0x00000000ead80000)
  from space 1024K, 50% used [0x00000000ead80000,0x00000000eae00000,0x00000000eae80000)
  to   space 1024K, 0% used [0x00000000eae80000,0x00000000eae80000,0x00000000eaf80000)
 ParOldGen       total 497664K, used 497314K [0x00000000c0000000, 0x00000000de600000, 0x00000000eab00000)
  object space 497664K, 99% used [0x00000000c0000000,0x00000000de5a8b60,0x00000000de600000)
 Metaspace       used 70757K, committed 72256K, reserved 1114112K
  class space    used 7082K, committed 7744K, reserved 1048576K
}
Event: 36.041 GC heap after
{Heap after GC invocations=1859 (full 4):
 PSYoungGen      total 3584K, used 576K [0x00000000eab00000, 0x00000000eaf80000, 0x0000000100000000)
  eden space 2560K, 0% used [0x00000000eab00000,0x00000000eab00000,0x00000000ead80000)
  from space 1024K, 56% used [0x00000000eae80000,0x00000000eaf10000,0x00000000eaf80000)
  to   space 1024K, 0% used [0x00000000ead80000,0x00000000ead80000,0x00000000eae80000)
 ParOldGen       total 498176K, used 497674K [0x00000000c0000000, 0x00000000de680000, 0x00000000eab00000)
  object space 498176K, 99% used [0x00000000c0000000,0x00000000de602b60,0x00000000de680000)
 Metaspace       used 70757K, committed 72256K, reserved 1114112K
  class space    used 7082K, committed 7744K, reserved 1048576K
}
Event: 36.053 GC heap before
{Heap before GC invocations=1860 (full 4):
 PSYoungGen      total 3584K, used 3136K [0x00000000eab00000, 0x00000000eaf80000, 0x0000000100000000)
  eden space 2560K, 100% used [0x00000000eab00000,0x00000000ead80000,0x00000000ead80000)
  from space 1024K, 56% used [0x00000000eae80000,0x00000000eaf10000,0x00000000eaf80000)
  to   space 1024K, 0% used [0x00000000ead80000,0x00000000ead80000,0x00000000eae80000)
 ParOldGen       total 498176K, used 497674K [0x00000000c0000000, 0x00000000de680000, 0x00000000eab00000)
  object space 498176K, 99% used [0x00000000c0000000,0x00000000de602b60,0x00000000de680000)
 Metaspace       used 70757K, committed 72256K, reserved 1114112K
  class space    used 7082K, committed 7744K, reserved 1048576K
}
Event: 36.054 GC heap after
{Heap after GC invocations=1860 (full 4):
 PSYoungGen      total 3584K, used 416K [0x00000000eab00000, 0x00000000eaf00000, 0x0000000100000000)
  eden space 2560K, 0% used [0x00000000eab00000,0x00000000eab00000,0x00000000ead80000)
  from space 1024K, 40% used [0x00000000ead80000,0x00000000eade8000,0x00000000eae80000)
  to   space 512K, 0% used [0x00000000eae80000,0x00000000eae80000,0x00000000eaf00000)
 ParOldGen       total 498176K, used 498016K [0x00000000c0000000, 0x00000000de680000, 0x00000000eab00000)
  object space 498176K, 99% used [0x00000000c0000000,0x00000000de658170,0x00000000de680000)
 Metaspace       used 70757K, committed 72256K, reserved 1114112K
  class space    used 7082K, committed 7744K, reserved 1048576K
}
Event: 36.064 GC heap before
{Heap before GC invocations=1861 (full 4):
 PSYoungGen      total 3584K, used 2976K [0x00000000eab00000, 0x00000000eaf00000, 0x0000000100000000)
  eden space 2560K, 100% used [0x00000000eab00000,0x00000000ead80000,0x00000000ead80000)
  from space 1024K, 40% used [0x00000000ead80000,0x00000000eade8000,0x00000000eae80000)
  to   space 512K, 0% used [0x00000000eae80000,0x00000000eae80000,0x00000000eaf00000)
 ParOldGen       total 498176K, used 498016K [0x00000000c0000000, 0x00000000de680000, 0x00000000eab00000)
  object space 498176K, 99% used [0x00000000c0000000,0x00000000de658170,0x00000000de680000)
 Metaspace       used 70757K, committed 72256K, reserved 1114112K
  class space    used 7082K, committed 7744K, reserved 1048576K
}
Event: 36.066 GC heap after
{Heap after GC invocations=1861 (full 4):
 PSYoungGen      total 3072K, used 448K [0x00000000eab00000, 0x00000000eaf00000, 0x0000000100000000)
  eden space 2560K, 0% used [0x00000000eab00000,0x00000000eab00000,0x00000000ead80000)
  from space 512K, 87% used [0x00000000eae80000,0x00000000eaef0000,0x00000000eaf00000)
  to   space 512K, 0% used [0x00000000eae00000,0x00000000eae00000,0x00000000eae80000)
 ParOldGen       total 498688K, used 498352K [0x00000000c0000000, 0x00000000de700000, 0x00000000eab00000)
  object space 498688K, 99% used [0x00000000c0000000,0x00000000de6ac170,0x00000000de700000)
 Metaspace       used 70757K, committed 72256K, reserved 1114112K
  class space    used 7082K, committed 7744K, reserved 1048576K
}
Event: 36.132 GC heap before
{Heap before GC invocations=1862 (full 4):
 PSYoungGen      total 3072K, used 2989K [0x00000000eab00000, 0x00000000eaf00000, 0x0000000100000000)
  eden space 2560K, 99% used [0x00000000eab00000,0x00000000ead7b618,0x00000000ead80000)
  from space 512K, 87% used [0x00000000eae80000,0x00000000eaef0000,0x00000000eaf00000)
  to   space 512K, 0% used [0x00000000eae00000,0x00000000eae00000,0x00000000eae80000)
 ParOldGen       total 498688K, used 498352K [0x00000000c0000000, 0x00000000de700000, 0x00000000eab00000)
  object space 498688K, 99% used [0x00000000c0000000,0x00000000de6ac170,0x00000000de700000)
 Metaspace       used 70757K, committed 72256K, reserved 1114112K
  class space    used 7082K, committed 7744K, reserved 1048576K
}
Event: 36.134 GC heap after
{Heap after GC invocations=1862 (full 4):
 PSYoungGen      total 3072K, used 492K [0x00000000eab00000, 0x00000000eb180000, 0x0000000100000000)
  eden space 2560K, 0% used [0x00000000eab00000,0x00000000eab00000,0x00000000ead80000)
  from space 512K, 96% used [0x00000000eae00000,0x00000000eae7b000,0x00000000eae80000)
  to   space 2048K, 0% used [0x00000000eaf80000,0x00000000eaf80000,0x00000000eb180000)
 ParOldGen       total 499712K, used 499286K [0x00000000c0000000, 0x00000000de800000, 0x00000000eab00000)
  object space 499712K, 99% used [0x00000000c0000000,0x00000000de795970,0x00000000de800000)
 Metaspace       used 70757K, committed 72256K, reserved 1114112K
  class space    used 7082K, committed 7744K, reserved 1048576K
}
Event: 36.212 GC heap before
{Heap before GC invocations=1863 (full 4):
 PSYoungGen      total 3072K, used 3052K [0x00000000eab00000, 0x00000000eb180000, 0x0000000100000000)
  eden space 2560K, 100% used [0x00000000eab00000,0x00000000ead80000,0x00000000ead80000)
  from space 512K, 96% used [0x00000000eae00000,0x00000000eae7b000,0x00000000eae80000)
  to   space 2048K, 0% used [0x00000000eaf80000,0x00000000eaf80000,0x00000000eb180000)
 ParOldGen       total 499712K, used 499286K [0x00000000c0000000, 0x00000000de800000, 0x00000000eab00000)
  object space 499712K, 99% used [0x00000000c0000000,0x00000000de795970,0x00000000de800000)
 Metaspace       used 70759K, committed 72256K, reserved 1114112K
  class space    used 7082K, committed 7744K, reserved 1048576K
}
Event: 36.213 GC heap after
{Heap after GC invocations=1863 (full 4):
 PSYoungGen      total 3584K, used 608K [0x00000000eab00000, 0x00000000eb080000, 0x0000000100000000)
  eden space 2560K, 0% used [0x00000000eab00000,0x00000000eab00000,0x00000000ead80000)
  from space 1024K, 59% used [0x00000000eaf80000,0x00000000eb018000,0x00000000eb080000)
  to   space 1024K, 0% used [0x00000000eae80000,0x00000000eae80000,0x00000000eaf80000)
 ParOldGen       total 499712K, used 499430K [0x00000000c0000000, 0x00000000de800000, 0x00000000eab00000)
  object space 499712K, 99% used [0x00000000c0000000,0x00000000de7b9970,0x00000000de800000)
 Metaspace       used 70759K, committed 72256K, reserved 1114112K
  class space    used 7082K, committed 7744K, reserved 1048576K
}
Event: 36.224 GC heap before
{Heap before GC invocations=1864 (full 4):
 PSYoungGen      total 3584K, used 3167K [0x00000000eab00000, 0x00000000eb080000, 0x0000000100000000)
  eden space 2560K, 99% used [0x00000000eab00000,0x00000000ead7ffc8,0x00000000ead80000)
  from space 1024K, 59% used [0x00000000eaf80000,0x00000000eb018000,0x00000000eb080000)
  to   space 1024K, 0% used [0x00000000eae80000,0x00000000eae80000,0x00000000eaf80000)
 ParOldGen       total 499712K, used 499430K [0x00000000c0000000, 0x00000000de800000, 0x00000000eab00000)
  object space 499712K, 99% used [0x00000000c0000000,0x00000000de7b9970,0x00000000de800000)
 Metaspace       used 70759K, committed 72256K, reserved 1114112K
  class space    used 7082K, committed 7744K, reserved 1048576K
}
Event: 36.226 GC heap after
{Heap after GC invocations=1864 (full 4):
 PSYoungGen      total 3584K, used 644K [0x00000000eab00000, 0x00000000eb000000, 0x0000000100000000)
  eden space 2560K, 0% used [0x00000000eab00000,0x00000000eab00000,0x00000000ead80000)
  from space 1024K, 62% used [0x00000000eae80000,0x00000000eaf21330,0x00000000eaf80000)
  to   space 512K, 0% used [0x00000000eaf80000,0x00000000eaf80000,0x00000000eb000000)
 ParOldGen       total 500224K, used 499930K [0x00000000c0000000, 0x00000000de880000, 0x00000000eab00000)
  object space 500224K, 99% used [0x00000000c0000000,0x00000000de836990,0x00000000de880000)
 Metaspace       used 70759K, committed 72256K, reserved 1114112K
  class space    used 7082K, committed 7744K, reserved 1048576K
}
Event: 36.270 GC heap before
{Heap before GC invocations=1865 (full 4):
 PSYoungGen      total 3584K, used 3204K [0x00000000eab00000, 0x00000000eb000000, 0x0000000100000000)
  eden space 2560K, 100% used [0x00000000eab00000,0x00000000ead80000,0x00000000ead80000)
  from space 1024K, 62% used [0x00000000eae80000,0x00000000eaf21330,0x00000000eaf80000)
  to   space 512K, 0% used [0x00000000eaf80000,0x00000000eaf80000,0x00000000eb000000)
 ParOldGen       total 500224K, used 499930K [0x00000000c0000000, 0x00000000de880000, 0x00000000eab00000)
  object space 500224K, 99% used [0x00000000c0000000,0x00000000de836990,0x00000000de880000)
 Metaspace       used 70760K, committed 72256K, reserved 1114112K
  class space    used 7082K, committed 7744K, reserved 1048576K
}
Event: 36.272 GC heap after
{Heap after GC invocations=1865 (full 4):
 PSYoungGen      total 3072K, used 416K [0x00000000eab00000, 0x00000000eb000000, 0x0000000100000000)
  eden space 2560K, 0% used [0x00000000eab00000,0x00000000eab00000,0x00000000ead80000)
  from space 512K, 81% used [0x00000000eaf80000,0x00000000eafe8000,0x00000000eb000000)
  to   space 512K, 0% used [0x00000000eaf00000,0x00000000eaf00000,0x00000000eaf80000)
 ParOldGen       total 500736K, used 500341K [0x00000000c0000000, 0x00000000de900000, 0x00000000eab00000)
  object space 500736K, 99% used [0x00000000c0000000,0x00000000de89d598,0x00000000de900000)
 Metaspace       used 70760K, committed 72256K, reserved 1114112K
  class space    used 7082K, committed 7744K, reserved 1048576K
}

Dll operation events (12 events):
Event: 0.009 Loaded shared library c:\Users\MSI\.vscode\extensions\redhat.java-1.41.1-win32-x64\jre\21.0.6-win32-x86_64\bin\java.dll
Event: 0.035 Loaded shared library c:\Users\MSI\.vscode\extensions\redhat.java-1.41.1-win32-x64\jre\21.0.6-win32-x86_64\bin\zip.dll
Event: 0.122 Loaded shared library C:\Users\MSI\.vscode\extensions\redhat.java-1.41.1-win32-x64\jre\21.0.6-win32-x86_64\bin\instrument.dll
Event: 0.127 Loaded shared library C:\Users\MSI\.vscode\extensions\redhat.java-1.41.1-win32-x64\jre\21.0.6-win32-x86_64\bin\net.dll
Event: 0.129 Loaded shared library C:\Users\MSI\.vscode\extensions\redhat.java-1.41.1-win32-x64\jre\21.0.6-win32-x86_64\bin\nio.dll
Event: 0.133 Loaded shared library C:\Users\MSI\.vscode\extensions\redhat.java-1.41.1-win32-x64\jre\21.0.6-win32-x86_64\bin\zip.dll
Event: 0.151 Loaded shared library C:\Users\MSI\.vscode\extensions\redhat.java-1.41.1-win32-x64\jre\21.0.6-win32-x86_64\bin\jimage.dll
Event: 0.234 Loaded shared library c:\Users\MSI\.vscode\extensions\redhat.java-1.41.1-win32-x64\jre\21.0.6-win32-x86_64\bin\verify.dll
Event: 1.373 Loaded shared library C:\Users\MSI\AppData\Roaming\Code\User\globalStorage\redhat.java\1.41.1\config_win\org.eclipse.equinox.launcher\org.eclipse.equinox.launcher.win32.win32.x86_64_1.2.1300.v20250331-1702\eclipse_11911.dll
Event: 2.831 Loaded shared library C:\Users\MSI\AppData\Local\Temp\jna-76643\jna333264952799039771.dll
Event: 4.641 Loaded shared library C:\Users\MSI\.vscode\extensions\redhat.java-1.41.1-win32-x64\jre\21.0.6-win32-x86_64\bin\sunmscapi.dll
Event: 4.715 Loaded shared library C:\Users\MSI\.vscode\extensions\redhat.java-1.41.1-win32-x64\jre\21.0.6-win32-x86_64\bin\extnet.dll

Deoptimization events (20 events):
Event: 35.794 Thread 0x0000027777fad730 Uncommon trap: trap_request=0xffffffc6 fr.pc=0x00000277264fa614 relative=0x0000000000005514
Event: 35.794 Thread 0x0000027777fad730 Uncommon trap: reason=bimorphic_or_optimized_type_check action=maybe_recompile pc=0x00000277264fa614 method=org.eclipse.jdt.internal.core.search.indexing.BinaryIndexer.indexDocument()V @ 1031 c2
Event: 35.794 Thread 0x0000027777fad730 DEOPT PACKING pc=0x00000277264fa614 sp=0x000000d49defec00
Event: 35.795 Thread 0x0000027777fad730 DEOPT UNPACKING pc=0x00000277251b3aa2 sp=0x000000d49defeb80 mode 2
Event: 35.799 Thread 0x0000027777fad730 Uncommon trap: trap_request=0xffffffc6 fr.pc=0x00000277264fa614 relative=0x0000000000005514
Event: 35.799 Thread 0x0000027777fad730 Uncommon trap: reason=bimorphic_or_optimized_type_check action=maybe_recompile pc=0x00000277264fa614 method=org.eclipse.jdt.internal.core.search.indexing.BinaryIndexer.indexDocument()V @ 1031 c2
Event: 35.799 Thread 0x0000027777fad730 DEOPT PACKING pc=0x00000277264fa614 sp=0x000000d49defec00
Event: 35.799 Thread 0x0000027777fad730 DEOPT UNPACKING pc=0x00000277251b3aa2 sp=0x000000d49defeb80 mode 2
Event: 35.807 Thread 0x0000027777fad730 Uncommon trap: trap_request=0xffffffc6 fr.pc=0x00000277264fa614 relative=0x0000000000005514
Event: 35.807 Thread 0x0000027777fad730 Uncommon trap: reason=bimorphic_or_optimized_type_check action=maybe_recompile pc=0x00000277264fa614 method=org.eclipse.jdt.internal.core.search.indexing.BinaryIndexer.indexDocument()V @ 1031 c2
Event: 35.807 Thread 0x0000027777fad730 DEOPT PACKING pc=0x00000277264fa614 sp=0x000000d49defec00
Event: 35.807 Thread 0x0000027777fad730 DEOPT UNPACKING pc=0x00000277251b3aa2 sp=0x000000d49defeb80 mode 2
Event: 36.038 Thread 0x0000027777fad730 Uncommon trap: trap_request=0xffffffc6 fr.pc=0x0000027726458f88 relative=0x0000000000009148
Event: 36.038 Thread 0x0000027777fad730 Uncommon trap: reason=bimorphic_or_optimized_type_check action=maybe_recompile pc=0x0000027726458f88 method=org.eclipse.jdt.internal.core.search.indexing.BinaryIndexer.indexDocument()V @ 1031 c2
Event: 36.038 Thread 0x0000027777fad730 DEOPT PACKING pc=0x0000027726458f88 sp=0x000000d49defebb0
Event: 36.038 Thread 0x0000027777fad730 DEOPT UNPACKING pc=0x00000277251b3aa2 sp=0x000000d49defeb80 mode 2
Event: 36.095 Thread 0x0000027777fad730 DEOPT PACKING pc=0x000002771e9ace7e sp=0x000000d49defeac0
Event: 36.095 Thread 0x0000027777fad730 DEOPT UNPACKING pc=0x00000277251b4242 sp=0x000000d49defdfa0 mode 0
Event: 36.096 Thread 0x0000027777fad730 DEOPT PACKING pc=0x000002771e7c2b00 sp=0x000000d49defe9d0
Event: 36.096 Thread 0x0000027777fad730 DEOPT UNPACKING pc=0x00000277251b4242 sp=0x000000d49defdfa0 mode 0

Classes loaded (20 events):
Event: 15.548 Loading class sun/security/ssl/Alert
Event: 15.669 Loading class sun/security/ssl/Alert done
Event: 15.669 Loading class sun/security/ssl/Alert$AlertConsumer
Event: 15.670 Loading class sun/security/ssl/Alert$AlertConsumer done
Event: 15.670 Loading class sun/security/ssl/Alert$Level
Event: 15.670 Loading class sun/security/ssl/Alert$Level done
Event: 15.685 Loading class java/nio/file/FileTreeWalker$1
Event: 15.685 Loading class java/nio/file/FileTreeWalker$1 done
Event: 15.711 Loading class sun/nio/fs/WindowsFileCopy
Event: 15.713 Loading class sun/nio/fs/WindowsFileCopy done
Event: 15.768 Loading class java/util/Collections$SynchronizedRandomAccessList
Event: 15.768 Loading class java/util/Collections$SynchronizedList
Event: 15.768 Loading class java/util/Collections$SynchronizedList done
Event: 15.768 Loading class java/util/Collections$SynchronizedRandomAccessList done
Event: 31.255 Loading class sun/nio/cs/ISO_8859_1$Encoder
Event: 31.255 Loading class sun/nio/cs/ISO_8859_1$Encoder done
Event: 31.259 Loading class sun/nio/cs/Surrogate$Parser
Event: 31.259 Loading class sun/nio/cs/Surrogate$Parser done
Event: 31.259 Loading class sun/nio/cs/Surrogate
Event: 31.259 Loading class sun/nio/cs/Surrogate done

Classes unloaded (11 events):
Event: 3.306 Thread 0x000002772eef4920 Unloading class 0x0000027730194000 'java/lang/invoke/LambdaForm$MH+0x0000027730194000'
Event: 3.306 Thread 0x000002772eef4920 Unloading class 0x0000027730193c00 'java/lang/invoke/LambdaForm$MH+0x0000027730193c00'
Event: 3.306 Thread 0x000002772eef4920 Unloading class 0x0000027730193800 'java/lang/invoke/LambdaForm$MH+0x0000027730193800'
Event: 3.306 Thread 0x000002772eef4920 Unloading class 0x0000027730193400 'java/lang/invoke/LambdaForm$MH+0x0000027730193400'
Event: 3.306 Thread 0x000002772eef4920 Unloading class 0x0000027730193000 'java/lang/invoke/LambdaForm$BMH+0x0000027730193000'
Event: 3.306 Thread 0x000002772eef4920 Unloading class 0x0000027730192c00 'java/lang/invoke/LambdaForm$DMH+0x0000027730192c00'
Event: 3.306 Thread 0x000002772eef4920 Unloading class 0x0000027730191c00 'java/lang/invoke/LambdaForm$DMH+0x0000027730191c00'
Event: 21.993 Thread 0x000002772eef4920 Unloading class 0x000002773073d400 'java/lang/invoke/LambdaForm$DMH+0x000002773073d400'
Event: 21.993 Thread 0x000002772eef4920 Unloading class 0x000002773073d000 'java/lang/invoke/LambdaForm$DMH+0x000002773073d000'
Event: 21.993 Thread 0x000002772eef4920 Unloading class 0x000002773073c800 'java/lang/invoke/LambdaForm$DMH+0x000002773073c800'
Event: 21.993 Thread 0x000002772eef4920 Unloading class 0x000002773073c400 'java/lang/invoke/LambdaForm$DMH+0x000002773073c400'

Classes redefined (0 events):
No events

Internal exceptions (20 events):
Event: 32.156 Thread 0x0000027777fad730 Exception <a 'sun/nio/fs/WindowsException'{0x00000000ead4d948}> (0x00000000ead4d948) 
thrown [s\src\hotspot\share\prims\jni.cpp, line 520]
Event: 32.185 Thread 0x0000027777fad730 Exception <a 'sun/nio/fs/WindowsException'{0x00000000eab7eb50}> (0x00000000eab7eb50) 
thrown [s\src\hotspot\share\prims\jni.cpp, line 520]
Event: 33.097 Thread 0x0000027777fad730 Exception <a 'sun/nio/fs/WindowsException'{0x00000000eabc8138}> (0x00000000eabc8138) 
thrown [s\src\hotspot\share\prims\jni.cpp, line 520]
Event: 33.139 Thread 0x0000027777fad730 Exception <a 'sun/nio/fs/WindowsException'{0x00000000eab9f550}> (0x00000000eab9f550) 
thrown [s\src\hotspot\share\prims\jni.cpp, line 520]
Event: 33.258 Thread 0x0000027777fad730 Exception <a 'sun/nio/fs/WindowsException'{0x00000000ead5ffb0}> (0x00000000ead5ffb0) 
thrown [s\src\hotspot\share\prims\jni.cpp, line 520]
Event: 33.714 Thread 0x0000027777fad730 Exception <a 'sun/nio/fs/WindowsException'{0x00000000eab202d8}> (0x00000000eab202d8) 
thrown [s\src\hotspot\share\prims\jni.cpp, line 520]
Event: 33.793 Thread 0x0000027777fad730 Exception <a 'sun/nio/fs/WindowsException'{0x00000000eacc9848}> (0x00000000eacc9848) 
thrown [s\src\hotspot\share\prims\jni.cpp, line 520]
Event: 33.862 Thread 0x0000027777fad730 Exception <a 'sun/nio/fs/WindowsException'{0x00000000eacd8130}> (0x00000000eacd8130) 
thrown [s\src\hotspot\share\prims\jni.cpp, line 520]
Event: 33.948 Thread 0x0000027777fad730 Exception <a 'sun/nio/fs/WindowsException'{0x00000000eab26dc8}> (0x00000000eab26dc8) 
thrown [s\src\hotspot\share\prims\jni.cpp, line 520]
Event: 35.149 Thread 0x0000027777fad730 Exception <a 'sun/nio/fs/WindowsException'{0x00000000eac6b5d8}> (0x00000000eac6b5d8) 
thrown [s\src\hotspot\share\prims\jni.cpp, line 520]
Event: 35.253 Thread 0x0000027777fad730 Exception <a 'sun/nio/fs/WindowsException'{0x00000000eab9d050}> (0x00000000eab9d050) 
thrown [s\src\hotspot\share\prims\jni.cpp, line 520]
Event: 35.440 Thread 0x0000027777fad730 Exception <a 'sun/nio/fs/WindowsException'{0x00000000eabd90c8}> (0x00000000eabd90c8) 
thrown [s\src\hotspot\share\prims\jni.cpp, line 520]
Event: 35.492 Thread 0x0000027777fad730 Exception <a 'sun/nio/fs/WindowsException'{0x00000000eabf0480}> (0x00000000eabf0480) 
thrown [s\src\hotspot\share\prims\jni.cpp, line 520]
Event: 35.540 Thread 0x0000027777fad730 Exception <a 'sun/nio/fs/WindowsException'{0x00000000eacec328}> (0x00000000eacec328) 
thrown [s\src\hotspot\share\prims\jni.cpp, line 520]
Event: 35.583 Thread 0x0000027777fad730 Exception <a 'sun/nio/fs/WindowsException'{0x00000000eab99c30}> (0x00000000eab99c30) 
thrown [s\src\hotspot\share\prims\jni.cpp, line 520]
Event: 35.663 Thread 0x0000027777fad730 Exception <a 'sun/nio/fs/WindowsException'{0x00000000ead26958}> (0x00000000ead26958) 
thrown [s\src\hotspot\share\prims\jni.cpp, line 520]
Event: 35.764 Thread 0x0000027777fad730 Exception <a 'sun/nio/fs/WindowsException'{0x00000000eac49680}> (0x00000000eac49680) 
thrown [s\src\hotspot\share\prims\jni.cpp, line 520]
Event: 36.185 Thread 0x0000027777fad730 Exception <a 'sun/nio/fs/WindowsException'{0x00000000eabafcb0}> (0x00000000eabafcb0) 
thrown [s\src\hotspot\share\prims\jni.cpp, line 520]
Event: 36.265 Thread 0x0000027777fad730 Exception <a 'sun/nio/fs/WindowsException'{0x00000000ead7bce0}> (0x00000000ead7bce0) 
thrown [s\src\hotspot\share\prims\jni.cpp, line 520]
Event: 36.314 Thread 0x0000027777fad730 Exception <a 'sun/nio/fs/WindowsException'{0x00000000eac86ca8}> (0x00000000eac86ca8) 
thrown [s\src\hotspot\share\prims\jni.cpp, line 520]

ZGC Phase Switch (0 events):
No events

VM Operations (20 events):
Event: 35.928 Executing VM operation: ParallelGCFailedAllocation (Allocation Failure)
Event: 35.930 Executing VM operation: ParallelGCFailedAllocation (Allocation Failure) done
Event: 35.960 Executing VM operation: ParallelGCFailedAllocation (Allocation Failure)
Event: 35.962 Executing VM operation: ParallelGCFailedAllocation (Allocation Failure) done
Event: 35.990 Executing VM operation: ParallelGCFailedAllocation (Allocation Failure)
Event: 35.992 Executing VM operation: ParallelGCFailedAllocation (Allocation Failure) done
Event: 36.039 Executing VM operation: ParallelGCFailedAllocation (Allocation Failure)
Event: 36.041 Executing VM operation: ParallelGCFailedAllocation (Allocation Failure) done
Event: 36.052 Executing VM operation: ParallelGCFailedAllocation (Allocation Failure)
Event: 36.054 Executing VM operation: ParallelGCFailedAllocation (Allocation Failure) done
Event: 36.064 Executing VM operation: ParallelGCFailedAllocation (Allocation Failure)
Event: 36.066 Executing VM operation: ParallelGCFailedAllocation (Allocation Failure) done
Event: 36.132 Executing VM operation: ParallelGCFailedAllocation (Allocation Failure)
Event: 36.134 Executing VM operation: ParallelGCFailedAllocation (Allocation Failure) done
Event: 36.212 Executing VM operation: ParallelGCFailedAllocation (Allocation Failure)
Event: 36.213 Executing VM operation: ParallelGCFailedAllocation (Allocation Failure) done
Event: 36.224 Executing VM operation: ParallelGCFailedAllocation (Allocation Failure)
Event: 36.226 Executing VM operation: ParallelGCFailedAllocation (Allocation Failure) done
Event: 36.270 Executing VM operation: ParallelGCFailedAllocation (Allocation Failure)
Event: 36.272 Executing VM operation: ParallelGCFailedAllocation (Allocation Failure) done

Memory protections (0 events):
No events

Nmethod flushes (20 events):
Event: 22.052 Thread 0x000002772eef4920 flushing  nmethod 0x000002771ed32590
Event: 22.052 Thread 0x000002772eef4920 flushing  nmethod 0x000002771ed36310
Event: 22.052 Thread 0x000002772eef4920 flushing  nmethod 0x000002771ed3ec90
Event: 22.052 Thread 0x000002772eef4920 flushing  nmethod 0x000002771ed51990
Event: 22.052 Thread 0x000002772eef4920 flushing  nmethod 0x000002771ed51d90
Event: 22.052 Thread 0x000002772eef4920 flushing  nmethod 0x000002771ed52690
Event: 22.052 Thread 0x000002772eef4920 flushing  nmethod 0x000002771ed52b10
Event: 22.052 Thread 0x000002772eef4920 flushing  nmethod 0x000002771ed53710
Event: 22.052 Thread 0x000002772eef4920 flushing  nmethod 0x000002771ed54910
Event: 22.052 Thread 0x000002772eef4920 flushing  nmethod 0x000002771ed56d90
Event: 22.052 Thread 0x000002772eef4920 flushing  nmethod 0x000002771ed58610
Event: 22.052 Thread 0x000002772eef4920 flushing  nmethod 0x000002771ed6a610
Event: 22.052 Thread 0x000002772eef4920 flushing  nmethod 0x000002771ed89590
Event: 22.052 Thread 0x000002772eef4920 flushing  nmethod 0x000002771ed8a890
Event: 22.052 Thread 0x000002772eef4920 flushing  nmethod 0x000002771ed8c710
Event: 22.052 Thread 0x000002772eef4920 flushing  nmethod 0x000002771ee1fd90
Event: 22.052 Thread 0x000002772eef4920 flushing  nmethod 0x000002771ee20f10
Event: 22.052 Thread 0x000002772eef4920 flushing  nmethod 0x000002771ee21a90
Event: 22.052 Thread 0x000002772eef4920 flushing  nmethod 0x000002771ee22390
Event: 22.052 Thread 0x000002772eef4920 flushing  nmethod 0x000002771ee96c10

Events (20 events):
Event: 16.409 Thread 0x00000277719c1c80 Thread exited: 0x00000277719c1c80
Event: 16.470 Thread 0x00000277717cec30 Thread exited: 0x00000277717cec30
Event: 17.480 Thread 0x000002777ade2ca0 Thread exited: 0x000002777ade2ca0
Event: 17.647 Thread 0x000002777ade3a40 Thread exited: 0x000002777ade3a40
Event: 17.659 Thread 0x0000027779d3bb90 Thread exited: 0x0000027779d3bb90
Event: 17.676 Thread 0x0000027778cf8070 Thread exited: 0x0000027778cf8070
Event: 17.676 Thread 0x0000027779eaaa50 Thread exited: 0x0000027779eaaa50
Event: 17.958 Thread 0x0000027777854d60 Thread exited: 0x0000027777854d60
Event: 18.593 Thread 0x00000277717cd5e0 Thread exited: 0x00000277717cd5e0
Event: 20.677 Thread 0x000002777a233040 Thread exited: 0x000002777a233040
Event: 24.114 Thread 0x00000277716ce3c0 Thread added: 0x0000027708b1a960
Event: 25.276 Thread 0x0000027708b1a960 Thread exited: 0x0000027708b1a960
Event: 31.207 Thread 0x00000277716ce3c0 Thread added: 0x0000027777bf40c0
Event: 31.215 Thread 0x00000277716ce3c0 Thread added: 0x0000027777bf39f0
Event: 31.226 Thread 0x00000277716ce3c0 Thread added: 0x000002777788d170
Event: 31.230 Thread 0x0000027777bf40c0 Thread added: 0x000002777bce3970
Event: 31.379 Thread 0x000002777bce3970 Thread exited: 0x000002777bce3970
Event: 31.793 Thread 0x000002777788d170 Thread exited: 0x000002777788d170
Event: 32.179 Thread 0x0000027777bf39f0 Thread exited: 0x0000027777bf39f0
Event: 32.792 Thread 0x0000027777bf40c0 Thread exited: 0x0000027777bf40c0


Dynamic libraries:
0x00007ff7ce030000 - 0x00007ff7ce03e000 	c:\Users\MSI\.vscode\extensions\redhat.java-1.41.1-win32-x64\jre\21.0.6-win32-x86_64\bin\java.exe
0x00007ffbe5240000 - 0x00007ffbe54a6000 	C:\WINDOWS\SYSTEM32\ntdll.dll
0x00007ffbe3ac0000 - 0x00007ffbe3b89000 	C:\WINDOWS\System32\KERNEL32.DLL
0x00007ffbe2af0000 - 0x00007ffbe2ebc000 	C:\WINDOWS\System32\KERNELBASE.dll
0x00007ffbe29a0000 - 0x00007ffbe2aeb000 	C:\WINDOWS\System32\ucrtbase.dll
0x00007ffbc5a60000 - 0x00007ffbc5a78000 	c:\Users\MSI\.vscode\extensions\redhat.java-1.41.1-win32-x64\jre\21.0.6-win32-x86_64\bin\jli.dll
0x00007ffbc2b30000 - 0x00007ffbc2b4e000 	c:\Users\MSI\.vscode\extensions\redhat.java-1.41.1-win32-x64\jre\21.0.6-win32-x86_64\bin\VCRUNTIME140.dll
0x00007ffbe4830000 - 0x00007ffbe49fa000 	C:\WINDOWS\System32\USER32.dll
0x00007ffbcbe90000 - 0x00007ffbcc12a000 	C:\WINDOWS\WinSxS\amd64_microsoft.windows.common-controls_6595b64144ccf1df_6.0.26100.3912_none_3e07963ce335137e\COMCTL32.dll
0x00007ffbe2740000 - 0x00007ffbe2767000 	C:\WINDOWS\System32\win32u.dll
0x00007ffbe4120000 - 0x00007ffbe414b000 	C:\WINDOWS\System32\GDI32.dll
0x00007ffbe38a0000 - 0x00007ffbe3949000 	C:\WINDOWS\System32\msvcrt.dll
0x00007ffbe2ec0000 - 0x00007ffbe2ff2000 	C:\WINDOWS\System32\gdi32full.dll
0x00007ffbe28f0000 - 0x00007ffbe2993000 	C:\WINDOWS\System32\msvcp_win.dll
0x00007ffbe37d0000 - 0x00007ffbe3800000 	C:\WINDOWS\System32\IMM32.DLL
0x00007ffbda7e0000 - 0x00007ffbda7ec000 	c:\Users\MSI\.vscode\extensions\redhat.java-1.41.1-win32-x64\jre\21.0.6-win32-x86_64\bin\vcruntime140_1.dll
0x00007ffb8f050000 - 0x00007ffb8f0dd000 	c:\Users\MSI\.vscode\extensions\redhat.java-1.41.1-win32-x64\jre\21.0.6-win32-x86_64\bin\msvcp140.dll
0x00007ffb72220000 - 0x00007ffb72fb0000 	c:\Users\MSI\.vscode\extensions\redhat.java-1.41.1-win32-x64\jre\21.0.6-win32-x86_64\bin\server\jvm.dll
0x00007ffbe3230000 - 0x00007ffbe32e2000 	C:\WINDOWS\System32\ADVAPI32.dll
0x00007ffbe3180000 - 0x00007ffbe3226000 	C:\WINDOWS\System32\sechost.dll
0x00007ffbe32f0000 - 0x00007ffbe3406000 	C:\WINDOWS\System32\RPCRT4.dll
0x00007ffbe5180000 - 0x00007ffbe51f4000 	C:\WINDOWS\System32\WS2_32.dll
0x00007ffbe2220000 - 0x00007ffbe227e000 	C:\WINDOWS\SYSTEM32\POWRPROF.dll
0x00007ffbdae60000 - 0x00007ffbdae96000 	C:\WINDOWS\SYSTEM32\WINMM.dll
0x00007ffbdaec0000 - 0x00007ffbdaecb000 	C:\WINDOWS\SYSTEM32\VERSION.dll
0x00007ffbe2200000 - 0x00007ffbe2214000 	C:\WINDOWS\SYSTEM32\UMPDC.dll
0x00007ffbe1190000 - 0x00007ffbe11aa000 	C:\WINDOWS\SYSTEM32\kernel.appcore.dll
0x00007ffbd72c0000 - 0x00007ffbd72ca000 	c:\Users\MSI\.vscode\extensions\redhat.java-1.41.1-win32-x64\jre\21.0.6-win32-x86_64\bin\jimage.dll
0x00007ffbd5050000 - 0x00007ffbd5291000 	C:\WINDOWS\SYSTEM32\DBGHELP.DLL
0x00007ffbe3c20000 - 0x00007ffbe3fa4000 	C:\WINDOWS\System32\combase.dll
0x00007ffbe3670000 - 0x00007ffbe3750000 	C:\WINDOWS\System32\OLEAUT32.dll
0x00007ffbcaa70000 - 0x00007ffbcaaa9000 	C:\WINDOWS\SYSTEM32\dbgcore.DLL
0x00007ffbe2490000 - 0x00007ffbe2529000 	C:\WINDOWS\System32\bcryptPrimitives.dll
0x00007ffbd4a80000 - 0x00007ffbd4a8f000 	c:\Users\MSI\.vscode\extensions\redhat.java-1.41.1-win32-x64\jre\21.0.6-win32-x86_64\bin\instrument.dll
0x00007ffbc29f0000 - 0x00007ffbc2a0f000 	c:\Users\MSI\.vscode\extensions\redhat.java-1.41.1-win32-x64\jre\21.0.6-win32-x86_64\bin\java.dll
0x00007ffbe4a40000 - 0x00007ffbe516d000 	C:\WINDOWS\System32\SHELL32.dll
0x00007ffbe2770000 - 0x00007ffbe28e4000 	C:\WINDOWS\System32\wintypes.dll
0x00007ffbe0010000 - 0x00007ffbe0866000 	C:\WINDOWS\SYSTEM32\windows.storage.dll
0x00007ffbe3000000 - 0x00007ffbe30ef000 	C:\WINDOWS\System32\SHCORE.dll
0x00007ffbe3fb0000 - 0x00007ffbe4019000 	C:\WINDOWS\System32\shlwapi.dll
0x00007ffbe22e0000 - 0x00007ffbe230f000 	C:\WINDOWS\SYSTEM32\profapi.dll
0x00007ffbbd2c0000 - 0x00007ffbbd2d8000 	c:\Users\MSI\.vscode\extensions\redhat.java-1.41.1-win32-x64\jre\21.0.6-win32-x86_64\bin\zip.dll
0x00007ffbd4160000 - 0x00007ffbd4170000 	C:\Users\MSI\.vscode\extensions\redhat.java-1.41.1-win32-x64\jre\21.0.6-win32-x86_64\bin\net.dll
0x00007ffbdb860000 - 0x00007ffbdb97e000 	C:\WINDOWS\SYSTEM32\WINHTTP.dll
0x00007ffbe1700000 - 0x00007ffbe176a000 	C:\WINDOWS\system32\mswsock.dll
0x00007ffbb3f50000 - 0x00007ffbb3f66000 	C:\Users\MSI\.vscode\extensions\redhat.java-1.41.1-win32-x64\jre\21.0.6-win32-x86_64\bin\nio.dll
0x00007ffbd4090000 - 0x00007ffbd40a0000 	c:\Users\MSI\.vscode\extensions\redhat.java-1.41.1-win32-x64\jre\21.0.6-win32-x86_64\bin\verify.dll
0x00007ffbb2fa0000 - 0x00007ffbb2fe5000 	C:\Users\MSI\AppData\Roaming\Code\User\globalStorage\redhat.java\1.41.1\config_win\org.eclipse.equinox.launcher\org.eclipse.equinox.launcher.win32.win32.x86_64_1.2.1300.v20250331-1702\eclipse_11911.dll
0x00007ffbe3410000 - 0x00007ffbe35af000 	C:\WINDOWS\System32\ole32.dll
0x00007ffbe19a0000 - 0x00007ffbe19bc000 	C:\WINDOWS\SYSTEM32\CRYPTSP.dll
0x00007ffbe10f0000 - 0x00007ffbe112a000 	C:\WINDOWS\system32\rsaenh.dll
0x00007ffbe17a0000 - 0x00007ffbe17cb000 	C:\WINDOWS\SYSTEM32\USERENV.dll
0x00007ffbe22b0000 - 0x00007ffbe22d6000 	C:\WINDOWS\SYSTEM32\bcrypt.dll
0x00007ffbe19c0000 - 0x00007ffbe19cc000 	C:\WINDOWS\SYSTEM32\CRYPTBASE.dll
0x00007ffbe0be0000 - 0x00007ffbe0c13000 	C:\WINDOWS\SYSTEM32\IPHLPAPI.DLL
0x00007ffbe4a00000 - 0x00007ffbe4a0a000 	C:\WINDOWS\System32\NSI.dll
0x00007ffba9630000 - 0x00007ffba9679000 	C:\Users\MSI\AppData\Local\Temp\jna-76643\jna333264952799039771.dll
0x00007ffbe5170000 - 0x00007ffbe5178000 	C:\WINDOWS\System32\PSAPI.DLL
0x00007ffbdbd90000 - 0x00007ffbdbdaf000 	C:\WINDOWS\SYSTEM32\dhcpcsvc6.DLL
0x00007ffbdba00000 - 0x00007ffbdba25000 	C:\WINDOWS\SYSTEM32\dhcpcsvc.DLL
0x00007ffbd3f70000 - 0x00007ffbd3f7e000 	C:\Users\MSI\.vscode\extensions\redhat.java-1.41.1-win32-x64\jre\21.0.6-win32-x86_64\bin\sunmscapi.dll
0x00007ffbe2530000 - 0x00007ffbe26a7000 	C:\WINDOWS\System32\CRYPT32.dll
0x00007ffbe1bb0000 - 0x00007ffbe1be0000 	C:\WINDOWS\SYSTEM32\ncrypt.dll
0x00007ffbe1b60000 - 0x00007ffbe1b9f000 	C:\WINDOWS\SYSTEM32\NTASN1.dll
0x00007ffbe0c80000 - 0x00007ffbe0da7000 	C:\WINDOWS\SYSTEM32\DNSAPI.dll
0x00007ffbd7e60000 - 0x00007ffbd7e6b000 	C:\Windows\System32\rasadhlp.dll
0x00007ffbdc120000 - 0x00007ffbdc1a6000 	C:\WINDOWS\System32\fwpuclnt.dll
0x00007ffbd3e30000 - 0x00007ffbd3e39000 	C:\Users\MSI\.vscode\extensions\redhat.java-1.41.1-win32-x64\jre\21.0.6-win32-x86_64\bin\extnet.dll

dbghelp: loaded successfully - version: 4.0.5 - missing functions: none
symbol engine: initialized successfully - sym options: 0x614 - pdb path: .;c:\Users\MSI\.vscode\extensions\redhat.java-1.41.1-win32-x64\jre\21.0.6-win32-x86_64\bin;C:\WINDOWS\SYSTEM32;C:\WINDOWS\WinSxS\amd64_microsoft.windows.common-controls_6595b64144ccf1df_6.0.26100.3912_none_3e07963ce335137e;c:\Users\MSI\.vscode\extensions\redhat.java-1.41.1-win32-x64\jre\21.0.6-win32-x86_64\bin\server;C:\Users\MSI\AppData\Roaming\Code\User\globalStorage\redhat.java\1.41.1\config_win\org.eclipse.equinox.launcher\org.eclipse.equinox.launcher.win32.win32.x86_64_1.2.1300.v20250331-1702;C:\Users\MSI\AppData\Local\Temp\jna-76643

VM Arguments:
jvm_args: --add-modules=ALL-SYSTEM --add-opens=java.base/java.util=ALL-UNNAMED --add-opens=java.base/java.lang=ALL-UNNAMED --add-opens=java.base/sun.nio.fs=ALL-UNNAMED -Declipse.application=org.eclipse.jdt.ls.core.id1 -Dosgi.bundles.defaultStartLevel=4 -Declipse.product=org.eclipse.jdt.ls.core.product -Djava.import.generatesMetadataFilesAtProjectRoot=false -DDetectVMInstallationsJob.disabled=true -Dfile.encoding=utf8 -XX:+UseParallelGC -XX:GCTimeRatio=4 -XX:AdaptiveSizePolicyWeight=90 -Dsun.zip.disableMemoryMapping=true -Xmx1G -Xms100m -Xlog:disable -javaagent:c:\Users\MSI\.vscode\extensions\redhat.java-1.41.1-win32-x64\lombok\lombok-1.18.36.jar -XX:+HeapDumpOnOutOfMemoryError -XX:HeapDumpPath=c:\Users\MSI\AppData\Roaming\Code\User\workspaceStorage\3815725e1ac4c6c69b70af32f7c49045\redhat.java -Daether.dependencyCollector.impl=bf 
java_command: c:\Users\MSI\.vscode\extensions\redhat.java-1.41.1-win32-x64\server\plugins\org.eclipse.equinox.launcher_1.7.0.v20250331-1702.jar -configuration c:\Users\MSI\AppData\Roaming\Code\User\globalStorage\redhat.java\1.41.1\config_win -data c:\Users\MSI\AppData\Roaming\Code\User\workspaceStorage\3815725e1ac4c6c69b70af32f7c49045\redhat.java\jdt_ws --pipe=\\.\pipe\lsp-1b3330fc083de575cd591c5c64d99de5-sock
java_class_path (initial): c:\Users\MSI\.vscode\extensions\redhat.java-1.41.1-win32-x64\server\plugins\org.eclipse.equinox.launcher_1.7.0.v20250331-1702.jar
Launcher Type: SUN_STANDARD

[Global flags]
    uintx AdaptiveSizePolicyWeight                 = 90                                        {product} {command line}
     intx CICompilerCount                          = 12                                        {product} {ergonomic}
    uintx GCTimeRatio                              = 4                                         {product} {command line}
     bool HeapDumpOnOutOfMemoryError               = true                                   {manageable} {command line}
    ccstr HeapDumpPath                             = c:\Users\MSI\AppData\Roaming\Code\User\workspaceStorage\3815725e1ac4c6c69b70af32f7c49045\redhat.java         {manageable} {command line}
   size_t InitialHeapSize                          = 104857600                                 {product} {command line}
   size_t MaxHeapSize                              = 1073741824                                {product} {command line}
   size_t MaxNewSize                               = 357564416                                 {product} {ergonomic}
   size_t MinHeapDeltaBytes                        = 524288                                    {product} {ergonomic}
   size_t MinHeapSize                              = 104857600                                 {product} {command line}
   size_t NewSize                                  = 34603008                                  {product} {ergonomic}
    uintx NonNMethodCodeHeapSize                   = 7602480                                {pd product} {ergonomic}
    uintx NonProfiledCodeHeapSize                  = 122027880                              {pd product} {ergonomic}
   size_t OldSize                                  = 70254592                                  {product} {ergonomic}
    uintx ProfiledCodeHeapSize                     = 122027880                              {pd product} {ergonomic}
    uintx ReservedCodeCacheSize                    = 251658240                              {pd product} {ergonomic}
     bool SegmentedCodeCache                       = true                                      {product} {ergonomic}
   size_t SoftMaxHeapSize                          = 1073741824                             {manageable} {ergonomic}
     bool UseCompressedOops                        = true                           {product lp64_product} {ergonomic}
     bool UseLargePagesIndividualAllocation        = false                                  {pd product} {ergonomic}
     bool UseParallelGC                            = true                                      {product} {command line}

Logging:
Log output configuration:
 #0: stdout all=off uptime,level,tags foldmultilines=false
 #1: stderr all=off uptime,level,tags foldmultilines=false

Environment Variables:
JAVA_HOME=C:\Program Files\Java\jdk-21
PATH=C:\Program Files (x86)\Common Files\Oracle\Java\javapath;C:\Program Files (x86)\VMware\VMware Workstation\bin\;C:\Program Files\Microsoft MPI\Bin\;C:\WINDOWS\system32;C:\WINDOWS;C:\WINDOWS\System32\Wbem;C:\WINDOWS\System32\WindowsPowerShell\v1.0\;C:\WINDOWS\System32\OpenSSH\;C:\Program Files\nodejs\;C:\Program Files (x86)\Microsoft SQL Server\160\Tools\Binn\;C:\Program Files\Microsoft SQL Server\160\Tools\Binn\;C:\Program Files\Microsoft SQL Server\Client SDK\ODBC\170\Tools\Binn\;C:\Program Files\Microsoft SQL Server\160\DTS\Binn\;C:\Program Files (x86)\Microsoft SQL Server\160\DTS\Binn\;C:\Program Files\Git LFS;C:\Program Files\Git\cmd;C:\Program Files\PowerShell\7\;C:\Program Files\Microsoft SQL Server\150\Tools\Binn\;C:\Program Files\dotnet\;C:\Program Files\Java\jdk-21\bin;C:\Program Files\Java\apache-maven-4.0.0-rc-3\bin;C:\Program Files (x86)\Windows Kits\10\Windows Performance Toolkit\;C:\Program Files\MySQL\MySQL Shell 8.0\bin\;C:\Users\MSI\AppData\Local\Programs\Python\Python313;C:\Users\MSI\AppData\Local\Microsoft\WindowsApps;C:\Users\MSI\AppData\Local\Programs\Microsoft VS Code\bin;C:\Users\MSI\AppData\Roaming\npm;C:\Program Files\JetBrains\IntelliJ IDEA 2024.3.1.1\bin;;C:\Users\MSI\.dotnet\tools;
USERNAME=MSI
OS=Windows_NT
PROCESSOR_IDENTIFIER=AMD64 Family 25 Model 80 Stepping 0, AuthenticAMD
TMP=C:\Users\MSI\AppData\Local\Temp
TEMP=C:\Users\MSI\AppData\Local\Temp




Periodic native trim disabled

---------------  S Y S T E M  ---------------

OS:
 Windows 11 , 64 bit Build 26100 (10.0.26100.3912)
OS uptime: 0 days 12:49 hours
Hyper-V role detected

CPU: total 16 (initial active 16) (16 cores per cpu, 2 threads per core) family 25 model 80 stepping 0 microcode 0xa50000c, cx8, cmov, fxsr, ht, mmx, 3dnowpref, sse, sse2, sse3, ssse3, sse4a, sse4.1, sse4.2, popcnt, lzcnt, tsc, tscinvbit, avx, avx2, aes, erms, clmul, bmi1, bmi2, adx, sha, fma, vzeroupper, clflush, clflushopt, hv, rdtscp, rdpid, fsrm, f16c, cet_ss
Processor Information for processor 0
  Max Mhz: 3201, Current Mhz: 3201, Mhz Limit: 3201
Processor Information for processor 1
  Max Mhz: 3201, Current Mhz: 1802, Mhz Limit: 3201
Processor Information for processor 2
  Max Mhz: 3201, Current Mhz: 3201, Mhz Limit: 3201
Processor Information for processor 3
  Max Mhz: 3201, Current Mhz: 1802, Mhz Limit: 3201
Processor Information for processor 4
  Max Mhz: 3201, Current Mhz: 1802, Mhz Limit: 3201
Processor Information for processor 5
  Max Mhz: 3201, Current Mhz: 3201, Mhz Limit: 3201
Processor Information for processor 6
  Max Mhz: 3201, Current Mhz: 3201, Mhz Limit: 3201
Processor Information for processor 7
  Max Mhz: 3201, Current Mhz: 3201, Mhz Limit: 3201
Processor Information for processor 8
  Max Mhz: 3201, Current Mhz: 3201, Mhz Limit: 3201
Processor Information for processor 9
  Max Mhz: 3201, Current Mhz: 1802, Mhz Limit: 3201
Processor Information for processor 10
  Max Mhz: 3201, Current Mhz: 3201, Mhz Limit: 3201
Processor Information for processor 11
  Max Mhz: 3201, Current Mhz: 1802, Mhz Limit: 3201
Processor Information for processor 12
  Max Mhz: 3201, Current Mhz: 3201, Mhz Limit: 3201
Processor Information for processor 13
  Max Mhz: 3201, Current Mhz: 1802, Mhz Limit: 3201
Processor Information for processor 14
  Max Mhz: 3201, Current Mhz: 1802, Mhz Limit: 3201
Processor Information for processor 15
  Max Mhz: 3201, Current Mhz: 3201, Mhz Limit: 3201

Memory: 4k page, system-wide physical 15752M (5524M free)
TotalPageFile size 15752M (AvailPageFile size 10M)
current process WorkingSet (physical memory assigned to process): 891M, peak: 1090M
current process commit charge ("private bytes"): 795M, peak: 1020M

vm_info: OpenJDK 64-Bit Server VM (21.0.6+7-LTS) for windows-amd64 JRE (21.0.6+7-LTS), built on 2025-01-21T00:00:00Z by "admin" with MS VC++ 17.7 (VS2022)

END.
