#
# There is insufficient memory for the Java Runtime Environment to continue.
# Native memory allocation (malloc) failed to allocate 1342368 bytes for Chunk::new
# Possible reasons:
#   The system is out of physical RAM or swap space
#   The process is running with CompressedOops enabled, and the Java Heap may be blocking the growth of the native heap
# Possible solutions:
#   Reduce memory load on the system
#   Increase physical memory or swap space
#   Check if swap backing store is full
#   Decrease Java heap size (-Xmx/-Xms)
#   Decrease number of Java threads
#   Decrease Java thread stack sizes (-Xss)
#   Set larger code cache with -XX:ReservedCodeCacheSize=
#   JVM is running with Zero Based Compressed Oops mode in which the Java heap is
#     placed in the first 32GB address space. The Java Heap base address is the
#     maximum limit for the native heap growth. Please use -XX:HeapBaseMinAddress
#     to set the Java Heap base and to place the Java Heap above 32GB virtual address.
# This output file may be truncated or incomplete.
#
#  Out of Memory Error (arena.cpp:189), pid=8592, tid=20476
#
# JRE version: Java(TM) SE Runtime Environment (17.0.11+7) (build 17.0.11+7-LTS-207)
# Java VM: Java HotSpot(TM) 64-Bit Server VM (17.0.11+7-LTS-207, mixed mode, sharing, tiered, compressed oops, compressed class ptrs, g1 gc, windows-amd64)
# No core dump will be written. Minidumps are not enabled by default on client versions of Windows
#

---------------  S U M M A R Y ------------

Command Line: -XX:+ShowCodeDetailsInExceptionMessages com.laptrinhoop.WebSalesApplication

Host: AMD Ryzen 7 5800H with Radeon Graphics         , 16 cores, 15G,  Windows 11 , 64 bit Build 26100 (10.0.26100.3775)
Time: Mon Apr 14 20:06:10 2025 SE Asia Standard Time elapsed time: 22.480321 seconds (0d 0h 0m 22s)

---------------  T H R E A D  ---------------

Current thread (0x0000011cfefbef40):  JavaThread "C2 CompilerThread0" daemon [_thread_in_native, id=20476, stack(0x0000000822b00000,0x0000000822c00000)]


Current CompileTask:
C2:  22480 8158       4       org.eclipse.jdt.internal.compiler.parser.Parser::consumeToken (2140 bytes)

Stack: [0x0000000822b00000,0x0000000822c00000]
Native frames: (J=compiled Java code, j=interpreted, Vv=VM code, C=native code)
V  [jvm.dll+0x679cca]
V  [jvm.dll+0x7da13d]
V  [jvm.dll+0x7dba83]
V  [jvm.dll+0x7dc0f3]
V  [jvm.dll+0x2449af]
V  [jvm.dll+0xab83b]
V  [jvm.dll+0xabe1c]
V  [jvm.dll+0x3615ae]
V  [jvm.dll+0x32bd61]
V  [jvm.dll+0x32b1fa]
V  [jvm.dll+0x2161df]
V  [jvm.dll+0x21560f]
V  [jvm.dll+0x1a2040]
V  [jvm.dll+0x225a2b]
V  [jvm.dll+0x223bcb]
V  [jvm.dll+0x7903ec]
V  [jvm.dll+0x78a85a]
V  [jvm.dll+0x678bb5]
C  [ucrtbase.dll+0x37b0]
C  [KERNEL32.DLL+0x2e8d7]
C  [ntdll.dll+0xb14fc]


---------------  P R O C E S S  ---------------

Threads class SMR info:
_java_thread_list=0x0000011cd56271a0, length=50, elements={
0x0000011cfeb67b10, 0x0000011cfeb69040, 0x0000011cfefb93e0, 0x0000011cfefb9cb0,
0x0000011cfefbb1e0, 0x0000011cfefbd280, 0x0000011cfefbef40, 0x0000011cfefc1800,
0x0000011cfefc2520, 0x0000011cff063600, 0x0000011cff2546d0, 0x0000011cff25f1a0,
0x0000011cd870fd50, 0x0000011cd6a48340, 0x0000011cd6f3b130, 0x0000011cd6f392d0,
0x0000011cd6f3a710, 0x0000011cd6f397e0, 0x0000011cd6f39cf0, 0x0000011cd6f3ac20,
0x0000011cd6f3b640, 0x0000011cd6f3bb50, 0x0000011cd6f388b0, 0x0000011cd4f78a50,
0x0000011cd4f78030, 0x0000011cd4f7a8b0, 0x0000011cd4f7adc0, 0x0000011cd4f7b2d0,
0x0000011cd4f7a3a0, 0x0000011cd4f7b7e0, 0x0000011cd4f78540, 0x0000011cd4f78f60,
0x0000011cd4f79e90, 0x0000011cd4f7bcf0, 0x0000011cd4f7c200, 0x0000011cd4f7c710,
0x0000011cd4f79470, 0x0000011cd4f7cc20, 0x0000011cd4f7d130, 0x0000011cd4f79980,
0x0000011cd4f7ea80, 0x0000011cd4f7e060, 0x0000011cd4f7d640, 0x0000011cd4f7db50,
0x0000011cd4f7e570, 0x0000011cd4f7ef90, 0x0000011cdd385580, 0x0000011cdd384ae0,
0x0000011cdd385030, 0x0000011cdd384040
}

Java Threads: ( => current thread )
  0x0000011cfeb67b10 JavaThread "Reference Handler" daemon [_thread_blocked, id=23116, stack(0x0000000822500000,0x0000000822600000)]
  0x0000011cfeb69040 JavaThread "Finalizer" daemon [_thread_blocked, id=16220, stack(0x0000000822600000,0x0000000822700000)]
  0x0000011cfefb93e0 JavaThread "Signal Dispatcher" daemon [_thread_blocked, id=18112, stack(0x0000000822700000,0x0000000822800000)]
  0x0000011cfefb9cb0 JavaThread "Attach Listener" daemon [_thread_blocked, id=21540, stack(0x0000000822800000,0x0000000822900000)]
  0x0000011cfefbb1e0 JavaThread "Service Thread" daemon [_thread_blocked, id=18020, stack(0x0000000822900000,0x0000000822a00000)]
  0x0000011cfefbd280 JavaThread "Monitor Deflation Thread" daemon [_thread_blocked, id=4552, stack(0x0000000822a00000,0x0000000822b00000)]
=>0x0000011cfefbef40 JavaThread "C2 CompilerThread0" daemon [_thread_in_native, id=20476, stack(0x0000000822b00000,0x0000000822c00000)]
  0x0000011cfefc1800 JavaThread "C1 CompilerThread0" daemon [_thread_blocked, id=1008, stack(0x0000000822c00000,0x0000000822d00000)]
  0x0000011cfefc2520 JavaThread "Sweeper thread" daemon [_thread_blocked, id=3708, stack(0x0000000822d00000,0x0000000822e00000)]
  0x0000011cff063600 JavaThread "C1 CompilerThread1" daemon [_thread_blocked, id=8120, stack(0x0000000822e00000,0x0000000822f00000)]
  0x0000011cff2546d0 JavaThread "Notification Thread" daemon [_thread_blocked, id=22072, stack(0x0000000823100000,0x0000000823200000)]
  0x0000011cff25f1a0 JavaThread "Common-Cleaner" daemon [_thread_blocked, id=14996, stack(0x0000000823300000,0x0000000823400000)]
  0x0000011cd870fd50 JavaThread "Catalina-utility-1" [_thread_blocked, id=21824, stack(0x0000000824800000,0x0000000824900000)]
  0x0000011cd6a48340 JavaThread "Catalina-utility-2" [_thread_blocked, id=19940, stack(0x0000000824900000,0x0000000824a00000)]
  0x0000011cd6f3b130 JavaThread "container-0" [_thread_blocked, id=16240, stack(0x0000000824a00000,0x0000000824b00000)]
  0x0000011cd6f392d0 JavaThread "pool-4-thread-1" [_thread_in_native, id=21220, stack(0x0000000824d00000,0x0000000824e00000)]
  0x0000011cd6f3a710 JavaThread "I/O dispatcher 1" [_thread_in_native, id=19604, stack(0x0000000824e00000,0x0000000824f00000)]
  0x0000011cd6f397e0 JavaThread "I/O dispatcher 2" [_thread_in_native, id=22368, stack(0x0000000824f00000,0x0000000825000000)]
  0x0000011cd6f39cf0 JavaThread "I/O dispatcher 3" [_thread_in_native, id=10440, stack(0x0000000825000000,0x0000000825100000)]
  0x0000011cd6f3ac20 JavaThread "I/O dispatcher 4" [_thread_in_native, id=6616, stack(0x0000000825100000,0x0000000825200000)]
  0x0000011cd6f3b640 JavaThread "I/O dispatcher 5" [_thread_in_native, id=21192, stack(0x0000000825200000,0x0000000825300000)]
  0x0000011cd6f3bb50 JavaThread "I/O dispatcher 6" [_thread_in_native, id=14184, stack(0x0000000825300000,0x0000000825400000)]
  0x0000011cd6f388b0 JavaThread "I/O dispatcher 7" [_thread_in_native, id=10908, stack(0x0000000825400000,0x0000000825500000)]
  0x0000011cd4f78a50 JavaThread "I/O dispatcher 8" [_thread_in_native, id=22680, stack(0x0000000825500000,0x0000000825600000)]
  0x0000011cd4f78030 JavaThread "I/O dispatcher 9" [_thread_in_native, id=20992, stack(0x0000000825600000,0x0000000825700000)]
  0x0000011cd4f7a8b0 JavaThread "I/O dispatcher 10" [_thread_in_native, id=17884, stack(0x0000000825700000,0x0000000825800000)]
  0x0000011cd4f7adc0 JavaThread "I/O dispatcher 11" [_thread_in_native, id=16768, stack(0x0000000825800000,0x0000000825900000)]
  0x0000011cd4f7b2d0 JavaThread "I/O dispatcher 12" [_thread_in_native, id=7372, stack(0x0000000825900000,0x0000000825a00000)]
  0x0000011cd4f7a3a0 JavaThread "I/O dispatcher 13" [_thread_in_native, id=8076, stack(0x0000000825a00000,0x0000000825b00000)]
  0x0000011cd4f7b7e0 JavaThread "I/O dispatcher 14" [_thread_in_native, id=22244, stack(0x0000000825b00000,0x0000000825c00000)]
  0x0000011cd4f78540 JavaThread "I/O dispatcher 15" [_thread_in_native, id=22016, stack(0x0000000825c00000,0x0000000825d00000)]
  0x0000011cd4f78f60 JavaThread "I/O dispatcher 16" [_thread_in_native, id=5768, stack(0x0000000825d00000,0x0000000825e00000)]
  0x0000011cd4f79e90 JavaThread "http-nio-8081-BlockPoller" daemon [_thread_in_native, id=13512, stack(0x0000000825e00000,0x0000000825f00000)]
  0x0000011cd4f7bcf0 JavaThread "http-nio-8081-exec-1" daemon [_thread_in_vm, id=4772, stack(0x0000000825f00000,0x0000000826000000)]
  0x0000011cd4f7c200 JavaThread "http-nio-8081-exec-2" daemon [_thread_blocked, id=16636, stack(0x0000000826000000,0x0000000826100000)]
  0x0000011cd4f7c710 JavaThread "http-nio-8081-exec-3" daemon [_thread_blocked, id=18740, stack(0x0000000826100000,0x0000000826200000)]
  0x0000011cd4f79470 JavaThread "http-nio-8081-exec-4" daemon [_thread_blocked, id=21456, stack(0x0000000826200000,0x0000000826300000)]
  0x0000011cd4f7cc20 JavaThread "http-nio-8081-exec-5" daemon [_thread_blocked, id=16508, stack(0x0000000826300000,0x0000000826400000)]
  0x0000011cd4f7d130 JavaThread "http-nio-8081-exec-6" daemon [_thread_blocked, id=16664, stack(0x0000000826400000,0x0000000826500000)]
  0x0000011cd4f79980 JavaThread "http-nio-8081-exec-7" daemon [_thread_blocked, id=15828, stack(0x0000000826500000,0x0000000826600000)]
  0x0000011cd4f7ea80 JavaThread "http-nio-8081-exec-8" daemon [_thread_blocked, id=3636, stack(0x0000000826600000,0x0000000826700000)]
  0x0000011cd4f7e060 JavaThread "http-nio-8081-exec-9" daemon [_thread_blocked, id=21252, stack(0x0000000826700000,0x0000000826800000)]
  0x0000011cd4f7d640 JavaThread "http-nio-8081-exec-10" daemon [_thread_blocked, id=15284, stack(0x0000000826800000,0x0000000826900000)]
  0x0000011cd4f7db50 JavaThread "http-nio-8081-ClientPoller" daemon [_thread_in_native, id=22664, stack(0x0000000826900000,0x0000000826a00000)]
  0x0000011cd4f7e570 JavaThread "http-nio-8081-Acceptor" daemon [_thread_in_native, id=22960, stack(0x0000000826a00000,0x0000000826b00000)]
  0x0000011cd4f7ef90 JavaThread "DestroyJavaVM" [_thread_blocked, id=8552, stack(0x0000000821e00000,0x0000000821f00000)]
  0x0000011cdd385580 JavaThread "C2 CompilerThread1" daemon [_thread_in_native, id=19660, stack(0x0000000822f00000,0x0000000823000000)]
  0x0000011cdd384ae0 JavaThread "C2 CompilerThread2" daemon [_thread_in_native, id=21892, stack(0x0000000823400000,0x0000000823500000)]
  0x0000011cdd385030 JavaThread "C2 CompilerThread3" daemon [_thread_in_native, id=13304, stack(0x0000000823500000,0x0000000823600000)]
  0x0000011cdd384040 JavaThread "C2 CompilerThread4" daemon [_thread_in_native, id=12816, stack(0x0000000823600000,0x0000000823700000)]

Other Threads:
  0x0000011cfeb601e0 VMThread "VM Thread" [stack: 0x0000000822400000,0x0000000822500000] [id=21636]
  0x0000011cff25c470 WatcherThread [stack: 0x0000000823200000,0x0000000823300000] [id=22816]
  0x0000011ceabbe730 GCTaskThread "GC Thread#0" [stack: 0x0000000821f00000,0x0000000822000000] [id=17812]
  0x0000011cd4881740 GCTaskThread "GC Thread#1" [stack: 0x0000000823800000,0x0000000823900000] [id=8828]
  0x0000011cd45f5fc0 GCTaskThread "GC Thread#2" [stack: 0x0000000823900000,0x0000000823a00000] [id=13144]
  0x0000011cd45f6690 GCTaskThread "GC Thread#3" [stack: 0x0000000823a00000,0x0000000823b00000] [id=12708]
  0x0000011cd45f6950 GCTaskThread "GC Thread#4" [stack: 0x0000000823b00000,0x0000000823c00000] [id=4820]
  0x0000011cd4616290 GCTaskThread "GC Thread#5" [stack: 0x0000000823c00000,0x0000000823d00000] [id=21880]
  0x0000011cd45da300 GCTaskThread "GC Thread#6" [stack: 0x0000000823d00000,0x0000000823e00000] [id=19572]
  0x0000011cd45da5c0 GCTaskThread "GC Thread#7" [stack: 0x0000000823e00000,0x0000000823f00000] [id=16076]
  0x0000011cd45db640 GCTaskThread "GC Thread#8" [stack: 0x0000000823f00000,0x0000000824000000] [id=5848]
  0x0000011cd45dbbc0 GCTaskThread "GC Thread#9" [stack: 0x0000000823700000,0x0000000823800000] [id=20876]
  0x0000011cd45dab40 GCTaskThread "GC Thread#10" [stack: 0x0000000824000000,0x0000000824100000] [id=23300]
  0x0000011cd45db0c0 GCTaskThread "GC Thread#11" [stack: 0x0000000824100000,0x0000000824200000] [id=20228]
  0x0000011cd45da040 GCTaskThread "GC Thread#12" [stack: 0x0000000824200000,0x0000000824300000] [id=21360]
  0x0000011ceabd1440 ConcurrentGCThread "G1 Main Marker" [stack: 0x0000000822000000,0x0000000822100000] [id=3836]
  0x0000011ceabd2d60 ConcurrentGCThread "G1 Conc#0" [stack: 0x0000000822100000,0x0000000822200000] [id=22112]
  0x0000011cd45db380 ConcurrentGCThread "G1 Conc#1" [stack: 0x0000000824300000,0x0000000824400000] [id=21356]
  0x0000011cd596ae50 ConcurrentGCThread "G1 Conc#2" [stack: 0x0000000824400000,0x0000000824500000] [id=18084]
  0x0000011cfea17840 ConcurrentGCThread "G1 Refine#0" [stack: 0x0000000822200000,0x0000000822300000] [id=22092]
  0x0000011cfea19020 ConcurrentGCThread "G1 Service" [stack: 0x0000000822300000,0x0000000822400000] [id=23428]

Threads with active compile tasks:
C2 CompilerThread0    23512 8158       4       org.eclipse.jdt.internal.compiler.parser.Parser::consumeToken (2140 bytes)
C1 CompilerThread0    23512 8332       3       java.util.Arrays::copyOf (19 bytes)
C2 CompilerThread1    23513 7666       4       org.eclipse.jdt.internal.compiler.lookup.BinaryTypeBinding::createMethod (1613 bytes)
C2 CompilerThread2    23513 8316       4       org.springframework.asm.Frame::accept (264 bytes)
C2 CompilerThread3    23513 8265   !   4       org.eclipse.jdt.internal.compiler.lookup.BinaryTypeBinding::superInterfaces (279 bytes)
C2 CompilerThread4    23513 8243  s    4       org.eclipse.jdt.internal.compiler.classfmt.MethodInfo::readModifierRelatedAttributes (216 bytes)

VM state: not at safepoint (normal execution)

VM Mutex/Monitor currently owned by a thread: None

Heap address: 0x0000000709c00000, size: 3940 MB, Compressed Oops mode: Zero based, Oop shift amount: 3

CDS archive(s) mapped at: [0x0000011c8f000000-0x0000011c8fbd0000-0x0000011c8fbd0000), size 12386304, SharedBaseAddress: 0x0000011c8f000000, ArchiveRelocationMode: 1.
Compressed class space mapped at: 0x0000011c90000000-0x0000011cd0000000, reserved size: 1073741824
Narrow klass base: 0x0000011c8f000000, Narrow klass shift: 0, Narrow klass range: 0x100000000

GC Precious Log:
 CPUs: 16 total, 16 available
 Memory: 15752M
 Large Page Support: Disabled
 NUMA Support: Disabled
 Compressed Oops: Enabled (Zero based)
 Heap Region Size: 2M
 Heap Min Capacity: 8M
 Heap Initial Capacity: 248M
 Heap Max Capacity: 3940M
 Pre-touch: Disabled
 Parallel Workers: 13
 Concurrent Workers: 3
 Concurrent Refinement Workers: 13
 Periodic GC: Disabled

Heap:
 garbage-first heap   total 129024K, used 56473K [0x0000000709c00000, 0x0000000800000000)
  region size 2048K, 14 young (28672K), 1 survivors (2048K)
 Metaspace       used 72388K, committed 72768K, reserved 1114112K
  class space    used 9001K, committed 9152K, reserved 1048576K

Heap Regions: E=young(eden), S=young(survivor), O=old, HS=humongous(starts), HC=humongous(continues), CS=collection set, F=free, OA=open archive, CA=closed archive, TAMS=top-at-mark-start (previous, next)
|   0|0x0000000709c00000, 0x0000000709e00000, 0x0000000709e00000|100%| O|  |TAMS 0x0000000709e00000, 0x0000000709c00000| Untracked 
|   1|0x0000000709e00000, 0x000000070a000000, 0x000000070a000000|100%| O|  |TAMS 0x000000070a000000, 0x0000000709e00000| Untracked 
|   2|0x000000070a000000, 0x000000070a200000, 0x000000070a200000|100%| O|  |TAMS 0x000000070a200000, 0x000000070a000000| Untracked 
|   3|0x000000070a200000, 0x000000070a400000, 0x000000070a400000|100%| O|  |TAMS 0x000000070a400000, 0x000000070a200000| Untracked 
|   4|0x000000070a400000, 0x000000070a600000, 0x000000070a600000|100%| O|  |TAMS 0x000000070a600000, 0x000000070a400000| Untracked 
|   5|0x000000070a600000, 0x000000070a800000, 0x000000070a800000|100%| O|  |TAMS 0x000000070a800000, 0x000000070a600000| Untracked 
|   6|0x000000070a800000, 0x000000070aa00000, 0x000000070aa00000|100%| O|  |TAMS 0x000000070aa00000, 0x000000070a800000| Untracked 
|   7|0x000000070aa00000, 0x000000070ac00000, 0x000000070ac00000|100%| O|  |TAMS 0x000000070ac00000, 0x000000070aa00000| Untracked 
|   8|0x000000070ac00000, 0x000000070ac00000, 0x000000070ae00000|  0%| F|  |TAMS 0x000000070ac00000, 0x000000070ac00000| Untracked 
|   9|0x000000070ae00000, 0x000000070b000000, 0x000000070b000000|100%| O|  |TAMS 0x000000070ae00000, 0x000000070ae00000| Untracked 
|  10|0x000000070b000000, 0x000000070b200000, 0x000000070b200000|100%| O|  |TAMS 0x000000070b200000, 0x000000070b000000| Untracked 
|  11|0x000000070b200000, 0x000000070b400000, 0x000000070b400000|100%| O|  |TAMS 0x000000070b400000, 0x000000070b200000| Untracked 
|  12|0x000000070b400000, 0x000000070b600000, 0x000000070b600000|100%| O|  |TAMS 0x000000070b46e400, 0x000000070b400000| Untracked 
|  13|0x000000070b600000, 0x000000070b800000, 0x000000070b800000|100%| O|  |TAMS 0x000000070b600000, 0x000000070b600000| Untracked 
|  14|0x000000070b800000, 0x000000070ba00000, 0x000000070ba00000|100%| O|  |TAMS 0x000000070b800000, 0x000000070b800000| Untracked 
|  15|0x000000070ba00000, 0x000000070bc00000, 0x000000070bc00000|100%| O|  |TAMS 0x000000070ba00000, 0x000000070ba00000| Untracked 
|  16|0x000000070bc00000, 0x000000070bd45400, 0x000000070be00000| 63%| O|  |TAMS 0x000000070bc00000, 0x000000070bc00000| Untracked 
|  17|0x000000070be00000, 0x000000070be00000, 0x000000070c000000|  0%| F|  |TAMS 0x000000070be00000, 0x000000070be00000| Untracked 
|  18|0x000000070c000000, 0x000000070c000000, 0x000000070c200000|  0%| F|  |TAMS 0x000000070c000000, 0x000000070c000000| Untracked 
|  19|0x000000070c200000, 0x000000070c200000, 0x000000070c400000|  0%| F|  |TAMS 0x000000070c200000, 0x000000070c200000| Untracked 
|  20|0x000000070c400000, 0x000000070c400000, 0x000000070c600000|  0%| F|  |TAMS 0x000000070c400000, 0x000000070c400000| Untracked 
|  21|0x000000070c600000, 0x000000070c600000, 0x000000070c800000|  0%| F|  |TAMS 0x000000070c600000, 0x000000070c600000| Untracked 
|  22|0x000000070c800000, 0x000000070c800000, 0x000000070ca00000|  0%| F|  |TAMS 0x000000070c800000, 0x000000070c800000| Untracked 
|  23|0x000000070ca00000, 0x000000070ca00000, 0x000000070cc00000|  0%| F|  |TAMS 0x000000070ca00000, 0x000000070ca00000| Untracked 
|  24|0x000000070cc00000, 0x000000070cde1278, 0x000000070ce00000| 93%| S|CS|TAMS 0x000000070cc00000, 0x000000070cc00000| Complete 
|  25|0x000000070ce00000, 0x000000070ce00000, 0x000000070d000000|  0%| F|  |TAMS 0x000000070ce00000, 0x000000070ce00000| Untracked 
|  26|0x000000070d000000, 0x000000070d000000, 0x000000070d200000|  0%| F|  |TAMS 0x000000070d000000, 0x000000070d000000| Untracked 
|  27|0x000000070d200000, 0x000000070d200000, 0x000000070d400000|  0%| F|  |TAMS 0x000000070d200000, 0x000000070d200000| Untracked 
|  28|0x000000070d400000, 0x000000070d400000, 0x000000070d600000|  0%| F|  |TAMS 0x000000070d400000, 0x000000070d400000| Untracked 
|  29|0x000000070d600000, 0x000000070d600000, 0x000000070d800000|  0%| F|  |TAMS 0x000000070d600000, 0x000000070d600000| Untracked 
|  30|0x000000070d800000, 0x000000070d800000, 0x000000070da00000|  0%| F|  |TAMS 0x000000070d800000, 0x000000070d800000| Untracked 
|  31|0x000000070da00000, 0x000000070da00000, 0x000000070dc00000|  0%| F|  |TAMS 0x000000070da00000, 0x000000070da00000| Untracked 
|  32|0x000000070dc00000, 0x000000070dc00000, 0x000000070de00000|  0%| F|  |TAMS 0x000000070dc00000, 0x000000070dc00000| Untracked 
|  33|0x000000070de00000, 0x000000070de00000, 0x000000070e000000|  0%| F|  |TAMS 0x000000070de00000, 0x000000070de00000| Untracked 
|  34|0x000000070e000000, 0x000000070e000000, 0x000000070e200000|  0%| F|  |TAMS 0x000000070e000000, 0x000000070e000000| Untracked 
|  35|0x000000070e200000, 0x000000070e200000, 0x000000070e400000|  0%| F|  |TAMS 0x000000070e200000, 0x000000070e200000| Untracked 
|  36|0x000000070e400000, 0x000000070e400000, 0x000000070e600000|  0%| F|  |TAMS 0x000000070e400000, 0x000000070e400000| Untracked 
|  37|0x000000070e600000, 0x000000070e600000, 0x000000070e800000|  0%| F|  |TAMS 0x000000070e600000, 0x000000070e600000| Untracked 
|  38|0x000000070e800000, 0x000000070e800000, 0x000000070ea00000|  0%| F|  |TAMS 0x000000070e800000, 0x000000070e800000| Untracked 
|  39|0x000000070ea00000, 0x000000070ea00000, 0x000000070ec00000|  0%| F|  |TAMS 0x000000070ea00000, 0x000000070ea00000| Untracked 
|  40|0x000000070ec00000, 0x000000070ec00000, 0x000000070ee00000|  0%| F|  |TAMS 0x000000070ec00000, 0x000000070ec00000| Untracked 
|  41|0x000000070ee00000, 0x000000070ee00000, 0x000000070f000000|  0%| F|  |TAMS 0x000000070ee00000, 0x000000070ee00000| Untracked 
|  42|0x000000070f000000, 0x000000070f000000, 0x000000070f200000|  0%| F|  |TAMS 0x000000070f000000, 0x000000070f000000| Untracked 
|  43|0x000000070f200000, 0x000000070f200000, 0x000000070f400000|  0%| F|  |TAMS 0x000000070f200000, 0x000000070f200000| Untracked 
|  44|0x000000070f400000, 0x000000070f400000, 0x000000070f600000|  0%| F|  |TAMS 0x000000070f400000, 0x000000070f400000| Untracked 
|  45|0x000000070f600000, 0x000000070f600000, 0x000000070f800000|  0%| F|  |TAMS 0x000000070f600000, 0x000000070f600000| Untracked 
|  46|0x000000070f800000, 0x000000070f800000, 0x000000070fa00000|  0%| F|  |TAMS 0x000000070f800000, 0x000000070f800000| Untracked 
|  47|0x000000070fa00000, 0x000000070fa00000, 0x000000070fc00000|  0%| F|  |TAMS 0x000000070fa00000, 0x000000070fa00000| Untracked 
|  48|0x000000070fc00000, 0x000000070fc00000, 0x000000070fe00000|  0%| F|  |TAMS 0x000000070fc00000, 0x000000070fc00000| Untracked 
|  49|0x000000070fe00000, 0x000000070fe00000, 0x0000000710000000|  0%| F|  |TAMS 0x000000070fe00000, 0x000000070fe00000| Untracked 
|  50|0x0000000710000000, 0x00000007101c8bd0, 0x0000000710200000| 89%| E|  |TAMS 0x0000000710000000, 0x0000000710000000| Complete 
|  51|0x0000000710200000, 0x0000000710400000, 0x0000000710400000|100%| E|CS|TAMS 0x0000000710200000, 0x0000000710200000| Complete 
|  52|0x0000000710400000, 0x0000000710600000, 0x0000000710600000|100%| E|CS|TAMS 0x0000000710400000, 0x0000000710400000| Complete 
|  53|0x0000000710600000, 0x0000000710800000, 0x0000000710800000|100%| E|CS|TAMS 0x0000000710600000, 0x0000000710600000| Complete 
|  54|0x0000000710800000, 0x0000000710a00000, 0x0000000710a00000|100%| E|CS|TAMS 0x0000000710800000, 0x0000000710800000| Complete 
|  55|0x0000000710a00000, 0x0000000710c00000, 0x0000000710c00000|100%| E|CS|TAMS 0x0000000710a00000, 0x0000000710a00000| Complete 
|  56|0x0000000710c00000, 0x0000000710e00000, 0x0000000710e00000|100%| E|CS|TAMS 0x0000000710c00000, 0x0000000710c00000| Complete 
|  57|0x0000000710e00000, 0x0000000711000000, 0x0000000711000000|100%| E|CS|TAMS 0x0000000710e00000, 0x0000000710e00000| Complete 
|  58|0x0000000711000000, 0x0000000711200000, 0x0000000711200000|100%| E|CS|TAMS 0x0000000711000000, 0x0000000711000000| Complete 
|  59|0x0000000711200000, 0x0000000711400000, 0x0000000711400000|100%| E|CS|TAMS 0x0000000711200000, 0x0000000711200000| Complete 
|  61|0x0000000711600000, 0x0000000711800000, 0x0000000711800000|100%| E|  |TAMS 0x0000000711600000, 0x0000000711600000| Complete 
|  62|0x0000000711800000, 0x0000000711a00000, 0x0000000711a00000|100%| E|CS|TAMS 0x0000000711800000, 0x0000000711800000| Complete 
| 123|0x0000000719200000, 0x0000000719400000, 0x0000000719400000|100%| E|CS|TAMS 0x0000000719200000, 0x0000000719200000| Complete 

Card table byte_map: [0x0000011cf3430000,0x0000011cf3bf0000] _byte_map_base: 0x0000011cefbe2000

Marking Bits (Prev, Next): (CMBitMap*) 0x0000011ceabc00a0, (CMBitMap*) 0x0000011ceabc0060
 Prev Bits: [0x0000011cf8140000, 0x0000011cfbed0000)
 Next Bits: [0x0000011cf43b0000, 0x0000011cf8140000)

Polling page: 0x0000011ce8840000

Metaspace:

Usage:
  Non-class:     61.90 MB used.
      Class:      8.79 MB used.
       Both:     70.69 MB used.

Virtual space:
  Non-class space:       64.00 MB reserved,      62.12 MB ( 97%) committed,  1 nodes.
      Class space:        1.00 GB reserved,       8.94 MB ( <1%) committed,  1 nodes.
             Both:        1.06 GB reserved,      71.06 MB (  7%) committed. 

Chunk freelists:
   Non-Class:  1.27 MB
       Class:  6.94 MB
        Both:  8.21 MB

MaxMetaspaceSize: unlimited
CompressedClassSpaceSize: 1.00 GB
Initial GC threshold: 21.00 MB
Current GC threshold: 98.12 MB
CDS: on
MetaspaceReclaimPolicy: balanced
 - commit_granule_bytes: 65536.
 - commit_granule_words: 8192.
 - virtual_space_node_default_size: 8388608.
 - enlarge_chunks_in_place: 1.
 - new_chunks_are_fully_committed: 0.
 - uncommit_free_chunks: 1.
 - use_allocation_guard: 0.
 - handle_deallocations: 1.


Internal statistics:

num_allocs_failed_limit: 9.
num_arena_births: 510.
num_arena_deaths: 0.
num_vsnodes_births: 2.
num_vsnodes_deaths: 0.
num_space_committed: 1137.
num_space_uncommitted: 0.
num_chunks_returned_to_freelist: 9.
num_chunks_taken_from_freelist: 3001.
num_chunk_merges: 9.
num_chunk_splits: 2139.
num_chunks_enlarged: 1677.
num_inconsistent_stats: 0.

CodeHeap 'non-profiled nmethods': size=119168Kb used=4733Kb max_used=5594Kb free=114435Kb
 bounds [0x0000011c87ba0000, 0x0000011c88120000, 0x0000011c8f000000]
CodeHeap 'profiled nmethods': size=119104Kb used=15397Kb max_used=16292Kb free=103706Kb
 bounds [0x0000011c80000000, 0x0000011c81030000, 0x0000011c87450000]
CodeHeap 'non-nmethods': size=7488Kb used=1935Kb max_used=3125Kb free=5553Kb
 bounds [0x0000011c87450000, 0x0000011c87770000, 0x0000011c87ba0000]
 total_blobs=7689 nmethods=6980 adapters=619
 compilation: enabled
              stopped_count=0, restarted_count=0
 full_count=0

Compilation events (20 events):
Event: 21.453 Thread 0x0000011cfefc1800 nmethod 8278 0x0000011c802e3190 code [0x0000011c802e3340, 0x0000011c802e3638]
Event: 21.453 Thread 0x0000011cfefc1800 8281       3       org.eclipse.jdt.internal.compiler.lookup.LocalVariableBinding::recordInitializationEndPC (36 bytes)
Event: 21.454 Thread 0x0000011cfefc1800 nmethod 8281 0x0000011c80271390 code [0x0000011c80271520, 0x0000011c80271698]
Event: 21.454 Thread 0x0000011cfefc1800 8282       3       org.eclipse.jdt.internal.compiler.ClassFile::initializeLocals (189 bytes)
Event: 21.454 Thread 0x0000011cdd382b00 nmethod 8279 0x0000011c80833190 code [0x0000011c808333e0, 0x0000011c80833db8]
Event: 21.454 Thread 0x0000011cdd382b00 8283       3       org.eclipse.jdt.internal.compiler.codegen.VerificationTypeInfo::duplicate (42 bytes)
Event: 21.454 Thread 0x0000011cdd384590 nmethod 8280 0x0000011c80145910 code [0x0000011c80145bc0, 0x0000011c80146c38]
Event: 21.454 Thread 0x0000011cdd382b00 nmethod 8283 0x0000011c80443110 code [0x0000011c804432c0, 0x0000011c80443578]
Event: 21.454 Thread 0x0000011cdd384590 8284       3       org.eclipse.jdt.internal.compiler.codegen.VerificationTypeInfo::<init> (5 bytes)
Event: 21.454 Thread 0x0000011cdd382b00 8285       3       org.eclipse.jdt.internal.compiler.codegen.StackMapFrame::getOffsetDelta (36 bytes)
Event: 21.454 Thread 0x0000011cdd384590 nmethod 8284 0x0000011c804a7990 code [0x0000011c804a7b20, 0x0000011c804a7c78]
Event: 21.455 Thread 0x0000011cfefc1800 nmethod 8282 0x0000011c8030c090 code [0x0000011c8030c2a0, 0x0000011c8030ccc8]
Event: 21.455 Thread 0x0000011cdd382b00 nmethod 8285 0x0000011c801f2310 code [0x0000011c801f24c0, 0x0000011c801f26b8]
Event: 21.456 Thread 0x0000011cff063600 nmethod 8276 0x0000011c80746090 code [0x0000011c807465a0, 0x0000011c8074a4e8]
Event: 21.457 Thread 0x0000011cff063600 8286       3       java.util.WeakHashMap::<init> (133 bytes)
Event: 21.459 Thread 0x0000011cff063600 nmethod 8286 0x0000011c801f9190 code [0x0000011c801f94e0, 0x0000011c801fa9e8]
Event: 21.465 Thread 0x0000011cff063600 8287       1       java.lang.Thread::getThreadGroup (5 bytes)
Event: 21.465 Thread 0x0000011cff063600 nmethod 8287 0x0000011c87c66690 code [0x0000011c87c66820, 0x0000011c87c668f8]
Event: 21.815 Thread 0x0000011cdd382b00 8288       3       java.lang.Enum::compareTo (44 bytes)
Event: 21.815 Thread 0x0000011cdd384590 8289       3       sun.nio.ch.SelectorImpl::keys (9 bytes)

GC Heap History (20 events):
Event: 2.473 GC heap before
{Heap before GC invocations=7 (full 0):
 garbage-first heap   total 61440K, used 39927K [0x0000000709c00000, 0x0000000800000000)
  region size 2048K, 12 young (24576K), 1 survivors (2048K)
 Metaspace       used 30102K, committed 30336K, reserved 1114112K
  class space    used 3800K, committed 3904K, reserved 1048576K
}
Event: 2.476 GC heap after
{Heap after GC invocations=8 (full 0):
 garbage-first heap   total 157696K, used 17913K [0x0000000709c00000, 0x0000000800000000)
  region size 2048K, 1 young (2048K), 1 survivors (2048K)
 Metaspace       used 30102K, committed 30336K, reserved 1114112K
  class space    used 3800K, committed 3904K, reserved 1048576K
}
Event: 3.086 GC heap before
{Heap before GC invocations=8 (full 0):
 garbage-first heap   total 157696K, used 44537K [0x0000000709c00000, 0x0000000800000000)
  region size 2048K, 15 young (30720K), 1 survivors (2048K)
 Metaspace       used 35690K, committed 35968K, reserved 1114112K
  class space    used 4484K, committed 4608K, reserved 1048576K
}
Event: 3.088 GC heap after
{Heap after GC invocations=9 (full 0):
 garbage-first heap   total 157696K, used 20024K [0x0000000709c00000, 0x0000000800000000)
  region size 2048K, 2 young (4096K), 2 survivors (4096K)
 Metaspace       used 35690K, committed 35968K, reserved 1114112K
  class space    used 4484K, committed 4608K, reserved 1048576K
}
Event: 4.002 GC heap before
{Heap before GC invocations=10 (full 0):
 garbage-first heap   total 81920K, used 65080K [0x0000000709c00000, 0x0000000800000000)
  region size 2048K, 24 young (49152K), 2 survivors (4096K)
 Metaspace       used 50104K, committed 50432K, reserved 1114112K
  class space    used 6450K, committed 6592K, reserved 1048576K
}
Event: 4.005 GC heap after
{Heap after GC invocations=11 (full 0):
 garbage-first heap   total 81920K, used 23147K [0x0000000709c00000, 0x0000000800000000)
  region size 2048K, 3 young (6144K), 3 survivors (6144K)
 Metaspace       used 50104K, committed 50432K, reserved 1114112K
  class space    used 6450K, committed 6592K, reserved 1048576K
}
Event: 4.044 GC heap before
{Heap before GC invocations=11 (full 0):
 garbage-first heap   total 81920K, used 25195K [0x0000000709c00000, 0x0000000800000000)
  region size 2048K, 4 young (8192K), 3 survivors (6144K)
 Metaspace       used 50605K, committed 50944K, reserved 1114112K
  class space    used 6562K, committed 6720K, reserved 1048576K
}
Event: 4.047 GC heap after
{Heap after GC invocations=12 (full 0):
 garbage-first heap   total 81920K, used 23802K [0x0000000709c00000, 0x0000000800000000)
  region size 2048K, 1 young (2048K), 1 survivors (2048K)
 Metaspace       used 50605K, committed 50944K, reserved 1114112K
  class space    used 6562K, committed 6720K, reserved 1048576K
}
Event: 4.513 GC heap before
{Heap before GC invocations=12 (full 0):
 garbage-first heap   total 81920K, used 58618K [0x0000000709c00000, 0x0000000800000000)
  region size 2048K, 18 young (36864K), 1 survivors (2048K)
 Metaspace       used 55090K, committed 55424K, reserved 1114112K
  class space    used 7136K, committed 7296K, reserved 1048576K
}
Event: 4.515 GC heap after
{Heap after GC invocations=13 (full 0):
 garbage-first heap   total 81920K, used 25417K [0x0000000709c00000, 0x0000000800000000)
  region size 2048K, 2 young (4096K), 2 survivors (4096K)
 Metaspace       used 55090K, committed 55424K, reserved 1114112K
  class space    used 7136K, committed 7296K, reserved 1048576K
}
Event: 5.401 GC heap before
{Heap before GC invocations=13 (full 0):
 garbage-first heap   total 81920K, used 58185K [0x0000000709c00000, 0x0000000800000000)
  region size 2048K, 19 young (38912K), 2 survivors (4096K)
 Metaspace       used 58812K, committed 59264K, reserved 1114112K
  class space    used 7643K, committed 7872K, reserved 1048576K
}
Event: 5.404 GC heap after
{Heap after GC invocations=14 (full 0):
 garbage-first heap   total 81920K, used 29113K [0x0000000709c00000, 0x0000000800000000)
  region size 2048K, 3 young (6144K), 3 survivors (6144K)
 Metaspace       used 58812K, committed 59264K, reserved 1114112K
  class space    used 7643K, committed 7872K, reserved 1048576K
}
Event: 5.589 GC heap before
{Heap before GC invocations=14 (full 0):
 garbage-first heap   total 81920K, used 33209K [0x0000000709c00000, 0x0000000800000000)
  region size 2048K, 6 young (12288K), 3 survivors (6144K)
 Metaspace       used 59833K, committed 60160K, reserved 1114112K
  class space    used 7798K, committed 7936K, reserved 1048576K
}
Event: 5.592 GC heap after
{Heap after GC invocations=15 (full 0):
 garbage-first heap   total 81920K, used 30601K [0x0000000709c00000, 0x0000000800000000)
  region size 2048K, 1 young (2048K), 1 survivors (2048K)
 Metaspace       used 59833K, committed 60160K, reserved 1114112K
  class space    used 7798K, committed 7936K, reserved 1048576K
}
Event: 17.640 GC heap before
{Heap before GC invocations=16 (full 0):
 garbage-first heap   total 81920K, used 59273K [0x0000000709c00000, 0x0000000800000000)
  region size 2048K, 16 young (32768K), 1 survivors (2048K)
 Metaspace       used 65688K, committed 66048K, reserved 1114112K
  class space    used 8484K, committed 8640K, reserved 1048576K
}
Event: 17.643 GC heap after
{Heap after GC invocations=17 (full 0):
 garbage-first heap   total 81920K, used 32574K [0x0000000709c00000, 0x0000000800000000)
  region size 2048K, 2 young (4096K), 2 survivors (4096K)
 Metaspace       used 65688K, committed 66048K, reserved 1114112K
  class space    used 8484K, committed 8640K, reserved 1048576K
}
Event: 17.668 GC heap before
{Heap before GC invocations=17 (full 0):
 garbage-first heap   total 81920K, used 34622K [0x0000000709c00000, 0x0000000800000000)
  region size 2048K, 3 young (6144K), 2 survivors (4096K)
 Metaspace       used 66244K, committed 66688K, reserved 1114112K
  class space    used 8520K, committed 8704K, reserved 1048576K
}
Event: 17.671 GC heap after
{Heap after GC invocations=18 (full 0):
 garbage-first heap   total 81920K, used 32573K [0x0000000709c00000, 0x0000000800000000)
  region size 2048K, 1 young (2048K), 1 survivors (2048K)
 Metaspace       used 66244K, committed 66688K, reserved 1114112K
  class space    used 8520K, committed 8704K, reserved 1048576K
}
Event: 18.114 GC heap before
{Heap before GC invocations=18 (full 0):
 garbage-first heap   total 81920K, used 59197K [0x0000000709c00000, 0x0000000800000000)
  region size 2048K, 15 young (30720K), 1 survivors (2048K)
 Metaspace       used 71190K, committed 71552K, reserved 1114112K
  class space    used 8927K, committed 9088K, reserved 1048576K
}
Event: 18.116 GC heap after
{Heap after GC invocations=19 (full 0):
 garbage-first heap   total 129024K, used 33945K [0x0000000709c00000, 0x0000000800000000)
  region size 2048K, 1 young (2048K), 1 survivors (2048K)
 Metaspace       used 71190K, committed 71552K, reserved 1114112K
  class space    used 8927K, committed 9088K, reserved 1048576K
}

Deoptimization events (20 events):
Event: 18.218 Thread 0x0000011cd4f7bcf0 DEOPT PACKING pc=0x0000011c800549db sp=0x0000000825ff90f0
Event: 18.218 Thread 0x0000011cd4f7bcf0 DEOPT UNPACKING pc=0x0000011c874a2b43 sp=0x0000000825ff8610 mode 0
Event: 18.242 Thread 0x0000011cd4f7bcf0 Uncommon trap: trap_request=0xffffff45 fr.pc=0x0000011c880eb074 relative=0x0000000000001514
Event: 18.242 Thread 0x0000011cd4f7bcf0 Uncommon trap: reason=unstable_if action=reinterpret pc=0x0000011c880eb074 method=java.lang.String.<init>([BIILjava/nio/charset/Charset;)V @ 62 c2
Event: 18.242 Thread 0x0000011cd4f7bcf0 DEOPT PACKING pc=0x0000011c880eb074 sp=0x0000000825ffa720
Event: 18.243 Thread 0x0000011cd4f7bcf0 DEOPT UNPACKING pc=0x0000011c874a23a3 sp=0x0000000825ffa6f8 mode 2
Event: 18.243 Thread 0x0000011cd4f7bcf0 Uncommon trap: trap_request=0xffffff45 fr.pc=0x0000011c87c53694 relative=0x0000000000000194
Event: 18.243 Thread 0x0000011cd4f7bcf0 Uncommon trap: reason=unstable_if action=reinterpret pc=0x0000011c87c53694 method=java.lang.String.equals(Ljava/lang/Object;)Z @ 33 c2
Event: 18.243 Thread 0x0000011cd4f7bcf0 DEOPT PACKING pc=0x0000011c87c53694 sp=0x0000000825ffa8c0
Event: 18.243 Thread 0x0000011cd4f7bcf0 DEOPT UNPACKING pc=0x0000011c874a23a3 sp=0x0000000825ffa860 mode 2
Event: 19.284 Thread 0x0000011cd4f7bcf0 DEOPT PACKING pc=0x0000011c80d1df4a sp=0x0000000825ff9260
Event: 19.284 Thread 0x0000011cd4f7bcf0 DEOPT UNPACKING pc=0x0000011c874a2b43 sp=0x0000000825ff8700 mode 0
Event: 21.370 Thread 0x0000011cd4f7bcf0 DEOPT PACKING pc=0x0000011c80ca177c sp=0x0000000825ff8a70
Event: 21.370 Thread 0x0000011cd4f7bcf0 DEOPT UNPACKING pc=0x0000011c874a2b43 sp=0x0000000825ff7fc8 mode 0
Event: 21.420 Thread 0x0000011cd4f7bcf0 DEOPT PACKING pc=0x0000011c80ce35e8 sp=0x0000000825ff8860
Event: 21.420 Thread 0x0000011cd4f7bcf0 DEOPT UNPACKING pc=0x0000011c874a2b43 sp=0x0000000825ff7d00 mode 0
Event: 21.421 Thread 0x0000011cd4f7bcf0 Uncommon trap: trap_request=0xffffff45 fr.pc=0x0000011c881032d0 relative=0x0000000000002bd0
Event: 21.421 Thread 0x0000011cd4f7bcf0 Uncommon trap: reason=unstable_if action=reinterpret pc=0x0000011c881032d0 method=org.eclipse.jdt.internal.compiler.parser.Parser.consumeRule(I)V @ 1 c2
Event: 21.421 Thread 0x0000011cd4f7bcf0 DEOPT PACKING pc=0x0000011c881032d0 sp=0x0000000825ff8b70
Event: 21.421 Thread 0x0000011cd4f7bcf0 DEOPT UNPACKING pc=0x0000011c874a23a3 sp=0x0000000825ff8b50 mode 2

Classes unloaded (0 events):
No events

Classes redefined (0 events):
No events

Internal exceptions (20 events):
Event: 17.569 Thread 0x0000011cd4f7bcf0 Exception <a 'java/lang/ClassNotFoundException'{0x000000070ce56c40}: java/lang/ObjectBeanInfo> (0x000000070ce56c40) 
thrown [s\open\src\hotspot\share\classfile\systemDictionary.cpp, line 256]
Event: 17.570 Thread 0x0000011cd4f7bcf0 Exception <a 'java/lang/ClassNotFoundException'{0x000000070ce5a2e0}: java/lang/ObjectCustomizer> (0x000000070ce5a2e0) 
thrown [s\open\src\hotspot\share\classfile\systemDictionary.cpp, line 256]
Event: 17.571 Thread 0x0000011cd4f7bcf0 Exception <a 'java/lang/ClassNotFoundException'{0x000000070ce63a10}: javax/servlet/jsp/tagext/SimpleTagSupportCustomizer> (0x000000070ce63a10) 
thrown [s\open\src\hotspot\share\classfile\systemDictionary.cpp, line 256]
Event: 17.572 Thread 0x0000011cd4f7bcf0 Exception <a 'java/lang/ClassNotFoundException'{0x000000070ce71ff8}: org/apache/tiles/jsp/taglib/InsertAttributeTagCustomizer> (0x000000070ce71ff8) 
thrown [s\open\src\hotspot\share\classfile\systemDictionary.cpp, line 256]
Event: 17.783 Thread 0x0000011cd4f7bcf0 Exception <a 'java/lang/ArrayIndexOutOfBoundsException'{0x000000070de3ff08}: Index 15380 out of bounds for length 15380> (0x000000070de3ff08) 
thrown [s\open\src\hotspot\share\interpreter\interpreterRuntime.cpp, line 428]
Event: 18.007 Thread 0x0000011cd4f7bcf0 Exception <a 'java/lang/ArrayIndexOutOfBoundsException'{0x000000070d48e6a8}> (0x000000070d48e6a8) 
thrown [s\open\src\hotspot\share\runtime\sharedRuntime.cpp, line 631]
Event: 18.071 Thread 0x0000011cd4f7bcf0 Exception <a 'java/lang/ClassNotFoundException'{0x000000070d148158}: org/apache/taglibs/standard/tag/rt/core/ImportTagBeanInfo> (0x000000070d148158) 
thrown [s\open\src\hotspot\share\classfile\systemDictionary.cpp, line 256]
Event: 18.072 Thread 0x0000011cd4f7bcf0 Exception <a 'java/lang/ClassNotFoundException'{0x000000070d14f290}: org/apache/taglibs/standard/tag/common/core/ImportSupportBeanInfo> (0x000000070d14f290) 
thrown [s\open\src\hotspot\share\classfile\systemDictionary.cpp, line 256]
Event: 18.073 Thread 0x0000011cd4f7bcf0 Exception <a 'java/lang/ClassNotFoundException'{0x000000070d155bc8}: javax/servlet/jsp/tagext/BodyTagSupportBeanInfo> (0x000000070d155bc8) 
thrown [s\open\src\hotspot\share\classfile\systemDictionary.cpp, line 256]
Event: 18.073 Thread 0x0000011cd4f7bcf0 Exception <a 'java/lang/ClassNotFoundException'{0x000000070d15c3f0}: javax/servlet/jsp/tagext/TagSupportBeanInfo> (0x000000070d15c3f0) 
thrown [s\open\src\hotspot\share\classfile\systemDictionary.cpp, line 256]
Event: 18.073 Thread 0x0000011cd4f7bcf0 Exception <a 'java/lang/ClassNotFoundException'{0x000000070d162bf8}: javax/servlet/jsp/tagext/TagSupportCustomizer> (0x000000070d162bf8) 
thrown [s\open\src\hotspot\share\classfile\systemDictionary.cpp, line 256]
Event: 18.075 Thread 0x0000011cd4f7bcf0 Exception <a 'java/lang/ClassNotFoundException'{0x000000070d1742e8}: javax/servlet/jsp/tagext/BodyTagSupportCustomizer> (0x000000070d1742e8) 
thrown [s\open\src\hotspot\share\classfile\systemDictionary.cpp, line 256]
Event: 18.076 Thread 0x0000011cd4f7bcf0 Exception <a 'java/lang/ClassNotFoundException'{0x000000070d183db8}: org/apache/taglibs/standard/tag/common/core/ImportSupportCustomizer> (0x000000070d183db8) 
thrown [s\open\src\hotspot\share\classfile\systemDictionary.cpp, line 256]
Event: 18.078 Thread 0x0000011cd4f7bcf0 Exception <a 'java/lang/ClassNotFoundException'{0x000000070d198a70}: org/apache/taglibs/standard/tag/rt/core/ImportTagCustomizer> (0x000000070d198a70) 
thrown [s\open\src\hotspot\share\classfile\systemDictionary.cpp, line 256]
Event: 18.082 Thread 0x0000011cd4f7bcf0 Exception <a 'java/lang/ArrayIndexOutOfBoundsException'{0x000000070d1d9ff0}> (0x000000070d1d9ff0) 
thrown [s\open\src\hotspot\share\runtime\sharedRuntime.cpp, line 631]
Event: 18.175 Thread 0x0000011cd4f7bcf0 Exception <a 'java/lang/ArrayIndexOutOfBoundsException'{0x0000000711676388}> (0x0000000711676388) 
thrown [s\open\src\hotspot\share\runtime\sharedRuntime.cpp, line 631]
Event: 19.303 Thread 0x0000011cd4f7bcf0 Exception <a 'java/lang/ArrayIndexOutOfBoundsException'{0x0000000710f75008}> (0x0000000710f75008) 
thrown [s\open\src\hotspot\share\runtime\sharedRuntime.cpp, line 631]
Event: 21.407 Thread 0x0000011cd4f7bcf0 Exception <a 'java/lang/ArrayIndexOutOfBoundsException'{0x000000071066d370}> (0x000000071066d370) 
thrown [s\open\src\hotspot\share\runtime\sharedRuntime.cpp, line 631]
Event: 21.466 Thread 0x0000011cd4f7bcf0 Exception <a 'java/lang/ClassNotFoundException'{0x000000071034a2f0}: com/laptrinhoop/service/impl/CartService$$EnhancerBySpringCGLIB$$bc8f1201BeanInfo> (0x000000071034a2f0) 
thrown [s\open\src\hotspot\share\classfile\systemDictionary.cpp, line 256]
Event: 21.467 Thread 0x0000011cd4f7bcf0 Exception <a 'java/lang/ClassNotFoundException'{0x0000000710352480}: com/laptrinhoop/service/impl/CartServiceBeanInfo> (0x0000000710352480) 
thrown [s\open\src\hotspot\share\classfile\systemDictionary.cpp, line 256]

VM Operations (20 events):
Event: 17.643 Executing VM operation: G1CollectForAllocation done
Event: 17.668 Executing VM operation: G1CollectForAllocation
Event: 17.671 Executing VM operation: G1CollectForAllocation done
Event: 17.840 Executing VM operation: HandshakeAllThreads
Event: 17.840 Executing VM operation: HandshakeAllThreads done
Event: 18.113 Executing VM operation: G1CollectForAllocation
Event: 18.116 Executing VM operation: G1CollectForAllocation done
Event: 18.203 Executing VM operation: HandshakeAllThreads
Event: 18.203 Executing VM operation: HandshakeAllThreads done
Event: 19.218 Executing VM operation: Cleanup
Event: 19.287 Executing VM operation: Cleanup done
Event: 19.288 Executing VM operation: HandshakeAllThreads
Event: 19.288 Executing VM operation: HandshakeAllThreads done
Event: 19.310 Executing VM operation: HandshakeAllThreads
Event: 19.310 Executing VM operation: HandshakeAllThreads done
Event: 20.321 Executing VM operation: Cleanup
Event: 20.352 Executing VM operation: Cleanup done
Event: 21.366 Executing VM operation: Cleanup
Event: 21.367 Executing VM operation: Cleanup done
Event: 22.383 Executing VM operation: Cleanup

Events (20 events):
Event: 19.328 Thread 0x0000011cfefc2520 flushing nmethod 0x0000011c80e02d10
Event: 19.328 Thread 0x0000011cfefc2520 flushing nmethod 0x0000011c80e03590
Event: 19.328 Thread 0x0000011cfefc2520 flushing nmethod 0x0000011c80e09810
Event: 19.328 Thread 0x0000011cfefc2520 flushing nmethod 0x0000011c80e0ee10
Event: 19.328 Thread 0x0000011cfefc2520 flushing nmethod 0x0000011c80e14390
Event: 19.328 Thread 0x0000011cfefc2520 flushing nmethod 0x0000011c80e15110
Event: 19.328 Thread 0x0000011cfefc2520 flushing nmethod 0x0000011c80e26e90
Event: 19.328 Thread 0x0000011cfefc2520 flushing nmethod 0x0000011c80e27990
Event: 19.328 Thread 0x0000011cfefc2520 flushing nmethod 0x0000011c80e2a210
Event: 19.328 Thread 0x0000011cfefc2520 flushing nmethod 0x0000011c80e44310
Event: 19.328 Thread 0x0000011cfefc2520 flushing nmethod 0x0000011c80e4f810
Event: 19.328 Thread 0x0000011cfefc2520 flushing nmethod 0x0000011c80e50d10
Event: 19.328 Thread 0x0000011cfefc2520 flushing nmethod 0x0000011c80e5a090
Event: 19.328 Thread 0x0000011cfefc2520 flushing nmethod 0x0000011c80e5a490
Event: 19.328 Thread 0x0000011cfefc2520 flushing nmethod 0x0000011c80e5f590
Event: 19.328 Thread 0x0000011cfefc2520 flushing nmethod 0x0000011c80e5f910
Event: 19.329 Thread 0x0000011cfefc2520 flushing nmethod 0x0000011c80f90210
Event: 21.352 Thread 0x0000011cdd382b00 Thread added: 0x0000011cdd382b00
Event: 21.463 loading class java/lang/ClassCircularityError
Event: 21.463 loading class java/lang/ClassCircularityError done


Dynamic libraries:
0x00007ff6c9a30000 - 0x00007ff6c9a40000 	C:\Program Files\Java\jdk-17\bin\java.exe
0x00007ffcb0980000 - 0x00007ffcb0be0000 	C:\WINDOWS\SYSTEM32\ntdll.dll
0x00007ffcafa70000 - 0x00007ffcafb37000 	C:\WINDOWS\System32\KERNEL32.DLL
0x00007ffcae2d0000 - 0x00007ffcae69a000 	C:\WINDOWS\System32\KERNELBASE.dll
0x00007ffcadeb0000 - 0x00007ffcadffb000 	C:\WINDOWS\System32\ucrtbase.dll
0x00007ffc9b8f0000 - 0x00007ffc9b909000 	C:\Program Files\Java\jdk-17\bin\jli.dll
0x00007ffc9b910000 - 0x00007ffc9b92b000 	C:\Program Files\Java\jdk-17\bin\VCRUNTIME140.dll
0x00007ffcaee70000 - 0x00007ffcaef22000 	C:\WINDOWS\System32\ADVAPI32.dll
0x00007ffcaf850000 - 0x00007ffcaf8f9000 	C:\WINDOWS\System32\msvcrt.dll
0x00007ffcaf010000 - 0x00007ffcaf0b6000 	C:\WINDOWS\System32\sechost.dll
0x00007ffcaec90000 - 0x00007ffcaeda6000 	C:\WINDOWS\System32\RPCRT4.dll
0x00007ffcaf0c0000 - 0x00007ffcaf28c000 	C:\WINDOWS\System32\USER32.dll
0x00007ffc990d0000 - 0x00007ffc99367000 	C:\WINDOWS\WinSxS\amd64_microsoft.windows.common-controls_6595b64144ccf1df_6.0.26100.3624_none_3e086962e3345f24\COMCTL32.dll
0x00007ffcae6a0000 - 0x00007ffcae6c7000 	C:\WINDOWS\System32\win32u.dll
0x00007ffcaee40000 - 0x00007ffcaee6a000 	C:\WINDOWS\System32\GDI32.dll
0x00007ffcadb60000 - 0x00007ffcadc91000 	C:\WINDOWS\System32\gdi32full.dll
0x00007ffcae6d0000 - 0x00007ffcae773000 	C:\WINDOWS\System32\msvcp_win.dll
0x00007ffca7d00000 - 0x00007ffca7d0b000 	C:\WINDOWS\SYSTEM32\VERSION.dll
0x00007ffcafc20000 - 0x00007ffcafc4f000 	C:\WINDOWS\System32\IMM32.DLL
0x00007ffc9d830000 - 0x00007ffc9d83c000 	C:\Program Files\Java\jdk-17\bin\vcruntime140_1.dll
0x00007ffc39320000 - 0x00007ffc393ae000 	C:\Program Files\Java\jdk-17\bin\msvcp140.dll
0x00007ffc38210000 - 0x00007ffc38df0000 	C:\Program Files\Java\jdk-17\bin\server\jvm.dll
0x00007ffcafa60000 - 0x00007ffcafa68000 	C:\WINDOWS\System32\PSAPI.DLL
0x00007ffca7cc0000 - 0x00007ffca7cf6000 	C:\WINDOWS\SYSTEM32\WINMM.dll
0x00007ffcaaa70000 - 0x00007ffcaaa7a000 	C:\WINDOWS\SYSTEM32\WSOCK32.dll
0x00007ffcaf290000 - 0x00007ffcaf304000 	C:\WINDOWS\System32\WS2_32.dll
0x00007ffcac970000 - 0x00007ffcac98a000 	C:\WINDOWS\SYSTEM32\kernel.appcore.dll
0x00007ffc9b8e0000 - 0x00007ffc9b8ea000 	C:\Program Files\Java\jdk-17\bin\jimage.dll
0x00007ffca19f0000 - 0x00007ffca1c31000 	C:\WINDOWS\SYSTEM32\DBGHELP.DLL
0x00007ffcafc70000 - 0x00007ffcafff2000 	C:\WINDOWS\System32\combase.dll
0x00007ffcafb40000 - 0x00007ffcafc16000 	C:\WINDOWS\System32\OLEAUT32.dll
0x00007ffc989a0000 - 0x00007ffc989d9000 	C:\WINDOWS\SYSTEM32\dbgcore.DLL
0x00007ffcadca0000 - 0x00007ffcadd39000 	C:\WINDOWS\System32\bcryptPrimitives.dll
0x00007ffc84ca0000 - 0x00007ffc84cc5000 	C:\Program Files\Java\jdk-17\bin\java.dll
0x00007ffc39070000 - 0x00007ffc39147000 	C:\Program Files\Java\jdk-17\bin\jsvml.dll
0x00007ffcb0160000 - 0x00007ffcb0889000 	C:\WINDOWS\System32\SHELL32.dll
0x00007ffcadd40000 - 0x00007ffcadea8000 	C:\WINDOWS\System32\wintypes.dll
0x00007ffcab7e0000 - 0x00007ffcac032000 	C:\WINDOWS\SYSTEM32\windows.storage.dll
0x00007ffcb0050000 - 0x00007ffcb013d000 	C:\WINDOWS\System32\SHCORE.dll
0x00007ffcb0890000 - 0x00007ffcb08f4000 	C:\WINDOWS\System32\shlwapi.dll
0x00007ffcada70000 - 0x00007ffcada9f000 	C:\WINDOWS\SYSTEM32\profapi.dll
0x00007ffc93860000 - 0x00007ffc93879000 	C:\Program Files\Java\jdk-17\bin\net.dll
0x00007ffca79e0000 - 0x00007ffca7afd000 	C:\WINDOWS\SYSTEM32\WINHTTP.dll
0x00007ffcace90000 - 0x00007ffcacefa000 	C:\WINDOWS\system32\mswsock.dll
0x00007ffc85070000 - 0x00007ffc85086000 	C:\Program Files\Java\jdk-17\bin\nio.dll
0x00007ffc68770000 - 0x00007ffc68788000 	C:\Program Files\Java\jdk-17\bin\zip.dll
0x00007ffc9b8d0000 - 0x00007ffc9b8e0000 	C:\Program Files\Java\jdk-17\bin\verify.dll
0x00007ffc7dae0000 - 0x00007ffc7daea000 	C:\Program Files\Java\jdk-17\bin\management.dll
0x00007ffc7cec0000 - 0x00007ffc7cecb000 	C:\Program Files\Java\jdk-17\bin\management_ext.dll
0x00007ffc912d0000 - 0x00007ffc912e8000 	C:\WINDOWS\system32\napinsp.dll
0x00007ffcac3f0000 - 0x00007ffcac515000 	C:\WINDOWS\SYSTEM32\DNSAPI.dll
0x00007ffcac3b0000 - 0x00007ffcac3e3000 	C:\WINDOWS\SYSTEM32\IPHLPAPI.DLL
0x00007ffcb0900000 - 0x00007ffcb090a000 	C:\WINDOWS\System32\NSI.dll
0x00007ffc900b0000 - 0x00007ffc900c2000 	C:\WINDOWS\System32\winrnr.dll
0x00007ffc8fa20000 - 0x00007ffc8fa50000 	C:\WINDOWS\system32\nlansp_c.dll
0x00007ffc8f830000 - 0x00007ffc8f846000 	C:\WINDOWS\system32\wshbth.dll
0x00007ffca49f0000 - 0x00007ffca49fb000 	C:\Windows\System32\rasadhlp.dll
0x00007ffca8180000 - 0x00007ffca8205000 	C:\WINDOWS\System32\fwpuclnt.dll
0x00007ffcad130000 - 0x00007ffcad14c000 	C:\WINDOWS\SYSTEM32\CRYPTSP.dll
0x00007ffcac8d0000 - 0x00007ffcac90a000 	C:\WINDOWS\system32\rsaenh.dll
0x00007ffcacf30000 - 0x00007ffcacf5b000 	C:\WINDOWS\SYSTEM32\USERENV.dll
0x00007ffcada40000 - 0x00007ffcada66000 	C:\WINDOWS\SYSTEM32\bcrypt.dll
0x00007ffcad150000 - 0x00007ffcad15c000 	C:\WINDOWS\SYSTEM32\CRYPTBASE.dll
0x00007ffca7c30000 - 0x00007ffca7c4f000 	C:\WINDOWS\SYSTEM32\dhcpcsvc6.DLL
0x00007ffca7b60000 - 0x00007ffca7b85000 	C:\WINDOWS\SYSTEM32\dhcpcsvc.DLL
0x00007ffc7c3f0000 - 0x00007ffc7c3fe000 	C:\Program Files\Java\jdk-17\bin\sunmscapi.dll
0x00007ffcae0c0000 - 0x00007ffcae237000 	C:\WINDOWS\System32\CRYPT32.dll
0x00007ffcad330000 - 0x00007ffcad360000 	C:\WINDOWS\SYSTEM32\ncrypt.dll
0x00007ffcad2e0000 - 0x00007ffcad31f000 	C:\WINDOWS\SYSTEM32\NTASN1.dll
0x00007ffc7ecc0000 - 0x00007ffc7ecc8000 	C:\WINDOWS\system32\wshunix.dll

dbghelp: loaded successfully - version: 4.0.5 - missing functions: none
symbol engine: initialized successfully - sym options: 0x614 - pdb path: .;C:\Program Files\Java\jdk-17\bin;C:\WINDOWS\SYSTEM32;C:\WINDOWS\WinSxS\amd64_microsoft.windows.common-controls_6595b64144ccf1df_6.0.26100.3624_none_3e086962e3345f24;C:\Program Files\Java\jdk-17\bin\server

VM Arguments:
jvm_args: -XX:+ShowCodeDetailsInExceptionMessages 
java_command: com.laptrinhoop.WebSalesApplication
java_class_path (initial): F:\Website\GROUP_12\target\classes;C:\Users\MSI\.m2\repository\org\apache\logging\log4j\log4j-core\2.11.1\log4j-core-2.11.1.jar;C:\Users\MSI\.m2\repository\org\apache\logging\log4j\log4j-api\2.12.1\log4j-api-2.12.1.jar;C:\Users\MSI\.m2\repository\org\springframework\boot\spring-boot-starter-amqp\2.2.1.RELEASE\spring-boot-starter-amqp-2.2.1.RELEASE.jar;C:\Users\MSI\.m2\repository\org\springframework\boot\spring-boot-starter\2.2.1.RELEASE\spring-boot-starter-2.2.1.RELEASE.jar;C:\Users\MSI\.m2\repository\org\springframework\boot\spring-boot\2.2.1.RELEASE\spring-boot-2.2.1.RELEASE.jar;C:\Users\MSI\.m2\repository\org\springframework\boot\spring-boot-autoconfigure\2.2.1.RELEASE\spring-boot-autoconfigure-2.2.1.RELEASE.jar;C:\Users\MSI\.m2\repository\org\springframework\boot\spring-boot-starter-logging\2.2.1.RELEASE\spring-boot-starter-logging-2.2.1.RELEASE.jar;C:\Users\MSI\.m2\repository\ch\qos\logback\logback-classic\1.2.3\logback-classic-1.2.3.jar;C:\Users\MSI\.m2\repository\ch\qos\logback\logback-core\1.2.3\logback-core-1.2.3.jar;C:\Users\MSI\.m2\repository\org\apache\logging\log4j\log4j-to-slf4j\2.12.1\log4j-to-slf4j-2.12.1.jar;C:\Users\MSI\.m2\repository\org\slf4j\jul-to-slf4j\1.7.29\jul-to-slf4j-1.7.29.jar;C:\Users\MSI\.m2\repository\org\yaml\snakeyaml\1.25\snakeyaml-1.25.jar;C:\Users\MSI\.m2\repository\org\springframework\spring-messaging\5.2.1.RELEASE\spring-messaging-5.2.1.RELEASE.jar;C:\Users\MSI\.m2\repository\org\springframework\spring-beans\5.2.1.RELEASE\spring-beans-5.2.1.RELEASE.jar;C:\Users\MSI\.m2\repository\org\springframework\amqp\spring-rabbit\2.2.1.RELEASE\spring-rabbit-2.2.1.RELEASE.jar;C:\Users\MSI\.m2\repository\com\rabbitmq\amqp-client\5.7.3\amqp-client-5.7.3.jar;C:\Users\MSI\.m2\repository\org\springframework\amqp\spring-amqp\2.2.1.RELEASE\spring-amqp-2.2.1.RELEASE.jar;C:\Users\MSI\.m2\repository\org\springframework\retry\spring-retry\1.2.4.RELEASE\spring-retry-1.2.4.RELEASE.jar;C:\Users\MSI\.m2\repository\org\springfr
Launcher Type: SUN_STANDARD

[Global flags]
     intx CICompilerCount                          = 12                                        {product} {ergonomic}
     uint ConcGCThreads                            = 3                                         {product} {ergonomic}
     uint G1ConcRefinementThreads                  = 13                                        {product} {ergonomic}
   size_t G1HeapRegionSize                         = 2097152                                   {product} {ergonomic}
    uintx GCDrainStackTargetSize                   = 64                                        {product} {ergonomic}
   size_t InitialHeapSize                          = 260046848                                 {product} {ergonomic}
   size_t MarkStackSize                            = 4194304                                   {product} {ergonomic}
   size_t MaxHeapSize                              = 4131389440                                {product} {ergonomic}
   size_t MaxNewSize                               = 2478833664                                {product} {ergonomic}
   size_t MinHeapDeltaBytes                        = 2097152                                   {product} {ergonomic}
   size_t MinHeapSize                              = 8388608                                   {product} {ergonomic}
    uintx NonNMethodCodeHeapSize                   = 7602480                                {pd product} {ergonomic}
    uintx NonProfiledCodeHeapSize                  = 122027880                              {pd product} {ergonomic}
    uintx ProfiledCodeHeapSize                     = 122027880                              {pd product} {ergonomic}
    uintx ReservedCodeCacheSize                    = 251658240                              {pd product} {ergonomic}
     bool SegmentedCodeCache                       = true                                      {product} {ergonomic}
     bool ShowCodeDetailsInExceptionMessages       = true                                   {manageable} {command line}
   size_t SoftMaxHeapSize                          = 4131389440                             {manageable} {ergonomic}
     bool UseCompressedClassPointers               = true                           {product lp64_product} {ergonomic}
     bool UseCompressedOops                        = true                           {product lp64_product} {ergonomic}
     bool UseG1GC                                  = true                                      {product} {ergonomic}
     bool UseLargePagesIndividualAllocation        = false                                  {pd product} {ergonomic}

Logging:
Log output configuration:
 #0: stdout all=warning uptime,level,tags
 #1: stderr all=off uptime,level,tags

Environment Variables:
JAVA_HOME=C:\Program Files\Java\jdk-17
PATH=C:\Program Files\Common Files\Oracle\Java\javapath;C:\Program Files (x86)\VMware\VMware Workstation\bin\;C:\Program Files\Microsoft MPI\Bin\;C:\WINDOWS\system32;C:\WINDOWS;C:\WINDOWS\System32\Wbem;C:\WINDOWS\System32\WindowsPowerShell\v1.0\;C:\WINDOWS\System32\OpenSSH\;C:\Program Files\nodejs\;C:\Program Files (x86)\Microsoft SQL Server\160\Tools\Binn\;C:\Program Files\Microsoft SQL Server\160\Tools\Binn\;C:\Program Files\Microsoft SQL Server\Client SDK\ODBC\170\Tools\Binn\;C:\Program Files\Microsoft SQL Server\160\DTS\Binn\;C:\Program Files (x86)\Microsoft SQL Server\160\DTS\Binn\;C:\Program Files\Git LFS;C:\Program Files\Git\cmd;C:\Program Files\PowerShell\7\;C:\Program Files\Java\jdk-17\bin;C:\Program Files\MySQL\MySQL Shell 8.0\bin\;C:\Users\MSI\AppData\Local\Programs\Python\Python313;C:\Users\MSI\AppData\Local\Microsoft\WindowsApps;C:\Users\MSI\AppData\Local\Programs\Microsoft VS Code\bin;C:\Users\MSI\AppData\Roaming\npm;C:\Program Files\JetBrains\IntelliJ IDEA 2024.3.1.1\bin;;
USERNAME=MSI
LANG=en_US.UTF-8
OS=Windows_NT
PROCESSOR_IDENTIFIER=AMD64 Family 25 Model 80 Stepping 0, AuthenticAMD



---------------  S Y S T E M  ---------------

OS:
 Windows 11 , 64 bit Build 26100 (10.0.26100.3775)
OS uptime: 0 days 0:11 hours
Hyper-V role detected

CPU: total 16 (initial active 16) (16 cores per cpu, 2 threads per core) family 25 model 80 stepping 0 microcode 0xa50000c, cx8, cmov, fxsr, ht, mmx, 3dnowpref, sse, sse2, sse3, ssse3, sse4a, sse4.1, sse4.2, popcnt, lzcnt, tsc, tscinvbit, avx, avx2, aes, erms, clmul, bmi1, bmi2, adx, sha, fma, vzeroupper, clflush, clflushopt, hv

Memory: 4k page, system-wide physical 15752M (4006M free)
TotalPageFile size 15752M (AvailPageFile size 23M)
current process WorkingSet (physical memory assigned to process): 354M, peak: 357M
current process commit charge ("private bytes"): 436M, peak: 456M

vm_info: Java HotSpot(TM) 64-Bit Server VM (17.0.11+7-LTS-207) for windows-amd64 JRE (17.0.11+7-LTS-207), built on Mar 11 2024 19:01:50 by "mach5one" with MS VC++ 17.6 (VS2022)

END.
